[35m[1mConsolidate compiler generated dependencies of target lightning__rosidl_generator_c[0m
[  1%] Built target lightning__rs
[  4%] Built target lightning__rosidl_generator_c
[  5%] Built target lightning__cpp
[  5%] Built target ament_cmake_python_copy_lightning
[  5%] Built target livox_interfaces2__rs
[35m[1mConsolidate compiler generated dependencies of target livox_interfaces2__rosidl_generator_c[0m
[  8%] Built target livox_interfaces2__rosidl_generator_c
[  9%] Built target livox_interfaces2__cpp
[35m[1mConsolidate compiler generated dependencies of target miao.utils[0m
[  9%] Built target ament_cmake_python_copy_livox_ros_driver2
[ 10%] Built target miao.utils
[35m[1mConsolidate compiler generated dependencies of target lightning__rosidl_typesupport_fastrtps_c[0m
[35m[1mConsolidate compiler generated dependencies of target miao.core[0m
[ 13%] Built target lightning__rosidl_typesupport_fastrtps_c
[35m[1mConsolidate compiler generated dependencies of target lightning__rosidl_typesupport_fastrtps_cpp[0m
[ 20%] Built target miao.core
[ 23%] Built target lightning__rosidl_typesupport_fastrtps_cpp
[35m[1mConsolidate compiler generated dependencies of target lightning__rosidl_typesupport_introspection_c[0m
[35m[1mConsolidate compiler generated dependencies of target lightning__rosidl_typesupport_c[0m
[ 26%] Built target lightning__rosidl_typesupport_introspection_c
[ 29%] Built target lightning__rosidl_typesupport_c
[35m[1mConsolidate compiler generated dependencies of target lightning__rosidl_typesupport_introspection_cpp[0m
[35m[1mConsolidate compiler generated dependencies of target lightning__rosidl_typesupport_cpp[0m
[ 32%] Built target lightning__rosidl_typesupport_introspection_cpp
[ 35%] Built target lightning__rosidl_typesupport_cpp
[35m[1mConsolidate compiler generated dependencies of target livox_interfaces2__rosidl_typesupport_fastrtps_c[0m
[ 38%] Built target livox_interfaces2__rosidl_typesupport_fastrtps_c
[35m[1mConsolidate compiler generated dependencies of target livox_interfaces2__rosidl_typesupport_fastrtps_cpp[0m
[ 41%] Built target livox_interfaces2__rosidl_typesupport_fastrtps_cpp
[35m[1mConsolidate compiler generated dependencies of target livox_interfaces2__rosidl_typesupport_introspection_c[0m
[ 44%] Built target livox_interfaces2__rosidl_typesupport_introspection_c
[35m[1mConsolidate compiler generated dependencies of target livox_interfaces2__rosidl_typesupport_c[0m
[ 47%] Built target livox_interfaces2__rosidl_typesupport_c
[35m[1mConsolidate compiler generated dependencies of target livox_interfaces2__rosidl_typesupport_introspection_cpp[0m
[ 50%] Built target livox_interfaces2__rosidl_typesupport_introspection_cpp
[35m[1mConsolidate compiler generated dependencies of target livox_interfaces2__rosidl_typesupport_cpp[0m
[ 53%] Built target livox_interfaces2__rosidl_typesupport_cpp
running egg_info
writing lightning.egg-info/PKG-INFO
writing dependency_links to lightning.egg-info/dependency_links.txt
writing top-level names to lightning.egg-info/top_level.txt
reading manifest file 'lightning.egg-info/SOURCES.txt'
writing manifest file 'lightning.egg-info/SOURCES.txt'
[ 53%] Built target ament_cmake_python_build_lightning_egg
[35m[1mConsolidate compiler generated dependencies of target lightning.libs[0m
running egg_info
writing livox_ros_driver2.egg-info/PKG-INFO
writing dependency_links to livox_ros_driver2.egg-info/dependency_links.txt
writing top-level names to livox_ros_driver2.egg-info/top_level.txt
reading manifest file 'livox_ros_driver2.egg-info/SOURCES.txt'
writing manifest file 'livox_ros_driver2.egg-info/SOURCES.txt'
[ 53%] Built target ament_cmake_python_build_livox_ros_driver2_egg
[ 53%] Built target lightning
[ 53%] Built target livox_interfaces2
[ 76%] Built target lightning.libs
[ 77%] Built target lightning__py
[ 77%] Built target livox_interfaces2__py
[35m[1mConsolidate compiler generated dependencies of target run_frontend_offline[0m
[35m[1mConsolidate compiler generated dependencies of target run_loop_offline[0m
[ 79%] Built target run_frontend_offline
[ 80%] Built target run_loop_offline
[35m[1mConsolidate compiler generated dependencies of target run_slam_offline[0m
[35m[1mConsolidate compiler generated dependencies of target run_slam_online[0m
[ 83%] Built target run_slam_online
[ 83%] Built target run_slam_offline
[35m[1mConsolidate compiler generated dependencies of target run_loc_online[0m
[35m[1mConsolidate compiler generated dependencies of target run_loc_offline[0m
[ 85%] Built target run_loc_offline
[ 86%] Built target run_loc_online
[35m[1mConsolidate compiler generated dependencies of target test_ui[0m
[ 88%] Built target test_ui
[35m[1mConsolidate compiler generated dependencies of target lightning__rosidl_generator_py[0m
[35m[1mConsolidate compiler generated dependencies of target livox_interfaces2__rosidl_generator_py[0m
[ 92%] Built target lightning__rosidl_generator_py
[ 92%] Built target livox_interfaces2__rosidl_generator_py
[35m[1mConsolidate compiler generated dependencies of target livox_ros_driver2__rosidl_typesupport_introspection_c__pyext[0m
[35m[1mConsolidate compiler generated dependencies of target livox_ros_driver2__rosidl_typesupport_fastrtps_c__pyext[0m
[ 95%] Built target livox_ros_driver2__rosidl_typesupport_fastrtps_c__pyext
[ 95%] Built target livox_ros_driver2__rosidl_typesupport_introspection_c__pyext
[35m[1mConsolidate compiler generated dependencies of target livox_ros_driver2__rosidl_typesupport_c__pyext[0m
[ 97%] Built target livox_ros_driver2__rosidl_typesupport_c__pyext
[35m[1mConsolidate compiler generated dependencies of target lightning__rosidl_typesupport_fastrtps_c__pyext[0m
[35m[1mConsolidate compiler generated dependencies of target lightning__rosidl_typesupport_introspection_c__pyext[0m
[ 99%] Built target lightning__rosidl_typesupport_fastrtps_c__pyext
[ 99%] Built target lightning__rosidl_typesupport_introspection_c__pyext
[35m[1mConsolidate compiler generated dependencies of target lightning__rosidl_typesupport_c__pyext[0m
[100%] Built target lightning__rosidl_typesupport_c__pyext
