[0.012s] Invoking command in '/home/chen/sentry_try/sentry_ws/build/can_comm': AMENT_PREFIX_PATH=/home/chen/sentry_try/sentry_ws/install/sentry_msgs:${AMENT_PREFIX_PATH} CMAKE_PREFIX_PATH=/home/chen/sentry_try/sentry_ws/install/sentry_msgs:/opt/ros/humble LD_LIBRARY_PATH=/home/chen/sentry_try/sentry_ws/install/sentry_msgs/lib:${LD_LIBRARY_PATH} PYTHONPATH=/home/chen/sentry_try/sentry_ws/install/sentry_msgs/local/lib/python3.10/dist-packages:${PYTHONPATH} /usr/bin/cmake --build /home/chen/sentry_try/sentry_ws/build/can_comm -- -j16 -l16
[0.033s] -- Found ament_cmake: 1.3.14 (/opt/ros/humble/share/ament_cmake/cmake)
[0.118s] -- Found rclcpp: 16.0.19 (/opt/ros/humble/share/rclcpp/cmake)
[0.145s] -- Found rosidl_generator_c: 3.1.8 (/opt/ros/humble/share/rosidl_generator_c/cmake)
[0.147s] -- Found rosidl_adapter: 3.1.8 (/opt/ros/humble/share/rosidl_adapter/cmake)
[0.152s] -- Found rosidl_generator_cpp: 3.1.8 (/opt/ros/humble/share/rosidl_generator_cpp/cmake)
[0.160s] -- Using all available rosidl_typesupport_c: rosidl_typesupport_fastrtps_c;rosidl_typesupport_introspection_c
[0.168s] -- Using all available rosidl_typesupport_cpp: rosidl_typesupport_fastrtps_cpp;rosidl_typesupport_introspection_cpp
[0.186s] -- Found rmw_implementation_cmake: 6.1.2 (/opt/ros/humble/share/rmw_implementation_cmake/cmake)
[0.187s] -- Found rmw_fastrtps_cpp: 6.2.10 (/opt/ros/humble/share/rmw_fastrtps_cpp/cmake)
[0.274s] -- Using RMW implementation 'rmw_fastrtps_cpp' as default
[0.303s] -- Found geometry_msgs: 4.9.1 (/opt/ros/humble/share/geometry_msgs/cmake)
[0.311s] -- Found sentry_msgs: 0.0.2 (/home/chen/sentry_try/sentry_ws/install/sentry_msgs/share/sentry_msgs/cmake)
[0.359s] -- Configuring done
[0.367s] -- Generating done
[0.370s] -- Build files have been written to: /home/chen/sentry_try/sentry_ws/build/can_comm
[0.392s] [35m[1mConsolidate compiler generated dependencies of target can_receive_node[0m
[0.401s] [ 25%] [32mBuilding CXX object CMakeFiles/can_send_node.dir/src/can_send.cpp.o[0m
[0.408s] [ 75%] Built target can_receive_node
[0.581s] In file included from [01m[K/home/chen/sentry_try/sentry_ws/src/can_comm/librm/src/librm/hal/can.hpp:31[m[K,
[0.581s]                  from [01m[K/home/chen/sentry_try/sentry_ws/src/can_comm/librm/src/librm.hpp:39[m[K,
[0.581s]                  from [01m[K/home/chen/sentry_try/sentry_ws/src/can_comm/src/can_send.cpp:8[m[K:
[0.581s] [01m[K/home/chen/sentry_try/sentry_ws/src/can_comm/librm/src/librm/hal/can_interface.hpp:36:10:[m[K [01;31m[Kfatal error: [m[Ketl/array.h: 没有那个文件或目录
[0.581s]    36 | #include [01;31m[K<etl/array.h>[m[K
[0.581s]       |          [01;31m[K^~~~~~~~~~~~~[m[K
[0.581s] compilation terminated.
[0.586s] gmake[2]: *** [CMakeFiles/can_send_node.dir/build.make:76：CMakeFiles/can_send_node.dir/src/can_send.cpp.o] 错误 1
[0.586s] gmake[1]: *** [CMakeFiles/Makefile2:165：CMakeFiles/can_send_node.dir/all] 错误 2
[0.586s] gmake: *** [Makefile:146：all] 错误 2
[0.590s] Invoked command in '/home/chen/sentry_try/sentry_ws/build/can_comm' returned '2': AMENT_PREFIX_PATH=/home/chen/sentry_try/sentry_ws/install/sentry_msgs:${AMENT_PREFIX_PATH} CMAKE_PREFIX_PATH=/home/chen/sentry_try/sentry_ws/install/sentry_msgs:/opt/ros/humble LD_LIBRARY_PATH=/home/chen/sentry_try/sentry_ws/install/sentry_msgs/lib:${LD_LIBRARY_PATH} PYTHONPATH=/home/chen/sentry_try/sentry_ws/install/sentry_msgs/local/lib/python3.10/dist-packages:${PYTHONPATH} /usr/bin/cmake --build /home/chen/sentry_try/sentry_ws/build/can_comm -- -j16 -l16
