[0.013s] Invoking command in '/home/chen/sentry_try/sentry_ws/build/fast_lio': AMENT_PREFIX_PATH=/home/chen/sentry_try/sentry_ws/install/livox_ros_driver2:${AMENT_PREFIX_PATH} CMAKE_PREFIX_PATH=/home/chen/sentry_try/sentry_ws/install/livox_ros_driver2:/home/chen/sentry_try/sentry_ws/install/sentry_msgs:/opt/ros/humble LD_LIBRARY_PATH=/home/chen/sentry_try/sentry_ws/install/livox_ros_driver2/lib:${LD_LIBRARY_PATH} PYTHONPATH=/home/chen/sentry_try/sentry_ws/install/livox_ros_driver2/local/lib/python3.10/dist-packages:${PYTHONPATH} /usr/bin/cmake /home/chen/sentry_try/sentry_ws/src/FAST_LIO -DCMAKE_INSTALL_PREFIX=/home/chen/sentry_try/sentry_ws/install/fast_lio
[0.080s] -- The C compiler identification is GNU 11.4.0
[0.137s] -- The CXX compiler identification is GNU 11.4.0
[0.149s] -- Detecting C compiler ABI info
[0.210s] -- Detecting C compiler ABI info - done
[0.214s] -- Check for working C compiler: /usr/bin/cc - skipped
[0.214s] -- Detecting C compile features
[0.215s] -- Detecting C compile features - done
[0.218s] -- Detecting CXX compiler ABI info
[0.281s] -- Detecting CXX compiler ABI info - done
[0.286s] -- Check for working CXX compiler: /usr/bin/c++ - skipped
[0.286s] -- Detecting CXX compile features
[0.286s] -- Detecting CXX compile features - done
[0.287s] [0mCurrent CPU archtecture: x86_64[0m
[0.301s] [0mProcesser number:  16[0m
[0.301s] [0mcore for MP: 3[0m
[0.619s] -- Found PythonLibs: /usr/lib/x86_64-linux-gnu/libpython3.10.so (found version "3.10.12") 
[0.621s] -- Found ament_cmake: 1.3.14 (/opt/ros/humble/share/ament_cmake/cmake)
[0.725s] -- Found Python3: /usr/bin/python3 (found version "3.10.12") found components: Interpreter 
[0.795s] -- Found rclcpp: 16.0.19 (/opt/ros/humble/share/rclcpp/cmake)
[1.936s] -- Found rosidl_generator_c: 3.1.8 (/opt/ros/humble/share/rosidl_generator_c/cmake)
[1.946s] -- Found rosidl_adapter: 3.1.8 (/opt/ros/humble/share/rosidl_adapter/cmake)
[2.531s] -- Found rosidl_generator_cpp: 3.1.8 (/opt/ros/humble/share/rosidl_generator_cpp/cmake)
[2.936s] -- Using all available rosidl_typesupport_c: rosidl_typesupport_fastrtps_c;rosidl_typesupport_introspection_c
[3.712s] -- Using all available rosidl_typesupport_cpp: rosidl_typesupport_fastrtps_cpp;rosidl_typesupport_introspection_cpp
[4.332s] -- Found rmw_implementation_cmake: 6.1.2 (/opt/ros/humble/share/rmw_implementation_cmake/cmake)
[4.334s] -- Found rmw_fastrtps_cpp: 6.2.10 (/opt/ros/humble/share/rmw_fastrtps_cpp/cmake)
[4.524s] -- Found OpenSSL: /usr/lib/x86_64-linux-gnu/libcrypto.so (found version "3.0.2")  
[4.546s] -- Found FastRTPS: /opt/ros/humble/include  
[4.588s] -- Using RMW implementation 'rmw_fastrtps_cpp' as default
[4.595s] -- Looking for pthread.h
[4.656s] -- Looking for pthread.h - found
[4.657s] -- Performing Test CMAKE_HAVE_LIBC_PTHREAD
[4.713s] -- Performing Test CMAKE_HAVE_LIBC_PTHREAD - Success
[4.714s] -- Found Threads: TRUE  
[4.748s] -- Found rclcpp_components: 16.0.19 (/opt/ros/humble/share/rclcpp_components/cmake)
[4.771s] -- Found geometry_msgs: 4.9.1 (/opt/ros/humble/share/geometry_msgs/cmake)
[4.779s] -- Found nav_msgs: 4.9.1 (/opt/ros/humble/share/nav_msgs/cmake)
[4.791s] -- Found sensor_msgs: 4.9.1 (/opt/ros/humble/share/sensor_msgs/cmake)
[4.802s] -- Found std_srvs: 4.9.1 (/opt/ros/humble/share/std_srvs/cmake)
[4.809s] -- Found visualization_msgs: 4.9.1 (/opt/ros/humble/share/visualization_msgs/cmake)
[4.825s] -- Found pcl_ros: 2.4.5 (/opt/ros/humble/share/pcl_ros/cmake)
[4.859s] -- Checking for module 'eigen3'
[4.871s] --   Found eigen3, version 3.4.0
[4.905s] -- Found Eigen: /usr/include/eigen3 (Required is at least version "3.1") 
[4.905s] -- Eigen found (include: /usr/include/eigen3, version: 3.4.0)
[4.939s] -- Checking for module 'flann'
[4.953s] --   Found flann, version 1.9.1
[4.994s] -- Found FLANN: /usr/lib/x86_64-linux-gnu/libflann_cpp.so  
[4.994s] -- FLANN found (include: /usr/include, lib: /usr/lib/x86_64-linux-gnu/libflann_cpp.so)
[5.801s] -- Checking for module 'libusb-1.0'
[5.815s] --   Found libusb-1.0, version 1.0.25
[5.854s] -- Found libusb: /usr/lib/x86_64-linux-gnu/libusb-1.0.so  
[5.855s] -- OpenNI found (version: 1.5.4.0, include: /usr/include/ni, lib: /usr/lib/libOpenNI.so;libusb::libusb)
[5.909s] -- OpenNI2 found (version: 2.2.0.33, include: /usr/include/openni2, lib: /usr/lib/x86_64-linux-gnu/libOpenNI2.so;libusb::libusb)
[6.027s] -- Eigen found (include: /usr/include/eigen3, version: 3.4.0)
[6.032s] -- OpenNI found (version: 1.5.4.0, include: /usr/include/ni, lib: /usr/lib/libOpenNI.so;libusb::libusb)
[6.038s] -- OpenNI2 found (version: 2.2.0.33, include: /usr/include/openni2, lib: /usr/lib/x86_64-linux-gnu/libOpenNI2.so;libusb::libusb)
[6.142s] -- Found Qhull version 8.0.2
[6.253s] -- OpenNI found (version: 1.5.4.0, include: /usr/include/ni, lib: /usr/lib/libOpenNI.so;libusb::libusb)
[6.354s] -- Found PCL_COMMON: /usr/lib/x86_64-linux-gnu/libpcl_common.so  
[6.355s] -- Found PCL_KDTREE: /usr/lib/x86_64-linux-gnu/libpcl_kdtree.so  
[6.355s] -- Found PCL_OCTREE: /usr/lib/x86_64-linux-gnu/libpcl_octree.so  
[6.356s] -- Found PCL_SEARCH: /usr/lib/x86_64-linux-gnu/libpcl_search.so  
[6.356s] -- Found PCL_SAMPLE_CONSENSUS: /usr/lib/x86_64-linux-gnu/libpcl_sample_consensus.so  
[6.357s] -- Found PCL_FILTERS: /usr/lib/x86_64-linux-gnu/libpcl_filters.so  
[6.357s] -- Found PCL_2D: /usr/include/pcl-1.12  
[6.357s] -- Found PCL_GEOMETRY: /usr/include/pcl-1.12  
[6.358s] -- Found PCL_IO: /usr/lib/x86_64-linux-gnu/libpcl_io.so  
[6.358s] -- Found PCL_FEATURES: /usr/lib/x86_64-linux-gnu/libpcl_features.so  
[6.359s] -- Found PCL_ML: /usr/lib/x86_64-linux-gnu/libpcl_ml.so  
[6.359s] -- Found PCL_SEGMENTATION: /usr/lib/x86_64-linux-gnu/libpcl_segmentation.so  
[6.360s] -- Found PCL_VISUALIZATION: /usr/lib/x86_64-linux-gnu/libpcl_visualization.so  
[6.361s] -- Found PCL_SURFACE: /usr/lib/x86_64-linux-gnu/libpcl_surface.so  
[6.361s] -- Found PCL_REGISTRATION: /usr/lib/x86_64-linux-gnu/libpcl_registration.so  
[6.362s] -- Found PCL_KEYPOINTS: /usr/lib/x86_64-linux-gnu/libpcl_keypoints.so  
[6.362s] -- Found PCL_TRACKING: /usr/lib/x86_64-linux-gnu/libpcl_tracking.so  
[6.363s] -- Found PCL_RECOGNITION: /usr/lib/x86_64-linux-gnu/libpcl_recognition.so  
[6.364s] -- Found PCL_STEREO: /usr/lib/x86_64-linux-gnu/libpcl_stereo.so  
[6.364s] -- Found PCL_APPS: /usr/lib/x86_64-linux-gnu/libpcl_apps.so  
[6.365s] -- Found PCL_IN_HAND_SCANNER: /usr/include/pcl-1.12  
[6.365s] -- Found PCL_MODELER: /usr/include/pcl-1.12  
[6.365s] -- Found PCL_POINT_CLOUD_EDITOR: /usr/include/pcl-1.12  
[6.366s] -- Found PCL_OUTOFCORE: /usr/lib/x86_64-linux-gnu/libpcl_outofcore.so  
[6.366s] -- Found PCL_PEOPLE: /usr/lib/x86_64-linux-gnu/libpcl_people.so  
[6.393s] -- Found eigen3_cmake_module: 0.1.1 (/opt/ros/humble/share/eigen3_cmake_module/cmake)
[6.394s] -- Found Eigen3: TRUE (found version "3.4.0") 
[6.394s] -- Ensuring Eigen3 include directory is part of orocos-kdl CMake target
[6.441s] -- Found livox_ros_driver2: 1.0.0 (/home/chen/sentry_try/sentry_ws/install/livox_ros_driver2/share/livox_ros_driver2/cmake)
[6.455s] -- Found rosidl_default_generators: 1.2.1 (/opt/ros/humble/share/rosidl_default_generators/cmake)
[6.464s] [33mCMake Warning (dev) at CMakeLists.txt:81 (find_package):
[6.464s]   Policy CMP0074 is not set: find_package uses <PackageName>_ROOT variables.
[6.464s]   Run "cmake --help-policy CMP0074" for policy details.  Use the cmake_policy
[6.464s]   command to set the policy and suppress this warning.
[6.464s] 
[6.464s]   CMake variable PCL_ROOT is set to:
[6.464s] 
[6.465s]     /usr
[6.465s] 
[6.465s]   For compatibility, CMake is ignoring the variable.
[6.465s] This warning is for project developers.  Use -Wno-dev to suppress it.
[6.465s] [0m
[6.471s] [0mEigen:/usr/include/eigen3[0m
[6.471s] -- PCL: /usr/include/pcl-1.12
[6.655s] -- Found ament_cmake_ros: 0.10.0 (/opt/ros/humble/share/ament_cmake_ros/cmake)
[6.879s] -- Using all available rosidl_typesupport_c: rosidl_typesupport_fastrtps_c;rosidl_typesupport_introspection_c
[6.965s] -- Using all available rosidl_typesupport_cpp: rosidl_typesupport_fastrtps_cpp;rosidl_typesupport_introspection_cpp
[6.983s] -- Found PythonInterp: /usr/bin/python3 (found suitable version "3.10.12", minimum required is "3.6") 
[6.988s] -- Found python_cmake_module: 0.10.0 (/opt/ros/humble/share/python_cmake_module/cmake)
[7.008s] -- Found PythonLibs: /usr/lib/x86_64-linux-gnu/libpython3.10.so (found suitable version "3.10.12", minimum required is "3.5") 
[7.008s] -- Using PYTHON_EXECUTABLE: /usr/bin/python3
[7.008s] -- Using PYTHON_INCLUDE_DIRS: /usr/include/python3.10
[7.008s] -- Using PYTHON_LIBRARIES: /usr/lib/x86_64-linux-gnu/libpython3.10.so
[7.026s] -- Found PythonExtra: .so  
[7.121s] -- Configuring done
[7.200s] -- Generating done
[7.215s] -- Build files have been written to: /home/chen/sentry_try/sentry_ws/build/fast_lio
