[0.035s] Invoking command in '/home/chen/sentry_try/sentry_ws/build/costmap_voxel': CMAKE_PREFIX_PATH=/opt/ros/humble /usr/bin/cmake --build /home/chen/sentry_try/sentry_ws/build/costmap_voxel -- -j16 -l16
[0.135s] [ 50%] [32mBuilding CXX object CMakeFiles/costmap_voxel_layer.dir/src/voxel_filter_layer.cpp.o[0m
[16.353s] [100%] [32m[1mLinking CXX shared library libcostmap_voxel_layer.so[0m
[16.973s] [100%] Built target costmap_voxel_layer
[16.983s] Invoked command in '/home/chen/sentry_try/sentry_ws/build/costmap_voxel' returned '0': CMAKE_PREFIX_PATH=/opt/ros/humble /usr/bin/cmake --build /home/chen/sentry_try/sentry_ws/build/costmap_voxel -- -j16 -l16
[16.990s] Invoking command in '/home/chen/sentry_try/sentry_ws/build/costmap_voxel': CMAKE_PREFIX_PATH=/opt/ros/humble /usr/bin/cmake --install /home/chen/sentry_try/sentry_ws/build/costmap_voxel
[16.998s] -- Install configuration: "Release"
[17.002s] -- Up-to-date: /home/chen/sentry_try/sentry_ws/install/costmap_voxel/share/costmap_voxel/resource/costmap_voxel_plugins.xml
[17.007s] -- Installing: /home/chen/sentry_try/sentry_ws/install/costmap_voxel/lib/libcostmap_voxel_layer.so
[17.009s] -- Set runtime path of "/home/chen/sentry_try/sentry_ws/install/costmap_voxel/lib/libcostmap_voxel_layer.so" to ""
[17.009s] -- Up-to-date: /home/chen/sentry_try/sentry_ws/install/costmap_voxel/include
[17.010s] -- Up-to-date: /home/chen/sentry_try/sentry_ws/install/costmap_voxel/include/costmap_voxel
[17.010s] -- Up-to-date: /home/chen/sentry_try/sentry_ws/install/costmap_voxel/include/costmap_voxel/voxel_filter_layer.hpp
[17.010s] -- Up-to-date: /home/chen/sentry_try/sentry_ws/install/costmap_voxel/share/costmap_voxel/costmap_voxel_plugins.xml
[17.010s] -- Installing: /home/chen/sentry_try/sentry_ws/install/costmap_voxel/share/ament_index/resource_index/packages/costmap_voxel
[17.017s] -- Up-to-date: /home/chen/sentry_try/sentry_ws/install/costmap_voxel/share/ament_index/resource_index/package_run_dependencies/costmap_voxel
[17.019s] -- Installing: /home/chen/sentry_try/sentry_ws/install/costmap_voxel/share/ament_index/resource_index/parent_prefix_path/costmap_voxel
[17.022s] -- Up-to-date: /home/chen/sentry_try/sentry_ws/install/costmap_voxel/share/costmap_voxel/environment/ament_prefix_path.sh
[17.022s] -- Installing: /home/chen/sentry_try/sentry_ws/install/costmap_voxel/share/costmap_voxel/environment/ament_prefix_path.dsv
[17.022s] -- Up-to-date: /home/chen/sentry_try/sentry_ws/install/costmap_voxel/share/costmap_voxel/environment/path.sh
[17.023s] -- Installing: /home/chen/sentry_try/sentry_ws/install/costmap_voxel/share/costmap_voxel/environment/path.dsv
[17.023s] -- Up-to-date: /home/chen/sentry_try/sentry_ws/install/costmap_voxel/share/costmap_voxel/local_setup.bash
[17.023s] -- Up-to-date: /home/chen/sentry_try/sentry_ws/install/costmap_voxel/share/costmap_voxel/local_setup.sh
[17.023s] -- Up-to-date: /home/chen/sentry_try/sentry_ws/install/costmap_voxel/share/costmap_voxel/local_setup.zsh
[17.023s] -- Installing: /home/chen/sentry_try/sentry_ws/install/costmap_voxel/share/costmap_voxel/local_setup.dsv
[17.025s] -- Installing: /home/chen/sentry_try/sentry_ws/install/costmap_voxel/share/costmap_voxel/package.dsv
[17.026s] -- Installing: /home/chen/sentry_try/sentry_ws/install/costmap_voxel/share/ament_index/resource_index/packages/costmap_voxel
[17.028s] -- Up-to-date: /home/chen/sentry_try/sentry_ws/install/costmap_voxel/share/ament_index/resource_index/nav2_costmap_2d__pluginlib__plugin/costmap_voxel
[17.029s] -- Up-to-date: /home/chen/sentry_try/sentry_ws/install/costmap_voxel/share/costmap_voxel/cmake/costmap_voxelConfig.cmake
[17.029s] -- Up-to-date: /home/chen/sentry_try/sentry_ws/install/costmap_voxel/share/costmap_voxel/cmake/costmap_voxelConfig-version.cmake
[17.029s] -- Up-to-date: /home/chen/sentry_try/sentry_ws/install/costmap_voxel/share/costmap_voxel/package.xml
[17.032s] Invoked command in '/home/chen/sentry_try/sentry_ws/build/costmap_voxel' returned '0': CMAKE_PREFIX_PATH=/opt/ros/humble /usr/bin/cmake --install /home/chen/sentry_try/sentry_ws/build/costmap_voxel
