[0.012s] Invoking command in '/home/chen/sentry_try/sentry_ws/build/fast_lio': AMENT_PREFIX_PATH=/home/chen/sentry_try/sentry_ws/install/livox_ros_driver2:${AMENT_PREFIX_PATH} CMAKE_PREFIX_PATH=/home/chen/sentry_try/sentry_ws/install/livox_ros_driver2:/opt/ros/humble LD_LIBRARY_PATH=/home/chen/sentry_try/sentry_ws/install/livox_ros_driver2/lib:${LD_LIBRARY_PATH} PYTHONPATH=/home/chen/sentry_try/sentry_ws/install/livox_ros_driver2/local/lib/python3.10/dist-packages:${PYTHONPATH} /usr/bin/cmake --build /home/chen/sentry_try/sentry_ws/build/fast_lio -- -j16 -l16
[0.056s] [  8%] Built target fast_lio__cpp
[0.056s] [  8%] Built target fast_lio__rs
[0.056s] [ 13%] Built target fast_lio__rosidl_generator_c
[0.079s] [ 13%] Built target ament_cmake_python_copy_fast_lio
[0.081s] [ 30%] Built target fast_lio__rosidl_typesupport_c
[0.081s] [ 30%] Built target fast_lio__rosidl_typesupport_fastrtps_c
[0.081s] [ 41%] Built target fast_lio__rosidl_typesupport_fastrtps_cpp
[0.081s] [ 47%] Built target fast_lio__rosidl_typesupport_introspection_c
[0.081s] [ 55%] Built target fast_lio__rosidl_typesupport_cpp
[0.082s] [ 63%] Built target fast_lio__rosidl_typesupport_introspection_cpp
[0.104s] [ 63%] Built target fast_lio
[0.354s] [ 66%] Built target fast_lio__py
[0.434s] running egg_info
[0.434s] writing fast_lio.egg-info/PKG-INFO
[0.435s] writing dependency_links to fast_lio.egg-info/dependency_links.txt
[0.435s] writing top-level names to fast_lio.egg-info/top_level.txt
[0.436s] reading manifest file 'fast_lio.egg-info/SOURCES.txt'
[0.594s] writing manifest file 'fast_lio.egg-info/SOURCES.txt'
[0.615s] [ 66%] Built target ament_cmake_python_build_fast_lio_egg
[0.848s] [ 72%] Built target fast_lio__rosidl_generator_py
[1.321s] [ 88%] Built target fast_lio__rosidl_typesupport_c__pyext
[1.321s] [ 88%] Built target fast_lio__rosidl_typesupport_fastrtps_c__pyext
[1.321s] [ 88%] Built target fast_lio__rosidl_typesupport_introspection_c__pyext
[2.267s] [100%] Built target fastlio_mapping
[2.278s] Invoked command in '/home/chen/sentry_try/sentry_ws/build/fast_lio' returned '0': AMENT_PREFIX_PATH=/home/chen/sentry_try/sentry_ws/install/livox_ros_driver2:${AMENT_PREFIX_PATH} CMAKE_PREFIX_PATH=/home/chen/sentry_try/sentry_ws/install/livox_ros_driver2:/opt/ros/humble LD_LIBRARY_PATH=/home/chen/sentry_try/sentry_ws/install/livox_ros_driver2/lib:${LD_LIBRARY_PATH} PYTHONPATH=/home/chen/sentry_try/sentry_ws/install/livox_ros_driver2/local/lib/python3.10/dist-packages:${PYTHONPATH} /usr/bin/cmake --build /home/chen/sentry_try/sentry_ws/build/fast_lio -- -j16 -l16
[2.499s] Invoking command in '/home/chen/sentry_try/sentry_ws/build/fast_lio': AMENT_PREFIX_PATH=/home/chen/sentry_try/sentry_ws/install/livox_ros_driver2:${AMENT_PREFIX_PATH} CMAKE_PREFIX_PATH=/home/chen/sentry_try/sentry_ws/install/livox_ros_driver2:/opt/ros/humble LD_LIBRARY_PATH=/home/chen/sentry_try/sentry_ws/install/livox_ros_driver2/lib:${LD_LIBRARY_PATH} PYTHONPATH=/home/chen/sentry_try/sentry_ws/install/livox_ros_driver2/local/lib/python3.10/dist-packages:${PYTHONPATH} /usr/bin/cmake --install /home/chen/sentry_try/sentry_ws/build/fast_lio
[2.733s] -- Install configuration: "Release"
[2.733s] -- Up-to-date: /home/chen/sentry_try/sentry_ws/install/fast_lio/share/ament_index/resource_index/rosidl_interfaces/fast_lio
[2.733s] -- Up-to-date: /home/chen/sentry_try/sentry_ws/install/fast_lio/include/fast_lio/fast_lio
[2.733s] -- Up-to-date: /home/chen/sentry_try/sentry_ws/install/fast_lio/include/fast_lio/fast_lio/msg
[2.733s] -- Up-to-date: /home/chen/sentry_try/sentry_ws/install/fast_lio/include/fast_lio/fast_lio/msg/rosidl_generator_c__visibility_control.h
[2.733s] -- Up-to-date: /home/chen/sentry_try/sentry_ws/install/fast_lio/include/fast_lio/fast_lio/msg/pose6_d.h
[2.733s] -- Up-to-date: /home/chen/sentry_try/sentry_ws/install/fast_lio/include/fast_lio/fast_lio/msg/detail
[2.733s] -- Up-to-date: /home/chen/sentry_try/sentry_ws/install/fast_lio/include/fast_lio/fast_lio/msg/detail/pose6_d__type_support.h
[2.733s] -- Up-to-date: /home/chen/sentry_try/sentry_ws/install/fast_lio/include/fast_lio/fast_lio/msg/detail/pose6_d__struct.h
[2.733s] -- Up-to-date: /home/chen/sentry_try/sentry_ws/install/fast_lio/include/fast_lio/fast_lio/msg/detail/pose6_d__functions.h
[2.733s] -- Up-to-date: /home/chen/sentry_try/sentry_ws/install/fast_lio/include/fast_lio/fast_lio/msg/detail/pose6_d__functions.c
[2.733s] -- Up-to-date: /home/chen/sentry_try/sentry_ws/install/fast_lio/share/fast_lio/environment/library_path.sh
[2.733s] -- Up-to-date: /home/chen/sentry_try/sentry_ws/install/fast_lio/share/fast_lio/environment/library_path.dsv
[2.734s] -- Up-to-date: /home/chen/sentry_try/sentry_ws/install/fast_lio/lib/libfast_lio__rosidl_generator_c.so
[2.734s] -- Up-to-date: /home/chen/sentry_try/sentry_ws/install/fast_lio/include/fast_lio/fast_lio
[2.734s] -- Up-to-date: /home/chen/sentry_try/sentry_ws/install/fast_lio/include/fast_lio/fast_lio/msg
[2.734s] -- Up-to-date: /home/chen/sentry_try/sentry_ws/install/fast_lio/include/fast_lio/fast_lio/msg/rosidl_typesupport_fastrtps_c__visibility_control.h
[2.734s] -- Up-to-date: /home/chen/sentry_try/sentry_ws/install/fast_lio/include/fast_lio/fast_lio/msg/detail
[2.734s] -- Up-to-date: /home/chen/sentry_try/sentry_ws/install/fast_lio/include/fast_lio/fast_lio/msg/detail/pose6_d__rosidl_typesupport_fastrtps_c.h
[2.967s] -- Up-to-date: /home/chen/sentry_try/sentry_ws/install/fast_lio/lib/libfast_lio__rosidl_typesupport_fastrtps_c.so
[2.968s] -- Up-to-date: /home/chen/sentry_try/sentry_ws/install/fast_lio/include/fast_lio/fast_lio
[2.968s] -- Up-to-date: /home/chen/sentry_try/sentry_ws/install/fast_lio/include/fast_lio/fast_lio/msg
[2.968s] -- Up-to-date: /home/chen/sentry_try/sentry_ws/install/fast_lio/include/fast_lio/fast_lio/msg/rosidl_generator_cpp__visibility_control.hpp
[2.968s] -- Up-to-date: /home/chen/sentry_try/sentry_ws/install/fast_lio/include/fast_lio/fast_lio/msg/pose6_d.hpp
[2.968s] -- Up-to-date: /home/chen/sentry_try/sentry_ws/install/fast_lio/include/fast_lio/fast_lio/msg/detail
[2.968s] -- Up-to-date: /home/chen/sentry_try/sentry_ws/install/fast_lio/include/fast_lio/fast_lio/msg/detail/pose6_d__traits.hpp
[2.968s] -- Up-to-date: /home/chen/sentry_try/sentry_ws/install/fast_lio/include/fast_lio/fast_lio/msg/detail/pose6_d__struct.hpp
[2.968s] -- Up-to-date: /home/chen/sentry_try/sentry_ws/install/fast_lio/include/fast_lio/fast_lio/msg/detail/pose6_d__type_support.hpp
[2.968s] -- Up-to-date: /home/chen/sentry_try/sentry_ws/install/fast_lio/include/fast_lio/fast_lio/msg/detail/pose6_d__builder.hpp
[2.968s] -- Up-to-date: /home/chen/sentry_try/sentry_ws/install/fast_lio/include/fast_lio/fast_lio
[2.968s] -- Up-to-date: /home/chen/sentry_try/sentry_ws/install/fast_lio/include/fast_lio/fast_lio/msg
[2.968s] -- Up-to-date: /home/chen/sentry_try/sentry_ws/install/fast_lio/include/fast_lio/fast_lio/msg/rosidl_typesupport_fastrtps_cpp__visibility_control.h
[2.968s] -- Up-to-date: /home/chen/sentry_try/sentry_ws/install/fast_lio/include/fast_lio/fast_lio/msg/detail
[2.968s] -- Up-to-date: /home/chen/sentry_try/sentry_ws/install/fast_lio/include/fast_lio/fast_lio/msg/detail/dds_fastrtps
[2.968s] -- Up-to-date: /home/chen/sentry_try/sentry_ws/install/fast_lio/include/fast_lio/fast_lio/msg/detail/pose6_d__rosidl_typesupport_fastrtps_cpp.hpp
[2.969s] -- Up-to-date: /home/chen/sentry_try/sentry_ws/install/fast_lio/lib/libfast_lio__rosidl_typesupport_fastrtps_cpp.so
[2.969s] -- Up-to-date: /home/chen/sentry_try/sentry_ws/install/fast_lio/include/fast_lio/fast_lio
[2.969s] -- Up-to-date: /home/chen/sentry_try/sentry_ws/install/fast_lio/include/fast_lio/fast_lio/msg
[2.969s] -- Up-to-date: /home/chen/sentry_try/sentry_ws/install/fast_lio/include/fast_lio/fast_lio/msg/rosidl_typesupport_introspection_c__visibility_control.h
[2.969s] -- Up-to-date: /home/chen/sentry_try/sentry_ws/install/fast_lio/include/fast_lio/fast_lio/msg/detail
[2.969s] -- Up-to-date: /home/chen/sentry_try/sentry_ws/install/fast_lio/include/fast_lio/fast_lio/msg/detail/pose6_d__rosidl_typesupport_introspection_c.h
[2.969s] -- Up-to-date: /home/chen/sentry_try/sentry_ws/install/fast_lio/include/fast_lio/fast_lio/msg/detail/pose6_d__type_support.c
[2.969s] -- Up-to-date: /home/chen/sentry_try/sentry_ws/install/fast_lio/lib/libfast_lio__rosidl_typesupport_introspection_c.so
[2.969s] -- Up-to-date: /home/chen/sentry_try/sentry_ws/install/fast_lio/lib/libfast_lio__rosidl_typesupport_c.so
[2.969s] -- Up-to-date: /home/chen/sentry_try/sentry_ws/install/fast_lio/include/fast_lio/fast_lio
[2.969s] -- Up-to-date: /home/chen/sentry_try/sentry_ws/install/fast_lio/include/fast_lio/fast_lio/msg
[2.969s] -- Up-to-date: /home/chen/sentry_try/sentry_ws/install/fast_lio/include/fast_lio/fast_lio/msg/detail
[2.970s] -- Up-to-date: /home/chen/sentry_try/sentry_ws/install/fast_lio/include/fast_lio/fast_lio/msg/detail/pose6_d__rosidl_typesupport_introspection_cpp.hpp
[2.970s] -- Up-to-date: /home/chen/sentry_try/sentry_ws/install/fast_lio/include/fast_lio/fast_lio/msg/detail/pose6_d__type_support.cpp
[3.203s] -- Up-to-date: /home/chen/sentry_try/sentry_ws/install/fast_lio/lib/libfast_lio__rosidl_typesupport_introspection_cpp.so
[3.205s] -- Up-to-date: /home/chen/sentry_try/sentry_ws/install/fast_lio/lib/libfast_lio__rosidl_typesupport_cpp.so
[3.205s] -- Up-to-date: /home/chen/sentry_try/sentry_ws/install/fast_lio/share/fast_lio/environment/pythonpath.sh
[3.205s] -- Up-to-date: /home/chen/sentry_try/sentry_ws/install/fast_lio/share/fast_lio/environment/pythonpath.dsv
[3.205s] -- Up-to-date: /home/chen/sentry_try/sentry_ws/install/fast_lio/local/lib/python3.10/dist-packages/fast_lio-0.0.0-py3.10.egg-info
[3.206s] -- Installing: /home/chen/sentry_try/sentry_ws/install/fast_lio/local/lib/python3.10/dist-packages/fast_lio-0.0.0-py3.10.egg-info/top_level.txt
[3.206s] -- Installing: /home/chen/sentry_try/sentry_ws/install/fast_lio/local/lib/python3.10/dist-packages/fast_lio-0.0.0-py3.10.egg-info/PKG-INFO
[3.206s] -- Installing: /home/chen/sentry_try/sentry_ws/install/fast_lio/local/lib/python3.10/dist-packages/fast_lio-0.0.0-py3.10.egg-info/SOURCES.txt
[3.206s] -- Installing: /home/chen/sentry_try/sentry_ws/install/fast_lio/local/lib/python3.10/dist-packages/fast_lio-0.0.0-py3.10.egg-info/dependency_links.txt
[3.207s] -- Up-to-date: /home/chen/sentry_try/sentry_ws/install/fast_lio/local/lib/python3.10/dist-packages/fast_lio
[3.207s] -- Up-to-date: /home/chen/sentry_try/sentry_ws/install/fast_lio/local/lib/python3.10/dist-packages/fast_lio/_fast_lio_s.ep.rosidl_typesupport_fastrtps_c.c
[3.207s] -- Up-to-date: /home/chen/sentry_try/sentry_ws/install/fast_lio/local/lib/python3.10/dist-packages/fast_lio/_fast_lio_s.ep.rosidl_typesupport_introspection_c.c
[3.207s] -- Up-to-date: /home/chen/sentry_try/sentry_ws/install/fast_lio/local/lib/python3.10/dist-packages/fast_lio/fast_lio_s__rosidl_typesupport_fastrtps_c.cpython-310-x86_64-linux-gnu.so
[3.207s] -- Up-to-date: /home/chen/sentry_try/sentry_ws/install/fast_lio/local/lib/python3.10/dist-packages/fast_lio/libfast_lio__rosidl_generator_py.so
[3.207s] -- Up-to-date: /home/chen/sentry_try/sentry_ws/install/fast_lio/local/lib/python3.10/dist-packages/fast_lio/msg
[3.207s] -- Up-to-date: /home/chen/sentry_try/sentry_ws/install/fast_lio/local/lib/python3.10/dist-packages/fast_lio/msg/_pose6_d_s.c
[3.207s] -- Up-to-date: /home/chen/sentry_try/sentry_ws/install/fast_lio/local/lib/python3.10/dist-packages/fast_lio/msg/_pose6_d.py
[3.207s] -- Up-to-date: /home/chen/sentry_try/sentry_ws/install/fast_lio/local/lib/python3.10/dist-packages/fast_lio/msg/__init__.py
[3.207s] -- Up-to-date: /home/chen/sentry_try/sentry_ws/install/fast_lio/local/lib/python3.10/dist-packages/fast_lio/fast_lio_s__rosidl_typesupport_introspection_c.cpython-310-x86_64-linux-gnu.so
[3.207s] -- Up-to-date: /home/chen/sentry_try/sentry_ws/install/fast_lio/local/lib/python3.10/dist-packages/fast_lio/fast_lio_s__rosidl_typesupport_c.cpython-310-x86_64-linux-gnu.so
[3.207s] -- Up-to-date: /home/chen/sentry_try/sentry_ws/install/fast_lio/local/lib/python3.10/dist-packages/fast_lio/_fast_lio_s.ep.rosidl_typesupport_c.c
[3.207s] -- Up-to-date: /home/chen/sentry_try/sentry_ws/install/fast_lio/local/lib/python3.10/dist-packages/fast_lio/__init__.py
[3.392s] Listing '/home/chen/sentry_try/sentry_ws/install/fast_lio/local/lib/python3.10/dist-packages/fast_lio'...
[3.392s] Listing '/home/chen/sentry_try/sentry_ws/install/fast_lio/local/lib/python3.10/dist-packages/fast_lio/msg'...
[3.398s] -- Up-to-date: /home/chen/sentry_try/sentry_ws/install/fast_lio/local/lib/python3.10/dist-packages/fast_lio/fast_lio_s__rosidl_typesupport_fastrtps_c.cpython-310-x86_64-linux-gnu.so
[3.400s] -- Up-to-date: /home/chen/sentry_try/sentry_ws/install/fast_lio/local/lib/python3.10/dist-packages/fast_lio/fast_lio_s__rosidl_typesupport_introspection_c.cpython-310-x86_64-linux-gnu.so
[3.403s] -- Up-to-date: /home/chen/sentry_try/sentry_ws/install/fast_lio/local/lib/python3.10/dist-packages/fast_lio/fast_lio_s__rosidl_typesupport_c.cpython-310-x86_64-linux-gnu.so
[3.405s] -- Up-to-date: /home/chen/sentry_try/sentry_ws/install/fast_lio/lib/libfast_lio__rosidl_generator_py.so
[3.406s] -- Up-to-date: /home/chen/sentry_try/sentry_ws/install/fast_lio/share/ament_index/resource_index/rust_packages/fast_lio
[3.406s] -- Up-to-date: /home/chen/sentry_try/sentry_ws/install/fast_lio/share/fast_lio/rust
[3.406s] -- Up-to-date: /home/chen/sentry_try/sentry_ws/install/fast_lio/share/fast_lio/rust/Cargo.toml
[3.406s] -- Up-to-date: /home/chen/sentry_try/sentry_ws/install/fast_lio/share/fast_lio/rust/build.rs
[3.406s] -- Up-to-date: /home/chen/sentry_try/sentry_ws/install/fast_lio/share/fast_lio/rust/src
[3.406s] -- Up-to-date: /home/chen/sentry_try/sentry_ws/install/fast_lio/share/fast_lio/rust/src/msg
[3.406s] -- Up-to-date: /home/chen/sentry_try/sentry_ws/install/fast_lio/share/fast_lio/rust/src/msg/rmw.rs
[3.406s] -- Up-to-date: /home/chen/sentry_try/sentry_ws/install/fast_lio/share/fast_lio/rust/src/msg.rs
[3.406s] -- Up-to-date: /home/chen/sentry_try/sentry_ws/install/fast_lio/share/fast_lio/rust/src/lib.rs
[3.406s] -- Up-to-date: /home/chen/sentry_try/sentry_ws/install/fast_lio/share/fast_lio/msg/Pose6D.idl
[3.406s] -- Up-to-date: /home/chen/sentry_try/sentry_ws/install/fast_lio/share/fast_lio/msg/Pose6D.msg
[3.409s] -- Up-to-date: /home/chen/sentry_try/sentry_ws/install/fast_lio/lib/fast_lio/fastlio_mapping
[3.410s] -- Up-to-date: /home/chen/sentry_try/sentry_ws/install/fast_lio/share/fast_lio/config
[3.410s] -- Up-to-date: /home/chen/sentry_try/sentry_ws/install/fast_lio/share/fast_lio/config/horizon.yaml
[3.410s] -- Up-to-date: /home/chen/sentry_try/sentry_ws/install/fast_lio/share/fast_lio/config/ouster64.yaml
[3.410s] -- Up-to-date: /home/chen/sentry_try/sentry_ws/install/fast_lio/share/fast_lio/config/velodyne.yaml
[3.410s] -- Up-to-date: /home/chen/sentry_try/sentry_ws/install/fast_lio/share/fast_lio/config/mid360.yaml
[3.410s] -- Up-to-date: /home/chen/sentry_try/sentry_ws/install/fast_lio/share/fast_lio/config/avia.yaml
[3.410s] -- Up-to-date: /home/chen/sentry_try/sentry_ws/install/fast_lio/share/fast_lio/launch
[3.411s] -- Up-to-date: /home/chen/sentry_try/sentry_ws/install/fast_lio/share/fast_lio/launch/mapping.launch.py
[3.411s] -- Up-to-date: /home/chen/sentry_try/sentry_ws/install/fast_lio/share/fast_lio/launch/gdb_debug_example.launch
[3.411s] -- Up-to-date: /home/chen/sentry_try/sentry_ws/install/fast_lio/share/fast_lio/rviz
[3.411s] -- Up-to-date: /home/chen/sentry_try/sentry_ws/install/fast_lio/share/fast_lio/rviz/fastlio.rviz
[3.411s] -- Up-to-date: /home/chen/sentry_try/sentry_ws/install/fast_lio/share/ament_index/resource_index/package_run_dependencies/fast_lio
[3.411s] -- Up-to-date: /home/chen/sentry_try/sentry_ws/install/fast_lio/share/ament_index/resource_index/parent_prefix_path/fast_lio
[3.411s] -- Up-to-date: /home/chen/sentry_try/sentry_ws/install/fast_lio/share/fast_lio/environment/ament_prefix_path.sh
[3.411s] -- Up-to-date: /home/chen/sentry_try/sentry_ws/install/fast_lio/share/fast_lio/environment/ament_prefix_path.dsv
[3.411s] -- Up-to-date: /home/chen/sentry_try/sentry_ws/install/fast_lio/share/fast_lio/environment/path.sh
[3.411s] -- Up-to-date: /home/chen/sentry_try/sentry_ws/install/fast_lio/share/fast_lio/environment/path.dsv
[3.411s] -- Up-to-date: /home/chen/sentry_try/sentry_ws/install/fast_lio/share/fast_lio/local_setup.bash
[3.411s] -- Up-to-date: /home/chen/sentry_try/sentry_ws/install/fast_lio/share/fast_lio/local_setup.sh
[3.411s] -- Up-to-date: /home/chen/sentry_try/sentry_ws/install/fast_lio/share/fast_lio/local_setup.zsh
[3.411s] -- Up-to-date: /home/chen/sentry_try/sentry_ws/install/fast_lio/share/fast_lio/local_setup.dsv
[3.411s] -- Installing: /home/chen/sentry_try/sentry_ws/install/fast_lio/share/fast_lio/package.dsv
[3.411s] -- Up-to-date: /home/chen/sentry_try/sentry_ws/install/fast_lio/share/ament_index/resource_index/packages/fast_lio
[3.414s] -- Up-to-date: /home/chen/sentry_try/sentry_ws/install/fast_lio/share/fast_lio/cmake/export_fast_lio__rosidl_generator_cExport.cmake
[3.414s] -- Up-to-date: /home/chen/sentry_try/sentry_ws/install/fast_lio/share/fast_lio/cmake/export_fast_lio__rosidl_generator_cExport-release.cmake
[3.417s] -- Up-to-date: /home/chen/sentry_try/sentry_ws/install/fast_lio/share/fast_lio/cmake/export_fast_lio__rosidl_typesupport_fastrtps_cExport.cmake
[3.417s] -- Up-to-date: /home/chen/sentry_try/sentry_ws/install/fast_lio/share/fast_lio/cmake/export_fast_lio__rosidl_typesupport_fastrtps_cExport-release.cmake
[3.417s] -- Up-to-date: /home/chen/sentry_try/sentry_ws/install/fast_lio/share/fast_lio/cmake/export_fast_lio__rosidl_generator_cppExport.cmake
[3.420s] -- Up-to-date: /home/chen/sentry_try/sentry_ws/install/fast_lio/share/fast_lio/cmake/export_fast_lio__rosidl_typesupport_fastrtps_cppExport.cmake
[3.420s] -- Up-to-date: /home/chen/sentry_try/sentry_ws/install/fast_lio/share/fast_lio/cmake/export_fast_lio__rosidl_typesupport_fastrtps_cppExport-release.cmake
[3.423s] -- Up-to-date: /home/chen/sentry_try/sentry_ws/install/fast_lio/share/fast_lio/cmake/fast_lio__rosidl_typesupport_introspection_cExport.cmake
[3.423s] -- Up-to-date: /home/chen/sentry_try/sentry_ws/install/fast_lio/share/fast_lio/cmake/fast_lio__rosidl_typesupport_introspection_cExport-release.cmake
[3.426s] -- Up-to-date: /home/chen/sentry_try/sentry_ws/install/fast_lio/share/fast_lio/cmake/fast_lio__rosidl_typesupport_cExport.cmake
[3.426s] -- Up-to-date: /home/chen/sentry_try/sentry_ws/install/fast_lio/share/fast_lio/cmake/fast_lio__rosidl_typesupport_cExport-release.cmake
[3.428s] -- Up-to-date: /home/chen/sentry_try/sentry_ws/install/fast_lio/share/fast_lio/cmake/fast_lio__rosidl_typesupport_introspection_cppExport.cmake
[3.428s] -- Up-to-date: /home/chen/sentry_try/sentry_ws/install/fast_lio/share/fast_lio/cmake/fast_lio__rosidl_typesupport_introspection_cppExport-release.cmake
[3.428s] -- Up-to-date: /home/chen/sentry_try/sentry_ws/install/fast_lio/share/fast_lio/cmake/fast_lio__rosidl_typesupport_cppExport.cmake
[3.429s] -- Up-to-date: /home/chen/sentry_try/sentry_ws/install/fast_lio/share/fast_lio/cmake/fast_lio__rosidl_typesupport_cppExport-release.cmake
[3.429s] -- Up-to-date: /home/chen/sentry_try/sentry_ws/install/fast_lio/share/fast_lio/cmake/export_fast_lio__rosidl_generator_pyExport.cmake
[3.429s] -- Up-to-date: /home/chen/sentry_try/sentry_ws/install/fast_lio/share/fast_lio/cmake/export_fast_lio__rosidl_generator_pyExport-release.cmake
[3.429s] -- Up-to-date: /home/chen/sentry_try/sentry_ws/install/fast_lio/share/fast_lio/cmake/rosidl_cmake-extras.cmake
[3.429s] -- Up-to-date: /home/chen/sentry_try/sentry_ws/install/fast_lio/share/fast_lio/cmake/ament_cmake_export_include_directories-extras.cmake
[3.429s] -- Up-to-date: /home/chen/sentry_try/sentry_ws/install/fast_lio/share/fast_lio/cmake/ament_cmake_export_libraries-extras.cmake
[3.430s] -- Up-to-date: /home/chen/sentry_try/sentry_ws/install/fast_lio/share/fast_lio/cmake/ament_cmake_export_targets-extras.cmake
[3.430s] -- Up-to-date: /home/chen/sentry_try/sentry_ws/install/fast_lio/share/fast_lio/cmake/rosidl_cmake_export_typesupport_targets-extras.cmake
[3.430s] -- Up-to-date: /home/chen/sentry_try/sentry_ws/install/fast_lio/share/fast_lio/cmake/ament_cmake_export_dependencies-extras.cmake
[3.430s] -- Up-to-date: /home/chen/sentry_try/sentry_ws/install/fast_lio/share/fast_lio/cmake/rosidl_cmake_export_typesupport_libraries-extras.cmake
[3.430s] -- Up-to-date: /home/chen/sentry_try/sentry_ws/install/fast_lio/share/fast_lio/cmake/fast_lioConfig.cmake
[3.430s] -- Up-to-date: /home/chen/sentry_try/sentry_ws/install/fast_lio/share/fast_lio/cmake/fast_lioConfig-version.cmake
[3.430s] -- Up-to-date: /home/chen/sentry_try/sentry_ws/install/fast_lio/share/fast_lio/package.xml
[3.434s] Invoked command in '/home/chen/sentry_try/sentry_ws/build/fast_lio' returned '0': AMENT_PREFIX_PATH=/home/chen/sentry_try/sentry_ws/install/livox_ros_driver2:${AMENT_PREFIX_PATH} CMAKE_PREFIX_PATH=/home/chen/sentry_try/sentry_ws/install/livox_ros_driver2:/opt/ros/humble LD_LIBRARY_PATH=/home/chen/sentry_try/sentry_ws/install/livox_ros_driver2/lib:${LD_LIBRARY_PATH} PYTHONPATH=/home/chen/sentry_try/sentry_ws/install/livox_ros_driver2/local/lib/python3.10/dist-packages:${PYTHONPATH} /usr/bin/cmake --install /home/chen/sentry_try/sentry_ws/build/fast_lio
