[35m[1mConsolidate compiler generated dependencies of target fast_lio__rosidl_generator_c[0m
[  5%] Built target fast_lio__rs
[  5%] Built target fast_lio__cpp
[ 13%] Built target fast_lio__rosidl_generator_c
[ 13%] Built target ament_cmake_python_copy_fast_lio
[35m[1mConsolidate compiler generated dependencies of target fast_lio__rosidl_typesupport_cpp[0m
[35m[1mConsolidate compiler generated dependencies of target fast_lio__rosidl_typesupport_introspection_cpp[0m
[35m[1mConsolidate compiler generated dependencies of target fast_lio__rosidl_typesupport_fastrtps_cpp[0m
[35m[1mConsolidate compiler generated dependencies of target fast_lio__rosidl_typesupport_c[0m
[35m[1mConsolidate compiler generated dependencies of target fast_lio__rosidl_typesupport_introspection_c[0m
[35m[1mConsolidate compiler generated dependencies of target fast_lio__rosidl_typesupport_fastrtps_c[0m
[ 22%] Built target fast_lio__rosidl_typesupport_cpp
[ 38%] Built target fast_lio__rosidl_typesupport_introspection_cpp
[ 38%] Built target fast_lio__rosidl_typesupport_fastrtps_cpp
[ 55%] Built target fast_lio__rosidl_typesupport_c
[ 55%] Built target fast_lio__rosidl_typesupport_introspection_c
[ 63%] Built target fast_lio__rosidl_typesupport_fastrtps_c
[35m[1mConsolidate compiler generated dependencies of target fastlio_mapping[0m
[ 63%] Built target fast_lio
[ 75%] Built target fastlio_mapping
[ 77%] Built target fast_lio__py
[35m[1mConsolidate compiler generated dependencies of target fast_lio__rosidl_generator_py[0m
[ 83%] Built target fast_lio__rosidl_generator_py
[35m[1mConsolidate compiler generated dependencies of target fast_lio__rosidl_typesupport_fastrtps_c__pyext[0m
[35m[1mConsolidate compiler generated dependencies of target fast_lio__rosidl_typesupport_introspection_c__pyext[0m
[35m[1mConsolidate compiler generated dependencies of target fast_lio__rosidl_typesupport_c__pyext[0m
[ 97%] Built target fast_lio__rosidl_typesupport_fastrtps_c__pyext
[ 97%] Built target fast_lio__rosidl_typesupport_c__pyext
[100%] Built target fast_lio__rosidl_typesupport_introspection_c__pyext
running egg_info
writing fast_lio.egg-info/PKG-INFO
writing dependency_links to fast_lio.egg-info/dependency_links.txt
writing top-level names to fast_lio.egg-info/top_level.txt
reading manifest file 'fast_lio.egg-info/SOURCES.txt'
writing manifest file 'fast_lio.egg-info/SOURCES.txt'
[100%] Built target ament_cmake_python_build_fast_lio_egg
-- Install configuration: "Release"
-- Installing: /home/chen/sentry_try/sentry_ws/install/fast_lio/share/ament_index/resource_index/rosidl_interfaces/fast_lio
-- Installing: /home/chen/sentry_try/sentry_ws/install/fast_lio/include/fast_lio/fast_lio
-- Installing: /home/chen/sentry_try/sentry_ws/install/fast_lio/include/fast_lio/fast_lio/msg
-- Installing: /home/chen/sentry_try/sentry_ws/install/fast_lio/include/fast_lio/fast_lio/msg/rosidl_generator_c__visibility_control.h
-- Installing: /home/chen/sentry_try/sentry_ws/install/fast_lio/include/fast_lio/fast_lio/msg/pose6_d.h
-- Installing: /home/chen/sentry_try/sentry_ws/install/fast_lio/include/fast_lio/fast_lio/msg/detail
-- Installing: /home/chen/sentry_try/sentry_ws/install/fast_lio/include/fast_lio/fast_lio/msg/detail/pose6_d__type_support.h
-- Installing: /home/chen/sentry_try/sentry_ws/install/fast_lio/include/fast_lio/fast_lio/msg/detail/pose6_d__struct.h
-- Installing: /home/chen/sentry_try/sentry_ws/install/fast_lio/include/fast_lio/fast_lio/msg/detail/pose6_d__functions.h
-- Installing: /home/chen/sentry_try/sentry_ws/install/fast_lio/include/fast_lio/fast_lio/msg/detail/pose6_d__functions.c
-- Installing: /home/chen/sentry_try/sentry_ws/install/fast_lio/share/fast_lio/environment/library_path.sh
-- Installing: /home/chen/sentry_try/sentry_ws/install/fast_lio/share/fast_lio/environment/library_path.dsv
-- Installing: /home/chen/sentry_try/sentry_ws/install/fast_lio/lib/libfast_lio__rosidl_generator_c.so
-- Set runtime path of "/home/chen/sentry_try/sentry_ws/install/fast_lio/lib/libfast_lio__rosidl_generator_c.so" to ""
-- Up-to-date: /home/chen/sentry_try/sentry_ws/install/fast_lio/include/fast_lio/fast_lio
-- Up-to-date: /home/chen/sentry_try/sentry_ws/install/fast_lio/include/fast_lio/fast_lio/msg
-- Installing: /home/chen/sentry_try/sentry_ws/install/fast_lio/include/fast_lio/fast_lio/msg/rosidl_typesupport_fastrtps_c__visibility_control.h
-- Up-to-date: /home/chen/sentry_try/sentry_ws/install/fast_lio/include/fast_lio/fast_lio/msg/detail
-- Installing: /home/chen/sentry_try/sentry_ws/install/fast_lio/include/fast_lio/fast_lio/msg/detail/pose6_d__rosidl_typesupport_fastrtps_c.h
-- Installing: /home/chen/sentry_try/sentry_ws/install/fast_lio/lib/libfast_lio__rosidl_typesupport_fastrtps_c.so
-- Set runtime path of "/home/chen/sentry_try/sentry_ws/install/fast_lio/lib/libfast_lio__rosidl_typesupport_fastrtps_c.so" to ""
-- Up-to-date: /home/chen/sentry_try/sentry_ws/install/fast_lio/include/fast_lio/fast_lio
-- Up-to-date: /home/chen/sentry_try/sentry_ws/install/fast_lio/include/fast_lio/fast_lio/msg
-- Installing: /home/chen/sentry_try/sentry_ws/install/fast_lio/include/fast_lio/fast_lio/msg/rosidl_generator_cpp__visibility_control.hpp
-- Installing: /home/chen/sentry_try/sentry_ws/install/fast_lio/include/fast_lio/fast_lio/msg/pose6_d.hpp
-- Up-to-date: /home/chen/sentry_try/sentry_ws/install/fast_lio/include/fast_lio/fast_lio/msg/detail
-- Installing: /home/chen/sentry_try/sentry_ws/install/fast_lio/include/fast_lio/fast_lio/msg/detail/pose6_d__traits.hpp
-- Installing: /home/chen/sentry_try/sentry_ws/install/fast_lio/include/fast_lio/fast_lio/msg/detail/pose6_d__struct.hpp
-- Installing: /home/chen/sentry_try/sentry_ws/install/fast_lio/include/fast_lio/fast_lio/msg/detail/pose6_d__type_support.hpp
-- Installing: /home/chen/sentry_try/sentry_ws/install/fast_lio/include/fast_lio/fast_lio/msg/detail/pose6_d__builder.hpp
-- Up-to-date: /home/chen/sentry_try/sentry_ws/install/fast_lio/include/fast_lio/fast_lio
-- Up-to-date: /home/chen/sentry_try/sentry_ws/install/fast_lio/include/fast_lio/fast_lio/msg
-- Installing: /home/chen/sentry_try/sentry_ws/install/fast_lio/include/fast_lio/fast_lio/msg/rosidl_typesupport_fastrtps_cpp__visibility_control.h
-- Up-to-date: /home/chen/sentry_try/sentry_ws/install/fast_lio/include/fast_lio/fast_lio/msg/detail
-- Installing: /home/chen/sentry_try/sentry_ws/install/fast_lio/include/fast_lio/fast_lio/msg/detail/dds_fastrtps
-- Installing: /home/chen/sentry_try/sentry_ws/install/fast_lio/include/fast_lio/fast_lio/msg/detail/pose6_d__rosidl_typesupport_fastrtps_cpp.hpp
-- Installing: /home/chen/sentry_try/sentry_ws/install/fast_lio/lib/libfast_lio__rosidl_typesupport_fastrtps_cpp.so
-- Set runtime path of "/home/chen/sentry_try/sentry_ws/install/fast_lio/lib/libfast_lio__rosidl_typesupport_fastrtps_cpp.so" to ""
-- Up-to-date: /home/chen/sentry_try/sentry_ws/install/fast_lio/include/fast_lio/fast_lio
-- Up-to-date: /home/chen/sentry_try/sentry_ws/install/fast_lio/include/fast_lio/fast_lio/msg
-- Installing: /home/chen/sentry_try/sentry_ws/install/fast_lio/include/fast_lio/fast_lio/msg/rosidl_typesupport_introspection_c__visibility_control.h
-- Up-to-date: /home/chen/sentry_try/sentry_ws/install/fast_lio/include/fast_lio/fast_lio/msg/detail
-- Installing: /home/chen/sentry_try/sentry_ws/install/fast_lio/include/fast_lio/fast_lio/msg/detail/pose6_d__rosidl_typesupport_introspection_c.h
-- Installing: /home/chen/sentry_try/sentry_ws/install/fast_lio/include/fast_lio/fast_lio/msg/detail/pose6_d__type_support.c
-- Installing: /home/chen/sentry_try/sentry_ws/install/fast_lio/lib/libfast_lio__rosidl_typesupport_introspection_c.so
-- Set runtime path of "/home/chen/sentry_try/sentry_ws/install/fast_lio/lib/libfast_lio__rosidl_typesupport_introspection_c.so" to ""
-- Installing: /home/chen/sentry_try/sentry_ws/install/fast_lio/lib/libfast_lio__rosidl_typesupport_c.so
-- Set runtime path of "/home/chen/sentry_try/sentry_ws/install/fast_lio/lib/libfast_lio__rosidl_typesupport_c.so" to ""
-- Up-to-date: /home/chen/sentry_try/sentry_ws/install/fast_lio/include/fast_lio/fast_lio
-- Up-to-date: /home/chen/sentry_try/sentry_ws/install/fast_lio/include/fast_lio/fast_lio/msg
-- Up-to-date: /home/chen/sentry_try/sentry_ws/install/fast_lio/include/fast_lio/fast_lio/msg/detail
-- Installing: /home/chen/sentry_try/sentry_ws/install/fast_lio/include/fast_lio/fast_lio/msg/detail/pose6_d__rosidl_typesupport_introspection_cpp.hpp
-- Installing: /home/chen/sentry_try/sentry_ws/install/fast_lio/include/fast_lio/fast_lio/msg/detail/pose6_d__type_support.cpp
-- Installing: /home/chen/sentry_try/sentry_ws/install/fast_lio/lib/libfast_lio__rosidl_typesupport_introspection_cpp.so
-- Set runtime path of "/home/chen/sentry_try/sentry_ws/install/fast_lio/lib/libfast_lio__rosidl_typesupport_introspection_cpp.so" to ""
-- Installing: /home/chen/sentry_try/sentry_ws/install/fast_lio/lib/libfast_lio__rosidl_typesupport_cpp.so
-- Set runtime path of "/home/chen/sentry_try/sentry_ws/install/fast_lio/lib/libfast_lio__rosidl_typesupport_cpp.so" to ""
-- Installing: /home/chen/sentry_try/sentry_ws/install/fast_lio/share/fast_lio/environment/pythonpath.sh
-- Installing: /home/chen/sentry_try/sentry_ws/install/fast_lio/share/fast_lio/environment/pythonpath.dsv
-- Installing: /home/chen/sentry_try/sentry_ws/install/fast_lio/local/lib/python3.10/dist-packages/fast_lio-0.0.0-py3.10.egg-info
-- Installing: /home/chen/sentry_try/sentry_ws/install/fast_lio/local/lib/python3.10/dist-packages/fast_lio-0.0.0-py3.10.egg-info/top_level.txt
-- Installing: /home/chen/sentry_try/sentry_ws/install/fast_lio/local/lib/python3.10/dist-packages/fast_lio-0.0.0-py3.10.egg-info/PKG-INFO
-- Installing: /home/chen/sentry_try/sentry_ws/install/fast_lio/local/lib/python3.10/dist-packages/fast_lio-0.0.0-py3.10.egg-info/SOURCES.txt
-- Installing: /home/chen/sentry_try/sentry_ws/install/fast_lio/local/lib/python3.10/dist-packages/fast_lio-0.0.0-py3.10.egg-info/dependency_links.txt
-- Installing: /home/chen/sentry_try/sentry_ws/install/fast_lio/local/lib/python3.10/dist-packages/fast_lio
-- Installing: /home/chen/sentry_try/sentry_ws/install/fast_lio/local/lib/python3.10/dist-packages/fast_lio/_fast_lio_s.ep.rosidl_typesupport_fastrtps_c.c
-- Installing: /home/chen/sentry_try/sentry_ws/install/fast_lio/local/lib/python3.10/dist-packages/fast_lio/_fast_lio_s.ep.rosidl_typesupport_introspection_c.c
-- Installing: /home/chen/sentry_try/sentry_ws/install/fast_lio/local/lib/python3.10/dist-packages/fast_lio/fast_lio_s__rosidl_typesupport_fastrtps_c.cpython-310-x86_64-linux-gnu.so
-- Installing: /home/chen/sentry_try/sentry_ws/install/fast_lio/local/lib/python3.10/dist-packages/fast_lio/libfast_lio__rosidl_generator_py.so
-- Installing: /home/chen/sentry_try/sentry_ws/install/fast_lio/local/lib/python3.10/dist-packages/fast_lio/msg
-- Installing: /home/chen/sentry_try/sentry_ws/install/fast_lio/local/lib/python3.10/dist-packages/fast_lio/msg/_pose6_d_s.c
-- Installing: /home/chen/sentry_try/sentry_ws/install/fast_lio/local/lib/python3.10/dist-packages/fast_lio/msg/_pose6_d.py
-- Installing: /home/chen/sentry_try/sentry_ws/install/fast_lio/local/lib/python3.10/dist-packages/fast_lio/msg/__init__.py
-- Installing: /home/chen/sentry_try/sentry_ws/install/fast_lio/local/lib/python3.10/dist-packages/fast_lio/fast_lio_s__rosidl_typesupport_introspection_c.cpython-310-x86_64-linux-gnu.so
-- Installing: /home/chen/sentry_try/sentry_ws/install/fast_lio/local/lib/python3.10/dist-packages/fast_lio/fast_lio_s__rosidl_typesupport_c.cpython-310-x86_64-linux-gnu.so
-- Installing: /home/chen/sentry_try/sentry_ws/install/fast_lio/local/lib/python3.10/dist-packages/fast_lio/_fast_lio_s.ep.rosidl_typesupport_c.c
-- Installing: /home/chen/sentry_try/sentry_ws/install/fast_lio/local/lib/python3.10/dist-packages/fast_lio/__init__.py
Listing '/home/chen/sentry_try/sentry_ws/install/fast_lio/local/lib/python3.10/dist-packages/fast_lio'...
Compiling '/home/chen/sentry_try/sentry_ws/install/fast_lio/local/lib/python3.10/dist-packages/fast_lio/__init__.py'...
Listing '/home/chen/sentry_try/sentry_ws/install/fast_lio/local/lib/python3.10/dist-packages/fast_lio/msg'...
Compiling '/home/chen/sentry_try/sentry_ws/install/fast_lio/local/lib/python3.10/dist-packages/fast_lio/msg/__init__.py'...
Compiling '/home/chen/sentry_try/sentry_ws/install/fast_lio/local/lib/python3.10/dist-packages/fast_lio/msg/_pose6_d.py'...
-- Installing: /home/chen/sentry_try/sentry_ws/install/fast_lio/local/lib/python3.10/dist-packages/fast_lio/fast_lio_s__rosidl_typesupport_fastrtps_c.cpython-310-x86_64-linux-gnu.so
-- Set runtime path of "/home/chen/sentry_try/sentry_ws/install/fast_lio/local/lib/python3.10/dist-packages/fast_lio/fast_lio_s__rosidl_typesupport_fastrtps_c.cpython-310-x86_64-linux-gnu.so" to ""
-- Installing: /home/chen/sentry_try/sentry_ws/install/fast_lio/local/lib/python3.10/dist-packages/fast_lio/fast_lio_s__rosidl_typesupport_introspection_c.cpython-310-x86_64-linux-gnu.so
-- Set runtime path of "/home/chen/sentry_try/sentry_ws/install/fast_lio/local/lib/python3.10/dist-packages/fast_lio/fast_lio_s__rosidl_typesupport_introspection_c.cpython-310-x86_64-linux-gnu.so" to ""
-- Installing: /home/chen/sentry_try/sentry_ws/install/fast_lio/local/lib/python3.10/dist-packages/fast_lio/fast_lio_s__rosidl_typesupport_c.cpython-310-x86_64-linux-gnu.so
-- Set runtime path of "/home/chen/sentry_try/sentry_ws/install/fast_lio/local/lib/python3.10/dist-packages/fast_lio/fast_lio_s__rosidl_typesupport_c.cpython-310-x86_64-linux-gnu.so" to ""
-- Installing: /home/chen/sentry_try/sentry_ws/install/fast_lio/lib/libfast_lio__rosidl_generator_py.so
-- Set runtime path of "/home/chen/sentry_try/sentry_ws/install/fast_lio/lib/libfast_lio__rosidl_generator_py.so" to ""
-- Installing: /home/chen/sentry_try/sentry_ws/install/fast_lio/share/ament_index/resource_index/rust_packages/fast_lio
-- Installing: /home/chen/sentry_try/sentry_ws/install/fast_lio/share/fast_lio/rust
-- Installing: /home/chen/sentry_try/sentry_ws/install/fast_lio/share/fast_lio/rust/Cargo.toml
-- Installing: /home/chen/sentry_try/sentry_ws/install/fast_lio/share/fast_lio/rust/build.rs
-- Installing: /home/chen/sentry_try/sentry_ws/install/fast_lio/share/fast_lio/rust/src
-- Installing: /home/chen/sentry_try/sentry_ws/install/fast_lio/share/fast_lio/rust/src/msg
-- Installing: /home/chen/sentry_try/sentry_ws/install/fast_lio/share/fast_lio/rust/src/msg/rmw.rs
-- Installing: /home/chen/sentry_try/sentry_ws/install/fast_lio/share/fast_lio/rust/src/msg.rs
-- Installing: /home/chen/sentry_try/sentry_ws/install/fast_lio/share/fast_lio/rust/src/lib.rs
-- Installing: /home/chen/sentry_try/sentry_ws/install/fast_lio/share/fast_lio/msg/Pose6D.idl
-- Installing: /home/chen/sentry_try/sentry_ws/install/fast_lio/share/fast_lio/msg/Pose6D.msg
-- Installing: /home/chen/sentry_try/sentry_ws/install/fast_lio/lib/fast_lio/fastlio_mapping
-- Set runtime path of "/home/chen/sentry_try/sentry_ws/install/fast_lio/lib/fast_lio/fastlio_mapping" to ""
-- Installing: /home/chen/sentry_try/sentry_ws/install/fast_lio/share/fast_lio/config
-- Installing: /home/chen/sentry_try/sentry_ws/install/fast_lio/share/fast_lio/config/horizon.yaml
-- Installing: /home/chen/sentry_try/sentry_ws/install/fast_lio/share/fast_lio/config/ouster64.yaml
-- Installing: /home/chen/sentry_try/sentry_ws/install/fast_lio/share/fast_lio/config/velodyne.yaml
-- Installing: /home/chen/sentry_try/sentry_ws/install/fast_lio/share/fast_lio/config/mid360.yaml
-- Installing: /home/chen/sentry_try/sentry_ws/install/fast_lio/share/fast_lio/config/avia.yaml
-- Installing: /home/chen/sentry_try/sentry_ws/install/fast_lio/share/fast_lio/launch
-- Installing: /home/chen/sentry_try/sentry_ws/install/fast_lio/share/fast_lio/launch/mapping.launch.py
-- Installing: /home/chen/sentry_try/sentry_ws/install/fast_lio/share/fast_lio/launch/gdb_debug_example.launch
-- Installing: /home/chen/sentry_try/sentry_ws/install/fast_lio/share/fast_lio/rviz
-- Installing: /home/chen/sentry_try/sentry_ws/install/fast_lio/share/fast_lio/rviz/fastlio.rviz
-- Installing: /home/chen/sentry_try/sentry_ws/install/fast_lio/share/ament_index/resource_index/package_run_dependencies/fast_lio
-- Installing: /home/chen/sentry_try/sentry_ws/install/fast_lio/share/ament_index/resource_index/parent_prefix_path/fast_lio
-- Installing: /home/chen/sentry_try/sentry_ws/install/fast_lio/share/fast_lio/environment/ament_prefix_path.sh
-- Installing: /home/chen/sentry_try/sentry_ws/install/fast_lio/share/fast_lio/environment/ament_prefix_path.dsv
-- Installing: /home/chen/sentry_try/sentry_ws/install/fast_lio/share/fast_lio/environment/path.sh
-- Installing: /home/chen/sentry_try/sentry_ws/install/fast_lio/share/fast_lio/environment/path.dsv
-- Installing: /home/chen/sentry_try/sentry_ws/install/fast_lio/share/fast_lio/local_setup.bash
-- Installing: /home/chen/sentry_try/sentry_ws/install/fast_lio/share/fast_lio/local_setup.sh
-- Installing: /home/chen/sentry_try/sentry_ws/install/fast_lio/share/fast_lio/local_setup.zsh
-- Installing: /home/chen/sentry_try/sentry_ws/install/fast_lio/share/fast_lio/local_setup.dsv
-- Installing: /home/chen/sentry_try/sentry_ws/install/fast_lio/share/fast_lio/package.dsv
-- Installing: /home/chen/sentry_try/sentry_ws/install/fast_lio/share/ament_index/resource_index/packages/fast_lio
-- Installing: /home/chen/sentry_try/sentry_ws/install/fast_lio/share/fast_lio/cmake/export_fast_lio__rosidl_generator_cExport.cmake
-- Installing: /home/chen/sentry_try/sentry_ws/install/fast_lio/share/fast_lio/cmake/export_fast_lio__rosidl_generator_cExport-release.cmake
-- Installing: /home/chen/sentry_try/sentry_ws/install/fast_lio/share/fast_lio/cmake/export_fast_lio__rosidl_typesupport_fastrtps_cExport.cmake
-- Installing: /home/chen/sentry_try/sentry_ws/install/fast_lio/share/fast_lio/cmake/export_fast_lio__rosidl_typesupport_fastrtps_cExport-release.cmake
-- Installing: /home/chen/sentry_try/sentry_ws/install/fast_lio/share/fast_lio/cmake/export_fast_lio__rosidl_generator_cppExport.cmake
-- Installing: /home/chen/sentry_try/sentry_ws/install/fast_lio/share/fast_lio/cmake/export_fast_lio__rosidl_typesupport_fastrtps_cppExport.cmake
-- Installing: /home/chen/sentry_try/sentry_ws/install/fast_lio/share/fast_lio/cmake/export_fast_lio__rosidl_typesupport_fastrtps_cppExport-release.cmake
-- Installing: /home/chen/sentry_try/sentry_ws/install/fast_lio/share/fast_lio/cmake/fast_lio__rosidl_typesupport_introspection_cExport.cmake
-- Installing: /home/chen/sentry_try/sentry_ws/install/fast_lio/share/fast_lio/cmake/fast_lio__rosidl_typesupport_introspection_cExport-release.cmake
-- Installing: /home/chen/sentry_try/sentry_ws/install/fast_lio/share/fast_lio/cmake/fast_lio__rosidl_typesupport_cExport.cmake
-- Installing: /home/chen/sentry_try/sentry_ws/install/fast_lio/share/fast_lio/cmake/fast_lio__rosidl_typesupport_cExport-release.cmake
-- Installing: /home/chen/sentry_try/sentry_ws/install/fast_lio/share/fast_lio/cmake/fast_lio__rosidl_typesupport_introspection_cppExport.cmake
-- Installing: /home/chen/sentry_try/sentry_ws/install/fast_lio/share/fast_lio/cmake/fast_lio__rosidl_typesupport_introspection_cppExport-release.cmake
-- Installing: /home/chen/sentry_try/sentry_ws/install/fast_lio/share/fast_lio/cmake/fast_lio__rosidl_typesupport_cppExport.cmake
-- Installing: /home/chen/sentry_try/sentry_ws/install/fast_lio/share/fast_lio/cmake/fast_lio__rosidl_typesupport_cppExport-release.cmake
-- Installing: /home/chen/sentry_try/sentry_ws/install/fast_lio/share/fast_lio/cmake/export_fast_lio__rosidl_generator_pyExport.cmake
-- Installing: /home/chen/sentry_try/sentry_ws/install/fast_lio/share/fast_lio/cmake/export_fast_lio__rosidl_generator_pyExport-release.cmake
-- Installing: /home/chen/sentry_try/sentry_ws/install/fast_lio/share/fast_lio/cmake/rosidl_cmake-extras.cmake
-- Installing: /home/chen/sentry_try/sentry_ws/install/fast_lio/share/fast_lio/cmake/ament_cmake_export_include_directories-extras.cmake
-- Installing: /home/chen/sentry_try/sentry_ws/install/fast_lio/share/fast_lio/cmake/ament_cmake_export_libraries-extras.cmake
-- Installing: /home/chen/sentry_try/sentry_ws/install/fast_lio/share/fast_lio/cmake/ament_cmake_export_targets-extras.cmake
-- Installing: /home/chen/sentry_try/sentry_ws/install/fast_lio/share/fast_lio/cmake/rosidl_cmake_export_typesupport_targets-extras.cmake
-- Installing: /home/chen/sentry_try/sentry_ws/install/fast_lio/share/fast_lio/cmake/ament_cmake_export_dependencies-extras.cmake
-- Installing: /home/chen/sentry_try/sentry_ws/install/fast_lio/share/fast_lio/cmake/rosidl_cmake_export_typesupport_libraries-extras.cmake
-- Installing: /home/chen/sentry_try/sentry_ws/install/fast_lio/share/fast_lio/cmake/fast_lioConfig.cmake
-- Installing: /home/chen/sentry_try/sentry_ws/install/fast_lio/share/fast_lio/cmake/fast_lioConfig-version.cmake
-- Installing: /home/chen/sentry_try/sentry_ws/install/fast_lio/share/fast_lio/package.xml
