[0.010s] Invoking command in '/home/chen/sentry_try/sentry_ws/build/can_comm': AMENT_PREFIX_PATH=/home/chen/sentry_try/sentry_ws/install/sentry_msgs:${AMENT_PREFIX_PATH} CMAKE_PREFIX_PATH=/home/chen/sentry_try/sentry_ws/install/sentry_msgs:/opt/ros/humble LD_LIBRARY_PATH=/home/chen/sentry_try/sentry_ws/install/sentry_msgs/lib:${LD_LIBRARY_PATH} PYTHONPATH=/home/chen/sentry_try/sentry_ws/install/sentry_msgs/local/lib/python3.10/dist-packages:${PYTHONPATH} /usr/bin/cmake --build /home/chen/sentry_try/sentry_ws/build/can_comm -- -j16 -l16
[0.030s] -- Found ament_cmake: 1.3.14 (/opt/ros/humble/share/ament_cmake/cmake)
[0.112s] -- Found rclcpp: 16.0.19 (/opt/ros/humble/share/rclcpp/cmake)
[0.138s] -- Found rosidl_generator_c: 3.1.9 (/opt/ros/humble/share/rosidl_generator_c/cmake)
[0.139s] -- Found rosidl_adapter: 3.1.9 (/opt/ros/humble/share/rosidl_adapter/cmake)
[0.143s] -- Found rosidl_generator_cpp: 3.1.9 (/opt/ros/humble/share/rosidl_generator_cpp/cmake)
[0.149s] -- Using all available rosidl_typesupport_c: rosidl_typesupport_fastrtps_c;rosidl_typesupport_introspection_c
[0.156s] -- Using all available rosidl_typesupport_cpp: rosidl_typesupport_fastrtps_cpp;rosidl_typesupport_introspection_cpp
[0.176s] -- Found rmw_implementation_cmake: 6.1.2 (/opt/ros/humble/share/rmw_implementation_cmake/cmake)
[0.176s] -- Found rmw_fastrtps_cpp: 6.2.10 (/opt/ros/humble/share/rmw_fastrtps_cpp/cmake)
[0.261s] -- Using RMW implementation 'rmw_fastrtps_cpp' as default
[0.290s] -- Found geometry_msgs: 4.9.1 (/opt/ros/humble/share/geometry_msgs/cmake)
[0.298s] -- Found sentry_msgs: 0.0.2 (/home/chen/sentry_try/sentry_ws/install/sentry_msgs/share/sentry_msgs/cmake)
[0.309s] -- Found tf2_ros: 0.25.20 (/opt/ros/humble/share/tf2_ros/cmake)
[0.370s] -- Found tf2_geometry_msgs: 0.25.20 (/opt/ros/humble/share/tf2_geometry_msgs/cmake)
[0.372s] -- Found eigen3_cmake_module: 0.1.1 (/opt/ros/humble/share/eigen3_cmake_module/cmake)
[0.373s] -- Ensuring Eigen3 include directory is part of orocos-kdl CMake target
[0.376s] -- Found nav2_msgs: 1.1.20 (/opt/ros/humble/share/nav2_msgs/cmake)
[0.450s] -- Configuring done
[0.465s] -- Generating done
[0.470s] -- Build files have been written to: /home/chen/sentry_try/sentry_ws/build/can_comm
[0.502s] gmake[2]: 警告：文件“/home/chen/sentry_try/sentry_ws/src/can_comm/src/target_frame_node.cpp”的修改时间在未来 7561 秒后
[0.503s] Consolidate compiler generated dependencies of target can_receive_node
[0.503s] Consolidate compiler generated dependencies of target can_send_node
[0.503s] Consolidate compiler generated dependencies of target vyaw_tf_yaw_controller_node
[0.509s] [ 12%] Building CXX object CMakeFiles/target_frame_node.dir/src/target_frame_node.cpp.o
[0.514s] [ 87%] Built target vyaw_tf_yaw_controller_node
[0.514s] [ 87%] Built target can_receive_node
[0.514s] [ 87%] Built target can_send_node
[0.726s] In file included from /home/chen/sentry_try/sentry_ws/src/can_comm/src/target_frame_node.cpp:11:
[0.726s] /opt/ros/humble/include/tf2_geometry_msgs/tf2_geometry_msgs/tf2_geometry_msgs.h:35:2: warning: #warning This header is obsolete, please include tf2_geometry_msgs/tf2_geometry_msgs.hpp instead [-Wcpp]
[0.726s]    35 | #warning This header is obsolete, please include tf2_geometry_msgs/tf2_geometry_msgs.hpp instead
[0.726s]       |  ^~~~~~~
[2.435s] /home/chen/sentry_try/sentry_ws/src/can_comm/src/target_frame_node.cpp: In constructor ‘TargetFrameNode::TargetFrameNode()’:
[2.435s] /home/chen/sentry_try/sentry_ws/src/can_comm/src/target_frame_node.cpp:25:49: error: no matching function for call to ‘tf2_ros::Buffer::Buffer()’
[2.435s]    25 |     TargetFrameNode() : Node("target_frame_node")
[2.435s]       |                                                 ^
[2.435s] In file included from /opt/ros/humble/include/tf2_ros/tf2_ros/buffer.h:35,
[2.435s]                  from /home/chen/sentry_try/sentry_ws/src/can_comm/src/target_frame_node.cpp:9:
[2.435s] /opt/ros/humble/include/tf2_ros/tf2_ros/buffer.hpp:75:18: note: candidate: ‘tf2_ros::Buffer::Buffer(rclcpp::Clock::SharedPtr, tf2::Duration, rclcpp::Node::SharedPtr)’
[2.435s]    75 |   TF2_ROS_PUBLIC Buffer(
[2.435s]       |                  ^~~~~~
[2.436s] /opt/ros/humble/include/tf2_ros/tf2_ros/buffer.hpp:75:18: note:   candidate expects 3 arguments, 0 provided
[2.436s] /home/chen/sentry_try/sentry_ws/src/can_comm/src/target_frame_node.cpp:25:49: error: no matching function for call to ‘tf2_ros::TransformListener::TransformListener()’
[2.436s]    25 |     TargetFrameNode() : Node("target_frame_node")
[2.436s]       |                                                 ^
[2.436s] In file included from /opt/ros/humble/include/tf2_ros/tf2_ros/transform_listener.h:35,
[2.436s]                  from /home/chen/sentry_try/sentry_ws/src/can_comm/src/target_frame_node.cpp:8:
[2.436s] /opt/ros/humble/include/tf2_ros/tf2_ros/transform_listener.hpp:92:3: note: candidate: ‘template<class NodeT, class AllocatorT> tf2_ros::TransformListener::TransformListener(tf2::BufferCore&, NodeT&&, bool, const rclcpp::QoS&, const rclcpp::QoS&, const rclcpp::SubscriptionOptionsWithAllocator<AllocatorT>&, const rclcpp::SubscriptionOptionsWithAllocator<AllocatorT>&)’
[2.436s]    92 |   TransformListener(
[2.436s]       |   ^~~~~~~~~~~~~~~~~
[2.436s] /opt/ros/humble/include/tf2_ros/tf2_ros/transform_listener.hpp:92:3: note:   template argument deduction/substitution failed:
[2.436s] /home/chen/sentry_try/sentry_ws/src/can_comm/src/target_frame_node.cpp:25:49: note:   candidate expects 7 arguments, 0 provided
[2.436s]    25 |     TargetFrameNode() : Node("target_frame_node")
[2.436s]       |                                                 ^
[2.436s] In file included from /opt/ros/humble/include/tf2_ros/tf2_ros/transform_listener.h:35,
[2.436s]                  from /home/chen/sentry_try/sentry_ws/src/can_comm/src/target_frame_node.cpp:8:
[2.436s] /opt/ros/humble/include/tf2_ros/tf2_ros/transform_listener.hpp:89:12: note: candidate: ‘tf2_ros::TransformListener::TransformListener(tf2::BufferCore&, bool)’
[2.437s]    89 |   explicit TransformListener(tf2::BufferCore & buffer, bool spin_thread = true);
[2.437s]       |            ^~~~~~~~~~~~~~~~~
[2.437s] /opt/ros/humble/include/tf2_ros/tf2_ros/transform_listener.hpp:89:12: note:   candidate expects 2 arguments, 0 provided
[2.437s] /home/chen/sentry_try/sentry_ws/src/can_comm/src/target_frame_node.cpp:26:5: error: expected ‘{’ before ‘tf_buffer_’
[2.437s]    26 |     tf_buffer_(this->get_clock()),
[2.437s]       |     ^~~~~~~~~~
[2.438s] /home/chen/sentry_try/sentry_ws/src/can_comm/src/target_frame_node.cpp: In member function ‘void TargetFrameNode::onTimer()’:
[2.438s] /home/chen/sentry_try/sentry_ws/src/can_comm/src/target_frame_node.cpp:111:34: error: ‘deg2rad’ was not declared in this scope; did you mean ‘KDL::deg2rad’?
[2.438s]   111 |         const double pitch_rad = deg2rad(pitch_deg);
[2.438s]       |                                  ^~~~~~~
[2.438s]       |                                  KDL::deg2rad
[2.438s] In file included from /usr/include/kdl/frames.hpp:129,
[2.438s]                  from /opt/ros/humble/include/tf2_geometry_msgs/tf2_geometry_msgs/tf2_geometry_msgs.hpp:56,
[2.438s]                  from /opt/ros/humble/include/tf2_geometry_msgs/tf2_geometry_msgs/tf2_geometry_msgs.h:37,
[2.438s]                  from /home/chen/sentry_try/sentry_ws/src/can_comm/src/target_frame_node.cpp:11:
[2.438s] /usr/include/kdl/utilities/utility.h:189:21: note: ‘KDL::deg2rad’ declared here
[2.438s]   189 | extern const double deg2rad;
[2.438s]       |                     ^~~~~~~
[2.851s] gmake[2]: *** [CMakeFiles/target_frame_node.dir/build.make:76：CMakeFiles/target_frame_node.dir/src/target_frame_node.cpp.o] 错误 1
[2.851s] gmake[1]: *** [CMakeFiles/Makefile2:221：CMakeFiles/target_frame_node.dir/all] 错误 2
[2.851s] gmake: *** [Makefile:146：all] 错误 2
[2.853s] Invoked command in '/home/chen/sentry_try/sentry_ws/build/can_comm' returned '2': AMENT_PREFIX_PATH=/home/chen/sentry_try/sentry_ws/install/sentry_msgs:${AMENT_PREFIX_PATH} CMAKE_PREFIX_PATH=/home/chen/sentry_try/sentry_ws/install/sentry_msgs:/opt/ros/humble LD_LIBRARY_PATH=/home/chen/sentry_try/sentry_ws/install/sentry_msgs/lib:${LD_LIBRARY_PATH} PYTHONPATH=/home/chen/sentry_try/sentry_ws/install/sentry_msgs/local/lib/python3.10/dist-packages:${PYTHONPATH} /usr/bin/cmake --build /home/chen/sentry_try/sentry_ws/build/can_comm -- -j16 -l16
