gmake[2]: 警告：文件“/home/chen/sentry_try/sentry_ws/src/can_comm/src/target_frame_node.cpp”的修改时间在未来 27424 秒后
[ 87%] Built target can_send_node
[ 87%] [32mBuilding CXX object CMakeFiles/target_frame_node.dir/src/target_frame_node.cpp.o[0m
[ 87%] Built target can_receive_node
[ 87%] Built target vyaw_tf_yaw_controller_node
In file included from [01m[K/home/chen/sentry_try/sentry_ws/src/can_comm/src/target_frame_node.cpp:11[m[K:
[01m[K/opt/ros/humble/include/tf2_geometry_msgs/tf2_geometry_msgs/tf2_geometry_msgs.h:35:2:[m[K [01;35m[Kwarning: [m[K#warning This header is obsolete, please include tf2_geometry_msgs/tf2_geometry_msgs.hpp instead [[01;35m[K]8;;https://gcc.gnu.org/onlinedocs/gcc/Warning-Options.html#index-Wcpp-Wcpp]8;;[m[K]
   35 | #[01;35m[Kwarning[m[K This header is obsolete, please include tf2_geometry_msgs/tf2_geometry_msgs.hpp instead
      |  [01;35m[K^~~~~~~[m[K
[01m[K/home/chen/sentry_try/sentry_ws/src/can_comm/src/target_frame_node.cpp:[m[K In constructor ‘[01m[KTargetFrameNode::TargetFrameNode()[m[K’:
[01m[K/home/chen/sentry_try/sentry_ws/src/can_comm/src/target_frame_node.cpp:46:9:[m[K [01;31m[Kerror: [m[K‘[01m[Kplanner_name_topic_[m[K’ was not declared in this scope
   46 |         [01;31m[Kplanner_name_topic_[m[K = this->get_parameter("planner_name_topic").as_string();
      |         [01;31m[K^~~~~~~~~~~~~~~~~~~[m[K
[01m[K/home/chen/sentry_try/sentry_ws/src/can_comm/src/target_frame_node.cpp:[m[K In lambda function:
[01m[K/home/chen/sentry_try/sentry_ws/src/can_comm/src/target_frame_node.cpp:59:69:[m[K [01;35m[Kwarning: [m[Kunused parameter ‘[01m[Kmsg[m[K’ [[01;35m[K]8;;https://gcc.gnu.org/onlinedocs/gcc/Warning-Options.html#index-Wunused-parameter-Wunused-parameter]8;;[m[K]
   59 |             [this]([01;35m[Kconst geometry_msgs::msg::PoseStamped::SharedPtr msg[m[K) {
      |                    [01;35m[K~~~~~~~~~~~~~~~~~~~~~~~~~~~~~~~~~~~~~~~~~~~~~~~~~^~~[m[K
[01m[K/home/chen/sentry_try/sentry_ws/src/can_comm/src/target_frame_node.cpp:[m[K In constructor ‘[01m[KTargetFrameNode::TargetFrameNode()[m[K’:
[01m[K/home/chen/sentry_try/sentry_ws/src/can_comm/src/target_frame_node.cpp:86:9:[m[K [01;31m[Kerror: [m[K‘[01m[Kplaner_name_sub_[m[K’ was not declared in this scope
   86 |         [01;31m[Kplaner_name_sub_[m[K = this->create_subscription<std_msgs::msg::String>(
      |         [01;31m[K^~~~~~~~~~~~~~~~[m[K
[01m[K/home/chen/sentry_try/sentry_ws/src/can_comm/src/target_frame_node.cpp:[m[K In lambda function:
[01m[K/home/chen/sentry_try/sentry_ws/src/can_comm/src/target_frame_node.cpp:89:29:[m[K [01;31m[Kerror: [m[K‘[01m[Kcurrent_planner_[m[K’ was not declared in this scope
   89 |                 auto prev = [01;31m[Kcurrent_planner_[m[K;
      |                             [01;31m[K^~~~~~~~~~~~~~~~[m[K
[01m[K/home/chen/sentry_try/sentry_ws/src/can_comm/src/target_frame_node.cpp:94:17:[m[K [01;31m[Kerror: [m[K‘[01m[KtryAutoNavigate[m[K’ was not declared in this scope
   94 |                 [01;31m[KtryAutoNavigate[m[K();
      |                 [01;31m[K^~~~~~~~~~~~~~~[m[K
[01m[K/home/chen/sentry_try/sentry_ws/src/can_comm/src/target_frame_node.cpp:95:56:[m[K [01;31m[Kerror: [m[K‘[01m[Knav_goal_handle_[m[K’ was not declared in this scope
   95 |                 } else if (prev == "ElasticTracker" && [01;31m[Knav_goal_handle_[m[K) {
      |                                                        [01;31m[K^~~~~~~~~~~~~~~~[m[K
[01m[K/home/chen/sentry_try/sentry_ws/src/can_comm/src/target_frame_node.cpp:98:17:[m[K [01;31m[Kerror: [m[K‘[01m[Knav_action_client_[m[K’ was not declared in this scope; did you mean ‘[01m[Krcl_action_client_t[m[K’?
   98 |                 [01;31m[Knav_action_client_[m[K->async_cancel_goal(nav_goal_handle_);
      |                 [01;31m[K^~~~~~~~~~~~~~~~~~[m[K
      |                 [32m[Krcl_action_client_t[m[K
[01m[K/home/chen/sentry_try/sentry_ws/src/can_comm/src/target_frame_node.cpp:100:17:[m[K [01;31m[Kerror: [m[K‘[01m[Knav_goal_active_[m[K’ was not declared in this scope
  100 |                 [01;31m[Knav_goal_active_[m[K = false;
      |                 [01;31m[K^~~~~~~~~~~~~~~~[m[K
In file included from [01m[K/opt/ros/humble/include/rclcpp/rclcpp/logging.hpp:24[m[K,
                 from [01m[K/opt/ros/humble/include/rclcpp/rclcpp/client.hpp:40[m[K,
                 from [01m[K/opt/ros/humble/include/rclcpp/rclcpp/callback_group.hpp:24[m[K,
                 from [01m[K/opt/ros/humble/include/rclcpp/rclcpp/any_executable.hpp:20[m[K,
                 from [01m[K/opt/ros/humble/include/rclcpp/rclcpp/memory_strategy.hpp:25[m[K,
                 from [01m[K/opt/ros/humble/include/rclcpp/rclcpp/memory_strategies.hpp:18[m[K,
                 from [01m[K/opt/ros/humble/include/rclcpp/rclcpp/executor_options.hpp:20[m[K,
                 from [01m[K/opt/ros/humble/include/rclcpp/rclcpp/executor.hpp:37[m[K,
                 from [01m[K/opt/ros/humble/include/rclcpp/rclcpp/executors/multi_threaded_executor.hpp:25[m[K,
                 from [01m[K/opt/ros/humble/include/rclcpp/rclcpp/executors.hpp:21[m[K,
                 from [01m[K/opt/ros/humble/include/rclcpp/rclcpp/rclcpp.hpp:155[m[K,
                 from [01m[K/home/chen/sentry_try/sentry_ws/src/can_comm/src/target_frame_node.cpp:1[m[K:
[01m[K/home/chen/sentry_try/sentry_ws/src/can_comm/src/target_frame_node.cpp:[m[K In constructor ‘[01m[KTargetFrameNode::TargetFrameNode()[m[K’:
[01m[K/home/chen/sentry_try/sentry_ws/src/can_comm/src/target_frame_node.cpp:114:82:[m[K [01;31m[Kerror: [m[K‘[01m[Kfreq[m[K’ was not declared in this scope; did you mean ‘[01m[Kfree[m[K’?
  114 |          base_frame_.c_str(), target_frame_.c_str(), target_pose_topic_.c_str(), [01;31m[Kfreq[m[K);
      |                                                                                  [01;31m[K^~~~[m[K
gmake[2]: *** [CMakeFiles/target_frame_node.dir/build.make:76：CMakeFiles/target_frame_node.dir/src/target_frame_node.cpp.o] 错误 1
gmake[1]: *** [CMakeFiles/Makefile2:221：CMakeFiles/target_frame_node.dir/all] 错误 2
gmake: *** [Makefile:146：all] 错误 2
