[0.168s] DEBUG:colcon:Command line arguments: ['/usr/bin/colcon', 'build', '--parallel-workers', '2']
[0.168s] DEBUG:colcon:Parsed command line arguments: Namespace(log_base=None, log_level=None, verb_name='build', build_base='build', install_base='install', merge_install=False, symlink_install=False, test_result_base=None, continue_on_error=False, executor='parallel', parallel_workers=2, event_handlers=None, ignore_user_meta=False, metas=['./colcon.meta'], base_paths=['.'], packages_ignore=None, packages_ignore_regex=None, paths=None, packages_up_to=None, packages_up_to_regex=None, packages_above=None, packages_above_and_dependencies=None, packages_above_depth=None, packages_select_by_dep=None, packages_skip_by_dep=None, packages_skip_up_to=None, packages_select_build_failed=False, packages_skip_build_finished=False, packages_select_test_failures=False, packages_skip_test_passed=False, packages_select=None, packages_skip=None, packages_select_regex=None, packages_skip_regex=None, packages_start=None, packages_end=None, allow_overriding=[], cmake_args=None, cmake_target=None, cmake_target_skip_unavailable=False, cmake_clean_cache=False, cmake_clean_first=False, cmake_force_configure=False, ament_cmake_args=None, catkin_cmake_args=None, catkin_skip_building_tests=False, verb_parser=<colcon_defaults.argument_parser.defaults.DefaultArgumentsDecorator object at 0x7de78fa75e70>, verb_extension=<colcon_core.verb.build.BuildVerb object at 0x7de78fb6b5b0>, main=<bound method BuildVerb.main of <colcon_core.verb.build.BuildVerb object at 0x7de78fb6b5b0>>)
[0.344s] Level 1:colcon.colcon_core.package_discovery:discover_packages(colcon_meta) check parameters
[0.344s] Level 1:colcon.colcon_core.package_discovery:discover_packages(recursive) check parameters
[0.344s] Level 1:colcon.colcon_core.package_discovery:discover_packages(ignore) check parameters
[0.344s] Level 1:colcon.colcon_core.package_discovery:discover_packages(path) check parameters
[0.344s] Level 1:colcon.colcon_core.package_discovery:discover_packages(colcon_meta) discover
[0.344s] Level 1:colcon.colcon_core.package_discovery:discover_packages(recursive) discover
[0.344s] INFO:colcon.colcon_core.package_discovery:Crawling recursively for packages in '/home/chen/sentry_try/sentry_ws'
[0.344s] Level 1:colcon.colcon_core.package_identification:_identify(.) by extensions ['ignore', 'ignore_ament_install']
[0.344s] Level 1:colcon.colcon_core.package_identification:_identify(.) by extension 'ignore'
[0.344s] Level 1:colcon.colcon_core.package_identification:_identify(.) by extension 'ignore_ament_install'
[0.344s] Level 1:colcon.colcon_core.package_identification:_identify(.) by extensions ['colcon_pkg']
[0.344s] Level 1:colcon.colcon_core.package_identification:_identify(.) by extension 'colcon_pkg'
[0.344s] Level 1:colcon.colcon_core.package_identification:_identify(.) by extensions ['colcon_meta']
[0.344s] Level 1:colcon.colcon_core.package_identification:_identify(.) by extension 'colcon_meta'
[0.344s] Level 1:colcon.colcon_core.package_identification:_identify(.) by extensions ['ros']
[0.344s] Level 1:colcon.colcon_core.package_identification:_identify(.) by extension 'ros'
[0.362s] Level 1:colcon.colcon_core.package_identification:_identify(.) by extensions ['cmake', 'python']
[0.362s] Level 1:colcon.colcon_core.package_identification:_identify(.) by extension 'cmake'
[0.362s] Level 1:colcon.colcon_core.package_identification:_identify(.) by extension 'python'
[0.363s] Level 1:colcon.colcon_core.package_identification:_identify(.) by extensions ['python_setup_py']
[0.363s] Level 1:colcon.colcon_core.package_identification:_identify(.) by extension 'python_setup_py'
[0.363s] Level 1:colcon.colcon_core.package_identification:_identify(build) by extensions ['ignore', 'ignore_ament_install']
[0.363s] Level 1:colcon.colcon_core.package_identification:_identify(build) by extension 'ignore'
[0.363s] Level 1:colcon.colcon_core.package_identification:_identify(build) ignored
[0.363s] Level 1:colcon.colcon_core.package_identification:_identify(install) by extensions ['ignore', 'ignore_ament_install']
[0.363s] Level 1:colcon.colcon_core.package_identification:_identify(install) by extension 'ignore'
[0.363s] Level 1:colcon.colcon_core.package_identification:_identify(install) ignored
[0.363s] Level 1:colcon.colcon_core.package_identification:_identify(log) by extensions ['ignore', 'ignore_ament_install']
[0.363s] Level 1:colcon.colcon_core.package_identification:_identify(log) by extension 'ignore'
[0.363s] Level 1:colcon.colcon_core.package_identification:_identify(log) ignored
[0.363s] Level 1:colcon.colcon_core.package_identification:_identify(src) by extensions ['ignore', 'ignore_ament_install']
[0.363s] Level 1:colcon.colcon_core.package_identification:_identify(src) by extension 'ignore'
[0.363s] Level 1:colcon.colcon_core.package_identification:_identify(src) by extension 'ignore_ament_install'
[0.363s] Level 1:colcon.colcon_core.package_identification:_identify(src) by extensions ['colcon_pkg']
[0.363s] Level 1:colcon.colcon_core.package_identification:_identify(src) by extension 'colcon_pkg'
[0.363s] Level 1:colcon.colcon_core.package_identification:_identify(src) by extensions ['colcon_meta']
[0.363s] Level 1:colcon.colcon_core.package_identification:_identify(src) by extension 'colcon_meta'
[0.363s] Level 1:colcon.colcon_core.package_identification:_identify(src) by extensions ['ros']
[0.363s] Level 1:colcon.colcon_core.package_identification:_identify(src) by extension 'ros'
[0.363s] Level 1:colcon.colcon_core.package_identification:_identify(src) by extensions ['cmake', 'python']
[0.363s] Level 1:colcon.colcon_core.package_identification:_identify(src) by extension 'cmake'
[0.363s] Level 1:colcon.colcon_core.package_identification:_identify(src) by extension 'python'
[0.363s] Level 1:colcon.colcon_core.package_identification:_identify(src) by extensions ['python_setup_py']
[0.363s] Level 1:colcon.colcon_core.package_identification:_identify(src) by extension 'python_setup_py'
[0.363s] Level 1:colcon.colcon_core.package_identification:_identify(src/FAST_LIO) by extensions ['ignore', 'ignore_ament_install']
[0.363s] Level 1:colcon.colcon_core.package_identification:_identify(src/FAST_LIO) by extension 'ignore'
[0.363s] Level 1:colcon.colcon_core.package_identification:_identify(src/FAST_LIO) by extension 'ignore_ament_install'
[0.363s] Level 1:colcon.colcon_core.package_identification:_identify(src/FAST_LIO) by extensions ['colcon_pkg']
[0.363s] Level 1:colcon.colcon_core.package_identification:_identify(src/FAST_LIO) by extension 'colcon_pkg'
[0.363s] Level 1:colcon.colcon_core.package_identification:_identify(src/FAST_LIO) by extensions ['colcon_meta']
[0.363s] Level 1:colcon.colcon_core.package_identification:_identify(src/FAST_LIO) by extension 'colcon_meta'
[0.364s] Level 1:colcon.colcon_core.package_identification:_identify(src/FAST_LIO) by extensions ['ros']
[0.364s] Level 1:colcon.colcon_core.package_identification:_identify(src/FAST_LIO) by extension 'ros'
[0.366s] DEBUG:colcon.colcon_core.package_identification:Package 'src/FAST_LIO' with type 'ros.ament_cmake' and name 'fast_lio'
[0.366s] Level 1:colcon.colcon_core.package_identification:_identify(src/lightning-lm-master) by extensions ['ignore', 'ignore_ament_install']
[0.366s] Level 1:colcon.colcon_core.package_identification:_identify(src/lightning-lm-master) by extension 'ignore'
[0.366s] Level 1:colcon.colcon_core.package_identification:_identify(src/lightning-lm-master) by extension 'ignore_ament_install'
[0.366s] Level 1:colcon.colcon_core.package_identification:_identify(src/lightning-lm-master) by extensions ['colcon_pkg']
[0.366s] Level 1:colcon.colcon_core.package_identification:_identify(src/lightning-lm-master) by extension 'colcon_pkg'
[0.366s] Level 1:colcon.colcon_core.package_identification:_identify(src/lightning-lm-master) by extensions ['colcon_meta']
[0.367s] Level 1:colcon.colcon_core.package_identification:_identify(src/lightning-lm-master) by extension 'colcon_meta'
[0.367s] Level 1:colcon.colcon_core.package_identification:_identify(src/lightning-lm-master) by extensions ['ros']
[0.367s] Level 1:colcon.colcon_core.package_identification:_identify(src/lightning-lm-master) by extension 'ros'
[0.368s] DEBUG:colcon.colcon_core.package_identification:Package 'src/lightning-lm-master' with type 'ros.ament_cmake' and name 'lightning'
[0.368s] Level 1:colcon.colcon_core.package_identification:_identify(src/livox_ros_driver2_humble) by extensions ['ignore', 'ignore_ament_install']
[0.368s] Level 1:colcon.colcon_core.package_identification:_identify(src/livox_ros_driver2_humble) by extension 'ignore'
[0.368s] Level 1:colcon.colcon_core.package_identification:_identify(src/livox_ros_driver2_humble) by extension 'ignore_ament_install'
[0.368s] Level 1:colcon.colcon_core.package_identification:_identify(src/livox_ros_driver2_humble) by extensions ['colcon_pkg']
[0.368s] Level 1:colcon.colcon_core.package_identification:_identify(src/livox_ros_driver2_humble) by extension 'colcon_pkg'
[0.368s] Level 1:colcon.colcon_core.package_identification:_identify(src/livox_ros_driver2_humble) by extensions ['colcon_meta']
[0.368s] Level 1:colcon.colcon_core.package_identification:_identify(src/livox_ros_driver2_humble) by extension 'colcon_meta'
[0.368s] Level 1:colcon.colcon_core.package_identification:_identify(src/livox_ros_driver2_humble) by extensions ['ros']
[0.368s] Level 1:colcon.colcon_core.package_identification:_identify(src/livox_ros_driver2_humble) by extension 'ros'
[0.368s] Level 1:colcon.colcon_core.package_identification:_identify(src/livox_ros_driver2_humble) by extensions ['cmake', 'python']
[0.368s] Level 1:colcon.colcon_core.package_identification:_identify(src/livox_ros_driver2_humble) by extension 'cmake'
[0.368s] Level 1:colcon.colcon_core.package_identification:_identify(src/livox_ros_driver2_humble) by extension 'python'
[0.368s] Level 1:colcon.colcon_core.package_identification:_identify(src/livox_ros_driver2_humble) by extensions ['python_setup_py']
[0.368s] Level 1:colcon.colcon_core.package_identification:_identify(src/livox_ros_driver2_humble) by extension 'python_setup_py'
[0.368s] Level 1:colcon.colcon_core.package_identification:_identify(src/livox_ros_driver2_humble/src) by extensions ['ignore', 'ignore_ament_install']
[0.368s] Level 1:colcon.colcon_core.package_identification:_identify(src/livox_ros_driver2_humble/src) by extension 'ignore'
[0.368s] Level 1:colcon.colcon_core.package_identification:_identify(src/livox_ros_driver2_humble/src) by extension 'ignore_ament_install'
[0.368s] Level 1:colcon.colcon_core.package_identification:_identify(src/livox_ros_driver2_humble/src) by extensions ['colcon_pkg']
[0.368s] Level 1:colcon.colcon_core.package_identification:_identify(src/livox_ros_driver2_humble/src) by extension 'colcon_pkg'
[0.368s] Level 1:colcon.colcon_core.package_identification:_identify(src/livox_ros_driver2_humble/src) by extensions ['colcon_meta']
[0.368s] Level 1:colcon.colcon_core.package_identification:_identify(src/livox_ros_driver2_humble/src) by extension 'colcon_meta'
[0.368s] Level 1:colcon.colcon_core.package_identification:_identify(src/livox_ros_driver2_humble/src) by extensions ['ros']
[0.368s] Level 1:colcon.colcon_core.package_identification:_identify(src/livox_ros_driver2_humble/src) by extension 'ros'
[0.369s] DEBUG:colcon.colcon_core.package_identification:Package 'src/livox_ros_driver2_humble/src' with type 'ros.ament_cmake' and name 'livox_ros_driver2'
[0.369s] Level 1:colcon.colcon_core.package_identification:_identify(src/livox_to_scan) by extensions ['ignore', 'ignore_ament_install']
[0.369s] Level 1:colcon.colcon_core.package_identification:_identify(src/livox_to_scan) by extension 'ignore'
[0.369s] Level 1:colcon.colcon_core.package_identification:_identify(src/livox_to_scan) by extension 'ignore_ament_install'
[0.369s] Level 1:colcon.colcon_core.package_identification:_identify(src/livox_to_scan) by extensions ['colcon_pkg']
[0.369s] Level 1:colcon.colcon_core.package_identification:_identify(src/livox_to_scan) by extension 'colcon_pkg'
[0.369s] Level 1:colcon.colcon_core.package_identification:_identify(src/livox_to_scan) by extensions ['colcon_meta']
[0.369s] Level 1:colcon.colcon_core.package_identification:_identify(src/livox_to_scan) by extension 'colcon_meta'
[0.369s] Level 1:colcon.colcon_core.package_identification:_identify(src/livox_to_scan) by extensions ['ros']
[0.369s] Level 1:colcon.colcon_core.package_identification:_identify(src/livox_to_scan) by extension 'ros'
[0.370s] DEBUG:colcon.colcon_core.package_identification:Package 'src/livox_to_scan' with type 'ros.ament_cmake' and name 'livox_to_scan'
[0.370s] Level 1:colcon.colcon_core.package_identification:_identify(src/nav2_plugins) by extensions ['ignore', 'ignore_ament_install']
[0.370s] Level 1:colcon.colcon_core.package_identification:_identify(src/nav2_plugins) by extension 'ignore'
[0.370s] Level 1:colcon.colcon_core.package_identification:_identify(src/nav2_plugins) by extension 'ignore_ament_install'
[0.370s] Level 1:colcon.colcon_core.package_identification:_identify(src/nav2_plugins) by extensions ['colcon_pkg']
[0.370s] Level 1:colcon.colcon_core.package_identification:_identify(src/nav2_plugins) by extension 'colcon_pkg'
[0.370s] Level 1:colcon.colcon_core.package_identification:_identify(src/nav2_plugins) by extensions ['colcon_meta']
[0.370s] Level 1:colcon.colcon_core.package_identification:_identify(src/nav2_plugins) by extension 'colcon_meta'
[0.370s] Level 1:colcon.colcon_core.package_identification:_identify(src/nav2_plugins) by extensions ['ros']
[0.370s] Level 1:colcon.colcon_core.package_identification:_identify(src/nav2_plugins) by extension 'ros'
[0.370s] Level 1:colcon.colcon_core.package_identification:_identify(src/nav2_plugins) by extensions ['cmake', 'python']
[0.370s] Level 1:colcon.colcon_core.package_identification:_identify(src/nav2_plugins) by extension 'cmake'
[0.370s] Level 1:colcon.colcon_core.package_identification:_identify(src/nav2_plugins) by extension 'python'
[0.370s] Level 1:colcon.colcon_core.package_identification:_identify(src/nav2_plugins) by extensions ['python_setup_py']
[0.370s] Level 1:colcon.colcon_core.package_identification:_identify(src/nav2_plugins) by extension 'python_setup_py'
[0.370s] Level 1:colcon.colcon_core.package_identification:_identify(src/nav2_plugins/costmap_intensity) by extensions ['ignore', 'ignore_ament_install']
[0.370s] Level 1:colcon.colcon_core.package_identification:_identify(src/nav2_plugins/costmap_intensity) by extension 'ignore'
[0.370s] Level 1:colcon.colcon_core.package_identification:_identify(src/nav2_plugins/costmap_intensity) by extension 'ignore_ament_install'
[0.370s] Level 1:colcon.colcon_core.package_identification:_identify(src/nav2_plugins/costmap_intensity) by extensions ['colcon_pkg']
[0.370s] Level 1:colcon.colcon_core.package_identification:_identify(src/nav2_plugins/costmap_intensity) by extension 'colcon_pkg'
[0.370s] Level 1:colcon.colcon_core.package_identification:_identify(src/nav2_plugins/costmap_intensity) by extensions ['colcon_meta']
[0.370s] Level 1:colcon.colcon_core.package_identification:_identify(src/nav2_plugins/costmap_intensity) by extension 'colcon_meta'
[0.370s] Level 1:colcon.colcon_core.package_identification:_identify(src/nav2_plugins/costmap_intensity) by extensions ['ros']
[0.370s] Level 1:colcon.colcon_core.package_identification:_identify(src/nav2_plugins/costmap_intensity) by extension 'ros'
[0.372s] DEBUG:colcon.colcon_core.package_identification:Package 'src/nav2_plugins/costmap_intensity' with type 'ros.ament_cmake' and name 'costmap_intensity'
[0.372s] Level 1:colcon.colcon_core.package_identification:_identify(src/nav2_plugins/costmap_voxel) by extensions ['ignore', 'ignore_ament_install']
[0.372s] Level 1:colcon.colcon_core.package_identification:_identify(src/nav2_plugins/costmap_voxel) by extension 'ignore'
[0.372s] Level 1:colcon.colcon_core.package_identification:_identify(src/nav2_plugins/costmap_voxel) by extension 'ignore_ament_install'
[0.372s] Level 1:colcon.colcon_core.package_identification:_identify(src/nav2_plugins/costmap_voxel) by extensions ['colcon_pkg']
[0.372s] Level 1:colcon.colcon_core.package_identification:_identify(src/nav2_plugins/costmap_voxel) by extension 'colcon_pkg'
[0.372s] Level 1:colcon.colcon_core.package_identification:_identify(src/nav2_plugins/costmap_voxel) by extensions ['colcon_meta']
[0.372s] Level 1:colcon.colcon_core.package_identification:_identify(src/nav2_plugins/costmap_voxel) by extension 'colcon_meta'
[0.372s] Level 1:colcon.colcon_core.package_identification:_identify(src/nav2_plugins/costmap_voxel) by extensions ['ros']
[0.372s] Level 1:colcon.colcon_core.package_identification:_identify(src/nav2_plugins/costmap_voxel) by extension 'ros'
[0.373s] DEBUG:colcon.colcon_core.package_identification:Package 'src/nav2_plugins/costmap_voxel' with type 'ros.ament_cmake' and name 'costmap_voxel'
[0.373s] Level 1:colcon.colcon_core.package_identification:_identify(src/nav2_plugins/goal_approach_controller) by extensions ['ignore', 'ignore_ament_install']
[0.373s] Level 1:colcon.colcon_core.package_identification:_identify(src/nav2_plugins/goal_approach_controller) by extension 'ignore'
[0.373s] Level 1:colcon.colcon_core.package_identification:_identify(src/nav2_plugins/goal_approach_controller) by extension 'ignore_ament_install'
[0.373s] Level 1:colcon.colcon_core.package_identification:_identify(src/nav2_plugins/goal_approach_controller) by extensions ['colcon_pkg']
[0.373s] Level 1:colcon.colcon_core.package_identification:_identify(src/nav2_plugins/goal_approach_controller) by extension 'colcon_pkg'
[0.373s] Level 1:colcon.colcon_core.package_identification:_identify(src/nav2_plugins/goal_approach_controller) by extensions ['colcon_meta']
[0.373s] Level 1:colcon.colcon_core.package_identification:_identify(src/nav2_plugins/goal_approach_controller) by extension 'colcon_meta'
[0.373s] Level 1:colcon.colcon_core.package_identification:_identify(src/nav2_plugins/goal_approach_controller) by extensions ['ros']
[0.373s] Level 1:colcon.colcon_core.package_identification:_identify(src/nav2_plugins/goal_approach_controller) by extension 'ros'
[0.374s] DEBUG:colcon.colcon_core.package_identification:Package 'src/nav2_plugins/goal_approach_controller' with type 'ros.ament_cmake' and name 'goal_approach_controller'
[0.374s] Level 1:colcon.colcon_core.package_identification:_identify(src/nav2_plugins/pb_nav2_plugins) by extensions ['ignore', 'ignore_ament_install']
[0.374s] Level 1:colcon.colcon_core.package_identification:_identify(src/nav2_plugins/pb_nav2_plugins) by extension 'ignore'
[0.374s] Level 1:colcon.colcon_core.package_identification:_identify(src/nav2_plugins/pb_nav2_plugins) by extension 'ignore_ament_install'
[0.374s] Level 1:colcon.colcon_core.package_identification:_identify(src/nav2_plugins/pb_nav2_plugins) by extensions ['colcon_pkg']
[0.374s] Level 1:colcon.colcon_core.package_identification:_identify(src/nav2_plugins/pb_nav2_plugins) by extension 'colcon_pkg'
[0.374s] Level 1:colcon.colcon_core.package_identification:_identify(src/nav2_plugins/pb_nav2_plugins) by extensions ['colcon_meta']
[0.374s] Level 1:colcon.colcon_core.package_identification:_identify(src/nav2_plugins/pb_nav2_plugins) by extension 'colcon_meta'
[0.374s] Level 1:colcon.colcon_core.package_identification:_identify(src/nav2_plugins/pb_nav2_plugins) by extensions ['ros']
[0.374s] Level 1:colcon.colcon_core.package_identification:_identify(src/nav2_plugins/pb_nav2_plugins) by extension 'ros'
[0.375s] DEBUG:colcon.colcon_core.package_identification:Package 'src/nav2_plugins/pb_nav2_plugins' with type 'ros.ament_cmake' and name 'pb_nav2_plugins'
[0.375s] Level 1:colcon.colcon_core.package_identification:_identify(src/pcd_to_nav_map) by extensions ['ignore', 'ignore_ament_install']
[0.375s] Level 1:colcon.colcon_core.package_identification:_identify(src/pcd_to_nav_map) by extension 'ignore'
[0.375s] Level 1:colcon.colcon_core.package_identification:_identify(src/pcd_to_nav_map) ignored
[0.375s] Level 1:colcon.colcon_core.package_identification:_identify(src/rm_referee_mock) by extensions ['ignore', 'ignore_ament_install']
[0.375s] Level 1:colcon.colcon_core.package_identification:_identify(src/rm_referee_mock) by extension 'ignore'
[0.375s] Level 1:colcon.colcon_core.package_identification:_identify(src/rm_referee_mock) by extension 'ignore_ament_install'
[0.375s] Level 1:colcon.colcon_core.package_identification:_identify(src/rm_referee_mock) by extensions ['colcon_pkg']
[0.375s] Level 1:colcon.colcon_core.package_identification:_identify(src/rm_referee_mock) by extension 'colcon_pkg'
[0.375s] Level 1:colcon.colcon_core.package_identification:_identify(src/rm_referee_mock) by extensions ['colcon_meta']
[0.375s] Level 1:colcon.colcon_core.package_identification:_identify(src/rm_referee_mock) by extension 'colcon_meta'
[0.375s] Level 1:colcon.colcon_core.package_identification:_identify(src/rm_referee_mock) by extensions ['ros']
[0.375s] Level 1:colcon.colcon_core.package_identification:_identify(src/rm_referee_mock) by extension 'ros'
[0.376s] DEBUG:colcon.colcon_core.package_identification:Package 'src/rm_referee_mock' with type 'ros.ament_cmake' and name 'rm_referee_mock'
[0.376s] Level 1:colcon.colcon_core.package_identification:_identify(src/rm_referee_ros2) by extensions ['ignore', 'ignore_ament_install']
[0.376s] Level 1:colcon.colcon_core.package_identification:_identify(src/rm_referee_ros2) by extension 'ignore'
[0.376s] Level 1:colcon.colcon_core.package_identification:_identify(src/rm_referee_ros2) by extension 'ignore_ament_install'
[0.376s] Level 1:colcon.colcon_core.package_identification:_identify(src/rm_referee_ros2) by extensions ['colcon_pkg']
[0.376s] Level 1:colcon.colcon_core.package_identification:_identify(src/rm_referee_ros2) by extension 'colcon_pkg'
[0.376s] Level 1:colcon.colcon_core.package_identification:_identify(src/rm_referee_ros2) by extensions ['colcon_meta']
[0.376s] Level 1:colcon.colcon_core.package_identification:_identify(src/rm_referee_ros2) by extension 'colcon_meta'
[0.376s] Level 1:colcon.colcon_core.package_identification:_identify(src/rm_referee_ros2) by extensions ['ros']
[0.376s] Level 1:colcon.colcon_core.package_identification:_identify(src/rm_referee_ros2) by extension 'ros'
[0.376s] Level 1:colcon.colcon_core.package_identification:_identify(src/rm_referee_ros2) by extensions ['cmake', 'python']
[0.376s] Level 1:colcon.colcon_core.package_identification:_identify(src/rm_referee_ros2) by extension 'cmake'
[0.376s] Level 1:colcon.colcon_core.package_identification:_identify(src/rm_referee_ros2) by extension 'python'
[0.376s] Level 1:colcon.colcon_core.package_identification:_identify(src/rm_referee_ros2) by extensions ['python_setup_py']
[0.376s] Level 1:colcon.colcon_core.package_identification:_identify(src/rm_referee_ros2) by extension 'python_setup_py'
[0.376s] Level 1:colcon.colcon_core.package_identification:_identify(src/rm_referee_ros2/rm_referee) by extensions ['ignore', 'ignore_ament_install']
[0.376s] Level 1:colcon.colcon_core.package_identification:_identify(src/rm_referee_ros2/rm_referee) by extension 'ignore'
[0.376s] Level 1:colcon.colcon_core.package_identification:_identify(src/rm_referee_ros2/rm_referee) by extension 'ignore_ament_install'
[0.376s] Level 1:colcon.colcon_core.package_identification:_identify(src/rm_referee_ros2/rm_referee) by extensions ['colcon_pkg']
[0.376s] Level 1:colcon.colcon_core.package_identification:_identify(src/rm_referee_ros2/rm_referee) by extension 'colcon_pkg'
[0.376s] Level 1:colcon.colcon_core.package_identification:_identify(src/rm_referee_ros2/rm_referee) by extensions ['colcon_meta']
[0.376s] Level 1:colcon.colcon_core.package_identification:_identify(src/rm_referee_ros2/rm_referee) by extension 'colcon_meta'
[0.376s] Level 1:colcon.colcon_core.package_identification:_identify(src/rm_referee_ros2/rm_referee) by extensions ['ros']
[0.376s] Level 1:colcon.colcon_core.package_identification:_identify(src/rm_referee_ros2/rm_referee) by extension 'ros'
[0.377s] DEBUG:colcon.colcon_core.package_identification:Package 'src/rm_referee_ros2/rm_referee' with type 'ros.ament_cmake' and name 'rm_referee'
[0.377s] Level 1:colcon.colcon_core.package_identification:_identify(src/rm_referee_ros2/rm_referee_msgs) by extensions ['ignore', 'ignore_ament_install']
[0.377s] Level 1:colcon.colcon_core.package_identification:_identify(src/rm_referee_ros2/rm_referee_msgs) by extension 'ignore'
[0.377s] Level 1:colcon.colcon_core.package_identification:_identify(src/rm_referee_ros2/rm_referee_msgs) by extension 'ignore_ament_install'
[0.377s] Level 1:colcon.colcon_core.package_identification:_identify(src/rm_referee_ros2/rm_referee_msgs) by extensions ['colcon_pkg']
[0.377s] Level 1:colcon.colcon_core.package_identification:_identify(src/rm_referee_ros2/rm_referee_msgs) by extension 'colcon_pkg'
[0.377s] Level 1:colcon.colcon_core.package_identification:_identify(src/rm_referee_ros2/rm_referee_msgs) by extensions ['colcon_meta']
[0.377s] Level 1:colcon.colcon_core.package_identification:_identify(src/rm_referee_ros2/rm_referee_msgs) by extension 'colcon_meta'
[0.377s] Level 1:colcon.colcon_core.package_identification:_identify(src/rm_referee_ros2/rm_referee_msgs) by extensions ['ros']
[0.377s] Level 1:colcon.colcon_core.package_identification:_identify(src/rm_referee_ros2/rm_referee_msgs) by extension 'ros'
[0.378s] DEBUG:colcon.colcon_core.package_identification:Package 'src/rm_referee_ros2/rm_referee_msgs' with type 'ros.ament_cmake' and name 'rm_referee_msgs'
[0.378s] Level 1:colcon.colcon_core.package_identification:_identify(src/sentry_msgs) by extensions ['ignore', 'ignore_ament_install']
[0.378s] Level 1:colcon.colcon_core.package_identification:_identify(src/sentry_msgs) by extension 'ignore'
[0.378s] Level 1:colcon.colcon_core.package_identification:_identify(src/sentry_msgs) by extension 'ignore_ament_install'
[0.378s] Level 1:colcon.colcon_core.package_identification:_identify(src/sentry_msgs) by extensions ['colcon_pkg']
[0.378s] Level 1:colcon.colcon_core.package_identification:_identify(src/sentry_msgs) by extension 'colcon_pkg'
[0.378s] Level 1:colcon.colcon_core.package_identification:_identify(src/sentry_msgs) by extensions ['colcon_meta']
[0.378s] Level 1:colcon.colcon_core.package_identification:_identify(src/sentry_msgs) by extension 'colcon_meta'
[0.378s] Level 1:colcon.colcon_core.package_identification:_identify(src/sentry_msgs) by extensions ['ros']
[0.378s] Level 1:colcon.colcon_core.package_identification:_identify(src/sentry_msgs) by extension 'ros'
[0.378s] DEBUG:colcon.colcon_core.package_identification:Package 'src/sentry_msgs' with type 'ros.ament_cmake' and name 'sentry_msgs'
[0.378s] Level 1:colcon.colcon_core.package_identification:_identify(src/serial_comm) by extensions ['ignore', 'ignore_ament_install']
[0.378s] Level 1:colcon.colcon_core.package_identification:_identify(src/serial_comm) by extension 'ignore'
[0.378s] Level 1:colcon.colcon_core.package_identification:_identify(src/serial_comm) by extension 'ignore_ament_install'
[0.378s] Level 1:colcon.colcon_core.package_identification:_identify(src/serial_comm) by extensions ['colcon_pkg']
[0.378s] Level 1:colcon.colcon_core.package_identification:_identify(src/serial_comm) by extension 'colcon_pkg'
[0.378s] Level 1:colcon.colcon_core.package_identification:_identify(src/serial_comm) by extensions ['colcon_meta']
[0.378s] Level 1:colcon.colcon_core.package_identification:_identify(src/serial_comm) by extension 'colcon_meta'
[0.378s] Level 1:colcon.colcon_core.package_identification:_identify(src/serial_comm) by extensions ['ros']
[0.378s] Level 1:colcon.colcon_core.package_identification:_identify(src/serial_comm) by extension 'ros'
[0.379s] DEBUG:colcon.colcon_core.package_identification:Package 'src/serial_comm' with type 'ros.ament_cmake' and name 'serial_comm'
[0.379s] Level 1:colcon.colcon_core.package_discovery:discover_packages(recursive) using defaults
[0.379s] Level 1:colcon.colcon_core.package_discovery:discover_packages(ignore) discover
[0.379s] Level 1:colcon.colcon_core.package_discovery:discover_packages(ignore) using defaults
[0.379s] Level 1:colcon.colcon_core.package_discovery:discover_packages(path) discover
[0.379s] Level 1:colcon.colcon_core.package_discovery:discover_packages(path) using defaults
[0.398s] Level 1:colcon.colcon_core.package_discovery:discover_packages(prefix_path) check parameters
[0.398s] Level 1:colcon.colcon_core.package_discovery:discover_packages(prefix_path) discover
[0.401s] DEBUG:colcon.colcon_installed_package_information.package_discovery:Found 516 installed packages in /opt/ros/humble
[0.403s] Level 1:colcon.colcon_core.package_discovery:discover_packages(prefix_path) using defaults
[0.440s] Level 5:colcon.colcon_core.verb:set package 'costmap_intensity' build argument 'cmake_args' from command line to 'None'
[0.440s] Level 5:colcon.colcon_core.verb:set package 'costmap_intensity' build argument 'cmake_target' from command line to 'None'
[0.440s] Level 5:colcon.colcon_core.verb:set package 'costmap_intensity' build argument 'cmake_target_skip_unavailable' from command line to 'False'
[0.440s] Level 5:colcon.colcon_core.verb:set package 'costmap_intensity' build argument 'cmake_clean_cache' from command line to 'False'
[0.440s] Level 5:colcon.colcon_core.verb:set package 'costmap_intensity' build argument 'cmake_clean_first' from command line to 'False'
[0.440s] Level 5:colcon.colcon_core.verb:set package 'costmap_intensity' build argument 'cmake_force_configure' from command line to 'False'
[0.440s] Level 5:colcon.colcon_core.verb:set package 'costmap_intensity' build argument 'ament_cmake_args' from command line to 'None'
[0.440s] Level 5:colcon.colcon_core.verb:set package 'costmap_intensity' build argument 'catkin_cmake_args' from command line to 'None'
[0.440s] Level 5:colcon.colcon_core.verb:set package 'costmap_intensity' build argument 'catkin_skip_building_tests' from command line to 'False'
[0.440s] DEBUG:colcon.colcon_core.verb:Building package 'costmap_intensity' with the following arguments: {'ament_cmake_args': None, 'build_base': '/home/chen/sentry_try/sentry_ws/build/costmap_intensity', 'catkin_cmake_args': None, 'catkin_skip_building_tests': False, 'cmake_args': None, 'cmake_clean_cache': False, 'cmake_clean_first': False, 'cmake_force_configure': False, 'cmake_target': None, 'cmake_target_skip_unavailable': False, 'install_base': '/home/chen/sentry_try/sentry_ws/install/costmap_intensity', 'merge_install': False, 'path': '/home/chen/sentry_try/sentry_ws/src/nav2_plugins/costmap_intensity', 'symlink_install': False, 'test_result_base': None}
[0.440s] Level 5:colcon.colcon_core.verb:set package 'costmap_voxel' build argument 'cmake_args' from command line to 'None'
[0.440s] Level 5:colcon.colcon_core.verb:set package 'costmap_voxel' build argument 'cmake_target' from command line to 'None'
[0.440s] Level 5:colcon.colcon_core.verb:set package 'costmap_voxel' build argument 'cmake_target_skip_unavailable' from command line to 'False'
[0.440s] Level 5:colcon.colcon_core.verb:set package 'costmap_voxel' build argument 'cmake_clean_cache' from command line to 'False'
[0.440s] Level 5:colcon.colcon_core.verb:set package 'costmap_voxel' build argument 'cmake_clean_first' from command line to 'False'
[0.440s] Level 5:colcon.colcon_core.verb:set package 'costmap_voxel' build argument 'cmake_force_configure' from command line to 'False'
[0.440s] Level 5:colcon.colcon_core.verb:set package 'costmap_voxel' build argument 'ament_cmake_args' from command line to 'None'
[0.440s] Level 5:colcon.colcon_core.verb:set package 'costmap_voxel' build argument 'catkin_cmake_args' from command line to 'None'
[0.440s] Level 5:colcon.colcon_core.verb:set package 'costmap_voxel' build argument 'catkin_skip_building_tests' from command line to 'False'
[0.440s] DEBUG:colcon.colcon_core.verb:Building package 'costmap_voxel' with the following arguments: {'ament_cmake_args': None, 'build_base': '/home/chen/sentry_try/sentry_ws/build/costmap_voxel', 'catkin_cmake_args': None, 'catkin_skip_building_tests': False, 'cmake_args': None, 'cmake_clean_cache': False, 'cmake_clean_first': False, 'cmake_force_configure': False, 'cmake_target': None, 'cmake_target_skip_unavailable': False, 'install_base': '/home/chen/sentry_try/sentry_ws/install/costmap_voxel', 'merge_install': False, 'path': '/home/chen/sentry_try/sentry_ws/src/nav2_plugins/costmap_voxel', 'symlink_install': False, 'test_result_base': None}
[0.440s] Level 5:colcon.colcon_core.verb:set package 'goal_approach_controller' build argument 'cmake_args' from command line to 'None'
[0.440s] Level 5:colcon.colcon_core.verb:set package 'goal_approach_controller' build argument 'cmake_target' from command line to 'None'
[0.440s] Level 5:colcon.colcon_core.verb:set package 'goal_approach_controller' build argument 'cmake_target_skip_unavailable' from command line to 'False'
[0.440s] Level 5:colcon.colcon_core.verb:set package 'goal_approach_controller' build argument 'cmake_clean_cache' from command line to 'False'
[0.440s] Level 5:colcon.colcon_core.verb:set package 'goal_approach_controller' build argument 'cmake_clean_first' from command line to 'False'
[0.440s] Level 5:colcon.colcon_core.verb:set package 'goal_approach_controller' build argument 'cmake_force_configure' from command line to 'False'
[0.440s] Level 5:colcon.colcon_core.verb:set package 'goal_approach_controller' build argument 'ament_cmake_args' from command line to 'None'
[0.440s] Level 5:colcon.colcon_core.verb:set package 'goal_approach_controller' build argument 'catkin_cmake_args' from command line to 'None'
[0.440s] Level 5:colcon.colcon_core.verb:set package 'goal_approach_controller' build argument 'catkin_skip_building_tests' from command line to 'False'
[0.440s] DEBUG:colcon.colcon_core.verb:Building package 'goal_approach_controller' with the following arguments: {'ament_cmake_args': None, 'build_base': '/home/chen/sentry_try/sentry_ws/build/goal_approach_controller', 'catkin_cmake_args': None, 'catkin_skip_building_tests': False, 'cmake_args': None, 'cmake_clean_cache': False, 'cmake_clean_first': False, 'cmake_force_configure': False, 'cmake_target': None, 'cmake_target_skip_unavailable': False, 'install_base': '/home/chen/sentry_try/sentry_ws/install/goal_approach_controller', 'merge_install': False, 'path': '/home/chen/sentry_try/sentry_ws/src/nav2_plugins/goal_approach_controller', 'symlink_install': False, 'test_result_base': None}
[0.441s] Level 5:colcon.colcon_core.verb:set package 'lightning' build argument 'cmake_args' from command line to 'None'
[0.441s] Level 5:colcon.colcon_core.verb:set package 'lightning' build argument 'cmake_target' from command line to 'None'
[0.441s] Level 5:colcon.colcon_core.verb:set package 'lightning' build argument 'cmake_target_skip_unavailable' from command line to 'False'
[0.441s] Level 5:colcon.colcon_core.verb:set package 'lightning' build argument 'cmake_clean_cache' from command line to 'False'
[0.441s] Level 5:colcon.colcon_core.verb:set package 'lightning' build argument 'cmake_clean_first' from command line to 'False'
[0.441s] Level 5:colcon.colcon_core.verb:set package 'lightning' build argument 'cmake_force_configure' from command line to 'False'
[0.441s] Level 5:colcon.colcon_core.verb:set package 'lightning' build argument 'ament_cmake_args' from command line to 'None'
[0.441s] Level 5:colcon.colcon_core.verb:set package 'lightning' build argument 'catkin_cmake_args' from command line to 'None'
[0.441s] Level 5:colcon.colcon_core.verb:set package 'lightning' build argument 'catkin_skip_building_tests' from command line to 'False'
[0.441s] DEBUG:colcon.colcon_core.verb:Building package 'lightning' with the following arguments: {'ament_cmake_args': None, 'build_base': '/home/chen/sentry_try/sentry_ws/build/lightning', 'catkin_cmake_args': None, 'catkin_skip_building_tests': False, 'cmake_args': None, 'cmake_clean_cache': False, 'cmake_clean_first': False, 'cmake_force_configure': False, 'cmake_target': None, 'cmake_target_skip_unavailable': False, 'install_base': '/home/chen/sentry_try/sentry_ws/install/lightning', 'merge_install': False, 'path': '/home/chen/sentry_try/sentry_ws/src/lightning-lm-master', 'symlink_install': False, 'test_result_base': None}
[0.441s] Level 5:colcon.colcon_core.verb:set package 'livox_ros_driver2' build argument 'cmake_args' from command line to 'None'
[0.441s] Level 5:colcon.colcon_core.verb:set package 'livox_ros_driver2' build argument 'cmake_target' from command line to 'None'
[0.441s] Level 5:colcon.colcon_core.verb:set package 'livox_ros_driver2' build argument 'cmake_target_skip_unavailable' from command line to 'False'
[0.441s] Level 5:colcon.colcon_core.verb:set package 'livox_ros_driver2' build argument 'cmake_clean_cache' from command line to 'False'
[0.441s] Level 5:colcon.colcon_core.verb:set package 'livox_ros_driver2' build argument 'cmake_clean_first' from command line to 'False'
[0.441s] Level 5:colcon.colcon_core.verb:set package 'livox_ros_driver2' build argument 'cmake_force_configure' from command line to 'False'
[0.441s] Level 5:colcon.colcon_core.verb:set package 'livox_ros_driver2' build argument 'ament_cmake_args' from command line to 'None'
[0.441s] Level 5:colcon.colcon_core.verb:set package 'livox_ros_driver2' build argument 'catkin_cmake_args' from command line to 'None'
[0.441s] Level 5:colcon.colcon_core.verb:set package 'livox_ros_driver2' build argument 'catkin_skip_building_tests' from command line to 'False'
[0.441s] DEBUG:colcon.colcon_core.verb:Building package 'livox_ros_driver2' with the following arguments: {'ament_cmake_args': None, 'build_base': '/home/chen/sentry_try/sentry_ws/build/livox_ros_driver2', 'catkin_cmake_args': None, 'catkin_skip_building_tests': False, 'cmake_args': None, 'cmake_clean_cache': False, 'cmake_clean_first': False, 'cmake_force_configure': False, 'cmake_target': None, 'cmake_target_skip_unavailable': False, 'install_base': '/home/chen/sentry_try/sentry_ws/install/livox_ros_driver2', 'merge_install': False, 'path': '/home/chen/sentry_try/sentry_ws/src/livox_ros_driver2_humble/src', 'symlink_install': False, 'test_result_base': None}
[0.441s] Level 5:colcon.colcon_core.verb:set package 'pb_nav2_plugins' build argument 'cmake_args' from command line to 'None'
[0.441s] Level 5:colcon.colcon_core.verb:set package 'pb_nav2_plugins' build argument 'cmake_target' from command line to 'None'
[0.441s] Level 5:colcon.colcon_core.verb:set package 'pb_nav2_plugins' build argument 'cmake_target_skip_unavailable' from command line to 'False'
[0.441s] Level 5:colcon.colcon_core.verb:set package 'pb_nav2_plugins' build argument 'cmake_clean_cache' from command line to 'False'
[0.441s] Level 5:colcon.colcon_core.verb:set package 'pb_nav2_plugins' build argument 'cmake_clean_first' from command line to 'False'
[0.441s] Level 5:colcon.colcon_core.verb:set package 'pb_nav2_plugins' build argument 'cmake_force_configure' from command line to 'False'
[0.441s] Level 5:colcon.colcon_core.verb:set package 'pb_nav2_plugins' build argument 'ament_cmake_args' from command line to 'None'
[0.441s] Level 5:colcon.colcon_core.verb:set package 'pb_nav2_plugins' build argument 'catkin_cmake_args' from command line to 'None'
[0.441s] Level 5:colcon.colcon_core.verb:set package 'pb_nav2_plugins' build argument 'catkin_skip_building_tests' from command line to 'False'
[0.441s] DEBUG:colcon.colcon_core.verb:Building package 'pb_nav2_plugins' with the following arguments: {'ament_cmake_args': None, 'build_base': '/home/chen/sentry_try/sentry_ws/build/pb_nav2_plugins', 'catkin_cmake_args': None, 'catkin_skip_building_tests': False, 'cmake_args': None, 'cmake_clean_cache': False, 'cmake_clean_first': False, 'cmake_force_configure': False, 'cmake_target': None, 'cmake_target_skip_unavailable': False, 'install_base': '/home/chen/sentry_try/sentry_ws/install/pb_nav2_plugins', 'merge_install': False, 'path': '/home/chen/sentry_try/sentry_ws/src/nav2_plugins/pb_nav2_plugins', 'symlink_install': False, 'test_result_base': None}
[0.441s] Level 5:colcon.colcon_core.verb:set package 'rm_referee_msgs' build argument 'cmake_args' from command line to 'None'
[0.441s] Level 5:colcon.colcon_core.verb:set package 'rm_referee_msgs' build argument 'cmake_target' from command line to 'None'
[0.441s] Level 5:colcon.colcon_core.verb:set package 'rm_referee_msgs' build argument 'cmake_target_skip_unavailable' from command line to 'False'
[0.441s] Level 5:colcon.colcon_core.verb:set package 'rm_referee_msgs' build argument 'cmake_clean_cache' from command line to 'False'
[0.441s] Level 5:colcon.colcon_core.verb:set package 'rm_referee_msgs' build argument 'cmake_clean_first' from command line to 'False'
[0.441s] Level 5:colcon.colcon_core.verb:set package 'rm_referee_msgs' build argument 'cmake_force_configure' from command line to 'False'
[0.441s] Level 5:colcon.colcon_core.verb:set package 'rm_referee_msgs' build argument 'ament_cmake_args' from command line to 'None'
[0.441s] Level 5:colcon.colcon_core.verb:set package 'rm_referee_msgs' build argument 'catkin_cmake_args' from command line to 'None'
[0.441s] Level 5:colcon.colcon_core.verb:set package 'rm_referee_msgs' build argument 'catkin_skip_building_tests' from command line to 'False'
[0.441s] DEBUG:colcon.colcon_core.verb:Building package 'rm_referee_msgs' with the following arguments: {'ament_cmake_args': None, 'build_base': '/home/chen/sentry_try/sentry_ws/build/rm_referee_msgs', 'catkin_cmake_args': None, 'catkin_skip_building_tests': False, 'cmake_args': None, 'cmake_clean_cache': False, 'cmake_clean_first': False, 'cmake_force_configure': False, 'cmake_target': None, 'cmake_target_skip_unavailable': False, 'install_base': '/home/chen/sentry_try/sentry_ws/install/rm_referee_msgs', 'merge_install': False, 'path': '/home/chen/sentry_try/sentry_ws/src/rm_referee_ros2/rm_referee_msgs', 'symlink_install': False, 'test_result_base': None}
[0.442s] Level 5:colcon.colcon_core.verb:set package 'sentry_msgs' build argument 'cmake_args' from command line to 'None'
[0.442s] Level 5:colcon.colcon_core.verb:set package 'sentry_msgs' build argument 'cmake_target' from command line to 'None'
[0.442s] Level 5:colcon.colcon_core.verb:set package 'sentry_msgs' build argument 'cmake_target_skip_unavailable' from command line to 'False'
[0.442s] Level 5:colcon.colcon_core.verb:set package 'sentry_msgs' build argument 'cmake_clean_cache' from command line to 'False'
[0.442s] Level 5:colcon.colcon_core.verb:set package 'sentry_msgs' build argument 'cmake_clean_first' from command line to 'False'
[0.442s] Level 5:colcon.colcon_core.verb:set package 'sentry_msgs' build argument 'cmake_force_configure' from command line to 'False'
[0.442s] Level 5:colcon.colcon_core.verb:set package 'sentry_msgs' build argument 'ament_cmake_args' from command line to 'None'
[0.442s] Level 5:colcon.colcon_core.verb:set package 'sentry_msgs' build argument 'catkin_cmake_args' from command line to 'None'
[0.442s] Level 5:colcon.colcon_core.verb:set package 'sentry_msgs' build argument 'catkin_skip_building_tests' from command line to 'False'
[0.442s] DEBUG:colcon.colcon_core.verb:Building package 'sentry_msgs' with the following arguments: {'ament_cmake_args': None, 'build_base': '/home/chen/sentry_try/sentry_ws/build/sentry_msgs', 'catkin_cmake_args': None, 'catkin_skip_building_tests': False, 'cmake_args': None, 'cmake_clean_cache': False, 'cmake_clean_first': False, 'cmake_force_configure': False, 'cmake_target': None, 'cmake_target_skip_unavailable': False, 'install_base': '/home/chen/sentry_try/sentry_ws/install/sentry_msgs', 'merge_install': False, 'path': '/home/chen/sentry_try/sentry_ws/src/sentry_msgs', 'symlink_install': False, 'test_result_base': None}
[0.442s] Level 5:colcon.colcon_core.verb:set package 'fast_lio' build argument 'cmake_args' from command line to 'None'
[0.442s] Level 5:colcon.colcon_core.verb:set package 'fast_lio' build argument 'cmake_target' from command line to 'None'
[0.442s] Level 5:colcon.colcon_core.verb:set package 'fast_lio' build argument 'cmake_target_skip_unavailable' from command line to 'False'
[0.442s] Level 5:colcon.colcon_core.verb:set package 'fast_lio' build argument 'cmake_clean_cache' from command line to 'False'
[0.442s] Level 5:colcon.colcon_core.verb:set package 'fast_lio' build argument 'cmake_clean_first' from command line to 'False'
[0.442s] Level 5:colcon.colcon_core.verb:set package 'fast_lio' build argument 'cmake_force_configure' from command line to 'False'
[0.442s] Level 5:colcon.colcon_core.verb:set package 'fast_lio' build argument 'ament_cmake_args' from command line to 'None'
[0.442s] Level 5:colcon.colcon_core.verb:set package 'fast_lio' build argument 'catkin_cmake_args' from command line to 'None'
[0.442s] Level 5:colcon.colcon_core.verb:set package 'fast_lio' build argument 'catkin_skip_building_tests' from command line to 'False'
[0.442s] DEBUG:colcon.colcon_core.verb:Building package 'fast_lio' with the following arguments: {'ament_cmake_args': None, 'build_base': '/home/chen/sentry_try/sentry_ws/build/fast_lio', 'catkin_cmake_args': None, 'catkin_skip_building_tests': False, 'cmake_args': None, 'cmake_clean_cache': False, 'cmake_clean_first': False, 'cmake_force_configure': False, 'cmake_target': None, 'cmake_target_skip_unavailable': False, 'install_base': '/home/chen/sentry_try/sentry_ws/install/fast_lio', 'merge_install': False, 'path': '/home/chen/sentry_try/sentry_ws/src/FAST_LIO', 'symlink_install': False, 'test_result_base': None}
[0.442s] Level 5:colcon.colcon_core.verb:set package 'livox_to_scan' build argument 'cmake_args' from command line to 'None'
[0.442s] Level 5:colcon.colcon_core.verb:set package 'livox_to_scan' build argument 'cmake_target' from command line to 'None'
[0.442s] Level 5:colcon.colcon_core.verb:set package 'livox_to_scan' build argument 'cmake_target_skip_unavailable' from command line to 'False'
[0.442s] Level 5:colcon.colcon_core.verb:set package 'livox_to_scan' build argument 'cmake_clean_cache' from command line to 'False'
[0.442s] Level 5:colcon.colcon_core.verb:set package 'livox_to_scan' build argument 'cmake_clean_first' from command line to 'False'
[0.442s] Level 5:colcon.colcon_core.verb:set package 'livox_to_scan' build argument 'cmake_force_configure' from command line to 'False'
[0.442s] Level 5:colcon.colcon_core.verb:set package 'livox_to_scan' build argument 'ament_cmake_args' from command line to 'None'
[0.442s] Level 5:colcon.colcon_core.verb:set package 'livox_to_scan' build argument 'catkin_cmake_args' from command line to 'None'
[0.442s] Level 5:colcon.colcon_core.verb:set package 'livox_to_scan' build argument 'catkin_skip_building_tests' from command line to 'False'
[0.442s] DEBUG:colcon.colcon_core.verb:Building package 'livox_to_scan' with the following arguments: {'ament_cmake_args': None, 'build_base': '/home/chen/sentry_try/sentry_ws/build/livox_to_scan', 'catkin_cmake_args': None, 'catkin_skip_building_tests': False, 'cmake_args': None, 'cmake_clean_cache': False, 'cmake_clean_first': False, 'cmake_force_configure': False, 'cmake_target': None, 'cmake_target_skip_unavailable': False, 'install_base': '/home/chen/sentry_try/sentry_ws/install/livox_to_scan', 'merge_install': False, 'path': '/home/chen/sentry_try/sentry_ws/src/livox_to_scan', 'symlink_install': False, 'test_result_base': None}
[0.442s] Level 5:colcon.colcon_core.verb:set package 'rm_referee' build argument 'cmake_args' from command line to 'None'
[0.442s] Level 5:colcon.colcon_core.verb:set package 'rm_referee' build argument 'cmake_target' from command line to 'None'
[0.442s] Level 5:colcon.colcon_core.verb:set package 'rm_referee' build argument 'cmake_target_skip_unavailable' from command line to 'False'
[0.442s] Level 5:colcon.colcon_core.verb:set package 'rm_referee' build argument 'cmake_clean_cache' from command line to 'False'
[0.442s] Level 5:colcon.colcon_core.verb:set package 'rm_referee' build argument 'cmake_clean_first' from command line to 'False'
[0.442s] Level 5:colcon.colcon_core.verb:set package 'rm_referee' build argument 'cmake_force_configure' from command line to 'False'
[0.442s] Level 5:colcon.colcon_core.verb:set package 'rm_referee' build argument 'ament_cmake_args' from command line to 'None'
[0.442s] Level 5:colcon.colcon_core.verb:set package 'rm_referee' build argument 'catkin_cmake_args' from command line to 'None'
[0.442s] Level 5:colcon.colcon_core.verb:set package 'rm_referee' build argument 'catkin_skip_building_tests' from command line to 'False'
[0.442s] DEBUG:colcon.colcon_core.verb:Building package 'rm_referee' with the following arguments: {'ament_cmake_args': None, 'build_base': '/home/chen/sentry_try/sentry_ws/build/rm_referee', 'catkin_cmake_args': None, 'catkin_skip_building_tests': False, 'cmake_args': None, 'cmake_clean_cache': False, 'cmake_clean_first': False, 'cmake_force_configure': False, 'cmake_target': None, 'cmake_target_skip_unavailable': False, 'install_base': '/home/chen/sentry_try/sentry_ws/install/rm_referee', 'merge_install': False, 'path': '/home/chen/sentry_try/sentry_ws/src/rm_referee_ros2/rm_referee', 'symlink_install': False, 'test_result_base': None}
[0.443s] Level 5:colcon.colcon_core.verb:set package 'rm_referee_mock' build argument 'cmake_args' from command line to 'None'
[0.443s] Level 5:colcon.colcon_core.verb:set package 'rm_referee_mock' build argument 'cmake_target' from command line to 'None'
[0.443s] Level 5:colcon.colcon_core.verb:set package 'rm_referee_mock' build argument 'cmake_target_skip_unavailable' from command line to 'False'
[0.443s] Level 5:colcon.colcon_core.verb:set package 'rm_referee_mock' build argument 'cmake_clean_cache' from command line to 'False'
[0.443s] Level 5:colcon.colcon_core.verb:set package 'rm_referee_mock' build argument 'cmake_clean_first' from command line to 'False'
[0.443s] Level 5:colcon.colcon_core.verb:set package 'rm_referee_mock' build argument 'cmake_force_configure' from command line to 'False'
[0.443s] Level 5:colcon.colcon_core.verb:set package 'rm_referee_mock' build argument 'ament_cmake_args' from command line to 'None'
[0.443s] Level 5:colcon.colcon_core.verb:set package 'rm_referee_mock' build argument 'catkin_cmake_args' from command line to 'None'
[0.443s] Level 5:colcon.colcon_core.verb:set package 'rm_referee_mock' build argument 'catkin_skip_building_tests' from command line to 'False'
[0.443s] DEBUG:colcon.colcon_core.verb:Building package 'rm_referee_mock' with the following arguments: {'ament_cmake_args': None, 'build_base': '/home/chen/sentry_try/sentry_ws/build/rm_referee_mock', 'catkin_cmake_args': None, 'catkin_skip_building_tests': False, 'cmake_args': None, 'cmake_clean_cache': False, 'cmake_clean_first': False, 'cmake_force_configure': False, 'cmake_target': None, 'cmake_target_skip_unavailable': False, 'install_base': '/home/chen/sentry_try/sentry_ws/install/rm_referee_mock', 'merge_install': False, 'path': '/home/chen/sentry_try/sentry_ws/src/rm_referee_mock', 'symlink_install': False, 'test_result_base': None}
[0.443s] Level 5:colcon.colcon_core.verb:set package 'serial_comm' build argument 'cmake_args' from command line to 'None'
[0.443s] Level 5:colcon.colcon_core.verb:set package 'serial_comm' build argument 'cmake_target' from command line to 'None'
[0.443s] Level 5:colcon.colcon_core.verb:set package 'serial_comm' build argument 'cmake_target_skip_unavailable' from command line to 'False'
[0.443s] Level 5:colcon.colcon_core.verb:set package 'serial_comm' build argument 'cmake_clean_cache' from command line to 'False'
[0.443s] Level 5:colcon.colcon_core.verb:set package 'serial_comm' build argument 'cmake_clean_first' from command line to 'False'
[0.443s] Level 5:colcon.colcon_core.verb:set package 'serial_comm' build argument 'cmake_force_configure' from command line to 'False'
[0.443s] Level 5:colcon.colcon_core.verb:set package 'serial_comm' build argument 'ament_cmake_args' from command line to 'None'
[0.443s] Level 5:colcon.colcon_core.verb:set package 'serial_comm' build argument 'catkin_cmake_args' from command line to 'None'
[0.443s] Level 5:colcon.colcon_core.verb:set package 'serial_comm' build argument 'catkin_skip_building_tests' from command line to 'False'
[0.443s] DEBUG:colcon.colcon_core.verb:Building package 'serial_comm' with the following arguments: {'ament_cmake_args': None, 'build_base': '/home/chen/sentry_try/sentry_ws/build/serial_comm', 'catkin_cmake_args': None, 'catkin_skip_building_tests': False, 'cmake_args': None, 'cmake_clean_cache': False, 'cmake_clean_first': False, 'cmake_force_configure': False, 'cmake_target': None, 'cmake_target_skip_unavailable': False, 'install_base': '/home/chen/sentry_try/sentry_ws/install/serial_comm', 'merge_install': False, 'path': '/home/chen/sentry_try/sentry_ws/src/serial_comm', 'symlink_install': False, 'test_result_base': None}
[0.443s] INFO:colcon.colcon_core.executor:Executing jobs using 'parallel' executor
[0.444s] DEBUG:colcon.colcon_parallel_executor.executor.parallel:run_until_complete
[0.444s] INFO:colcon.colcon_ros.task.ament_cmake.build:Building ROS package in '/home/chen/sentry_try/sentry_ws/src/livox_ros_driver2_humble/src' with build type 'ament_cmake'
[0.444s] INFO:colcon.colcon_cmake.task.cmake.build:Building CMake package in '/home/chen/sentry_try/sentry_ws/src/livox_ros_driver2_humble/src'
[0.447s] INFO:colcon.colcon_core.plugin_system:Skipping extension 'colcon_core.shell.bat': Not used on non-Windows systems
[0.447s] INFO:colcon.colcon_core.shell:Skip shell extension 'powershell' for command environment: Not usable outside of PowerShell
[0.447s] DEBUG:colcon.colcon_core.shell:Skip shell extension 'dsv' for command environment
[0.450s] INFO:colcon.colcon_ros.task.ament_cmake.build:Building ROS package in '/home/chen/sentry_try/sentry_ws/src/rm_referee_ros2/rm_referee_msgs' with build type 'ament_cmake'
[0.450s] INFO:colcon.colcon_cmake.task.cmake.build:Building CMake package in '/home/chen/sentry_try/sentry_ws/src/rm_referee_ros2/rm_referee_msgs'
[0.450s] INFO:colcon.colcon_core.shell:Skip shell extension 'powershell' for command environment: Not usable outside of PowerShell
[0.450s] DEBUG:colcon.colcon_core.shell:Skip shell extension 'dsv' for command environment
[0.456s] DEBUG:colcon.colcon_core.event_handler.log_command:Invoking command in '/home/chen/sentry_try/sentry_ws/build/livox_ros_driver2': CMAKE_PREFIX_PATH=/opt/ros/humble /usr/bin/cmake --build /home/chen/sentry_try/sentry_ws/build/livox_ros_driver2 -- -j16 -l16
[0.460s] DEBUG:colcon.colcon_core.event_handler.log_command:Invoking command in '/home/chen/sentry_try/sentry_ws/build/rm_referee_msgs': CMAKE_PREFIX_PATH=/opt/ros/humble /usr/bin/cmake --build /home/chen/sentry_try/sentry_ws/build/rm_referee_msgs -- -j16 -l16
[0.798s] DEBUG:colcon.colcon_core.event_handler.log_command:Invoked command in '/home/chen/sentry_try/sentry_ws/build/livox_ros_driver2' returned '0': CMAKE_PREFIX_PATH=/opt/ros/humble /usr/bin/cmake --build /home/chen/sentry_try/sentry_ws/build/livox_ros_driver2 -- -j16 -l16
[0.808s] DEBUG:colcon.colcon_core.event_handler.log_command:Invoking command in '/home/chen/sentry_try/sentry_ws/build/livox_ros_driver2': CMAKE_PREFIX_PATH=/opt/ros/humble /usr/bin/cmake --install /home/chen/sentry_try/sentry_ws/build/livox_ros_driver2
[0.810s] DEBUG:colcon.colcon_core.event_handler.log_command:Invoked command in '/home/chen/sentry_try/sentry_ws/build/rm_referee_msgs' returned '0': CMAKE_PREFIX_PATH=/opt/ros/humble /usr/bin/cmake --build /home/chen/sentry_try/sentry_ws/build/rm_referee_msgs -- -j16 -l16
[0.811s] DEBUG:colcon.colcon_core.event_handler.log_command:Invoking command in '/home/chen/sentry_try/sentry_ws/build/rm_referee_msgs': CMAKE_PREFIX_PATH=/opt/ros/humble /usr/bin/cmake --install /home/chen/sentry_try/sentry_ws/build/rm_referee_msgs
[0.897s] Level 1:colcon.colcon_core.environment:create_environment_scripts_only(livox_ros_driver2)
[0.898s] DEBUG:colcon.colcon_core.event_handler.log_command:Invoked command in '/home/chen/sentry_try/sentry_ws/build/livox_ros_driver2' returned '0': CMAKE_PREFIX_PATH=/opt/ros/humble /usr/bin/cmake --install /home/chen/sentry_try/sentry_ws/build/livox_ros_driver2
[0.923s] Level 1:colcon.colcon_core.environment:checking '/home/chen/sentry_try/sentry_ws/install/livox_ros_driver2' for CMake module files
[0.924s] Level 1:colcon.colcon_core.environment:checking '/home/chen/sentry_try/sentry_ws/install/livox_ros_driver2' for CMake config files
[0.925s] Level 1:colcon.colcon_core.shell:create_environment_hook('livox_ros_driver2', 'cmake_prefix_path')
[0.926s] INFO:colcon.colcon_core.shell:Creating environment hook '/home/chen/sentry_try/sentry_ws/install/livox_ros_driver2/share/livox_ros_driver2/hook/cmake_prefix_path.ps1'
[0.928s] INFO:colcon.colcon_core.shell:Creating environment descriptor '/home/chen/sentry_try/sentry_ws/install/livox_ros_driver2/share/livox_ros_driver2/hook/cmake_prefix_path.dsv'
[0.931s] INFO:colcon.colcon_core.shell:Creating environment hook '/home/chen/sentry_try/sentry_ws/install/livox_ros_driver2/share/livox_ros_driver2/hook/cmake_prefix_path.sh'
[0.933s] Level 1:colcon.colcon_core.environment:checking '/home/chen/sentry_try/sentry_ws/install/livox_ros_driver2/lib'
[0.933s] Level 1:colcon.colcon_core.shell:create_environment_hook('livox_ros_driver2', 'ld_library_path_lib')
[0.933s] INFO:colcon.colcon_core.shell:Creating environment hook '/home/chen/sentry_try/sentry_ws/install/livox_ros_driver2/share/livox_ros_driver2/hook/ld_library_path_lib.ps1'
[0.934s] INFO:colcon.colcon_core.shell:Creating environment descriptor '/home/chen/sentry_try/sentry_ws/install/livox_ros_driver2/share/livox_ros_driver2/hook/ld_library_path_lib.dsv'
[0.934s] INFO:colcon.colcon_core.shell:Creating environment hook '/home/chen/sentry_try/sentry_ws/install/livox_ros_driver2/share/livox_ros_driver2/hook/ld_library_path_lib.sh'
[0.934s] Level 1:colcon.colcon_core.environment:checking '/home/chen/sentry_try/sentry_ws/install/livox_ros_driver2/bin'
[0.934s] Level 1:colcon.colcon_core.environment:checking '/home/chen/sentry_try/sentry_ws/install/livox_ros_driver2/lib/pkgconfig/livox_ros_driver2.pc'
[0.934s] Level 1:colcon.colcon_core.environment:checking '/home/chen/sentry_try/sentry_ws/install/livox_ros_driver2/lib/python3.10/site-packages'
[0.934s] Level 1:colcon.colcon_core.environment:checking '/home/chen/sentry_try/sentry_ws/install/livox_ros_driver2/bin'
[0.935s] INFO:colcon.colcon_core.shell:Creating package script '/home/chen/sentry_try/sentry_ws/install/livox_ros_driver2/share/livox_ros_driver2/package.ps1'
[0.936s] INFO:colcon.colcon_core.shell:Creating package descriptor '/home/chen/sentry_try/sentry_ws/install/livox_ros_driver2/share/livox_ros_driver2/package.dsv'
[0.936s] INFO:colcon.colcon_core.shell:Creating package script '/home/chen/sentry_try/sentry_ws/install/livox_ros_driver2/share/livox_ros_driver2/package.sh'
[0.938s] INFO:colcon.colcon_core.shell:Creating package script '/home/chen/sentry_try/sentry_ws/install/livox_ros_driver2/share/livox_ros_driver2/package.bash'
[0.941s] INFO:colcon.colcon_core.shell:Creating package script '/home/chen/sentry_try/sentry_ws/install/livox_ros_driver2/share/livox_ros_driver2/package.zsh'
[0.943s] Level 1:colcon.colcon_core.environment:create_file_with_runtime_dependencies(/home/chen/sentry_try/sentry_ws/install/livox_ros_driver2/share/colcon-core/packages/livox_ros_driver2)
[0.944s] Level 1:colcon.colcon_core.environment:create_environment_scripts_only(livox_ros_driver2)
[0.944s] Level 1:colcon.colcon_core.environment:checking '/home/chen/sentry_try/sentry_ws/install/livox_ros_driver2' for CMake module files
[0.945s] Level 1:colcon.colcon_core.environment:checking '/home/chen/sentry_try/sentry_ws/install/livox_ros_driver2' for CMake config files
[0.945s] Level 1:colcon.colcon_core.shell:create_environment_hook('livox_ros_driver2', 'cmake_prefix_path')
[0.945s] INFO:colcon.colcon_core.shell:Creating environment hook '/home/chen/sentry_try/sentry_ws/install/livox_ros_driver2/share/livox_ros_driver2/hook/cmake_prefix_path.ps1'
[0.945s] INFO:colcon.colcon_core.shell:Creating environment descriptor '/home/chen/sentry_try/sentry_ws/install/livox_ros_driver2/share/livox_ros_driver2/hook/cmake_prefix_path.dsv'
[0.946s] INFO:colcon.colcon_core.shell:Creating environment hook '/home/chen/sentry_try/sentry_ws/install/livox_ros_driver2/share/livox_ros_driver2/hook/cmake_prefix_path.sh'
[0.946s] Level 1:colcon.colcon_core.environment:checking '/home/chen/sentry_try/sentry_ws/install/livox_ros_driver2/lib'
[0.946s] Level 1:colcon.colcon_core.shell:create_environment_hook('livox_ros_driver2', 'ld_library_path_lib')
[0.946s] INFO:colcon.colcon_core.shell:Creating environment hook '/home/chen/sentry_try/sentry_ws/install/livox_ros_driver2/share/livox_ros_driver2/hook/ld_library_path_lib.ps1'
[0.946s] INFO:colcon.colcon_core.shell:Creating environment descriptor '/home/chen/sentry_try/sentry_ws/install/livox_ros_driver2/share/livox_ros_driver2/hook/ld_library_path_lib.dsv'
[0.947s] INFO:colcon.colcon_core.shell:Creating environment hook '/home/chen/sentry_try/sentry_ws/install/livox_ros_driver2/share/livox_ros_driver2/hook/ld_library_path_lib.sh'
[0.947s] Level 1:colcon.colcon_core.environment:checking '/home/chen/sentry_try/sentry_ws/install/livox_ros_driver2/bin'
[0.947s] Level 1:colcon.colcon_core.environment:checking '/home/chen/sentry_try/sentry_ws/install/livox_ros_driver2/lib/pkgconfig/livox_ros_driver2.pc'
[0.947s] Level 1:colcon.colcon_core.environment:checking '/home/chen/sentry_try/sentry_ws/install/livox_ros_driver2/lib/python3.10/site-packages'
[0.947s] Level 1:colcon.colcon_core.environment:checking '/home/chen/sentry_try/sentry_ws/install/livox_ros_driver2/bin'
[0.947s] INFO:colcon.colcon_core.shell:Creating package script '/home/chen/sentry_try/sentry_ws/install/livox_ros_driver2/share/livox_ros_driver2/package.ps1'
[0.948s] INFO:colcon.colcon_core.shell:Creating package descriptor '/home/chen/sentry_try/sentry_ws/install/livox_ros_driver2/share/livox_ros_driver2/package.dsv'
[0.948s] INFO:colcon.colcon_core.shell:Creating package script '/home/chen/sentry_try/sentry_ws/install/livox_ros_driver2/share/livox_ros_driver2/package.sh'
[0.948s] INFO:colcon.colcon_core.shell:Creating package script '/home/chen/sentry_try/sentry_ws/install/livox_ros_driver2/share/livox_ros_driver2/package.bash'
[0.948s] INFO:colcon.colcon_core.shell:Creating package script '/home/chen/sentry_try/sentry_ws/install/livox_ros_driver2/share/livox_ros_driver2/package.zsh'
[0.949s] Level 1:colcon.colcon_core.environment:create_file_with_runtime_dependencies(/home/chen/sentry_try/sentry_ws/install/livox_ros_driver2/share/colcon-core/packages/livox_ros_driver2)
[0.949s] INFO:colcon.colcon_ros.task.ament_cmake.build:Building ROS package in '/home/chen/sentry_try/sentry_ws/src/sentry_msgs' with build type 'ament_cmake'
[0.949s] INFO:colcon.colcon_cmake.task.cmake.build:Building CMake package in '/home/chen/sentry_try/sentry_ws/src/sentry_msgs'
[0.949s] INFO:colcon.colcon_core.shell:Skip shell extension 'powershell' for command environment: Not usable outside of PowerShell
[0.949s] DEBUG:colcon.colcon_core.shell:Skip shell extension 'dsv' for command environment
[0.953s] Level 1:colcon.colcon_core.environment:create_environment_scripts_only(rm_referee_msgs)
[0.953s] Level 1:colcon.colcon_core.environment:checking '/home/chen/sentry_try/sentry_ws/install/rm_referee_msgs' for CMake module files
[0.954s] DEBUG:colcon.colcon_core.event_handler.log_command:Invoked command in '/home/chen/sentry_try/sentry_ws/build/rm_referee_msgs' returned '0': CMAKE_PREFIX_PATH=/opt/ros/humble /usr/bin/cmake --install /home/chen/sentry_try/sentry_ws/build/rm_referee_msgs
[0.954s] Level 1:colcon.colcon_core.environment:checking '/home/chen/sentry_try/sentry_ws/install/rm_referee_msgs' for CMake config files
[0.955s] Level 1:colcon.colcon_core.shell:create_environment_hook('rm_referee_msgs', 'cmake_prefix_path')
[0.955s] INFO:colcon.colcon_core.shell:Creating environment hook '/home/chen/sentry_try/sentry_ws/install/rm_referee_msgs/share/rm_referee_msgs/hook/cmake_prefix_path.ps1'
[0.955s] INFO:colcon.colcon_core.shell:Creating environment descriptor '/home/chen/sentry_try/sentry_ws/install/rm_referee_msgs/share/rm_referee_msgs/hook/cmake_prefix_path.dsv'
[0.955s] INFO:colcon.colcon_core.shell:Creating environment hook '/home/chen/sentry_try/sentry_ws/install/rm_referee_msgs/share/rm_referee_msgs/hook/cmake_prefix_path.sh'
[0.956s] Level 1:colcon.colcon_core.environment:checking '/home/chen/sentry_try/sentry_ws/install/rm_referee_msgs/lib'
[0.956s] Level 1:colcon.colcon_core.shell:create_environment_hook('rm_referee_msgs', 'ld_library_path_lib')
[0.956s] INFO:colcon.colcon_core.shell:Creating environment hook '/home/chen/sentry_try/sentry_ws/install/rm_referee_msgs/share/rm_referee_msgs/hook/ld_library_path_lib.ps1'
[0.956s] INFO:colcon.colcon_core.shell:Creating environment descriptor '/home/chen/sentry_try/sentry_ws/install/rm_referee_msgs/share/rm_referee_msgs/hook/ld_library_path_lib.dsv'
[0.956s] INFO:colcon.colcon_core.shell:Creating environment hook '/home/chen/sentry_try/sentry_ws/install/rm_referee_msgs/share/rm_referee_msgs/hook/ld_library_path_lib.sh'
[0.957s] Level 1:colcon.colcon_core.environment:checking '/home/chen/sentry_try/sentry_ws/install/rm_referee_msgs/bin'
[0.957s] Level 1:colcon.colcon_core.environment:checking '/home/chen/sentry_try/sentry_ws/install/rm_referee_msgs/lib/pkgconfig/rm_referee_msgs.pc'
[0.957s] Level 1:colcon.colcon_core.environment:checking '/home/chen/sentry_try/sentry_ws/install/rm_referee_msgs/lib/python3.10/site-packages'
[0.957s] Level 1:colcon.colcon_core.environment:checking '/home/chen/sentry_try/sentry_ws/install/rm_referee_msgs/bin'
[0.957s] INFO:colcon.colcon_core.shell:Creating package script '/home/chen/sentry_try/sentry_ws/install/rm_referee_msgs/share/rm_referee_msgs/package.ps1'
[0.958s] INFO:colcon.colcon_core.shell:Creating package descriptor '/home/chen/sentry_try/sentry_ws/install/rm_referee_msgs/share/rm_referee_msgs/package.dsv'
[0.958s] INFO:colcon.colcon_core.shell:Creating package script '/home/chen/sentry_try/sentry_ws/install/rm_referee_msgs/share/rm_referee_msgs/package.sh'
[0.958s] INFO:colcon.colcon_core.shell:Creating package script '/home/chen/sentry_try/sentry_ws/install/rm_referee_msgs/share/rm_referee_msgs/package.bash'
[0.958s] INFO:colcon.colcon_core.shell:Creating package script '/home/chen/sentry_try/sentry_ws/install/rm_referee_msgs/share/rm_referee_msgs/package.zsh'
[0.959s] Level 1:colcon.colcon_core.environment:create_file_with_runtime_dependencies(/home/chen/sentry_try/sentry_ws/install/rm_referee_msgs/share/colcon-core/packages/rm_referee_msgs)
[0.959s] Level 1:colcon.colcon_core.environment:create_environment_scripts_only(rm_referee_msgs)
[0.959s] Level 1:colcon.colcon_core.environment:checking '/home/chen/sentry_try/sentry_ws/install/rm_referee_msgs' for CMake module files
[0.960s] Level 1:colcon.colcon_core.environment:checking '/home/chen/sentry_try/sentry_ws/install/rm_referee_msgs' for CMake config files
[0.961s] Level 1:colcon.colcon_core.shell:create_environment_hook('rm_referee_msgs', 'cmake_prefix_path')
[0.962s] INFO:colcon.colcon_core.shell:Creating environment hook '/home/chen/sentry_try/sentry_ws/install/rm_referee_msgs/share/rm_referee_msgs/hook/cmake_prefix_path.ps1'
[0.963s] INFO:colcon.colcon_core.shell:Creating environment descriptor '/home/chen/sentry_try/sentry_ws/install/rm_referee_msgs/share/rm_referee_msgs/hook/cmake_prefix_path.dsv'
[0.963s] INFO:colcon.colcon_core.shell:Creating environment hook '/home/chen/sentry_try/sentry_ws/install/rm_referee_msgs/share/rm_referee_msgs/hook/cmake_prefix_path.sh'
[0.963s] Level 1:colcon.colcon_core.environment:checking '/home/chen/sentry_try/sentry_ws/install/rm_referee_msgs/lib'
[0.963s] Level 1:colcon.colcon_core.shell:create_environment_hook('rm_referee_msgs', 'ld_library_path_lib')
[0.964s] INFO:colcon.colcon_core.shell:Creating environment hook '/home/chen/sentry_try/sentry_ws/install/rm_referee_msgs/share/rm_referee_msgs/hook/ld_library_path_lib.ps1'
[0.964s] INFO:colcon.colcon_core.shell:Creating environment descriptor '/home/chen/sentry_try/sentry_ws/install/rm_referee_msgs/share/rm_referee_msgs/hook/ld_library_path_lib.dsv'
[0.964s] INFO:colcon.colcon_core.shell:Creating environment hook '/home/chen/sentry_try/sentry_ws/install/rm_referee_msgs/share/rm_referee_msgs/hook/ld_library_path_lib.sh'
[0.964s] Level 1:colcon.colcon_core.environment:checking '/home/chen/sentry_try/sentry_ws/install/rm_referee_msgs/bin'
[0.964s] Level 1:colcon.colcon_core.environment:checking '/home/chen/sentry_try/sentry_ws/install/rm_referee_msgs/lib/pkgconfig/rm_referee_msgs.pc'
[0.964s] Level 1:colcon.colcon_core.environment:checking '/home/chen/sentry_try/sentry_ws/install/rm_referee_msgs/lib/python3.10/site-packages'
[0.965s] Level 1:colcon.colcon_core.environment:checking '/home/chen/sentry_try/sentry_ws/install/rm_referee_msgs/bin'
[0.965s] INFO:colcon.colcon_core.shell:Creating package script '/home/chen/sentry_try/sentry_ws/install/rm_referee_msgs/share/rm_referee_msgs/package.ps1'
[0.965s] INFO:colcon.colcon_core.shell:Creating package descriptor '/home/chen/sentry_try/sentry_ws/install/rm_referee_msgs/share/rm_referee_msgs/package.dsv'
[0.966s] INFO:colcon.colcon_core.shell:Creating package script '/home/chen/sentry_try/sentry_ws/install/rm_referee_msgs/share/rm_referee_msgs/package.sh'
[0.966s] INFO:colcon.colcon_core.shell:Creating package script '/home/chen/sentry_try/sentry_ws/install/rm_referee_msgs/share/rm_referee_msgs/package.bash'
[0.966s] INFO:colcon.colcon_core.shell:Creating package script '/home/chen/sentry_try/sentry_ws/install/rm_referee_msgs/share/rm_referee_msgs/package.zsh'
[0.966s] Level 1:colcon.colcon_core.environment:create_file_with_runtime_dependencies(/home/chen/sentry_try/sentry_ws/install/rm_referee_msgs/share/colcon-core/packages/rm_referee_msgs)
[0.967s] INFO:colcon.colcon_ros.task.ament_cmake.build:Building ROS package in '/home/chen/sentry_try/sentry_ws/src/nav2_plugins/costmap_intensity' with build type 'ament_cmake'
[0.967s] INFO:colcon.colcon_cmake.task.cmake.build:Building CMake package in '/home/chen/sentry_try/sentry_ws/src/nav2_plugins/costmap_intensity'
[0.968s] INFO:colcon.colcon_core.shell:Skip shell extension 'powershell' for command environment: Not usable outside of PowerShell
[0.968s] DEBUG:colcon.colcon_core.shell:Skip shell extension 'dsv' for command environment
[0.976s] DEBUG:colcon.colcon_core.event_handler.log_command:Invoking command in '/home/chen/sentry_try/sentry_ws/build/sentry_msgs': CMAKE_PREFIX_PATH=/opt/ros/humble /usr/bin/cmake --build /home/chen/sentry_try/sentry_ws/build/sentry_msgs -- -j16 -l16
[0.980s] DEBUG:colcon.colcon_core.event_handler.log_command:Invoking command in '/home/chen/sentry_try/sentry_ws/build/costmap_intensity': CMAKE_PREFIX_PATH=/opt/ros/humble /usr/bin/cmake --build /home/chen/sentry_try/sentry_ws/build/costmap_intensity -- -j16 -l16
[1.174s] DEBUG:colcon.colcon_core.event_handler.log_command:Invoked command in '/home/chen/sentry_try/sentry_ws/build/costmap_intensity' returned '0': CMAKE_PREFIX_PATH=/opt/ros/humble /usr/bin/cmake --build /home/chen/sentry_try/sentry_ws/build/costmap_intensity -- -j16 -l16
[1.176s] DEBUG:colcon.colcon_core.event_handler.log_command:Invoking command in '/home/chen/sentry_try/sentry_ws/build/costmap_intensity': CMAKE_PREFIX_PATH=/opt/ros/humble /usr/bin/cmake --install /home/chen/sentry_try/sentry_ws/build/costmap_intensity
[1.189s] Level 1:colcon.colcon_core.environment:create_environment_scripts_only(costmap_intensity)
[1.190s] Level 1:colcon.colcon_core.environment:checking '/home/chen/sentry_try/sentry_ws/install/costmap_intensity' for CMake module files
[1.190s] DEBUG:colcon.colcon_core.event_handler.log_command:Invoked command in '/home/chen/sentry_try/sentry_ws/build/costmap_intensity' returned '0': CMAKE_PREFIX_PATH=/opt/ros/humble /usr/bin/cmake --install /home/chen/sentry_try/sentry_ws/build/costmap_intensity
[1.191s] Level 1:colcon.colcon_core.environment:checking '/home/chen/sentry_try/sentry_ws/install/costmap_intensity' for CMake config files
[1.191s] Level 1:colcon.colcon_core.shell:create_environment_hook('costmap_intensity', 'cmake_prefix_path')
[1.191s] INFO:colcon.colcon_core.shell:Creating environment hook '/home/chen/sentry_try/sentry_ws/install/costmap_intensity/share/costmap_intensity/hook/cmake_prefix_path.ps1'
[1.191s] INFO:colcon.colcon_core.shell:Creating environment descriptor '/home/chen/sentry_try/sentry_ws/install/costmap_intensity/share/costmap_intensity/hook/cmake_prefix_path.dsv'
[1.191s] INFO:colcon.colcon_core.shell:Creating environment hook '/home/chen/sentry_try/sentry_ws/install/costmap_intensity/share/costmap_intensity/hook/cmake_prefix_path.sh'
[1.192s] Level 1:colcon.colcon_core.environment:checking '/home/chen/sentry_try/sentry_ws/install/costmap_intensity/lib'
[1.192s] Level 1:colcon.colcon_core.shell:create_environment_hook('costmap_intensity', 'ld_library_path_lib')
[1.192s] INFO:colcon.colcon_core.shell:Creating environment hook '/home/chen/sentry_try/sentry_ws/install/costmap_intensity/share/costmap_intensity/hook/ld_library_path_lib.ps1'
[1.192s] INFO:colcon.colcon_core.shell:Creating environment descriptor '/home/chen/sentry_try/sentry_ws/install/costmap_intensity/share/costmap_intensity/hook/ld_library_path_lib.dsv'
[1.192s] INFO:colcon.colcon_core.shell:Creating environment hook '/home/chen/sentry_try/sentry_ws/install/costmap_intensity/share/costmap_intensity/hook/ld_library_path_lib.sh'
[1.193s] Level 1:colcon.colcon_core.environment:checking '/home/chen/sentry_try/sentry_ws/install/costmap_intensity/bin'
[1.193s] Level 1:colcon.colcon_core.environment:checking '/home/chen/sentry_try/sentry_ws/install/costmap_intensity/lib/pkgconfig/costmap_intensity.pc'
[1.193s] Level 1:colcon.colcon_core.environment:checking '/home/chen/sentry_try/sentry_ws/install/costmap_intensity/lib/python3.10/site-packages'
[1.193s] Level 1:colcon.colcon_core.environment:checking '/home/chen/sentry_try/sentry_ws/install/costmap_intensity/bin'
[1.193s] INFO:colcon.colcon_core.shell:Creating package script '/home/chen/sentry_try/sentry_ws/install/costmap_intensity/share/costmap_intensity/package.ps1'
[1.194s] INFO:colcon.colcon_core.shell:Creating package descriptor '/home/chen/sentry_try/sentry_ws/install/costmap_intensity/share/costmap_intensity/package.dsv'
[1.194s] INFO:colcon.colcon_core.shell:Creating package script '/home/chen/sentry_try/sentry_ws/install/costmap_intensity/share/costmap_intensity/package.sh'
[1.195s] INFO:colcon.colcon_core.shell:Creating package script '/home/chen/sentry_try/sentry_ws/install/costmap_intensity/share/costmap_intensity/package.bash'
[1.195s] INFO:colcon.colcon_core.shell:Creating package script '/home/chen/sentry_try/sentry_ws/install/costmap_intensity/share/costmap_intensity/package.zsh'
[1.195s] Level 1:colcon.colcon_core.environment:create_file_with_runtime_dependencies(/home/chen/sentry_try/sentry_ws/install/costmap_intensity/share/colcon-core/packages/costmap_intensity)
[1.196s] Level 1:colcon.colcon_core.environment:create_environment_scripts_only(costmap_intensity)
[1.196s] Level 1:colcon.colcon_core.environment:checking '/home/chen/sentry_try/sentry_ws/install/costmap_intensity' for CMake module files
[1.196s] Level 1:colcon.colcon_core.environment:checking '/home/chen/sentry_try/sentry_ws/install/costmap_intensity' for CMake config files
[1.196s] Level 1:colcon.colcon_core.shell:create_environment_hook('costmap_intensity', 'cmake_prefix_path')
[1.196s] INFO:colcon.colcon_core.shell:Creating environment hook '/home/chen/sentry_try/sentry_ws/install/costmap_intensity/share/costmap_intensity/hook/cmake_prefix_path.ps1'
[1.196s] INFO:colcon.colcon_core.shell:Creating environment descriptor '/home/chen/sentry_try/sentry_ws/install/costmap_intensity/share/costmap_intensity/hook/cmake_prefix_path.dsv'
[1.197s] INFO:colcon.colcon_core.shell:Creating environment hook '/home/chen/sentry_try/sentry_ws/install/costmap_intensity/share/costmap_intensity/hook/cmake_prefix_path.sh'
[1.197s] Level 1:colcon.colcon_core.environment:checking '/home/chen/sentry_try/sentry_ws/install/costmap_intensity/lib'
[1.197s] Level 1:colcon.colcon_core.shell:create_environment_hook('costmap_intensity', 'ld_library_path_lib')
[1.197s] INFO:colcon.colcon_core.shell:Creating environment hook '/home/chen/sentry_try/sentry_ws/install/costmap_intensity/share/costmap_intensity/hook/ld_library_path_lib.ps1'
[1.197s] INFO:colcon.colcon_core.shell:Creating environment descriptor '/home/chen/sentry_try/sentry_ws/install/costmap_intensity/share/costmap_intensity/hook/ld_library_path_lib.dsv'
[1.197s] INFO:colcon.colcon_core.shell:Creating environment hook '/home/chen/sentry_try/sentry_ws/install/costmap_intensity/share/costmap_intensity/hook/ld_library_path_lib.sh'
[1.198s] Level 1:colcon.colcon_core.environment:checking '/home/chen/sentry_try/sentry_ws/install/costmap_intensity/bin'
[1.198s] Level 1:colcon.colcon_core.environment:checking '/home/chen/sentry_try/sentry_ws/install/costmap_intensity/lib/pkgconfig/costmap_intensity.pc'
[1.198s] Level 1:colcon.colcon_core.environment:checking '/home/chen/sentry_try/sentry_ws/install/costmap_intensity/lib/python3.10/site-packages'
[1.198s] Level 1:colcon.colcon_core.environment:checking '/home/chen/sentry_try/sentry_ws/install/costmap_intensity/bin'
[1.198s] INFO:colcon.colcon_core.shell:Creating package script '/home/chen/sentry_try/sentry_ws/install/costmap_intensity/share/costmap_intensity/package.ps1'
[1.198s] INFO:colcon.colcon_core.shell:Creating package descriptor '/home/chen/sentry_try/sentry_ws/install/costmap_intensity/share/costmap_intensity/package.dsv'
[1.199s] INFO:colcon.colcon_core.shell:Creating package script '/home/chen/sentry_try/sentry_ws/install/costmap_intensity/share/costmap_intensity/package.sh'
[1.199s] INFO:colcon.colcon_core.shell:Creating package script '/home/chen/sentry_try/sentry_ws/install/costmap_intensity/share/costmap_intensity/package.bash'
[1.199s] INFO:colcon.colcon_core.shell:Creating package script '/home/chen/sentry_try/sentry_ws/install/costmap_intensity/share/costmap_intensity/package.zsh'
[1.199s] Level 1:colcon.colcon_core.environment:create_file_with_runtime_dependencies(/home/chen/sentry_try/sentry_ws/install/costmap_intensity/share/colcon-core/packages/costmap_intensity)
[1.200s] INFO:colcon.colcon_ros.task.ament_cmake.build:Building ROS package in '/home/chen/sentry_try/sentry_ws/src/nav2_plugins/costmap_voxel' with build type 'ament_cmake'
[1.200s] INFO:colcon.colcon_cmake.task.cmake.build:Building CMake package in '/home/chen/sentry_try/sentry_ws/src/nav2_plugins/costmap_voxel'
[1.200s] INFO:colcon.colcon_core.shell:Skip shell extension 'powershell' for command environment: Not usable outside of PowerShell
[1.200s] DEBUG:colcon.colcon_core.shell:Skip shell extension 'dsv' for command environment
[1.209s] DEBUG:colcon.colcon_core.event_handler.log_command:Invoking command in '/home/chen/sentry_try/sentry_ws/build/costmap_voxel': CMAKE_PREFIX_PATH=/opt/ros/humble /usr/bin/cmake --build /home/chen/sentry_try/sentry_ws/build/costmap_voxel -- -j16 -l16
[1.260s] DEBUG:colcon.colcon_core.event_handler.log_command:Invoked command in '/home/chen/sentry_try/sentry_ws/build/sentry_msgs' returned '0': CMAKE_PREFIX_PATH=/opt/ros/humble /usr/bin/cmake --build /home/chen/sentry_try/sentry_ws/build/sentry_msgs -- -j16 -l16
[1.262s] DEBUG:colcon.colcon_core.event_handler.log_command:Invoking command in '/home/chen/sentry_try/sentry_ws/build/sentry_msgs': CMAKE_PREFIX_PATH=/opt/ros/humble /usr/bin/cmake --install /home/chen/sentry_try/sentry_ws/build/sentry_msgs
[1.284s] DEBUG:colcon.colcon_core.event_handler.log_command:Invoked command in '/home/chen/sentry_try/sentry_ws/build/costmap_voxel' returned '0': CMAKE_PREFIX_PATH=/opt/ros/humble /usr/bin/cmake --build /home/chen/sentry_try/sentry_ws/build/costmap_voxel -- -j16 -l16
[1.290s] DEBUG:colcon.colcon_core.event_handler.log_command:Invoking command in '/home/chen/sentry_try/sentry_ws/build/costmap_voxel': CMAKE_PREFIX_PATH=/opt/ros/humble /usr/bin/cmake --install /home/chen/sentry_try/sentry_ws/build/costmap_voxel
[1.307s] Level 1:colcon.colcon_core.environment:create_environment_scripts_only(costmap_voxel)
[1.307s] Level 1:colcon.colcon_core.environment:checking '/home/chen/sentry_try/sentry_ws/install/costmap_voxel' for CMake module files
[1.308s] DEBUG:colcon.colcon_core.event_handler.log_command:Invoked command in '/home/chen/sentry_try/sentry_ws/build/costmap_voxel' returned '0': CMAKE_PREFIX_PATH=/opt/ros/humble /usr/bin/cmake --install /home/chen/sentry_try/sentry_ws/build/costmap_voxel
[1.308s] Level 1:colcon.colcon_core.environment:checking '/home/chen/sentry_try/sentry_ws/install/costmap_voxel' for CMake config files
[1.308s] Level 1:colcon.colcon_core.shell:create_environment_hook('costmap_voxel', 'cmake_prefix_path')
[1.308s] INFO:colcon.colcon_core.shell:Creating environment hook '/home/chen/sentry_try/sentry_ws/install/costmap_voxel/share/costmap_voxel/hook/cmake_prefix_path.ps1'
[1.309s] INFO:colcon.colcon_core.shell:Creating environment descriptor '/home/chen/sentry_try/sentry_ws/install/costmap_voxel/share/costmap_voxel/hook/cmake_prefix_path.dsv'
[1.309s] INFO:colcon.colcon_core.shell:Creating environment hook '/home/chen/sentry_try/sentry_ws/install/costmap_voxel/share/costmap_voxel/hook/cmake_prefix_path.sh'
[1.309s] Level 1:colcon.colcon_core.environment:checking '/home/chen/sentry_try/sentry_ws/install/costmap_voxel/lib'
[1.309s] Level 1:colcon.colcon_core.shell:create_environment_hook('costmap_voxel', 'ld_library_path_lib')
[1.309s] INFO:colcon.colcon_core.shell:Creating environment hook '/home/chen/sentry_try/sentry_ws/install/costmap_voxel/share/costmap_voxel/hook/ld_library_path_lib.ps1'
[1.310s] INFO:colcon.colcon_core.shell:Creating environment descriptor '/home/chen/sentry_try/sentry_ws/install/costmap_voxel/share/costmap_voxel/hook/ld_library_path_lib.dsv'
[1.310s] INFO:colcon.colcon_core.shell:Creating environment hook '/home/chen/sentry_try/sentry_ws/install/costmap_voxel/share/costmap_voxel/hook/ld_library_path_lib.sh'
[1.310s] Level 1:colcon.colcon_core.environment:checking '/home/chen/sentry_try/sentry_ws/install/costmap_voxel/bin'
[1.310s] Level 1:colcon.colcon_core.environment:checking '/home/chen/sentry_try/sentry_ws/install/costmap_voxel/lib/pkgconfig/costmap_voxel.pc'
[1.310s] Level 1:colcon.colcon_core.environment:checking '/home/chen/sentry_try/sentry_ws/install/costmap_voxel/lib/python3.10/site-packages'
[1.310s] Level 1:colcon.colcon_core.environment:checking '/home/chen/sentry_try/sentry_ws/install/costmap_voxel/bin'
[1.311s] INFO:colcon.colcon_core.shell:Creating package script '/home/chen/sentry_try/sentry_ws/install/costmap_voxel/share/costmap_voxel/package.ps1'
[1.311s] INFO:colcon.colcon_core.shell:Creating package descriptor '/home/chen/sentry_try/sentry_ws/install/costmap_voxel/share/costmap_voxel/package.dsv'
[1.312s] INFO:colcon.colcon_core.shell:Creating package script '/home/chen/sentry_try/sentry_ws/install/costmap_voxel/share/costmap_voxel/package.sh'
[1.312s] INFO:colcon.colcon_core.shell:Creating package script '/home/chen/sentry_try/sentry_ws/install/costmap_voxel/share/costmap_voxel/package.bash'
[1.312s] INFO:colcon.colcon_core.shell:Creating package script '/home/chen/sentry_try/sentry_ws/install/costmap_voxel/share/costmap_voxel/package.zsh'
[1.312s] Level 1:colcon.colcon_core.environment:create_file_with_runtime_dependencies(/home/chen/sentry_try/sentry_ws/install/costmap_voxel/share/colcon-core/packages/costmap_voxel)
[1.313s] Level 1:colcon.colcon_core.environment:create_environment_scripts_only(costmap_voxel)
[1.313s] Level 1:colcon.colcon_core.environment:checking '/home/chen/sentry_try/sentry_ws/install/costmap_voxel' for CMake module files
[1.313s] Level 1:colcon.colcon_core.environment:checking '/home/chen/sentry_try/sentry_ws/install/costmap_voxel' for CMake config files
[1.313s] Level 1:colcon.colcon_core.shell:create_environment_hook('costmap_voxel', 'cmake_prefix_path')
[1.313s] INFO:colcon.colcon_core.shell:Creating environment hook '/home/chen/sentry_try/sentry_ws/install/costmap_voxel/share/costmap_voxel/hook/cmake_prefix_path.ps1'
[1.314s] INFO:colcon.colcon_core.shell:Creating environment descriptor '/home/chen/sentry_try/sentry_ws/install/costmap_voxel/share/costmap_voxel/hook/cmake_prefix_path.dsv'
[1.314s] INFO:colcon.colcon_core.shell:Creating environment hook '/home/chen/sentry_try/sentry_ws/install/costmap_voxel/share/costmap_voxel/hook/cmake_prefix_path.sh'
[1.315s] Level 1:colcon.colcon_core.environment:checking '/home/chen/sentry_try/sentry_ws/install/costmap_voxel/lib'
[1.315s] Level 1:colcon.colcon_core.shell:create_environment_hook('costmap_voxel', 'ld_library_path_lib')
[1.315s] INFO:colcon.colcon_core.shell:Creating environment hook '/home/chen/sentry_try/sentry_ws/install/costmap_voxel/share/costmap_voxel/hook/ld_library_path_lib.ps1'
[1.316s] INFO:colcon.colcon_core.shell:Creating environment descriptor '/home/chen/sentry_try/sentry_ws/install/costmap_voxel/share/costmap_voxel/hook/ld_library_path_lib.dsv'
[1.316s] INFO:colcon.colcon_core.shell:Creating environment hook '/home/chen/sentry_try/sentry_ws/install/costmap_voxel/share/costmap_voxel/hook/ld_library_path_lib.sh'
[1.316s] Level 1:colcon.colcon_core.environment:checking '/home/chen/sentry_try/sentry_ws/install/costmap_voxel/bin'
[1.316s] Level 1:colcon.colcon_core.environment:checking '/home/chen/sentry_try/sentry_ws/install/costmap_voxel/lib/pkgconfig/costmap_voxel.pc'
[1.316s] Level 1:colcon.colcon_core.environment:checking '/home/chen/sentry_try/sentry_ws/install/costmap_voxel/lib/python3.10/site-packages'
[1.317s] Level 1:colcon.colcon_core.environment:checking '/home/chen/sentry_try/sentry_ws/install/costmap_voxel/bin'
[1.317s] INFO:colcon.colcon_core.shell:Creating package script '/home/chen/sentry_try/sentry_ws/install/costmap_voxel/share/costmap_voxel/package.ps1'
[1.317s] INFO:colcon.colcon_core.shell:Creating package descriptor '/home/chen/sentry_try/sentry_ws/install/costmap_voxel/share/costmap_voxel/package.dsv'
[1.318s] INFO:colcon.colcon_core.shell:Creating package script '/home/chen/sentry_try/sentry_ws/install/costmap_voxel/share/costmap_voxel/package.sh'
[1.318s] INFO:colcon.colcon_core.shell:Creating package script '/home/chen/sentry_try/sentry_ws/install/costmap_voxel/share/costmap_voxel/package.bash'
[1.318s] INFO:colcon.colcon_core.shell:Creating package script '/home/chen/sentry_try/sentry_ws/install/costmap_voxel/share/costmap_voxel/package.zsh'
[1.319s] Level 1:colcon.colcon_core.environment:create_file_with_runtime_dependencies(/home/chen/sentry_try/sentry_ws/install/costmap_voxel/share/colcon-core/packages/costmap_voxel)
[1.319s] INFO:colcon.colcon_ros.task.ament_cmake.build:Building ROS package in '/home/chen/sentry_try/sentry_ws/src/nav2_plugins/goal_approach_controller' with build type 'ament_cmake'
[1.319s] INFO:colcon.colcon_cmake.task.cmake.build:Building CMake package in '/home/chen/sentry_try/sentry_ws/src/nav2_plugins/goal_approach_controller'
[1.319s] INFO:colcon.colcon_core.shell:Skip shell extension 'powershell' for command environment: Not usable outside of PowerShell
[1.319s] DEBUG:colcon.colcon_core.shell:Skip shell extension 'dsv' for command environment
[1.327s] DEBUG:colcon.colcon_core.event_handler.log_command:Invoking command in '/home/chen/sentry_try/sentry_ws/build/goal_approach_controller': CMAKE_PREFIX_PATH=/opt/ros/humble /usr/bin/cmake --build /home/chen/sentry_try/sentry_ws/build/goal_approach_controller -- -j16 -l16
[1.348s] Level 1:colcon.colcon_core.environment:create_environment_scripts_only(sentry_msgs)
[1.348s] Level 1:colcon.colcon_core.environment:checking '/home/chen/sentry_try/sentry_ws/install/sentry_msgs' for CMake module files
[1.348s] DEBUG:colcon.colcon_core.event_handler.log_command:Invoked command in '/home/chen/sentry_try/sentry_ws/build/sentry_msgs' returned '0': CMAKE_PREFIX_PATH=/opt/ros/humble /usr/bin/cmake --install /home/chen/sentry_try/sentry_ws/build/sentry_msgs
[1.349s] Level 1:colcon.colcon_core.environment:checking '/home/chen/sentry_try/sentry_ws/install/sentry_msgs' for CMake config files
[1.349s] Level 1:colcon.colcon_core.shell:create_environment_hook('sentry_msgs', 'cmake_prefix_path')
[1.349s] INFO:colcon.colcon_core.shell:Creating environment hook '/home/chen/sentry_try/sentry_ws/install/sentry_msgs/share/sentry_msgs/hook/cmake_prefix_path.ps1'
[1.349s] INFO:colcon.colcon_core.shell:Creating environment descriptor '/home/chen/sentry_try/sentry_ws/install/sentry_msgs/share/sentry_msgs/hook/cmake_prefix_path.dsv'
[1.350s] INFO:colcon.colcon_core.shell:Creating environment hook '/home/chen/sentry_try/sentry_ws/install/sentry_msgs/share/sentry_msgs/hook/cmake_prefix_path.sh'
[1.350s] Level 1:colcon.colcon_core.environment:checking '/home/chen/sentry_try/sentry_ws/install/sentry_msgs/lib'
[1.350s] Level 1:colcon.colcon_core.shell:create_environment_hook('sentry_msgs', 'ld_library_path_lib')
[1.350s] INFO:colcon.colcon_core.shell:Creating environment hook '/home/chen/sentry_try/sentry_ws/install/sentry_msgs/share/sentry_msgs/hook/ld_library_path_lib.ps1'
[1.351s] INFO:colcon.colcon_core.shell:Creating environment descriptor '/home/chen/sentry_try/sentry_ws/install/sentry_msgs/share/sentry_msgs/hook/ld_library_path_lib.dsv'
[1.351s] INFO:colcon.colcon_core.shell:Creating environment hook '/home/chen/sentry_try/sentry_ws/install/sentry_msgs/share/sentry_msgs/hook/ld_library_path_lib.sh'
[1.351s] Level 1:colcon.colcon_core.environment:checking '/home/chen/sentry_try/sentry_ws/install/sentry_msgs/bin'
[1.351s] Level 1:colcon.colcon_core.environment:checking '/home/chen/sentry_try/sentry_ws/install/sentry_msgs/lib/pkgconfig/sentry_msgs.pc'
[1.352s] Level 1:colcon.colcon_core.environment:checking '/home/chen/sentry_try/sentry_ws/install/sentry_msgs/lib/python3.10/site-packages'
[1.352s] Level 1:colcon.colcon_core.environment:checking '/home/chen/sentry_try/sentry_ws/install/sentry_msgs/bin'
[1.352s] INFO:colcon.colcon_core.shell:Creating package script '/home/chen/sentry_try/sentry_ws/install/sentry_msgs/share/sentry_msgs/package.ps1'
[1.353s] INFO:colcon.colcon_core.shell:Creating package descriptor '/home/chen/sentry_try/sentry_ws/install/sentry_msgs/share/sentry_msgs/package.dsv'
[1.353s] INFO:colcon.colcon_core.shell:Creating package script '/home/chen/sentry_try/sentry_ws/install/sentry_msgs/share/sentry_msgs/package.sh'
[1.353s] INFO:colcon.colcon_core.shell:Creating package script '/home/chen/sentry_try/sentry_ws/install/sentry_msgs/share/sentry_msgs/package.bash'
[1.353s] INFO:colcon.colcon_core.shell:Creating package script '/home/chen/sentry_try/sentry_ws/install/sentry_msgs/share/sentry_msgs/package.zsh'
[1.354s] Level 1:colcon.colcon_core.environment:create_file_with_runtime_dependencies(/home/chen/sentry_try/sentry_ws/install/sentry_msgs/share/colcon-core/packages/sentry_msgs)
[1.354s] Level 1:colcon.colcon_core.environment:create_environment_scripts_only(sentry_msgs)
[1.355s] Level 1:colcon.colcon_core.environment:checking '/home/chen/sentry_try/sentry_ws/install/sentry_msgs' for CMake module files
[1.355s] Level 1:colcon.colcon_core.environment:checking '/home/chen/sentry_try/sentry_ws/install/sentry_msgs' for CMake config files
[1.356s] Level 1:colcon.colcon_core.shell:create_environment_hook('sentry_msgs', 'cmake_prefix_path')
[1.356s] INFO:colcon.colcon_core.shell:Creating environment hook '/home/chen/sentry_try/sentry_ws/install/sentry_msgs/share/sentry_msgs/hook/cmake_prefix_path.ps1'
[1.356s] INFO:colcon.colcon_core.shell:Creating environment descriptor '/home/chen/sentry_try/sentry_ws/install/sentry_msgs/share/sentry_msgs/hook/cmake_prefix_path.dsv'
[1.357s] INFO:colcon.colcon_core.shell:Creating environment hook '/home/chen/sentry_try/sentry_ws/install/sentry_msgs/share/sentry_msgs/hook/cmake_prefix_path.sh'
[1.357s] Level 1:colcon.colcon_core.environment:checking '/home/chen/sentry_try/sentry_ws/install/sentry_msgs/lib'
[1.357s] Level 1:colcon.colcon_core.shell:create_environment_hook('sentry_msgs', 'ld_library_path_lib')
[1.357s] INFO:colcon.colcon_core.shell:Creating environment hook '/home/chen/sentry_try/sentry_ws/install/sentry_msgs/share/sentry_msgs/hook/ld_library_path_lib.ps1'
[1.358s] INFO:colcon.colcon_core.shell:Creating environment descriptor '/home/chen/sentry_try/sentry_ws/install/sentry_msgs/share/sentry_msgs/hook/ld_library_path_lib.dsv'
[1.358s] INFO:colcon.colcon_core.shell:Creating environment hook '/home/chen/sentry_try/sentry_ws/install/sentry_msgs/share/sentry_msgs/hook/ld_library_path_lib.sh'
[1.358s] Level 1:colcon.colcon_core.environment:checking '/home/chen/sentry_try/sentry_ws/install/sentry_msgs/bin'
[1.359s] Level 1:colcon.colcon_core.environment:checking '/home/chen/sentry_try/sentry_ws/install/sentry_msgs/lib/pkgconfig/sentry_msgs.pc'
[1.359s] Level 1:colcon.colcon_core.environment:checking '/home/chen/sentry_try/sentry_ws/install/sentry_msgs/lib/python3.10/site-packages'
[1.359s] Level 1:colcon.colcon_core.environment:checking '/home/chen/sentry_try/sentry_ws/install/sentry_msgs/bin'
[1.359s] INFO:colcon.colcon_core.shell:Creating package script '/home/chen/sentry_try/sentry_ws/install/sentry_msgs/share/sentry_msgs/package.ps1'
[1.360s] INFO:colcon.colcon_core.shell:Creating package descriptor '/home/chen/sentry_try/sentry_ws/install/sentry_msgs/share/sentry_msgs/package.dsv'
[1.360s] INFO:colcon.colcon_core.shell:Creating package script '/home/chen/sentry_try/sentry_ws/install/sentry_msgs/share/sentry_msgs/package.sh'
[1.361s] INFO:colcon.colcon_core.shell:Creating package script '/home/chen/sentry_try/sentry_ws/install/sentry_msgs/share/sentry_msgs/package.bash'
[1.361s] INFO:colcon.colcon_core.shell:Creating package script '/home/chen/sentry_try/sentry_ws/install/sentry_msgs/share/sentry_msgs/package.zsh'
[1.362s] Level 1:colcon.colcon_core.environment:create_file_with_runtime_dependencies(/home/chen/sentry_try/sentry_ws/install/sentry_msgs/share/colcon-core/packages/sentry_msgs)
[1.362s] INFO:colcon.colcon_ros.task.ament_cmake.build:Building ROS package in '/home/chen/sentry_try/sentry_ws/src/lightning-lm-master' with build type 'ament_cmake'
[1.363s] INFO:colcon.colcon_cmake.task.cmake.build:Building CMake package in '/home/chen/sentry_try/sentry_ws/src/lightning-lm-master'
[1.363s] INFO:colcon.colcon_core.shell:Skip shell extension 'powershell' for command environment: Not usable outside of PowerShell
[1.363s] DEBUG:colcon.colcon_core.shell:Skip shell extension 'dsv' for command environment
[1.372s] DEBUG:colcon.colcon_core.event_handler.log_command:Invoking command in '/home/chen/sentry_try/sentry_ws/build/lightning': CMAKE_PREFIX_PATH=/opt/ros/humble /usr/bin/cmake --build /home/chen/sentry_try/sentry_ws/build/lightning -- -j16 -l16
[1.395s] DEBUG:colcon.colcon_core.event_handler.log_command:Invoked command in '/home/chen/sentry_try/sentry_ws/build/lightning' returned '2': CMAKE_PREFIX_PATH=/opt/ros/humble /usr/bin/cmake --build /home/chen/sentry_try/sentry_ws/build/lightning -- -j16 -l16
[1.398s] Level 1:colcon.colcon_core.environment:create_environment_scripts_only(lightning)
[1.398s] Level 1:colcon.colcon_core.environment:checking '/home/chen/sentry_try/sentry_ws/install/lightning' for CMake module files
[1.398s] Level 1:colcon.colcon_core.environment:checking '/home/chen/sentry_try/sentry_ws/install/lightning' for CMake config files
[1.398s] Level 1:colcon.colcon_core.environment:checking '/home/chen/sentry_try/sentry_ws/install/lightning/bin'
[1.398s] Level 1:colcon.colcon_core.environment:checking '/home/chen/sentry_try/sentry_ws/install/lightning/lib/pkgconfig/lightning.pc'
[1.398s] Level 1:colcon.colcon_core.environment:checking '/home/chen/sentry_try/sentry_ws/install/lightning/lib/python3.10/site-packages'
[1.399s] Level 1:colcon.colcon_core.environment:checking '/home/chen/sentry_try/sentry_ws/install/lightning/bin'
[1.399s] INFO:colcon.colcon_core.shell:Creating package script '/home/chen/sentry_try/sentry_ws/install/lightning/share/lightning/package.ps1'
[1.399s] INFO:colcon.colcon_core.shell:Creating package descriptor '/home/chen/sentry_try/sentry_ws/install/lightning/share/lightning/package.dsv'
[1.399s] INFO:colcon.colcon_core.shell:Creating package script '/home/chen/sentry_try/sentry_ws/install/lightning/share/lightning/package.sh'
[1.400s] INFO:colcon.colcon_core.shell:Creating package script '/home/chen/sentry_try/sentry_ws/install/lightning/share/lightning/package.bash'
[1.400s] INFO:colcon.colcon_core.shell:Creating package script '/home/chen/sentry_try/sentry_ws/install/lightning/share/lightning/package.zsh'
[1.400s] Level 1:colcon.colcon_core.environment:create_file_with_runtime_dependencies(/home/chen/sentry_try/sentry_ws/install/lightning/share/colcon-core/packages/lightning)
[1.429s] DEBUG:colcon.colcon_parallel_executor.executor.parallel:closing loop
[1.429s] DEBUG:colcon.colcon_parallel_executor.executor.parallel:loop closed
[1.429s] DEBUG:colcon.colcon_parallel_executor.executor.parallel:run_until_complete finished with '2'
[1.429s] DEBUG:colcon.colcon_core.event_reactor:joining thread
[1.447s] INFO:colcon.colcon_core.plugin_system:Skipping extension 'colcon_notification.desktop_notification.terminal_notifier': Not used on non-Darwin systems
[1.447s] INFO:colcon.colcon_core.plugin_system:Skipping extension 'colcon_notification.desktop_notification.win32': Not used on non-Windows systems
[1.447s] INFO:colcon.colcon_notification.desktop_notification:Sending desktop notification using 'notify2'
[1.456s] DEBUG:colcon.colcon_core.event_reactor:joined thread
[1.456s] INFO:colcon.colcon_core.shell:Creating prefix script '/home/chen/sentry_try/sentry_ws/install/local_setup.ps1'
[1.458s] INFO:colcon.colcon_core.shell:Creating prefix util module '/home/chen/sentry_try/sentry_ws/install/_local_setup_util_ps1.py'
[1.459s] INFO:colcon.colcon_core.shell:Creating prefix chain script '/home/chen/sentry_try/sentry_ws/install/setup.ps1'
[1.462s] INFO:colcon.colcon_core.shell:Creating prefix script '/home/chen/sentry_try/sentry_ws/install/local_setup.sh'
[1.464s] INFO:colcon.colcon_core.shell:Creating prefix util module '/home/chen/sentry_try/sentry_ws/install/_local_setup_util_sh.py'
[1.465s] INFO:colcon.colcon_core.shell:Creating prefix chain script '/home/chen/sentry_try/sentry_ws/install/setup.sh'
[1.467s] INFO:colcon.colcon_core.shell:Creating prefix script '/home/chen/sentry_try/sentry_ws/install/local_setup.bash'
[1.467s] INFO:colcon.colcon_core.shell:Creating prefix chain script '/home/chen/sentry_try/sentry_ws/install/setup.bash'
[1.470s] INFO:colcon.colcon_core.shell:Creating prefix script '/home/chen/sentry_try/sentry_ws/install/local_setup.zsh'
[1.470s] INFO:colcon.colcon_core.shell:Creating prefix chain script '/home/chen/sentry_try/sentry_ws/install/setup.zsh'
