[0.024s] Invoking command in '/home/chen/sentry_try/sentry_ws/build/costmap_voxel': CMAKE_PREFIX_PATH=/opt/ros/humble /usr/bin/cmake --build /home/chen/sentry_try/sentry_ws/build/costmap_voxel -- -j16 -l16
[0.098s] [100%] Built target costmap_voxel_layer
[0.118s] Invoked command in '/home/chen/sentry_try/sentry_ws/build/costmap_voxel' returned '0': CMAKE_PREFIX_PATH=/opt/ros/humble /usr/bin/cmake --build /home/chen/sentry_try/sentry_ws/build/costmap_voxel -- -j16 -l16
[0.125s] Invoking command in '/home/chen/sentry_try/sentry_ws/build/costmap_voxel': CMAKE_PREFIX_PATH=/opt/ros/humble /usr/bin/cmake --install /home/chen/sentry_try/sentry_ws/build/costmap_voxel
[0.134s] -- Install configuration: ""
[0.134s] -- Up-to-date: /home/chen/sentry_try/sentry_ws/install/costmap_voxel/share/costmap_voxel/resource/costmap_voxel_plugins.xml
[0.134s] -- Up-to-date: /home/chen/sentry_try/sentry_ws/install/costmap_voxel/lib/libcostmap_voxel_layer.so
[0.134s] -- Up-to-date: /home/chen/sentry_try/sentry_ws/install/costmap_voxel/include
[0.134s] -- Up-to-date: /home/chen/sentry_try/sentry_ws/install/costmap_voxel/include/costmap_voxel
[0.134s] -- Up-to-date: /home/chen/sentry_try/sentry_ws/install/costmap_voxel/include/costmap_voxel/voxel_filter_layer.hpp
[0.134s] -- Up-to-date: /home/chen/sentry_try/sentry_ws/install/costmap_voxel/share/costmap_voxel/costmap_voxel_plugins.xml
[0.134s] -- Installing: /home/chen/sentry_try/sentry_ws/install/costmap_voxel/share/ament_index/resource_index/packages/costmap_voxel
[0.134s] -- Up-to-date: /home/chen/sentry_try/sentry_ws/install/costmap_voxel/share/ament_index/resource_index/package_run_dependencies/costmap_voxel
[0.135s] -- Up-to-date: /home/chen/sentry_try/sentry_ws/install/costmap_voxel/share/ament_index/resource_index/parent_prefix_path/costmap_voxel
[0.135s] -- Up-to-date: /home/chen/sentry_try/sentry_ws/install/costmap_voxel/share/costmap_voxel/environment/ament_prefix_path.sh
[0.135s] -- Up-to-date: /home/chen/sentry_try/sentry_ws/install/costmap_voxel/share/costmap_voxel/environment/ament_prefix_path.dsv
[0.135s] -- Up-to-date: /home/chen/sentry_try/sentry_ws/install/costmap_voxel/share/costmap_voxel/environment/path.sh
[0.135s] -- Up-to-date: /home/chen/sentry_try/sentry_ws/install/costmap_voxel/share/costmap_voxel/environment/path.dsv
[0.135s] -- Up-to-date: /home/chen/sentry_try/sentry_ws/install/costmap_voxel/share/costmap_voxel/local_setup.bash
[0.135s] -- Up-to-date: /home/chen/sentry_try/sentry_ws/install/costmap_voxel/share/costmap_voxel/local_setup.sh
[0.135s] -- Up-to-date: /home/chen/sentry_try/sentry_ws/install/costmap_voxel/share/costmap_voxel/local_setup.zsh
[0.135s] -- Up-to-date: /home/chen/sentry_try/sentry_ws/install/costmap_voxel/share/costmap_voxel/local_setup.dsv
[0.135s] -- Installing: /home/chen/sentry_try/sentry_ws/install/costmap_voxel/share/costmap_voxel/package.dsv
[0.135s] -- Installing: /home/chen/sentry_try/sentry_ws/install/costmap_voxel/share/ament_index/resource_index/packages/costmap_voxel
[0.135s] -- Up-to-date: /home/chen/sentry_try/sentry_ws/install/costmap_voxel/share/ament_index/resource_index/nav2_costmap_2d__pluginlib__plugin/costmap_voxel
[0.136s] -- Up-to-date: /home/chen/sentry_try/sentry_ws/install/costmap_voxel/share/costmap_voxel/cmake/costmap_voxelConfig.cmake
[0.136s] -- Up-to-date: /home/chen/sentry_try/sentry_ws/install/costmap_voxel/share/costmap_voxel/cmake/costmap_voxelConfig-version.cmake
[0.136s] -- Up-to-date: /home/chen/sentry_try/sentry_ws/install/costmap_voxel/share/costmap_voxel/package.xml
[0.140s] Invoked command in '/home/chen/sentry_try/sentry_ws/build/costmap_voxel' returned '0': CMAKE_PREFIX_PATH=/opt/ros/humble /usr/bin/cmake --install /home/chen/sentry_try/sentry_ws/build/costmap_voxel
