[0.026s] Invoking command in '/home/chen/sentry_try/sentry_ws/build/pb_nav2_plugins': CMAKE_PREFIX_PATH=${CMAKE_PREFIX_PATH}:/opt/ros/humble /usr/bin/cmake --build /home/chen/sentry_try/sentry_ws/build/pb_nav2_plugins -- -j16 -l16
[0.072s] [35m[1mConsolidate compiler generated dependencies of target pb_back_up_frees_space_behavior[0m
[0.108s] [ 50%] Built target pb_back_up_frees_space_behavior
[0.120s] [35m[1mConsolidate compiler generated dependencies of target layers[0m
[0.143s] [100%] Built target layers
[0.217s] Invoked command in '/home/chen/sentry_try/sentry_ws/build/pb_nav2_plugins' returned '0': CMAKE_PREFIX_PATH=${CMAKE_PREFIX_PATH}:/opt/ros/humble /usr/bin/cmake --build /home/chen/sentry_try/sentry_ws/build/pb_nav2_plugins -- -j16 -l16
[0.221s] Invoking command in '/home/chen/sentry_try/sentry_ws/build/pb_nav2_plugins': CMAKE_PREFIX_PATH=${CMAKE_PREFIX_PATH}:/opt/ros/humble /usr/bin/cmake --install /home/chen/sentry_try/sentry_ws/build/pb_nav2_plugins
[0.229s] -- Install configuration: ""
[0.229s] -- Installing: /home/chen/sentry_try/sentry_ws/install/pb_nav2_plugins/share/pb_nav2_plugins/behavior_plugin.xml
[0.230s] -- Installing: /home/chen/sentry_try/sentry_ws/install/pb_nav2_plugins/share/pb_nav2_plugins/costmap_plugins.xml
[0.231s] -- Installing: /home/chen/sentry_try/sentry_ws/install/pb_nav2_plugins/include
[0.231s] -- Installing: /home/chen/sentry_try/sentry_ws/install/pb_nav2_plugins/include/pb_nav2_plugins
[0.231s] -- Installing: /home/chen/sentry_try/sentry_ws/install/pb_nav2_plugins/include/pb_nav2_plugins/behaviors
[0.231s] -- Installing: /home/chen/sentry_try/sentry_ws/install/pb_nav2_plugins/include/pb_nav2_plugins/behaviors/back_up_free_space.hpp
[0.233s] -- Installing: /home/chen/sentry_try/sentry_ws/install/pb_nav2_plugins/include/pb_nav2_plugins/layers
[0.234s] -- Installing: /home/chen/sentry_try/sentry_ws/install/pb_nav2_plugins/include/pb_nav2_plugins/layers/intensity_voxel_layer.hpp
[0.234s] -- Installing: /home/chen/sentry_try/sentry_ws/install/pb_nav2_plugins/share/pb_nav2_plugins/environment/library_path.sh
[0.237s] -- Installing: /home/chen/sentry_try/sentry_ws/install/pb_nav2_plugins/share/pb_nav2_plugins/environment/library_path.dsv
[0.237s] -- Installing: /home/chen/sentry_try/sentry_ws/install/pb_nav2_plugins/lib/libpb_back_up_frees_space_behavior.so
[0.242s] -- Set runtime path of "/home/chen/sentry_try/sentry_ws/install/pb_nav2_plugins/lib/libpb_back_up_frees_space_behavior.so" to ""
[0.242s] -- Installing: /home/chen/sentry_try/sentry_ws/install/pb_nav2_plugins/lib/liblayers.so
[0.244s] -- Set runtime path of "/home/chen/sentry_try/sentry_ws/install/pb_nav2_plugins/lib/liblayers.so" to ""
[0.245s] -- Installing: /home/chen/sentry_try/sentry_ws/install/pb_nav2_plugins/share/ament_index/resource_index/package_run_dependencies/pb_nav2_plugins
[0.245s] -- Installing: /home/chen/sentry_try/sentry_ws/install/pb_nav2_plugins/share/ament_index/resource_index/parent_prefix_path/pb_nav2_plugins
[0.246s] -- Installing: /home/chen/sentry_try/sentry_ws/install/pb_nav2_plugins/share/pb_nav2_plugins/environment/ament_prefix_path.sh
[0.246s] -- Installing: /home/chen/sentry_try/sentry_ws/install/pb_nav2_plugins/share/pb_nav2_plugins/environment/ament_prefix_path.dsv
[0.248s] -- Installing: /home/chen/sentry_try/sentry_ws/install/pb_nav2_plugins/share/pb_nav2_plugins/environment/path.sh
[0.248s] -- Installing: /home/chen/sentry_try/sentry_ws/install/pb_nav2_plugins/share/pb_nav2_plugins/environment/path.dsv
[0.249s] -- Installing: /home/chen/sentry_try/sentry_ws/install/pb_nav2_plugins/share/pb_nav2_plugins/local_setup.bash
[0.249s] -- Installing: /home/chen/sentry_try/sentry_ws/install/pb_nav2_plugins/share/pb_nav2_plugins/local_setup.sh
[0.252s] -- Installing: /home/chen/sentry_try/sentry_ws/install/pb_nav2_plugins/share/pb_nav2_plugins/local_setup.zsh
[0.254s] -- Installing: /home/chen/sentry_try/sentry_ws/install/pb_nav2_plugins/share/pb_nav2_plugins/local_setup.dsv
[0.255s] -- Installing: /home/chen/sentry_try/sentry_ws/install/pb_nav2_plugins/share/pb_nav2_plugins/package.dsv
[0.257s] -- Installing: /home/chen/sentry_try/sentry_ws/install/pb_nav2_plugins/share/ament_index/resource_index/packages/pb_nav2_plugins
[0.257s] -- Installing: /home/chen/sentry_try/sentry_ws/install/pb_nav2_plugins/share/ament_index/resource_index/nav2_core__pluginlib__plugin/pb_nav2_plugins
[0.257s] -- Installing: /home/chen/sentry_try/sentry_ws/install/pb_nav2_plugins/share/ament_index/resource_index/nav2_costmap_2d__pluginlib__plugin/pb_nav2_plugins
[0.261s] -- Installing: /home/chen/sentry_try/sentry_ws/install/pb_nav2_plugins/share/pb_nav2_plugins/cmake/ament_cmake_export_dependencies-extras.cmake
[0.261s] -- Installing: /home/chen/sentry_try/sentry_ws/install/pb_nav2_plugins/share/pb_nav2_plugins/cmake/ament_cmake_export_include_directories-extras.cmake
[0.262s] -- Installing: /home/chen/sentry_try/sentry_ws/install/pb_nav2_plugins/share/pb_nav2_plugins/cmake/ament_cmake_export_libraries-extras.cmake
[0.265s] -- Installing: /home/chen/sentry_try/sentry_ws/install/pb_nav2_plugins/share/pb_nav2_plugins/cmake/pb_nav2_pluginsConfig.cmake
[0.265s] -- Installing: /home/chen/sentry_try/sentry_ws/install/pb_nav2_plugins/share/pb_nav2_plugins/cmake/pb_nav2_pluginsConfig-version.cmake
[0.267s] -- Installing: /home/chen/sentry_try/sentry_ws/install/pb_nav2_plugins/share/pb_nav2_plugins/package.xml
[0.270s] Invoked command in '/home/chen/sentry_try/sentry_ws/build/pb_nav2_plugins' returned '0': CMAKE_PREFIX_PATH=${CMAKE_PREFIX_PATH}:/opt/ros/humble /usr/bin/cmake --install /home/chen/sentry_try/sentry_ws/build/pb_nav2_plugins
