[0.047s] Invoking command in '/home/chen/sentry_try/sentry_ws/build/rm_referee': CMAKE_PREFIX_PATH=/home/chen/sentry_try/sentry_ws/install/rm_referee_msgs:/home/chen/sentry_try/sentry_ws/install/serial_comm:/home/chen/sentry_try/sentry_ws/install/can_comm:/home/chen/sentry_try/sentry_ws/install/sentry_msgs:/home/chen/sentry_try/sentry_ws/install/sentry_eval_bt:/home/chen/sentry_try/sentry_ws/install/rm_referee_mock:/home/chen/sentry_try/sentry_ws/install/rm_referee:/home/chen/sentry_try/sentry_ws/install/lightning:/home/chen/sentry_try/sentry_ws/install/pb_nav2_plugins:/home/chen/sentry_try/sentry_ws/install/livox_to_scan:/home/chen/sentry_try/sentry_ws/install/fast_lio:/home/chen/sentry_try/sentry_ws/install/livox_ros_driver2:/home/chen/sentry_try/sentry_ws/install/goal_approach_controller:/home/chen/sentry_try/sentry_ws/install/costmap_voxel:/home/chen/sentry_try/sentry_ws/install/costmap_intensity:/home/chen/sentry_try/sentry_ws/install/bringup:/opt/ros/humble LD_LIBRARY_PATH=/home/chen/sentry_try/sentry_ws/install/rm_referee_msgs/lib:/home/chen/sentry_try/sentry_ws/install/sentry_msgs/lib:/home/chen/sentry_try/sentry_ws/install/rm_referee/lib:/home/chen/sentry_try/sentry_ws/install/lightning/lib:/home/chen/sentry_try/sentry_ws/install/pb_nav2_plugins/lib:/home/chen/sentry_try/sentry_ws/install/fast_lio/lib:/home/chen/sentry_try/sentry_ws/install/livox_ros_driver2/lib:/home/chen/sentry_try/sentry_ws/install/goal_approach_controller/lib:/home/chen/sentry_try/sentry_ws/install/costmap_voxel/lib:/home/chen/sentry_try/sentry_ws/install/costmap_intensity/lib:/usr/lib/x86_64-linux-gnu/gazebo-11/plugins:/opt/ros/humble/opt/rviz_ogre_vendor/lib:/opt/ros/humble/lib/x86_64-linux-gnu:/opt/ros/humble/opt/openvdb_vendor/lib:/opt/ros/humble/lib /usr/bin/cmake --build /home/chen/sentry_try/sentry_ws/build/rm_referee -- -j16 -l16
[0.105s] [ 14%] Built target hipnuc_sdk
[0.106s] [ 30%] Built target ardupilot_filter
[0.108s] [ 34%] Built target referee_node
[0.113s] [ 38%] Built target tf_publisher
[0.168s] [ 89%] Built target rm
[0.213s] [ 95%] Built target referee_node_component
[0.245s] [100%] Built target tf_publisher_component
[0.264s] Invoked command in '/home/chen/sentry_try/sentry_ws/build/rm_referee' returned '0': CMAKE_PREFIX_PATH=/home/chen/sentry_try/sentry_ws/install/rm_referee_msgs:/home/chen/sentry_try/sentry_ws/install/serial_comm:/home/chen/sentry_try/sentry_ws/install/can_comm:/home/chen/sentry_try/sentry_ws/install/sentry_msgs:/home/chen/sentry_try/sentry_ws/install/sentry_eval_bt:/home/chen/sentry_try/sentry_ws/install/rm_referee_mock:/home/chen/sentry_try/sentry_ws/install/rm_referee:/home/chen/sentry_try/sentry_ws/install/lightning:/home/chen/sentry_try/sentry_ws/install/pb_nav2_plugins:/home/chen/sentry_try/sentry_ws/install/livox_to_scan:/home/chen/sentry_try/sentry_ws/install/fast_lio:/home/chen/sentry_try/sentry_ws/install/livox_ros_driver2:/home/chen/sentry_try/sentry_ws/install/goal_approach_controller:/home/chen/sentry_try/sentry_ws/install/costmap_voxel:/home/chen/sentry_try/sentry_ws/install/costmap_intensity:/home/chen/sentry_try/sentry_ws/install/bringup:/opt/ros/humble LD_LIBRARY_PATH=/home/chen/sentry_try/sentry_ws/install/rm_referee_msgs/lib:/home/chen/sentry_try/sentry_ws/install/sentry_msgs/lib:/home/chen/sentry_try/sentry_ws/install/rm_referee/lib:/home/chen/sentry_try/sentry_ws/install/lightning/lib:/home/chen/sentry_try/sentry_ws/install/pb_nav2_plugins/lib:/home/chen/sentry_try/sentry_ws/install/fast_lio/lib:/home/chen/sentry_try/sentry_ws/install/livox_ros_driver2/lib:/home/chen/sentry_try/sentry_ws/install/goal_approach_controller/lib:/home/chen/sentry_try/sentry_ws/install/costmap_voxel/lib:/home/chen/sentry_try/sentry_ws/install/costmap_intensity/lib:/usr/lib/x86_64-linux-gnu/gazebo-11/plugins:/opt/ros/humble/opt/rviz_ogre_vendor/lib:/opt/ros/humble/lib/x86_64-linux-gnu:/opt/ros/humble/opt/openvdb_vendor/lib:/opt/ros/humble/lib /usr/bin/cmake --build /home/chen/sentry_try/sentry_ws/build/rm_referee -- -j16 -l16
[0.269s] Invoking command in '/home/chen/sentry_try/sentry_ws/build/rm_referee': CMAKE_PREFIX_PATH=/home/chen/sentry_try/sentry_ws/install/rm_referee_msgs:/home/chen/sentry_try/sentry_ws/install/serial_comm:/home/chen/sentry_try/sentry_ws/install/can_comm:/home/chen/sentry_try/sentry_ws/install/sentry_msgs:/home/chen/sentry_try/sentry_ws/install/sentry_eval_bt:/home/chen/sentry_try/sentry_ws/install/rm_referee_mock:/home/chen/sentry_try/sentry_ws/install/rm_referee:/home/chen/sentry_try/sentry_ws/install/lightning:/home/chen/sentry_try/sentry_ws/install/pb_nav2_plugins:/home/chen/sentry_try/sentry_ws/install/livox_to_scan:/home/chen/sentry_try/sentry_ws/install/fast_lio:/home/chen/sentry_try/sentry_ws/install/livox_ros_driver2:/home/chen/sentry_try/sentry_ws/install/goal_approach_controller:/home/chen/sentry_try/sentry_ws/install/costmap_voxel:/home/chen/sentry_try/sentry_ws/install/costmap_intensity:/home/chen/sentry_try/sentry_ws/install/bringup:/opt/ros/humble LD_LIBRARY_PATH=/home/chen/sentry_try/sentry_ws/install/rm_referee_msgs/lib:/home/chen/sentry_try/sentry_ws/install/sentry_msgs/lib:/home/chen/sentry_try/sentry_ws/install/rm_referee/lib:/home/chen/sentry_try/sentry_ws/install/lightning/lib:/home/chen/sentry_try/sentry_ws/install/pb_nav2_plugins/lib:/home/chen/sentry_try/sentry_ws/install/fast_lio/lib:/home/chen/sentry_try/sentry_ws/install/livox_ros_driver2/lib:/home/chen/sentry_try/sentry_ws/install/goal_approach_controller/lib:/home/chen/sentry_try/sentry_ws/install/costmap_voxel/lib:/home/chen/sentry_try/sentry_ws/install/costmap_intensity/lib:/usr/lib/x86_64-linux-gnu/gazebo-11/plugins:/opt/ros/humble/opt/rviz_ogre_vendor/lib:/opt/ros/humble/lib/x86_64-linux-gnu:/opt/ros/humble/opt/openvdb_vendor/lib:/opt/ros/humble/lib /usr/bin/cmake --install /home/chen/sentry_try/sentry_ws/build/rm_referee
[0.275s] -- Install configuration: ""
[0.275s] -- Up-to-date: /home/chen/sentry_try/sentry_ws/install/rm_referee/lib/rm_referee/referee_node
[0.276s] -- Up-to-date: /home/chen/sentry_try/sentry_ws/install/rm_referee/lib/rm_referee/tf_publisher
[0.277s] -- Up-to-date: /home/chen/sentry_try/sentry_ws/install/rm_referee/lib/libreferee_node_component.so
[0.279s] -- Up-to-date: /home/chen/sentry_try/sentry_ws/install/rm_referee/lib/libtf_publisher_component.so
[0.279s] -- Up-to-date: /home/chen/sentry_try/sentry_ws/install/rm_referee/share/rm_referee/launch
[0.279s] -- Up-to-date: /home/chen/sentry_try/sentry_ws/install/rm_referee/share/rm_referee/launch/referee_node.launch.py
[0.279s] -- Up-to-date: /home/chen/sentry_try/sentry_ws/install/rm_referee/share/rm_referee/launch/tf_publisher.launch.py
[0.279s] -- Up-to-date: /home/chen/sentry_try/sentry_ws/install/rm_referee/include
[0.279s] -- Up-to-date: /home/chen/sentry_try/sentry_ws/install/rm_referee/include/referee_node
[0.279s] -- Up-to-date: /home/chen/sentry_try/sentry_ws/install/rm_referee/include/referee_node/referee_node.hpp
[0.279s] -- Up-to-date: /home/chen/sentry_try/sentry_ws/install/rm_referee/include/referee_node/byte_stream_recorder.hpp
[0.279s] -- Up-to-date: /home/chen/sentry_try/sentry_ws/install/rm_referee/include/referee_node/log_utils.hpp
[0.279s] -- Up-to-date: /home/chen/sentry_try/sentry_ws/install/rm_referee/include/referee_node/asio_serial.hpp
[0.279s] -- Up-to-date: /home/chen/sentry_try/sentry_ws/install/rm_referee/share/rm_referee/environment/library_path.sh
[0.280s] -- Up-to-date: /home/chen/sentry_try/sentry_ws/install/rm_referee/share/rm_referee/environment/library_path.dsv
[0.280s] -- Up-to-date: /home/chen/sentry_try/sentry_ws/install/rm_referee/lib/libreferee_node_component.so
[0.280s] -- Up-to-date: /home/chen/sentry_try/sentry_ws/install/rm_referee/lib/libtf_publisher_component.so
[0.280s] -- Up-to-date: /home/chen/sentry_try/sentry_ws/install/rm_referee/share/ament_index/resource_index/package_run_dependencies/rm_referee
[0.280s] -- Up-to-date: /home/chen/sentry_try/sentry_ws/install/rm_referee/share/ament_index/resource_index/parent_prefix_path/rm_referee
[0.280s] -- Up-to-date: /home/chen/sentry_try/sentry_ws/install/rm_referee/share/rm_referee/environment/ament_prefix_path.sh
[0.280s] -- Up-to-date: /home/chen/sentry_try/sentry_ws/install/rm_referee/share/rm_referee/environment/ament_prefix_path.dsv
[0.280s] -- Up-to-date: /home/chen/sentry_try/sentry_ws/install/rm_referee/share/rm_referee/environment/path.sh
[0.280s] -- Up-to-date: /home/chen/sentry_try/sentry_ws/install/rm_referee/share/rm_referee/environment/path.dsv
[0.280s] -- Up-to-date: /home/chen/sentry_try/sentry_ws/install/rm_referee/share/rm_referee/local_setup.bash
[0.280s] -- Up-to-date: /home/chen/sentry_try/sentry_ws/install/rm_referee/share/rm_referee/local_setup.sh
[0.280s] -- Up-to-date: /home/chen/sentry_try/sentry_ws/install/rm_referee/share/rm_referee/local_setup.zsh
[0.280s] -- Up-to-date: /home/chen/sentry_try/sentry_ws/install/rm_referee/share/rm_referee/local_setup.dsv
[0.280s] -- Installing: /home/chen/sentry_try/sentry_ws/install/rm_referee/share/rm_referee/package.dsv
[0.280s] -- Up-to-date: /home/chen/sentry_try/sentry_ws/install/rm_referee/share/ament_index/resource_index/packages/rm_referee
[0.280s] -- Up-to-date: /home/chen/sentry_try/sentry_ws/install/rm_referee/share/ament_index/resource_index/rclcpp_components/rm_referee
[0.280s] -- Up-to-date: /home/chen/sentry_try/sentry_ws/install/rm_referee/share/rm_referee/cmake/ament_cmake_export_dependencies-extras.cmake
[0.280s] -- Up-to-date: /home/chen/sentry_try/sentry_ws/install/rm_referee/share/rm_referee/cmake/ament_cmake_export_include_directories-extras.cmake
[0.280s] -- Up-to-date: /home/chen/sentry_try/sentry_ws/install/rm_referee/share/rm_referee/cmake/ament_cmake_export_libraries-extras.cmake
[0.281s] -- Up-to-date: /home/chen/sentry_try/sentry_ws/install/rm_referee/share/rm_referee/cmake/rm_refereeConfig.cmake
[0.281s] -- Up-to-date: /home/chen/sentry_try/sentry_ws/install/rm_referee/share/rm_referee/cmake/rm_refereeConfig-version.cmake
[0.281s] -- Up-to-date: /home/chen/sentry_try/sentry_ws/install/rm_referee/share/rm_referee/package.xml
[0.281s] -- Up-to-date: /home/chen/sentry_try/sentry_ws/install/rm_referee/lib/libardupilot_filter.a
[0.281s] -- Up-to-date: /home/chen/sentry_try/sentry_ws/install/rm_referee/include/ap_filters
[0.282s] -- Up-to-date: /home/chen/sentry_try/sentry_ws/install/rm_referee/include/ap_filters/HarmonicNotchFilter.h
[0.282s] -- Up-to-date: /home/chen/sentry_try/sentry_ws/install/rm_referee/include/ap_filters/AP_Filter.h
[0.282s] -- Up-to-date: /home/chen/sentry_try/sentry_ws/install/rm_referee/include/ap_filters/filter_math.h
[0.282s] -- Up-to-date: /home/chen/sentry_try/sentry_ws/install/rm_referee/include/ap_filters/AP_Filter_config.h
[0.282s] -- Up-to-date: /home/chen/sentry_try/sentry_ws/install/rm_referee/include/ap_filters/SlewLimiter.h
[0.282s] -- Up-to-date: /home/chen/sentry_try/sentry_ws/install/rm_referee/include/ap_filters/Butter.h
[0.282s] -- Up-to-date: /home/chen/sentry_try/sentry_ws/install/rm_referee/include/ap_filters/filter_config.h
[0.282s] -- Up-to-date: /home/chen/sentry_try/sentry_ws/install/rm_referee/include/ap_filters/Filter.h
[0.282s] -- Up-to-date: /home/chen/sentry_try/sentry_ws/install/rm_referee/include/ap_filters/LowPassFilter2p.h
[0.282s] -- Up-to-date: /home/chen/sentry_try/sentry_ws/install/rm_referee/include/ap_filters/AverageFilter.h
[0.282s] -- Up-to-date: /home/chen/sentry_try/sentry_ws/install/rm_referee/include/ap_filters/DerivativeFilter.h
[0.282s] -- Up-to-date: /home/chen/sentry_try/sentry_ws/install/rm_referee/include/ap_filters/FilterWithBuffer.h
[0.282s] -- Up-to-date: /home/chen/sentry_try/sentry_ws/install/rm_referee/include/ap_filters/LowPassFilter.h
[0.282s] -- Up-to-date: /home/chen/sentry_try/sentry_ws/install/rm_referee/include/ap_filters/FilterClass.h
[0.282s] -- Up-to-date: /home/chen/sentry_try/sentry_ws/install/rm_referee/include/ap_filters/ModeFilter.h
[0.283s] -- Up-to-date: /home/chen/sentry_try/sentry_ws/install/rm_referee/include/ap_filters/NotchFilter.h
[0.283s] -- Up-to-date: /home/chen/sentry_try/sentry_ws/install/rm_referee/lib/cmake/ardupilot_filter/ardupilot_filter-targets.cmake
[0.283s] -- Up-to-date: /home/chen/sentry_try/sentry_ws/install/rm_referee/lib/cmake/ardupilot_filter/ardupilot_filter-targets-noconfig.cmake
[0.286s] Invoked command in '/home/chen/sentry_try/sentry_ws/build/rm_referee' returned '0': CMAKE_PREFIX_PATH=/home/chen/sentry_try/sentry_ws/install/rm_referee_msgs:/home/chen/sentry_try/sentry_ws/install/serial_comm:/home/chen/sentry_try/sentry_ws/install/can_comm:/home/chen/sentry_try/sentry_ws/install/sentry_msgs:/home/chen/sentry_try/sentry_ws/install/sentry_eval_bt:/home/chen/sentry_try/sentry_ws/install/rm_referee_mock:/home/chen/sentry_try/sentry_ws/install/rm_referee:/home/chen/sentry_try/sentry_ws/install/lightning:/home/chen/sentry_try/sentry_ws/install/pb_nav2_plugins:/home/chen/sentry_try/sentry_ws/install/livox_to_scan:/home/chen/sentry_try/sentry_ws/install/fast_lio:/home/chen/sentry_try/sentry_ws/install/livox_ros_driver2:/home/chen/sentry_try/sentry_ws/install/goal_approach_controller:/home/chen/sentry_try/sentry_ws/install/costmap_voxel:/home/chen/sentry_try/sentry_ws/install/costmap_intensity:/home/chen/sentry_try/sentry_ws/install/bringup:/opt/ros/humble LD_LIBRARY_PATH=/home/chen/sentry_try/sentry_ws/install/rm_referee_msgs/lib:/home/chen/sentry_try/sentry_ws/install/sentry_msgs/lib:/home/chen/sentry_try/sentry_ws/install/rm_referee/lib:/home/chen/sentry_try/sentry_ws/install/lightning/lib:/home/chen/sentry_try/sentry_ws/install/pb_nav2_plugins/lib:/home/chen/sentry_try/sentry_ws/install/fast_lio/lib:/home/chen/sentry_try/sentry_ws/install/livox_ros_driver2/lib:/home/chen/sentry_try/sentry_ws/install/goal_approach_controller/lib:/home/chen/sentry_try/sentry_ws/install/costmap_voxel/lib:/home/chen/sentry_try/sentry_ws/install/costmap_intensity/lib:/usr/lib/x86_64-linux-gnu/gazebo-11/plugins:/opt/ros/humble/opt/rviz_ogre_vendor/lib:/opt/ros/humble/lib/x86_64-linux-gnu:/opt/ros/humble/opt/openvdb_vendor/lib:/opt/ros/humble/lib /usr/bin/cmake --install /home/chen/sentry_try/sentry_ws/build/rm_referee
