[0.046s] Invoking command in '/home/chen/sentry_try/sentry_ws/build/rm_referee_mock': CMAKE_PREFIX_PATH=/home/chen/sentry_try/sentry_ws/install/rm_referee_msgs:/home/chen/sentry_try/sentry_ws/install/serial_comm:/home/chen/sentry_try/sentry_ws/install/can_comm:/home/chen/sentry_try/sentry_ws/install/sentry_msgs:/home/chen/sentry_try/sentry_ws/install/sentry_eval_bt:/home/chen/sentry_try/sentry_ws/install/rm_referee_mock:/home/chen/sentry_try/sentry_ws/install/rm_referee:/home/chen/sentry_try/sentry_ws/install/lightning:/home/chen/sentry_try/sentry_ws/install/pb_nav2_plugins:/home/chen/sentry_try/sentry_ws/install/livox_to_scan:/home/chen/sentry_try/sentry_ws/install/fast_lio:/home/chen/sentry_try/sentry_ws/install/livox_ros_driver2:/home/chen/sentry_try/sentry_ws/install/goal_approach_controller:/home/chen/sentry_try/sentry_ws/install/costmap_voxel:/home/chen/sentry_try/sentry_ws/install/costmap_intensity:/home/chen/sentry_try/sentry_ws/install/bringup:/opt/ros/humble LD_LIBRARY_PATH=/home/chen/sentry_try/sentry_ws/install/rm_referee_msgs/lib:/home/chen/sentry_try/sentry_ws/install/sentry_msgs/lib:/home/chen/sentry_try/sentry_ws/install/rm_referee/lib:/home/chen/sentry_try/sentry_ws/install/lightning/lib:/home/chen/sentry_try/sentry_ws/install/pb_nav2_plugins/lib:/home/chen/sentry_try/sentry_ws/install/fast_lio/lib:/home/chen/sentry_try/sentry_ws/install/livox_ros_driver2/lib:/home/chen/sentry_try/sentry_ws/install/goal_approach_controller/lib:/home/chen/sentry_try/sentry_ws/install/costmap_voxel/lib:/home/chen/sentry_try/sentry_ws/install/costmap_intensity/lib:/usr/lib/x86_64-linux-gnu/gazebo-11/plugins:/opt/ros/humble/opt/rviz_ogre_vendor/lib:/opt/ros/humble/lib/x86_64-linux-gnu:/opt/ros/humble/opt/openvdb_vendor/lib:/opt/ros/humble/lib /usr/bin/cmake --build /home/chen/sentry_try/sentry_ws/build/rm_referee_mock -- -j16 -l16
[0.109s] Built target ament_cmake_python_copy_rm_referee_mock
[0.366s] running egg_info
[0.366s] writing rm_referee_mock.egg-info/PKG-INFO
[0.367s] writing dependency_links to rm_referee_mock.egg-info/dependency_links.txt
[0.367s] writing top-level names to rm_referee_mock.egg-info/top_level.txt
[0.368s] reading manifest file 'rm_referee_mock.egg-info/SOURCES.txt'
[0.369s] writing manifest file 'rm_referee_mock.egg-info/SOURCES.txt'
[0.393s] Built target ament_cmake_python_build_rm_referee_mock_egg
[0.403s] Invoked command in '/home/chen/sentry_try/sentry_ws/build/rm_referee_mock' returned '0': CMAKE_PREFIX_PATH=/home/chen/sentry_try/sentry_ws/install/rm_referee_msgs:/home/chen/sentry_try/sentry_ws/install/serial_comm:/home/chen/sentry_try/sentry_ws/install/can_comm:/home/chen/sentry_try/sentry_ws/install/sentry_msgs:/home/chen/sentry_try/sentry_ws/install/sentry_eval_bt:/home/chen/sentry_try/sentry_ws/install/rm_referee_mock:/home/chen/sentry_try/sentry_ws/install/rm_referee:/home/chen/sentry_try/sentry_ws/install/lightning:/home/chen/sentry_try/sentry_ws/install/pb_nav2_plugins:/home/chen/sentry_try/sentry_ws/install/livox_to_scan:/home/chen/sentry_try/sentry_ws/install/fast_lio:/home/chen/sentry_try/sentry_ws/install/livox_ros_driver2:/home/chen/sentry_try/sentry_ws/install/goal_approach_controller:/home/chen/sentry_try/sentry_ws/install/costmap_voxel:/home/chen/sentry_try/sentry_ws/install/costmap_intensity:/home/chen/sentry_try/sentry_ws/install/bringup:/opt/ros/humble LD_LIBRARY_PATH=/home/chen/sentry_try/sentry_ws/install/rm_referee_msgs/lib:/home/chen/sentry_try/sentry_ws/install/sentry_msgs/lib:/home/chen/sentry_try/sentry_ws/install/rm_referee/lib:/home/chen/sentry_try/sentry_ws/install/lightning/lib:/home/chen/sentry_try/sentry_ws/install/pb_nav2_plugins/lib:/home/chen/sentry_try/sentry_ws/install/fast_lio/lib:/home/chen/sentry_try/sentry_ws/install/livox_ros_driver2/lib:/home/chen/sentry_try/sentry_ws/install/goal_approach_controller/lib:/home/chen/sentry_try/sentry_ws/install/costmap_voxel/lib:/home/chen/sentry_try/sentry_ws/install/costmap_intensity/lib:/usr/lib/x86_64-linux-gnu/gazebo-11/plugins:/opt/ros/humble/opt/rviz_ogre_vendor/lib:/opt/ros/humble/lib/x86_64-linux-gnu:/opt/ros/humble/opt/openvdb_vendor/lib:/opt/ros/humble/lib /usr/bin/cmake --build /home/chen/sentry_try/sentry_ws/build/rm_referee_mock -- -j16 -l16
[0.405s] Invoking command in '/home/chen/sentry_try/sentry_ws/build/rm_referee_mock': CMAKE_PREFIX_PATH=/home/chen/sentry_try/sentry_ws/install/rm_referee_msgs:/home/chen/sentry_try/sentry_ws/install/serial_comm:/home/chen/sentry_try/sentry_ws/install/can_comm:/home/chen/sentry_try/sentry_ws/install/sentry_msgs:/home/chen/sentry_try/sentry_ws/install/sentry_eval_bt:/home/chen/sentry_try/sentry_ws/install/rm_referee_mock:/home/chen/sentry_try/sentry_ws/install/rm_referee:/home/chen/sentry_try/sentry_ws/install/lightning:/home/chen/sentry_try/sentry_ws/install/pb_nav2_plugins:/home/chen/sentry_try/sentry_ws/install/livox_to_scan:/home/chen/sentry_try/sentry_ws/install/fast_lio:/home/chen/sentry_try/sentry_ws/install/livox_ros_driver2:/home/chen/sentry_try/sentry_ws/install/goal_approach_controller:/home/chen/sentry_try/sentry_ws/install/costmap_voxel:/home/chen/sentry_try/sentry_ws/install/costmap_intensity:/home/chen/sentry_try/sentry_ws/install/bringup:/opt/ros/humble LD_LIBRARY_PATH=/home/chen/sentry_try/sentry_ws/install/rm_referee_msgs/lib:/home/chen/sentry_try/sentry_ws/install/sentry_msgs/lib:/home/chen/sentry_try/sentry_ws/install/rm_referee/lib:/home/chen/sentry_try/sentry_ws/install/lightning/lib:/home/chen/sentry_try/sentry_ws/install/pb_nav2_plugins/lib:/home/chen/sentry_try/sentry_ws/install/fast_lio/lib:/home/chen/sentry_try/sentry_ws/install/livox_ros_driver2/lib:/home/chen/sentry_try/sentry_ws/install/goal_approach_controller/lib:/home/chen/sentry_try/sentry_ws/install/costmap_voxel/lib:/home/chen/sentry_try/sentry_ws/install/costmap_intensity/lib:/usr/lib/x86_64-linux-gnu/gazebo-11/plugins:/opt/ros/humble/opt/rviz_ogre_vendor/lib:/opt/ros/humble/lib/x86_64-linux-gnu:/opt/ros/humble/opt/openvdb_vendor/lib:/opt/ros/humble/lib /usr/bin/cmake --install /home/chen/sentry_try/sentry_ws/build/rm_referee_mock
[0.411s] -- Install configuration: ""
[0.412s] -- Up-to-date: /home/chen/sentry_try/sentry_ws/install/rm_referee_mock/share/rm_referee_mock/assets
[0.412s] -- Up-to-date: /home/chen/sentry_try/sentry_ws/install/rm_referee_mock/share/rm_referee_mock/assets/match_control.ui
[0.412s] -- Up-to-date: /home/chen/sentry_try/sentry_ws/install/rm_referee_mock/share/rm_referee_mock/assets/map.jpg
[0.412s] -- Up-to-date: /home/chen/sentry_try/sentry_ws/install/rm_referee_mock/share/rm_referee_mock/plugin.xml
[0.412s] -- Up-to-date: /home/chen/sentry_try/sentry_ws/install/rm_referee_mock/lib/rm_referee_mock/rqt_clean_start
[0.412s] -- Up-to-date: /home/chen/sentry_try/sentry_ws/install/rm_referee_mock/share/rm_referee_mock/environment/pythonpath.sh
[0.412s] -- Up-to-date: /home/chen/sentry_try/sentry_ws/install/rm_referee_mock/share/rm_referee_mock/environment/pythonpath.dsv
[0.412s] -- Up-to-date: /home/chen/sentry_try/sentry_ws/install/rm_referee_mock/local/lib/python3.10/dist-packages/rm_referee_mock-0.0.0-py3.10.egg-info
[0.412s] -- Installing: /home/chen/sentry_try/sentry_ws/install/rm_referee_mock/local/lib/python3.10/dist-packages/rm_referee_mock-0.0.0-py3.10.egg-info/top_level.txt
[0.412s] -- Installing: /home/chen/sentry_try/sentry_ws/install/rm_referee_mock/local/lib/python3.10/dist-packages/rm_referee_mock-0.0.0-py3.10.egg-info/PKG-INFO
[0.412s] -- Installing: /home/chen/sentry_try/sentry_ws/install/rm_referee_mock/local/lib/python3.10/dist-packages/rm_referee_mock-0.0.0-py3.10.egg-info/SOURCES.txt
[0.412s] -- Installing: /home/chen/sentry_try/sentry_ws/install/rm_referee_mock/local/lib/python3.10/dist-packages/rm_referee_mock-0.0.0-py3.10.egg-info/dependency_links.txt
[0.412s] -- Up-to-date: /home/chen/sentry_try/sentry_ws/install/rm_referee_mock/local/lib/python3.10/dist-packages/rm_referee_mock
[0.412s] -- Up-to-date: /home/chen/sentry_try/sentry_ws/install/rm_referee_mock/local/lib/python3.10/dist-packages/rm_referee_mock/dart_client_widget.py
[0.412s] -- Up-to-date: /home/chen/sentry_try/sentry_ws/install/rm_referee_mock/local/lib/python3.10/dist-packages/rm_referee_mock/rqt_plugin_keyboard_publisher.py
[0.412s] -- Up-to-date: /home/chen/sentry_try/sentry_ws/install/rm_referee_mock/local/lib/python3.10/dist-packages/rm_referee_mock/widget_confirmed_line_edit.py
[0.412s] -- Up-to-date: /home/chen/sentry_try/sentry_ws/install/rm_referee_mock/local/lib/python3.10/dist-packages/rm_referee_mock/publisher_pool.py
[0.412s] -- Up-to-date: /home/chen/sentry_try/sentry_ws/install/rm_referee_mock/local/lib/python3.10/dist-packages/rm_referee_mock/rqt_plugin_dart_client.py
[0.412s] -- Up-to-date: /home/chen/sentry_try/sentry_ws/install/rm_referee_mock/local/lib/python3.10/dist-packages/rm_referee_mock/rqt_plugin_match_control.py
[0.412s] -- Up-to-date: /home/chen/sentry_try/sentry_ws/install/rm_referee_mock/local/lib/python3.10/dist-packages/rm_referee_mock/rqt_plugin_fake_location.py
[0.412s] -- Up-to-date: /home/chen/sentry_try/sentry_ws/install/rm_referee_mock/local/lib/python3.10/dist-packages/rm_referee_mock/match_control_widget.py
[0.412s] -- Up-to-date: /home/chen/sentry_try/sentry_ws/install/rm_referee_mock/local/lib/python3.10/dist-packages/rm_referee_mock/sentry_posture.py
[0.413s] -- Up-to-date: /home/chen/sentry_try/sentry_ws/install/rm_referee_mock/local/lib/python3.10/dist-packages/rm_referee_mock/fake_location_widget.py
[0.413s] -- Up-to-date: /home/chen/sentry_try/sentry_ws/install/rm_referee_mock/local/lib/python3.10/dist-packages/rm_referee_mock/keyboard_publisher_widget.py
[0.413s] -- Up-to-date: /home/chen/sentry_try/sentry_ws/install/rm_referee_mock/local/lib/python3.10/dist-packages/rm_referee_mock/__init__.py
[0.439s] Listing '/home/chen/sentry_try/sentry_ws/install/rm_referee_mock/local/lib/python3.10/dist-packages/rm_referee_mock'...
[0.442s] -- Up-to-date: /home/chen/sentry_try/sentry_ws/install/rm_referee_mock/share/ament_index/resource_index/package_run_dependencies/rm_referee_mock
[0.443s] -- Up-to-date: /home/chen/sentry_try/sentry_ws/install/rm_referee_mock/share/ament_index/resource_index/parent_prefix_path/rm_referee_mock
[0.443s] -- Up-to-date: /home/chen/sentry_try/sentry_ws/install/rm_referee_mock/share/rm_referee_mock/environment/ament_prefix_path.sh
[0.443s] -- Up-to-date: /home/chen/sentry_try/sentry_ws/install/rm_referee_mock/share/rm_referee_mock/environment/ament_prefix_path.dsv
[0.443s] -- Up-to-date: /home/chen/sentry_try/sentry_ws/install/rm_referee_mock/share/rm_referee_mock/environment/path.sh
[0.443s] -- Up-to-date: /home/chen/sentry_try/sentry_ws/install/rm_referee_mock/share/rm_referee_mock/environment/path.dsv
[0.443s] -- Up-to-date: /home/chen/sentry_try/sentry_ws/install/rm_referee_mock/share/rm_referee_mock/local_setup.bash
[0.443s] -- Up-to-date: /home/chen/sentry_try/sentry_ws/install/rm_referee_mock/share/rm_referee_mock/local_setup.sh
[0.443s] -- Up-to-date: /home/chen/sentry_try/sentry_ws/install/rm_referee_mock/share/rm_referee_mock/local_setup.zsh
[0.443s] -- Up-to-date: /home/chen/sentry_try/sentry_ws/install/rm_referee_mock/share/rm_referee_mock/local_setup.dsv
[0.443s] -- Installing: /home/chen/sentry_try/sentry_ws/install/rm_referee_mock/share/rm_referee_mock/package.dsv
[0.444s] -- Up-to-date: /home/chen/sentry_try/sentry_ws/install/rm_referee_mock/share/ament_index/resource_index/packages/rm_referee_mock
[0.444s] -- Up-to-date: /home/chen/sentry_try/sentry_ws/install/rm_referee_mock/share/rm_referee_mock/cmake/rm_referee_mockConfig.cmake
[0.444s] -- Up-to-date: /home/chen/sentry_try/sentry_ws/install/rm_referee_mock/share/rm_referee_mock/cmake/rm_referee_mockConfig-version.cmake
[0.444s] -- Up-to-date: /home/chen/sentry_try/sentry_ws/install/rm_referee_mock/share/rm_referee_mock/package.xml
[0.446s] Invoked command in '/home/chen/sentry_try/sentry_ws/build/rm_referee_mock' returned '0': CMAKE_PREFIX_PATH=/home/chen/sentry_try/sentry_ws/install/rm_referee_msgs:/home/chen/sentry_try/sentry_ws/install/serial_comm:/home/chen/sentry_try/sentry_ws/install/can_comm:/home/chen/sentry_try/sentry_ws/install/sentry_msgs:/home/chen/sentry_try/sentry_ws/install/sentry_eval_bt:/home/chen/sentry_try/sentry_ws/install/rm_referee_mock:/home/chen/sentry_try/sentry_ws/install/rm_referee:/home/chen/sentry_try/sentry_ws/install/lightning:/home/chen/sentry_try/sentry_ws/install/pb_nav2_plugins:/home/chen/sentry_try/sentry_ws/install/livox_to_scan:/home/chen/sentry_try/sentry_ws/install/fast_lio:/home/chen/sentry_try/sentry_ws/install/livox_ros_driver2:/home/chen/sentry_try/sentry_ws/install/goal_approach_controller:/home/chen/sentry_try/sentry_ws/install/costmap_voxel:/home/chen/sentry_try/sentry_ws/install/costmap_intensity:/home/chen/sentry_try/sentry_ws/install/bringup:/opt/ros/humble LD_LIBRARY_PATH=/home/chen/sentry_try/sentry_ws/install/rm_referee_msgs/lib:/home/chen/sentry_try/sentry_ws/install/sentry_msgs/lib:/home/chen/sentry_try/sentry_ws/install/rm_referee/lib:/home/chen/sentry_try/sentry_ws/install/lightning/lib:/home/chen/sentry_try/sentry_ws/install/pb_nav2_plugins/lib:/home/chen/sentry_try/sentry_ws/install/fast_lio/lib:/home/chen/sentry_try/sentry_ws/install/livox_ros_driver2/lib:/home/chen/sentry_try/sentry_ws/install/goal_approach_controller/lib:/home/chen/sentry_try/sentry_ws/install/costmap_voxel/lib:/home/chen/sentry_try/sentry_ws/install/costmap_intensity/lib:/usr/lib/x86_64-linux-gnu/gazebo-11/plugins:/opt/ros/humble/opt/rviz_ogre_vendor/lib:/opt/ros/humble/lib/x86_64-linux-gnu:/opt/ros/humble/opt/openvdb_vendor/lib:/opt/ros/humble/lib /usr/bin/cmake --install /home/chen/sentry_try/sentry_ws/build/rm_referee_mock
