[0.011s] Invoking command in '/home/chen/sentry_try/sentry_ws/build/lightning': CMAKE_PREFIX_PATH=/opt/ros/humble /usr/bin/cmake --build /home/chen/sentry_try/sentry_ws/build/lightning -- -j16 -l16
[0.085s] [  1%] Built target lightning__cpp
[0.085s] [  1%] Built target livox_interfaces2__rs
[0.085s] [  2%] Built target lightning__rs
[0.087s] [  3%] Built target livox_interfaces2__cpp
[0.089s] [  6%] Built target livox_interfaces2__rosidl_generator_c
[0.090s] [  9%] Built target lightning__rosidl_generator_c
[0.096s] [ 10%] Built target miao.utils
[0.098s] [ 11%] Built target ament_cmake_python_copy_lightning
[0.098s] [ 11%] Built target ament_cmake_python_copy_livox_ros_driver2
[0.099s] [ 17%] Built target miao.core
[0.113s] [ 26%] Built target lightning__rosidl_typesupport_cpp
[0.114s] [ 26%] Built target lightning__rosidl_typesupport_introspection_cpp
[0.114s] [ 26%] Built target lightning__rosidl_typesupport_fastrtps_cpp
[0.114s] [ 29%] Built target livox_interfaces2__rosidl_typesupport_fastrtps_cpp
[0.114s] [ 35%] Built target livox_interfaces2__rosidl_typesupport_cpp
[0.114s] [ 35%] Built target livox_interfaces2__rosidl_typesupport_introspection_c
[0.114s] [ 38%] Built target livox_interfaces2__rosidl_typesupport_c
[0.114s] [ 41%] Built target livox_interfaces2__rosidl_typesupport_fastrtps_c
[0.114s] [ 44%] Built target livox_interfaces2__rosidl_typesupport_introspection_cpp
[0.121s] [ 53%] Built target lightning__rosidl_typesupport_fastrtps_c
[0.121s] [ 53%] Built target lightning__rosidl_typesupport_introspection_c
[0.121s] [ 53%] Built target lightning__rosidl_typesupport_c
[0.131s] [35m[1mConsolidate compiler generated dependencies of target lightning.libs[0m
[0.135s] [ 53%] Built target livox_interfaces2
[0.141s] [ 53%] Built target lightning
[0.155s] [ 53%] [32mBuilding CXX object src/CMakeFiles/lightning.libs.dir/common/nav_state.cc.o[0m
[0.156s] [ 53%] Built target livox_interfaces2__py
[0.156s] [ 55%] [32mBuilding CXX object src/CMakeFiles/lightning.libs.dir/common/params.cc.o[0m
[0.156s] [ 55%] [32mBuilding CXX object src/CMakeFiles/lightning.libs.dir/core/g2p5/g2p5.cc.o[0m
[0.157s] [ 55%] [32mBuilding CXX object src/CMakeFiles/lightning.libs.dir/core/lio/eskf.cc.o[0m
[0.157s] [ 56%] [32mBuilding CXX object src/CMakeFiles/lightning.libs.dir/core/lio/laser_mapping.cc.o[0m
[0.157s] [ 56%] [32mBuilding CXX object src/CMakeFiles/lightning.libs.dir/core/lio/pointcloud_preprocess.cc.o[0m
[0.157s] [ 57%] [32mBuilding CXX object src/CMakeFiles/lightning.libs.dir/core/loop_closing/loop_closing.cc.o[0m
[0.158s] [ 58%] [32mBuilding CXX object src/CMakeFiles/lightning.libs.dir/core/maps/tiled_map.cc.o[0m
[0.165s] [ 59%] Built target lightning__py
[0.197s] [ 63%] Built target lightning__rosidl_generator_py
[0.197s] [ 63%] Built target livox_interfaces2__rosidl_generator_py
[0.205s] [ 65%] [32mBuilding CXX object src/CMakeFiles/lightning.libs.dir/core/localization/lidar_loc/lidar_loc.cc.o[0m
[0.205s] [ 65%] [32mBuilding CXX object src/CMakeFiles/lightning.libs.dir/core/localization/localization_result.cc.o[0m
[0.205s] [ 65%] [32mBuilding CXX object src/CMakeFiles/lightning.libs.dir/core/localization/lidar_loc/pclomp/ndt_omp.cpp.o[0m
[0.219s] [ 67%] Built target lightning__rosidl_typesupport_introspection_c__pyext
[0.219s] [ 67%] Built target lightning__rosidl_typesupport_fastrtps_c__pyext
[0.219s] [ 68%] Built target lightning__rosidl_typesupport_c__pyext
[0.230s] [ 68%] [32mBuilding CXX object src/CMakeFiles/lightning.libs.dir/core/localization/lidar_loc/pclomp/voxel_grid_covariance_omp.cpp.o[0m
[0.233s] [35m[1mConsolidate compiler generated dependencies of target livox_ros_driver2__rosidl_typesupport_fastrtps_c__pyext[0m
[0.241s] [35m[1mConsolidate compiler generated dependencies of target livox_ros_driver2__rosidl_typesupport_introspection_c__pyext[0m
[0.256s] [ 69%] Built target livox_ros_driver2__rosidl_typesupport_fastrtps_c__pyext
[0.261s] [ 71%] Built target livox_ros_driver2__rosidl_typesupport_introspection_c__pyext
[0.269s] [35m[1mConsolidate compiler generated dependencies of target livox_ros_driver2__rosidl_typesupport_c__pyext[0m
[0.277s] [ 72%] [32mBuilding CXX object src/CMakeFiles/lightning.libs.dir/core/localization/pose_graph/pgo.cc.o[0m
[0.289s] [ 74%] Built target livox_ros_driver2__rosidl_typesupport_c__pyext
[0.300s] [ 75%] [32mBuilding CXX object src/CMakeFiles/lightning.libs.dir/core/localization/pose_graph/pgo_impl.cc.o[0m
[0.342s] running egg_info
[0.342s] running egg_info
[0.343s] writing livox_ros_driver2.egg-info/PKG-INFO
[0.343s] writing lightning.egg-info/PKG-INFO
[0.344s] writing dependency_links to livox_ros_driver2.egg-info/dependency_links.txt
[0.344s] writing top-level names to livox_ros_driver2.egg-info/top_level.txt
[0.344s] writing dependency_links to lightning.egg-info/dependency_links.txt
[0.344s] writing top-level names to lightning.egg-info/top_level.txt
[0.348s] reading manifest file 'lightning.egg-info/SOURCES.txt'
[0.349s] reading manifest file 'livox_ros_driver2.egg-info/SOURCES.txt'
[0.349s] writing manifest file 'lightning.egg-info/SOURCES.txt'
[0.350s] writing manifest file 'livox_ros_driver2.egg-info/SOURCES.txt'
[0.401s] [ 75%] Built target ament_cmake_python_build_lightning_egg
[0.403s] [ 75%] Built target ament_cmake_python_build_livox_ros_driver2_egg
[0.421s] [ 76%] [32mBuilding CXX object src/CMakeFiles/lightning.libs.dir/core/localization/pose_graph/pose_extrapolator.cc.o[0m
[0.423s] [ 76%] [32mBuilding CXX object src/CMakeFiles/lightning.libs.dir/core/localization/localization.cpp.o[0m
[8.084s] In file included from [01m[K/home/chen/sentry_try/sentry_ws/src/lightning-lm/src/core/lightning_math.hpp:22[m[K,
[8.085s]                  from [01m[K/home/chen/sentry_try/sentry_ws/src/lightning-lm/src/common/params.cc:6[m[K:
[8.085s] [01m[K/home/chen/sentry_try/sentry_ws/src/lightning-lm/src/common/options.h:[m[K In function ‘[01m[Kvoid lightning::debug::SigHandle(int)[m[K’:
[8.085s] [01m[K/home/chen/sentry_try/sentry_ws/src/lightning-lm/src/common/options.h:27:27:[m[K [01;35m[Kwarning: [m[Kunused parameter ‘[01m[Ksig[m[K’ [[01;35m[K]8;;https://gcc.gnu.org/onlinedocs/gcc/Warning-Options.html#index-Wunused-parameter-Wunused-parameter]8;;[m[K]
[8.085s]    27 | inline void SigHandle([01;35m[Kint sig[m[K) {
[8.085s]       |                       [01;35m[K~~~~^~~[m[K
[8.085s] In file included from [01m[K/home/chen/sentry_try/sentry_ws/src/lightning-lm/src/core/lightning_math.hpp:22[m[K,
[8.085s]                  from [01m[K/home/chen/sentry_try/sentry_ws/src/lightning-lm/src/common/s2.hpp:6[m[K,
[8.085s]                  from [01m[K/home/chen/sentry_try/sentry_ws/src/lightning-lm/src/common/nav_state.h:8[m[K,
[8.085s]                  from [01m[K/home/chen/sentry_try/sentry_ws/src/lightning-lm/src/core/localization/pose_graph/pgo.h:4[m[K,
[8.085s]                  from [01m[K/home/chen/sentry_try/sentry_ws/src/lightning-lm/src/core/localization/pose_graph/pgo.cc:1[m[K:
[8.086s] [01m[K/home/chen/sentry_try/sentry_ws/src/lightning-lm/src/common/options.h:[m[K In function ‘[01m[Kvoid lightning::debug::SigHandle(int)[m[K’:
[8.086s] [01m[K/home/chen/sentry_try/sentry_ws/src/lightning-lm/src/common/options.h:27:27:[m[K [01;35m[Kwarning: [m[Kunused parameter ‘[01m[Ksig[m[K’ [[01;35m[K]8;;https://gcc.gnu.org/onlinedocs/gcc/Warning-Options.html#index-Wunused-parameter-Wunused-parameter]8;;[m[K]
[8.086s]    27 | inline void SigHandle([01;35m[Kint sig[m[K) {
[8.086s]       |                       [01;35m[K~~~~^~~[m[K
