[35m[1mConsolidate compiler generated dependencies of target can_send_node[0m
[ 50%] Built target can_receive_node
[ 75%] [32mBuilding CXX object CMakeFiles/can_send_node.dir/src/can_send.cpp.o[0m
[01m[K/home/chen/sentry_try/sentry_ws/src/can_comm/src/can_send.cpp:[m[K In constructor ‘[01m[KCanSender::CanSender()[m[K’:
[01m[K/home/chen/sentry_try/sentry_ws/src/can_comm/src/can_send.cpp:44:13:[m[K [01;35m[Kwarning: [m[Kunused variable ‘[01m[Ksend_freq[m[K’ [[01;35m[K]8;;https://gcc.gnu.org/onlinedocs/gcc/Warning-Options.html#index-Wunused-variable-Wunused-variable]8;;[m[K]
   44 |         int [01;35m[Ksend_freq[m[K = this->get_parameter("send_freq").as_int();
      |             [01;35m[K^~~~~~~~~[m[K
[100%] [32m[1mLinking CXX executable can_send_node[0m
[100%] Built target can_send_node
-- Install configuration: ""
-- Up-to-date: /home/chen/sentry_try/sentry_ws/install/can_comm/lib/can_comm/can_receive_node
-- Installing: /home/chen/sentry_try/sentry_ws/install/can_comm/lib/can_comm/can_send_node
-- Set runtime path of "/home/chen/sentry_try/sentry_ws/install/can_comm/lib/can_comm/can_send_node" to ""
-- Up-to-date: /home/chen/sentry_try/sentry_ws/install/can_comm/share/can_comm/config
-- Up-to-date: /home/chen/sentry_try/sentry_ws/install/can_comm/share/can_comm/config/can_params.yaml
-- Installing: /home/chen/sentry_try/sentry_ws/install/can_comm/share/ament_index/resource_index/package_run_dependencies/can_comm
-- Installing: /home/chen/sentry_try/sentry_ws/install/can_comm/share/ament_index/resource_index/parent_prefix_path/can_comm
-- Up-to-date: /home/chen/sentry_try/sentry_ws/install/can_comm/share/can_comm/environment/ament_prefix_path.sh
-- Installing: /home/chen/sentry_try/sentry_ws/install/can_comm/share/can_comm/environment/ament_prefix_path.dsv
-- Up-to-date: /home/chen/sentry_try/sentry_ws/install/can_comm/share/can_comm/environment/path.sh
-- Installing: /home/chen/sentry_try/sentry_ws/install/can_comm/share/can_comm/environment/path.dsv
-- Up-to-date: /home/chen/sentry_try/sentry_ws/install/can_comm/share/can_comm/local_setup.bash
-- Up-to-date: /home/chen/sentry_try/sentry_ws/install/can_comm/share/can_comm/local_setup.sh
-- Up-to-date: /home/chen/sentry_try/sentry_ws/install/can_comm/share/can_comm/local_setup.zsh
-- Installing: /home/chen/sentry_try/sentry_ws/install/can_comm/share/can_comm/local_setup.dsv
-- Installing: /home/chen/sentry_try/sentry_ws/install/can_comm/share/can_comm/package.dsv
-- Up-to-date: /home/chen/sentry_try/sentry_ws/install/can_comm/share/ament_index/resource_index/packages/can_comm
-- Up-to-date: /home/chen/sentry_try/sentry_ws/install/can_comm/share/can_comm/cmake/can_commConfig.cmake
-- Up-to-date: /home/chen/sentry_try/sentry_ws/install/can_comm/share/can_comm/cmake/can_commConfig-version.cmake
-- Installing: /home/chen/sentry_try/sentry_ws/install/can_comm/share/can_comm/package.xml
