[0.026s] Invoking command in '/home/chen/sentry_try/sentry_ws/build/pb_nav2_plugins': CMAKE_PREFIX_PATH=/opt/ros/humble /usr/bin/cmake --build /home/chen/sentry_try/sentry_ws/build/pb_nav2_plugins -- -j16 -l16
[0.092s] [ 50%] Built target pb_back_up_frees_space_behavior
[0.136s] [100%] Built target layers
[0.191s] Invoked command in '/home/chen/sentry_try/sentry_ws/build/pb_nav2_plugins' returned '0': CMAKE_PREFIX_PATH=/opt/ros/humble /usr/bin/cmake --build /home/chen/sentry_try/sentry_ws/build/pb_nav2_plugins -- -j16 -l16
[0.193s] Invoking command in '/home/chen/sentry_try/sentry_ws/build/pb_nav2_plugins': CMAKE_PREFIX_PATH=/opt/ros/humble /usr/bin/cmake --install /home/chen/sentry_try/sentry_ws/build/pb_nav2_plugins
[0.202s] -- Install configuration: ""
[0.202s] -- Up-to-date: /home/chen/sentry_try/sentry_ws/install/pb_nav2_plugins/share/pb_nav2_plugins/behavior_plugin.xml
[0.202s] -- Up-to-date: /home/chen/sentry_try/sentry_ws/install/pb_nav2_plugins/share/pb_nav2_plugins/costmap_plugins.xml
[0.202s] -- Up-to-date: /home/chen/sentry_try/sentry_ws/install/pb_nav2_plugins/include
[0.202s] -- Up-to-date: /home/chen/sentry_try/sentry_ws/install/pb_nav2_plugins/include/pb_nav2_plugins
[0.202s] -- Up-to-date: /home/chen/sentry_try/sentry_ws/install/pb_nav2_plugins/include/pb_nav2_plugins/behaviors
[0.202s] -- Up-to-date: /home/chen/sentry_try/sentry_ws/install/pb_nav2_plugins/include/pb_nav2_plugins/behaviors/back_up_free_space.hpp
[0.202s] -- Up-to-date: /home/chen/sentry_try/sentry_ws/install/pb_nav2_plugins/include/pb_nav2_plugins/layers
[0.202s] -- Up-to-date: /home/chen/sentry_try/sentry_ws/install/pb_nav2_plugins/include/pb_nav2_plugins/layers/intensity_voxel_layer.hpp
[0.202s] -- Up-to-date: /home/chen/sentry_try/sentry_ws/install/pb_nav2_plugins/share/pb_nav2_plugins/environment/library_path.sh
[0.202s] -- Up-to-date: /home/chen/sentry_try/sentry_ws/install/pb_nav2_plugins/share/pb_nav2_plugins/environment/library_path.dsv
[0.203s] -- Up-to-date: /home/chen/sentry_try/sentry_ws/install/pb_nav2_plugins/lib/libpb_back_up_frees_space_behavior.so
[0.204s] -- Up-to-date: /home/chen/sentry_try/sentry_ws/install/pb_nav2_plugins/lib/liblayers.so
[0.205s] -- Up-to-date: /home/chen/sentry_try/sentry_ws/install/pb_nav2_plugins/share/ament_index/resource_index/package_run_dependencies/pb_nav2_plugins
[0.205s] -- Up-to-date: /home/chen/sentry_try/sentry_ws/install/pb_nav2_plugins/share/ament_index/resource_index/parent_prefix_path/pb_nav2_plugins
[0.205s] -- Up-to-date: /home/chen/sentry_try/sentry_ws/install/pb_nav2_plugins/share/pb_nav2_plugins/environment/ament_prefix_path.sh
[0.205s] -- Up-to-date: /home/chen/sentry_try/sentry_ws/install/pb_nav2_plugins/share/pb_nav2_plugins/environment/ament_prefix_path.dsv
[0.205s] -- Up-to-date: /home/chen/sentry_try/sentry_ws/install/pb_nav2_plugins/share/pb_nav2_plugins/environment/path.sh
[0.206s] -- Up-to-date: /home/chen/sentry_try/sentry_ws/install/pb_nav2_plugins/share/pb_nav2_plugins/environment/path.dsv
[0.206s] -- Up-to-date: /home/chen/sentry_try/sentry_ws/install/pb_nav2_plugins/share/pb_nav2_plugins/local_setup.bash
[0.206s] -- Up-to-date: /home/chen/sentry_try/sentry_ws/install/pb_nav2_plugins/share/pb_nav2_plugins/local_setup.sh
[0.206s] -- Up-to-date: /home/chen/sentry_try/sentry_ws/install/pb_nav2_plugins/share/pb_nav2_plugins/local_setup.zsh
[0.206s] -- Up-to-date: /home/chen/sentry_try/sentry_ws/install/pb_nav2_plugins/share/pb_nav2_plugins/local_setup.dsv
[0.206s] -- Installing: /home/chen/sentry_try/sentry_ws/install/pb_nav2_plugins/share/pb_nav2_plugins/package.dsv
[0.206s] -- Up-to-date: /home/chen/sentry_try/sentry_ws/install/pb_nav2_plugins/share/ament_index/resource_index/packages/pb_nav2_plugins
[0.206s] -- Up-to-date: /home/chen/sentry_try/sentry_ws/install/pb_nav2_plugins/share/ament_index/resource_index/nav2_core__pluginlib__plugin/pb_nav2_plugins
[0.206s] -- Up-to-date: /home/chen/sentry_try/sentry_ws/install/pb_nav2_plugins/share/ament_index/resource_index/nav2_costmap_2d__pluginlib__plugin/pb_nav2_plugins
[0.206s] -- Up-to-date: /home/chen/sentry_try/sentry_ws/install/pb_nav2_plugins/share/pb_nav2_plugins/cmake/ament_cmake_export_dependencies-extras.cmake
[0.206s] -- Up-to-date: /home/chen/sentry_try/sentry_ws/install/pb_nav2_plugins/share/pb_nav2_plugins/cmake/ament_cmake_export_include_directories-extras.cmake
[0.206s] -- Up-to-date: /home/chen/sentry_try/sentry_ws/install/pb_nav2_plugins/share/pb_nav2_plugins/cmake/ament_cmake_export_libraries-extras.cmake
[0.206s] -- Up-to-date: /home/chen/sentry_try/sentry_ws/install/pb_nav2_plugins/share/pb_nav2_plugins/cmake/pb_nav2_pluginsConfig.cmake
[0.207s] -- Up-to-date: /home/chen/sentry_try/sentry_ws/install/pb_nav2_plugins/share/pb_nav2_plugins/cmake/pb_nav2_pluginsConfig-version.cmake
[0.207s] -- Up-to-date: /home/chen/sentry_try/sentry_ws/install/pb_nav2_plugins/share/pb_nav2_plugins/package.xml
[0.210s] Invoked command in '/home/chen/sentry_try/sentry_ws/build/pb_nav2_plugins' returned '0': CMAKE_PREFIX_PATH=/opt/ros/humble /usr/bin/cmake --install /home/chen/sentry_try/sentry_ws/build/pb_nav2_plugins
