[0.014s] Invoking command in '/home/chen/sentry_try/sentry_ws/build/can_comm': AMENT_PREFIX_PATH=/home/chen/sentry_try/sentry_ws/install/sentry_msgs:${AMENT_PREFIX_PATH} CMAKE_PREFIX_PATH=/home/chen/sentry_try/sentry_ws/install/sentry_msgs:/opt/ros/humble LD_LIBRARY_PATH=/home/chen/sentry_try/sentry_ws/install/sentry_msgs/lib:${LD_LIBRARY_PATH} PYTHONPATH=/home/chen/sentry_try/sentry_ws/install/sentry_msgs/local/lib/python3.10/dist-packages:${PYTHONPATH} /usr/bin/cmake --build /home/chen/sentry_try/sentry_ws/build/can_comm -- -j16 -l16
[0.074s] [100%] Built target can_receive_node
[0.075s] [100%] Built target can_send_node
[0.092s] Invoked command in '/home/chen/sentry_try/sentry_ws/build/can_comm' returned '0': AMENT_PREFIX_PATH=/home/chen/sentry_try/sentry_ws/install/sentry_msgs:${AMENT_PREFIX_PATH} CMAKE_PREFIX_PATH=/home/chen/sentry_try/sentry_ws/install/sentry_msgs:/opt/ros/humble LD_LIBRARY_PATH=/home/chen/sentry_try/sentry_ws/install/sentry_msgs/lib:${LD_LIBRARY_PATH} PYTHONPATH=/home/chen/sentry_try/sentry_ws/install/sentry_msgs/local/lib/python3.10/dist-packages:${PYTHONPATH} /usr/bin/cmake --build /home/chen/sentry_try/sentry_ws/build/can_comm -- -j16 -l16
[0.104s] Invoking command in '/home/chen/sentry_try/sentry_ws/build/can_comm': AMENT_PREFIX_PATH=/home/chen/sentry_try/sentry_ws/install/sentry_msgs:${AMENT_PREFIX_PATH} CMAKE_PREFIX_PATH=/home/chen/sentry_try/sentry_ws/install/sentry_msgs:/opt/ros/humble LD_LIBRARY_PATH=/home/chen/sentry_try/sentry_ws/install/sentry_msgs/lib:${LD_LIBRARY_PATH} PYTHONPATH=/home/chen/sentry_try/sentry_ws/install/sentry_msgs/local/lib/python3.10/dist-packages:${PYTHONPATH} /usr/bin/cmake --install /home/chen/sentry_try/sentry_ws/build/can_comm
[0.116s] -- Install configuration: ""
[0.116s] -- Up-to-date: /home/chen/sentry_try/sentry_ws/install/can_comm/lib/can_comm/can_receive_node
[0.116s] -- Up-to-date: /home/chen/sentry_try/sentry_ws/install/can_comm/lib/can_comm/can_send_node
[0.116s] -- Up-to-date: /home/chen/sentry_try/sentry_ws/install/can_comm/share/can_comm/config
[0.116s] -- Up-to-date: /home/chen/sentry_try/sentry_ws/install/can_comm/share/can_comm/config/can_params.yaml
[0.116s] -- Up-to-date: /home/chen/sentry_try/sentry_ws/install/can_comm/share/ament_index/resource_index/package_run_dependencies/can_comm
[0.116s] -- Up-to-date: /home/chen/sentry_try/sentry_ws/install/can_comm/share/ament_index/resource_index/parent_prefix_path/can_comm
[0.116s] -- Up-to-date: /home/chen/sentry_try/sentry_ws/install/can_comm/share/can_comm/environment/ament_prefix_path.sh
[0.116s] -- Up-to-date: /home/chen/sentry_try/sentry_ws/install/can_comm/share/can_comm/environment/ament_prefix_path.dsv
[0.116s] -- Up-to-date: /home/chen/sentry_try/sentry_ws/install/can_comm/share/can_comm/environment/path.sh
[0.116s] -- Up-to-date: /home/chen/sentry_try/sentry_ws/install/can_comm/share/can_comm/environment/path.dsv
[0.116s] -- Up-to-date: /home/chen/sentry_try/sentry_ws/install/can_comm/share/can_comm/local_setup.bash
[0.117s] -- Up-to-date: /home/chen/sentry_try/sentry_ws/install/can_comm/share/can_comm/local_setup.sh
[0.117s] -- Up-to-date: /home/chen/sentry_try/sentry_ws/install/can_comm/share/can_comm/local_setup.zsh
[0.117s] -- Up-to-date: /home/chen/sentry_try/sentry_ws/install/can_comm/share/can_comm/local_setup.dsv
[0.117s] -- Up-to-date: /home/chen/sentry_try/sentry_ws/install/can_comm/share/can_comm/package.dsv
[0.117s] -- Up-to-date: /home/chen/sentry_try/sentry_ws/install/can_comm/share/ament_index/resource_index/packages/can_comm
[0.117s] -- Up-to-date: /home/chen/sentry_try/sentry_ws/install/can_comm/share/can_comm/cmake/can_commConfig.cmake
[0.117s] -- Up-to-date: /home/chen/sentry_try/sentry_ws/install/can_comm/share/can_comm/cmake/can_commConfig-version.cmake
[0.117s] -- Up-to-date: /home/chen/sentry_try/sentry_ws/install/can_comm/share/can_comm/package.xml
[0.120s] Invoked command in '/home/chen/sentry_try/sentry_ws/build/can_comm' returned '0': AMENT_PREFIX_PATH=/home/chen/sentry_try/sentry_ws/install/sentry_msgs:${AMENT_PREFIX_PATH} CMAKE_PREFIX_PATH=/home/chen/sentry_try/sentry_ws/install/sentry_msgs:/opt/ros/humble LD_LIBRARY_PATH=/home/chen/sentry_try/sentry_ws/install/sentry_msgs/lib:${LD_LIBRARY_PATH} PYTHONPATH=/home/chen/sentry_try/sentry_ws/install/sentry_msgs/local/lib/python3.10/dist-packages:${PYTHONPATH} /usr/bin/cmake --install /home/chen/sentry_try/sentry_ws/build/can_comm
