[0.023s] Invoking command in '/home/chen/sentry_try/sentry_ws/build/goal_approach_controller': CMAKE_PREFIX_PATH=${CMAKE_PREFIX_PATH}:/opt/ros/humble /usr/bin/cmake --build /home/chen/sentry_try/sentry_ws/build/goal_approach_controller -- -j16 -l16
[0.073s] [35m[1mConsolidate compiler generated dependencies of target goal_approach_controller[0m
[0.107s] [100%] Built target goal_approach_controller
[0.125s] Invoked command in '/home/chen/sentry_try/sentry_ws/build/goal_approach_controller' returned '0': CMAKE_PREFIX_PATH=${CMAKE_PREFIX_PATH}:/opt/ros/humble /usr/bin/cmake --build /home/chen/sentry_try/sentry_ws/build/goal_approach_controller -- -j16 -l16
[0.136s] Invoking command in '/home/chen/sentry_try/sentry_ws/build/goal_approach_controller': CMAKE_PREFIX_PATH=${CMAKE_PREFIX_PATH}:/opt/ros/humble /usr/bin/cmake --install /home/chen/sentry_try/sentry_ws/build/goal_approach_controller
[0.145s] -- Install configuration: ""
[0.145s] -- Installing: /home/chen/sentry_try/sentry_ws/install/goal_approach_controller/share/goal_approach_controller/goal_approach_controller_plugin.xml
[0.145s] -- Installing: /home/chen/sentry_try/sentry_ws/install/goal_approach_controller/lib/libgoal_approach_controller.so
[0.146s] -- Set runtime path of "/home/chen/sentry_try/sentry_ws/install/goal_approach_controller/lib/libgoal_approach_controller.so" to ""
[0.146s] -- Installing: /home/chen/sentry_try/sentry_ws/install/goal_approach_controller/share/ament_index/resource_index/package_run_dependencies/goal_approach_controller
[0.147s] -- Installing: /home/chen/sentry_try/sentry_ws/install/goal_approach_controller/share/ament_index/resource_index/parent_prefix_path/goal_approach_controller
[0.147s] -- Installing: /home/chen/sentry_try/sentry_ws/install/goal_approach_controller/share/goal_approach_controller/environment/ament_prefix_path.sh
[0.147s] -- Installing: /home/chen/sentry_try/sentry_ws/install/goal_approach_controller/share/goal_approach_controller/environment/ament_prefix_path.dsv
[0.148s] -- Installing: /home/chen/sentry_try/sentry_ws/install/goal_approach_controller/share/goal_approach_controller/environment/path.sh
[0.148s] -- Installing: /home/chen/sentry_try/sentry_ws/install/goal_approach_controller/share/goal_approach_controller/environment/path.dsv
[0.148s] -- Installing: /home/chen/sentry_try/sentry_ws/install/goal_approach_controller/share/goal_approach_controller/local_setup.bash
[0.148s] -- Installing: /home/chen/sentry_try/sentry_ws/install/goal_approach_controller/share/goal_approach_controller/local_setup.sh
[0.149s] -- Installing: /home/chen/sentry_try/sentry_ws/install/goal_approach_controller/share/goal_approach_controller/local_setup.zsh
[0.149s] -- Installing: /home/chen/sentry_try/sentry_ws/install/goal_approach_controller/share/goal_approach_controller/local_setup.dsv
[0.149s] -- Installing: /home/chen/sentry_try/sentry_ws/install/goal_approach_controller/share/goal_approach_controller/package.dsv
[0.149s] -- Installing: /home/chen/sentry_try/sentry_ws/install/goal_approach_controller/share/ament_index/resource_index/packages/goal_approach_controller
[0.150s] -- Installing: /home/chen/sentry_try/sentry_ws/install/goal_approach_controller/share/ament_index/resource_index/nav2_core__pluginlib__plugin/goal_approach_controller
[0.150s] -- Installing: /home/chen/sentry_try/sentry_ws/install/goal_approach_controller/share/goal_approach_controller/cmake/goal_approach_controllerConfig.cmake
[0.150s] -- Installing: /home/chen/sentry_try/sentry_ws/install/goal_approach_controller/share/goal_approach_controller/cmake/goal_approach_controllerConfig-version.cmake
[0.150s] -- Installing: /home/chen/sentry_try/sentry_ws/install/goal_approach_controller/share/goal_approach_controller/package.xml
[0.153s] Invoked command in '/home/chen/sentry_try/sentry_ws/build/goal_approach_controller' returned '0': CMAKE_PREFIX_PATH=${CMAKE_PREFIX_PATH}:/opt/ros/humble /usr/bin/cmake --install /home/chen/sentry_try/sentry_ws/build/goal_approach_controller
