-- Found ament_cmake: 1.3.14 (/opt/ros/humble/share/ament_cmake/cmake)
-- Found rosidl_default_generators: 1.2.1 (/opt/ros/humble/share/rosidl_default_generators/cmake)
-- Using all available rosidl_typesupport_c: rosidl_typesupport_fastrtps_c;rosidl_typesupport_introspection_c
-- Found rosidl_adapter: 3.1.9 (/opt/ros/humble/share/rosidl_adapter/cmake)
-- Using all available rosidl_typesupport_cpp: rosidl_typesupport_fastrtps_cpp;rosidl_typesupport_introspection_cpp
-- Found std_msgs: 4.9.1 (/opt/ros/humble/share/std_msgs/cmake)
-- Found ament_cmake_ros: 0.10.0 (/opt/ros/humble/share/ament_cmake_ros/cmake)
-- Using all available rosidl_typesupport_c: rosidl_typesupport_fastrtps_c;rosidl_typesupport_introspection_c
-- Using all available rosidl_typesupport_cpp: rosidl_typesupport_fastrtps_cpp;rosidl_typesupport_introspection_cpp
-- Found python_cmake_module: 0.10.0 (/opt/ros/humble/share/python_cmake_module/cmake)
-- Using PYTHON_EXECUTABLE: /usr/bin/python3
-- Using PYTHON_INCLUDE_DIRS: /usr/include/python3.10
-- Using PYTHON_LIBRARIES: /usr/lib/x86_64-linux-gnu/libpython3.10.so
-- Configuring done
-- Generating done
-- Build files have been written to: /home/chen/sentry_try/sentry_ws/build/sentry_msgs
[35m[1mConsolidate compiler generated dependencies of target sentry_msgs__rosidl_generator_c[0m
[  2%] [32mBuilding C object CMakeFiles/sentry_msgs__rosidl_generator_c.dir/rosidl_generator_c/sentry_msgs/msg/detail/vw__functions.c.o[0m
[  6%] Built target sentry_msgs__cpp
[  6%] [32mBuilding C object CMakeFiles/sentry_msgs__rosidl_generator_c.dir/rosidl_generator_c/sentry_msgs/msg/detail/scan_mode__functions.c.o[0m
[  8%] [32mBuilding C object CMakeFiles/sentry_msgs__rosidl_generator_c.dir/rosidl_generator_c/sentry_msgs/msg/detail/armor_presence__functions.c.o[0m
[ 10%] Built target sentry_msgs__rs
[ 10%] Built target ament_cmake_python_copy_sentry_msgs
[35m[1mConsolidate compiler generated dependencies of target sentry_msgs__rosidl_typesupport_fastrtps_cpp[0m
[35m[1mConsolidate compiler generated dependencies of target sentry_msgs__rosidl_typesupport_cpp[0m
[35m[1mConsolidate compiler generated dependencies of target sentry_msgs__rosidl_typesupport_introspection_cpp[0m
[ 12%] [32mBuilding CXX object CMakeFiles/sentry_msgs__rosidl_typesupport_fastrtps_cpp.dir/rosidl_typesupport_fastrtps_cpp/sentry_msgs/msg/detail/dds_fastrtps/vw__type_support.cpp.o[0m
[ 14%] [32mBuilding CXX object CMakeFiles/sentry_msgs__rosidl_typesupport_fastrtps_cpp.dir/rosidl_typesupport_fastrtps_cpp/sentry_msgs/msg/detail/dds_fastrtps/scan_mode__type_support.cpp.o[0m
[ 16%] [32mBuilding CXX object CMakeFiles/sentry_msgs__rosidl_typesupport_fastrtps_cpp.dir/rosidl_typesupport_fastrtps_cpp/sentry_msgs/msg/detail/dds_fastrtps/armor_presence__type_support.cpp.o[0m
[ 18%] [32mBuilding CXX object CMakeFiles/sentry_msgs__rosidl_typesupport_cpp.dir/rosidl_typesupport_cpp/sentry_msgs/msg/vw__type_support.cpp.o[0m
[ 20%] [32mBuilding CXX object CMakeFiles/sentry_msgs__rosidl_typesupport_introspection_cpp.dir/rosidl_typesupport_introspection_cpp/sentry_msgs/msg/detail/vw__type_support.cpp.o[0m
[ 22%] [32mBuilding CXX object CMakeFiles/sentry_msgs__rosidl_typesupport_cpp.dir/rosidl_typesupport_cpp/sentry_msgs/msg/scan_mode__type_support.cpp.o[0m
[ 25%] [32mBuilding CXX object CMakeFiles/sentry_msgs__rosidl_typesupport_cpp.dir/rosidl_typesupport_cpp/sentry_msgs/msg/armor_presence__type_support.cpp.o[0m
[ 27%] [32mBuilding CXX object CMakeFiles/sentry_msgs__rosidl_typesupport_introspection_cpp.dir/rosidl_typesupport_introspection_cpp/sentry_msgs/msg/detail/scan_mode__type_support.cpp.o[0m
[ 29%] [32mBuilding CXX object CMakeFiles/sentry_msgs__rosidl_typesupport_introspection_cpp.dir/rosidl_typesupport_introspection_cpp/sentry_msgs/msg/detail/armor_presence__type_support.cpp.o[0m
[ 31%] [32m[1mLinking C shared library libsentry_msgs__rosidl_generator_c.so[0m
[ 33%] Built target sentry_msgs__rosidl_generator_c
[35m[1mConsolidate compiler generated dependencies of target sentry_msgs__rosidl_typesupport_c[0m
[35m[1mConsolidate compiler generated dependencies of target sentry_msgs__rosidl_typesupport_fastrtps_c[0m
[35m[1mConsolidate compiler generated dependencies of target sentry_msgs__rosidl_typesupport_introspection_c[0m
[ 39%] [32mBuilding CXX object CMakeFiles/sentry_msgs__rosidl_typesupport_c.dir/rosidl_typesupport_c/sentry_msgs/msg/scan_mode__type_support.cpp.o[0m
[ 39%] [32mBuilding CXX object CMakeFiles/sentry_msgs__rosidl_typesupport_c.dir/rosidl_typesupport_c/sentry_msgs/msg/vw__type_support.cpp.o[0m
[ 39%] [32mBuilding CXX object CMakeFiles/sentry_msgs__rosidl_typesupport_c.dir/rosidl_typesupport_c/sentry_msgs/msg/armor_presence__type_support.cpp.o[0m
[ 41%] [32mBuilding CXX object CMakeFiles/sentry_msgs__rosidl_typesupport_fastrtps_c.dir/rosidl_typesupport_fastrtps_c/sentry_msgs/msg/detail/scan_mode__type_support_c.cpp.o[0m
[ 43%] [32mBuilding CXX object CMakeFiles/sentry_msgs__rosidl_typesupport_fastrtps_c.dir/rosidl_typesupport_fastrtps_c/sentry_msgs/msg/detail/vw__type_support_c.cpp.o[0m
[ 45%] [32mBuilding C object CMakeFiles/sentry_msgs__rosidl_typesupport_introspection_c.dir/rosidl_typesupport_introspection_c/sentry_msgs/msg/detail/vw__type_support.c.o[0m
[ 47%] [32mBuilding CXX object CMakeFiles/sentry_msgs__rosidl_typesupport_fastrtps_c.dir/rosidl_typesupport_fastrtps_c/sentry_msgs/msg/detail/armor_presence__type_support_c.cpp.o[0m
[ 50%] [32mBuilding C object CMakeFiles/sentry_msgs__rosidl_typesupport_introspection_c.dir/rosidl_typesupport_introspection_c/sentry_msgs/msg/detail/scan_mode__type_support.c.o[0m
[ 52%] [32mBuilding C object CMakeFiles/sentry_msgs__rosidl_typesupport_introspection_c.dir/rosidl_typesupport_introspection_c/sentry_msgs/msg/detail/armor_presence__type_support.c.o[0m
[ 54%] [32m[1mLinking CXX shared library libsentry_msgs__rosidl_typesupport_c.so[0m
[ 56%] [32m[1mLinking C shared library libsentry_msgs__rosidl_typesupport_introspection_c.so[0m
[ 58%] Built target sentry_msgs__rosidl_typesupport_c
[ 60%] Built target sentry_msgs__rosidl_typesupport_introspection_c
[ 62%] [32m[1mLinking CXX shared library libsentry_msgs__rosidl_typesupport_cpp.so[0m
running egg_info
writing sentry_msgs.egg-info/PKG-INFO
writing dependency_links to sentry_msgs.egg-info/dependency_links.txt
writing top-level names to sentry_msgs.egg-info/top_level.txt
reading manifest file 'sentry_msgs.egg-info/SOURCES.txt'
writing manifest file 'sentry_msgs.egg-info/SOURCES.txt'
[ 64%] [32m[1mLinking CXX shared library libsentry_msgs__rosidl_typesupport_introspection_cpp.so[0m
[ 66%] [32m[1mLinking CXX shared library libsentry_msgs__rosidl_typesupport_fastrtps_cpp.so[0m
[ 68%] Built target sentry_msgs__rosidl_typesupport_cpp
[ 68%] Built target ament_cmake_python_build_sentry_msgs_egg
[ 70%] Built target sentry_msgs__rosidl_typesupport_introspection_cpp
[ 72%] Built target sentry_msgs__rosidl_typesupport_fastrtps_cpp
[ 75%] [32m[1mLinking CXX shared library libsentry_msgs__rosidl_typesupport_fastrtps_c.so[0m
[ 77%] Built target sentry_msgs__rosidl_typesupport_fastrtps_c
[ 77%] Built target sentry_msgs
[ 79%] Built target sentry_msgs__py
[35m[1mConsolidate compiler generated dependencies of target sentry_msgs__rosidl_generator_py[0m
[ 81%] [32mBuilding C object CMakeFiles/sentry_msgs__rosidl_generator_py.dir/rosidl_generator_py/sentry_msgs/msg/_armor_presence_s.c.o[0m
[ 83%] [32mBuilding C object CMakeFiles/sentry_msgs__rosidl_generator_py.dir/rosidl_generator_py/sentry_msgs/msg/_scan_mode_s.c.o[0m
[ 85%] [32mBuilding C object CMakeFiles/sentry_msgs__rosidl_generator_py.dir/rosidl_generator_py/sentry_msgs/msg/_vw_s.c.o[0m
[ 87%] [32m[1mLinking C shared library rosidl_generator_py/sentry_msgs/libsentry_msgs__rosidl_generator_py.so[0m
[ 87%] Built target sentry_msgs__rosidl_generator_py
[35m[1mConsolidate compiler generated dependencies of target sentry_msgs__rosidl_typesupport_introspection_c__pyext[0m
[35m[1mConsolidate compiler generated dependencies of target sentry_msgs__rosidl_typesupport_c__pyext[0m
[35m[1mConsolidate compiler generated dependencies of target sentry_msgs__rosidl_typesupport_fastrtps_c__pyext[0m
[ 89%] [32mBuilding C object CMakeFiles/sentry_msgs__rosidl_typesupport_c__pyext.dir/rosidl_generator_py/sentry_msgs/_sentry_msgs_s.ep.rosidl_typesupport_c.c.o[0m
[ 91%] [32mBuilding C object CMakeFiles/sentry_msgs__rosidl_typesupport_introspection_c__pyext.dir/rosidl_generator_py/sentry_msgs/_sentry_msgs_s.ep.rosidl_typesupport_introspection_c.c.o[0m
[ 93%] [32mBuilding C object CMakeFiles/sentry_msgs__rosidl_typesupport_fastrtps_c__pyext.dir/rosidl_generator_py/sentry_msgs/_sentry_msgs_s.ep.rosidl_typesupport_fastrtps_c.c.o[0m
[ 95%] [32m[1mLinking C shared library rosidl_generator_py/sentry_msgs/sentry_msgs_s__rosidl_typesupport_introspection_c.cpython-310-x86_64-linux-gnu.so[0m
[ 97%] [32m[1mLinking C shared library rosidl_generator_py/sentry_msgs/sentry_msgs_s__rosidl_typesupport_c.cpython-310-x86_64-linux-gnu.so[0m
[100%] [32m[1mLinking C shared library rosidl_generator_py/sentry_msgs/sentry_msgs_s__rosidl_typesupport_fastrtps_c.cpython-310-x86_64-linux-gnu.so[0m
[100%] Built target sentry_msgs__rosidl_typesupport_introspection_c__pyext
[100%] Built target sentry_msgs__rosidl_typesupport_c__pyext
[100%] Built target sentry_msgs__rosidl_typesupport_fastrtps_c__pyext
-- Install configuration: "Release"
-- Up-to-date: /home/chen/sentry_try/sentry_ws/install/sentry_msgs/share/ament_index/resource_index/rosidl_interfaces/sentry_msgs
-- Up-to-date: /home/chen/sentry_try/sentry_ws/install/sentry_msgs/include/sentry_msgs/sentry_msgs
-- Up-to-date: /home/chen/sentry_try/sentry_ws/install/sentry_msgs/include/sentry_msgs/sentry_msgs/msg
-- Up-to-date: /home/chen/sentry_try/sentry_ws/install/sentry_msgs/include/sentry_msgs/sentry_msgs/msg/armor_presence.h
-- Up-to-date: /home/chen/sentry_try/sentry_ws/install/sentry_msgs/include/sentry_msgs/sentry_msgs/msg/scan_mode.h
-- Up-to-date: /home/chen/sentry_try/sentry_ws/install/sentry_msgs/include/sentry_msgs/sentry_msgs/msg/vw.h
-- Up-to-date: /home/chen/sentry_try/sentry_ws/install/sentry_msgs/include/sentry_msgs/sentry_msgs/msg/rosidl_generator_c__visibility_control.h
-- Up-to-date: /home/chen/sentry_try/sentry_ws/install/sentry_msgs/include/sentry_msgs/sentry_msgs/msg/detail
-- Up-to-date: /home/chen/sentry_try/sentry_ws/install/sentry_msgs/include/sentry_msgs/sentry_msgs/msg/detail/vw__functions.h
-- Up-to-date: /home/chen/sentry_try/sentry_ws/install/sentry_msgs/include/sentry_msgs/sentry_msgs/msg/detail/scan_mode__functions.c
-- Up-to-date: /home/chen/sentry_try/sentry_ws/install/sentry_msgs/include/sentry_msgs/sentry_msgs/msg/detail/scan_mode__functions.h
-- Up-to-date: /home/chen/sentry_try/sentry_ws/install/sentry_msgs/include/sentry_msgs/sentry_msgs/msg/detail/armor_presence__functions.h
-- Up-to-date: /home/chen/sentry_try/sentry_ws/install/sentry_msgs/include/sentry_msgs/sentry_msgs/msg/detail/armor_presence__functions.c
-- Up-to-date: /home/chen/sentry_try/sentry_ws/install/sentry_msgs/include/sentry_msgs/sentry_msgs/msg/detail/vw__type_support.h
-- Up-to-date: /home/chen/sentry_try/sentry_ws/install/sentry_msgs/include/sentry_msgs/sentry_msgs/msg/detail/vw__struct.h
-- Up-to-date: /home/chen/sentry_try/sentry_ws/install/sentry_msgs/include/sentry_msgs/sentry_msgs/msg/detail/armor_presence__type_support.h
-- Up-to-date: /home/chen/sentry_try/sentry_ws/install/sentry_msgs/include/sentry_msgs/sentry_msgs/msg/detail/vw__functions.c
-- Up-to-date: /home/chen/sentry_try/sentry_ws/install/sentry_msgs/include/sentry_msgs/sentry_msgs/msg/detail/scan_mode__type_support.h
-- Up-to-date: /home/chen/sentry_try/sentry_ws/install/sentry_msgs/include/sentry_msgs/sentry_msgs/msg/detail/armor_presence__struct.h
-- Up-to-date: /home/chen/sentry_try/sentry_ws/install/sentry_msgs/include/sentry_msgs/sentry_msgs/msg/detail/scan_mode__struct.h
-- Up-to-date: /home/chen/sentry_try/sentry_ws/install/sentry_msgs/share/sentry_msgs/environment/library_path.sh
-- Installing: /home/chen/sentry_try/sentry_ws/install/sentry_msgs/share/sentry_msgs/environment/library_path.dsv
-- Installing: /home/chen/sentry_try/sentry_ws/install/sentry_msgs/lib/libsentry_msgs__rosidl_generator_c.so
-- Set runtime path of "/home/chen/sentry_try/sentry_ws/install/sentry_msgs/lib/libsentry_msgs__rosidl_generator_c.so" to ""
-- Up-to-date: /home/chen/sentry_try/sentry_ws/install/sentry_msgs/include/sentry_msgs/sentry_msgs
-- Up-to-date: /home/chen/sentry_try/sentry_ws/install/sentry_msgs/include/sentry_msgs/sentry_msgs/msg
-- Up-to-date: /home/chen/sentry_try/sentry_ws/install/sentry_msgs/include/sentry_msgs/sentry_msgs/msg/rosidl_typesupport_fastrtps_c__visibility_control.h
-- Up-to-date: /home/chen/sentry_try/sentry_ws/install/sentry_msgs/include/sentry_msgs/sentry_msgs/msg/detail
-- Up-to-date: /home/chen/sentry_try/sentry_ws/install/sentry_msgs/include/sentry_msgs/sentry_msgs/msg/detail/vw__rosidl_typesupport_fastrtps_c.h
-- Up-to-date: /home/chen/sentry_try/sentry_ws/install/sentry_msgs/include/sentry_msgs/sentry_msgs/msg/detail/scan_mode__rosidl_typesupport_fastrtps_c.h
-- Up-to-date: /home/chen/sentry_try/sentry_ws/install/sentry_msgs/include/sentry_msgs/sentry_msgs/msg/detail/armor_presence__rosidl_typesupport_fastrtps_c.h
-- Installing: /home/chen/sentry_try/sentry_ws/install/sentry_msgs/lib/libsentry_msgs__rosidl_typesupport_fastrtps_c.so
-- Set runtime path of "/home/chen/sentry_try/sentry_ws/install/sentry_msgs/lib/libsentry_msgs__rosidl_typesupport_fastrtps_c.so" to ""
-- Up-to-date: /home/chen/sentry_try/sentry_ws/install/sentry_msgs/include/sentry_msgs/sentry_msgs
-- Up-to-date: /home/chen/sentry_try/sentry_ws/install/sentry_msgs/include/sentry_msgs/sentry_msgs/msg
-- Up-to-date: /home/chen/sentry_try/sentry_ws/install/sentry_msgs/include/sentry_msgs/sentry_msgs/msg/rosidl_typesupport_introspection_c__visibility_control.h
-- Up-to-date: /home/chen/sentry_try/sentry_ws/install/sentry_msgs/include/sentry_msgs/sentry_msgs/msg/detail
-- Up-to-date: /home/chen/sentry_try/sentry_ws/install/sentry_msgs/include/sentry_msgs/sentry_msgs/msg/detail/armor_presence__type_support.c
-- Up-to-date: /home/chen/sentry_try/sentry_ws/install/sentry_msgs/include/sentry_msgs/sentry_msgs/msg/detail/scan_mode__type_support.c
-- Up-to-date: /home/chen/sentry_try/sentry_ws/install/sentry_msgs/include/sentry_msgs/sentry_msgs/msg/detail/vw__type_support.c
-- Up-to-date: /home/chen/sentry_try/sentry_ws/install/sentry_msgs/include/sentry_msgs/sentry_msgs/msg/detail/vw__rosidl_typesupport_introspection_c.h
-- Up-to-date: /home/chen/sentry_try/sentry_ws/install/sentry_msgs/include/sentry_msgs/sentry_msgs/msg/detail/armor_presence__rosidl_typesupport_introspection_c.h
-- Up-to-date: /home/chen/sentry_try/sentry_ws/install/sentry_msgs/include/sentry_msgs/sentry_msgs/msg/detail/scan_mode__rosidl_typesupport_introspection_c.h
-- Installing: /home/chen/sentry_try/sentry_ws/install/sentry_msgs/lib/libsentry_msgs__rosidl_typesupport_introspection_c.so
-- Set runtime path of "/home/chen/sentry_try/sentry_ws/install/sentry_msgs/lib/libsentry_msgs__rosidl_typesupport_introspection_c.so" to ""
-- Installing: /home/chen/sentry_try/sentry_ws/install/sentry_msgs/lib/libsentry_msgs__rosidl_typesupport_c.so
-- Set runtime path of "/home/chen/sentry_try/sentry_ws/install/sentry_msgs/lib/libsentry_msgs__rosidl_typesupport_c.so" to ""
-- Up-to-date: /home/chen/sentry_try/sentry_ws/install/sentry_msgs/include/sentry_msgs/sentry_msgs
-- Up-to-date: /home/chen/sentry_try/sentry_ws/install/sentry_msgs/include/sentry_msgs/sentry_msgs/msg
-- Up-to-date: /home/chen/sentry_try/sentry_ws/install/sentry_msgs/include/sentry_msgs/sentry_msgs/msg/scan_mode.hpp
-- Up-to-date: /home/chen/sentry_try/sentry_ws/install/sentry_msgs/include/sentry_msgs/sentry_msgs/msg/armor_presence.hpp
-- Up-to-date: /home/chen/sentry_try/sentry_ws/install/sentry_msgs/include/sentry_msgs/sentry_msgs/msg/rosidl_generator_cpp__visibility_control.hpp
-- Up-to-date: /home/chen/sentry_try/sentry_ws/install/sentry_msgs/include/sentry_msgs/sentry_msgs/msg/vw.hpp
-- Up-to-date: /home/chen/sentry_try/sentry_ws/install/sentry_msgs/include/sentry_msgs/sentry_msgs/msg/detail
-- Up-to-date: /home/chen/sentry_try/sentry_ws/install/sentry_msgs/include/sentry_msgs/sentry_msgs/msg/detail/vw__struct.hpp
-- Up-to-date: /home/chen/sentry_try/sentry_ws/install/sentry_msgs/include/sentry_msgs/sentry_msgs/msg/detail/vw__type_support.hpp
-- Up-to-date: /home/chen/sentry_try/sentry_ws/install/sentry_msgs/include/sentry_msgs/sentry_msgs/msg/detail/scan_mode__traits.hpp
-- Up-to-date: /home/chen/sentry_try/sentry_ws/install/sentry_msgs/include/sentry_msgs/sentry_msgs/msg/detail/vw__traits.hpp
-- Up-to-date: /home/chen/sentry_try/sentry_ws/install/sentry_msgs/include/sentry_msgs/sentry_msgs/msg/detail/scan_mode__builder.hpp
-- Up-to-date: /home/chen/sentry_try/sentry_ws/install/sentry_msgs/include/sentry_msgs/sentry_msgs/msg/detail/vw__builder.hpp
-- Up-to-date: /home/chen/sentry_try/sentry_ws/install/sentry_msgs/include/sentry_msgs/sentry_msgs/msg/detail/scan_mode__type_support.hpp
-- Up-to-date: /home/chen/sentry_try/sentry_ws/install/sentry_msgs/include/sentry_msgs/sentry_msgs/msg/detail/scan_mode__struct.hpp
-- Up-to-date: /home/chen/sentry_try/sentry_ws/install/sentry_msgs/include/sentry_msgs/sentry_msgs/msg/detail/armor_presence__struct.hpp
-- Up-to-date: /home/chen/sentry_try/sentry_ws/install/sentry_msgs/include/sentry_msgs/sentry_msgs/msg/detail/armor_presence__builder.hpp
-- Up-to-date: /home/chen/sentry_try/sentry_ws/install/sentry_msgs/include/sentry_msgs/sentry_msgs/msg/detail/armor_presence__type_support.hpp
-- Up-to-date: /home/chen/sentry_try/sentry_ws/install/sentry_msgs/include/sentry_msgs/sentry_msgs/msg/detail/armor_presence__traits.hpp
-- Up-to-date: /home/chen/sentry_try/sentry_ws/install/sentry_msgs/include/sentry_msgs/sentry_msgs
-- Up-to-date: /home/chen/sentry_try/sentry_ws/install/sentry_msgs/include/sentry_msgs/sentry_msgs/msg
-- Up-to-date: /home/chen/sentry_try/sentry_ws/install/sentry_msgs/include/sentry_msgs/sentry_msgs/msg/rosidl_typesupport_fastrtps_cpp__visibility_control.h
-- Up-to-date: /home/chen/sentry_try/sentry_ws/install/sentry_msgs/include/sentry_msgs/sentry_msgs/msg/detail
-- Up-to-date: /home/chen/sentry_try/sentry_ws/install/sentry_msgs/include/sentry_msgs/sentry_msgs/msg/detail/vw__rosidl_typesupport_fastrtps_cpp.hpp
-- Up-to-date: /home/chen/sentry_try/sentry_ws/install/sentry_msgs/include/sentry_msgs/sentry_msgs/msg/detail/armor_presence__rosidl_typesupport_fastrtps_cpp.hpp
-- Up-to-date: /home/chen/sentry_try/sentry_ws/install/sentry_msgs/include/sentry_msgs/sentry_msgs/msg/detail/scan_mode__rosidl_typesupport_fastrtps_cpp.hpp
-- Up-to-date: /home/chen/sentry_try/sentry_ws/install/sentry_msgs/include/sentry_msgs/sentry_msgs/msg/detail/dds_fastrtps
-- Installing: /home/chen/sentry_try/sentry_ws/install/sentry_msgs/lib/libsentry_msgs__rosidl_typesupport_fastrtps_cpp.so
-- Set runtime path of "/home/chen/sentry_try/sentry_ws/install/sentry_msgs/lib/libsentry_msgs__rosidl_typesupport_fastrtps_cpp.so" to ""
-- Up-to-date: /home/chen/sentry_try/sentry_ws/install/sentry_msgs/include/sentry_msgs/sentry_msgs
-- Up-to-date: /home/chen/sentry_try/sentry_ws/install/sentry_msgs/include/sentry_msgs/sentry_msgs/msg
-- Up-to-date: /home/chen/sentry_try/sentry_ws/install/sentry_msgs/include/sentry_msgs/sentry_msgs/msg/detail
-- Up-to-date: /home/chen/sentry_try/sentry_ws/install/sentry_msgs/include/sentry_msgs/sentry_msgs/msg/detail/scan_mode__type_support.cpp
-- Up-to-date: /home/chen/sentry_try/sentry_ws/install/sentry_msgs/include/sentry_msgs/sentry_msgs/msg/detail/scan_mode__rosidl_typesupport_introspection_cpp.hpp
-- Up-to-date: /home/chen/sentry_try/sentry_ws/install/sentry_msgs/include/sentry_msgs/sentry_msgs/msg/detail/vw__type_support.cpp
-- Up-to-date: /home/chen/sentry_try/sentry_ws/install/sentry_msgs/include/sentry_msgs/sentry_msgs/msg/detail/vw__rosidl_typesupport_introspection_cpp.hpp
-- Up-to-date: /home/chen/sentry_try/sentry_ws/install/sentry_msgs/include/sentry_msgs/sentry_msgs/msg/detail/armor_presence__type_support.cpp
-- Up-to-date: /home/chen/sentry_try/sentry_ws/install/sentry_msgs/include/sentry_msgs/sentry_msgs/msg/detail/armor_presence__rosidl_typesupport_introspection_cpp.hpp
-- Installing: /home/chen/sentry_try/sentry_ws/install/sentry_msgs/lib/libsentry_msgs__rosidl_typesupport_introspection_cpp.so
-- Set runtime path of "/home/chen/sentry_try/sentry_ws/install/sentry_msgs/lib/libsentry_msgs__rosidl_typesupport_introspection_cpp.so" to ""
-- Installing: /home/chen/sentry_try/sentry_ws/install/sentry_msgs/lib/libsentry_msgs__rosidl_typesupport_cpp.so
-- Set runtime path of "/home/chen/sentry_try/sentry_ws/install/sentry_msgs/lib/libsentry_msgs__rosidl_typesupport_cpp.so" to ""
-- Up-to-date: /home/chen/sentry_try/sentry_ws/install/sentry_msgs/share/sentry_msgs/environment/pythonpath.sh
-- Installing: /home/chen/sentry_try/sentry_ws/install/sentry_msgs/share/sentry_msgs/environment/pythonpath.dsv
-- Up-to-date: /home/chen/sentry_try/sentry_ws/install/sentry_msgs/local/lib/python3.10/dist-packages/sentry_msgs-0.0.2-py3.10.egg-info
-- Installing: /home/chen/sentry_try/sentry_ws/install/sentry_msgs/local/lib/python3.10/dist-packages/sentry_msgs-0.0.2-py3.10.egg-info/top_level.txt
-- Installing: /home/chen/sentry_try/sentry_ws/install/sentry_msgs/local/lib/python3.10/dist-packages/sentry_msgs-0.0.2-py3.10.egg-info/PKG-INFO
-- Installing: /home/chen/sentry_try/sentry_ws/install/sentry_msgs/local/lib/python3.10/dist-packages/sentry_msgs-0.0.2-py3.10.egg-info/SOURCES.txt
-- Installing: /home/chen/sentry_try/sentry_ws/install/sentry_msgs/local/lib/python3.10/dist-packages/sentry_msgs-0.0.2-py3.10.egg-info/dependency_links.txt
-- Up-to-date: /home/chen/sentry_try/sentry_ws/install/sentry_msgs/local/lib/python3.10/dist-packages/sentry_msgs
-- Installing: /home/chen/sentry_try/sentry_ws/install/sentry_msgs/local/lib/python3.10/dist-packages/sentry_msgs/sentry_msgs_s__rosidl_typesupport_introspection_c.cpython-310-x86_64-linux-gnu.so
-- Up-to-date: /home/chen/sentry_try/sentry_ws/install/sentry_msgs/local/lib/python3.10/dist-packages/sentry_msgs/_sentry_msgs_s.ep.rosidl_typesupport_introspection_c.c
-- Up-to-date: /home/chen/sentry_try/sentry_ws/install/sentry_msgs/local/lib/python3.10/dist-packages/sentry_msgs/msg
-- Up-to-date: /home/chen/sentry_try/sentry_ws/install/sentry_msgs/local/lib/python3.10/dist-packages/sentry_msgs/msg/_vw_s.c
-- Up-to-date: /home/chen/sentry_try/sentry_ws/install/sentry_msgs/local/lib/python3.10/dist-packages/sentry_msgs/msg/_scan_mode_s.c
-- Up-to-date: /home/chen/sentry_try/sentry_ws/install/sentry_msgs/local/lib/python3.10/dist-packages/sentry_msgs/msg/_vw.py
-- Up-to-date: /home/chen/sentry_try/sentry_ws/install/sentry_msgs/local/lib/python3.10/dist-packages/sentry_msgs/msg/_scan_mode.py
-- Up-to-date: /home/chen/sentry_try/sentry_ws/install/sentry_msgs/local/lib/python3.10/dist-packages/sentry_msgs/msg/_armor_presence.py
-- Up-to-date: /home/chen/sentry_try/sentry_ws/install/sentry_msgs/local/lib/python3.10/dist-packages/sentry_msgs/msg/_armor_presence_s.c
-- Up-to-date: /home/chen/sentry_try/sentry_ws/install/sentry_msgs/local/lib/python3.10/dist-packages/sentry_msgs/msg/__init__.py
-- Installing: /home/chen/sentry_try/sentry_ws/install/sentry_msgs/local/lib/python3.10/dist-packages/sentry_msgs/libsentry_msgs__rosidl_generator_py.so
-- Installing: /home/chen/sentry_try/sentry_ws/install/sentry_msgs/local/lib/python3.10/dist-packages/sentry_msgs/sentry_msgs_s__rosidl_typesupport_c.cpython-310-x86_64-linux-gnu.so
-- Up-to-date: /home/chen/sentry_try/sentry_ws/install/sentry_msgs/local/lib/python3.10/dist-packages/sentry_msgs/_sentry_msgs_s.ep.rosidl_typesupport_fastrtps_c.c
-- Installing: /home/chen/sentry_try/sentry_ws/install/sentry_msgs/local/lib/python3.10/dist-packages/sentry_msgs/sentry_msgs_s__rosidl_typesupport_fastrtps_c.cpython-310-x86_64-linux-gnu.so
-- Up-to-date: /home/chen/sentry_try/sentry_ws/install/sentry_msgs/local/lib/python3.10/dist-packages/sentry_msgs/_sentry_msgs_s.ep.rosidl_typesupport_c.c
-- Installing: /home/chen/sentry_try/sentry_ws/install/sentry_msgs/local/lib/python3.10/dist-packages/sentry_msgs/__init__.py
Listing '/home/chen/sentry_try/sentry_ws/install/sentry_msgs/local/lib/python3.10/dist-packages/sentry_msgs'...
Compiling '/home/chen/sentry_try/sentry_ws/install/sentry_msgs/local/lib/python3.10/dist-packages/sentry_msgs/__init__.py'...
Listing '/home/chen/sentry_try/sentry_ws/install/sentry_msgs/local/lib/python3.10/dist-packages/sentry_msgs/msg'...
-- Installing: /home/chen/sentry_try/sentry_ws/install/sentry_msgs/local/lib/python3.10/dist-packages/sentry_msgs/sentry_msgs_s__rosidl_typesupport_fastrtps_c.cpython-310-x86_64-linux-gnu.so
-- Set runtime path of "/home/chen/sentry_try/sentry_ws/install/sentry_msgs/local/lib/python3.10/dist-packages/sentry_msgs/sentry_msgs_s__rosidl_typesupport_fastrtps_c.cpython-310-x86_64-linux-gnu.so" to ""
-- Installing: /home/chen/sentry_try/sentry_ws/install/sentry_msgs/local/lib/python3.10/dist-packages/sentry_msgs/sentry_msgs_s__rosidl_typesupport_introspection_c.cpython-310-x86_64-linux-gnu.so
-- Set runtime path of "/home/chen/sentry_try/sentry_ws/install/sentry_msgs/local/lib/python3.10/dist-packages/sentry_msgs/sentry_msgs_s__rosidl_typesupport_introspection_c.cpython-310-x86_64-linux-gnu.so" to ""
-- Installing: /home/chen/sentry_try/sentry_ws/install/sentry_msgs/local/lib/python3.10/dist-packages/sentry_msgs/sentry_msgs_s__rosidl_typesupport_c.cpython-310-x86_64-linux-gnu.so
-- Set runtime path of "/home/chen/sentry_try/sentry_ws/install/sentry_msgs/local/lib/python3.10/dist-packages/sentry_msgs/sentry_msgs_s__rosidl_typesupport_c.cpython-310-x86_64-linux-gnu.so" to ""
-- Installing: /home/chen/sentry_try/sentry_ws/install/sentry_msgs/lib/libsentry_msgs__rosidl_generator_py.so
-- Set runtime path of "/home/chen/sentry_try/sentry_ws/install/sentry_msgs/lib/libsentry_msgs__rosidl_generator_py.so" to ""
-- Up-to-date: /home/chen/sentry_try/sentry_ws/install/sentry_msgs/share/ament_index/resource_index/rust_packages/sentry_msgs
-- Up-to-date: /home/chen/sentry_try/sentry_ws/install/sentry_msgs/share/sentry_msgs/rust
-- Up-to-date: /home/chen/sentry_try/sentry_ws/install/sentry_msgs/share/sentry_msgs/rust/Cargo.toml
-- Up-to-date: /home/chen/sentry_try/sentry_ws/install/sentry_msgs/share/sentry_msgs/rust/build.rs
-- Up-to-date: /home/chen/sentry_try/sentry_ws/install/sentry_msgs/share/sentry_msgs/rust/src
-- Up-to-date: /home/chen/sentry_try/sentry_ws/install/sentry_msgs/share/sentry_msgs/rust/src/msg
-- Up-to-date: /home/chen/sentry_try/sentry_ws/install/sentry_msgs/share/sentry_msgs/rust/src/msg/rmw.rs
-- Up-to-date: /home/chen/sentry_try/sentry_ws/install/sentry_msgs/share/sentry_msgs/rust/src/msg.rs
-- Up-to-date: /home/chen/sentry_try/sentry_ws/install/sentry_msgs/share/sentry_msgs/rust/src/lib.rs
-- Up-to-date: /home/chen/sentry_try/sentry_ws/install/sentry_msgs/share/sentry_msgs/msg/Vw.idl
-- Up-to-date: /home/chen/sentry_try/sentry_ws/install/sentry_msgs/share/sentry_msgs/msg/ScanMode.idl
-- Up-to-date: /home/chen/sentry_try/sentry_ws/install/sentry_msgs/share/sentry_msgs/msg/ArmorPresence.idl
-- Up-to-date: /home/chen/sentry_try/sentry_ws/install/sentry_msgs/share/sentry_msgs/msg/Vw.msg
-- Up-to-date: /home/chen/sentry_try/sentry_ws/install/sentry_msgs/share/sentry_msgs/msg/ScanMode.msg
-- Up-to-date: /home/chen/sentry_try/sentry_ws/install/sentry_msgs/share/sentry_msgs/msg/ArmorPresence.msg
-- Up-to-date: /home/chen/sentry_try/sentry_ws/install/sentry_msgs/share/ament_index/resource_index/package_run_dependencies/sentry_msgs
-- Installing: /home/chen/sentry_try/sentry_ws/install/sentry_msgs/share/ament_index/resource_index/parent_prefix_path/sentry_msgs
-- Up-to-date: /home/chen/sentry_try/sentry_ws/install/sentry_msgs/share/sentry_msgs/environment/ament_prefix_path.sh
-- Installing: /home/chen/sentry_try/sentry_ws/install/sentry_msgs/share/sentry_msgs/environment/ament_prefix_path.dsv
-- Up-to-date: /home/chen/sentry_try/sentry_ws/install/sentry_msgs/share/sentry_msgs/environment/path.sh
-- Installing: /home/chen/sentry_try/sentry_ws/install/sentry_msgs/share/sentry_msgs/environment/path.dsv
-- Up-to-date: /home/chen/sentry_try/sentry_ws/install/sentry_msgs/share/sentry_msgs/local_setup.bash
-- Up-to-date: /home/chen/sentry_try/sentry_ws/install/sentry_msgs/share/sentry_msgs/local_setup.sh
-- Up-to-date: /home/chen/sentry_try/sentry_ws/install/sentry_msgs/share/sentry_msgs/local_setup.zsh
-- Installing: /home/chen/sentry_try/sentry_ws/install/sentry_msgs/share/sentry_msgs/local_setup.dsv
-- Installing: /home/chen/sentry_try/sentry_ws/install/sentry_msgs/share/sentry_msgs/package.dsv
-- Up-to-date: /home/chen/sentry_try/sentry_ws/install/sentry_msgs/share/ament_index/resource_index/packages/sentry_msgs
-- Up-to-date: /home/chen/sentry_try/sentry_ws/install/sentry_msgs/share/sentry_msgs/cmake/export_sentry_msgs__rosidl_generator_cExport.cmake
-- Installing: /home/chen/sentry_try/sentry_ws/install/sentry_msgs/share/sentry_msgs/cmake/export_sentry_msgs__rosidl_generator_cExport-release.cmake
-- Up-to-date: /home/chen/sentry_try/sentry_ws/install/sentry_msgs/share/sentry_msgs/cmake/export_sentry_msgs__rosidl_typesupport_fastrtps_cExport.cmake
-- Installing: /home/chen/sentry_try/sentry_ws/install/sentry_msgs/share/sentry_msgs/cmake/export_sentry_msgs__rosidl_typesupport_fastrtps_cExport-release.cmake
-- Up-to-date: /home/chen/sentry_try/sentry_ws/install/sentry_msgs/share/sentry_msgs/cmake/sentry_msgs__rosidl_typesupport_introspection_cExport.cmake
-- Installing: /home/chen/sentry_try/sentry_ws/install/sentry_msgs/share/sentry_msgs/cmake/sentry_msgs__rosidl_typesupport_introspection_cExport-release.cmake
-- Up-to-date: /home/chen/sentry_try/sentry_ws/install/sentry_msgs/share/sentry_msgs/cmake/sentry_msgs__rosidl_typesupport_cExport.cmake
-- Installing: /home/chen/sentry_try/sentry_ws/install/sentry_msgs/share/sentry_msgs/cmake/sentry_msgs__rosidl_typesupport_cExport-release.cmake
-- Up-to-date: /home/chen/sentry_try/sentry_ws/install/sentry_msgs/share/sentry_msgs/cmake/export_sentry_msgs__rosidl_generator_cppExport.cmake
-- Up-to-date: /home/chen/sentry_try/sentry_ws/install/sentry_msgs/share/sentry_msgs/cmake/export_sentry_msgs__rosidl_typesupport_fastrtps_cppExport.cmake
-- Installing: /home/chen/sentry_try/sentry_ws/install/sentry_msgs/share/sentry_msgs/cmake/export_sentry_msgs__rosidl_typesupport_fastrtps_cppExport-release.cmake
-- Up-to-date: /home/chen/sentry_try/sentry_ws/install/sentry_msgs/share/sentry_msgs/cmake/sentry_msgs__rosidl_typesupport_introspection_cppExport.cmake
-- Installing: /home/chen/sentry_try/sentry_ws/install/sentry_msgs/share/sentry_msgs/cmake/sentry_msgs__rosidl_typesupport_introspection_cppExport-release.cmake
-- Up-to-date: /home/chen/sentry_try/sentry_ws/install/sentry_msgs/share/sentry_msgs/cmake/sentry_msgs__rosidl_typesupport_cppExport.cmake
-- Installing: /home/chen/sentry_try/sentry_ws/install/sentry_msgs/share/sentry_msgs/cmake/sentry_msgs__rosidl_typesupport_cppExport-release.cmake
-- Up-to-date: /home/chen/sentry_try/sentry_ws/install/sentry_msgs/share/sentry_msgs/cmake/export_sentry_msgs__rosidl_generator_pyExport.cmake
-- Installing: /home/chen/sentry_try/sentry_ws/install/sentry_msgs/share/sentry_msgs/cmake/export_sentry_msgs__rosidl_generator_pyExport-release.cmake
-- Up-to-date: /home/chen/sentry_try/sentry_ws/install/sentry_msgs/share/sentry_msgs/cmake/rosidl_cmake-extras.cmake
-- Up-to-date: /home/chen/sentry_try/sentry_ws/install/sentry_msgs/share/sentry_msgs/cmake/ament_cmake_export_dependencies-extras.cmake
-- Up-to-date: /home/chen/sentry_try/sentry_ws/install/sentry_msgs/share/sentry_msgs/cmake/ament_cmake_export_include_directories-extras.cmake
-- Up-to-date: /home/chen/sentry_try/sentry_ws/install/sentry_msgs/share/sentry_msgs/cmake/ament_cmake_export_libraries-extras.cmake
-- Up-to-date: /home/chen/sentry_try/sentry_ws/install/sentry_msgs/share/sentry_msgs/cmake/ament_cmake_export_targets-extras.cmake
-- Up-to-date: /home/chen/sentry_try/sentry_ws/install/sentry_msgs/share/sentry_msgs/cmake/rosidl_cmake_export_typesupport_targets-extras.cmake
-- Up-to-date: /home/chen/sentry_try/sentry_ws/install/sentry_msgs/share/sentry_msgs/cmake/rosidl_cmake_export_typesupport_libraries-extras.cmake
-- Installing: /home/chen/sentry_try/sentry_ws/install/sentry_msgs/share/sentry_msgs/cmake/rosidl_cmake_aggregate_target-extras.cmake
-- Installing: /home/chen/sentry_try/sentry_ws/install/sentry_msgs/share/sentry_msgs/cmake/sentry_msgsConfig.cmake
-- Up-to-date: /home/chen/sentry_try/sentry_ws/install/sentry_msgs/share/sentry_msgs/cmake/sentry_msgsConfig-version.cmake
-- Up-to-date: /home/chen/sentry_try/sentry_ws/install/sentry_msgs/share/sentry_msgs/package.xml
