[0.039s] Invoking command in '/home/chen/sentry_try/sentry_ws/build/livox_to_scan': AMENT_PREFIX_PATH=/home/chen/sentry_try/sentry_ws/install/livox_ros_driver2:${AMENT_PREFIX_PATH} CMAKE_PREFIX_PATH=/home/chen/sentry_try/sentry_ws/install/livox_ros_driver2:/opt/ros/humble LD_LIBRARY_PATH=/home/chen/sentry_try/sentry_ws/install/livox_ros_driver2/lib:${LD_LIBRARY_PATH} PYTHONPATH=/home/chen/sentry_try/sentry_ws/install/livox_ros_driver2/local/lib/python3.10/dist-packages:${PYTHONPATH} /usr/bin/cmake --build /home/chen/sentry_try/sentry_ws/build/livox_to_scan -- -j16 -l16
[0.102s] [100%] Built target livox_to_scan_node
[0.113s] Invoked command in '/home/chen/sentry_try/sentry_ws/build/livox_to_scan' returned '0': AMENT_PREFIX_PATH=/home/chen/sentry_try/sentry_ws/install/livox_ros_driver2:${AMENT_PREFIX_PATH} CMAKE_PREFIX_PATH=/home/chen/sentry_try/sentry_ws/install/livox_ros_driver2:/opt/ros/humble LD_LIBRARY_PATH=/home/chen/sentry_try/sentry_ws/install/livox_ros_driver2/lib:${LD_LIBRARY_PATH} PYTHONPATH=/home/chen/sentry_try/sentry_ws/install/livox_ros_driver2/local/lib/python3.10/dist-packages:${PYTHONPATH} /usr/bin/cmake --build /home/chen/sentry_try/sentry_ws/build/livox_to_scan -- -j16 -l16
[0.165s] Invoking command in '/home/chen/sentry_try/sentry_ws/build/livox_to_scan': AMENT_PREFIX_PATH=/home/chen/sentry_try/sentry_ws/install/livox_ros_driver2:${AMENT_PREFIX_PATH} CMAKE_PREFIX_PATH=/home/chen/sentry_try/sentry_ws/install/livox_ros_driver2:/opt/ros/humble LD_LIBRARY_PATH=/home/chen/sentry_try/sentry_ws/install/livox_ros_driver2/lib:${LD_LIBRARY_PATH} PYTHONPATH=/home/chen/sentry_try/sentry_ws/install/livox_ros_driver2/local/lib/python3.10/dist-packages:${PYTHONPATH} /usr/bin/cmake --install /home/chen/sentry_try/sentry_ws/build/livox_to_scan
[0.210s] -- Install configuration: ""
[0.213s] -- Up-to-date: /home/chen/sentry_try/sentry_ws/install/livox_to_scan/lib/livox_to_scan/livox_to_scan_node
[0.213s] -- Up-to-date: /home/chen/sentry_try/sentry_ws/install/livox_to_scan/share/livox_to_scan//config
[0.213s] -- Up-to-date: /home/chen/sentry_try/sentry_ws/install/livox_to_scan/share/livox_to_scan//config/livox_to_scan_params.yaml
[0.213s] -- Up-to-date: /home/chen/sentry_try/sentry_ws/install/livox_to_scan/share/ament_index/resource_index/package_run_dependencies/livox_to_scan
[0.213s] -- Up-to-date: /home/chen/sentry_try/sentry_ws/install/livox_to_scan/share/ament_index/resource_index/parent_prefix_path/livox_to_scan
[0.213s] -- Up-to-date: /home/chen/sentry_try/sentry_ws/install/livox_to_scan/share/livox_to_scan/environment/ament_prefix_path.sh
[0.213s] -- Up-to-date: /home/chen/sentry_try/sentry_ws/install/livox_to_scan/share/livox_to_scan/environment/ament_prefix_path.dsv
[0.213s] -- Up-to-date: /home/chen/sentry_try/sentry_ws/install/livox_to_scan/share/livox_to_scan/environment/path.sh
[0.213s] -- Up-to-date: /home/chen/sentry_try/sentry_ws/install/livox_to_scan/share/livox_to_scan/environment/path.dsv
[0.214s] -- Up-to-date: /home/chen/sentry_try/sentry_ws/install/livox_to_scan/share/livox_to_scan/local_setup.bash
[0.214s] -- Up-to-date: /home/chen/sentry_try/sentry_ws/install/livox_to_scan/share/livox_to_scan/local_setup.sh
[0.214s] -- Up-to-date: /home/chen/sentry_try/sentry_ws/install/livox_to_scan/share/livox_to_scan/local_setup.zsh
[0.214s] -- Up-to-date: /home/chen/sentry_try/sentry_ws/install/livox_to_scan/share/livox_to_scan/local_setup.dsv
[0.214s] -- Installing: /home/chen/sentry_try/sentry_ws/install/livox_to_scan/share/livox_to_scan/package.dsv
[0.237s] -- Up-to-date: /home/chen/sentry_try/sentry_ws/install/livox_to_scan/share/ament_index/resource_index/packages/livox_to_scan
[0.238s] -- Up-to-date: /home/chen/sentry_try/sentry_ws/install/livox_to_scan/share/livox_to_scan/cmake/livox_to_scanConfig.cmake
[0.238s] -- Up-to-date: /home/chen/sentry_try/sentry_ws/install/livox_to_scan/share/livox_to_scan/cmake/livox_to_scanConfig-version.cmake
[0.238s] -- Up-to-date: /home/chen/sentry_try/sentry_ws/install/livox_to_scan/share/livox_to_scan/package.xml
[0.246s] Invoked command in '/home/chen/sentry_try/sentry_ws/build/livox_to_scan' returned '0': AMENT_PREFIX_PATH=/home/chen/sentry_try/sentry_ws/install/livox_ros_driver2:${AMENT_PREFIX_PATH} CMAKE_PREFIX_PATH=/home/chen/sentry_try/sentry_ws/install/livox_ros_driver2:/opt/ros/humble LD_LIBRARY_PATH=/home/chen/sentry_try/sentry_ws/install/livox_ros_driver2/lib:${LD_LIBRARY_PATH} PYTHONPATH=/home/chen/sentry_try/sentry_ws/install/livox_ros_driver2/local/lib/python3.10/dist-packages:${PYTHONPATH} /usr/bin/cmake --install /home/chen/sentry_try/sentry_ws/build/livox_to_scan
