[0.015s] Invoking command in '/home/chen/sentry_try/sentry_ws/build/bringup': CMAKE_PREFIX_PATH=${CMAKE_PREFIX_PATH}:/opt/ros/humble /usr/bin/cmake --build /home/chen/sentry_try/sentry_ws/build/bringup -- -j16 -l16
[0.045s] Invoked command in '/home/chen/sentry_try/sentry_ws/build/bringup' returned '0': CMAKE_PREFIX_PATH=${CMAKE_PREFIX_PATH}:/opt/ros/humble /usr/bin/cmake --build /home/chen/sentry_try/sentry_ws/build/bringup -- -j16 -l16
[0.054s] Invoking command in '/home/chen/sentry_try/sentry_ws/build/bringup': CMAKE_PREFIX_PATH=${CMAKE_PREFIX_PATH}:/opt/ros/humble /usr/bin/cmake --install /home/chen/sentry_try/sentry_ws/build/bringup
[0.061s] -- Install configuration: ""
[0.061s] -- Up-to-date: /home/chen/sentry_try/sentry_ws/install/bringup/share/bringup/config
[0.061s] -- Up-to-date: /home/chen/sentry_try/sentry_ws/install/bringup/share/bringup/config/default_livox.yaml
[0.061s] -- Up-to-date: /home/chen/sentry_try/sentry_ws/install/bringup/share/bringup/config/sequential_nodes.yaml
[0.061s] -- Up-to-date: /home/chen/sentry_try/sentry_ws/install/bringup/share/bringup/config/serial_params.yaml
[0.061s] -- Up-to-date: /home/chen/sentry_try/sentry_ws/install/bringup/share/bringup/config/lidar.yaml
[0.062s] -- Up-to-date: /home/chen/sentry_try/sentry_ws/install/bringup/share/bringup/config/nav2_default_view.rviz
[0.062s] -- Up-to-date: /home/chen/sentry_try/sentry_ws/install/bringup/share/bringup/config/navigation_params.yaml
[0.062s] -- Up-to-date: /home/chen/sentry_try/sentry_ws/install/bringup/share/bringup/config/topic_names.yaml
[0.062s] -- Up-to-date: /home/chen/sentry_try/sentry_ws/install/bringup/share/bringup/config/loc_start_pose.yaml
[0.062s] -- Up-to-date: /home/chen/sentry_try/sentry_ws/install/bringup/share/bringup/config/odin.yaml
[0.062s] -- Up-to-date: /home/chen/sentry_try/sentry_ws/install/bringup/share/bringup/config/livox_to_scan.yaml
[0.062s] -- Up-to-date: /home/chen/sentry_try/sentry_ws/install/bringup/share/bringup/config/can_params.yaml
[0.062s] -- Installing: /home/chen/sentry_try/sentry_ws/install/bringup/share/bringup/config/singlenav2_params.yaml
[0.062s] -- Up-to-date: /home/chen/sentry_try/sentry_ws/install/bringup/share/bringup/launch
[0.062s] -- Up-to-date: /home/chen/sentry_try/sentry_ws/install/bringup/share/bringup/launch/start.launch.py
[0.062s] -- Installing: /home/chen/sentry_try/sentry_ws/install/bringup/share/bringup/launch/monitored_start.launch.py
[0.062s] -- Up-to-date: /home/chen/sentry_try/sentry_ws/install/bringup/share/ament_index/resource_index/package_run_dependencies/bringup
[0.062s] -- Up-to-date: /home/chen/sentry_try/sentry_ws/install/bringup/share/ament_index/resource_index/parent_prefix_path/bringup
[0.062s] -- Up-to-date: /home/chen/sentry_try/sentry_ws/install/bringup/share/bringup/environment/ament_prefix_path.sh
[0.062s] -- Up-to-date: /home/chen/sentry_try/sentry_ws/install/bringup/share/bringup/environment/ament_prefix_path.dsv
[0.062s] -- Up-to-date: /home/chen/sentry_try/sentry_ws/install/bringup/share/bringup/environment/path.sh
[0.062s] -- Up-to-date: /home/chen/sentry_try/sentry_ws/install/bringup/share/bringup/environment/path.dsv
[0.062s] -- Up-to-date: /home/chen/sentry_try/sentry_ws/install/bringup/share/bringup/local_setup.bash
[0.062s] -- Up-to-date: /home/chen/sentry_try/sentry_ws/install/bringup/share/bringup/local_setup.sh
[0.062s] -- Up-to-date: /home/chen/sentry_try/sentry_ws/install/bringup/share/bringup/local_setup.zsh
[0.063s] -- Up-to-date: /home/chen/sentry_try/sentry_ws/install/bringup/share/bringup/local_setup.dsv
[0.063s] -- Installing: /home/chen/sentry_try/sentry_ws/install/bringup/share/bringup/package.dsv
[0.063s] -- Up-to-date: /home/chen/sentry_try/sentry_ws/install/bringup/share/ament_index/resource_index/packages/bringup
[0.063s] -- Up-to-date: /home/chen/sentry_try/sentry_ws/install/bringup/share/bringup/cmake/bringupConfig.cmake
[0.063s] -- Up-to-date: /home/chen/sentry_try/sentry_ws/install/bringup/share/bringup/cmake/bringupConfig-version.cmake
[0.063s] -- Up-to-date: /home/chen/sentry_try/sentry_ws/install/bringup/share/bringup/package.xml
[0.063s] Invoked command in '/home/chen/sentry_try/sentry_ws/build/bringup' returned '0': CMAKE_PREFIX_PATH=${CMAKE_PREFIX_PATH}:/opt/ros/humble /usr/bin/cmake --install /home/chen/sentry_try/sentry_ws/build/bringup
