[0.040s] Invoking command in '/home/chen/sentry_try/sentry_ws/build/pb_nav2_plugins': CMAKE_PREFIX_PATH=/opt/ros/humble /usr/bin/cmake --build /home/chen/sentry_try/sentry_ws/build/pb_nav2_plugins -- -j16 -l16
[0.150s] [ 25%] [32mBuilding CXX object CMakeFiles/pb_back_up_frees_space_behavior.dir/src/behaviors/back_up_free_space.cpp.o[0m
[14.016s] [ 50%] [32m[1mLinking CXX shared library libpb_back_up_frees_space_behavior.so[0m
[14.629s] [ 50%] Built target pb_back_up_frees_space_behavior
[14.650s] [35m[1mConsolidate compiler generated dependencies of target layers[0m
[14.698s] [ 75%] [32mBuilding CXX object CMakeFiles/layers.dir/src/layers/intensity_voxel_layer.cpp.o[0m
[22.283s] [100%] [32m[1mLinking CXX shared library liblayers.so[0m
[22.575s] [100%] Built target layers
[22.585s] Invoked command in '/home/chen/sentry_try/sentry_ws/build/pb_nav2_plugins' returned '0': CMAKE_PREFIX_PATH=/opt/ros/humble /usr/bin/cmake --build /home/chen/sentry_try/sentry_ws/build/pb_nav2_plugins -- -j16 -l16
[22.591s] Invoking command in '/home/chen/sentry_try/sentry_ws/build/pb_nav2_plugins': CMAKE_PREFIX_PATH=/opt/ros/humble /usr/bin/cmake --install /home/chen/sentry_try/sentry_ws/build/pb_nav2_plugins
[22.600s] -- Install configuration: "Release"
[22.600s] -- Up-to-date: /home/chen/sentry_try/sentry_ws/install/pb_nav2_plugins/share/pb_nav2_plugins/behavior_plugin.xml
[22.600s] -- Up-to-date: /home/chen/sentry_try/sentry_ws/install/pb_nav2_plugins/share/pb_nav2_plugins/costmap_plugins.xml
[22.600s] -- Up-to-date: /home/chen/sentry_try/sentry_ws/install/pb_nav2_plugins/include
[22.600s] -- Up-to-date: /home/chen/sentry_try/sentry_ws/install/pb_nav2_plugins/include/pb_nav2_plugins
[22.600s] -- Up-to-date: /home/chen/sentry_try/sentry_ws/install/pb_nav2_plugins/include/pb_nav2_plugins/behaviors
[22.600s] -- Up-to-date: /home/chen/sentry_try/sentry_ws/install/pb_nav2_plugins/include/pb_nav2_plugins/behaviors/back_up_free_space.hpp
[22.600s] -- Up-to-date: /home/chen/sentry_try/sentry_ws/install/pb_nav2_plugins/include/pb_nav2_plugins/layers
[22.600s] -- Up-to-date: /home/chen/sentry_try/sentry_ws/install/pb_nav2_plugins/include/pb_nav2_plugins/layers/intensity_voxel_layer.hpp
[22.600s] -- Up-to-date: /home/chen/sentry_try/sentry_ws/install/pb_nav2_plugins/share/pb_nav2_plugins/environment/library_path.sh
[22.600s] -- Installing: /home/chen/sentry_try/sentry_ws/install/pb_nav2_plugins/share/pb_nav2_plugins/environment/library_path.dsv
[22.603s] -- Installing: /home/chen/sentry_try/sentry_ws/install/pb_nav2_plugins/lib/libpb_back_up_frees_space_behavior.so
[22.604s] -- Set runtime path of "/home/chen/sentry_try/sentry_ws/install/pb_nav2_plugins/lib/libpb_back_up_frees_space_behavior.so" to ""
[22.606s] -- Installing: /home/chen/sentry_try/sentry_ws/install/pb_nav2_plugins/lib/liblayers.so
[22.607s] -- Set runtime path of "/home/chen/sentry_try/sentry_ws/install/pb_nav2_plugins/lib/liblayers.so" to ""
[22.607s] -- Up-to-date: /home/chen/sentry_try/sentry_ws/install/pb_nav2_plugins/share/ament_index/resource_index/package_run_dependencies/pb_nav2_plugins
[22.607s] -- Installing: /home/chen/sentry_try/sentry_ws/install/pb_nav2_plugins/share/ament_index/resource_index/parent_prefix_path/pb_nav2_plugins
[22.609s] -- Up-to-date: /home/chen/sentry_try/sentry_ws/install/pb_nav2_plugins/share/pb_nav2_plugins/environment/ament_prefix_path.sh
[22.609s] -- Installing: /home/chen/sentry_try/sentry_ws/install/pb_nav2_plugins/share/pb_nav2_plugins/environment/ament_prefix_path.dsv
[22.609s] -- Up-to-date: /home/chen/sentry_try/sentry_ws/install/pb_nav2_plugins/share/pb_nav2_plugins/environment/path.sh
[22.609s] -- Installing: /home/chen/sentry_try/sentry_ws/install/pb_nav2_plugins/share/pb_nav2_plugins/environment/path.dsv
[22.612s] -- Up-to-date: /home/chen/sentry_try/sentry_ws/install/pb_nav2_plugins/share/pb_nav2_plugins/local_setup.bash
[22.612s] -- Up-to-date: /home/chen/sentry_try/sentry_ws/install/pb_nav2_plugins/share/pb_nav2_plugins/local_setup.sh
[22.612s] -- Up-to-date: /home/chen/sentry_try/sentry_ws/install/pb_nav2_plugins/share/pb_nav2_plugins/local_setup.zsh
[22.612s] -- Installing: /home/chen/sentry_try/sentry_ws/install/pb_nav2_plugins/share/pb_nav2_plugins/local_setup.dsv
[22.615s] -- Installing: /home/chen/sentry_try/sentry_ws/install/pb_nav2_plugins/share/pb_nav2_plugins/package.dsv
[22.615s] -- Up-to-date: /home/chen/sentry_try/sentry_ws/install/pb_nav2_plugins/share/ament_index/resource_index/packages/pb_nav2_plugins
[22.615s] -- Up-to-date: /home/chen/sentry_try/sentry_ws/install/pb_nav2_plugins/share/ament_index/resource_index/nav2_core__pluginlib__plugin/pb_nav2_plugins
[22.615s] -- Up-to-date: /home/chen/sentry_try/sentry_ws/install/pb_nav2_plugins/share/ament_index/resource_index/nav2_costmap_2d__pluginlib__plugin/pb_nav2_plugins
[22.615s] -- Up-to-date: /home/chen/sentry_try/sentry_ws/install/pb_nav2_plugins/share/pb_nav2_plugins/cmake/ament_cmake_export_dependencies-extras.cmake
[22.615s] -- Up-to-date: /home/chen/sentry_try/sentry_ws/install/pb_nav2_plugins/share/pb_nav2_plugins/cmake/ament_cmake_export_include_directories-extras.cmake
[22.615s] -- Up-to-date: /home/chen/sentry_try/sentry_ws/install/pb_nav2_plugins/share/pb_nav2_plugins/cmake/ament_cmake_export_libraries-extras.cmake
[22.615s] -- Up-to-date: /home/chen/sentry_try/sentry_ws/install/pb_nav2_plugins/share/pb_nav2_plugins/cmake/pb_nav2_pluginsConfig.cmake
[22.615s] -- Up-to-date: /home/chen/sentry_try/sentry_ws/install/pb_nav2_plugins/share/pb_nav2_plugins/cmake/pb_nav2_pluginsConfig-version.cmake
[22.615s] -- Up-to-date: /home/chen/sentry_try/sentry_ws/install/pb_nav2_plugins/share/pb_nav2_plugins/package.xml
[22.617s] Invoked command in '/home/chen/sentry_try/sentry_ws/build/pb_nav2_plugins' returned '0': CMAKE_PREFIX_PATH=/opt/ros/humble /usr/bin/cmake --install /home/chen/sentry_try/sentry_ws/build/pb_nav2_plugins
