[0.020s] Invoking command in '/home/chen/sentry_try/sentry_ws/build/fast_lio': AMENT_PREFIX_PATH=/home/chen/sentry_try/sentry_ws/install/livox_ros_driver2:${AMENT_PREFIX_PATH} CMAKE_PREFIX_PATH=/home/chen/sentry_try/sentry_ws/install/livox_ros_driver2:/opt/ros/humble LD_LIBRARY_PATH=/home/chen/sentry_try/sentry_ws/install/livox_ros_driver2/lib:${LD_LIBRARY_PATH} PYTHONPATH=/home/chen/sentry_try/sentry_ws/install/livox_ros_driver2/local/lib/python3.10/dist-packages:${PYTHONPATH} /usr/bin/cmake /home/chen/sentry_try/sentry_ws/src/FAST_LIO -DCMAKE_BUILD_TYPE=Release -DCMAKE_INSTALL_PREFIX=/home/chen/sentry_try/sentry_ws/install/fast_lio
[0.054s] [0mCurrent CPU archtecture: x86_64[0m
[0.074s] [0mProcesser number:  16[0m
[0.075s] [0mcore for MP: 3[0m
[0.080s] -- Found PythonLibs: /usr/lib/x86_64-linux-gnu/libpython3.10.so (found version "3.10.12") 
[0.083s] -- Found ament_cmake: 1.3.14 (/opt/ros/humble/share/ament_cmake/cmake)
[0.353s] -- Found rclcpp: 16.0.19 (/opt/ros/humble/share/rclcpp/cmake)
[0.466s] -- Found rosidl_generator_c: 3.1.9 (/opt/ros/humble/share/rosidl_generator_c/cmake)
[0.472s] -- Found rosidl_adapter: 3.1.9 (/opt/ros/humble/share/rosidl_adapter/cmake)
[0.489s] -- Found rosidl_generator_cpp: 3.1.9 (/opt/ros/humble/share/rosidl_generator_cpp/cmake)
[0.498s] -- Using all available rosidl_typesupport_c: rosidl_typesupport_fastrtps_c;rosidl_typesupport_introspection_c
[0.518s] -- Using all available rosidl_typesupport_cpp: rosidl_typesupport_fastrtps_cpp;rosidl_typesupport_introspection_cpp
[0.554s] -- Found rmw_implementation_cmake: 6.1.2 (/opt/ros/humble/share/rmw_implementation_cmake/cmake)
[0.556s] -- Found rmw_fastrtps_cpp: 6.2.10 (/opt/ros/humble/share/rmw_fastrtps_cpp/cmake)
[0.730s] -- Using RMW implementation 'rmw_fastrtps_cpp' as default
[0.848s] -- Found rclcpp_components: 16.0.19 (/opt/ros/humble/share/rclcpp_components/cmake)
[0.894s] -- Found geometry_msgs: 4.9.1 (/opt/ros/humble/share/geometry_msgs/cmake)
[0.909s] -- Found nav_msgs: 4.9.1 (/opt/ros/humble/share/nav_msgs/cmake)
[0.947s] -- Found sensor_msgs: 4.9.1 (/opt/ros/humble/share/sensor_msgs/cmake)
[0.962s] -- Found std_srvs: 4.9.1 (/opt/ros/humble/share/std_srvs/cmake)
[0.991s] -- Found visualization_msgs: 4.9.1 (/opt/ros/humble/share/visualization_msgs/cmake)
[1.021s] -- Found pcl_ros: 2.4.5 (/opt/ros/humble/share/pcl_ros/cmake)
[1.061s] -- Eigen found (include: /usr/include/eigen3, version: 3.4.0)
[1.097s] -- FLANN found (include: /usr/include, lib: /usr/lib/x86_64-linux-gnu/libflann_cpp.so)
[1.718s] -- OpenNI found (version: 1.5.4.0, include: /usr/include/ni, lib: /usr/lib/libOpenNI.so;libusb::libusb)
[1.726s] -- OpenNI2 found (version: 2.2.0.33, include: /usr/include/openni2, lib: /usr/lib/x86_64-linux-gnu/libOpenNI2.so;libusb::libusb)
[1.898s] -- Eigen found (include: /usr/include/eigen3, version: 3.4.0)
[1.903s] -- OpenNI found (version: 1.5.4.0, include: /usr/include/ni, lib: /usr/lib/libOpenNI.so;libusb::libusb)
[1.909s] -- OpenNI2 found (version: 2.2.0.33, include: /usr/include/openni2, lib: /usr/lib/x86_64-linux-gnu/libOpenNI2.so;libusb::libusb)
[2.017s] -- Found Qhull version 8.0.2
[2.140s] -- OpenNI found (version: 1.5.4.0, include: /usr/include/ni, lib: /usr/lib/libOpenNI.so;libusb::libusb)
[2.294s] -- Found eigen3_cmake_module: 0.1.1 (/opt/ros/humble/share/eigen3_cmake_module/cmake)
[2.296s] -- Ensuring Eigen3 include directory is part of orocos-kdl CMake target
[2.420s] -- Found livox_ros_driver2: 1.0.0 (/home/chen/sentry_try/sentry_ws/install/livox_ros_driver2/share/livox_ros_driver2/cmake)
[2.432s] -- Found rosidl_default_generators: 1.2.1 (/opt/ros/humble/share/rosidl_default_generators/cmake)
[2.457s] [33mCMake Warning (dev) at CMakeLists.txt:81 (find_package):
[2.457s]   Policy CMP0074 is not set: find_package uses <PackageName>_ROOT variables.
[2.457s]   Run "cmake --help-policy CMP0074" for policy details.  Use the cmake_policy
[2.457s]   command to set the policy and suppress this warning.
[2.457s] 
[2.457s]   CMake variable PCL_ROOT is set to:
[2.458s] 
[2.458s]     /usr
[2.458s] 
[2.458s]   For compatibility, CMake is ignoring the variable.
[2.458s] This warning is for project developers.  Use -Wno-dev to suppress it.
[2.458s] [0m
[2.464s] [0mEigen:/usr/include/eigen3[0m
[2.464s] -- PCL: /usr/include/pcl-1.12
[2.675s] -- Found ament_cmake_ros: 0.10.0 (/opt/ros/humble/share/ament_cmake_ros/cmake)
[2.946s] -- Using all available rosidl_typesupport_c: rosidl_typesupport_fastrtps_c;rosidl_typesupport_introspection_c
[3.052s] -- Using all available rosidl_typesupport_cpp: rosidl_typesupport_fastrtps_cpp;rosidl_typesupport_introspection_cpp
[3.072s] -- Found python_cmake_module: 0.10.0 (/opt/ros/humble/share/python_cmake_module/cmake)
[3.096s] -- Found PythonLibs: /usr/lib/x86_64-linux-gnu/libpython3.10.so (found suitable version "3.10.12", minimum required is "3.5") 
[3.096s] -- Using PYTHON_EXECUTABLE: /usr/bin/python3
[3.096s] -- Using PYTHON_INCLUDE_DIRS: /usr/include/python3.10
[3.096s] -- Using PYTHON_LIBRARIES: /usr/lib/x86_64-linux-gnu/libpython3.10.so
[3.232s] -- Configuring done
[3.462s] -- Generating done
[3.491s] -- Build files have been written to: /home/chen/sentry_try/sentry_ws/build/fast_lio
[3.512s] Invoked command in '/home/chen/sentry_try/sentry_ws/build/fast_lio' returned '0': AMENT_PREFIX_PATH=/home/chen/sentry_try/sentry_ws/install/livox_ros_driver2:${AMENT_PREFIX_PATH} CMAKE_PREFIX_PATH=/home/chen/sentry_try/sentry_ws/install/livox_ros_driver2:/opt/ros/humble LD_LIBRARY_PATH=/home/chen/sentry_try/sentry_ws/install/livox_ros_driver2/lib:${LD_LIBRARY_PATH} PYTHONPATH=/home/chen/sentry_try/sentry_ws/install/livox_ros_driver2/local/lib/python3.10/dist-packages:${PYTHONPATH} /usr/bin/cmake /home/chen/sentry_try/sentry_ws/src/FAST_LIO -DCMAKE_BUILD_TYPE=Release -DCMAKE_INSTALL_PREFIX=/home/chen/sentry_try/sentry_ws/install/fast_lio
[3.514s] Invoking command in '/home/chen/sentry_try/sentry_ws/build/fast_lio': AMENT_PREFIX_PATH=/home/chen/sentry_try/sentry_ws/install/livox_ros_driver2:${AMENT_PREFIX_PATH} CMAKE_PREFIX_PATH=/home/chen/sentry_try/sentry_ws/install/livox_ros_driver2:/opt/ros/humble LD_LIBRARY_PATH=/home/chen/sentry_try/sentry_ws/install/livox_ros_driver2/lib:${LD_LIBRARY_PATH} PYTHONPATH=/home/chen/sentry_try/sentry_ws/install/livox_ros_driver2/local/lib/python3.10/dist-packages:${PYTHONPATH} /usr/bin/cmake --build /home/chen/sentry_try/sentry_ws/build/fast_lio -- -j16 -l16
[3.555s] [35m[1mConsolidate compiler generated dependencies of target fast_lio__rosidl_generator_c[0m
[3.562s] [  2%] Built target fast_lio__rs
[3.563s] [  5%] Built target fast_lio__cpp
[3.564s] [ 13%] Built target fast_lio__rosidl_generator_c
[3.575s] [35m[1mConsolidate compiler generated dependencies of target fast_lio__rosidl_typesupport_c[0m
[3.575s] [35m[1mConsolidate compiler generated dependencies of target fast_lio__rosidl_typesupport_introspection_cpp[0m
[3.575s] [35m[1mConsolidate compiler generated dependencies of target fast_lio__rosidl_typesupport_cpp[0m
[3.575s] [35m[1mConsolidate compiler generated dependencies of target fast_lio__rosidl_typesupport_fastrtps_cpp[0m
[3.575s] [35m[1mConsolidate compiler generated dependencies of target fast_lio__rosidl_typesupport_fastrtps_c[0m
[3.579s] [35m[1mConsolidate compiler generated dependencies of target fast_lio__rosidl_typesupport_introspection_c[0m
[3.587s] [ 30%] Built target fast_lio__rosidl_typesupport_introspection_cpp
[3.588s] [ 30%] Built target fast_lio__rosidl_typesupport_c
[3.588s] [ 38%] Built target fast_lio__rosidl_typesupport_cpp
[3.588s] [ 47%] Built target fast_lio__rosidl_typesupport_fastrtps_c
[3.588s] [ 55%] Built target fast_lio__rosidl_typesupport_fastrtps_cpp
[3.588s] [ 55%] Built target ament_cmake_python_copy_fast_lio
[3.592s] [ 63%] Built target fast_lio__rosidl_typesupport_introspection_c
[3.607s] [35m[1mConsolidate compiler generated dependencies of target fastlio_mapping[0m
[3.610s] [ 63%] Built target fast_lio
[3.628s] [ 66%] Built target fast_lio__py
[3.640s] [35m[1mConsolidate compiler generated dependencies of target fast_lio__rosidl_generator_py[0m
[3.652s] [ 72%] Built target fast_lio__rosidl_generator_py
[3.663s] [35m[1mConsolidate compiler generated dependencies of target fast_lio__rosidl_typesupport_introspection_c__pyext[0m
[3.663s] [35m[1mConsolidate compiler generated dependencies of target fast_lio__rosidl_typesupport_fastrtps_c__pyext[0m
[3.663s] [35m[1mConsolidate compiler generated dependencies of target fast_lio__rosidl_typesupport_c__pyext[0m
[3.672s] [ 75%] [32m[1mLinking CXX executable fastlio_mapping[0m
[3.673s] [ 86%] Built target fast_lio__rosidl_typesupport_introspection_c__pyext
[3.673s] [ 86%] Built target fast_lio__rosidl_typesupport_c__pyext
[3.675s] [ 91%] Built target fast_lio__rosidl_typesupport_fastrtps_c__pyext
[3.790s] running egg_info
[3.791s] writing fast_lio.egg-info/PKG-INFO
[3.791s] writing dependency_links to fast_lio.egg-info/dependency_links.txt
[3.791s] writing top-level names to fast_lio.egg-info/top_level.txt
[3.793s] reading manifest file 'fast_lio.egg-info/SOURCES.txt'
[3.794s] writing manifest file 'fast_lio.egg-info/SOURCES.txt'
[3.829s] [ 91%] Built target ament_cmake_python_build_fast_lio_egg
[4.948s] [100%] Built target fastlio_mapping
[4.959s] Invoked command in '/home/chen/sentry_try/sentry_ws/build/fast_lio' returned '0': AMENT_PREFIX_PATH=/home/chen/sentry_try/sentry_ws/install/livox_ros_driver2:${AMENT_PREFIX_PATH} CMAKE_PREFIX_PATH=/home/chen/sentry_try/sentry_ws/install/livox_ros_driver2:/opt/ros/humble LD_LIBRARY_PATH=/home/chen/sentry_try/sentry_ws/install/livox_ros_driver2/lib:${LD_LIBRARY_PATH} PYTHONPATH=/home/chen/sentry_try/sentry_ws/install/livox_ros_driver2/local/lib/python3.10/dist-packages:${PYTHONPATH} /usr/bin/cmake --build /home/chen/sentry_try/sentry_ws/build/fast_lio -- -j16 -l16
[4.961s] Invoking command in '/home/chen/sentry_try/sentry_ws/build/fast_lio': AMENT_PREFIX_PATH=/home/chen/sentry_try/sentry_ws/install/livox_ros_driver2:${AMENT_PREFIX_PATH} CMAKE_PREFIX_PATH=/home/chen/sentry_try/sentry_ws/install/livox_ros_driver2:/opt/ros/humble LD_LIBRARY_PATH=/home/chen/sentry_try/sentry_ws/install/livox_ros_driver2/lib:${LD_LIBRARY_PATH} PYTHONPATH=/home/chen/sentry_try/sentry_ws/install/livox_ros_driver2/local/lib/python3.10/dist-packages:${PYTHONPATH} /usr/bin/cmake --install /home/chen/sentry_try/sentry_ws/build/fast_lio
[4.968s] -- Install configuration: "Release"
[4.969s] -- Up-to-date: /home/chen/sentry_try/sentry_ws/install/fast_lio/share/ament_index/resource_index/rosidl_interfaces/fast_lio
[4.969s] -- Up-to-date: /home/chen/sentry_try/sentry_ws/install/fast_lio/include/fast_lio/fast_lio
[4.969s] -- Up-to-date: /home/chen/sentry_try/sentry_ws/install/fast_lio/include/fast_lio/fast_lio/msg
[4.969s] -- Up-to-date: /home/chen/sentry_try/sentry_ws/install/fast_lio/include/fast_lio/fast_lio/msg/rosidl_generator_c__visibility_control.h
[4.970s] -- Up-to-date: /home/chen/sentry_try/sentry_ws/install/fast_lio/include/fast_lio/fast_lio/msg/pose6_d.h
[4.970s] -- Up-to-date: /home/chen/sentry_try/sentry_ws/install/fast_lio/include/fast_lio/fast_lio/msg/detail
[4.970s] -- Up-to-date: /home/chen/sentry_try/sentry_ws/install/fast_lio/include/fast_lio/fast_lio/msg/detail/pose6_d__type_support.h
[4.970s] -- Up-to-date: /home/chen/sentry_try/sentry_ws/install/fast_lio/include/fast_lio/fast_lio/msg/detail/pose6_d__struct.h
[4.970s] -- Up-to-date: /home/chen/sentry_try/sentry_ws/install/fast_lio/include/fast_lio/fast_lio/msg/detail/pose6_d__functions.h
[4.970s] -- Up-to-date: /home/chen/sentry_try/sentry_ws/install/fast_lio/include/fast_lio/fast_lio/msg/detail/pose6_d__functions.c
[4.973s] -- Up-to-date: /home/chen/sentry_try/sentry_ws/install/fast_lio/share/fast_lio/environment/library_path.sh
[4.973s] -- Installing: /home/chen/sentry_try/sentry_ws/install/fast_lio/share/fast_lio/environment/library_path.dsv
[4.976s] -- Up-to-date: /home/chen/sentry_try/sentry_ws/install/fast_lio/lib/libfast_lio__rosidl_generator_c.so
[4.976s] -- Up-to-date: /home/chen/sentry_try/sentry_ws/install/fast_lio/include/fast_lio/fast_lio
[4.976s] -- Up-to-date: /home/chen/sentry_try/sentry_ws/install/fast_lio/include/fast_lio/fast_lio/msg
[4.976s] -- Up-to-date: /home/chen/sentry_try/sentry_ws/install/fast_lio/include/fast_lio/fast_lio/msg/rosidl_typesupport_fastrtps_c__visibility_control.h
[4.976s] -- Up-to-date: /home/chen/sentry_try/sentry_ws/install/fast_lio/include/fast_lio/fast_lio/msg/detail
[4.976s] -- Up-to-date: /home/chen/sentry_try/sentry_ws/install/fast_lio/include/fast_lio/fast_lio/msg/detail/pose6_d__rosidl_typesupport_fastrtps_c.h
[4.978s] -- Up-to-date: /home/chen/sentry_try/sentry_ws/install/fast_lio/lib/libfast_lio__rosidl_typesupport_fastrtps_c.so
[4.978s] -- Up-to-date: /home/chen/sentry_try/sentry_ws/install/fast_lio/include/fast_lio/fast_lio
[4.978s] -- Up-to-date: /home/chen/sentry_try/sentry_ws/install/fast_lio/include/fast_lio/fast_lio/msg
[4.978s] -- Up-to-date: /home/chen/sentry_try/sentry_ws/install/fast_lio/include/fast_lio/fast_lio/msg/rosidl_generator_cpp__visibility_control.hpp
[4.979s] -- Up-to-date: /home/chen/sentry_try/sentry_ws/install/fast_lio/include/fast_lio/fast_lio/msg/pose6_d.hpp
[4.979s] -- Up-to-date: /home/chen/sentry_try/sentry_ws/install/fast_lio/include/fast_lio/fast_lio/msg/detail
[4.979s] -- Up-to-date: /home/chen/sentry_try/sentry_ws/install/fast_lio/include/fast_lio/fast_lio/msg/detail/pose6_d__traits.hpp
[4.979s] -- Up-to-date: /home/chen/sentry_try/sentry_ws/install/fast_lio/include/fast_lio/fast_lio/msg/detail/pose6_d__struct.hpp
[4.979s] -- Up-to-date: /home/chen/sentry_try/sentry_ws/install/fast_lio/include/fast_lio/fast_lio/msg/detail/pose6_d__type_support.hpp
[4.979s] -- Up-to-date: /home/chen/sentry_try/sentry_ws/install/fast_lio/include/fast_lio/fast_lio/msg/detail/pose6_d__builder.hpp
[4.979s] -- Up-to-date: /home/chen/sentry_try/sentry_ws/install/fast_lio/include/fast_lio/fast_lio
[4.979s] -- Up-to-date: /home/chen/sentry_try/sentry_ws/install/fast_lio/include/fast_lio/fast_lio/msg
[4.979s] -- Up-to-date: /home/chen/sentry_try/sentry_ws/install/fast_lio/include/fast_lio/fast_lio/msg/rosidl_typesupport_fastrtps_cpp__visibility_control.h
[4.979s] -- Up-to-date: /home/chen/sentry_try/sentry_ws/install/fast_lio/include/fast_lio/fast_lio/msg/detail
[4.979s] -- Up-to-date: /home/chen/sentry_try/sentry_ws/install/fast_lio/include/fast_lio/fast_lio/msg/detail/dds_fastrtps
[4.979s] -- Up-to-date: /home/chen/sentry_try/sentry_ws/install/fast_lio/include/fast_lio/fast_lio/msg/detail/pose6_d__rosidl_typesupport_fastrtps_cpp.hpp
[4.981s] -- Up-to-date: /home/chen/sentry_try/sentry_ws/install/fast_lio/lib/libfast_lio__rosidl_typesupport_fastrtps_cpp.so
[4.981s] -- Up-to-date: /home/chen/sentry_try/sentry_ws/install/fast_lio/include/fast_lio/fast_lio
[4.981s] -- Up-to-date: /home/chen/sentry_try/sentry_ws/install/fast_lio/include/fast_lio/fast_lio/msg
[4.981s] -- Up-to-date: /home/chen/sentry_try/sentry_ws/install/fast_lio/include/fast_lio/fast_lio/msg/rosidl_typesupport_introspection_c__visibility_control.h
[4.981s] -- Up-to-date: /home/chen/sentry_try/sentry_ws/install/fast_lio/include/fast_lio/fast_lio/msg/detail
[4.981s] -- Up-to-date: /home/chen/sentry_try/sentry_ws/install/fast_lio/include/fast_lio/fast_lio/msg/detail/pose6_d__rosidl_typesupport_introspection_c.h
[4.981s] -- Up-to-date: /home/chen/sentry_try/sentry_ws/install/fast_lio/include/fast_lio/fast_lio/msg/detail/pose6_d__type_support.c
[4.984s] -- Up-to-date: /home/chen/sentry_try/sentry_ws/install/fast_lio/lib/libfast_lio__rosidl_typesupport_introspection_c.so
[4.987s] -- Up-to-date: /home/chen/sentry_try/sentry_ws/install/fast_lio/lib/libfast_lio__rosidl_typesupport_c.so
[4.987s] -- Up-to-date: /home/chen/sentry_try/sentry_ws/install/fast_lio/include/fast_lio/fast_lio
[4.987s] -- Up-to-date: /home/chen/sentry_try/sentry_ws/install/fast_lio/include/fast_lio/fast_lio/msg
[4.987s] -- Up-to-date: /home/chen/sentry_try/sentry_ws/install/fast_lio/include/fast_lio/fast_lio/msg/detail
[4.987s] -- Up-to-date: /home/chen/sentry_try/sentry_ws/install/fast_lio/include/fast_lio/fast_lio/msg/detail/pose6_d__rosidl_typesupport_introspection_cpp.hpp
[4.987s] -- Up-to-date: /home/chen/sentry_try/sentry_ws/install/fast_lio/include/fast_lio/fast_lio/msg/detail/pose6_d__type_support.cpp
[4.990s] -- Up-to-date: /home/chen/sentry_try/sentry_ws/install/fast_lio/lib/libfast_lio__rosidl_typesupport_introspection_cpp.so
[4.992s] -- Up-to-date: /home/chen/sentry_try/sentry_ws/install/fast_lio/lib/libfast_lio__rosidl_typesupport_cpp.so
[4.992s] -- Up-to-date: /home/chen/sentry_try/sentry_ws/install/fast_lio/share/fast_lio/environment/pythonpath.sh
[4.992s] -- Installing: /home/chen/sentry_try/sentry_ws/install/fast_lio/share/fast_lio/environment/pythonpath.dsv
[4.993s] -- Up-to-date: /home/chen/sentry_try/sentry_ws/install/fast_lio/local/lib/python3.10/dist-packages/fast_lio-0.0.0-py3.10.egg-info
[4.995s] -- Installing: /home/chen/sentry_try/sentry_ws/install/fast_lio/local/lib/python3.10/dist-packages/fast_lio-0.0.0-py3.10.egg-info/top_level.txt
[4.995s] -- Installing: /home/chen/sentry_try/sentry_ws/install/fast_lio/local/lib/python3.10/dist-packages/fast_lio-0.0.0-py3.10.egg-info/PKG-INFO
[4.995s] -- Installing: /home/chen/sentry_try/sentry_ws/install/fast_lio/local/lib/python3.10/dist-packages/fast_lio-0.0.0-py3.10.egg-info/SOURCES.txt
[4.996s] -- Installing: /home/chen/sentry_try/sentry_ws/install/fast_lio/local/lib/python3.10/dist-packages/fast_lio-0.0.0-py3.10.egg-info/dependency_links.txt
[4.996s] -- Up-to-date: /home/chen/sentry_try/sentry_ws/install/fast_lio/local/lib/python3.10/dist-packages/fast_lio
[4.998s] -- Up-to-date: /home/chen/sentry_try/sentry_ws/install/fast_lio/local/lib/python3.10/dist-packages/fast_lio/_fast_lio_s.ep.rosidl_typesupport_fastrtps_c.c
[4.998s] -- Up-to-date: /home/chen/sentry_try/sentry_ws/install/fast_lio/local/lib/python3.10/dist-packages/fast_lio/_fast_lio_s.ep.rosidl_typesupport_introspection_c.c
[4.998s] -- Up-to-date: /home/chen/sentry_try/sentry_ws/install/fast_lio/local/lib/python3.10/dist-packages/fast_lio/fast_lio_s__rosidl_typesupport_fastrtps_c.cpython-310-x86_64-linux-gnu.so
[4.998s] -- Up-to-date: /home/chen/sentry_try/sentry_ws/install/fast_lio/local/lib/python3.10/dist-packages/fast_lio/libfast_lio__rosidl_generator_py.so
[4.998s] -- Up-to-date: /home/chen/sentry_try/sentry_ws/install/fast_lio/local/lib/python3.10/dist-packages/fast_lio/msg
[4.998s] -- Up-to-date: /home/chen/sentry_try/sentry_ws/install/fast_lio/local/lib/python3.10/dist-packages/fast_lio/msg/_pose6_d_s.c
[4.998s] -- Up-to-date: /home/chen/sentry_try/sentry_ws/install/fast_lio/local/lib/python3.10/dist-packages/fast_lio/msg/_pose6_d.py
[4.998s] -- Up-to-date: /home/chen/sentry_try/sentry_ws/install/fast_lio/local/lib/python3.10/dist-packages/fast_lio/msg/__init__.py
[4.998s] -- Up-to-date: /home/chen/sentry_try/sentry_ws/install/fast_lio/local/lib/python3.10/dist-packages/fast_lio/fast_lio_s__rosidl_typesupport_introspection_c.cpython-310-x86_64-linux-gnu.so
[4.998s] -- Up-to-date: /home/chen/sentry_try/sentry_ws/install/fast_lio/local/lib/python3.10/dist-packages/fast_lio/fast_lio_s__rosidl_typesupport_c.cpython-310-x86_64-linux-gnu.so
[4.999s] -- Up-to-date: /home/chen/sentry_try/sentry_ws/install/fast_lio/local/lib/python3.10/dist-packages/fast_lio/_fast_lio_s.ep.rosidl_typesupport_c.c
[4.999s] -- Installing: /home/chen/sentry_try/sentry_ws/install/fast_lio/local/lib/python3.10/dist-packages/fast_lio/__init__.py
[5.026s] Listing '/home/chen/sentry_try/sentry_ws/install/fast_lio/local/lib/python3.10/dist-packages/fast_lio'...
[5.026s] Compiling '/home/chen/sentry_try/sentry_ws/install/fast_lio/local/lib/python3.10/dist-packages/fast_lio/__init__.py'...
[5.026s] Listing '/home/chen/sentry_try/sentry_ws/install/fast_lio/local/lib/python3.10/dist-packages/fast_lio/msg'...
[5.031s] -- Up-to-date: /home/chen/sentry_try/sentry_ws/install/fast_lio/local/lib/python3.10/dist-packages/fast_lio/fast_lio_s__rosidl_typesupport_fastrtps_c.cpython-310-x86_64-linux-gnu.so
[5.032s] -- Up-to-date: /home/chen/sentry_try/sentry_ws/install/fast_lio/local/lib/python3.10/dist-packages/fast_lio/fast_lio_s__rosidl_typesupport_introspection_c.cpython-310-x86_64-linux-gnu.so
[5.034s] -- Up-to-date: /home/chen/sentry_try/sentry_ws/install/fast_lio/local/lib/python3.10/dist-packages/fast_lio/fast_lio_s__rosidl_typesupport_c.cpython-310-x86_64-linux-gnu.so
[5.037s] -- Up-to-date: /home/chen/sentry_try/sentry_ws/install/fast_lio/lib/libfast_lio__rosidl_generator_py.so
[5.039s] -- Up-to-date: /home/chen/sentry_try/sentry_ws/install/fast_lio/share/ament_index/resource_index/rust_packages/fast_lio
[5.039s] -- Up-to-date: /home/chen/sentry_try/sentry_ws/install/fast_lio/share/fast_lio/rust
[5.039s] -- Up-to-date: /home/chen/sentry_try/sentry_ws/install/fast_lio/share/fast_lio/rust/Cargo.toml
[5.039s] -- Up-to-date: /home/chen/sentry_try/sentry_ws/install/fast_lio/share/fast_lio/rust/build.rs
[5.039s] -- Up-to-date: /home/chen/sentry_try/sentry_ws/install/fast_lio/share/fast_lio/rust/src
[5.041s] -- Up-to-date: /home/chen/sentry_try/sentry_ws/install/fast_lio/share/fast_lio/rust/src/msg
[5.042s] -- Up-to-date: /home/chen/sentry_try/sentry_ws/install/fast_lio/share/fast_lio/rust/src/msg/rmw.rs
[5.042s] -- Up-to-date: /home/chen/sentry_try/sentry_ws/install/fast_lio/share/fast_lio/rust/src/msg.rs
[5.042s] -- Up-to-date: /home/chen/sentry_try/sentry_ws/install/fast_lio/share/fast_lio/rust/src/lib.rs
[5.042s] -- Up-to-date: /home/chen/sentry_try/sentry_ws/install/fast_lio/share/fast_lio/msg/Pose6D.idl
[5.042s] -- Up-to-date: /home/chen/sentry_try/sentry_ws/install/fast_lio/share/fast_lio/msg/Pose6D.msg
[5.042s] -- Installing: /home/chen/sentry_try/sentry_ws/install/fast_lio/lib/fast_lio/fastlio_mapping
[5.046s] -- Set runtime path of "/home/chen/sentry_try/sentry_ws/install/fast_lio/lib/fast_lio/fastlio_mapping" to ""
[5.046s] -- Up-to-date: /home/chen/sentry_try/sentry_ws/install/fast_lio/share/fast_lio/config
[5.048s] -- Up-to-date: /home/chen/sentry_try/sentry_ws/install/fast_lio/share/fast_lio/config/horizon.yaml
[5.048s] -- Up-to-date: /home/chen/sentry_try/sentry_ws/install/fast_lio/share/fast_lio/config/ouster64.yaml
[5.048s] -- Up-to-date: /home/chen/sentry_try/sentry_ws/install/fast_lio/share/fast_lio/config/velodyne.yaml
[5.048s] -- Up-to-date: /home/chen/sentry_try/sentry_ws/install/fast_lio/share/fast_lio/config/mid360.yaml
[5.048s] -- Up-to-date: /home/chen/sentry_try/sentry_ws/install/fast_lio/share/fast_lio/config/avia.yaml
[5.048s] -- Up-to-date: /home/chen/sentry_try/sentry_ws/install/fast_lio/share/fast_lio/launch
[5.050s] -- Up-to-date: /home/chen/sentry_try/sentry_ws/install/fast_lio/share/fast_lio/launch/mapping.launch.py
[5.050s] -- Up-to-date: /home/chen/sentry_try/sentry_ws/install/fast_lio/share/fast_lio/launch/gdb_debug_example.launch
[5.050s] -- Up-to-date: /home/chen/sentry_try/sentry_ws/install/fast_lio/share/fast_lio/rviz
[5.053s] -- Up-to-date: /home/chen/sentry_try/sentry_ws/install/fast_lio/share/fast_lio/rviz/fastlio.rviz
[5.053s] -- Up-to-date: /home/chen/sentry_try/sentry_ws/install/fast_lio/share/ament_index/resource_index/package_run_dependencies/fast_lio
[5.053s] -- Installing: /home/chen/sentry_try/sentry_ws/install/fast_lio/share/ament_index/resource_index/parent_prefix_path/fast_lio
[5.053s] -- Up-to-date: /home/chen/sentry_try/sentry_ws/install/fast_lio/share/fast_lio/environment/ament_prefix_path.sh
[5.053s] -- Installing: /home/chen/sentry_try/sentry_ws/install/fast_lio/share/fast_lio/environment/ament_prefix_path.dsv
[5.054s] -- Up-to-date: /home/chen/sentry_try/sentry_ws/install/fast_lio/share/fast_lio/environment/path.sh
[5.054s] -- Installing: /home/chen/sentry_try/sentry_ws/install/fast_lio/share/fast_lio/environment/path.dsv
[5.054s] -- Up-to-date: /home/chen/sentry_try/sentry_ws/install/fast_lio/share/fast_lio/local_setup.bash
[5.054s] -- Up-to-date: /home/chen/sentry_try/sentry_ws/install/fast_lio/share/fast_lio/local_setup.sh
[5.054s] -- Up-to-date: /home/chen/sentry_try/sentry_ws/install/fast_lio/share/fast_lio/local_setup.zsh
[5.054s] -- Installing: /home/chen/sentry_try/sentry_ws/install/fast_lio/share/fast_lio/local_setup.dsv
[5.054s] -- Installing: /home/chen/sentry_try/sentry_ws/install/fast_lio/share/fast_lio/package.dsv
[5.056s] -- Up-to-date: /home/chen/sentry_try/sentry_ws/install/fast_lio/share/ament_index/resource_index/packages/fast_lio
[5.059s] -- Up-to-date: /home/chen/sentry_try/sentry_ws/install/fast_lio/share/fast_lio/cmake/export_fast_lio__rosidl_generator_cExport.cmake
[5.059s] -- Up-to-date: /home/chen/sentry_try/sentry_ws/install/fast_lio/share/fast_lio/cmake/export_fast_lio__rosidl_generator_cExport-release.cmake
[5.059s] -- Up-to-date: /home/chen/sentry_try/sentry_ws/install/fast_lio/share/fast_lio/cmake/export_fast_lio__rosidl_typesupport_fastrtps_cExport.cmake
[5.059s] -- Up-to-date: /home/chen/sentry_try/sentry_ws/install/fast_lio/share/fast_lio/cmake/export_fast_lio__rosidl_typesupport_fastrtps_cExport-release.cmake
[5.061s] -- Up-to-date: /home/chen/sentry_try/sentry_ws/install/fast_lio/share/fast_lio/cmake/export_fast_lio__rosidl_generator_cppExport.cmake
[5.062s] -- Up-to-date: /home/chen/sentry_try/sentry_ws/install/fast_lio/share/fast_lio/cmake/export_fast_lio__rosidl_typesupport_fastrtps_cppExport.cmake
[5.062s] -- Up-to-date: /home/chen/sentry_try/sentry_ws/install/fast_lio/share/fast_lio/cmake/export_fast_lio__rosidl_typesupport_fastrtps_cppExport-release.cmake
[5.064s] -- Up-to-date: /home/chen/sentry_try/sentry_ws/install/fast_lio/share/fast_lio/cmake/fast_lio__rosidl_typesupport_introspection_cExport.cmake
[5.064s] -- Up-to-date: /home/chen/sentry_try/sentry_ws/install/fast_lio/share/fast_lio/cmake/fast_lio__rosidl_typesupport_introspection_cExport-release.cmake
[5.064s] -- Up-to-date: /home/chen/sentry_try/sentry_ws/install/fast_lio/share/fast_lio/cmake/fast_lio__rosidl_typesupport_cExport.cmake
[5.064s] -- Up-to-date: /home/chen/sentry_try/sentry_ws/install/fast_lio/share/fast_lio/cmake/fast_lio__rosidl_typesupport_cExport-release.cmake
[5.065s] -- Up-to-date: /home/chen/sentry_try/sentry_ws/install/fast_lio/share/fast_lio/cmake/fast_lio__rosidl_typesupport_introspection_cppExport.cmake
[5.065s] -- Up-to-date: /home/chen/sentry_try/sentry_ws/install/fast_lio/share/fast_lio/cmake/fast_lio__rosidl_typesupport_introspection_cppExport-release.cmake
[5.067s] -- Up-to-date: /home/chen/sentry_try/sentry_ws/install/fast_lio/share/fast_lio/cmake/fast_lio__rosidl_typesupport_cppExport.cmake
[5.067s] -- Up-to-date: /home/chen/sentry_try/sentry_ws/install/fast_lio/share/fast_lio/cmake/fast_lio__rosidl_typesupport_cppExport-release.cmake
[5.068s] -- Up-to-date: /home/chen/sentry_try/sentry_ws/install/fast_lio/share/fast_lio/cmake/export_fast_lio__rosidl_generator_pyExport.cmake
[5.068s] -- Up-to-date: /home/chen/sentry_try/sentry_ws/install/fast_lio/share/fast_lio/cmake/export_fast_lio__rosidl_generator_pyExport-release.cmake
[5.068s] -- Up-to-date: /home/chen/sentry_try/sentry_ws/install/fast_lio/share/fast_lio/cmake/rosidl_cmake-extras.cmake
[5.068s] -- Up-to-date: /home/chen/sentry_try/sentry_ws/install/fast_lio/share/fast_lio/cmake/ament_cmake_export_include_directories-extras.cmake
[5.068s] -- Up-to-date: /home/chen/sentry_try/sentry_ws/install/fast_lio/share/fast_lio/cmake/ament_cmake_export_libraries-extras.cmake
[5.068s] -- Up-to-date: /home/chen/sentry_try/sentry_ws/install/fast_lio/share/fast_lio/cmake/ament_cmake_export_targets-extras.cmake
[5.068s] -- Up-to-date: /home/chen/sentry_try/sentry_ws/install/fast_lio/share/fast_lio/cmake/rosidl_cmake_export_typesupport_targets-extras.cmake
[5.068s] -- Up-to-date: /home/chen/sentry_try/sentry_ws/install/fast_lio/share/fast_lio/cmake/ament_cmake_export_dependencies-extras.cmake
[5.068s] -- Up-to-date: /home/chen/sentry_try/sentry_ws/install/fast_lio/share/fast_lio/cmake/rosidl_cmake_export_typesupport_libraries-extras.cmake
[5.068s] -- Installing: /home/chen/sentry_try/sentry_ws/install/fast_lio/share/fast_lio/cmake/rosidl_cmake_aggregate_target-extras.cmake
[5.068s] -- Installing: /home/chen/sentry_try/sentry_ws/install/fast_lio/share/fast_lio/cmake/fast_lioConfig.cmake
[5.068s] -- Up-to-date: /home/chen/sentry_try/sentry_ws/install/fast_lio/share/fast_lio/cmake/fast_lioConfig-version.cmake
[5.068s] -- Up-to-date: /home/chen/sentry_try/sentry_ws/install/fast_lio/share/fast_lio/package.xml
[5.071s] Invoked command in '/home/chen/sentry_try/sentry_ws/build/fast_lio' returned '0': AMENT_PREFIX_PATH=/home/chen/sentry_try/sentry_ws/install/livox_ros_driver2:${AMENT_PREFIX_PATH} CMAKE_PREFIX_PATH=/home/chen/sentry_try/sentry_ws/install/livox_ros_driver2:/opt/ros/humble LD_LIBRARY_PATH=/home/chen/sentry_try/sentry_ws/install/livox_ros_driver2/lib:${LD_LIBRARY_PATH} PYTHONPATH=/home/chen/sentry_try/sentry_ws/install/livox_ros_driver2/local/lib/python3.10/dist-packages:${PYTHONPATH} /usr/bin/cmake --install /home/chen/sentry_try/sentry_ws/build/fast_lio
