[0.007s] Invoking command in '/home/chen/sentry_try/sentry_ws/build/serial_comm': CMAKE_PREFIX_PATH=/opt/ros/humble /usr/bin/cmake /home/chen/sentry_try/sentry_ws/src/serial_comm -DCMAKE_INSTALL_PREFIX=/home/chen/sentry_try/sentry_ws/install/serial_comm
[0.014s] -- Found ament_cmake: 1.3.14 (/opt/ros/humble/share/ament_cmake/cmake)
[0.096s] -- Found rclcpp: 16.0.19 (/opt/ros/humble/share/rclcpp/cmake)
[0.115s] -- Found rosidl_generator_c: 3.1.8 (/opt/ros/humble/share/rosidl_generator_c/cmake)
[0.116s] -- Found rosidl_adapter: 3.1.8 (/opt/ros/humble/share/rosidl_adapter/cmake)
[0.120s] -- Found rosidl_generator_cpp: 3.1.8 (/opt/ros/humble/share/rosidl_generator_cpp/cmake)
[0.126s] -- Using all available rosidl_typesupport_c: rosidl_typesupport_fastrtps_c;rosidl_typesupport_introspection_c
[0.133s] -- Using all available rosidl_typesupport_cpp: rosidl_typesupport_fastrtps_cpp;rosidl_typesupport_introspection_cpp
[0.155s] -- Found rmw_implementation_cmake: 6.1.2 (/opt/ros/humble/share/rmw_implementation_cmake/cmake)
[0.156s] -- Found rmw_fastrtps_cpp: 6.2.10 (/opt/ros/humble/share/rmw_fastrtps_cpp/cmake)
[0.242s] -- Using RMW implementation 'rmw_fastrtps_cpp' as default
[0.271s] -- Found geometry_msgs: 4.9.1 (/opt/ros/humble/share/geometry_msgs/cmake)
[0.288s] [31mCMake Error at CMakeLists.txt:15 (find_package):
[0.288s]   By not providing "Findsentry_msgs.cmake" in CMAKE_MODULE_PATH this project
[0.288s]   has asked CMake to find a package configuration file provided by
[0.288s]   "sentry_msgs", but CMake did not find one.
[0.288s] 
[0.288s]   Could not find a package configuration file provided by "sentry_msgs" with
[0.288s]   any of the following names:
[0.288s] 
[0.288s]     sentry_msgsConfig.cmake
[0.288s]     sentry_msgs-config.cmake
[0.288s] 
[0.289s]   Add the installation prefix of "sentry_msgs" to CMAKE_PREFIX_PATH or set
[0.289s]   "sentry_msgs_DIR" to a directory containing one of the above files.  If
[0.289s]   "sentry_msgs" provides a separate development package or SDK, be sure it
[0.289s]   has been installed.
[0.289s] 
[0.289s] [0m
[0.289s] -- Configuring incomplete, errors occurred!
[0.289s] See also "/home/chen/sentry_try/sentry_ws/build/serial_comm/CMakeFiles/CMakeOutput.log".
[0.294s] Invoked command in '/home/chen/sentry_try/sentry_ws/build/serial_comm' returned '1': CMAKE_PREFIX_PATH=/opt/ros/humble /usr/bin/cmake /home/chen/sentry_try/sentry_ws/src/serial_comm -DCMAKE_INSTALL_PREFIX=/home/chen/sentry_try/sentry_ws/install/serial_comm
