[0.022s] Invoking command in '/home/chen/sentry_try/sentry_ws/build/lightning': AMENT_PREFIX_PATH=/home/chen/sentry_try/sentry_ws/install/rm_referee_msgs:${AMENT_PREFIX_PATH} CMAKE_PREFIX_PATH=/home/chen/sentry_try/sentry_ws/install/rm_referee_msgs:/opt/ros/humble LD_LIBRARY_PATH=/home/chen/sentry_try/sentry_ws/install/rm_referee_msgs/lib:${LD_LIBRARY_PATH} PYTHONPATH=/home/chen/sentry_try/sentry_ws/install/rm_referee_msgs/local/lib/python3.10/dist-packages:${PYTHONPATH} /usr/bin/cmake /home/chen/sentry_try/sentry_ws/src/lightning-lm -DCMAKE_INSTALL_PREFIX=/home/chen/sentry_try/sentry_ws/install/lightning
[0.086s] -- Eigen found (include: /usr/include/eigen3, version: 3.4.0)
[0.164s] -- FLANN found (include: /usr/include, lib: /usr/lib/x86_64-linux-gnu/libflann_cpp.so)
[0.218s] -- Found OpenGL: /usr/lib/x86_64-linux-gnu/libOpenGL.so  found components: OpenGL GLX 
[0.772s] -- OpenNI found (version: 1.5.4.0, include: /usr/include/ni, lib: /usr/lib/libOpenNI.so;libusb::libusb)
[0.781s] -- OpenNI2 found (version: 2.2.0.33, include: /usr/include/openni2, lib: /usr/lib/x86_64-linux-gnu/libOpenNI2.so;libusb::libusb)
[0.781s] [0m** WARNING ** io features related to pcap will be disabled[0m
[0.885s] -- Eigen found (include: /usr/include/eigen3, version: 3.4.0)
[0.890s] -- OpenNI found (version: 1.5.4.0, include: /usr/include/ni, lib: /usr/lib/libOpenNI.so;libusb::libusb)
[0.897s] -- OpenNI2 found (version: 2.2.0.33, include: /usr/include/openni2, lib: /usr/lib/x86_64-linux-gnu/libOpenNI2.so;libusb::libusb)
[1.006s] -- Found Qhull version 8.0.2
[1.110s] -- OpenNI found (version: 1.5.4.0, include: /usr/include/ni, lib: /usr/lib/libOpenNI.so;libusb::libusb)
[1.214s] -- looking for PCL_COMMON
[1.214s] -- looking for PCL_KDTREE
[1.214s] -- looking for PCL_OCTREE
[1.214s] -- looking for PCL_SEARCH
[1.214s] -- looking for PCL_SAMPLE_CONSENSUS
[1.214s] -- looking for PCL_FILTERS
[1.214s] -- looking for PCL_2D
[1.214s] -- looking for PCL_GEOMETRY
[1.215s] -- looking for PCL_IO
[1.215s] -- looking for PCL_FEATURES
[1.215s] -- looking for PCL_ML
[1.215s] -- looking for PCL_SEGMENTATION
[1.215s] -- looking for PCL_VISUALIZATION
[1.215s] -- looking for PCL_SURFACE
[1.216s] -- looking for PCL_REGISTRATION
[1.216s] -- looking for PCL_KEYPOINTS
[1.216s] -- looking for PCL_TRACKING
[1.216s] -- looking for PCL_RECOGNITION
[1.216s] -- looking for PCL_STEREO
[1.216s] -- looking for PCL_APPS
[1.217s] -- looking for PCL_IN_HAND_SCANNER
[1.217s] -- looking for PCL_MODELER
[1.217s] -- looking for PCL_POINT_CLOUD_EDITOR
[1.217s] -- looking for PCL_OUTOFCORE
[1.217s] -- looking for PCL_PEOPLE
[1.231s] -- Found OpenGL: /usr/lib/x86_64-linux-gnu/libOpenGL.so  found components: OpenGL 
[1.232s] -- Found OpenGL: /usr/lib/x86_64-linux-gnu/libOpenGL.so   
[1.233s] -- Found pcl_conversions: 2.4.5 (/opt/ros/humble/share/pcl_conversions/cmake)
[1.345s] -- Found rosidl_generator_c: 3.1.9 (/opt/ros/humble/share/rosidl_generator_c/cmake)
[1.347s] -- Found rosidl_adapter: 3.1.9 (/opt/ros/humble/share/rosidl_adapter/cmake)
[1.351s] -- Found rosidl_generator_cpp: 3.1.9 (/opt/ros/humble/share/rosidl_generator_cpp/cmake)
[1.356s] -- Using all available rosidl_typesupport_c: rosidl_typesupport_fastrtps_c;rosidl_typesupport_introspection_c
[1.365s] -- Using all available rosidl_typesupport_cpp: rosidl_typesupport_fastrtps_cpp;rosidl_typesupport_introspection_cpp
[1.465s] -- Found rmw_implementation_cmake: 6.1.2 (/opt/ros/humble/share/rmw_implementation_cmake/cmake)
[1.476s] -- Found rmw_fastrtps_cpp: 6.2.10 (/opt/ros/humble/share/rmw_fastrtps_cpp/cmake)
[1.638s] -- Using RMW implementation 'rmw_fastrtps_cpp' as default
[1.720s] -- Found nav_msgs: 4.9.1 (/opt/ros/humble/share/nav_msgs/cmake)
[1.737s] -- Found std_srvs: 4.9.1 (/opt/ros/humble/share/std_srvs/cmake)
[1.749s] -- Found tf2: 0.25.20 (/opt/ros/humble/share/tf2/cmake)
[1.752s] -- Found tf2_ros: 0.25.20 (/opt/ros/humble/share/tf2_ros/cmake)
[1.815s] -- Found rosbag2_cpp: 0.15.16 (/opt/ros/humble/share/rosbag2_cpp/cmake)
[1.833s] -- Found rosidl_default_generators: 1.2.1 (/opt/ros/humble/share/rosidl_default_generators/cmake)
[1.841s] -- Found rm_referee_msgs: 0.0.0 (/home/chen/sentry_try/sentry_ws/install/rm_referee_msgs/share/rm_referee_msgs/cmake)
[2.074s] -- Found ament_cmake_ros: 0.10.0 (/opt/ros/humble/share/ament_cmake_ros/cmake)
[2.389s] -- Using all available rosidl_typesupport_c: rosidl_typesupport_fastrtps_c;rosidl_typesupport_introspection_c
[2.511s] -- Using all available rosidl_typesupport_cpp: rosidl_typesupport_fastrtps_cpp;rosidl_typesupport_introspection_cpp
[2.527s] -- Found python_cmake_module: 0.10.0 (/opt/ros/humble/share/python_cmake_module/cmake)
[2.544s] -- Using PYTHON_EXECUTABLE: /usr/bin/python3
[2.544s] -- Using PYTHON_INCLUDE_DIRS: /usr/include/python3.10
[2.545s] -- Using PYTHON_LIBRARIES: /usr/lib/x86_64-linux-gnu/libpython3.10.so
[2.642s] -- livox_ros_driver2 version: 2.6.0
[2.642s] -- Found ament_cmake_auto: 1.3.14 (/opt/ros/humble/share/ament_cmake_auto/cmake)
[2.657s] [0m/usr/include/apr-1.0[0m
[2.657s] [0mapr-1[0m
[3.030s] -- Using all available rosidl_typesupport_c: rosidl_typesupport_fastrtps_c;rosidl_typesupport_introspection_c
[3.121s] -- Using all available rosidl_typesupport_cpp: rosidl_typesupport_fastrtps_cpp;rosidl_typesupport_introspection_cpp
[3.152s] -- Using PYTHON_EXECUTABLE: /usr/bin/python3
[3.152s] -- Using PYTHON_INCLUDE_DIRS: /usr/include/python3.10
[3.153s] -- Using PYTHON_LIBRARIES: /usr/lib/x86_64-linux-gnu/libpython3.10.so
[3.240s] -- Configuring done
[3.932s] -- Generating done
[3.994s] -- Build files have been written to: /home/chen/sentry_try/sentry_ws/build/lightning
[4.020s] Invoked command in '/home/chen/sentry_try/sentry_ws/build/lightning' returned '0': AMENT_PREFIX_PATH=/home/chen/sentry_try/sentry_ws/install/rm_referee_msgs:${AMENT_PREFIX_PATH} CMAKE_PREFIX_PATH=/home/chen/sentry_try/sentry_ws/install/rm_referee_msgs:/opt/ros/humble LD_LIBRARY_PATH=/home/chen/sentry_try/sentry_ws/install/rm_referee_msgs/lib:${LD_LIBRARY_PATH} PYTHONPATH=/home/chen/sentry_try/sentry_ws/install/rm_referee_msgs/local/lib/python3.10/dist-packages:${PYTHONPATH} /usr/bin/cmake /home/chen/sentry_try/sentry_ws/src/lightning-lm -DCMAKE_INSTALL_PREFIX=/home/chen/sentry_try/sentry_ws/install/lightning
[4.021s] Invoking command in '/home/chen/sentry_try/sentry_ws/build/lightning': AMENT_PREFIX_PATH=/home/chen/sentry_try/sentry_ws/install/rm_referee_msgs:${AMENT_PREFIX_PATH} CMAKE_PREFIX_PATH=/home/chen/sentry_try/sentry_ws/install/rm_referee_msgs:/opt/ros/humble LD_LIBRARY_PATH=/home/chen/sentry_try/sentry_ws/install/rm_referee_msgs/lib:${LD_LIBRARY_PATH} PYTHONPATH=/home/chen/sentry_try/sentry_ws/install/rm_referee_msgs/local/lib/python3.10/dist-packages:${PYTHONPATH} /usr/bin/cmake --build /home/chen/sentry_try/sentry_ws/build/lightning -- -j16 -l16
[4.059s] [35m[1mConsolidate compiler generated dependencies of target lightning__rosidl_generator_c[0m
[4.059s] [35m[1mConsolidate compiler generated dependencies of target livox_interfaces2__rosidl_generator_c[0m
[4.059s] [35m[1mConsolidate compiler generated dependencies of target miao.utils[0m
[4.067s] [  1%] Built target livox_interfaces2__rs
[4.068s] [  1%] Built target lightning__rs
[4.068s] [  2%] Built target livox_interfaces2__cpp
[4.068s] [  6%] Built target livox_interfaces2__rosidl_generator_c
[4.068s] [  8%] Built target lightning__rosidl_generator_c
[4.068s] [  9%] Built target lightning__cpp
[4.075s] [35m[1mConsolidate compiler generated dependencies of target miao.core[0m
[4.078s] [35m[1mConsolidate compiler generated dependencies of target lightning__rosidl_typesupport_c[0m
[4.078s] [35m[1mConsolidate compiler generated dependencies of target livox_interfaces2__rosidl_typesupport_cpp[0m
[4.078s] [35m[1mConsolidate compiler generated dependencies of target lightning__rosidl_typesupport_introspection_c[0m
[4.078s] [35m[1mConsolidate compiler generated dependencies of target lightning__rosidl_typesupport_introspection_cpp[0m
[4.078s] [35m[1mConsolidate compiler generated dependencies of target livox_interfaces2__rosidl_typesupport_introspection_cpp[0m
[4.078s] [35m[1mConsolidate compiler generated dependencies of target lightning__rosidl_typesupport_fastrtps_c[0m
[4.078s] [35m[1mConsolidate compiler generated dependencies of target livox_interfaces2__rosidl_typesupport_fastrtps_c[0m
[4.078s] [35m[1mConsolidate compiler generated dependencies of target lightning__rosidl_typesupport_fastrtps_cpp[0m
[4.079s] [35m[1mConsolidate compiler generated dependencies of target livox_interfaces2__rosidl_typesupport_fastrtps_cpp[0m
[4.080s] [35m[1mConsolidate compiler generated dependencies of target livox_interfaces2__rosidl_typesupport_introspection_c[0m
[4.081s] [35m[1mConsolidate compiler generated dependencies of target lightning__rosidl_typesupport_cpp[0m
[4.081s] [35m[1mConsolidate compiler generated dependencies of target livox_interfaces2__rosidl_typesupport_c[0m
[4.085s] [ 10%] Built target ament_cmake_python_copy_livox_ros_driver2
[4.085s] [ 10%] Built target ament_cmake_python_copy_lightning
[4.085s] [ 10%] Built target miao.utils
[4.093s] [ 24%] Built target lightning__rosidl_typesupport_fastrtps_cpp
[4.093s] [ 21%] Built target livox_interfaces2__rosidl_typesupport_fastrtps_cpp
[4.093s] [ 25%] Built target livox_interfaces2__rosidl_typesupport_fastrtps_c
[4.093s] [ 25%] Built target lightning__rosidl_typesupport_introspection_c
[4.094s] [ 21%] Built target livox_interfaces2__rosidl_typesupport_introspection_cpp
[4.095s] [ 39%] Built target lightning__rosidl_typesupport_fastrtps_c
[4.095s] [ 41%] Built target livox_interfaces2__rosidl_typesupport_cpp
[4.095s] [ 41%] Built target livox_interfaces2__rosidl_typesupport_introspection_c
[4.095s] [ 41%] Built target lightning__rosidl_typesupport_c
[4.095s] [ 41%] Built target lightning__rosidl_typesupport_introspection_cpp
[4.095s] [ 43%] Built target livox_interfaces2__rosidl_typesupport_c
[4.096s] [ 46%] Built target lightning__rosidl_typesupport_cpp
[4.103s] [ 53%] Built target miao.core
[4.110s] [ 53%] Built target livox_interfaces2
[4.113s] [ 53%] Built target lightning
[4.131s] [ 54%] Built target livox_interfaces2__py
[4.131s] [ 54%] Built target lightning__py
[4.140s] [35m[1mConsolidate compiler generated dependencies of target livox_interfaces2__rosidl_generator_py[0m
[4.155s] [ 56%] Built target livox_interfaces2__rosidl_generator_py
[4.163s] [35m[1mConsolidate compiler generated dependencies of target livox_ros_driver2__rosidl_typesupport_introspection_c__pyext[0m
[4.163s] [35m[1mConsolidate compiler generated dependencies of target livox_ros_driver2__rosidl_typesupport_fastrtps_c__pyext[0m
[4.164s] [35m[1mConsolidate compiler generated dependencies of target livox_ros_driver2__rosidl_typesupport_c__pyext[0m
[4.165s] [35m[1mConsolidate compiler generated dependencies of target lightning__rosidl_generator_py[0m
[4.173s] [ 60%] Built target livox_ros_driver2__rosidl_typesupport_fastrtps_c__pyext
[4.173s] [ 61%] Built target livox_ros_driver2__rosidl_typesupport_c__pyext
[4.173s] [ 61%] Built target livox_ros_driver2__rosidl_typesupport_introspection_c__pyext
[4.176s] [ 63%] Built target lightning__rosidl_generator_py
[4.185s] [35m[1mConsolidate compiler generated dependencies of target lightning__rosidl_typesupport_fastrtps_c__pyext[0m
[4.185s] [35m[1mConsolidate compiler generated dependencies of target lightning__rosidl_typesupport_c__pyext[0m
[4.185s] [35m[1mConsolidate compiler generated dependencies of target lightning__rosidl_typesupport_introspection_c__pyext[0m
[4.195s] [ 66%] Built target lightning__rosidl_typesupport_introspection_c__pyext
[4.195s] [ 66%] Built target lightning__rosidl_typesupport_c__pyext
[4.195s] [ 66%] Built target lightning__rosidl_typesupport_fastrtps_c__pyext
[4.216s] [35m[1mConsolidate compiler generated dependencies of target lightning.libs[0m
[4.273s] running egg_info
[4.273s] running egg_info
[4.273s] writing livox_ros_driver2.egg-info/PKG-INFO
[4.273s] writing lightning.egg-info/PKG-INFO
[4.273s] writing dependency_links to livox_ros_driver2.egg-info/dependency_links.txt
[4.273s] writing dependency_links to lightning.egg-info/dependency_links.txt
[4.274s] writing top-level names to livox_ros_driver2.egg-info/top_level.txt
[4.274s] writing top-level names to lightning.egg-info/top_level.txt
[4.275s] reading manifest file 'livox_ros_driver2.egg-info/SOURCES.txt'
[4.275s] reading manifest file 'lightning.egg-info/SOURCES.txt'
[4.275s] writing manifest file 'livox_ros_driver2.egg-info/SOURCES.txt'
[4.276s] writing manifest file 'lightning.egg-info/SOURCES.txt'
[4.298s] [ 66%] Built target ament_cmake_python_build_lightning_egg
[4.298s] [ 66%] Built target ament_cmake_python_build_livox_ros_driver2_egg
[4.652s] [ 89%] Built target lightning.libs
[4.663s] [35m[1mConsolidate compiler generated dependencies of target test_ui[0m
[4.663s] [35m[1mConsolidate compiler generated dependencies of target run_slam_online[0m
[4.663s] [35m[1mConsolidate compiler generated dependencies of target run_loc_online[0m
[4.664s] [35m[1mConsolidate compiler generated dependencies of target run_loop_offline[0m
[4.664s] [35m[1mConsolidate compiler generated dependencies of target run_slam_offline[0m
[4.664s] [35m[1mConsolidate compiler generated dependencies of target run_loc_offline[0m
[4.664s] [35m[1mConsolidate compiler generated dependencies of target run_frontend_offline[0m
[4.687s] [ 91%] Built target test_ui
[4.688s] [ 92%] Built target run_slam_online
[4.689s] [ 93%] Built target run_loc_offline
[4.689s] [ 94%] Built target run_loop_offline
[4.689s] [ 96%] Built target run_frontend_offline
[4.695s] [ 99%] Built target run_slam_offline
[4.695s] [100%] Built target run_loc_online
[4.707s] Invoked command in '/home/chen/sentry_try/sentry_ws/build/lightning' returned '0': AMENT_PREFIX_PATH=/home/chen/sentry_try/sentry_ws/install/rm_referee_msgs:${AMENT_PREFIX_PATH} CMAKE_PREFIX_PATH=/home/chen/sentry_try/sentry_ws/install/rm_referee_msgs:/opt/ros/humble LD_LIBRARY_PATH=/home/chen/sentry_try/sentry_ws/install/rm_referee_msgs/lib:${LD_LIBRARY_PATH} PYTHONPATH=/home/chen/sentry_try/sentry_ws/install/rm_referee_msgs/local/lib/python3.10/dist-packages:${PYTHONPATH} /usr/bin/cmake --build /home/chen/sentry_try/sentry_ws/build/lightning -- -j16 -l16
[4.709s] Invoking command in '/home/chen/sentry_try/sentry_ws/build/lightning': AMENT_PREFIX_PATH=/home/chen/sentry_try/sentry_ws/install/rm_referee_msgs:${AMENT_PREFIX_PATH} CMAKE_PREFIX_PATH=/home/chen/sentry_try/sentry_ws/install/rm_referee_msgs:/opt/ros/humble LD_LIBRARY_PATH=/home/chen/sentry_try/sentry_ws/install/rm_referee_msgs/lib:${LD_LIBRARY_PATH} PYTHONPATH=/home/chen/sentry_try/sentry_ws/install/rm_referee_msgs/local/lib/python3.10/dist-packages:${PYTHONPATH} /usr/bin/cmake --install /home/chen/sentry_try/sentry_ws/build/lightning
[4.716s] -- Install configuration: "Release"
[4.716s] -- Up-to-date: /home/chen/sentry_try/sentry_ws/install/lightning/share/ament_index/resource_index/rosidl_interfaces/lightning
[4.716s] -- Up-to-date: /home/chen/sentry_try/sentry_ws/install/lightning/include/lightning/lightning
[4.716s] -- Up-to-date: /home/chen/sentry_try/sentry_ws/install/lightning/include/lightning/lightning/msg
[4.716s] -- Up-to-date: /home/chen/sentry_try/sentry_ws/install/lightning/include/lightning/lightning/msg/rosidl_generator_c__visibility_control.h
[4.716s] -- Up-to-date: /home/chen/sentry_try/sentry_ws/install/lightning/include/lightning/lightning/srv
[4.716s] -- Up-to-date: /home/chen/sentry_try/sentry_ws/install/lightning/include/lightning/lightning/srv/save_map.h
[4.716s] -- Up-to-date: /home/chen/sentry_try/sentry_ws/install/lightning/include/lightning/lightning/srv/loc_cmd.h
[4.716s] -- Up-to-date: /home/chen/sentry_try/sentry_ws/install/lightning/include/lightning/lightning/srv/detail
[4.716s] -- Up-to-date: /home/chen/sentry_try/sentry_ws/install/lightning/include/lightning/lightning/srv/detail/save_map__type_support.h
[4.716s] -- Up-to-date: /home/chen/sentry_try/sentry_ws/install/lightning/include/lightning/lightning/srv/detail/save_map__functions.h
[4.716s] -- Up-to-date: /home/chen/sentry_try/sentry_ws/install/lightning/include/lightning/lightning/srv/detail/save_map__struct.h
[4.716s] -- Up-to-date: /home/chen/sentry_try/sentry_ws/install/lightning/include/lightning/lightning/srv/detail/loc_cmd__type_support.h
[4.716s] -- Up-to-date: /home/chen/sentry_try/sentry_ws/install/lightning/include/lightning/lightning/srv/detail/save_map__functions.c
[4.716s] -- Up-to-date: /home/chen/sentry_try/sentry_ws/install/lightning/include/lightning/lightning/srv/detail/loc_cmd__functions.c
[4.717s] -- Up-to-date: /home/chen/sentry_try/sentry_ws/install/lightning/include/lightning/lightning/srv/detail/loc_cmd__struct.h
[4.717s] -- Up-to-date: /home/chen/sentry_try/sentry_ws/install/lightning/include/lightning/lightning/srv/detail/loc_cmd__functions.h
[4.717s] -- Up-to-date: /home/chen/sentry_try/sentry_ws/install/lightning/share/lightning/environment/library_path.sh
[4.717s] -- Installing: /home/chen/sentry_try/sentry_ws/install/lightning/share/lightning/environment/library_path.dsv
[4.721s] -- Up-to-date: /home/chen/sentry_try/sentry_ws/install/lightning/lib/liblightning__rosidl_generator_c.so
[4.721s] -- Up-to-date: /home/chen/sentry_try/sentry_ws/install/lightning/include/lightning/lightning
[4.721s] -- Up-to-date: /home/chen/sentry_try/sentry_ws/install/lightning/include/lightning/lightning/msg
[4.721s] -- Up-to-date: /home/chen/sentry_try/sentry_ws/install/lightning/include/lightning/lightning/msg/rosidl_typesupport_fastrtps_c__visibility_control.h
[4.722s] -- Up-to-date: /home/chen/sentry_try/sentry_ws/install/lightning/include/lightning/lightning/srv
[4.722s] -- Up-to-date: /home/chen/sentry_try/sentry_ws/install/lightning/include/lightning/lightning/srv/detail
[4.722s] -- Up-to-date: /home/chen/sentry_try/sentry_ws/install/lightning/include/lightning/lightning/srv/detail/save_map__rosidl_typesupport_fastrtps_c.h
[4.722s] -- Up-to-date: /home/chen/sentry_try/sentry_ws/install/lightning/include/lightning/lightning/srv/detail/loc_cmd__rosidl_typesupport_fastrtps_c.h
[4.722s] -- Up-to-date: /home/chen/sentry_try/sentry_ws/install/lightning/lib/liblightning__rosidl_typesupport_fastrtps_c.so
[4.722s] -- Up-to-date: /home/chen/sentry_try/sentry_ws/install/lightning/include/lightning/lightning
[4.722s] -- Up-to-date: /home/chen/sentry_try/sentry_ws/install/lightning/include/lightning/lightning/msg
[4.723s] -- Up-to-date: /home/chen/sentry_try/sentry_ws/install/lightning/include/lightning/lightning/msg/rosidl_generator_cpp__visibility_control.hpp
[4.723s] -- Up-to-date: /home/chen/sentry_try/sentry_ws/install/lightning/include/lightning/lightning/srv
[4.723s] -- Up-to-date: /home/chen/sentry_try/sentry_ws/install/lightning/include/lightning/lightning/srv/loc_cmd.hpp
[4.723s] -- Up-to-date: /home/chen/sentry_try/sentry_ws/install/lightning/include/lightning/lightning/srv/save_map.hpp
[4.723s] -- Up-to-date: /home/chen/sentry_try/sentry_ws/install/lightning/include/lightning/lightning/srv/detail
[4.723s] -- Up-to-date: /home/chen/sentry_try/sentry_ws/install/lightning/include/lightning/lightning/srv/detail/save_map__struct.hpp
[4.723s] -- Up-to-date: /home/chen/sentry_try/sentry_ws/install/lightning/include/lightning/lightning/srv/detail/loc_cmd__traits.hpp
[4.723s] -- Up-to-date: /home/chen/sentry_try/sentry_ws/install/lightning/include/lightning/lightning/srv/detail/loc_cmd__type_support.hpp
[4.723s] -- Up-to-date: /home/chen/sentry_try/sentry_ws/install/lightning/include/lightning/lightning/srv/detail/loc_cmd__builder.hpp
[4.723s] -- Up-to-date: /home/chen/sentry_try/sentry_ws/install/lightning/include/lightning/lightning/srv/detail/save_map__type_support.hpp
[4.723s] -- Up-to-date: /home/chen/sentry_try/sentry_ws/install/lightning/include/lightning/lightning/srv/detail/loc_cmd__struct.hpp
[4.723s] -- Up-to-date: /home/chen/sentry_try/sentry_ws/install/lightning/include/lightning/lightning/srv/detail/save_map__traits.hpp
[4.723s] -- Up-to-date: /home/chen/sentry_try/sentry_ws/install/lightning/include/lightning/lightning/srv/detail/save_map__builder.hpp
[4.723s] -- Up-to-date: /home/chen/sentry_try/sentry_ws/install/lightning/include/lightning/lightning
[4.723s] -- Up-to-date: /home/chen/sentry_try/sentry_ws/install/lightning/include/lightning/lightning/msg
[4.723s] -- Up-to-date: /home/chen/sentry_try/sentry_ws/install/lightning/include/lightning/lightning/msg/rosidl_typesupport_fastrtps_cpp__visibility_control.h
[4.723s] -- Up-to-date: /home/chen/sentry_try/sentry_ws/install/lightning/include/lightning/lightning/srv
[4.723s] -- Up-to-date: /home/chen/sentry_try/sentry_ws/install/lightning/include/lightning/lightning/srv/detail
[4.723s] -- Up-to-date: /home/chen/sentry_try/sentry_ws/install/lightning/include/lightning/lightning/srv/detail/loc_cmd__rosidl_typesupport_fastrtps_cpp.hpp
[4.723s] -- Up-to-date: /home/chen/sentry_try/sentry_ws/install/lightning/include/lightning/lightning/srv/detail/save_map__rosidl_typesupport_fastrtps_cpp.hpp
[4.723s] -- Up-to-date: /home/chen/sentry_try/sentry_ws/install/lightning/include/lightning/lightning/srv/detail/dds_fastrtps
[4.723s] -- Up-to-date: /home/chen/sentry_try/sentry_ws/install/lightning/lib/liblightning__rosidl_typesupport_fastrtps_cpp.so
[4.723s] -- Up-to-date: /home/chen/sentry_try/sentry_ws/install/lightning/include/lightning/lightning
[4.724s] -- Up-to-date: /home/chen/sentry_try/sentry_ws/install/lightning/include/lightning/lightning/msg
[4.724s] -- Up-to-date: /home/chen/sentry_try/sentry_ws/install/lightning/include/lightning/lightning/msg/rosidl_typesupport_introspection_c__visibility_control.h
[4.724s] -- Up-to-date: /home/chen/sentry_try/sentry_ws/install/lightning/include/lightning/lightning/srv
[4.724s] -- Up-to-date: /home/chen/sentry_try/sentry_ws/install/lightning/include/lightning/lightning/srv/detail
[4.724s] -- Up-to-date: /home/chen/sentry_try/sentry_ws/install/lightning/include/lightning/lightning/srv/detail/save_map__type_support.c
[4.724s] -- Up-to-date: /home/chen/sentry_try/sentry_ws/install/lightning/include/lightning/lightning/srv/detail/loc_cmd__type_support.c
[4.724s] -- Up-to-date: /home/chen/sentry_try/sentry_ws/install/lightning/include/lightning/lightning/srv/detail/loc_cmd__rosidl_typesupport_introspection_c.h
[4.724s] -- Up-to-date: /home/chen/sentry_try/sentry_ws/install/lightning/include/lightning/lightning/srv/detail/save_map__rosidl_typesupport_introspection_c.h
[4.724s] -- Up-to-date: /home/chen/sentry_try/sentry_ws/install/lightning/lib/liblightning__rosidl_typesupport_introspection_c.so
[4.724s] -- Up-to-date: /home/chen/sentry_try/sentry_ws/install/lightning/lib/liblightning__rosidl_typesupport_c.so
[4.725s] -- Up-to-date: /home/chen/sentry_try/sentry_ws/install/lightning/include/lightning/lightning
[4.725s] -- Up-to-date: /home/chen/sentry_try/sentry_ws/install/lightning/include/lightning/lightning/srv
[4.725s] -- Up-to-date: /home/chen/sentry_try/sentry_ws/install/lightning/include/lightning/lightning/srv/detail
[4.725s] -- Up-to-date: /home/chen/sentry_try/sentry_ws/install/lightning/include/lightning/lightning/srv/detail/save_map__rosidl_typesupport_introspection_cpp.hpp
[4.725s] -- Up-to-date: /home/chen/sentry_try/sentry_ws/install/lightning/include/lightning/lightning/srv/detail/loc_cmd__type_support.cpp
[4.725s] -- Up-to-date: /home/chen/sentry_try/sentry_ws/install/lightning/include/lightning/lightning/srv/detail/save_map__type_support.cpp
[4.725s] -- Up-to-date: /home/chen/sentry_try/sentry_ws/install/lightning/include/lightning/lightning/srv/detail/loc_cmd__rosidl_typesupport_introspection_cpp.hpp
[4.725s] -- Up-to-date: /home/chen/sentry_try/sentry_ws/install/lightning/lib/liblightning__rosidl_typesupport_introspection_cpp.so
[4.725s] -- Up-to-date: /home/chen/sentry_try/sentry_ws/install/lightning/lib/liblightning__rosidl_typesupport_cpp.so
[4.726s] -- Up-to-date: /home/chen/sentry_try/sentry_ws/install/lightning/share/lightning/environment/pythonpath.sh
[4.726s] -- Installing: /home/chen/sentry_try/sentry_ws/install/lightning/share/lightning/environment/pythonpath.dsv
[4.726s] -- Up-to-date: /home/chen/sentry_try/sentry_ws/install/lightning/local/lib/python3.10/dist-packages/lightning-0.0.0-py3.10.egg-info
[4.726s] -- Installing: /home/chen/sentry_try/sentry_ws/install/lightning/local/lib/python3.10/dist-packages/lightning-0.0.0-py3.10.egg-info/top_level.txt
[4.726s] -- Installing: /home/chen/sentry_try/sentry_ws/install/lightning/local/lib/python3.10/dist-packages/lightning-0.0.0-py3.10.egg-info/PKG-INFO
[4.726s] -- Installing: /home/chen/sentry_try/sentry_ws/install/lightning/local/lib/python3.10/dist-packages/lightning-0.0.0-py3.10.egg-info/SOURCES.txt
[4.726s] -- Installing: /home/chen/sentry_try/sentry_ws/install/lightning/local/lib/python3.10/dist-packages/lightning-0.0.0-py3.10.egg-info/dependency_links.txt
[4.726s] -- Up-to-date: /home/chen/sentry_try/sentry_ws/install/lightning/local/lib/python3.10/dist-packages/lightning
[4.726s] -- Up-to-date: /home/chen/sentry_try/sentry_ws/install/lightning/local/lib/python3.10/dist-packages/lightning/_lightning_s.ep.rosidl_typesupport_fastrtps_c.c
[4.726s] -- Up-to-date: /home/chen/sentry_try/sentry_ws/install/lightning/local/lib/python3.10/dist-packages/lightning/lightning_s__rosidl_typesupport_introspection_c.cpython-310-x86_64-linux-gnu.so
[4.726s] -- Up-to-date: /home/chen/sentry_try/sentry_ws/install/lightning/local/lib/python3.10/dist-packages/lightning/lightning_s__rosidl_typesupport_c.cpython-310-x86_64-linux-gnu.so
[4.726s] -- Up-to-date: /home/chen/sentry_try/sentry_ws/install/lightning/local/lib/python3.10/dist-packages/lightning/liblightning__rosidl_generator_py.so
[4.727s] -- Up-to-date: /home/chen/sentry_try/sentry_ws/install/lightning/local/lib/python3.10/dist-packages/lightning/_lightning_s.ep.rosidl_typesupport_introspection_c.c
[4.727s] -- Up-to-date: /home/chen/sentry_try/sentry_ws/install/lightning/local/lib/python3.10/dist-packages/lightning/srv
[4.727s] -- Up-to-date: /home/chen/sentry_try/sentry_ws/install/lightning/local/lib/python3.10/dist-packages/lightning/srv/_loc_cmd.py
[4.727s] -- Up-to-date: /home/chen/sentry_try/sentry_ws/install/lightning/local/lib/python3.10/dist-packages/lightning/srv/_save_map_s.c
[4.727s] -- Up-to-date: /home/chen/sentry_try/sentry_ws/install/lightning/local/lib/python3.10/dist-packages/lightning/srv/_save_map.py
[4.727s] -- Up-to-date: /home/chen/sentry_try/sentry_ws/install/lightning/local/lib/python3.10/dist-packages/lightning/srv/_loc_cmd_s.c
[4.727s] -- Up-to-date: /home/chen/sentry_try/sentry_ws/install/lightning/local/lib/python3.10/dist-packages/lightning/srv/__init__.py
[4.727s] -- Up-to-date: /home/chen/sentry_try/sentry_ws/install/lightning/local/lib/python3.10/dist-packages/lightning/lightning_s__rosidl_typesupport_fastrtps_c.cpython-310-x86_64-linux-gnu.so
[4.727s] -- Up-to-date: /home/chen/sentry_try/sentry_ws/install/lightning/local/lib/python3.10/dist-packages/lightning/_lightning_s.ep.rosidl_typesupport_c.c
[4.727s] -- Installing: /home/chen/sentry_try/sentry_ws/install/lightning/local/lib/python3.10/dist-packages/lightning/__init__.py
[4.748s] Listing '/home/chen/sentry_try/sentry_ws/install/lightning/local/lib/python3.10/dist-packages/lightning'...
[4.748s] Compiling '/home/chen/sentry_try/sentry_ws/install/lightning/local/lib/python3.10/dist-packages/lightning/__init__.py'...
[4.748s] Listing '/home/chen/sentry_try/sentry_ws/install/lightning/local/lib/python3.10/dist-packages/lightning/srv'...
[4.754s] -- Up-to-date: /home/chen/sentry_try/sentry_ws/install/lightning/local/lib/python3.10/dist-packages/lightning/lightning_s__rosidl_typesupport_fastrtps_c.cpython-310-x86_64-linux-gnu.so
[4.757s] -- Up-to-date: /home/chen/sentry_try/sentry_ws/install/lightning/local/lib/python3.10/dist-packages/lightning/lightning_s__rosidl_typesupport_introspection_c.cpython-310-x86_64-linux-gnu.so
[4.759s] -- Up-to-date: /home/chen/sentry_try/sentry_ws/install/lightning/local/lib/python3.10/dist-packages/lightning/lightning_s__rosidl_typesupport_c.cpython-310-x86_64-linux-gnu.so
[4.760s] -- Up-to-date: /home/chen/sentry_try/sentry_ws/install/lightning/lib/liblightning__rosidl_generator_py.so
[4.760s] -- Up-to-date: /home/chen/sentry_try/sentry_ws/install/lightning/share/ament_index/resource_index/rust_packages/lightning
[4.760s] -- Up-to-date: /home/chen/sentry_try/sentry_ws/install/lightning/share/lightning/rust
[4.760s] -- Up-to-date: /home/chen/sentry_try/sentry_ws/install/lightning/share/lightning/rust/Cargo.toml
[4.760s] -- Up-to-date: /home/chen/sentry_try/sentry_ws/install/lightning/share/lightning/rust/build.rs
[4.760s] -- Up-to-date: /home/chen/sentry_try/sentry_ws/install/lightning/share/lightning/rust/src
[4.760s] -- Up-to-date: /home/chen/sentry_try/sentry_ws/install/lightning/share/lightning/rust/src/srv.rs
[4.760s] -- Up-to-date: /home/chen/sentry_try/sentry_ws/install/lightning/share/lightning/rust/src/srv
[4.760s] -- Up-to-date: /home/chen/sentry_try/sentry_ws/install/lightning/share/lightning/rust/src/srv/rmw.rs
[4.760s] -- Up-to-date: /home/chen/sentry_try/sentry_ws/install/lightning/share/lightning/rust/src/lib.rs
[4.760s] -- Up-to-date: /home/chen/sentry_try/sentry_ws/install/lightning/share/lightning/srv/LocCmd.idl
[4.760s] -- Up-to-date: /home/chen/sentry_try/sentry_ws/install/lightning/share/lightning/srv/SaveMap.idl
[4.760s] -- Up-to-date: /home/chen/sentry_try/sentry_ws/install/lightning/share/lightning/srv/LocCmd.srv
[4.761s] -- Up-to-date: /home/chen/sentry_try/sentry_ws/install/lightning/share/lightning/srv/LocCmd_Request.msg
[4.761s] -- Up-to-date: /home/chen/sentry_try/sentry_ws/install/lightning/share/lightning/srv/LocCmd_Response.msg
[4.761s] -- Up-to-date: /home/chen/sentry_try/sentry_ws/install/lightning/share/lightning/srv/SaveMap.srv
[4.761s] -- Up-to-date: /home/chen/sentry_try/sentry_ws/install/lightning/share/lightning/srv/SaveMap_Request.msg
[4.761s] -- Up-to-date: /home/chen/sentry_try/sentry_ws/install/lightning/share/lightning/srv/SaveMap_Response.msg
[4.761s] -- Up-to-date: /home/chen/sentry_try/sentry_ws/install/lightning/share/lightning/config
[4.761s] -- Up-to-date: /home/chen/sentry_try/sentry_ws/install/lightning/share/lightning/config/default_livox.yaml
[4.761s] -- Up-to-date: /home/chen/sentry_try/sentry_ws/install/lightning/share/lightning/config/default_vbr.yaml
[4.761s] -- Up-to-date: /home/chen/sentry_try/sentry_ws/install/lightning/share/lightning/config/default_utbm.yaml
[4.761s] -- Up-to-date: /home/chen/sentry_try/sentry_ws/install/lightning/share/lightning/config/default_nclt.yaml
[4.761s] -- Up-to-date: /home/chen/sentry_try/sentry_ws/install/lightning/share/lightning/config/default.yaml
[4.761s] -- Up-to-date: /home/chen/sentry_try/sentry_ws/install/lightning/share/ament_index/resource_index/rosidl_interfaces/livox_ros_driver2
[4.761s] -- Up-to-date: /home/chen/sentry_try/sentry_ws/install/lightning/include/livox_ros_driver2/livox_ros_driver2
[4.761s] -- Up-to-date: /home/chen/sentry_try/sentry_ws/install/lightning/include/livox_ros_driver2/livox_ros_driver2/msg
[4.761s] -- Up-to-date: /home/chen/sentry_try/sentry_ws/install/lightning/include/livox_ros_driver2/livox_ros_driver2/msg/custom_point.h
[4.761s] -- Up-to-date: /home/chen/sentry_try/sentry_ws/install/lightning/include/livox_ros_driver2/livox_ros_driver2/msg/custom_msg.h
[4.761s] -- Up-to-date: /home/chen/sentry_try/sentry_ws/install/lightning/include/livox_ros_driver2/livox_ros_driver2/msg/rosidl_generator_c__visibility_control.h
[4.761s] -- Up-to-date: /home/chen/sentry_try/sentry_ws/install/lightning/include/livox_ros_driver2/livox_ros_driver2/msg/detail
[4.762s] -- Up-to-date: /home/chen/sentry_try/sentry_ws/install/lightning/include/livox_ros_driver2/livox_ros_driver2/msg/detail/custom_point__functions.c
[4.762s] -- Up-to-date: /home/chen/sentry_try/sentry_ws/install/lightning/include/livox_ros_driver2/livox_ros_driver2/msg/detail/custom_point__type_support.h
[4.762s] -- Up-to-date: /home/chen/sentry_try/sentry_ws/install/lightning/include/livox_ros_driver2/livox_ros_driver2/msg/detail/custom_msg__functions.c
[4.762s] -- Up-to-date: /home/chen/sentry_try/sentry_ws/install/lightning/include/livox_ros_driver2/livox_ros_driver2/msg/detail/custom_msg__struct.h
[4.762s] -- Up-to-date: /home/chen/sentry_try/sentry_ws/install/lightning/include/livox_ros_driver2/livox_ros_driver2/msg/detail/custom_point__functions.h
[4.762s] -- Up-to-date: /home/chen/sentry_try/sentry_ws/install/lightning/include/livox_ros_driver2/livox_ros_driver2/msg/detail/custom_msg__functions.h
[4.762s] -- Up-to-date: /home/chen/sentry_try/sentry_ws/install/lightning/include/livox_ros_driver2/livox_ros_driver2/msg/detail/custom_point__struct.h
[4.762s] -- Up-to-date: /home/chen/sentry_try/sentry_ws/install/lightning/include/livox_ros_driver2/livox_ros_driver2/msg/detail/custom_msg__type_support.h
[4.765s] -- Up-to-date: /home/chen/sentry_try/sentry_ws/install/lightning/lib/liblivox_ros_driver2__rosidl_generator_c.so
[4.765s] -- Up-to-date: /home/chen/sentry_try/sentry_ws/install/lightning/include/livox_ros_driver2/livox_ros_driver2
[4.765s] -- Up-to-date: /home/chen/sentry_try/sentry_ws/install/lightning/include/livox_ros_driver2/livox_ros_driver2/msg
[4.765s] -- Up-to-date: /home/chen/sentry_try/sentry_ws/install/lightning/include/livox_ros_driver2/livox_ros_driver2/msg/rosidl_typesupport_fastrtps_c__visibility_control.h
[4.765s] -- Up-to-date: /home/chen/sentry_try/sentry_ws/install/lightning/include/livox_ros_driver2/livox_ros_driver2/msg/detail
[4.765s] -- Up-to-date: /home/chen/sentry_try/sentry_ws/install/lightning/include/livox_ros_driver2/livox_ros_driver2/msg/detail/custom_msg__rosidl_typesupport_fastrtps_c.h
[4.765s] -- Up-to-date: /home/chen/sentry_try/sentry_ws/install/lightning/include/livox_ros_driver2/livox_ros_driver2/msg/detail/custom_point__rosidl_typesupport_fastrtps_c.h
[4.767s] -- Up-to-date: /home/chen/sentry_try/sentry_ws/install/lightning/lib/liblivox_ros_driver2__rosidl_typesupport_fastrtps_c.so
[4.768s] -- Up-to-date: /home/chen/sentry_try/sentry_ws/install/lightning/include/livox_ros_driver2/livox_ros_driver2
[4.768s] -- Up-to-date: /home/chen/sentry_try/sentry_ws/install/lightning/include/livox_ros_driver2/livox_ros_driver2/msg
[4.768s] -- Up-to-date: /home/chen/sentry_try/sentry_ws/install/lightning/include/livox_ros_driver2/livox_ros_driver2/msg/rosidl_generator_cpp__visibility_control.hpp
[4.768s] -- Up-to-date: /home/chen/sentry_try/sentry_ws/install/lightning/include/livox_ros_driver2/livox_ros_driver2/msg/custom_msg.hpp
[4.768s] -- Up-to-date: /home/chen/sentry_try/sentry_ws/install/lightning/include/livox_ros_driver2/livox_ros_driver2/msg/custom_point.hpp
[4.768s] -- Up-to-date: /home/chen/sentry_try/sentry_ws/install/lightning/include/livox_ros_driver2/livox_ros_driver2/msg/detail
[4.768s] -- Up-to-date: /home/chen/sentry_try/sentry_ws/install/lightning/include/livox_ros_driver2/livox_ros_driver2/msg/detail/custom_point__builder.hpp
[4.768s] -- Up-to-date: /home/chen/sentry_try/sentry_ws/install/lightning/include/livox_ros_driver2/livox_ros_driver2/msg/detail/custom_msg__type_support.hpp
[4.768s] -- Up-to-date: /home/chen/sentry_try/sentry_ws/install/lightning/include/livox_ros_driver2/livox_ros_driver2/msg/detail/custom_point__traits.hpp
[4.768s] -- Up-to-date: /home/chen/sentry_try/sentry_ws/install/lightning/include/livox_ros_driver2/livox_ros_driver2/msg/detail/custom_msg__struct.hpp
[4.768s] -- Up-to-date: /home/chen/sentry_try/sentry_ws/install/lightning/include/livox_ros_driver2/livox_ros_driver2/msg/detail/custom_msg__traits.hpp
[4.768s] -- Up-to-date: /home/chen/sentry_try/sentry_ws/install/lightning/include/livox_ros_driver2/livox_ros_driver2/msg/detail/custom_msg__builder.hpp
[4.768s] -- Up-to-date: /home/chen/sentry_try/sentry_ws/install/lightning/include/livox_ros_driver2/livox_ros_driver2/msg/detail/custom_point__struct.hpp
[4.769s] -- Up-to-date: /home/chen/sentry_try/sentry_ws/install/lightning/include/livox_ros_driver2/livox_ros_driver2/msg/detail/custom_point__type_support.hpp
[4.769s] -- Up-to-date: /home/chen/sentry_try/sentry_ws/install/lightning/include/livox_ros_driver2/livox_ros_driver2
[4.769s] -- Up-to-date: /home/chen/sentry_try/sentry_ws/install/lightning/include/livox_ros_driver2/livox_ros_driver2/msg
[4.769s] -- Up-to-date: /home/chen/sentry_try/sentry_ws/install/lightning/include/livox_ros_driver2/livox_ros_driver2/msg/rosidl_typesupport_fastrtps_cpp__visibility_control.h
[4.769s] -- Up-to-date: /home/chen/sentry_try/sentry_ws/install/lightning/include/livox_ros_driver2/livox_ros_driver2/msg/detail
[4.769s] -- Up-to-date: /home/chen/sentry_try/sentry_ws/install/lightning/include/livox_ros_driver2/livox_ros_driver2/msg/detail/custom_msg__rosidl_typesupport_fastrtps_cpp.hpp
[4.769s] -- Up-to-date: /home/chen/sentry_try/sentry_ws/install/lightning/include/livox_ros_driver2/livox_ros_driver2/msg/detail/custom_point__rosidl_typesupport_fastrtps_cpp.hpp
[4.769s] -- Up-to-date: /home/chen/sentry_try/sentry_ws/install/lightning/include/livox_ros_driver2/livox_ros_driver2/msg/detail/dds_fastrtps
[4.770s] -- Up-to-date: /home/chen/sentry_try/sentry_ws/install/lightning/lib/liblivox_ros_driver2__rosidl_typesupport_fastrtps_cpp.so
[4.770s] -- Up-to-date: /home/chen/sentry_try/sentry_ws/install/lightning/include/livox_ros_driver2/livox_ros_driver2
[4.770s] -- Up-to-date: /home/chen/sentry_try/sentry_ws/install/lightning/include/livox_ros_driver2/livox_ros_driver2/msg
[4.770s] -- Up-to-date: /home/chen/sentry_try/sentry_ws/install/lightning/include/livox_ros_driver2/livox_ros_driver2/msg/rosidl_typesupport_introspection_c__visibility_control.h
[4.770s] -- Up-to-date: /home/chen/sentry_try/sentry_ws/install/lightning/include/livox_ros_driver2/livox_ros_driver2/msg/detail
[4.770s] -- Up-to-date: /home/chen/sentry_try/sentry_ws/install/lightning/include/livox_ros_driver2/livox_ros_driver2/msg/detail/custom_msg__rosidl_typesupport_introspection_c.h
[4.770s] -- Up-to-date: /home/chen/sentry_try/sentry_ws/install/lightning/include/livox_ros_driver2/livox_ros_driver2/msg/detail/custom_point__rosidl_typesupport_introspection_c.h
[4.770s] -- Up-to-date: /home/chen/sentry_try/sentry_ws/install/lightning/include/livox_ros_driver2/livox_ros_driver2/msg/detail/custom_point__type_support.c
[4.770s] -- Up-to-date: /home/chen/sentry_try/sentry_ws/install/lightning/include/livox_ros_driver2/livox_ros_driver2/msg/detail/custom_msg__type_support.c
[4.773s] -- Up-to-date: /home/chen/sentry_try/sentry_ws/install/lightning/lib/liblivox_ros_driver2__rosidl_typesupport_introspection_c.so
[4.773s] -- Up-to-date: /home/chen/sentry_try/sentry_ws/install/lightning/lib/liblivox_ros_driver2__rosidl_typesupport_c.so
[4.773s] -- Up-to-date: /home/chen/sentry_try/sentry_ws/install/lightning/include/livox_ros_driver2/livox_ros_driver2
[4.774s] -- Up-to-date: /home/chen/sentry_try/sentry_ws/install/lightning/include/livox_ros_driver2/livox_ros_driver2/msg
[4.774s] -- Up-to-date: /home/chen/sentry_try/sentry_ws/install/lightning/include/livox_ros_driver2/livox_ros_driver2/msg/detail
[4.774s] -- Up-to-date: /home/chen/sentry_try/sentry_ws/install/lightning/include/livox_ros_driver2/livox_ros_driver2/msg/detail/custom_msg__type_support.cpp
[4.774s] -- Up-to-date: /home/chen/sentry_try/sentry_ws/install/lightning/include/livox_ros_driver2/livox_ros_driver2/msg/detail/custom_point__rosidl_typesupport_introspection_cpp.hpp
[4.774s] -- Up-to-date: /home/chen/sentry_try/sentry_ws/install/lightning/include/livox_ros_driver2/livox_ros_driver2/msg/detail/custom_msg__rosidl_typesupport_introspection_cpp.hpp
[4.774s] -- Up-to-date: /home/chen/sentry_try/sentry_ws/install/lightning/include/livox_ros_driver2/livox_ros_driver2/msg/detail/custom_point__type_support.cpp
[4.777s] -- Up-to-date: /home/chen/sentry_try/sentry_ws/install/lightning/lib/liblivox_ros_driver2__rosidl_typesupport_introspection_cpp.so
[4.780s] -- Up-to-date: /home/chen/sentry_try/sentry_ws/install/lightning/lib/liblivox_ros_driver2__rosidl_typesupport_cpp.so
[4.780s] -- Up-to-date: /home/chen/sentry_try/sentry_ws/install/lightning/local/lib/python3.10/dist-packages/livox_ros_driver2-2.6.0-py3.10.egg-info
[4.780s] -- Installing: /home/chen/sentry_try/sentry_ws/install/lightning/local/lib/python3.10/dist-packages/livox_ros_driver2-2.6.0-py3.10.egg-info/top_level.txt
[4.780s] -- Installing: /home/chen/sentry_try/sentry_ws/install/lightning/local/lib/python3.10/dist-packages/livox_ros_driver2-2.6.0-py3.10.egg-info/PKG-INFO
[4.780s] -- Installing: /home/chen/sentry_try/sentry_ws/install/lightning/local/lib/python3.10/dist-packages/livox_ros_driver2-2.6.0-py3.10.egg-info/SOURCES.txt
[4.780s] -- Installing: /home/chen/sentry_try/sentry_ws/install/lightning/local/lib/python3.10/dist-packages/livox_ros_driver2-2.6.0-py3.10.egg-info/dependency_links.txt
[4.781s] -- Up-to-date: /home/chen/sentry_try/sentry_ws/install/lightning/local/lib/python3.10/dist-packages/livox_ros_driver2
[4.781s] -- Up-to-date: /home/chen/sentry_try/sentry_ws/install/lightning/local/lib/python3.10/dist-packages/livox_ros_driver2/livox_ros_driver2_s__rosidl_typesupport_c.cpython-310-x86_64-linux-gnu.so
[4.781s] -- Up-to-date: /home/chen/sentry_try/sentry_ws/install/lightning/local/lib/python3.10/dist-packages/livox_ros_driver2/livox_ros_driver2_s__rosidl_typesupport_introspection_c.cpython-310-x86_64-linux-gnu.so
[4.781s] -- Up-to-date: /home/chen/sentry_try/sentry_ws/install/lightning/local/lib/python3.10/dist-packages/livox_ros_driver2/msg
[4.781s] -- Up-to-date: /home/chen/sentry_try/sentry_ws/install/lightning/local/lib/python3.10/dist-packages/livox_ros_driver2/msg/_custom_msg.py
[4.781s] -- Up-to-date: /home/chen/sentry_try/sentry_ws/install/lightning/local/lib/python3.10/dist-packages/livox_ros_driver2/msg/_custom_point.py
[4.781s] -- Up-to-date: /home/chen/sentry_try/sentry_ws/install/lightning/local/lib/python3.10/dist-packages/livox_ros_driver2/msg/_custom_msg_s.c
[4.781s] -- Up-to-date: /home/chen/sentry_try/sentry_ws/install/lightning/local/lib/python3.10/dist-packages/livox_ros_driver2/msg/_custom_point_s.c
[4.781s] -- Up-to-date: /home/chen/sentry_try/sentry_ws/install/lightning/local/lib/python3.10/dist-packages/livox_ros_driver2/msg/__init__.py
[4.781s] -- Up-to-date: /home/chen/sentry_try/sentry_ws/install/lightning/local/lib/python3.10/dist-packages/livox_ros_driver2/_livox_ros_driver2_s.ep.rosidl_typesupport_introspection_c.c
[4.781s] -- Up-to-date: /home/chen/sentry_try/sentry_ws/install/lightning/local/lib/python3.10/dist-packages/livox_ros_driver2/_livox_ros_driver2_s.ep.rosidl_typesupport_c.c
[4.782s] -- Up-to-date: /home/chen/sentry_try/sentry_ws/install/lightning/local/lib/python3.10/dist-packages/livox_ros_driver2/_livox_ros_driver2_s.ep.rosidl_typesupport_fastrtps_c.c
[4.782s] -- Up-to-date: /home/chen/sentry_try/sentry_ws/install/lightning/local/lib/python3.10/dist-packages/livox_ros_driver2/liblivox_interfaces2__rosidl_generator_py.so
[4.782s] -- Up-to-date: /home/chen/sentry_try/sentry_ws/install/lightning/local/lib/python3.10/dist-packages/livox_ros_driver2/livox_ros_driver2_s__rosidl_typesupport_fastrtps_c.cpython-310-x86_64-linux-gnu.so
[4.782s] -- Installing: /home/chen/sentry_try/sentry_ws/install/lightning/local/lib/python3.10/dist-packages/livox_ros_driver2/__init__.py
[4.805s] Listing '/home/chen/sentry_try/sentry_ws/install/lightning/local/lib/python3.10/dist-packages/livox_ros_driver2'...
[4.805s] Compiling '/home/chen/sentry_try/sentry_ws/install/lightning/local/lib/python3.10/dist-packages/livox_ros_driver2/__init__.py'...
[4.805s] Listing '/home/chen/sentry_try/sentry_ws/install/lightning/local/lib/python3.10/dist-packages/livox_ros_driver2/msg'...
[4.809s] -- Up-to-date: /home/chen/sentry_try/sentry_ws/install/lightning/local/lib/python3.10/dist-packages/livox_ros_driver2/livox_ros_driver2_s__rosidl_typesupport_fastrtps_c.cpython-310-x86_64-linux-gnu.so
[4.812s] -- Up-to-date: /home/chen/sentry_try/sentry_ws/install/lightning/local/lib/python3.10/dist-packages/livox_ros_driver2/livox_ros_driver2_s__rosidl_typesupport_introspection_c.cpython-310-x86_64-linux-gnu.so
[4.815s] -- Up-to-date: /home/chen/sentry_try/sentry_ws/install/lightning/local/lib/python3.10/dist-packages/livox_ros_driver2/livox_ros_driver2_s__rosidl_typesupport_c.cpython-310-x86_64-linux-gnu.so
[4.815s] -- Up-to-date: /home/chen/sentry_try/sentry_ws/install/lightning/lib/liblivox_interfaces2__rosidl_generator_py.so
[4.815s] -- Up-to-date: /home/chen/sentry_try/sentry_ws/install/lightning/share/ament_index/resource_index/rust_packages/livox_ros_driver2
[4.816s] -- Up-to-date: /home/chen/sentry_try/sentry_ws/install/lightning/share/livox_ros_driver2/rust
[4.816s] -- Up-to-date: /home/chen/sentry_try/sentry_ws/install/lightning/share/livox_ros_driver2/rust/Cargo.toml
[4.816s] -- Up-to-date: /home/chen/sentry_try/sentry_ws/install/lightning/share/livox_ros_driver2/rust/build.rs
[4.816s] -- Up-to-date: /home/chen/sentry_try/sentry_ws/install/lightning/share/livox_ros_driver2/rust/src
[4.816s] -- Up-to-date: /home/chen/sentry_try/sentry_ws/install/lightning/share/livox_ros_driver2/rust/src/msg
[4.816s] -- Up-to-date: /home/chen/sentry_try/sentry_ws/install/lightning/share/livox_ros_driver2/rust/src/msg/rmw.rs
[4.816s] -- Up-to-date: /home/chen/sentry_try/sentry_ws/install/lightning/share/livox_ros_driver2/rust/src/msg.rs
[4.816s] -- Up-to-date: /home/chen/sentry_try/sentry_ws/install/lightning/share/livox_ros_driver2/rust/src/lib.rs
[4.816s] -- Up-to-date: /home/chen/sentry_try/sentry_ws/install/lightning/share/livox_ros_driver2/msg/CustomPoint.idl
[4.816s] -- Up-to-date: /home/chen/sentry_try/sentry_ws/install/lightning/share/livox_ros_driver2/msg/CustomMsg.idl
[4.816s] -- Up-to-date: /home/chen/sentry_try/sentry_ws/install/lightning/share/livox_ros_driver2/msg/CustomPoint.msg
[4.816s] -- Up-to-date: /home/chen/sentry_try/sentry_ws/install/lightning/share/livox_ros_driver2/msg/CustomMsg.msg
[4.820s] -- Up-to-date: /home/chen/sentry_try/sentry_ws/install/lightning/lib/liblightning.libs.so
[4.822s] -- Up-to-date: /home/chen/sentry_try/sentry_ws/install/lightning/lib/libmiao.core.so
[4.825s] -- Up-to-date: /home/chen/sentry_try/sentry_ws/install/lightning/lib/libmiao.utils.so
[4.828s] -- Up-to-date: /home/chen/sentry_try/sentry_ws/install/lightning/lib/lightning/run_slam_offline
[4.828s] -- Up-to-date: /home/chen/sentry_try/sentry_ws/install/lightning/lib/lightning/run_slam_online
[4.829s] -- Up-to-date: /home/chen/sentry_try/sentry_ws/install/lightning/lib/lightning/run_loc_offline
[4.832s] -- Up-to-date: /home/chen/sentry_try/sentry_ws/install/lightning/lib/lightning/run_loc_online
[4.832s] -- Up-to-date: /home/chen/sentry_try/sentry_ws/install/lightning/share/ament_index/resource_index/package_run_dependencies/lightning
[4.833s] -- Up-to-date: /home/chen/sentry_try/sentry_ws/install/lightning/share/ament_index/resource_index/parent_prefix_path/lightning
[4.833s] -- Up-to-date: /home/chen/sentry_try/sentry_ws/install/lightning/share/lightning/environment/ament_prefix_path.sh
[4.833s] -- Installing: /home/chen/sentry_try/sentry_ws/install/lightning/share/lightning/environment/ament_prefix_path.dsv
[4.833s] -- Up-to-date: /home/chen/sentry_try/sentry_ws/install/lightning/share/lightning/environment/path.sh
[4.833s] -- Installing: /home/chen/sentry_try/sentry_ws/install/lightning/share/lightning/environment/path.dsv
[4.833s] -- Up-to-date: /home/chen/sentry_try/sentry_ws/install/lightning/share/lightning/local_setup.bash
[4.833s] -- Up-to-date: /home/chen/sentry_try/sentry_ws/install/lightning/share/lightning/local_setup.sh
[4.833s] -- Up-to-date: /home/chen/sentry_try/sentry_ws/install/lightning/share/lightning/local_setup.zsh
[4.833s] -- Installing: /home/chen/sentry_try/sentry_ws/install/lightning/share/lightning/local_setup.dsv
[4.833s] -- Installing: /home/chen/sentry_try/sentry_ws/install/lightning/share/lightning/package.dsv
[4.833s] -- Up-to-date: /home/chen/sentry_try/sentry_ws/install/lightning/share/ament_index/resource_index/packages/lightning
[4.834s] -- Up-to-date: /home/chen/sentry_try/sentry_ws/install/lightning/share/lightning/cmake/export_lightning__rosidl_generator_cExport.cmake
[4.834s] -- Up-to-date: /home/chen/sentry_try/sentry_ws/install/lightning/share/lightning/cmake/export_lightning__rosidl_generator_cExport-release.cmake
[4.835s] -- Up-to-date: /home/chen/sentry_try/sentry_ws/install/lightning/share/lightning/cmake/export_lightning__rosidl_typesupport_fastrtps_cExport.cmake
[4.835s] -- Up-to-date: /home/chen/sentry_try/sentry_ws/install/lightning/share/lightning/cmake/export_lightning__rosidl_typesupport_fastrtps_cExport-release.cmake
[4.835s] -- Up-to-date: /home/chen/sentry_try/sentry_ws/install/lightning/share/lightning/cmake/export_lightning__rosidl_generator_cppExport.cmake
[4.837s] -- Up-to-date: /home/chen/sentry_try/sentry_ws/install/lightning/share/lightning/cmake/export_lightning__rosidl_typesupport_fastrtps_cppExport.cmake
[4.838s] -- Up-to-date: /home/chen/sentry_try/sentry_ws/install/lightning/share/lightning/cmake/export_lightning__rosidl_typesupport_fastrtps_cppExport-release.cmake
[4.838s] -- Up-to-date: /home/chen/sentry_try/sentry_ws/install/lightning/share/lightning/cmake/lightning__rosidl_typesupport_introspection_cExport.cmake
[4.838s] -- Up-to-date: /home/chen/sentry_try/sentry_ws/install/lightning/share/lightning/cmake/lightning__rosidl_typesupport_introspection_cExport-release.cmake
[4.840s] -- Up-to-date: /home/chen/sentry_try/sentry_ws/install/lightning/share/lightning/cmake/lightning__rosidl_typesupport_cExport.cmake
[4.840s] -- Up-to-date: /home/chen/sentry_try/sentry_ws/install/lightning/share/lightning/cmake/lightning__rosidl_typesupport_cExport-release.cmake
[4.840s] -- Up-to-date: /home/chen/sentry_try/sentry_ws/install/lightning/share/lightning/cmake/lightning__rosidl_typesupport_introspection_cppExport.cmake
[4.841s] -- Up-to-date: /home/chen/sentry_try/sentry_ws/install/lightning/share/lightning/cmake/lightning__rosidl_typesupport_introspection_cppExport-release.cmake
[4.841s] -- Up-to-date: /home/chen/sentry_try/sentry_ws/install/lightning/share/lightning/cmake/lightning__rosidl_typesupport_cppExport.cmake
[4.841s] -- Up-to-date: /home/chen/sentry_try/sentry_ws/install/lightning/share/lightning/cmake/lightning__rosidl_typesupport_cppExport-release.cmake
[4.841s] -- Up-to-date: /home/chen/sentry_try/sentry_ws/install/lightning/share/lightning/cmake/export_lightning__rosidl_generator_pyExport.cmake
[4.841s] -- Up-to-date: /home/chen/sentry_try/sentry_ws/install/lightning/share/lightning/cmake/export_lightning__rosidl_generator_pyExport-release.cmake
[4.841s] -- Up-to-date: /home/chen/sentry_try/sentry_ws/install/lightning/share/lightning/cmake/rosidl_cmake-extras.cmake
[4.841s] -- Up-to-date: /home/chen/sentry_try/sentry_ws/install/lightning/share/lightning/cmake/ament_cmake_export_dependencies-extras.cmake
[4.841s] -- Up-to-date: /home/chen/sentry_try/sentry_ws/install/lightning/share/lightning/cmake/ament_cmake_export_include_directories-extras.cmake
[4.841s] -- Up-to-date: /home/chen/sentry_try/sentry_ws/install/lightning/share/lightning/cmake/ament_cmake_export_libraries-extras.cmake
[4.842s] -- Up-to-date: /home/chen/sentry_try/sentry_ws/install/lightning/share/lightning/cmake/ament_cmake_export_targets-extras.cmake
[4.842s] -- Up-to-date: /home/chen/sentry_try/sentry_ws/install/lightning/share/lightning/cmake/rosidl_cmake_export_typesupport_targets-extras.cmake
[4.842s] -- Up-to-date: /home/chen/sentry_try/sentry_ws/install/lightning/share/lightning/cmake/rosidl_cmake_export_typesupport_libraries-extras.cmake
[4.842s] -- Up-to-date: /home/chen/sentry_try/sentry_ws/install/lightning/share/lightning/cmake/rosidl_cmake_aggregate_target-extras.cmake
[4.842s] -- Up-to-date: /home/chen/sentry_try/sentry_ws/install/lightning/share/lightning/cmake/lightningConfig.cmake
[4.842s] -- Up-to-date: /home/chen/sentry_try/sentry_ws/install/lightning/share/lightning/cmake/lightningConfig-version.cmake
[4.842s] -- Up-to-date: /home/chen/sentry_try/sentry_ws/install/lightning/share/lightning/package.xml
[4.845s] Invoked command in '/home/chen/sentry_try/sentry_ws/build/lightning' returned '0': AMENT_PREFIX_PATH=/home/chen/sentry_try/sentry_ws/install/rm_referee_msgs:${AMENT_PREFIX_PATH} CMAKE_PREFIX_PATH=/home/chen/sentry_try/sentry_ws/install/rm_referee_msgs:/opt/ros/humble LD_LIBRARY_PATH=/home/chen/sentry_try/sentry_ws/install/rm_referee_msgs/lib:${LD_LIBRARY_PATH} PYTHONPATH=/home/chen/sentry_try/sentry_ws/install/rm_referee_msgs/local/lib/python3.10/dist-packages:${PYTHONPATH} /usr/bin/cmake --install /home/chen/sentry_try/sentry_ws/build/lightning
