[0.035s] Invoking command in '/home/chen/sentry_try/sentry_ws/build/sentry_msgs': CMAKE_PREFIX_PATH=/opt/ros/humble /usr/bin/cmake --build /home/chen/sentry_try/sentry_ws/build/sentry_msgs -- -j16 -l16
[0.093s] [35m[1mConsolidate compiler generated dependencies of target sentry_msgs__rosidl_generator_c[0m
[0.118s] [ 10%] Built target sentry_msgs__rosidl_generator_c
[0.118s] [ 12%] Built target sentry_msgs__cpp
[0.121s] [ 14%] Built target sentry_msgs__rs
[0.139s] [35m[1mConsolidate compiler generated dependencies of target sentry_msgs__rosidl_typesupport_fastrtps_cpp[0m
[0.142s] [35m[1mConsolidate compiler generated dependencies of target sentry_msgs__rosidl_typesupport_c[0m
[0.143s] [35m[1mConsolidate compiler generated dependencies of target sentry_msgs__rosidl_typesupport_introspection_cpp[0m
[0.152s] [35m[1mConsolidate compiler generated dependencies of target sentry_msgs__rosidl_typesupport_cpp[0m
[0.152s] [ 14%] Built target ament_cmake_python_copy_sentry_msgs
[0.153s] [35m[1mConsolidate compiler generated dependencies of target sentry_msgs__rosidl_typesupport_introspection_c[0m
[0.153s] [35m[1mConsolidate compiler generated dependencies of target sentry_msgs__rosidl_typesupport_fastrtps_c[0m
[0.164s] [ 25%] Built target sentry_msgs__rosidl_typesupport_fastrtps_cpp
[0.167s] [ 45%] Built target sentry_msgs__rosidl_typesupport_introspection_cpp
[0.168s] [ 45%] Built target sentry_msgs__rosidl_typesupport_c
[0.168s] [ 56%] Built target sentry_msgs__rosidl_typesupport_introspection_c
[0.168s] [ 66%] Built target sentry_msgs__rosidl_typesupport_cpp
[0.173s] [ 77%] Built target sentry_msgs__rosidl_typesupport_fastrtps_c
[0.199s] [ 77%] Built target sentry_msgs
[0.223s] [ 79%] Built target sentry_msgs__py
[0.250s] [35m[1mConsolidate compiler generated dependencies of target sentry_msgs__rosidl_generator_py[0m
[0.264s] [ 87%] Built target sentry_msgs__rosidl_generator_py
[0.285s] [35m[1mConsolidate compiler generated dependencies of target sentry_msgs__rosidl_typesupport_c__pyext[0m
[0.285s] [35m[1mConsolidate compiler generated dependencies of target sentry_msgs__rosidl_typesupport_fastrtps_c__pyext[0m
[0.285s] [35m[1mConsolidate compiler generated dependencies of target sentry_msgs__rosidl_typesupport_introspection_c__pyext[0m
[0.298s] [ 91%] Built target sentry_msgs__rosidl_typesupport_fastrtps_c__pyext
[0.300s] [ 95%] Built target sentry_msgs__rosidl_typesupport_introspection_c__pyext
[0.300s] [100%] Built target sentry_msgs__rosidl_typesupport_c__pyext
[0.407s] running egg_info
[0.408s] writing sentry_msgs.egg-info/PKG-INFO
[0.409s] writing dependency_links to sentry_msgs.egg-info/dependency_links.txt
[0.409s] writing top-level names to sentry_msgs.egg-info/top_level.txt
[0.411s] reading manifest file 'sentry_msgs.egg-info/SOURCES.txt'
[0.412s] writing manifest file 'sentry_msgs.egg-info/SOURCES.txt'
[0.460s] [100%] Built target ament_cmake_python_build_sentry_msgs_egg
[0.472s] Invoked command in '/home/chen/sentry_try/sentry_ws/build/sentry_msgs' returned '0': CMAKE_PREFIX_PATH=/opt/ros/humble /usr/bin/cmake --build /home/chen/sentry_try/sentry_ws/build/sentry_msgs -- -j16 -l16
[0.476s] Invoking command in '/home/chen/sentry_try/sentry_ws/build/sentry_msgs': CMAKE_PREFIX_PATH=/opt/ros/humble /usr/bin/cmake --install /home/chen/sentry_try/sentry_ws/build/sentry_msgs
[0.482s] -- Install configuration: "Release"
[0.482s] -- Up-to-date: /home/chen/sentry_try/sentry_ws/install/sentry_msgs/share/ament_index/resource_index/rosidl_interfaces/sentry_msgs
[0.482s] -- Up-to-date: /home/chen/sentry_try/sentry_ws/install/sentry_msgs/include/sentry_msgs/sentry_msgs
[0.482s] -- Up-to-date: /home/chen/sentry_try/sentry_ws/install/sentry_msgs/include/sentry_msgs/sentry_msgs/msg
[0.482s] -- Up-to-date: /home/chen/sentry_try/sentry_ws/install/sentry_msgs/include/sentry_msgs/sentry_msgs/msg/armor_presence.h
[0.482s] -- Up-to-date: /home/chen/sentry_try/sentry_ws/install/sentry_msgs/include/sentry_msgs/sentry_msgs/msg/scan_mode.h
[0.483s] -- Up-to-date: /home/chen/sentry_try/sentry_ws/install/sentry_msgs/include/sentry_msgs/sentry_msgs/msg/vw.h
[0.483s] -- Up-to-date: /home/chen/sentry_try/sentry_ws/install/sentry_msgs/include/sentry_msgs/sentry_msgs/msg/rosidl_generator_c__visibility_control.h
[0.483s] -- Up-to-date: /home/chen/sentry_try/sentry_ws/install/sentry_msgs/include/sentry_msgs/sentry_msgs/msg/detail
[0.483s] -- Up-to-date: /home/chen/sentry_try/sentry_ws/install/sentry_msgs/include/sentry_msgs/sentry_msgs/msg/detail/vw__functions.h
[0.483s] -- Up-to-date: /home/chen/sentry_try/sentry_ws/install/sentry_msgs/include/sentry_msgs/sentry_msgs/msg/detail/scan_mode__functions.c
[0.483s] -- Up-to-date: /home/chen/sentry_try/sentry_ws/install/sentry_msgs/include/sentry_msgs/sentry_msgs/msg/detail/scan_mode__functions.h
[0.483s] -- Up-to-date: /home/chen/sentry_try/sentry_ws/install/sentry_msgs/include/sentry_msgs/sentry_msgs/msg/detail/armor_presence__functions.h
[0.483s] -- Up-to-date: /home/chen/sentry_try/sentry_ws/install/sentry_msgs/include/sentry_msgs/sentry_msgs/msg/detail/armor_presence__functions.c
[0.483s] -- Up-to-date: /home/chen/sentry_try/sentry_ws/install/sentry_msgs/include/sentry_msgs/sentry_msgs/msg/detail/vw__type_support.h
[0.483s] -- Up-to-date: /home/chen/sentry_try/sentry_ws/install/sentry_msgs/include/sentry_msgs/sentry_msgs/msg/detail/vw__struct.h
[0.483s] -- Up-to-date: /home/chen/sentry_try/sentry_ws/install/sentry_msgs/include/sentry_msgs/sentry_msgs/msg/detail/armor_presence__type_support.h
[0.483s] -- Up-to-date: /home/chen/sentry_try/sentry_ws/install/sentry_msgs/include/sentry_msgs/sentry_msgs/msg/detail/vw__functions.c
[0.483s] -- Up-to-date: /home/chen/sentry_try/sentry_ws/install/sentry_msgs/include/sentry_msgs/sentry_msgs/msg/detail/scan_mode__type_support.h
[0.483s] -- Up-to-date: /home/chen/sentry_try/sentry_ws/install/sentry_msgs/include/sentry_msgs/sentry_msgs/msg/detail/armor_presence__struct.h
[0.483s] -- Up-to-date: /home/chen/sentry_try/sentry_ws/install/sentry_msgs/include/sentry_msgs/sentry_msgs/msg/detail/scan_mode__struct.h
[0.483s] -- Up-to-date: /home/chen/sentry_try/sentry_ws/install/sentry_msgs/share/sentry_msgs/environment/library_path.sh
[0.483s] -- Up-to-date: /home/chen/sentry_try/sentry_ws/install/sentry_msgs/share/sentry_msgs/environment/library_path.dsv
[0.484s] -- Up-to-date: /home/chen/sentry_try/sentry_ws/install/sentry_msgs/lib/libsentry_msgs__rosidl_generator_c.so
[0.485s] -- Up-to-date: /home/chen/sentry_try/sentry_ws/install/sentry_msgs/include/sentry_msgs/sentry_msgs
[0.485s] -- Up-to-date: /home/chen/sentry_try/sentry_ws/install/sentry_msgs/include/sentry_msgs/sentry_msgs/msg
[0.485s] -- Up-to-date: /home/chen/sentry_try/sentry_ws/install/sentry_msgs/include/sentry_msgs/sentry_msgs/msg/rosidl_typesupport_fastrtps_c__visibility_control.h
[0.485s] -- Up-to-date: /home/chen/sentry_try/sentry_ws/install/sentry_msgs/include/sentry_msgs/sentry_msgs/msg/detail
[0.485s] -- Up-to-date: /home/chen/sentry_try/sentry_ws/install/sentry_msgs/include/sentry_msgs/sentry_msgs/msg/detail/vw__rosidl_typesupport_fastrtps_c.h
[0.485s] -- Up-to-date: /home/chen/sentry_try/sentry_ws/install/sentry_msgs/include/sentry_msgs/sentry_msgs/msg/detail/scan_mode__rosidl_typesupport_fastrtps_c.h
[0.485s] -- Up-to-date: /home/chen/sentry_try/sentry_ws/install/sentry_msgs/include/sentry_msgs/sentry_msgs/msg/detail/armor_presence__rosidl_typesupport_fastrtps_c.h
[0.488s] -- Up-to-date: /home/chen/sentry_try/sentry_ws/install/sentry_msgs/lib/libsentry_msgs__rosidl_typesupport_fastrtps_c.so
[0.488s] -- Up-to-date: /home/chen/sentry_try/sentry_ws/install/sentry_msgs/include/sentry_msgs/sentry_msgs
[0.488s] -- Up-to-date: /home/chen/sentry_try/sentry_ws/install/sentry_msgs/include/sentry_msgs/sentry_msgs/msg
[0.488s] -- Up-to-date: /home/chen/sentry_try/sentry_ws/install/sentry_msgs/include/sentry_msgs/sentry_msgs/msg/rosidl_typesupport_introspection_c__visibility_control.h
[0.488s] -- Up-to-date: /home/chen/sentry_try/sentry_ws/install/sentry_msgs/include/sentry_msgs/sentry_msgs/msg/detail
[0.488s] -- Up-to-date: /home/chen/sentry_try/sentry_ws/install/sentry_msgs/include/sentry_msgs/sentry_msgs/msg/detail/armor_presence__type_support.c
[0.488s] -- Up-to-date: /home/chen/sentry_try/sentry_ws/install/sentry_msgs/include/sentry_msgs/sentry_msgs/msg/detail/scan_mode__type_support.c
[0.488s] -- Up-to-date: /home/chen/sentry_try/sentry_ws/install/sentry_msgs/include/sentry_msgs/sentry_msgs/msg/detail/vw__type_support.c
[0.488s] -- Up-to-date: /home/chen/sentry_try/sentry_ws/install/sentry_msgs/include/sentry_msgs/sentry_msgs/msg/detail/vw__rosidl_typesupport_introspection_c.h
[0.488s] -- Up-to-date: /home/chen/sentry_try/sentry_ws/install/sentry_msgs/include/sentry_msgs/sentry_msgs/msg/detail/armor_presence__rosidl_typesupport_introspection_c.h
[0.488s] -- Up-to-date: /home/chen/sentry_try/sentry_ws/install/sentry_msgs/include/sentry_msgs/sentry_msgs/msg/detail/scan_mode__rosidl_typesupport_introspection_c.h
[0.490s] -- Up-to-date: /home/chen/sentry_try/sentry_ws/install/sentry_msgs/lib/libsentry_msgs__rosidl_typesupport_introspection_c.so
[0.491s] -- Up-to-date: /home/chen/sentry_try/sentry_ws/install/sentry_msgs/lib/libsentry_msgs__rosidl_typesupport_c.so
[0.492s] -- Up-to-date: /home/chen/sentry_try/sentry_ws/install/sentry_msgs/include/sentry_msgs/sentry_msgs
[0.492s] -- Up-to-date: /home/chen/sentry_try/sentry_ws/install/sentry_msgs/include/sentry_msgs/sentry_msgs/msg
[0.492s] -- Up-to-date: /home/chen/sentry_try/sentry_ws/install/sentry_msgs/include/sentry_msgs/sentry_msgs/msg/scan_mode.hpp
[0.492s] -- Up-to-date: /home/chen/sentry_try/sentry_ws/install/sentry_msgs/include/sentry_msgs/sentry_msgs/msg/armor_presence.hpp
[0.492s] -- Up-to-date: /home/chen/sentry_try/sentry_ws/install/sentry_msgs/include/sentry_msgs/sentry_msgs/msg/rosidl_generator_cpp__visibility_control.hpp
[0.492s] -- Up-to-date: /home/chen/sentry_try/sentry_ws/install/sentry_msgs/include/sentry_msgs/sentry_msgs/msg/vw.hpp
[0.492s] -- Up-to-date: /home/chen/sentry_try/sentry_ws/install/sentry_msgs/include/sentry_msgs/sentry_msgs/msg/detail
[0.492s] -- Up-to-date: /home/chen/sentry_try/sentry_ws/install/sentry_msgs/include/sentry_msgs/sentry_msgs/msg/detail/vw__struct.hpp
[0.492s] -- Up-to-date: /home/chen/sentry_try/sentry_ws/install/sentry_msgs/include/sentry_msgs/sentry_msgs/msg/detail/vw__type_support.hpp
[0.492s] -- Up-to-date: /home/chen/sentry_try/sentry_ws/install/sentry_msgs/include/sentry_msgs/sentry_msgs/msg/detail/scan_mode__traits.hpp
[0.492s] -- Up-to-date: /home/chen/sentry_try/sentry_ws/install/sentry_msgs/include/sentry_msgs/sentry_msgs/msg/detail/vw__traits.hpp
[0.492s] -- Up-to-date: /home/chen/sentry_try/sentry_ws/install/sentry_msgs/include/sentry_msgs/sentry_msgs/msg/detail/scan_mode__builder.hpp
[0.492s] -- Up-to-date: /home/chen/sentry_try/sentry_ws/install/sentry_msgs/include/sentry_msgs/sentry_msgs/msg/detail/vw__builder.hpp
[0.492s] -- Up-to-date: /home/chen/sentry_try/sentry_ws/install/sentry_msgs/include/sentry_msgs/sentry_msgs/msg/detail/scan_mode__type_support.hpp
[0.492s] -- Up-to-date: /home/chen/sentry_try/sentry_ws/install/sentry_msgs/include/sentry_msgs/sentry_msgs/msg/detail/scan_mode__struct.hpp
[0.492s] -- Up-to-date: /home/chen/sentry_try/sentry_ws/install/sentry_msgs/include/sentry_msgs/sentry_msgs/msg/detail/armor_presence__struct.hpp
[0.492s] -- Up-to-date: /home/chen/sentry_try/sentry_ws/install/sentry_msgs/include/sentry_msgs/sentry_msgs/msg/detail/armor_presence__builder.hpp
[0.492s] -- Up-to-date: /home/chen/sentry_try/sentry_ws/install/sentry_msgs/include/sentry_msgs/sentry_msgs/msg/detail/armor_presence__type_support.hpp
[0.492s] -- Up-to-date: /home/chen/sentry_try/sentry_ws/install/sentry_msgs/include/sentry_msgs/sentry_msgs/msg/detail/armor_presence__traits.hpp
[0.492s] -- Up-to-date: /home/chen/sentry_try/sentry_ws/install/sentry_msgs/include/sentry_msgs/sentry_msgs
[0.493s] -- Up-to-date: /home/chen/sentry_try/sentry_ws/install/sentry_msgs/include/sentry_msgs/sentry_msgs/msg
[0.493s] -- Up-to-date: /home/chen/sentry_try/sentry_ws/install/sentry_msgs/include/sentry_msgs/sentry_msgs/msg/rosidl_typesupport_fastrtps_cpp__visibility_control.h
[0.493s] -- Up-to-date: /home/chen/sentry_try/sentry_ws/install/sentry_msgs/include/sentry_msgs/sentry_msgs/msg/detail
[0.493s] -- Up-to-date: /home/chen/sentry_try/sentry_ws/install/sentry_msgs/include/sentry_msgs/sentry_msgs/msg/detail/vw__rosidl_typesupport_fastrtps_cpp.hpp
[0.493s] -- Up-to-date: /home/chen/sentry_try/sentry_ws/install/sentry_msgs/include/sentry_msgs/sentry_msgs/msg/detail/armor_presence__rosidl_typesupport_fastrtps_cpp.hpp
[0.493s] -- Up-to-date: /home/chen/sentry_try/sentry_ws/install/sentry_msgs/include/sentry_msgs/sentry_msgs/msg/detail/scan_mode__rosidl_typesupport_fastrtps_cpp.hpp
[0.493s] -- Up-to-date: /home/chen/sentry_try/sentry_ws/install/sentry_msgs/include/sentry_msgs/sentry_msgs/msg/detail/dds_fastrtps
[0.494s] -- Up-to-date: /home/chen/sentry_try/sentry_ws/install/sentry_msgs/lib/libsentry_msgs__rosidl_typesupport_fastrtps_cpp.so
[0.494s] -- Up-to-date: /home/chen/sentry_try/sentry_ws/install/sentry_msgs/include/sentry_msgs/sentry_msgs
[0.494s] -- Up-to-date: /home/chen/sentry_try/sentry_ws/install/sentry_msgs/include/sentry_msgs/sentry_msgs/msg
[0.494s] -- Up-to-date: /home/chen/sentry_try/sentry_ws/install/sentry_msgs/include/sentry_msgs/sentry_msgs/msg/detail
[0.494s] -- Up-to-date: /home/chen/sentry_try/sentry_ws/install/sentry_msgs/include/sentry_msgs/sentry_msgs/msg/detail/scan_mode__type_support.cpp
[0.494s] -- Up-to-date: /home/chen/sentry_try/sentry_ws/install/sentry_msgs/include/sentry_msgs/sentry_msgs/msg/detail/scan_mode__rosidl_typesupport_introspection_cpp.hpp
[0.494s] -- Up-to-date: /home/chen/sentry_try/sentry_ws/install/sentry_msgs/include/sentry_msgs/sentry_msgs/msg/detail/vw__type_support.cpp
[0.494s] -- Up-to-date: /home/chen/sentry_try/sentry_ws/install/sentry_msgs/include/sentry_msgs/sentry_msgs/msg/detail/vw__rosidl_typesupport_introspection_cpp.hpp
[0.494s] -- Up-to-date: /home/chen/sentry_try/sentry_ws/install/sentry_msgs/include/sentry_msgs/sentry_msgs/msg/detail/armor_presence__type_support.cpp
[0.494s] -- Up-to-date: /home/chen/sentry_try/sentry_ws/install/sentry_msgs/include/sentry_msgs/sentry_msgs/msg/detail/armor_presence__rosidl_typesupport_introspection_cpp.hpp
[0.497s] -- Up-to-date: /home/chen/sentry_try/sentry_ws/install/sentry_msgs/lib/libsentry_msgs__rosidl_typesupport_introspection_cpp.so
[0.499s] -- Up-to-date: /home/chen/sentry_try/sentry_ws/install/sentry_msgs/lib/libsentry_msgs__rosidl_typesupport_cpp.so
[0.500s] -- Up-to-date: /home/chen/sentry_try/sentry_ws/install/sentry_msgs/share/sentry_msgs/environment/pythonpath.sh
[0.500s] -- Up-to-date: /home/chen/sentry_try/sentry_ws/install/sentry_msgs/share/sentry_msgs/environment/pythonpath.dsv
[0.500s] -- Up-to-date: /home/chen/sentry_try/sentry_ws/install/sentry_msgs/local/lib/python3.10/dist-packages/sentry_msgs-0.0.2-py3.10.egg-info
[0.500s] -- Installing: /home/chen/sentry_try/sentry_ws/install/sentry_msgs/local/lib/python3.10/dist-packages/sentry_msgs-0.0.2-py3.10.egg-info/top_level.txt
[0.500s] -- Installing: /home/chen/sentry_try/sentry_ws/install/sentry_msgs/local/lib/python3.10/dist-packages/sentry_msgs-0.0.2-py3.10.egg-info/PKG-INFO
[0.502s] -- Installing: /home/chen/sentry_try/sentry_ws/install/sentry_msgs/local/lib/python3.10/dist-packages/sentry_msgs-0.0.2-py3.10.egg-info/SOURCES.txt
[0.502s] -- Installing: /home/chen/sentry_try/sentry_ws/install/sentry_msgs/local/lib/python3.10/dist-packages/sentry_msgs-0.0.2-py3.10.egg-info/dependency_links.txt
[0.502s] -- Up-to-date: /home/chen/sentry_try/sentry_ws/install/sentry_msgs/local/lib/python3.10/dist-packages/sentry_msgs
[0.502s] -- Up-to-date: /home/chen/sentry_try/sentry_ws/install/sentry_msgs/local/lib/python3.10/dist-packages/sentry_msgs/sentry_msgs_s__rosidl_typesupport_introspection_c.cpython-310-x86_64-linux-gnu.so
[0.502s] -- Up-to-date: /home/chen/sentry_try/sentry_ws/install/sentry_msgs/local/lib/python3.10/dist-packages/sentry_msgs/_sentry_msgs_s.ep.rosidl_typesupport_introspection_c.c
[0.502s] -- Up-to-date: /home/chen/sentry_try/sentry_ws/install/sentry_msgs/local/lib/python3.10/dist-packages/sentry_msgs/msg
[0.502s] -- Up-to-date: /home/chen/sentry_try/sentry_ws/install/sentry_msgs/local/lib/python3.10/dist-packages/sentry_msgs/msg/_vw_s.c
[0.502s] -- Up-to-date: /home/chen/sentry_try/sentry_ws/install/sentry_msgs/local/lib/python3.10/dist-packages/sentry_msgs/msg/_scan_mode_s.c
[0.503s] -- Up-to-date: /home/chen/sentry_try/sentry_ws/install/sentry_msgs/local/lib/python3.10/dist-packages/sentry_msgs/msg/_vw.py
[0.503s] -- Up-to-date: /home/chen/sentry_try/sentry_ws/install/sentry_msgs/local/lib/python3.10/dist-packages/sentry_msgs/msg/_scan_mode.py
[0.503s] -- Up-to-date: /home/chen/sentry_try/sentry_ws/install/sentry_msgs/local/lib/python3.10/dist-packages/sentry_msgs/msg/_armor_presence.py
[0.503s] -- Up-to-date: /home/chen/sentry_try/sentry_ws/install/sentry_msgs/local/lib/python3.10/dist-packages/sentry_msgs/msg/_armor_presence_s.c
[0.503s] -- Up-to-date: /home/chen/sentry_try/sentry_ws/install/sentry_msgs/local/lib/python3.10/dist-packages/sentry_msgs/msg/__init__.py
[0.503s] -- Up-to-date: /home/chen/sentry_try/sentry_ws/install/sentry_msgs/local/lib/python3.10/dist-packages/sentry_msgs/libsentry_msgs__rosidl_generator_py.so
[0.503s] -- Up-to-date: /home/chen/sentry_try/sentry_ws/install/sentry_msgs/local/lib/python3.10/dist-packages/sentry_msgs/sentry_msgs_s__rosidl_typesupport_c.cpython-310-x86_64-linux-gnu.so
[0.503s] -- Up-to-date: /home/chen/sentry_try/sentry_ws/install/sentry_msgs/local/lib/python3.10/dist-packages/sentry_msgs/_sentry_msgs_s.ep.rosidl_typesupport_fastrtps_c.c
[0.503s] -- Up-to-date: /home/chen/sentry_try/sentry_ws/install/sentry_msgs/local/lib/python3.10/dist-packages/sentry_msgs/sentry_msgs_s__rosidl_typesupport_fastrtps_c.cpython-310-x86_64-linux-gnu.so
[0.503s] -- Up-to-date: /home/chen/sentry_try/sentry_ws/install/sentry_msgs/local/lib/python3.10/dist-packages/sentry_msgs/_sentry_msgs_s.ep.rosidl_typesupport_c.c
[0.503s] -- Up-to-date: /home/chen/sentry_try/sentry_ws/install/sentry_msgs/local/lib/python3.10/dist-packages/sentry_msgs/__init__.py
[0.532s] Listing '/home/chen/sentry_try/sentry_ws/install/sentry_msgs/local/lib/python3.10/dist-packages/sentry_msgs'...
[0.532s] Listing '/home/chen/sentry_try/sentry_ws/install/sentry_msgs/local/lib/python3.10/dist-packages/sentry_msgs/msg'...
[0.538s] -- Up-to-date: /home/chen/sentry_try/sentry_ws/install/sentry_msgs/local/lib/python3.10/dist-packages/sentry_msgs/sentry_msgs_s__rosidl_typesupport_fastrtps_c.cpython-310-x86_64-linux-gnu.so
[0.540s] -- Up-to-date: /home/chen/sentry_try/sentry_ws/install/sentry_msgs/local/lib/python3.10/dist-packages/sentry_msgs/sentry_msgs_s__rosidl_typesupport_introspection_c.cpython-310-x86_64-linux-gnu.so
[0.544s] -- Up-to-date: /home/chen/sentry_try/sentry_ws/install/sentry_msgs/local/lib/python3.10/dist-packages/sentry_msgs/sentry_msgs_s__rosidl_typesupport_c.cpython-310-x86_64-linux-gnu.so
[0.544s] -- Up-to-date: /home/chen/sentry_try/sentry_ws/install/sentry_msgs/lib/libsentry_msgs__rosidl_generator_py.so
[0.544s] -- Up-to-date: /home/chen/sentry_try/sentry_ws/install/sentry_msgs/share/ament_index/resource_index/rust_packages/sentry_msgs
[0.544s] -- Up-to-date: /home/chen/sentry_try/sentry_ws/install/sentry_msgs/share/sentry_msgs/rust
[0.544s] -- Up-to-date: /home/chen/sentry_try/sentry_ws/install/sentry_msgs/share/sentry_msgs/rust/Cargo.toml
[0.544s] -- Up-to-date: /home/chen/sentry_try/sentry_ws/install/sentry_msgs/share/sentry_msgs/rust/build.rs
[0.544s] -- Up-to-date: /home/chen/sentry_try/sentry_ws/install/sentry_msgs/share/sentry_msgs/rust/src
[0.544s] -- Up-to-date: /home/chen/sentry_try/sentry_ws/install/sentry_msgs/share/sentry_msgs/rust/src/msg
[0.544s] -- Up-to-date: /home/chen/sentry_try/sentry_ws/install/sentry_msgs/share/sentry_msgs/rust/src/msg/rmw.rs
[0.544s] -- Up-to-date: /home/chen/sentry_try/sentry_ws/install/sentry_msgs/share/sentry_msgs/rust/src/msg.rs
[0.545s] -- Up-to-date: /home/chen/sentry_try/sentry_ws/install/sentry_msgs/share/sentry_msgs/rust/src/lib.rs
[0.545s] -- Up-to-date: /home/chen/sentry_try/sentry_ws/install/sentry_msgs/share/sentry_msgs/msg/Vw.idl
[0.545s] -- Up-to-date: /home/chen/sentry_try/sentry_ws/install/sentry_msgs/share/sentry_msgs/msg/ScanMode.idl
[0.545s] -- Up-to-date: /home/chen/sentry_try/sentry_ws/install/sentry_msgs/share/sentry_msgs/msg/ArmorPresence.idl
[0.545s] -- Up-to-date: /home/chen/sentry_try/sentry_ws/install/sentry_msgs/share/sentry_msgs/msg/Vw.msg
[0.545s] -- Up-to-date: /home/chen/sentry_try/sentry_ws/install/sentry_msgs/share/sentry_msgs/msg/ScanMode.msg
[0.545s] -- Up-to-date: /home/chen/sentry_try/sentry_ws/install/sentry_msgs/share/sentry_msgs/msg/ArmorPresence.msg
[0.545s] -- Up-to-date: /home/chen/sentry_try/sentry_ws/install/sentry_msgs/share/ament_index/resource_index/package_run_dependencies/sentry_msgs
[0.545s] -- Up-to-date: /home/chen/sentry_try/sentry_ws/install/sentry_msgs/share/ament_index/resource_index/parent_prefix_path/sentry_msgs
[0.545s] -- Up-to-date: /home/chen/sentry_try/sentry_ws/install/sentry_msgs/share/sentry_msgs/environment/ament_prefix_path.sh
[0.545s] -- Up-to-date: /home/chen/sentry_try/sentry_ws/install/sentry_msgs/share/sentry_msgs/environment/ament_prefix_path.dsv
[0.545s] -- Up-to-date: /home/chen/sentry_try/sentry_ws/install/sentry_msgs/share/sentry_msgs/environment/path.sh
[0.545s] -- Up-to-date: /home/chen/sentry_try/sentry_ws/install/sentry_msgs/share/sentry_msgs/environment/path.dsv
[0.545s] -- Up-to-date: /home/chen/sentry_try/sentry_ws/install/sentry_msgs/share/sentry_msgs/local_setup.bash
[0.545s] -- Up-to-date: /home/chen/sentry_try/sentry_ws/install/sentry_msgs/share/sentry_msgs/local_setup.sh
[0.545s] -- Up-to-date: /home/chen/sentry_try/sentry_ws/install/sentry_msgs/share/sentry_msgs/local_setup.zsh
[0.545s] -- Up-to-date: /home/chen/sentry_try/sentry_ws/install/sentry_msgs/share/sentry_msgs/local_setup.dsv
[0.545s] -- Installing: /home/chen/sentry_try/sentry_ws/install/sentry_msgs/share/sentry_msgs/package.dsv
[0.547s] -- Up-to-date: /home/chen/sentry_try/sentry_ws/install/sentry_msgs/share/ament_index/resource_index/packages/sentry_msgs
[0.550s] -- Up-to-date: /home/chen/sentry_try/sentry_ws/install/sentry_msgs/share/sentry_msgs/cmake/export_sentry_msgs__rosidl_generator_cExport.cmake
[0.550s] -- Up-to-date: /home/chen/sentry_try/sentry_ws/install/sentry_msgs/share/sentry_msgs/cmake/export_sentry_msgs__rosidl_generator_cExport-release.cmake
[0.553s] -- Up-to-date: /home/chen/sentry_try/sentry_ws/install/sentry_msgs/share/sentry_msgs/cmake/export_sentry_msgs__rosidl_typesupport_fastrtps_cExport.cmake
[0.553s] -- Up-to-date: /home/chen/sentry_try/sentry_ws/install/sentry_msgs/share/sentry_msgs/cmake/export_sentry_msgs__rosidl_typesupport_fastrtps_cExport-release.cmake
[0.555s] -- Up-to-date: /home/chen/sentry_try/sentry_ws/install/sentry_msgs/share/sentry_msgs/cmake/sentry_msgs__rosidl_typesupport_introspection_cExport.cmake
[0.555s] -- Up-to-date: /home/chen/sentry_try/sentry_ws/install/sentry_msgs/share/sentry_msgs/cmake/sentry_msgs__rosidl_typesupport_introspection_cExport-release.cmake
[0.556s] -- Up-to-date: /home/chen/sentry_try/sentry_ws/install/sentry_msgs/share/sentry_msgs/cmake/sentry_msgs__rosidl_typesupport_cExport.cmake
[0.556s] -- Up-to-date: /home/chen/sentry_try/sentry_ws/install/sentry_msgs/share/sentry_msgs/cmake/sentry_msgs__rosidl_typesupport_cExport-release.cmake
[0.559s] -- Up-to-date: /home/chen/sentry_try/sentry_ws/install/sentry_msgs/share/sentry_msgs/cmake/export_sentry_msgs__rosidl_generator_cppExport.cmake
[0.559s] -- Up-to-date: /home/chen/sentry_try/sentry_ws/install/sentry_msgs/share/sentry_msgs/cmake/export_sentry_msgs__rosidl_typesupport_fastrtps_cppExport.cmake
[0.559s] -- Up-to-date: /home/chen/sentry_try/sentry_ws/install/sentry_msgs/share/sentry_msgs/cmake/export_sentry_msgs__rosidl_typesupport_fastrtps_cppExport-release.cmake
[0.561s] -- Up-to-date: /home/chen/sentry_try/sentry_ws/install/sentry_msgs/share/sentry_msgs/cmake/sentry_msgs__rosidl_typesupport_introspection_cppExport.cmake
[0.561s] -- Up-to-date: /home/chen/sentry_try/sentry_ws/install/sentry_msgs/share/sentry_msgs/cmake/sentry_msgs__rosidl_typesupport_introspection_cppExport-release.cmake
[0.564s] -- Up-to-date: /home/chen/sentry_try/sentry_ws/install/sentry_msgs/share/sentry_msgs/cmake/sentry_msgs__rosidl_typesupport_cppExport.cmake
[0.564s] -- Up-to-date: /home/chen/sentry_try/sentry_ws/install/sentry_msgs/share/sentry_msgs/cmake/sentry_msgs__rosidl_typesupport_cppExport-release.cmake
[0.567s] -- Up-to-date: /home/chen/sentry_try/sentry_ws/install/sentry_msgs/share/sentry_msgs/cmake/export_sentry_msgs__rosidl_generator_pyExport.cmake
[0.567s] -- Up-to-date: /home/chen/sentry_try/sentry_ws/install/sentry_msgs/share/sentry_msgs/cmake/export_sentry_msgs__rosidl_generator_pyExport-release.cmake
[0.567s] -- Up-to-date: /home/chen/sentry_try/sentry_ws/install/sentry_msgs/share/sentry_msgs/cmake/rosidl_cmake-extras.cmake
[0.567s] -- Up-to-date: /home/chen/sentry_try/sentry_ws/install/sentry_msgs/share/sentry_msgs/cmake/ament_cmake_export_dependencies-extras.cmake
[0.567s] -- Up-to-date: /home/chen/sentry_try/sentry_ws/install/sentry_msgs/share/sentry_msgs/cmake/ament_cmake_export_include_directories-extras.cmake
[0.567s] -- Up-to-date: /home/chen/sentry_try/sentry_ws/install/sentry_msgs/share/sentry_msgs/cmake/ament_cmake_export_libraries-extras.cmake
[0.567s] -- Up-to-date: /home/chen/sentry_try/sentry_ws/install/sentry_msgs/share/sentry_msgs/cmake/ament_cmake_export_targets-extras.cmake
[0.567s] -- Up-to-date: /home/chen/sentry_try/sentry_ws/install/sentry_msgs/share/sentry_msgs/cmake/rosidl_cmake_export_typesupport_targets-extras.cmake
[0.567s] -- Up-to-date: /home/chen/sentry_try/sentry_ws/install/sentry_msgs/share/sentry_msgs/cmake/rosidl_cmake_export_typesupport_libraries-extras.cmake
[0.568s] -- Up-to-date: /home/chen/sentry_try/sentry_ws/install/sentry_msgs/share/sentry_msgs/cmake/rosidl_cmake_aggregate_target-extras.cmake
[0.568s] -- Up-to-date: /home/chen/sentry_try/sentry_ws/install/sentry_msgs/share/sentry_msgs/cmake/sentry_msgsConfig.cmake
[0.568s] -- Up-to-date: /home/chen/sentry_try/sentry_ws/install/sentry_msgs/share/sentry_msgs/cmake/sentry_msgsConfig-version.cmake
[0.568s] -- Up-to-date: /home/chen/sentry_try/sentry_ws/install/sentry_msgs/share/sentry_msgs/package.xml
[0.572s] Invoked command in '/home/chen/sentry_try/sentry_ws/build/sentry_msgs' returned '0': CMAKE_PREFIX_PATH=/opt/ros/humble /usr/bin/cmake --install /home/chen/sentry_try/sentry_ws/build/sentry_msgs
