[0.020s] Invoking command in '/home/chen/sentry_try/sentry_ws/build/costmap_voxel': CMAKE_PREFIX_PATH=/opt/ros/humble /usr/bin/cmake /home/chen/sentry_try/sentry_ws/src/nav2_plugins/costmap_voxel -DCMAKE_INSTALL_PREFIX=/home/chen/sentry_try/sentry_ws/install/costmap_voxel
[0.064s] -- The C compiler identification is GNU 11.4.0
[0.105s] -- The CXX compiler identification is GNU 11.4.0
[0.110s] -- Detecting C compiler ABI info
[0.167s] -- Detecting C compiler ABI info - done
[0.173s] -- Check for working C compiler: /usr/bin/cc - skipped
[0.173s] -- Detecting C compile features
[0.174s] -- Detecting C compile features - done
[0.175s] -- Detecting CXX compiler ABI info
[0.241s] -- Detecting CXX compiler ABI info - done
[0.246s] -- Check for working CXX compiler: /usr/bin/c++ - skipped
[0.246s] -- Detecting CXX compile features
[0.246s] -- Detecting CXX compile features - done
[0.249s] -- Found ament_cmake: 1.3.14 (/opt/ros/humble/share/ament_cmake/cmake)
[0.367s] -- Found Python3: /usr/bin/python3 (found version "3.10.12") found components: Interpreter 
[0.450s] -- Found rclcpp: 16.0.19 (/opt/ros/humble/share/rclcpp/cmake)
[0.483s] -- Found rosidl_generator_c: 3.1.8 (/opt/ros/humble/share/rosidl_generator_c/cmake)
[0.487s] -- Found rosidl_adapter: 3.1.8 (/opt/ros/humble/share/rosidl_adapter/cmake)
[0.494s] -- Found rosidl_generator_cpp: 3.1.8 (/opt/ros/humble/share/rosidl_generator_cpp/cmake)
[0.505s] -- Using all available rosidl_typesupport_c: rosidl_typesupport_fastrtps_c;rosidl_typesupport_introspection_c
[0.516s] -- Using all available rosidl_typesupport_cpp: rosidl_typesupport_fastrtps_cpp;rosidl_typesupport_introspection_cpp
[0.548s] -- Found rmw_implementation_cmake: 6.1.2 (/opt/ros/humble/share/rmw_implementation_cmake/cmake)
[0.550s] -- Found rmw_fastrtps_cpp: 6.2.10 (/opt/ros/humble/share/rmw_fastrtps_cpp/cmake)
[0.619s] -- Found OpenSSL: /usr/lib/x86_64-linux-gnu/libcrypto.so (found version "3.0.2")  
[0.645s] -- Found FastRTPS: /opt/ros/humble/include  
[0.688s] -- Using RMW implementation 'rmw_fastrtps_cpp' as default
[0.695s] -- Looking for pthread.h
[0.754s] -- Looking for pthread.h - found
[0.754s] -- Performing Test CMAKE_HAVE_LIBC_PTHREAD
[0.811s] -- Performing Test CMAKE_HAVE_LIBC_PTHREAD - Success
[0.812s] -- Found Threads: TRUE  
[0.852s] -- Found pluginlib: 5.1.4 (/opt/ros/humble/share/pluginlib/cmake)
[0.878s] -- Found sensor_msgs: 4.9.1 (/opt/ros/humble/share/sensor_msgs/cmake)
[0.898s] -- Found nav2_costmap_2d: 1.1.20 (/opt/ros/humble/share/nav2_costmap_2d/cmake)
[1.036s] -- Found Eigen3: TRUE (found version "3.4.0") 
[1.036s] -- Ensuring Eigen3 include directory is part of orocos-kdl CMake target
[1.121s] -- Found pcl_conversions: 2.4.5 (/opt/ros/humble/share/pcl_conversions/cmake)
[1.145s] -- Checking for module 'eigen3'
[1.159s] --   Found eigen3, version 3.4.0
[1.194s] -- Found Eigen: /usr/include/eigen3 (Required is at least version "3.1") 
[1.194s] -- Eigen found (include: /usr/include/eigen3, version: 3.4.0)
[1.229s] -- Checking for module 'flann'
[1.243s] --   Found flann, version 1.9.1
[1.283s] -- Found FLANN: /usr/lib/x86_64-linux-gnu/libflann_cpp.so  
[1.283s] -- FLANN found (include: /usr/include, lib: /usr/lib/x86_64-linux-gnu/libflann_cpp.so)
[2.037s] -- Checking for module 'libusb-1.0'
[2.051s] --   Found libusb-1.0, version 1.0.25
[2.087s] -- Found libusb: /usr/lib/x86_64-linux-gnu/libusb-1.0.so  
[2.088s] -- OpenNI found (version: 1.5.4.0, include: /usr/include/ni, lib: /usr/lib/libOpenNI.so;libusb::libusb)
[2.149s] -- OpenNI2 found (version: 2.2.0.33, include: /usr/include/openni2, lib: /usr/lib/x86_64-linux-gnu/libOpenNI2.so;libusb::libusb)
[2.261s] -- Eigen found (include: /usr/include/eigen3, version: 3.4.0)
[2.266s] -- OpenNI found (version: 1.5.4.0, include: /usr/include/ni, lib: /usr/lib/libOpenNI.so;libusb::libusb)
[2.271s] -- OpenNI2 found (version: 2.2.0.33, include: /usr/include/openni2, lib: /usr/lib/x86_64-linux-gnu/libOpenNI2.so;libusb::libusb)
[2.371s] -- Found Qhull version 8.0.2
[2.474s] -- OpenNI found (version: 1.5.4.0, include: /usr/include/ni, lib: /usr/lib/libOpenNI.so;libusb::libusb)
[2.574s] -- Found PCL_COMMON: /usr/lib/x86_64-linux-gnu/libpcl_common.so  
[2.574s] -- Found PCL_KDTREE: /usr/lib/x86_64-linux-gnu/libpcl_kdtree.so  
[2.575s] -- Found PCL_OCTREE: /usr/lib/x86_64-linux-gnu/libpcl_octree.so  
[2.575s] -- Found PCL_SEARCH: /usr/lib/x86_64-linux-gnu/libpcl_search.so  
[2.576s] -- Found PCL_SAMPLE_CONSENSUS: /usr/lib/x86_64-linux-gnu/libpcl_sample_consensus.so  
[2.576s] -- Found PCL_FILTERS: /usr/lib/x86_64-linux-gnu/libpcl_filters.so  
[2.577s] -- Found PCL_2D: /usr/include/pcl-1.12  
[2.577s] -- Found PCL_GEOMETRY: /usr/include/pcl-1.12  
[2.577s] -- Found PCL_IO: /usr/lib/x86_64-linux-gnu/libpcl_io.so  
[2.578s] -- Found PCL_FEATURES: /usr/lib/x86_64-linux-gnu/libpcl_features.so  
[2.578s] -- Found PCL_ML: /usr/lib/x86_64-linux-gnu/libpcl_ml.so  
[2.579s] -- Found PCL_SEGMENTATION: /usr/lib/x86_64-linux-gnu/libpcl_segmentation.so  
[2.579s] -- Found PCL_VISUALIZATION: /usr/lib/x86_64-linux-gnu/libpcl_visualization.so  
[2.580s] -- Found PCL_SURFACE: /usr/lib/x86_64-linux-gnu/libpcl_surface.so  
[2.581s] -- Found PCL_REGISTRATION: /usr/lib/x86_64-linux-gnu/libpcl_registration.so  
[2.581s] -- Found PCL_KEYPOINTS: /usr/lib/x86_64-linux-gnu/libpcl_keypoints.so  
[2.582s] -- Found PCL_TRACKING: /usr/lib/x86_64-linux-gnu/libpcl_tracking.so  
[2.582s] -- Found PCL_RECOGNITION: /usr/lib/x86_64-linux-gnu/libpcl_recognition.so  
[2.583s] -- Found PCL_STEREO: /usr/lib/x86_64-linux-gnu/libpcl_stereo.so  
[2.584s] -- Found PCL_APPS: /usr/lib/x86_64-linux-gnu/libpcl_apps.so  
[2.584s] -- Found PCL_IN_HAND_SCANNER: /usr/include/pcl-1.12  
[2.584s] -- Found PCL_MODELER: /usr/include/pcl-1.12  
[2.584s] -- Found PCL_POINT_CLOUD_EDITOR: /usr/include/pcl-1.12  
[2.585s] -- Found PCL_OUTOFCORE: /usr/lib/x86_64-linux-gnu/libpcl_outofcore.so  
[2.586s] -- Found PCL_PEOPLE: /usr/lib/x86_64-linux-gnu/libpcl_people.so  
[2.587s] [33mCMake Warning (dev) at CMakeLists.txt:10 (find_package):
[2.587s]   Policy CMP0074 is not set: find_package uses <PackageName>_ROOT variables.
[2.587s]   Run "cmake --help-policy CMP0074" for policy details.  Use the cmake_policy
[2.587s]   command to set the policy and suppress this warning.
[2.587s] 
[2.587s]   CMake variable PCL_ROOT is set to:
[2.587s] 
[2.587s]     /usr
[2.587s] 
[2.587s]   For compatibility, CMake is ignoring the variable.
[2.587s] This warning is for project developers.  Use -Wno-dev to suppress it.
[2.587s] [0m
[2.641s] -- Configuring done
[2.683s] -- Generating done
[2.691s] -- Build files have been written to: /home/chen/sentry_try/sentry_ws/build/costmap_voxel
