[0.010s] Invoking command in '/home/chen/sentry_try/sentry_ws/build/serial_comm': CMAKE_PREFIX_PATH=${CMAKE_PREFIX_PATH}:/opt/ros/humble /usr/bin/cmake --build /home/chen/sentry_try/sentry_ws/build/serial_comm -- -j16 -l16
[0.030s] -- Found ament_cmake: 1.3.14 (/opt/ros/humble/share/ament_cmake/cmake)
[0.134s] -- Found rclcpp: 16.0.19 (/opt/ros/humble/share/rclcpp/cmake)
[0.153s] -- Found rosidl_generator_c: 3.1.8 (/opt/ros/humble/share/rosidl_generator_c/cmake)
[0.155s] -- Found rosidl_adapter: 3.1.8 (/opt/ros/humble/share/rosidl_adapter/cmake)
[0.159s] -- Found rosidl_generator_cpp: 3.1.8 (/opt/ros/humble/share/rosidl_generator_cpp/cmake)
[0.165s] -- Using all available rosidl_typesupport_c: rosidl_typesupport_fastrtps_c;rosidl_typesupport_introspection_c
[0.172s] -- Using all available rosidl_typesupport_cpp: rosidl_typesupport_fastrtps_cpp;rosidl_typesupport_introspection_cpp
[0.190s] -- Found rmw_implementation_cmake: 6.1.2 (/opt/ros/humble/share/rmw_implementation_cmake/cmake)
[0.191s] -- Found rmw_fastrtps_cpp: 6.2.10 (/opt/ros/humble/share/rmw_fastrtps_cpp/cmake)
[0.294s] -- Using RMW implementation 'rmw_fastrtps_cpp' as default
[0.330s] -- Found geometry_msgs: 4.9.1 (/opt/ros/humble/share/geometry_msgs/cmake)
[0.339s] -- Found sentry_msgs: 0.0.2 (/home/chen/sentry_try/sentry_ws/install/sentry_msgs/share/sentry_msgs/cmake)
[0.393s] -- Configuring done
[0.403s] -- Generating done
[0.406s] -- Build files have been written to: /home/chen/sentry_try/sentry_ws/build/serial_comm
[0.432s] [35m[1mConsolidate compiler generated dependencies of target sentry_comm_node[0m
[0.455s] [ 50%] [32mBuilding CXX object CMakeFiles/sentry_comm_node.dir/src/sentry_comm_node.cpp.o[0m
[11.488s] [100%] [32m[1mLinking CXX executable sentry_comm_node[0m
[11.947s] [100%] Built target sentry_comm_node
