[0.011s] Invoking command in '/home/chen/sentry_try/sentry_ws/build/can_comm': AMENT_PREFIX_PATH=/home/chen/sentry_try/sentry_ws/install/sentry_msgs:${AMENT_PREFIX_PATH} CMAKE_PREFIX_PATH=/home/chen/sentry_try/sentry_ws/install/sentry_msgs:/opt/ros/humble LD_LIBRARY_PATH=/home/chen/sentry_try/sentry_ws/install/sentry_msgs/lib:${LD_LIBRARY_PATH} PYTHONPATH=/home/chen/sentry_try/sentry_ws/install/sentry_msgs/local/lib/python3.10/dist-packages:${PYTHONPATH} /usr/bin/cmake --build /home/chen/sentry_try/sentry_ws/build/can_comm -- -j16 -l16
[0.048s] [35m[1mConsolidate compiler generated dependencies of target can_send_node[0m
[0.059s] [ 50%] Built target can_receive_node
[0.063s] [ 75%] [32mBuilding CXX object CMakeFiles/can_send_node.dir/src/can_send.cpp.o[0m
[1.878s] [01m[K/home/chen/sentry_try/sentry_ws/src/can_comm/src/can_send.cpp:[m[K In constructor ‘[01m[KCanSender::CanSender()[m[K’:
[1.878s] [01m[K/home/chen/sentry_try/sentry_ws/src/can_comm/src/can_send.cpp:44:13:[m[K [01;35m[Kwarning: [m[Kunused variable ‘[01m[Ksend_freq[m[K’ [[01;35m[K]8;;https://gcc.gnu.org/onlinedocs/gcc/Warning-Options.html#index-Wunused-variable-Wunused-variable]8;;[m[K]
[1.878s]    44 |         int [01;35m[Ksend_freq[m[K = this->get_parameter("send_freq").as_int();
[1.878s]       |             [01;35m[K^~~~~~~~~[m[K
[4.214s] In file included from [01m[K/usr/include/x86_64-linux-gnu/c++/11/bits/c++allocator.h:33[m[K,
[4.215s]                  from [01m[K/usr/include/c++/11/bits/allocator.h:46[m[K,
[4.215s]                  from [01m[K/usr/include/c++/11/memory:64[m[K,
[4.215s]                  from [01m[K/opt/ros/humble/include/rclcpp/rclcpp/rclcpp.hpp:153[m[K,
[4.215s]                  from [01m[K/home/chen/sentry_try/sentry_ws/src/can_comm/src/can_send.cpp:1[m[K:
[4.215s] /usr/include/c++/11/ext/new_allocator.h: In instantiation of ‘[01m[Kvoid __gnu_cxx::new_allocator<_Tp>::destroy(_Up*) [with _Up = CanSender; _Tp = CanSender][m[K’:
[4.215s] [01m[K/usr/include/c++/11/bits/alloc_traits.h:535:15:[m[K   required from ‘[01m[Kstatic void std::allocator_traits<std::allocator<_Tp1> >::destroy(std::allocator_traits<std::allocator<_Tp1> >::allocator_type&, _Up*) [with _Up = CanSender; _Tp = CanSender; std::allocator_traits<std::allocator<_Tp1> >::allocator_type = std::allocator<CanSender>][m[K’
[4.215s] [01m[K/usr/include/c++/11/bits/shared_ptr_base.h:528:35:[m[K   required from ‘[01m[Kvoid std::_Sp_counted_ptr_inplace<_Tp, _Alloc, _Lp>::_M_dispose() [with _Tp = CanSender; _Alloc = std::allocator<CanSender>; __gnu_cxx::_Lock_policy _Lp = __gnu_cxx::_S_atomic][m[K’
[4.215s] [01m[K/usr/include/c++/11/bits/shared_ptr_base.h:526:7:[m[K   required from here
[4.215s] [01m[K/usr/include/c++/11/ext/new_allocator.h:168:20:[m[K [01;31m[Kerror: [m[K‘[01m[Kvirtual CanSender::~CanSender()[m[K’ is private within this context
[4.215s]   168 |         { [01;31m[K__p->~_Up()[m[K; }
[4.215s]       |           [01;31m[K~~~~~~~~~^~[m[K
[4.215s] [01m[K/home/chen/sentry_try/sentry_ws/src/can_comm/src/can_send.cpp:261:5:[m[K [01;36m[Knote: [m[Kdeclared private here
[4.215s]   261 |     [01;36m[K~[m[KCanSender() override { if (send_fd_ >= 0) close(send_fd_); }
[4.215s]       |     [01;36m[K^[m[K
[5.720s] gmake[2]: *** [CMakeFiles/can_send_node.dir/build.make:76：CMakeFiles/can_send_node.dir/src/can_send.cpp.o] 错误 1
[5.720s] gmake[1]: *** [CMakeFiles/Makefile2:165：CMakeFiles/can_send_node.dir/all] 错误 2
[5.721s] gmake: *** [Makefile:146：all] 错误 2
[5.723s] Invoked command in '/home/chen/sentry_try/sentry_ws/build/can_comm' returned '2': AMENT_PREFIX_PATH=/home/chen/sentry_try/sentry_ws/install/sentry_msgs:${AMENT_PREFIX_PATH} CMAKE_PREFIX_PATH=/home/chen/sentry_try/sentry_ws/install/sentry_msgs:/opt/ros/humble LD_LIBRARY_PATH=/home/chen/sentry_try/sentry_ws/install/sentry_msgs/lib:${LD_LIBRARY_PATH} PYTHONPATH=/home/chen/sentry_try/sentry_ws/install/sentry_msgs/local/lib/python3.10/dist-packages:${PYTHONPATH} /usr/bin/cmake --build /home/chen/sentry_try/sentry_ws/build/can_comm -- -j16 -l16
