[0.010s] Invoking command in '/home/chen/sentry_try/sentry_ws/build/lightning': AMENT_PREFIX_PATH=/home/chen/sentry_try/sentry_ws/install/rm_referee_msgs:${AMENT_PREFIX_PATH} CMAKE_PREFIX_PATH=/home/chen/sentry_try/sentry_ws/install/rm_referee_msgs:/opt/ros/humble LD_LIBRARY_PATH=/home/chen/sentry_try/sentry_ws/install/rm_referee_msgs/lib:${LD_LIBRARY_PATH} PYTHONPATH=/home/chen/sentry_try/sentry_ws/install/rm_referee_msgs/local/lib/python3.10/dist-packages:${PYTHONPATH} /usr/bin/cmake --build /home/chen/sentry_try/sentry_ws/build/lightning -- -j16 -l16
[0.061s] -- Eigen found (include: /usr/include/eigen3, version: 3.4.0)
[0.094s] -- FLANN found (include: /usr/include, lib: /usr/lib/x86_64-linux-gnu/libflann_cpp.so)
[0.120s] -- Found OpenGL: /usr/lib/x86_64-linux-gnu/libOpenGL.so  found components: OpenGL GLX 
[0.336s] -- OpenNI found (version: 1.5.4.0, include: /usr/include/ni, lib: /usr/lib/libOpenNI.so;libusb::libusb)
[0.342s] -- OpenNI2 found (version: 2.2.0.33, include: /usr/include/openni2, lib: /usr/lib/x86_64-linux-gnu/libOpenNI2.so;libusb::libusb)
[0.342s] [0m** WARNING ** io features related to pcap will be disabled[0m
[0.451s] -- Eigen found (include: /usr/include/eigen3, version: 3.4.0)
[0.457s] -- OpenNI found (version: 1.5.4.0, include: /usr/include/ni, lib: /usr/lib/libOpenNI.so;libusb::libusb)
[0.463s] -- OpenNI2 found (version: 2.2.0.33, include: /usr/include/openni2, lib: /usr/lib/x86_64-linux-gnu/libOpenNI2.so;libusb::libusb)
[0.567s] -- Found Qhull version 8.0.2
[0.676s] -- OpenNI found (version: 1.5.4.0, include: /usr/include/ni, lib: /usr/lib/libOpenNI.so;libusb::libusb)
[0.776s] -- looking for PCL_COMMON
[0.776s] -- looking for PCL_KDTREE
[0.776s] -- looking for PCL_OCTREE
[0.776s] -- looking for PCL_SEARCH
[0.776s] -- looking for PCL_SAMPLE_CONSENSUS
[0.776s] -- looking for PCL_FILTERS
[0.776s] -- looking for PCL_2D
[0.777s] -- looking for PCL_GEOMETRY
[0.777s] -- looking for PCL_IO
[0.777s] -- looking for PCL_FEATURES
[0.777s] -- looking for PCL_ML
[0.777s] -- looking for PCL_SEGMENTATION
[0.777s] -- looking for PCL_VISUALIZATION
[0.778s] -- looking for PCL_SURFACE
[0.778s] -- looking for PCL_REGISTRATION
[0.778s] -- looking for PCL_KEYPOINTS
[0.778s] -- looking for PCL_TRACKING
[0.778s] -- looking for PCL_RECOGNITION
[0.779s] -- looking for PCL_STEREO
[0.779s] -- looking for PCL_APPS
[0.779s] -- looking for PCL_IN_HAND_SCANNER
[0.779s] -- looking for PCL_MODELER
[0.779s] -- looking for PCL_POINT_CLOUD_EDITOR
[0.780s] -- looking for PCL_OUTOFCORE
[0.780s] -- looking for PCL_PEOPLE
[0.784s] -- Found OpenGL: /usr/lib/x86_64-linux-gnu/libOpenGL.so  found components: OpenGL 
[0.785s] -- Found OpenGL: /usr/lib/x86_64-linux-gnu/libOpenGL.so   
[0.788s] -- Found pcl_conversions: 2.4.5 (/opt/ros/humble/share/pcl_conversions/cmake)
[0.915s] -- Found rosidl_generator_c: 3.1.9 (/opt/ros/humble/share/rosidl_generator_c/cmake)
[0.917s] -- Found rosidl_adapter: 3.1.9 (/opt/ros/humble/share/rosidl_adapter/cmake)
[0.920s] -- Found rosidl_generator_cpp: 3.1.9 (/opt/ros/humble/share/rosidl_generator_cpp/cmake)
[0.926s] -- Using all available rosidl_typesupport_c: rosidl_typesupport_fastrtps_c;rosidl_typesupport_introspection_c
[0.933s] -- Using all available rosidl_typesupport_cpp: rosidl_typesupport_fastrtps_cpp;rosidl_typesupport_introspection_cpp
[1.001s] -- Found rmw_implementation_cmake: 6.1.2 (/opt/ros/humble/share/rmw_implementation_cmake/cmake)
[1.005s] -- Found rmw_fastrtps_cpp: 6.2.10 (/opt/ros/humble/share/rmw_fastrtps_cpp/cmake)
[1.143s] -- Using RMW implementation 'rmw_fastrtps_cpp' as default
[1.237s] -- Found nav_msgs: 4.9.1 (/opt/ros/humble/share/nav_msgs/cmake)
[1.271s] -- Found std_srvs: 4.9.1 (/opt/ros/humble/share/std_srvs/cmake)
[1.325s] -- Found tf2: 0.25.20 (/opt/ros/humble/share/tf2/cmake)
[1.343s] -- Found tf2_ros: 0.25.20 (/opt/ros/humble/share/tf2_ros/cmake)
[1.578s] -- Found rosbag2_cpp: 0.15.16 (/opt/ros/humble/share/rosbag2_cpp/cmake)
[1.627s] -- Found rosidl_default_generators: 1.2.1 (/opt/ros/humble/share/rosidl_default_generators/cmake)
[1.639s] -- Found rm_referee_msgs: 0.0.0 (/home/chen/sentry_try/sentry_ws/install/rm_referee_msgs/share/rm_referee_msgs/cmake)
[1.906s] -- Found ament_cmake_ros: 0.10.0 (/opt/ros/humble/share/ament_cmake_ros/cmake)
[2.239s] -- Using all available rosidl_typesupport_c: rosidl_typesupport_fastrtps_c;rosidl_typesupport_introspection_c
[2.366s] -- Using all available rosidl_typesupport_cpp: rosidl_typesupport_fastrtps_cpp;rosidl_typesupport_introspection_cpp
[2.382s] -- Found python_cmake_module: 0.10.0 (/opt/ros/humble/share/python_cmake_module/cmake)
[2.400s] -- Using PYTHON_EXECUTABLE: /usr/bin/python3
[2.400s] -- Using PYTHON_INCLUDE_DIRS: /usr/include/python3.10
[2.400s] -- Using PYTHON_LIBRARIES: /usr/lib/x86_64-linux-gnu/libpython3.10.so
[2.509s] -- livox_ros_driver2 version: 2.6.0
[2.512s] -- Found ament_cmake_auto: 1.3.14 (/opt/ros/humble/share/ament_cmake_auto/cmake)
[2.534s] [0m/usr/include/apr-1.0[0m
[2.534s] [0mapr-1[0m
[2.932s] -- Using all available rosidl_typesupport_c: rosidl_typesupport_fastrtps_c;rosidl_typesupport_introspection_c
[3.030s] -- Using all available rosidl_typesupport_cpp: rosidl_typesupport_fastrtps_cpp;rosidl_typesupport_introspection_cpp
[3.062s] -- Using PYTHON_EXECUTABLE: /usr/bin/python3
[3.063s] -- Using PYTHON_INCLUDE_DIRS: /usr/include/python3.10
[3.063s] -- Using PYTHON_LIBRARIES: /usr/lib/x86_64-linux-gnu/libpython3.10.so
[3.194s] -- Configuring done
[3.820s] -- Generating done
[3.880s] -- Build files have been written to: /home/chen/sentry_try/sentry_ws/build/lightning
[3.926s] [35m[1mConsolidate compiler generated dependencies of target lightning__rosidl_generator_c[0m
[3.927s] [35m[1mConsolidate compiler generated dependencies of target livox_interfaces2__rosidl_generator_c[0m
[3.927s] [35m[1mConsolidate compiler generated dependencies of target miao.utils[0m
[3.934s] [  0%] Built target livox_interfaces2__rs
[3.935s] [  1%] Built target lightning__cpp
[3.935s] [  2%] Built target lightning__rs
[3.935s] [  5%] Built target livox_interfaces2__rosidl_generator_c
[3.937s] [  8%] Built target lightning__rosidl_generator_c
[3.937s] [  9%] Built target livox_interfaces2__cpp
[3.938s] [35m[1mConsolidate compiler generated dependencies of target miao.core[0m
[3.941s] [ 10%] Built target miao.utils
[3.947s] [35m[1mConsolidate compiler generated dependencies of target livox_interfaces2__rosidl_typesupport_introspection_c[0m
[3.947s] [35m[1mConsolidate compiler generated dependencies of target lightning__rosidl_typesupport_c[0m
[3.947s] [35m[1mConsolidate compiler generated dependencies of target lightning__rosidl_typesupport_introspection_c[0m
[3.947s] [35m[1mConsolidate compiler generated dependencies of target livox_interfaces2__rosidl_typesupport_c[0m
[3.947s] [35m[1mConsolidate compiler generated dependencies of target livox_interfaces2__rosidl_typesupport_introspection_cpp[0m
[3.947s] [35m[1mConsolidate compiler generated dependencies of target livox_interfaces2__rosidl_typesupport_fastrtps_c[0m
[3.951s] [35m[1mConsolidate compiler generated dependencies of target lightning__rosidl_typesupport_introspection_cpp[0m
[3.951s] [35m[1mConsolidate compiler generated dependencies of target lightning__rosidl_typesupport_fastrtps_c[0m
[3.951s] [35m[1mConsolidate compiler generated dependencies of target lightning__rosidl_typesupport_fastrtps_cpp[0m
[3.951s] [35m[1mConsolidate compiler generated dependencies of target lightning__rosidl_typesupport_cpp[0m
[3.951s] [35m[1mConsolidate compiler generated dependencies of target livox_interfaces2__rosidl_typesupport_fastrtps_cpp[0m
[3.951s] [35m[1mConsolidate compiler generated dependencies of target livox_interfaces2__rosidl_typesupport_cpp[0m
[3.962s] [ 11%] Built target ament_cmake_python_copy_lightning
[3.962s] [ 13%] Built target lightning__rosidl_typesupport_introspection_c
[3.962s] [ 16%] Built target livox_interfaces2__rosidl_typesupport_introspection_c
[3.962s] [ 25%] Built target livox_interfaces2__rosidl_typesupport_c
[3.962s] [ 24%] Built target lightning__rosidl_typesupport_c
[3.963s] [ 25%] Built target lightning__rosidl_typesupport_cpp
[3.963s] [ 28%] Built target lightning__rosidl_typesupport_introspection_cpp
[3.963s] [ 28%] Built target ament_cmake_python_copy_livox_ros_driver2
[3.963s] [ 34%] Built target lightning__rosidl_typesupport_fastrtps_cpp
[3.963s] [ 33%] Built target livox_interfaces2__rosidl_typesupport_fastrtps_c
[3.963s] [ 37%] Built target livox_interfaces2__rosidl_typesupport_fastrtps_cpp
[3.963s] [ 40%] Built target livox_interfaces2__rosidl_typesupport_introspection_cpp
[3.964s] [ 44%] Built target livox_interfaces2__rosidl_typesupport_cpp
[3.964s] [ 46%] Built target lightning__rosidl_typesupport_fastrtps_c
[3.968s] [ 53%] Built target miao.core
[3.980s] [ 53%] Built target lightning
[3.981s] [ 53%] Built target livox_interfaces2
[4.002s] [ 53%] Built target livox_interfaces2__py
[4.002s] [ 54%] Built target lightning__py
[4.011s] [35m[1mConsolidate compiler generated dependencies of target livox_interfaces2__rosidl_generator_py[0m
[4.014s] [35m[1mConsolidate compiler generated dependencies of target lightning__rosidl_generator_py[0m
[4.025s] [ 56%] Built target livox_interfaces2__rosidl_generator_py
[4.027s] [ 58%] Built target lightning__rosidl_generator_py
[4.034s] [35m[1mConsolidate compiler generated dependencies of target lightning__rosidl_typesupport_introspection_c__pyext[0m
[4.034s] [35m[1mConsolidate compiler generated dependencies of target lightning__rosidl_typesupport_c__pyext[0m
[4.034s] [35m[1mConsolidate compiler generated dependencies of target livox_ros_driver2__rosidl_typesupport_fastrtps_c__pyext[0m
[4.034s] [35m[1mConsolidate compiler generated dependencies of target livox_ros_driver2__rosidl_typesupport_introspection_c__pyext[0m
[4.034s] [35m[1mConsolidate compiler generated dependencies of target livox_ros_driver2__rosidl_typesupport_c__pyext[0m
[4.034s] [35m[1mConsolidate compiler generated dependencies of target lightning__rosidl_typesupport_fastrtps_c__pyext[0m
[4.045s] [ 65%] Built target lightning__rosidl_typesupport_fastrtps_c__pyext
[4.045s] [ 65%] Built target livox_ros_driver2__rosidl_typesupport_fastrtps_c__pyext
[4.045s] [ 65%] Built target lightning__rosidl_typesupport_introspection_c__pyext
[4.045s] [ 65%] Built target livox_ros_driver2__rosidl_typesupport_c__pyext
[4.045s] [ 65%] Built target livox_ros_driver2__rosidl_typesupport_introspection_c__pyext
[4.046s] [ 66%] Built target lightning__rosidl_typesupport_c__pyext
[4.073s] [35m[1mConsolidate compiler generated dependencies of target lightning.libs[0m
[4.132s] running egg_info
[4.132s] writing livox_ros_driver2.egg-info/PKG-INFO
[4.133s] writing dependency_links to livox_ros_driver2.egg-info/dependency_links.txt
[4.133s] writing top-level names to livox_ros_driver2.egg-info/top_level.txt
[4.134s] reading manifest file 'livox_ros_driver2.egg-info/SOURCES.txt'
[4.134s] writing manifest file 'livox_ros_driver2.egg-info/SOURCES.txt'
[4.137s] running egg_info
[4.138s] writing lightning.egg-info/PKG-INFO
[4.138s] writing dependency_links to lightning.egg-info/dependency_links.txt
[4.138s] writing top-level names to lightning.egg-info/top_level.txt
[4.140s] reading manifest file 'lightning.egg-info/SOURCES.txt'
[4.143s] writing manifest file 'lightning.egg-info/SOURCES.txt'
[4.157s] [ 66%] Built target ament_cmake_python_build_livox_ros_driver2_egg
[4.167s] [ 66%] Built target ament_cmake_python_build_lightning_egg
[4.424s] [ 89%] Built target lightning.libs
[4.436s] [35m[1mConsolidate compiler generated dependencies of target test_ui[0m
[4.436s] [35m[1mConsolidate compiler generated dependencies of target run_loc_online[0m
[4.436s] [35m[1mConsolidate compiler generated dependencies of target run_slam_offline[0m
[4.436s] [35m[1mConsolidate compiler generated dependencies of target run_loop_offline[0m
[4.436s] [35m[1mConsolidate compiler generated dependencies of target run_loc_offline[0m
[4.436s] [35m[1mConsolidate compiler generated dependencies of target run_slam_online[0m
[4.436s] [35m[1mConsolidate compiler generated dependencies of target run_frontend_offline[0m
[4.465s] [ 96%] Built target run_slam_offline
[4.465s] [ 96%] Built target run_loop_offline
[4.465s] [ 96%] Built target test_ui
[4.465s] [ 96%] Built target run_slam_online
[4.465s] [ 96%] Built target run_loc_offline
[4.465s] [ 98%] Built target run_frontend_offline
[4.466s] [ 99%] [32m[1mLinking CXX executable /home/chen/sentry_try/sentry_ws/src/lightning-lm/bin/run_loc_online[0m
[6.520s] [100%] Built target run_loc_online
[6.532s] Invoked command in '/home/chen/sentry_try/sentry_ws/build/lightning' returned '0': AMENT_PREFIX_PATH=/home/chen/sentry_try/sentry_ws/install/rm_referee_msgs:${AMENT_PREFIX_PATH} CMAKE_PREFIX_PATH=/home/chen/sentry_try/sentry_ws/install/rm_referee_msgs:/opt/ros/humble LD_LIBRARY_PATH=/home/chen/sentry_try/sentry_ws/install/rm_referee_msgs/lib:${LD_LIBRARY_PATH} PYTHONPATH=/home/chen/sentry_try/sentry_ws/install/rm_referee_msgs/local/lib/python3.10/dist-packages:${PYTHONPATH} /usr/bin/cmake --build /home/chen/sentry_try/sentry_ws/build/lightning -- -j16 -l16
[6.535s] Invoking command in '/home/chen/sentry_try/sentry_ws/build/lightning': AMENT_PREFIX_PATH=/home/chen/sentry_try/sentry_ws/install/rm_referee_msgs:${AMENT_PREFIX_PATH} CMAKE_PREFIX_PATH=/home/chen/sentry_try/sentry_ws/install/rm_referee_msgs:/opt/ros/humble LD_LIBRARY_PATH=/home/chen/sentry_try/sentry_ws/install/rm_referee_msgs/lib:${LD_LIBRARY_PATH} PYTHONPATH=/home/chen/sentry_try/sentry_ws/install/rm_referee_msgs/local/lib/python3.10/dist-packages:${PYTHONPATH} /usr/bin/cmake --install /home/chen/sentry_try/sentry_ws/build/lightning
[6.541s] -- Install configuration: "Release"
[6.542s] -- Up-to-date: /home/chen/sentry_try/sentry_ws/install/lightning/share/ament_index/resource_index/rosidl_interfaces/lightning
[6.542s] -- Up-to-date: /home/chen/sentry_try/sentry_ws/install/lightning/include/lightning/lightning
[6.542s] -- Up-to-date: /home/chen/sentry_try/sentry_ws/install/lightning/include/lightning/lightning/msg
[6.542s] -- Up-to-date: /home/chen/sentry_try/sentry_ws/install/lightning/include/lightning/lightning/msg/rosidl_generator_c__visibility_control.h
[6.542s] -- Up-to-date: /home/chen/sentry_try/sentry_ws/install/lightning/include/lightning/lightning/srv
[6.542s] -- Up-to-date: /home/chen/sentry_try/sentry_ws/install/lightning/include/lightning/lightning/srv/save_map.h
[6.542s] -- Up-to-date: /home/chen/sentry_try/sentry_ws/install/lightning/include/lightning/lightning/srv/loc_cmd.h
[6.542s] -- Up-to-date: /home/chen/sentry_try/sentry_ws/install/lightning/include/lightning/lightning/srv/detail
[6.542s] -- Up-to-date: /home/chen/sentry_try/sentry_ws/install/lightning/include/lightning/lightning/srv/detail/save_map__type_support.h
[6.542s] -- Up-to-date: /home/chen/sentry_try/sentry_ws/install/lightning/include/lightning/lightning/srv/detail/save_map__functions.h
[6.542s] -- Up-to-date: /home/chen/sentry_try/sentry_ws/install/lightning/include/lightning/lightning/srv/detail/save_map__struct.h
[6.542s] -- Up-to-date: /home/chen/sentry_try/sentry_ws/install/lightning/include/lightning/lightning/srv/detail/loc_cmd__type_support.h
[6.542s] -- Up-to-date: /home/chen/sentry_try/sentry_ws/install/lightning/include/lightning/lightning/srv/detail/save_map__functions.c
[6.542s] -- Up-to-date: /home/chen/sentry_try/sentry_ws/install/lightning/include/lightning/lightning/srv/detail/loc_cmd__functions.c
[6.542s] -- Up-to-date: /home/chen/sentry_try/sentry_ws/install/lightning/include/lightning/lightning/srv/detail/loc_cmd__struct.h
[6.542s] -- Up-to-date: /home/chen/sentry_try/sentry_ws/install/lightning/include/lightning/lightning/srv/detail/loc_cmd__functions.h
[6.542s] -- Up-to-date: /home/chen/sentry_try/sentry_ws/install/lightning/share/lightning/environment/library_path.sh
[6.542s] -- Installing: /home/chen/sentry_try/sentry_ws/install/lightning/share/lightning/environment/library_path.dsv
[6.543s] -- Up-to-date: /home/chen/sentry_try/sentry_ws/install/lightning/lib/liblightning__rosidl_generator_c.so
[6.543s] -- Up-to-date: /home/chen/sentry_try/sentry_ws/install/lightning/include/lightning/lightning
[6.543s] -- Up-to-date: /home/chen/sentry_try/sentry_ws/install/lightning/include/lightning/lightning/msg
[6.543s] -- Up-to-date: /home/chen/sentry_try/sentry_ws/install/lightning/include/lightning/lightning/msg/rosidl_typesupport_fastrtps_c__visibility_control.h
[6.543s] -- Up-to-date: /home/chen/sentry_try/sentry_ws/install/lightning/include/lightning/lightning/srv
[6.543s] -- Up-to-date: /home/chen/sentry_try/sentry_ws/install/lightning/include/lightning/lightning/srv/detail
[6.543s] -- Up-to-date: /home/chen/sentry_try/sentry_ws/install/lightning/include/lightning/lightning/srv/detail/save_map__rosidl_typesupport_fastrtps_c.h
[6.543s] -- Up-to-date: /home/chen/sentry_try/sentry_ws/install/lightning/include/lightning/lightning/srv/detail/loc_cmd__rosidl_typesupport_fastrtps_c.h
[6.546s] -- Up-to-date: /home/chen/sentry_try/sentry_ws/install/lightning/lib/liblightning__rosidl_typesupport_fastrtps_c.so
[6.546s] -- Up-to-date: /home/chen/sentry_try/sentry_ws/install/lightning/include/lightning/lightning
[6.546s] -- Up-to-date: /home/chen/sentry_try/sentry_ws/install/lightning/include/lightning/lightning/msg
[6.546s] -- Up-to-date: /home/chen/sentry_try/sentry_ws/install/lightning/include/lightning/lightning/msg/rosidl_generator_cpp__visibility_control.hpp
[6.546s] -- Up-to-date: /home/chen/sentry_try/sentry_ws/install/lightning/include/lightning/lightning/srv
[6.546s] -- Up-to-date: /home/chen/sentry_try/sentry_ws/install/lightning/include/lightning/lightning/srv/loc_cmd.hpp
[6.546s] -- Up-to-date: /home/chen/sentry_try/sentry_ws/install/lightning/include/lightning/lightning/srv/save_map.hpp
[6.546s] -- Up-to-date: /home/chen/sentry_try/sentry_ws/install/lightning/include/lightning/lightning/srv/detail
[6.546s] -- Up-to-date: /home/chen/sentry_try/sentry_ws/install/lightning/include/lightning/lightning/srv/detail/save_map__struct.hpp
[6.547s] -- Up-to-date: /home/chen/sentry_try/sentry_ws/install/lightning/include/lightning/lightning/srv/detail/loc_cmd__traits.hpp
[6.547s] -- Up-to-date: /home/chen/sentry_try/sentry_ws/install/lightning/include/lightning/lightning/srv/detail/loc_cmd__type_support.hpp
[6.547s] -- Up-to-date: /home/chen/sentry_try/sentry_ws/install/lightning/include/lightning/lightning/srv/detail/loc_cmd__builder.hpp
[6.547s] -- Up-to-date: /home/chen/sentry_try/sentry_ws/install/lightning/include/lightning/lightning/srv/detail/save_map__type_support.hpp
[6.547s] -- Up-to-date: /home/chen/sentry_try/sentry_ws/install/lightning/include/lightning/lightning/srv/detail/loc_cmd__struct.hpp
[6.547s] -- Up-to-date: /home/chen/sentry_try/sentry_ws/install/lightning/include/lightning/lightning/srv/detail/save_map__traits.hpp
[6.547s] -- Up-to-date: /home/chen/sentry_try/sentry_ws/install/lightning/include/lightning/lightning/srv/detail/save_map__builder.hpp
[6.547s] -- Up-to-date: /home/chen/sentry_try/sentry_ws/install/lightning/include/lightning/lightning
[6.547s] -- Up-to-date: /home/chen/sentry_try/sentry_ws/install/lightning/include/lightning/lightning/msg
[6.547s] -- Up-to-date: /home/chen/sentry_try/sentry_ws/install/lightning/include/lightning/lightning/msg/rosidl_typesupport_fastrtps_cpp__visibility_control.h
[6.547s] -- Up-to-date: /home/chen/sentry_try/sentry_ws/install/lightning/include/lightning/lightning/srv
[6.547s] -- Up-to-date: /home/chen/sentry_try/sentry_ws/install/lightning/include/lightning/lightning/srv/detail
[6.547s] -- Up-to-date: /home/chen/sentry_try/sentry_ws/install/lightning/include/lightning/lightning/srv/detail/loc_cmd__rosidl_typesupport_fastrtps_cpp.hpp
[6.547s] -- Up-to-date: /home/chen/sentry_try/sentry_ws/install/lightning/include/lightning/lightning/srv/detail/save_map__rosidl_typesupport_fastrtps_cpp.hpp
[6.547s] -- Up-to-date: /home/chen/sentry_try/sentry_ws/install/lightning/include/lightning/lightning/srv/detail/dds_fastrtps
[6.548s] -- Up-to-date: /home/chen/sentry_try/sentry_ws/install/lightning/lib/liblightning__rosidl_typesupport_fastrtps_cpp.so
[6.548s] -- Up-to-date: /home/chen/sentry_try/sentry_ws/install/lightning/include/lightning/lightning
[6.548s] -- Up-to-date: /home/chen/sentry_try/sentry_ws/install/lightning/include/lightning/lightning/msg
[6.548s] -- Up-to-date: /home/chen/sentry_try/sentry_ws/install/lightning/include/lightning/lightning/msg/rosidl_typesupport_introspection_c__visibility_control.h
[6.548s] -- Up-to-date: /home/chen/sentry_try/sentry_ws/install/lightning/include/lightning/lightning/srv
[6.548s] -- Up-to-date: /home/chen/sentry_try/sentry_ws/install/lightning/include/lightning/lightning/srv/detail
[6.548s] -- Up-to-date: /home/chen/sentry_try/sentry_ws/install/lightning/include/lightning/lightning/srv/detail/save_map__type_support.c
[6.548s] -- Up-to-date: /home/chen/sentry_try/sentry_ws/install/lightning/include/lightning/lightning/srv/detail/loc_cmd__type_support.c
[6.548s] -- Up-to-date: /home/chen/sentry_try/sentry_ws/install/lightning/include/lightning/lightning/srv/detail/loc_cmd__rosidl_typesupport_introspection_c.h
[6.548s] -- Up-to-date: /home/chen/sentry_try/sentry_ws/install/lightning/include/lightning/lightning/srv/detail/save_map__rosidl_typesupport_introspection_c.h
[6.551s] -- Up-to-date: /home/chen/sentry_try/sentry_ws/install/lightning/lib/liblightning__rosidl_typesupport_introspection_c.so
[6.554s] -- Up-to-date: /home/chen/sentry_try/sentry_ws/install/lightning/lib/liblightning__rosidl_typesupport_c.so
[6.554s] -- Up-to-date: /home/chen/sentry_try/sentry_ws/install/lightning/include/lightning/lightning
[6.554s] -- Up-to-date: /home/chen/sentry_try/sentry_ws/install/lightning/include/lightning/lightning/srv
[6.554s] -- Up-to-date: /home/chen/sentry_try/sentry_ws/install/lightning/include/lightning/lightning/srv/detail
[6.554s] -- Up-to-date: /home/chen/sentry_try/sentry_ws/install/lightning/include/lightning/lightning/srv/detail/save_map__rosidl_typesupport_introspection_cpp.hpp
[6.554s] -- Up-to-date: /home/chen/sentry_try/sentry_ws/install/lightning/include/lightning/lightning/srv/detail/loc_cmd__type_support.cpp
[6.554s] -- Up-to-date: /home/chen/sentry_try/sentry_ws/install/lightning/include/lightning/lightning/srv/detail/save_map__type_support.cpp
[6.554s] -- Up-to-date: /home/chen/sentry_try/sentry_ws/install/lightning/include/lightning/lightning/srv/detail/loc_cmd__rosidl_typesupport_introspection_cpp.hpp
[6.554s] -- Up-to-date: /home/chen/sentry_try/sentry_ws/install/lightning/lib/liblightning__rosidl_typesupport_introspection_cpp.so
[6.559s] -- Up-to-date: /home/chen/sentry_try/sentry_ws/install/lightning/lib/liblightning__rosidl_typesupport_cpp.so
[6.559s] -- Up-to-date: /home/chen/sentry_try/sentry_ws/install/lightning/share/lightning/environment/pythonpath.sh
[6.559s] -- Installing: /home/chen/sentry_try/sentry_ws/install/lightning/share/lightning/environment/pythonpath.dsv
[6.560s] -- Up-to-date: /home/chen/sentry_try/sentry_ws/install/lightning/local/lib/python3.10/dist-packages/lightning-0.0.0-py3.10.egg-info
[6.560s] -- Installing: /home/chen/sentry_try/sentry_ws/install/lightning/local/lib/python3.10/dist-packages/lightning-0.0.0-py3.10.egg-info/top_level.txt
[6.560s] -- Installing: /home/chen/sentry_try/sentry_ws/install/lightning/local/lib/python3.10/dist-packages/lightning-0.0.0-py3.10.egg-info/PKG-INFO
[6.560s] -- Installing: /home/chen/sentry_try/sentry_ws/install/lightning/local/lib/python3.10/dist-packages/lightning-0.0.0-py3.10.egg-info/SOURCES.txt
[6.560s] -- Installing: /home/chen/sentry_try/sentry_ws/install/lightning/local/lib/python3.10/dist-packages/lightning-0.0.0-py3.10.egg-info/dependency_links.txt
[6.560s] -- Up-to-date: /home/chen/sentry_try/sentry_ws/install/lightning/local/lib/python3.10/dist-packages/lightning
[6.560s] -- Up-to-date: /home/chen/sentry_try/sentry_ws/install/lightning/local/lib/python3.10/dist-packages/lightning/_lightning_s.ep.rosidl_typesupport_fastrtps_c.c
[6.560s] -- Up-to-date: /home/chen/sentry_try/sentry_ws/install/lightning/local/lib/python3.10/dist-packages/lightning/lightning_s__rosidl_typesupport_introspection_c.cpython-310-x86_64-linux-gnu.so
[6.561s] -- Up-to-date: /home/chen/sentry_try/sentry_ws/install/lightning/local/lib/python3.10/dist-packages/lightning/lightning_s__rosidl_typesupport_c.cpython-310-x86_64-linux-gnu.so
[6.561s] -- Up-to-date: /home/chen/sentry_try/sentry_ws/install/lightning/local/lib/python3.10/dist-packages/lightning/liblightning__rosidl_generator_py.so
[6.561s] -- Up-to-date: /home/chen/sentry_try/sentry_ws/install/lightning/local/lib/python3.10/dist-packages/lightning/_lightning_s.ep.rosidl_typesupport_introspection_c.c
[6.561s] -- Up-to-date: /home/chen/sentry_try/sentry_ws/install/lightning/local/lib/python3.10/dist-packages/lightning/srv
[6.561s] -- Up-to-date: /home/chen/sentry_try/sentry_ws/install/lightning/local/lib/python3.10/dist-packages/lightning/srv/_loc_cmd.py
[6.561s] -- Up-to-date: /home/chen/sentry_try/sentry_ws/install/lightning/local/lib/python3.10/dist-packages/lightning/srv/_save_map_s.c
[6.561s] -- Up-to-date: /home/chen/sentry_try/sentry_ws/install/lightning/local/lib/python3.10/dist-packages/lightning/srv/_save_map.py
[6.561s] -- Up-to-date: /home/chen/sentry_try/sentry_ws/install/lightning/local/lib/python3.10/dist-packages/lightning/srv/_loc_cmd_s.c
[6.561s] -- Up-to-date: /home/chen/sentry_try/sentry_ws/install/lightning/local/lib/python3.10/dist-packages/lightning/srv/__init__.py
[6.561s] -- Up-to-date: /home/chen/sentry_try/sentry_ws/install/lightning/local/lib/python3.10/dist-packages/lightning/lightning_s__rosidl_typesupport_fastrtps_c.cpython-310-x86_64-linux-gnu.so
[6.561s] -- Up-to-date: /home/chen/sentry_try/sentry_ws/install/lightning/local/lib/python3.10/dist-packages/lightning/_lightning_s.ep.rosidl_typesupport_c.c
[6.561s] -- Installing: /home/chen/sentry_try/sentry_ws/install/lightning/local/lib/python3.10/dist-packages/lightning/__init__.py
[6.586s] Listing '/home/chen/sentry_try/sentry_ws/install/lightning/local/lib/python3.10/dist-packages/lightning'...
[6.586s] Compiling '/home/chen/sentry_try/sentry_ws/install/lightning/local/lib/python3.10/dist-packages/lightning/__init__.py'...
[6.586s] Listing '/home/chen/sentry_try/sentry_ws/install/lightning/local/lib/python3.10/dist-packages/lightning/srv'...
[6.599s] -- Up-to-date: /home/chen/sentry_try/sentry_ws/install/lightning/local/lib/python3.10/dist-packages/lightning/lightning_s__rosidl_typesupport_fastrtps_c.cpython-310-x86_64-linux-gnu.so
[6.601s] -- Up-to-date: /home/chen/sentry_try/sentry_ws/install/lightning/local/lib/python3.10/dist-packages/lightning/lightning_s__rosidl_typesupport_introspection_c.cpython-310-x86_64-linux-gnu.so
[6.601s] -- Up-to-date: /home/chen/sentry_try/sentry_ws/install/lightning/local/lib/python3.10/dist-packages/lightning/lightning_s__rosidl_typesupport_c.cpython-310-x86_64-linux-gnu.so
[6.604s] -- Up-to-date: /home/chen/sentry_try/sentry_ws/install/lightning/lib/liblightning__rosidl_generator_py.so
[6.604s] -- Up-to-date: /home/chen/sentry_try/sentry_ws/install/lightning/share/ament_index/resource_index/rust_packages/lightning
[6.605s] -- Up-to-date: /home/chen/sentry_try/sentry_ws/install/lightning/share/lightning/rust
[6.605s] -- Up-to-date: /home/chen/sentry_try/sentry_ws/install/lightning/share/lightning/rust/Cargo.toml
[6.605s] -- Up-to-date: /home/chen/sentry_try/sentry_ws/install/lightning/share/lightning/rust/build.rs
[6.605s] -- Up-to-date: /home/chen/sentry_try/sentry_ws/install/lightning/share/lightning/rust/src
[6.605s] -- Up-to-date: /home/chen/sentry_try/sentry_ws/install/lightning/share/lightning/rust/src/srv.rs
[6.605s] -- Up-to-date: /home/chen/sentry_try/sentry_ws/install/lightning/share/lightning/rust/src/srv
[6.605s] -- Up-to-date: /home/chen/sentry_try/sentry_ws/install/lightning/share/lightning/rust/src/srv/rmw.rs
[6.605s] -- Up-to-date: /home/chen/sentry_try/sentry_ws/install/lightning/share/lightning/rust/src/lib.rs
[6.605s] -- Up-to-date: /home/chen/sentry_try/sentry_ws/install/lightning/share/lightning/srv/LocCmd.idl
[6.605s] -- Up-to-date: /home/chen/sentry_try/sentry_ws/install/lightning/share/lightning/srv/SaveMap.idl
[6.605s] -- Up-to-date: /home/chen/sentry_try/sentry_ws/install/lightning/share/lightning/srv/LocCmd.srv
[6.605s] -- Up-to-date: /home/chen/sentry_try/sentry_ws/install/lightning/share/lightning/srv/LocCmd_Request.msg
[6.605s] -- Up-to-date: /home/chen/sentry_try/sentry_ws/install/lightning/share/lightning/srv/LocCmd_Response.msg
[6.605s] -- Up-to-date: /home/chen/sentry_try/sentry_ws/install/lightning/share/lightning/srv/SaveMap.srv
[6.605s] -- Up-to-date: /home/chen/sentry_try/sentry_ws/install/lightning/share/lightning/srv/SaveMap_Request.msg
[6.605s] -- Up-to-date: /home/chen/sentry_try/sentry_ws/install/lightning/share/lightning/srv/SaveMap_Response.msg
[6.605s] -- Up-to-date: /home/chen/sentry_try/sentry_ws/install/lightning/share/lightning/config
[6.606s] -- Up-to-date: /home/chen/sentry_try/sentry_ws/install/lightning/share/lightning/config/default_livox.yaml
[6.606s] -- Up-to-date: /home/chen/sentry_try/sentry_ws/install/lightning/share/lightning/config/default_vbr.yaml
[6.606s] -- Up-to-date: /home/chen/sentry_try/sentry_ws/install/lightning/share/lightning/config/default_utbm.yaml
[6.606s] -- Up-to-date: /home/chen/sentry_try/sentry_ws/install/lightning/share/lightning/config/default_nclt.yaml
[6.606s] -- Up-to-date: /home/chen/sentry_try/sentry_ws/install/lightning/share/lightning/config/default.yaml
[6.606s] -- Up-to-date: /home/chen/sentry_try/sentry_ws/install/lightning/share/ament_index/resource_index/rosidl_interfaces/livox_ros_driver2
[6.606s] -- Up-to-date: /home/chen/sentry_try/sentry_ws/install/lightning/include/livox_ros_driver2/livox_ros_driver2
[6.606s] -- Up-to-date: /home/chen/sentry_try/sentry_ws/install/lightning/include/livox_ros_driver2/livox_ros_driver2/msg
[6.606s] -- Up-to-date: /home/chen/sentry_try/sentry_ws/install/lightning/include/livox_ros_driver2/livox_ros_driver2/msg/custom_point.h
[6.606s] -- Up-to-date: /home/chen/sentry_try/sentry_ws/install/lightning/include/livox_ros_driver2/livox_ros_driver2/msg/custom_msg.h
[6.606s] -- Up-to-date: /home/chen/sentry_try/sentry_ws/install/lightning/include/livox_ros_driver2/livox_ros_driver2/msg/rosidl_generator_c__visibility_control.h
[6.606s] -- Up-to-date: /home/chen/sentry_try/sentry_ws/install/lightning/include/livox_ros_driver2/livox_ros_driver2/msg/detail
[6.606s] -- Up-to-date: /home/chen/sentry_try/sentry_ws/install/lightning/include/livox_ros_driver2/livox_ros_driver2/msg/detail/custom_point__functions.c
[6.606s] -- Up-to-date: /home/chen/sentry_try/sentry_ws/install/lightning/include/livox_ros_driver2/livox_ros_driver2/msg/detail/custom_point__type_support.h
[6.606s] -- Up-to-date: /home/chen/sentry_try/sentry_ws/install/lightning/include/livox_ros_driver2/livox_ros_driver2/msg/detail/custom_msg__functions.c
[6.606s] -- Up-to-date: /home/chen/sentry_try/sentry_ws/install/lightning/include/livox_ros_driver2/livox_ros_driver2/msg/detail/custom_msg__struct.h
[6.606s] -- Up-to-date: /home/chen/sentry_try/sentry_ws/install/lightning/include/livox_ros_driver2/livox_ros_driver2/msg/detail/custom_point__functions.h
[6.606s] -- Up-to-date: /home/chen/sentry_try/sentry_ws/install/lightning/include/livox_ros_driver2/livox_ros_driver2/msg/detail/custom_msg__functions.h
[6.606s] -- Up-to-date: /home/chen/sentry_try/sentry_ws/install/lightning/include/livox_ros_driver2/livox_ros_driver2/msg/detail/custom_point__struct.h
[6.606s] -- Up-to-date: /home/chen/sentry_try/sentry_ws/install/lightning/include/livox_ros_driver2/livox_ros_driver2/msg/detail/custom_msg__type_support.h
[6.607s] -- Up-to-date: /home/chen/sentry_try/sentry_ws/install/lightning/lib/liblivox_ros_driver2__rosidl_generator_c.so
[6.607s] -- Up-to-date: /home/chen/sentry_try/sentry_ws/install/lightning/include/livox_ros_driver2/livox_ros_driver2
[6.607s] -- Up-to-date: /home/chen/sentry_try/sentry_ws/install/lightning/include/livox_ros_driver2/livox_ros_driver2/msg
[6.607s] -- Up-to-date: /home/chen/sentry_try/sentry_ws/install/lightning/include/livox_ros_driver2/livox_ros_driver2/msg/rosidl_typesupport_fastrtps_c__visibility_control.h
[6.607s] -- Up-to-date: /home/chen/sentry_try/sentry_ws/install/lightning/include/livox_ros_driver2/livox_ros_driver2/msg/detail
[6.607s] -- Up-to-date: /home/chen/sentry_try/sentry_ws/install/lightning/include/livox_ros_driver2/livox_ros_driver2/msg/detail/custom_msg__rosidl_typesupport_fastrtps_c.h
[6.607s] -- Up-to-date: /home/chen/sentry_try/sentry_ws/install/lightning/include/livox_ros_driver2/livox_ros_driver2/msg/detail/custom_point__rosidl_typesupport_fastrtps_c.h
[6.609s] -- Up-to-date: /home/chen/sentry_try/sentry_ws/install/lightning/lib/liblivox_ros_driver2__rosidl_typesupport_fastrtps_c.so
[6.610s] -- Up-to-date: /home/chen/sentry_try/sentry_ws/install/lightning/include/livox_ros_driver2/livox_ros_driver2
[6.610s] -- Up-to-date: /home/chen/sentry_try/sentry_ws/install/lightning/include/livox_ros_driver2/livox_ros_driver2/msg
[6.610s] -- Up-to-date: /home/chen/sentry_try/sentry_ws/install/lightning/include/livox_ros_driver2/livox_ros_driver2/msg/rosidl_generator_cpp__visibility_control.hpp
[6.610s] -- Up-to-date: /home/chen/sentry_try/sentry_ws/install/lightning/include/livox_ros_driver2/livox_ros_driver2/msg/custom_msg.hpp
[6.610s] -- Up-to-date: /home/chen/sentry_try/sentry_ws/install/lightning/include/livox_ros_driver2/livox_ros_driver2/msg/custom_point.hpp
[6.610s] -- Up-to-date: /home/chen/sentry_try/sentry_ws/install/lightning/include/livox_ros_driver2/livox_ros_driver2/msg/detail
[6.610s] -- Up-to-date: /home/chen/sentry_try/sentry_ws/install/lightning/include/livox_ros_driver2/livox_ros_driver2/msg/detail/custom_point__builder.hpp
[6.610s] -- Up-to-date: /home/chen/sentry_try/sentry_ws/install/lightning/include/livox_ros_driver2/livox_ros_driver2/msg/detail/custom_msg__type_support.hpp
[6.610s] -- Up-to-date: /home/chen/sentry_try/sentry_ws/install/lightning/include/livox_ros_driver2/livox_ros_driver2/msg/detail/custom_point__traits.hpp
[6.610s] -- Up-to-date: /home/chen/sentry_try/sentry_ws/install/lightning/include/livox_ros_driver2/livox_ros_driver2/msg/detail/custom_msg__struct.hpp
[6.610s] -- Up-to-date: /home/chen/sentry_try/sentry_ws/install/lightning/include/livox_ros_driver2/livox_ros_driver2/msg/detail/custom_msg__traits.hpp
[6.610s] -- Up-to-date: /home/chen/sentry_try/sentry_ws/install/lightning/include/livox_ros_driver2/livox_ros_driver2/msg/detail/custom_msg__builder.hpp
[6.610s] -- Up-to-date: /home/chen/sentry_try/sentry_ws/install/lightning/include/livox_ros_driver2/livox_ros_driver2/msg/detail/custom_point__struct.hpp
[6.611s] -- Up-to-date: /home/chen/sentry_try/sentry_ws/install/lightning/include/livox_ros_driver2/livox_ros_driver2/msg/detail/custom_point__type_support.hpp
[6.611s] -- Up-to-date: /home/chen/sentry_try/sentry_ws/install/lightning/include/livox_ros_driver2/livox_ros_driver2
[6.611s] -- Up-to-date: /home/chen/sentry_try/sentry_ws/install/lightning/include/livox_ros_driver2/livox_ros_driver2/msg
[6.611s] -- Up-to-date: /home/chen/sentry_try/sentry_ws/install/lightning/include/livox_ros_driver2/livox_ros_driver2/msg/rosidl_typesupport_fastrtps_cpp__visibility_control.h
[6.611s] -- Up-to-date: /home/chen/sentry_try/sentry_ws/install/lightning/include/livox_ros_driver2/livox_ros_driver2/msg/detail
[6.611s] -- Up-to-date: /home/chen/sentry_try/sentry_ws/install/lightning/include/livox_ros_driver2/livox_ros_driver2/msg/detail/custom_msg__rosidl_typesupport_fastrtps_cpp.hpp
[6.611s] -- Up-to-date: /home/chen/sentry_try/sentry_ws/install/lightning/include/livox_ros_driver2/livox_ros_driver2/msg/detail/custom_point__rosidl_typesupport_fastrtps_cpp.hpp
[6.611s] -- Up-to-date: /home/chen/sentry_try/sentry_ws/install/lightning/include/livox_ros_driver2/livox_ros_driver2/msg/detail/dds_fastrtps
[6.612s] -- Up-to-date: /home/chen/sentry_try/sentry_ws/install/lightning/lib/liblivox_ros_driver2__rosidl_typesupport_fastrtps_cpp.so
[6.612s] -- Up-to-date: /home/chen/sentry_try/sentry_ws/install/lightning/include/livox_ros_driver2/livox_ros_driver2
[6.612s] -- Up-to-date: /home/chen/sentry_try/sentry_ws/install/lightning/include/livox_ros_driver2/livox_ros_driver2/msg
[6.612s] -- Up-to-date: /home/chen/sentry_try/sentry_ws/install/lightning/include/livox_ros_driver2/livox_ros_driver2/msg/rosidl_typesupport_introspection_c__visibility_control.h
[6.612s] -- Up-to-date: /home/chen/sentry_try/sentry_ws/install/lightning/include/livox_ros_driver2/livox_ros_driver2/msg/detail
[6.612s] -- Up-to-date: /home/chen/sentry_try/sentry_ws/install/lightning/include/livox_ros_driver2/livox_ros_driver2/msg/detail/custom_msg__rosidl_typesupport_introspection_c.h
[6.612s] -- Up-to-date: /home/chen/sentry_try/sentry_ws/install/lightning/include/livox_ros_driver2/livox_ros_driver2/msg/detail/custom_point__rosidl_typesupport_introspection_c.h
[6.612s] -- Up-to-date: /home/chen/sentry_try/sentry_ws/install/lightning/include/livox_ros_driver2/livox_ros_driver2/msg/detail/custom_point__type_support.c
[6.612s] -- Up-to-date: /home/chen/sentry_try/sentry_ws/install/lightning/include/livox_ros_driver2/livox_ros_driver2/msg/detail/custom_msg__type_support.c
[6.615s] -- Up-to-date: /home/chen/sentry_try/sentry_ws/install/lightning/lib/liblivox_ros_driver2__rosidl_typesupport_introspection_c.so
[6.618s] -- Up-to-date: /home/chen/sentry_try/sentry_ws/install/lightning/lib/liblivox_ros_driver2__rosidl_typesupport_c.so
[6.618s] -- Up-to-date: /home/chen/sentry_try/sentry_ws/install/lightning/include/livox_ros_driver2/livox_ros_driver2
[6.618s] -- Up-to-date: /home/chen/sentry_try/sentry_ws/install/lightning/include/livox_ros_driver2/livox_ros_driver2/msg
[6.618s] -- Up-to-date: /home/chen/sentry_try/sentry_ws/install/lightning/include/livox_ros_driver2/livox_ros_driver2/msg/detail
[6.618s] -- Up-to-date: /home/chen/sentry_try/sentry_ws/install/lightning/include/livox_ros_driver2/livox_ros_driver2/msg/detail/custom_msg__type_support.cpp
[6.618s] -- Up-to-date: /home/chen/sentry_try/sentry_ws/install/lightning/include/livox_ros_driver2/livox_ros_driver2/msg/detail/custom_point__rosidl_typesupport_introspection_cpp.hpp
[6.618s] -- Up-to-date: /home/chen/sentry_try/sentry_ws/install/lightning/include/livox_ros_driver2/livox_ros_driver2/msg/detail/custom_msg__rosidl_typesupport_introspection_cpp.hpp
[6.618s] -- Up-to-date: /home/chen/sentry_try/sentry_ws/install/lightning/include/livox_ros_driver2/livox_ros_driver2/msg/detail/custom_point__type_support.cpp
[6.621s] -- Up-to-date: /home/chen/sentry_try/sentry_ws/install/lightning/lib/liblivox_ros_driver2__rosidl_typesupport_introspection_cpp.so
[6.623s] -- Up-to-date: /home/chen/sentry_try/sentry_ws/install/lightning/lib/liblivox_ros_driver2__rosidl_typesupport_cpp.so
[6.623s] -- Up-to-date: /home/chen/sentry_try/sentry_ws/install/lightning/local/lib/python3.10/dist-packages/livox_ros_driver2-2.6.0-py3.10.egg-info
[6.623s] -- Installing: /home/chen/sentry_try/sentry_ws/install/lightning/local/lib/python3.10/dist-packages/livox_ros_driver2-2.6.0-py3.10.egg-info/top_level.txt
[6.624s] -- Installing: /home/chen/sentry_try/sentry_ws/install/lightning/local/lib/python3.10/dist-packages/livox_ros_driver2-2.6.0-py3.10.egg-info/PKG-INFO
[6.624s] -- Installing: /home/chen/sentry_try/sentry_ws/install/lightning/local/lib/python3.10/dist-packages/livox_ros_driver2-2.6.0-py3.10.egg-info/SOURCES.txt
[6.624s] -- Installing: /home/chen/sentry_try/sentry_ws/install/lightning/local/lib/python3.10/dist-packages/livox_ros_driver2-2.6.0-py3.10.egg-info/dependency_links.txt
[6.624s] -- Up-to-date: /home/chen/sentry_try/sentry_ws/install/lightning/local/lib/python3.10/dist-packages/livox_ros_driver2
[6.624s] -- Up-to-date: /home/chen/sentry_try/sentry_ws/install/lightning/local/lib/python3.10/dist-packages/livox_ros_driver2/livox_ros_driver2_s__rosidl_typesupport_c.cpython-310-x86_64-linux-gnu.so
[6.624s] -- Up-to-date: /home/chen/sentry_try/sentry_ws/install/lightning/local/lib/python3.10/dist-packages/livox_ros_driver2/livox_ros_driver2_s__rosidl_typesupport_introspection_c.cpython-310-x86_64-linux-gnu.so
[6.624s] -- Up-to-date: /home/chen/sentry_try/sentry_ws/install/lightning/local/lib/python3.10/dist-packages/livox_ros_driver2/msg
[6.624s] -- Up-to-date: /home/chen/sentry_try/sentry_ws/install/lightning/local/lib/python3.10/dist-packages/livox_ros_driver2/msg/_custom_msg.py
[6.624s] -- Up-to-date: /home/chen/sentry_try/sentry_ws/install/lightning/local/lib/python3.10/dist-packages/livox_ros_driver2/msg/_custom_point.py
[6.624s] -- Up-to-date: /home/chen/sentry_try/sentry_ws/install/lightning/local/lib/python3.10/dist-packages/livox_ros_driver2/msg/_custom_msg_s.c
[6.624s] -- Up-to-date: /home/chen/sentry_try/sentry_ws/install/lightning/local/lib/python3.10/dist-packages/livox_ros_driver2/msg/_custom_point_s.c
[6.624s] -- Up-to-date: /home/chen/sentry_try/sentry_ws/install/lightning/local/lib/python3.10/dist-packages/livox_ros_driver2/msg/__init__.py
[6.624s] -- Up-to-date: /home/chen/sentry_try/sentry_ws/install/lightning/local/lib/python3.10/dist-packages/livox_ros_driver2/_livox_ros_driver2_s.ep.rosidl_typesupport_introspection_c.c
[6.624s] -- Up-to-date: /home/chen/sentry_try/sentry_ws/install/lightning/local/lib/python3.10/dist-packages/livox_ros_driver2/_livox_ros_driver2_s.ep.rosidl_typesupport_c.c
[6.624s] -- Up-to-date: /home/chen/sentry_try/sentry_ws/install/lightning/local/lib/python3.10/dist-packages/livox_ros_driver2/_livox_ros_driver2_s.ep.rosidl_typesupport_fastrtps_c.c
[6.624s] -- Up-to-date: /home/chen/sentry_try/sentry_ws/install/lightning/local/lib/python3.10/dist-packages/livox_ros_driver2/liblivox_interfaces2__rosidl_generator_py.so
[6.624s] -- Up-to-date: /home/chen/sentry_try/sentry_ws/install/lightning/local/lib/python3.10/dist-packages/livox_ros_driver2/livox_ros_driver2_s__rosidl_typesupport_fastrtps_c.cpython-310-x86_64-linux-gnu.so
[6.624s] -- Installing: /home/chen/sentry_try/sentry_ws/install/lightning/local/lib/python3.10/dist-packages/livox_ros_driver2/__init__.py
[6.647s] Listing '/home/chen/sentry_try/sentry_ws/install/lightning/local/lib/python3.10/dist-packages/livox_ros_driver2'...
[6.647s] Compiling '/home/chen/sentry_try/sentry_ws/install/lightning/local/lib/python3.10/dist-packages/livox_ros_driver2/__init__.py'...
[6.647s] Listing '/home/chen/sentry_try/sentry_ws/install/lightning/local/lib/python3.10/dist-packages/livox_ros_driver2/msg'...
[6.653s] -- Up-to-date: /home/chen/sentry_try/sentry_ws/install/lightning/local/lib/python3.10/dist-packages/livox_ros_driver2/livox_ros_driver2_s__rosidl_typesupport_fastrtps_c.cpython-310-x86_64-linux-gnu.so
[6.655s] -- Up-to-date: /home/chen/sentry_try/sentry_ws/install/lightning/local/lib/python3.10/dist-packages/livox_ros_driver2/livox_ros_driver2_s__rosidl_typesupport_introspection_c.cpython-310-x86_64-linux-gnu.so
[6.658s] -- Up-to-date: /home/chen/sentry_try/sentry_ws/install/lightning/local/lib/python3.10/dist-packages/livox_ros_driver2/livox_ros_driver2_s__rosidl_typesupport_c.cpython-310-x86_64-linux-gnu.so
[6.661s] -- Up-to-date: /home/chen/sentry_try/sentry_ws/install/lightning/lib/liblivox_interfaces2__rosidl_generator_py.so
[6.661s] -- Up-to-date: /home/chen/sentry_try/sentry_ws/install/lightning/share/ament_index/resource_index/rust_packages/livox_ros_driver2
[6.661s] -- Up-to-date: /home/chen/sentry_try/sentry_ws/install/lightning/share/livox_ros_driver2/rust
[6.661s] -- Up-to-date: /home/chen/sentry_try/sentry_ws/install/lightning/share/livox_ros_driver2/rust/Cargo.toml
[6.661s] -- Up-to-date: /home/chen/sentry_try/sentry_ws/install/lightning/share/livox_ros_driver2/rust/build.rs
[6.662s] -- Up-to-date: /home/chen/sentry_try/sentry_ws/install/lightning/share/livox_ros_driver2/rust/src
[6.662s] -- Up-to-date: /home/chen/sentry_try/sentry_ws/install/lightning/share/livox_ros_driver2/rust/src/msg
[6.662s] -- Up-to-date: /home/chen/sentry_try/sentry_ws/install/lightning/share/livox_ros_driver2/rust/src/msg/rmw.rs
[6.662s] -- Up-to-date: /home/chen/sentry_try/sentry_ws/install/lightning/share/livox_ros_driver2/rust/src/msg.rs
[6.662s] -- Up-to-date: /home/chen/sentry_try/sentry_ws/install/lightning/share/livox_ros_driver2/rust/src/lib.rs
[6.662s] -- Up-to-date: /home/chen/sentry_try/sentry_ws/install/lightning/share/livox_ros_driver2/msg/CustomPoint.idl
[6.662s] -- Up-to-date: /home/chen/sentry_try/sentry_ws/install/lightning/share/livox_ros_driver2/msg/CustomMsg.idl
[6.662s] -- Up-to-date: /home/chen/sentry_try/sentry_ws/install/lightning/share/livox_ros_driver2/msg/CustomPoint.msg
[6.662s] -- Up-to-date: /home/chen/sentry_try/sentry_ws/install/lightning/share/livox_ros_driver2/msg/CustomMsg.msg
[6.663s] -- Up-to-date: /home/chen/sentry_try/sentry_ws/install/lightning/lib/liblightning.libs.so
[6.666s] -- Up-to-date: /home/chen/sentry_try/sentry_ws/install/lightning/lib/libmiao.core.so
[6.668s] -- Up-to-date: /home/chen/sentry_try/sentry_ws/install/lightning/lib/libmiao.utils.so
[6.672s] -- Up-to-date: /home/chen/sentry_try/sentry_ws/install/lightning/lib/lightning/run_slam_offline
[6.674s] -- Up-to-date: /home/chen/sentry_try/sentry_ws/install/lightning/lib/lightning/run_slam_online
[6.677s] -- Up-to-date: /home/chen/sentry_try/sentry_ws/install/lightning/lib/lightning/run_loc_offline
[6.680s] -- Installing: /home/chen/sentry_try/sentry_ws/install/lightning/lib/lightning/run_loc_online
[6.681s] -- Set runtime path of "/home/chen/sentry_try/sentry_ws/install/lightning/lib/lightning/run_loc_online" to ""
[6.681s] -- Up-to-date: /home/chen/sentry_try/sentry_ws/install/lightning/share/ament_index/resource_index/package_run_dependencies/lightning
[6.681s] -- Installing: /home/chen/sentry_try/sentry_ws/install/lightning/share/ament_index/resource_index/parent_prefix_path/lightning
[6.681s] -- Up-to-date: /home/chen/sentry_try/sentry_ws/install/lightning/share/lightning/environment/ament_prefix_path.sh
[6.681s] -- Installing: /home/chen/sentry_try/sentry_ws/install/lightning/share/lightning/environment/ament_prefix_path.dsv
[6.681s] -- Up-to-date: /home/chen/sentry_try/sentry_ws/install/lightning/share/lightning/environment/path.sh
[6.681s] -- Installing: /home/chen/sentry_try/sentry_ws/install/lightning/share/lightning/environment/path.dsv
[6.681s] -- Up-to-date: /home/chen/sentry_try/sentry_ws/install/lightning/share/lightning/local_setup.bash
[6.681s] -- Up-to-date: /home/chen/sentry_try/sentry_ws/install/lightning/share/lightning/local_setup.sh
[6.681s] -- Up-to-date: /home/chen/sentry_try/sentry_ws/install/lightning/share/lightning/local_setup.zsh
[6.681s] -- Installing: /home/chen/sentry_try/sentry_ws/install/lightning/share/lightning/local_setup.dsv
[6.682s] -- Installing: /home/chen/sentry_try/sentry_ws/install/lightning/share/lightning/package.dsv
[6.682s] -- Up-to-date: /home/chen/sentry_try/sentry_ws/install/lightning/share/ament_index/resource_index/packages/lightning
[6.682s] -- Up-to-date: /home/chen/sentry_try/sentry_ws/install/lightning/share/lightning/cmake/export_lightning__rosidl_generator_cExport.cmake
[6.682s] -- Up-to-date: /home/chen/sentry_try/sentry_ws/install/lightning/share/lightning/cmake/export_lightning__rosidl_generator_cExport-release.cmake
[6.683s] -- Up-to-date: /home/chen/sentry_try/sentry_ws/install/lightning/share/lightning/cmake/export_lightning__rosidl_typesupport_fastrtps_cExport.cmake
[6.683s] -- Up-to-date: /home/chen/sentry_try/sentry_ws/install/lightning/share/lightning/cmake/export_lightning__rosidl_typesupport_fastrtps_cExport-release.cmake
[6.685s] -- Up-to-date: /home/chen/sentry_try/sentry_ws/install/lightning/share/lightning/cmake/export_lightning__rosidl_generator_cppExport.cmake
[6.685s] -- Up-to-date: /home/chen/sentry_try/sentry_ws/install/lightning/share/lightning/cmake/export_lightning__rosidl_typesupport_fastrtps_cppExport.cmake
[6.685s] -- Up-to-date: /home/chen/sentry_try/sentry_ws/install/lightning/share/lightning/cmake/export_lightning__rosidl_typesupport_fastrtps_cppExport-release.cmake
[6.688s] -- Up-to-date: /home/chen/sentry_try/sentry_ws/install/lightning/share/lightning/cmake/lightning__rosidl_typesupport_introspection_cExport.cmake
[6.688s] -- Up-to-date: /home/chen/sentry_try/sentry_ws/install/lightning/share/lightning/cmake/lightning__rosidl_typesupport_introspection_cExport-release.cmake
[6.690s] -- Up-to-date: /home/chen/sentry_try/sentry_ws/install/lightning/share/lightning/cmake/lightning__rosidl_typesupport_cExport.cmake
[6.690s] -- Up-to-date: /home/chen/sentry_try/sentry_ws/install/lightning/share/lightning/cmake/lightning__rosidl_typesupport_cExport-release.cmake
[6.690s] -- Up-to-date: /home/chen/sentry_try/sentry_ws/install/lightning/share/lightning/cmake/lightning__rosidl_typesupport_introspection_cppExport.cmake
[6.691s] -- Up-to-date: /home/chen/sentry_try/sentry_ws/install/lightning/share/lightning/cmake/lightning__rosidl_typesupport_introspection_cppExport-release.cmake
[6.691s] -- Up-to-date: /home/chen/sentry_try/sentry_ws/install/lightning/share/lightning/cmake/lightning__rosidl_typesupport_cppExport.cmake
[6.691s] -- Up-to-date: /home/chen/sentry_try/sentry_ws/install/lightning/share/lightning/cmake/lightning__rosidl_typesupport_cppExport-release.cmake
[6.693s] -- Up-to-date: /home/chen/sentry_try/sentry_ws/install/lightning/share/lightning/cmake/export_lightning__rosidl_generator_pyExport.cmake
[6.693s] -- Up-to-date: /home/chen/sentry_try/sentry_ws/install/lightning/share/lightning/cmake/export_lightning__rosidl_generator_pyExport-release.cmake
[6.693s] -- Up-to-date: /home/chen/sentry_try/sentry_ws/install/lightning/share/lightning/cmake/rosidl_cmake-extras.cmake
[6.693s] -- Up-to-date: /home/chen/sentry_try/sentry_ws/install/lightning/share/lightning/cmake/ament_cmake_export_dependencies-extras.cmake
[6.693s] -- Up-to-date: /home/chen/sentry_try/sentry_ws/install/lightning/share/lightning/cmake/ament_cmake_export_include_directories-extras.cmake
[6.693s] -- Up-to-date: /home/chen/sentry_try/sentry_ws/install/lightning/share/lightning/cmake/ament_cmake_export_libraries-extras.cmake
[6.693s] -- Up-to-date: /home/chen/sentry_try/sentry_ws/install/lightning/share/lightning/cmake/ament_cmake_export_targets-extras.cmake
[6.694s] -- Up-to-date: /home/chen/sentry_try/sentry_ws/install/lightning/share/lightning/cmake/rosidl_cmake_export_typesupport_targets-extras.cmake
[6.694s] -- Up-to-date: /home/chen/sentry_try/sentry_ws/install/lightning/share/lightning/cmake/rosidl_cmake_export_typesupport_libraries-extras.cmake
[6.694s] -- Up-to-date: /home/chen/sentry_try/sentry_ws/install/lightning/share/lightning/cmake/rosidl_cmake_aggregate_target-extras.cmake
[6.694s] -- Up-to-date: /home/chen/sentry_try/sentry_ws/install/lightning/share/lightning/cmake/lightningConfig.cmake
[6.694s] -- Up-to-date: /home/chen/sentry_try/sentry_ws/install/lightning/share/lightning/cmake/lightningConfig-version.cmake
[6.694s] -- Up-to-date: /home/chen/sentry_try/sentry_ws/install/lightning/share/lightning/package.xml
[6.696s] Invoked command in '/home/chen/sentry_try/sentry_ws/build/lightning' returned '0': AMENT_PREFIX_PATH=/home/chen/sentry_try/sentry_ws/install/rm_referee_msgs:${AMENT_PREFIX_PATH} CMAKE_PREFIX_PATH=/home/chen/sentry_try/sentry_ws/install/rm_referee_msgs:/opt/ros/humble LD_LIBRARY_PATH=/home/chen/sentry_try/sentry_ws/install/rm_referee_msgs/lib:${LD_LIBRARY_PATH} PYTHONPATH=/home/chen/sentry_try/sentry_ws/install/rm_referee_msgs/local/lib/python3.10/dist-packages:${PYTHONPATH} /usr/bin/cmake --install /home/chen/sentry_try/sentry_ws/build/lightning
