[0.019s] Invoking command in '/home/chen/sentry_try/sentry_ws/build/serial_comm': CMAKE_PREFIX_PATH=/opt/ros/humble /usr/bin/cmake /home/chen/sentry_try/sentry_ws/src/serial_comm -DCMAKE_INSTALL_PREFIX=/home/chen/sentry_try/sentry_ws/install/serial_comm
[0.062s] -- The C compiler identification is GNU 11.4.0
[0.112s] -- The CXX compiler identification is GNU 11.4.0
[0.118s] -- Detecting C compiler ABI info
[0.179s] -- Detecting C compiler ABI info - done
[0.183s] -- Check for working C compiler: /usr/bin/cc - skipped
[0.183s] -- Detecting C compile features
[0.183s] -- Detecting C compile features - done
[0.186s] -- Detecting CXX compiler ABI info
[0.259s] -- Detecting CXX compiler ABI info - done
[0.264s] -- Check for working CXX compiler: /usr/bin/c++ - skipped
[0.264s] -- Detecting CXX compile features
[0.264s] -- Detecting CXX compile features - done
[0.267s] -- Found ament_cmake: 1.3.14 (/opt/ros/humble/share/ament_cmake/cmake)
[0.389s] -- Found Python3: /usr/bin/python3 (found version "3.10.12") found components: Interpreter 
[0.474s] -- Found rclcpp: 16.0.19 (/opt/ros/humble/share/rclcpp/cmake)
[0.521s] -- Found rosidl_generator_c: 3.1.8 (/opt/ros/humble/share/rosidl_generator_c/cmake)
[0.525s] -- Found rosidl_adapter: 3.1.8 (/opt/ros/humble/share/rosidl_adapter/cmake)
[0.532s] -- Found rosidl_generator_cpp: 3.1.8 (/opt/ros/humble/share/rosidl_generator_cpp/cmake)
[0.540s] -- Using all available rosidl_typesupport_c: rosidl_typesupport_fastrtps_c;rosidl_typesupport_introspection_c
[0.551s] -- Using all available rosidl_typesupport_cpp: rosidl_typesupport_fastrtps_cpp;rosidl_typesupport_introspection_cpp
[0.581s] -- Found rmw_implementation_cmake: 6.1.2 (/opt/ros/humble/share/rmw_implementation_cmake/cmake)
[0.583s] -- Found rmw_fastrtps_cpp: 6.2.10 (/opt/ros/humble/share/rmw_fastrtps_cpp/cmake)
[0.653s] -- Found OpenSSL: /usr/lib/x86_64-linux-gnu/libcrypto.so (found version "3.0.2")  
[0.677s] -- Found FastRTPS: /opt/ros/humble/include  
[0.720s] -- Using RMW implementation 'rmw_fastrtps_cpp' as default
[0.729s] -- Looking for pthread.h
[0.783s] -- Looking for pthread.h - found
[0.784s] -- Performing Test CMAKE_HAVE_LIBC_PTHREAD
[0.845s] -- Performing Test CMAKE_HAVE_LIBC_PTHREAD - Success
[0.846s] -- Found Threads: TRUE  
[0.882s] -- Found geometry_msgs: 4.9.1 (/opt/ros/humble/share/geometry_msgs/cmake)
[0.899s] [31mCMake Error at CMakeLists.txt:15 (find_package):
[0.899s]   By not providing "Findsentry_msgs.cmake" in CMAKE_MODULE_PATH this project
[0.899s]   has asked CMake to find a package configuration file provided by
[0.899s]   "sentry_msgs", but CMake did not find one.
[0.899s] 
[0.899s]   Could not find a package configuration file provided by "sentry_msgs" with
[0.899s]   any of the following names:
[0.899s] 
[0.899s]     sentry_msgsConfig.cmake
[0.899s]     sentry_msgs-config.cmake
[0.899s] 
[0.899s]   Add the installation prefix of "sentry_msgs" to CMAKE_PREFIX_PATH or set
[0.899s]   "sentry_msgs_DIR" to a directory containing one of the above files.  If
[0.899s]   "sentry_msgs" provides a separate development package or SDK, be sure it
[0.899s]   has been installed.
[0.899s] 
[0.900s] [0m
[0.900s] -- Configuring incomplete, errors occurred!
[0.900s] See also "/home/chen/sentry_try/sentry_ws/build/serial_comm/CMakeFiles/CMakeOutput.log".
[0.909s] Invoked command in '/home/chen/sentry_try/sentry_ws/build/serial_comm' returned '1': CMAKE_PREFIX_PATH=/opt/ros/humble /usr/bin/cmake /home/chen/sentry_try/sentry_ws/src/serial_comm -DCMAKE_INSTALL_PREFIX=/home/chen/sentry_try/sentry_ws/install/serial_comm
