[0.024s] Invoking command in '/home/chen/sentry_try/sentry_ws/build/costmap_intensity': CMAKE_PREFIX_PATH=${CMAKE_PREFIX_PATH}:/opt/ros/humble /usr/bin/cmake --build /home/chen/sentry_try/sentry_ws/build/costmap_intensity -- -j16 -l16
[0.081s] [35m[1mConsolidate compiler generated dependencies of target costmap_intensity_core[0m
[0.123s] [100%] Built target costmap_intensity_core
[0.144s] Invoked command in '/home/chen/sentry_try/sentry_ws/build/costmap_intensity' returned '0': CMAKE_PREFIX_PATH=${CMAKE_PREFIX_PATH}:/opt/ros/humble /usr/bin/cmake --build /home/chen/sentry_try/sentry_ws/build/costmap_intensity -- -j16 -l16
[0.146s] Invoking command in '/home/chen/sentry_try/sentry_ws/build/costmap_intensity': CMAKE_PREFIX_PATH=${CMAKE_PREFIX_PATH}:/opt/ros/humble /usr/bin/cmake --install /home/chen/sentry_try/sentry_ws/build/costmap_intensity
[0.155s] -- Install configuration: ""
[0.155s] -- Installing: /home/chen/sentry_try/sentry_ws/install/costmap_intensity/lib/libcostmap_intensity_core.so
[0.171s] -- Set runtime path of "/home/chen/sentry_try/sentry_ws/install/costmap_intensity/lib/libcostmap_intensity_core.so" to ""
[0.171s] -- Installing: /home/chen/sentry_try/sentry_ws/install/costmap_intensity/share/costmap_intensity/costmap_intensity.xml
[0.171s] -- Installing: /home/chen/sentry_try/sentry_ws/install/costmap_intensity/share/ament_index/resource_index/package_run_dependencies/costmap_intensity
[0.173s] -- Installing: /home/chen/sentry_try/sentry_ws/install/costmap_intensity/share/ament_index/resource_index/parent_prefix_path/costmap_intensity
[0.175s] -- Installing: /home/chen/sentry_try/sentry_ws/install/costmap_intensity/share/costmap_intensity/environment/ament_prefix_path.sh
[0.175s] -- Installing: /home/chen/sentry_try/sentry_ws/install/costmap_intensity/share/costmap_intensity/environment/ament_prefix_path.dsv
[0.175s] -- Installing: /home/chen/sentry_try/sentry_ws/install/costmap_intensity/share/costmap_intensity/environment/path.sh
[0.175s] -- Installing: /home/chen/sentry_try/sentry_ws/install/costmap_intensity/share/costmap_intensity/environment/path.dsv
[0.175s] -- Installing: /home/chen/sentry_try/sentry_ws/install/costmap_intensity/share/costmap_intensity/local_setup.bash
[0.175s] -- Installing: /home/chen/sentry_try/sentry_ws/install/costmap_intensity/share/costmap_intensity/local_setup.sh
[0.175s] -- Installing: /home/chen/sentry_try/sentry_ws/install/costmap_intensity/share/costmap_intensity/local_setup.zsh
[0.176s] -- Installing: /home/chen/sentry_try/sentry_ws/install/costmap_intensity/share/costmap_intensity/local_setup.dsv
[0.176s] -- Installing: /home/chen/sentry_try/sentry_ws/install/costmap_intensity/share/costmap_intensity/package.dsv
[0.176s] -- Installing: /home/chen/sentry_try/sentry_ws/install/costmap_intensity/share/ament_index/resource_index/packages/costmap_intensity
[0.177s] -- Installing: /home/chen/sentry_try/sentry_ws/install/costmap_intensity/share/ament_index/resource_index/nav2_costmap_2d__pluginlib__plugin/costmap_intensity
[0.177s] -- Installing: /home/chen/sentry_try/sentry_ws/install/costmap_intensity/share/costmap_intensity/cmake/costmap_intensityConfig.cmake
[0.177s] -- Installing: /home/chen/sentry_try/sentry_ws/install/costmap_intensity/share/costmap_intensity/cmake/costmap_intensityConfig-version.cmake
[0.177s] -- Installing: /home/chen/sentry_try/sentry_ws/install/costmap_intensity/share/costmap_intensity/package.xml
[0.195s] Invoked command in '/home/chen/sentry_try/sentry_ws/build/costmap_intensity' returned '0': CMAKE_PREFIX_PATH=${CMAKE_PREFIX_PATH}:/opt/ros/humble /usr/bin/cmake --install /home/chen/sentry_try/sentry_ws/build/costmap_intensity
