[0.028s] Invoking command in '/home/chen/sentry_try/sentry_ws/build/can_comm': AMENT_PREFIX_PATH=/home/chen/sentry_try/sentry_ws/install/sentry_msgs:${AMENT_PREFIX_PATH} CMAKE_PREFIX_PATH=/home/chen/sentry_try/sentry_ws/install/sentry_msgs:/opt/ros/humble LD_LIBRARY_PATH=/home/chen/sentry_try/sentry_ws/install/sentry_msgs/lib:${LD_LIBRARY_PATH} PYTHONPATH=/home/chen/sentry_try/sentry_ws/install/sentry_msgs/local/lib/python3.10/dist-packages:${PYTHONPATH} /usr/bin/cmake --build /home/chen/sentry_try/sentry_ws/build/can_comm -- -j16 -l16
[0.063s] [35m[1mConsolidate compiler generated dependencies of target vyaw_tf_yaw_controller_node[0m
[0.076s] [ 33%] Built target can_receive_node
[0.080s] [ 66%] Built target can_send_node
[0.083s] [ 83%] [32mBuilding CXX object CMakeFiles/vyaw_tf_yaw_controller_node.dir/src/vyaw_tf_yaw_controller.cpp.o[0m
[6.097s] [100%] [32m[1mLinking CXX executable vyaw_tf_yaw_controller_node[0m
[6.368s] [100%] Built target vyaw_tf_yaw_controller_node
[6.377s] Invoked command in '/home/chen/sentry_try/sentry_ws/build/can_comm' returned '0': AMENT_PREFIX_PATH=/home/chen/sentry_try/sentry_ws/install/sentry_msgs:${AMENT_PREFIX_PATH} CMAKE_PREFIX_PATH=/home/chen/sentry_try/sentry_ws/install/sentry_msgs:/opt/ros/humble LD_LIBRARY_PATH=/home/chen/sentry_try/sentry_ws/install/sentry_msgs/lib:${LD_LIBRARY_PATH} PYTHONPATH=/home/chen/sentry_try/sentry_ws/install/sentry_msgs/local/lib/python3.10/dist-packages:${PYTHONPATH} /usr/bin/cmake --build /home/chen/sentry_try/sentry_ws/build/can_comm -- -j16 -l16
[6.380s] Invoking command in '/home/chen/sentry_try/sentry_ws/build/can_comm': AMENT_PREFIX_PATH=/home/chen/sentry_try/sentry_ws/install/sentry_msgs:${AMENT_PREFIX_PATH} CMAKE_PREFIX_PATH=/home/chen/sentry_try/sentry_ws/install/sentry_msgs:/opt/ros/humble LD_LIBRARY_PATH=/home/chen/sentry_try/sentry_ws/install/sentry_msgs/lib:${LD_LIBRARY_PATH} PYTHONPATH=/home/chen/sentry_try/sentry_ws/install/sentry_msgs/local/lib/python3.10/dist-packages:${PYTHONPATH} /usr/bin/cmake --install /home/chen/sentry_try/sentry_ws/build/can_comm
[6.386s] -- Install configuration: ""
[6.386s] -- Up-to-date: /home/chen/sentry_try/sentry_ws/install/can_comm/lib/can_comm/can_receive_node
[6.386s] -- Up-to-date: /home/chen/sentry_try/sentry_ws/install/can_comm/lib/can_comm/can_send_node
[6.386s] -- Installing: /home/chen/sentry_try/sentry_ws/install/can_comm/lib/can_comm/vyaw_tf_yaw_controller_node
[6.390s] -- Set runtime path of "/home/chen/sentry_try/sentry_ws/install/can_comm/lib/can_comm/vyaw_tf_yaw_controller_node" to ""
[6.390s] -- Up-to-date: /home/chen/sentry_try/sentry_ws/install/can_comm/share/can_comm/config
[6.390s] -- Up-to-date: /home/chen/sentry_try/sentry_ws/install/can_comm/share/can_comm/config/can_params.yaml
[6.391s] -- Up-to-date: /home/chen/sentry_try/sentry_ws/install/can_comm/share/ament_index/resource_index/package_run_dependencies/can_comm
[6.391s] -- Up-to-date: /home/chen/sentry_try/sentry_ws/install/can_comm/share/ament_index/resource_index/parent_prefix_path/can_comm
[6.391s] -- Up-to-date: /home/chen/sentry_try/sentry_ws/install/can_comm/share/can_comm/environment/ament_prefix_path.sh
[6.391s] -- Up-to-date: /home/chen/sentry_try/sentry_ws/install/can_comm/share/can_comm/environment/ament_prefix_path.dsv
[6.391s] -- Up-to-date: /home/chen/sentry_try/sentry_ws/install/can_comm/share/can_comm/environment/path.sh
[6.391s] -- Up-to-date: /home/chen/sentry_try/sentry_ws/install/can_comm/share/can_comm/environment/path.dsv
[6.391s] -- Up-to-date: /home/chen/sentry_try/sentry_ws/install/can_comm/share/can_comm/local_setup.bash
[6.391s] -- Up-to-date: /home/chen/sentry_try/sentry_ws/install/can_comm/share/can_comm/local_setup.sh
[6.391s] -- Up-to-date: /home/chen/sentry_try/sentry_ws/install/can_comm/share/can_comm/local_setup.zsh
[6.391s] -- Up-to-date: /home/chen/sentry_try/sentry_ws/install/can_comm/share/can_comm/local_setup.dsv
[6.391s] -- Installing: /home/chen/sentry_try/sentry_ws/install/can_comm/share/can_comm/package.dsv
[6.391s] -- Up-to-date: /home/chen/sentry_try/sentry_ws/install/can_comm/share/ament_index/resource_index/packages/can_comm
[6.391s] -- Up-to-date: /home/chen/sentry_try/sentry_ws/install/can_comm/share/can_comm/cmake/can_commConfig.cmake
[6.391s] -- Up-to-date: /home/chen/sentry_try/sentry_ws/install/can_comm/share/can_comm/cmake/can_commConfig-version.cmake
[6.391s] -- Up-to-date: /home/chen/sentry_try/sentry_ws/install/can_comm/share/can_comm/package.xml
[6.393s] Invoked command in '/home/chen/sentry_try/sentry_ws/build/can_comm' returned '0': AMENT_PREFIX_PATH=/home/chen/sentry_try/sentry_ws/install/sentry_msgs:${AMENT_PREFIX_PATH} CMAKE_PREFIX_PATH=/home/chen/sentry_try/sentry_ws/install/sentry_msgs:/opt/ros/humble LD_LIBRARY_PATH=/home/chen/sentry_try/sentry_ws/install/sentry_msgs/lib:${LD_LIBRARY_PATH} PYTHONPATH=/home/chen/sentry_try/sentry_ws/install/sentry_msgs/local/lib/python3.10/dist-packages:${PYTHONPATH} /usr/bin/cmake --install /home/chen/sentry_try/sentry_ws/build/can_comm
