[0.066s] Invoking command in '/home/chen/sentry_try/sentry_ws/build/rm_referee_mock': AMENT_PREFIX_PATH=/home/chen/sentry_try/sentry_ws/install/rm_referee_msgs:${AMENT_PREFIX_PATH} CMAKE_PREFIX_PATH=/home/chen/sentry_try/sentry_ws/install/rm_referee_msgs:/opt/ros/humble LD_LIBRARY_PATH=/home/chen/sentry_try/sentry_ws/install/rm_referee_msgs/lib:${LD_LIBRARY_PATH} PYTHONPATH=/home/chen/sentry_try/sentry_ws/install/rm_referee_msgs/local/lib/python3.10/dist-packages:${PYTHONPATH} /usr/bin/cmake --build /home/chen/sentry_try/sentry_ws/build/rm_referee_mock -- -j16 -l16
[6.580s] -- Found ament_cmake: 1.3.14 (/opt/ros/humble/share/ament_cmake/cmake)
[6.580s] -- Found ament_cmake_pytest: 1.3.14 (/opt/ros/humble/share/ament_cmake_pytest/cmake)
[6.580s] -- Configuring done
[6.580s] -- Generating done
[6.580s] -- Build files have been written to: /home/chen/sentry_try/sentry_ws/build/rm_referee_mock
[6.580s] Built target ament_cmake_python_copy_rm_referee_mock
[6.580s] running egg_info
[6.580s] writing rm_referee_mock.egg-info/PKG-INFO
[6.580s] writing dependency_links to rm_referee_mock.egg-info/dependency_links.txt
[6.580s] writing top-level names to rm_referee_mock.egg-info/top_level.txt
[6.580s] reading manifest file 'rm_referee_mock.egg-info/SOURCES.txt'
[6.580s] writing manifest file 'rm_referee_mock.egg-info/SOURCES.txt'
[6.580s] Built target ament_cmake_python_build_rm_referee_mock_egg
[6.659s] Invoked command in '/home/chen/sentry_try/sentry_ws/build/rm_referee_mock' returned '0': AMENT_PREFIX_PATH=/home/chen/sentry_try/sentry_ws/install/rm_referee_msgs:${AMENT_PREFIX_PATH} CMAKE_PREFIX_PATH=/home/chen/sentry_try/sentry_ws/install/rm_referee_msgs:/opt/ros/humble LD_LIBRARY_PATH=/home/chen/sentry_try/sentry_ws/install/rm_referee_msgs/lib:${LD_LIBRARY_PATH} PYTHONPATH=/home/chen/sentry_try/sentry_ws/install/rm_referee_msgs/local/lib/python3.10/dist-packages:${PYTHONPATH} /usr/bin/cmake --build /home/chen/sentry_try/sentry_ws/build/rm_referee_mock -- -j16 -l16
[6.757s] Invoking command in '/home/chen/sentry_try/sentry_ws/build/rm_referee_mock': AMENT_PREFIX_PATH=/home/chen/sentry_try/sentry_ws/install/rm_referee_msgs:${AMENT_PREFIX_PATH} CMAKE_PREFIX_PATH=/home/chen/sentry_try/sentry_ws/install/rm_referee_msgs:/opt/ros/humble LD_LIBRARY_PATH=/home/chen/sentry_try/sentry_ws/install/rm_referee_msgs/lib:${LD_LIBRARY_PATH} PYTHONPATH=/home/chen/sentry_try/sentry_ws/install/rm_referee_msgs/local/lib/python3.10/dist-packages:${PYTHONPATH} /usr/bin/cmake --install /home/chen/sentry_try/sentry_ws/build/rm_referee_mock
[7.776s] -- Install configuration: ""
[7.776s] -- Up-to-date: /home/chen/sentry_try/sentry_ws/install/rm_referee_mock/share/rm_referee_mock/assets
[7.776s] -- Up-to-date: /home/chen/sentry_try/sentry_ws/install/rm_referee_mock/share/rm_referee_mock/assets/match_control.ui
[7.776s] -- Up-to-date: /home/chen/sentry_try/sentry_ws/install/rm_referee_mock/share/rm_referee_mock/assets/map.jpg
[7.776s] -- Up-to-date: /home/chen/sentry_try/sentry_ws/install/rm_referee_mock/share/rm_referee_mock/plugin.xml
[7.776s] -- Up-to-date: /home/chen/sentry_try/sentry_ws/install/rm_referee_mock/lib/rm_referee_mock/rqt_clean_start
[7.776s] -- Up-to-date: /home/chen/sentry_try/sentry_ws/install/rm_referee_mock/share/rm_referee_mock/environment/pythonpath.sh
[7.776s] -- Installing: /home/chen/sentry_try/sentry_ws/install/rm_referee_mock/share/rm_referee_mock/environment/pythonpath.dsv
[7.776s] -- Up-to-date: /home/chen/sentry_try/sentry_ws/install/rm_referee_mock/local/lib/python3.10/dist-packages/rm_referee_mock-0.0.0-py3.10.egg-info
[7.776s] -- Installing: /home/chen/sentry_try/sentry_ws/install/rm_referee_mock/local/lib/python3.10/dist-packages/rm_referee_mock-0.0.0-py3.10.egg-info/top_level.txt
[7.776s] -- Installing: /home/chen/sentry_try/sentry_ws/install/rm_referee_mock/local/lib/python3.10/dist-packages/rm_referee_mock-0.0.0-py3.10.egg-info/PKG-INFO
[7.776s] -- Installing: /home/chen/sentry_try/sentry_ws/install/rm_referee_mock/local/lib/python3.10/dist-packages/rm_referee_mock-0.0.0-py3.10.egg-info/SOURCES.txt
[7.776s] -- Installing: /home/chen/sentry_try/sentry_ws/install/rm_referee_mock/local/lib/python3.10/dist-packages/rm_referee_mock-0.0.0-py3.10.egg-info/dependency_links.txt
[7.777s] -- Up-to-date: /home/chen/sentry_try/sentry_ws/install/rm_referee_mock/local/lib/python3.10/dist-packages/rm_referee_mock
[7.777s] -- Up-to-date: /home/chen/sentry_try/sentry_ws/install/rm_referee_mock/local/lib/python3.10/dist-packages/rm_referee_mock/dart_client_widget.py
[7.777s] -- Up-to-date: /home/chen/sentry_try/sentry_ws/install/rm_referee_mock/local/lib/python3.10/dist-packages/rm_referee_mock/rqt_plugin_keyboard_publisher.py
[7.777s] -- Up-to-date: /home/chen/sentry_try/sentry_ws/install/rm_referee_mock/local/lib/python3.10/dist-packages/rm_referee_mock/widget_confirmed_line_edit.py
[7.777s] -- Up-to-date: /home/chen/sentry_try/sentry_ws/install/rm_referee_mock/local/lib/python3.10/dist-packages/rm_referee_mock/publisher_pool.py
[7.777s] -- Up-to-date: /home/chen/sentry_try/sentry_ws/install/rm_referee_mock/local/lib/python3.10/dist-packages/rm_referee_mock/rqt_plugin_dart_client.py
[7.777s] -- Up-to-date: /home/chen/sentry_try/sentry_ws/install/rm_referee_mock/local/lib/python3.10/dist-packages/rm_referee_mock/rqt_plugin_match_control.py
[7.777s] -- Up-to-date: /home/chen/sentry_try/sentry_ws/install/rm_referee_mock/local/lib/python3.10/dist-packages/rm_referee_mock/rqt_plugin_fake_location.py
[7.777s] -- Up-to-date: /home/chen/sentry_try/sentry_ws/install/rm_referee_mock/local/lib/python3.10/dist-packages/rm_referee_mock/match_control_widget.py
[7.777s] -- Up-to-date: /home/chen/sentry_try/sentry_ws/install/rm_referee_mock/local/lib/python3.10/dist-packages/rm_referee_mock/sentry_posture.py
[7.777s] -- Up-to-date: /home/chen/sentry_try/sentry_ws/install/rm_referee_mock/local/lib/python3.10/dist-packages/rm_referee_mock/fake_location_widget.py
[7.777s] -- Up-to-date: /home/chen/sentry_try/sentry_ws/install/rm_referee_mock/local/lib/python3.10/dist-packages/rm_referee_mock/keyboard_publisher_widget.py
[7.777s] -- Up-to-date: /home/chen/sentry_try/sentry_ws/install/rm_referee_mock/local/lib/python3.10/dist-packages/rm_referee_mock/__init__.py
[7.777s] Listing '/home/chen/sentry_try/sentry_ws/install/rm_referee_mock/local/lib/python3.10/dist-packages/rm_referee_mock'...
[7.777s] -- Up-to-date: /home/chen/sentry_try/sentry_ws/install/rm_referee_mock/share/ament_index/resource_index/package_run_dependencies/rm_referee_mock
[7.777s] -- Up-to-date: /home/chen/sentry_try/sentry_ws/install/rm_referee_mock/share/ament_index/resource_index/parent_prefix_path/rm_referee_mock
[7.777s] -- Up-to-date: /home/chen/sentry_try/sentry_ws/install/rm_referee_mock/share/rm_referee_mock/environment/ament_prefix_path.sh
[7.778s] -- Installing: /home/chen/sentry_try/sentry_ws/install/rm_referee_mock/share/rm_referee_mock/environment/ament_prefix_path.dsv
[7.778s] -- Up-to-date: /home/chen/sentry_try/sentry_ws/install/rm_referee_mock/share/rm_referee_mock/environment/path.sh
[7.778s] -- Installing: /home/chen/sentry_try/sentry_ws/install/rm_referee_mock/share/rm_referee_mock/environment/path.dsv
[7.778s] -- Up-to-date: /home/chen/sentry_try/sentry_ws/install/rm_referee_mock/share/rm_referee_mock/local_setup.bash
[7.778s] -- Up-to-date: /home/chen/sentry_try/sentry_ws/install/rm_referee_mock/share/rm_referee_mock/local_setup.sh
[7.778s] -- Up-to-date: /home/chen/sentry_try/sentry_ws/install/rm_referee_mock/share/rm_referee_mock/local_setup.zsh
[7.778s] -- Installing: /home/chen/sentry_try/sentry_ws/install/rm_referee_mock/share/rm_referee_mock/local_setup.dsv
[7.778s] -- Installing: /home/chen/sentry_try/sentry_ws/install/rm_referee_mock/share/rm_referee_mock/package.dsv
[7.778s] -- Up-to-date: /home/chen/sentry_try/sentry_ws/install/rm_referee_mock/share/ament_index/resource_index/packages/rm_referee_mock
[7.778s] -- Up-to-date: /home/chen/sentry_try/sentry_ws/install/rm_referee_mock/share/rm_referee_mock/cmake/rm_referee_mockConfig.cmake
[7.778s] -- Up-to-date: /home/chen/sentry_try/sentry_ws/install/rm_referee_mock/share/rm_referee_mock/cmake/rm_referee_mockConfig-version.cmake
[7.778s] -- Up-to-date: /home/chen/sentry_try/sentry_ws/install/rm_referee_mock/share/rm_referee_mock/package.xml
[8.188s] Invoked command in '/home/chen/sentry_try/sentry_ws/build/rm_referee_mock' returned '0': AMENT_PREFIX_PATH=/home/chen/sentry_try/sentry_ws/install/rm_referee_msgs:${AMENT_PREFIX_PATH} CMAKE_PREFIX_PATH=/home/chen/sentry_try/sentry_ws/install/rm_referee_msgs:/opt/ros/humble LD_LIBRARY_PATH=/home/chen/sentry_try/sentry_ws/install/rm_referee_msgs/lib:${LD_LIBRARY_PATH} PYTHONPATH=/home/chen/sentry_try/sentry_ws/install/rm_referee_msgs/local/lib/python3.10/dist-packages:${PYTHONPATH} /usr/bin/cmake --install /home/chen/sentry_try/sentry_ws/build/rm_referee_mock
