[  0%] [34m[1mGenerating C code for ROS interfaces[0m
[  1%] [34m[1mGenerating C code for ROS interfaces[0m
[  3%] [32mBuilding CXX object src/core/miao/core/CMakeFiles/miao.core.dir/graph/optimizer.cc.o[0m
[  3%] [34m[1mGenerating C++ code for ROS interfaces[0m
[  3%] [34m[1mGenerating Rust code for ROS interfaces[0m
[  4%] [32mBuilding CXX object src/core/miao/utils/CMakeFiles/miao.utils.dir/sampler.cc.o[0m
[  4%] [32mBuilding CXX object src/core/miao/core/CMakeFiles/miao.core.dir/graph/graph.cc.o[0m
[  5%] [34m[1mGenerating C++ code for ROS interfaces[0m
[  6%] [32mBuilding CXX object src/core/miao/core/CMakeFiles/miao.core.dir/common/string_tools.cc.o[0m
[  8%] [32mBuilding CXX object src/core/miao/core/CMakeFiles/miao.core.dir/opti_algo/opti_algo_gauss_newton.cc.o[0m
[  8%] [32mBuilding CXX object src/core/miao/core/CMakeFiles/miao.core.dir/opti_algo/optimization_algorithm.cc.o[0m
[  8%] [32mBuilding CXX object src/core/miao/core/CMakeFiles/miao.core.dir/math/marginal_covariance_cholesky.cc.o[0m
[  9%] [34m[1mGenerating Rust code for ROS interfaces[0m
[ 10%] [32mBuilding CXX object src/core/miao/core/CMakeFiles/miao.core.dir/opti_algo/opti_algo_lm.cc.o[0m
[ 10%] Built target ament_cmake_python_copy_livox_ros_driver2
[ 10%] Built target ament_cmake_python_copy_lightning
[ 11%] [32mBuilding CXX object src/core/miao/core/CMakeFiles/miao.core.dir/opti_algo/opti_algo_dogleg.cc.o[0m
running egg_info
writing lightning.egg-info/PKG-INFO
writing dependency_links to lightning.egg-info/dependency_links.txt
writing top-level names to lightning.egg-info/top_level.txt
reading manifest file 'lightning.egg-info/SOURCES.txt'
writing manifest file 'lightning.egg-info/SOURCES.txt'
[ 11%] Built target ament_cmake_python_build_lightning_egg
[ 11%] Built target lightning__rs
[ 11%] [32mBuilding CXX object src/core/miao/core/CMakeFiles/miao.core.dir/solver/solver.cc.o[0m
[ 11%] Built target livox_interfaces2__rs
[ 11%] Built target livox_interfaces2__cpp
[ 12%] [34m[1mGenerating C++ type support for eProsima Fast-RTPS[0m
[ 13%] [34m[1mGenerating C++ introspection for ROS interfaces[0m
[ 14%] Built target lightning__cpp
[ 14%] [32mBuilding C object thirdparty/livox_ros_driver/CMakeFiles/livox_interfaces2__rosidl_generator_c.dir/rosidl_generator_c/livox_ros_driver2/msg/detail/custom_point__functions.c.o[0m
[ 15%] [34m[1mGenerating C++ type support dispatch for ROS interfaces[0m
[ 16%] [32mBuilding C object CMakeFiles/lightning__rosidl_generator_c.dir/rosidl_generator_c/lightning/srv/detail/loc_cmd__functions.c.o[0m
running egg_info
writing livox_ros_driver2.egg-info/PKG-INFO
writing dependency_links to livox_ros_driver2.egg-info/dependency_links.txt
writing top-level names to livox_ros_driver2.egg-info/top_level.txt
reading manifest file 'livox_ros_driver2.egg-info/SOURCES.txt'
writing manifest file 'livox_ros_driver2.egg-info/SOURCES.txt'
[ 17%] [32mBuilding C object thirdparty/livox_ros_driver/CMakeFiles/livox_interfaces2__rosidl_generator_c.dir/rosidl_generator_c/livox_ros_driver2/msg/detail/custom_msg__functions.c.o[0m
[ 17%] Built target ament_cmake_python_build_livox_ros_driver2_egg
[ 18%] [32mBuilding C object CMakeFiles/lightning__rosidl_generator_c.dir/rosidl_generator_c/lightning/srv/detail/save_map__functions.c.o[0m
[ 19%] [34m[1mGenerating C++ type support for eProsima Fast-RTPS[0m
[ 20%] [34m[1mGenerating C++ introspection for ROS interfaces[0m
[ 20%] [32m[1mLinking C shared library liblivox_ros_driver2__rosidl_generator_c.so[0m
[ 21%] [32m[1mLinking C shared library liblightning__rosidl_generator_c.so[0m
[ 21%] Built target livox_interfaces2__rosidl_generator_c
[ 22%] [34m[1mGenerating C++ type support dispatch for ROS interfaces[0m
[ 22%] Built target lightning__rosidl_generator_c
[ 23%] [34m[1mGenerating C type support for eProsima Fast-RTPS[0m
[ 24%] [32mBuilding CXX object thirdparty/livox_ros_driver/CMakeFiles/livox_interfaces2__rosidl_typesupport_fastrtps_cpp.dir/rosidl_typesupport_fastrtps_cpp/livox_ros_driver2/msg/detail/dds_fastrtps/custom_point__type_support.cpp.o[0m
[ 25%] [32mBuilding CXX object thirdparty/livox_ros_driver/CMakeFiles/livox_interfaces2__rosidl_typesupport_cpp.dir/rosidl_typesupport_cpp/livox_ros_driver2/msg/custom_point__type_support.cpp.o[0m
[ 25%] [32mBuilding CXX object thirdparty/livox_ros_driver/CMakeFiles/livox_interfaces2__rosidl_typesupport_introspection_cpp.dir/rosidl_typesupport_introspection_cpp/livox_ros_driver2/msg/detail/custom_point__type_support.cpp.o[0m
[ 26%] [32mBuilding CXX object CMakeFiles/lightning__rosidl_typesupport_fastrtps_cpp.dir/rosidl_typesupport_fastrtps_cpp/lightning/srv/detail/dds_fastrtps/loc_cmd__type_support.cpp.o[0m
[ 27%] [32mBuilding CXX object thirdparty/livox_ros_driver/CMakeFiles/livox_interfaces2__rosidl_typesupport_cpp.dir/rosidl_typesupport_cpp/livox_ros_driver2/msg/custom_msg__type_support.cpp.o[0m
[ 27%] [32mBuilding CXX object CMakeFiles/lightning__rosidl_typesupport_cpp.dir/rosidl_typesupport_cpp/lightning/srv/loc_cmd__type_support.cpp.o[0m
[ 28%] [32mBuilding CXX object CMakeFiles/lightning__rosidl_typesupport_introspection_cpp.dir/rosidl_typesupport_introspection_cpp/lightning/srv/detail/loc_cmd__type_support.cpp.o[0m
[ 28%] [32m[1mLinking CXX shared library libmiao.utils.so[0m
[ 29%] [32mBuilding CXX object thirdparty/livox_ros_driver/CMakeFiles/livox_interfaces2__rosidl_typesupport_introspection_cpp.dir/rosidl_typesupport_introspection_cpp/livox_ros_driver2/msg/detail/custom_msg__type_support.cpp.o[0m
[ 29%] [32mBuilding CXX object thirdparty/livox_ros_driver/CMakeFiles/livox_interfaces2__rosidl_typesupport_fastrtps_cpp.dir/rosidl_typesupport_fastrtps_cpp/livox_ros_driver2/msg/detail/dds_fastrtps/custom_msg__type_support.cpp.o[0m
[ 30%] [32mBuilding CXX object thirdparty/livox_ros_driver/CMakeFiles/livox_interfaces2__rosidl_typesupport_fastrtps_c.dir/rosidl_typesupport_fastrtps_c/livox_ros_driver2/msg/detail/custom_point__type_support_c.cpp.o[0m
[ 30%] Built target miao.utils
[ 30%] [32mBuilding CXX object CMakeFiles/lightning__rosidl_typesupport_fastrtps_cpp.dir/rosidl_typesupport_fastrtps_cpp/lightning/srv/detail/dds_fastrtps/save_map__type_support.cpp.o[0m
[ 31%] [32mBuilding CXX object CMakeFiles/lightning__rosidl_typesupport_introspection_cpp.dir/rosidl_typesupport_introspection_cpp/lightning/srv/detail/save_map__type_support.cpp.o[0m
[ 31%] [32m[1mLinking CXX shared library liblivox_ros_driver2__rosidl_typesupport_cpp.so[0m
[ 32%] [32mBuilding CXX object CMakeFiles/lightning__rosidl_typesupport_cpp.dir/rosidl_typesupport_cpp/lightning/srv/save_map__type_support.cpp.o[0m
[ 32%] Built target livox_interfaces2__rosidl_typesupport_cpp
[ 32%] [32mBuilding CXX object thirdparty/livox_ros_driver/CMakeFiles/livox_interfaces2__rosidl_typesupport_fastrtps_c.dir/rosidl_typesupport_fastrtps_c/livox_ros_driver2/msg/detail/custom_msg__type_support_c.cpp.o[0m
[ 34%] [34m[1mGenerating C type support dispatch for ROS interfaces[0m
[ 34%] [34m[1mGenerating C introspection for ROS interfaces[0m
[ 35%] [32m[1mLinking CXX shared library liblivox_ros_driver2__rosidl_typesupport_introspection_cpp.so[0m
[ 35%] [32m[1mLinking CXX shared library liblightning__rosidl_typesupport_introspection_cpp.so[0m
[ 36%] [32m[1mLinking CXX shared library liblivox_ros_driver2__rosidl_typesupport_fastrtps_cpp.so[0m
[ 37%] [32m[1mLinking CXX shared library liblightning__rosidl_typesupport_cpp.so[0m
[ 37%] Built target lightning__rosidl_typesupport_cpp
[ 38%] [32m[1mLinking CXX shared library liblightning__rosidl_typesupport_fastrtps_cpp.so[0m
[ 40%] [34m[1mGenerating C type support dispatch for ROS interfaces[0m
[ 40%] [34m[1mGenerating C type support for eProsima Fast-RTPS[0m
[ 40%] [34m[1mGenerating C introspection for ROS interfaces[0m
[ 40%] Built target livox_interfaces2__rosidl_typesupport_introspection_cpp
[ 40%] Built target lightning__rosidl_typesupport_introspection_cpp
[ 40%] Built target livox_interfaces2__rosidl_typesupport_fastrtps_cpp
[ 41%] [32m[1mLinking CXX shared library liblivox_ros_driver2__rosidl_typesupport_fastrtps_c.so[0m
[ 41%] Built target lightning__rosidl_typesupport_fastrtps_cpp
[ 43%] [32mBuilding CXX object thirdparty/livox_ros_driver/CMakeFiles/livox_interfaces2__rosidl_typesupport_c.dir/rosidl_typesupport_c/livox_ros_driver2/msg/custom_point__type_support.cpp.o[0m
[ 43%] [32mBuilding CXX object thirdparty/livox_ros_driver/CMakeFiles/livox_interfaces2__rosidl_typesupport_c.dir/rosidl_typesupport_c/livox_ros_driver2/msg/custom_msg__type_support.cpp.o[0m
[ 44%] [32mBuilding C object thirdparty/livox_ros_driver/CMakeFiles/livox_interfaces2__rosidl_typesupport_introspection_c.dir/rosidl_typesupport_introspection_c/livox_ros_driver2/msg/detail/custom_point__type_support.c.o[0m
[ 44%] [32mBuilding C object thirdparty/livox_ros_driver/CMakeFiles/livox_interfaces2__rosidl_typesupport_introspection_c.dir/rosidl_typesupport_introspection_c/livox_ros_driver2/msg/detail/custom_msg__type_support.c.o[0m
[ 44%] Built target livox_interfaces2__rosidl_typesupport_fastrtps_c
[ 44%] [32m[1mLinking CXX shared library liblivox_ros_driver2__rosidl_typesupport_c.so[0m
[ 44%] Built target livox_interfaces2__rosidl_typesupport_c
[ 45%] [32m[1mLinking C shared library liblivox_ros_driver2__rosidl_typesupport_introspection_c.so[0m
[ 45%] Built target livox_interfaces2__rosidl_typesupport_introspection_c
[ 45%] Built target livox_interfaces2
[ 45%] [34m[1mGenerating Python code for ROS interfaces[0m
[ 47%] [32mBuilding CXX object CMakeFiles/lightning__rosidl_typesupport_c.dir/rosidl_typesupport_c/lightning/srv/loc_cmd__type_support.cpp.o[0m
[ 47%] [32mBuilding CXX object CMakeFiles/lightning__rosidl_typesupport_c.dir/rosidl_typesupport_c/lightning/srv/save_map__type_support.cpp.o[0m
[ 48%] [32m[1mLinking CXX shared library liblightning__rosidl_typesupport_c.so[0m
[ 48%] Built target lightning__rosidl_typesupport_c
[ 49%] [32mBuilding C object CMakeFiles/lightning__rosidl_typesupport_introspection_c.dir/rosidl_typesupport_introspection_c/lightning/srv/detail/save_map__type_support.c.o[0m
[ 49%] [32mBuilding C object CMakeFiles/lightning__rosidl_typesupport_introspection_c.dir/rosidl_typesupport_introspection_c/lightning/srv/detail/loc_cmd__type_support.c.o[0m
[ 50%] [32mBuilding CXX object CMakeFiles/lightning__rosidl_typesupport_fastrtps_c.dir/rosidl_typesupport_fastrtps_c/lightning/srv/detail/loc_cmd__type_support_c.cpp.o[0m
[ 50%] [32mBuilding CXX object CMakeFiles/lightning__rosidl_typesupport_fastrtps_c.dir/rosidl_typesupport_fastrtps_c/lightning/srv/detail/save_map__type_support_c.cpp.o[0m
[ 51%] [32m[1mLinking C shared library liblightning__rosidl_typesupport_introspection_c.so[0m
[ 51%] Built target lightning__rosidl_typesupport_introspection_c
[ 52%] [32m[1mLinking CXX shared library liblightning__rosidl_typesupport_fastrtps_c.so[0m
[ 52%] Built target livox_interfaces2__py
[ 54%] [32mBuilding C object thirdparty/livox_ros_driver/CMakeFiles/livox_interfaces2__rosidl_generator_py.dir/rosidl_generator_py/livox_ros_driver2/msg/_custom_point_s.c.o[0m
[ 54%] [32mBuilding C object thirdparty/livox_ros_driver/CMakeFiles/livox_interfaces2__rosidl_generator_py.dir/rosidl_generator_py/livox_ros_driver2/msg/_custom_msg_s.c.o[0m
[ 54%] Built target lightning__rosidl_typesupport_fastrtps_c
[ 54%] Built target lightning
[ 55%] [34m[1mGenerating Python code for ROS interfaces[0m
[ 55%] [32m[1mLinking C shared library rosidl_generator_py/livox_ros_driver2/liblivox_interfaces2__rosidl_generator_py.so[0m
[ 55%] Built target livox_interfaces2__rosidl_generator_py
[ 58%] [32mBuilding C object thirdparty/livox_ros_driver/CMakeFiles/livox_ros_driver2__rosidl_typesupport_introspection_c__pyext.dir/rosidl_generator_py/livox_ros_driver2/_livox_ros_driver2_s.ep.rosidl_typesupport_introspection_c.c.o[0m
[ 58%] [32mBuilding C object thirdparty/livox_ros_driver/CMakeFiles/livox_ros_driver2__rosidl_typesupport_c__pyext.dir/rosidl_generator_py/livox_ros_driver2/_livox_ros_driver2_s.ep.rosidl_typesupport_c.c.o[0m
[ 58%] [32mBuilding C object thirdparty/livox_ros_driver/CMakeFiles/livox_ros_driver2__rosidl_typesupport_fastrtps_c__pyext.dir/rosidl_generator_py/livox_ros_driver2/_livox_ros_driver2_s.ep.rosidl_typesupport_fastrtps_c.c.o[0m
[ 60%] [32m[1mLinking C shared library rosidl_generator_py/livox_ros_driver2/livox_ros_driver2_s__rosidl_typesupport_c.cpython-310-x86_64-linux-gnu.so[0m
[ 60%] [32m[1mLinking C shared library rosidl_generator_py/livox_ros_driver2/livox_ros_driver2_s__rosidl_typesupport_fastrtps_c.cpython-310-x86_64-linux-gnu.so[0m
[ 60%] [32m[1mLinking C shared library rosidl_generator_py/livox_ros_driver2/livox_ros_driver2_s__rosidl_typesupport_introspection_c.cpython-310-x86_64-linux-gnu.so[0m
[ 60%] Built target livox_ros_driver2__rosidl_typesupport_introspection_c__pyext
[ 60%] Built target livox_ros_driver2__rosidl_typesupport_fastrtps_c__pyext
[ 60%] Built target livox_ros_driver2__rosidl_typesupport_c__pyext
[ 60%] Built target lightning__py
[ 61%] [32mBuilding C object CMakeFiles/lightning__rosidl_generator_py.dir/rosidl_generator_py/lightning/srv/_loc_cmd_s.c.o[0m
[ 61%] [32mBuilding C object CMakeFiles/lightning__rosidl_generator_py.dir/rosidl_generator_py/lightning/srv/_save_map_s.c.o[0m
[ 62%] [32m[1mLinking CXX shared library libmiao.core.so[0m
[ 63%] [32m[1mLinking C shared library rosidl_generator_py/lightning/liblightning__rosidl_generator_py.so[0m
[ 63%] Built target lightning__rosidl_generator_py
[ 64%] [32mBuilding C object CMakeFiles/lightning__rosidl_typesupport_c__pyext.dir/rosidl_generator_py/lightning/_lightning_s.ep.rosidl_typesupport_c.c.o[0m
[ 65%] [32mBuilding C object CMakeFiles/lightning__rosidl_typesupport_introspection_c__pyext.dir/rosidl_generator_py/lightning/_lightning_s.ep.rosidl_typesupport_introspection_c.c.o[0m
[ 65%] [32mBuilding C object CMakeFiles/lightning__rosidl_typesupport_fastrtps_c__pyext.dir/rosidl_generator_py/lightning/_lightning_s.ep.rosidl_typesupport_fastrtps_c.c.o[0m
[ 65%] Built target miao.core
[ 67%] [32mBuilding CXX object src/CMakeFiles/lightning.libs.dir/common/nav_state.cc.o[0m
[ 67%] [32mBuilding CXX object src/CMakeFiles/lightning.libs.dir/io/yaml_io.cc.o[0m
[ 67%] [32mBuilding CXX object src/CMakeFiles/lightning.libs.dir/common/options.cc.o[0m
[ 67%] [32mBuilding CXX object src/CMakeFiles/lightning.libs.dir/core/lio/pointcloud_preprocess.cc.o[0m
[ 70%] [32mBuilding CXX object src/CMakeFiles/lightning.libs.dir/core/g2p5/g2p5_map.cc.o[0m
[ 70%] [32mBuilding CXX object src/CMakeFiles/lightning.libs.dir/core/loop_closing/loop_closing.cc.o[0m
[ 69%] [32mBuilding CXX object src/CMakeFiles/lightning.libs.dir/core/lio/laser_mapping.cc.o[0m
[ 70%] [32mBuilding CXX object src/CMakeFiles/lightning.libs.dir/io/file_io.cc.o[0m
[ 71%] [32mBuilding CXX object src/CMakeFiles/lightning.libs.dir/core/g2p5/g2p5.cc.o[0m
[ 71%] [32mBuilding CXX object src/CMakeFiles/lightning.libs.dir/common/params.cc.o[0m
[ 72%] [32mBuilding CXX object src/CMakeFiles/lightning.libs.dir/core/lio/eskf.cc.o[0m
[ 73%] [32mBuilding CXX object src/CMakeFiles/lightning.libs.dir/core/maps/tiled_map.cc.o[0m
[ 74%] [32mBuilding CXX object src/CMakeFiles/lightning.libs.dir/core/g2p5/g2p5_subgrid.cc.o[0m
[ 75%] [32m[1mLinking C shared library rosidl_generator_py/lightning/lightning_s__rosidl_typesupport_c.cpython-310-x86_64-linux-gnu.so[0m
[ 75%] [32m[1mLinking C shared library rosidl_generator_py/lightning/lightning_s__rosidl_typesupport_introspection_c.cpython-310-x86_64-linux-gnu.so[0m
[ 75%] [32m[1mLinking C shared library rosidl_generator_py/lightning/lightning_s__rosidl_typesupport_fastrtps_c.cpython-310-x86_64-linux-gnu.so[0m
[ 75%] Built target lightning__rosidl_typesupport_introspection_c__pyext
[ 76%] [32mBuilding CXX object src/CMakeFiles/lightning.libs.dir/core/maps/tiled_map_chunk.cc.o[0m
[ 76%] Built target lightning__rosidl_typesupport_c__pyext
[ 76%] Built target lightning__rosidl_typesupport_fastrtps_c__pyext
[ 76%] [32mBuilding CXX object src/CMakeFiles/lightning.libs.dir/core/localization/localization_result.cc.o[0m
[ 77%] [32mBuilding CXX object src/CMakeFiles/lightning.libs.dir/core/localization/lidar_loc/lidar_loc.cc.o[0m
[ 78%] [32mBuilding CXX object src/CMakeFiles/lightning.libs.dir/core/localization/lidar_loc/pclomp/ndt_omp.cpp.o[0m
[ 78%] [32mBuilding CXX object src/CMakeFiles/lightning.libs.dir/core/localization/lidar_loc/pclomp/voxel_grid_covariance_omp.cpp.o[0m
[ 79%] [32mBuilding CXX object src/CMakeFiles/lightning.libs.dir/core/localization/pose_graph/pgo.cc.o[0m
[ 80%] [32mBuilding CXX object src/CMakeFiles/lightning.libs.dir/core/localization/pose_graph/pgo_impl.cc.o[0m
[ 81%] [32mBuilding CXX object src/CMakeFiles/lightning.libs.dir/core/localization/pose_graph/pose_extrapolator.cc.o[0m
[ 81%] [32mBuilding CXX object src/CMakeFiles/lightning.libs.dir/core/localization/localization.cpp.o[0m
