[0.024s] Invoking command in '/home/chen/sentry_try/sentry_ws/build/serial_comm': AMENT_PREFIX_PATH=/home/chen/sentry_try/sentry_ws/install/sentry_msgs:${AMENT_PREFIX_PATH} CMAKE_PREFIX_PATH=/home/chen/sentry_try/sentry_ws/install/sentry_msgs:/opt/ros/humble LD_LIBRARY_PATH=/home/chen/sentry_try/sentry_ws/install/sentry_msgs/lib:${LD_LIBRARY_PATH} PYTHONPATH=/home/chen/sentry_try/sentry_ws/install/sentry_msgs/local/lib/python3.10/dist-packages:${PYTHONPATH} /usr/bin/cmake --build /home/chen/sentry_try/sentry_ws/build/serial_comm -- -j16 -l16
[0.114s] [100%] Built target sentry_comm_node
[0.122s] Invoked command in '/home/chen/sentry_try/sentry_ws/build/serial_comm' returned '0': AMENT_PREFIX_PATH=/home/chen/sentry_try/sentry_ws/install/sentry_msgs:${AMENT_PREFIX_PATH} CMAKE_PREFIX_PATH=/home/chen/sentry_try/sentry_ws/install/sentry_msgs:/opt/ros/humble LD_LIBRARY_PATH=/home/chen/sentry_try/sentry_ws/install/sentry_msgs/lib:${LD_LIBRARY_PATH} PYTHONPATH=/home/chen/sentry_try/sentry_ws/install/sentry_msgs/local/lib/python3.10/dist-packages:${PYTHONPATH} /usr/bin/cmake --build /home/chen/sentry_try/sentry_ws/build/serial_comm -- -j16 -l16
[0.124s] Invoking command in '/home/chen/sentry_try/sentry_ws/build/serial_comm': AMENT_PREFIX_PATH=/home/chen/sentry_try/sentry_ws/install/sentry_msgs:${AMENT_PREFIX_PATH} CMAKE_PREFIX_PATH=/home/chen/sentry_try/sentry_ws/install/sentry_msgs:/opt/ros/humble LD_LIBRARY_PATH=/home/chen/sentry_try/sentry_ws/install/sentry_msgs/lib:${LD_LIBRARY_PATH} PYTHONPATH=/home/chen/sentry_try/sentry_ws/install/sentry_msgs/local/lib/python3.10/dist-packages:${PYTHONPATH} /usr/bin/cmake --install /home/chen/sentry_try/sentry_ws/build/serial_comm
[0.360s] -- Install configuration: ""
[0.363s] -- Up-to-date: /home/chen/sentry_try/sentry_ws/install/serial_comm/lib/serial_comm/sentry_comm_node
[0.363s] -- Up-to-date: /home/chen/sentry_try/sentry_ws/install/serial_comm/share/serial_comm/launch
[0.364s] -- Up-to-date: /home/chen/sentry_try/sentry_ws/install/serial_comm/share/serial_comm/launch/sentry_comm.launch.py
[0.364s] -- Up-to-date: /home/chen/sentry_try/sentry_ws/install/serial_comm/share/serial_comm/config
[0.364s] -- Up-to-date: /home/chen/sentry_try/sentry_ws/install/serial_comm/share/serial_comm/config/sentry_params.yaml
[0.364s] -- Up-to-date: /home/chen/sentry_try/sentry_ws/install/serial_comm/share/serial_comm/config/topic_name.yaml
[0.364s] -- Up-to-date: /home/chen/sentry_try/sentry_ws/install/serial_comm/share/ament_index/resource_index/package_run_dependencies/serial_comm
[0.364s] -- Up-to-date: /home/chen/sentry_try/sentry_ws/install/serial_comm/share/ament_index/resource_index/parent_prefix_path/serial_comm
[0.364s] -- Up-to-date: /home/chen/sentry_try/sentry_ws/install/serial_comm/share/serial_comm/environment/ament_prefix_path.sh
[0.364s] -- Up-to-date: /home/chen/sentry_try/sentry_ws/install/serial_comm/share/serial_comm/environment/ament_prefix_path.dsv
[0.364s] -- Up-to-date: /home/chen/sentry_try/sentry_ws/install/serial_comm/share/serial_comm/environment/path.sh
[0.364s] -- Up-to-date: /home/chen/sentry_try/sentry_ws/install/serial_comm/share/serial_comm/environment/path.dsv
[0.364s] -- Up-to-date: /home/chen/sentry_try/sentry_ws/install/serial_comm/share/serial_comm/local_setup.bash
[0.364s] -- Up-to-date: /home/chen/sentry_try/sentry_ws/install/serial_comm/share/serial_comm/local_setup.sh
[0.364s] -- Up-to-date: /home/chen/sentry_try/sentry_ws/install/serial_comm/share/serial_comm/local_setup.zsh
[0.364s] -- Up-to-date: /home/chen/sentry_try/sentry_ws/install/serial_comm/share/serial_comm/local_setup.dsv
[0.364s] -- Installing: /home/chen/sentry_try/sentry_ws/install/serial_comm/share/serial_comm/package.dsv
[0.609s] -- Up-to-date: /home/chen/sentry_try/sentry_ws/install/serial_comm/share/ament_index/resource_index/packages/serial_comm
[0.609s] -- Up-to-date: /home/chen/sentry_try/sentry_ws/install/serial_comm/share/serial_comm/cmake/serial_commConfig.cmake
[0.609s] -- Up-to-date: /home/chen/sentry_try/sentry_ws/install/serial_comm/share/serial_comm/cmake/serial_commConfig-version.cmake
[0.610s] -- Up-to-date: /home/chen/sentry_try/sentry_ws/install/serial_comm/share/serial_comm/package.xml
[0.612s] Invoked command in '/home/chen/sentry_try/sentry_ws/build/serial_comm' returned '0': AMENT_PREFIX_PATH=/home/chen/sentry_try/sentry_ws/install/sentry_msgs:${AMENT_PREFIX_PATH} CMAKE_PREFIX_PATH=/home/chen/sentry_try/sentry_ws/install/sentry_msgs:/opt/ros/humble LD_LIBRARY_PATH=/home/chen/sentry_try/sentry_ws/install/sentry_msgs/lib:${LD_LIBRARY_PATH} PYTHONPATH=/home/chen/sentry_try/sentry_ws/install/sentry_msgs/local/lib/python3.10/dist-packages:${PYTHONPATH} /usr/bin/cmake --install /home/chen/sentry_try/sentry_ws/build/serial_comm
