[0.011s] Invoking command in '/home/chen/sentry_try/sentry_ws/build/can_comm': AMENT_PREFIX_PATH=/home/chen/sentry_try/sentry_ws/install/sentry_msgs:${AMENT_PREFIX_PATH} CMAKE_PREFIX_PATH=/home/chen/sentry_try/sentry_ws/install/sentry_msgs:/opt/ros/humble LD_LIBRARY_PATH=/home/chen/sentry_try/sentry_ws/install/sentry_msgs/lib:${LD_LIBRARY_PATH} PYTHONPATH=/home/chen/sentry_try/sentry_ws/install/sentry_msgs/local/lib/python3.10/dist-packages:${PYTHONPATH} /usr/bin/cmake --build /home/chen/sentry_try/sentry_ws/build/can_comm -- -j16 -l16
[0.030s] -- Found ament_cmake: 1.3.14 (/opt/ros/humble/share/ament_cmake/cmake)
[0.114s] -- Found rclcpp: 16.0.19 (/opt/ros/humble/share/rclcpp/cmake)
[0.132s] -- Found rosidl_generator_c: 3.1.8 (/opt/ros/humble/share/rosidl_generator_c/cmake)
[0.133s] -- Found rosidl_adapter: 3.1.8 (/opt/ros/humble/share/rosidl_adapter/cmake)
[0.137s] -- Found rosidl_generator_cpp: 3.1.8 (/opt/ros/humble/share/rosidl_generator_cpp/cmake)
[0.142s] -- Using all available rosidl_typesupport_c: rosidl_typesupport_fastrtps_c;rosidl_typesupport_introspection_c
[0.149s] -- Using all available rosidl_typesupport_cpp: rosidl_typesupport_fastrtps_cpp;rosidl_typesupport_introspection_cpp
[0.168s] -- Found rmw_implementation_cmake: 6.1.2 (/opt/ros/humble/share/rmw_implementation_cmake/cmake)
[0.168s] -- Found rmw_fastrtps_cpp: 6.2.10 (/opt/ros/humble/share/rmw_fastrtps_cpp/cmake)
[0.253s] -- Using RMW implementation 'rmw_fastrtps_cpp' as default
[0.280s] -- Found geometry_msgs: 4.9.1 (/opt/ros/humble/share/geometry_msgs/cmake)
[0.286s] -- Found sentry_msgs: 0.0.2 (/home/chen/sentry_try/sentry_ws/install/sentry_msgs/share/sentry_msgs/cmake)
[0.339s] -- Configuring done
[0.348s] -- Generating done
[0.351s] -- Build files have been written to: /home/chen/sentry_try/sentry_ws/build/can_comm
[0.373s] [35m[1mConsolidate compiler generated dependencies of target can_receive_node[0m
[0.381s] [ 25%] [32mBuilding CXX object CMakeFiles/can_send_node.dir/src/can_send.cpp.o[0m
[0.387s] [ 75%] Built target can_receive_node
[0.624s] In file included from [01m[K/home/chen/sentry_try/sentry_ws/src/can_comm/librm/libs/kalman/include/kalman/SystemModel.hpp:27[m[K,
[0.624s]                  from [01m[K/home/chen/sentry_try/sentry_ws/src/can_comm/librm/libs/kalman/include/kalman/LinearizedSystemModel.hpp:25[m[K,
[0.624s]                  from [01m[K/home/chen/sentry_try/sentry_ws/src/can_comm/librm/src/librm/modules/ahrs/ekf.hpp:34[m[K,
[0.624s]                  from [01m[K/home/chen/sentry_try/sentry_ws/src/can_comm/librm/src/librm.hpp:68[m[K,
[0.624s]                  from [01m[K/home/chen/sentry_try/sentry_ws/src/can_comm/src/can_send.cpp:8[m[K:
[0.624s] [01m[K/home/chen/sentry_try/sentry_ws/src/can_comm/librm/libs/kalman/include/kalman/Matrix.hpp:27:10:[m[K [01;31m[Kfatal error: [m[KEigen/Dense: 没有那个文件或目录
[0.624s]    27 | #include [01;31m[K<Eigen/Dense>[m[K
[0.624s]       |          [01;31m[K^~~~~~~~~~~~~[m[K
[0.624s] compilation terminated.
[0.628s] gmake[2]: *** [CMakeFiles/can_send_node.dir/build.make:76：CMakeFiles/can_send_node.dir/src/can_send.cpp.o] 错误 1
[0.629s] gmake[1]: *** [CMakeFiles/Makefile2:165：CMakeFiles/can_send_node.dir/all] 错误 2
[0.629s] gmake: *** [Makefile:146：all] 错误 2
[0.631s] Invoked command in '/home/chen/sentry_try/sentry_ws/build/can_comm' returned '2': AMENT_PREFIX_PATH=/home/chen/sentry_try/sentry_ws/install/sentry_msgs:${AMENT_PREFIX_PATH} CMAKE_PREFIX_PATH=/home/chen/sentry_try/sentry_ws/install/sentry_msgs:/opt/ros/humble LD_LIBRARY_PATH=/home/chen/sentry_try/sentry_ws/install/sentry_msgs/lib:${LD_LIBRARY_PATH} PYTHONPATH=/home/chen/sentry_try/sentry_ws/install/sentry_msgs/local/lib/python3.10/dist-packages:${PYTHONPATH} /usr/bin/cmake --build /home/chen/sentry_try/sentry_ws/build/can_comm -- -j16 -l16
