[0.023s] Invoking command in '/home/chen/sentry_try/sentry_ws/build/rm_referee': AMENT_PREFIX_PATH=/home/chen/sentry_try/sentry_ws/install/rm_referee_msgs:${AMENT_PREFIX_PATH} CMAKE_PREFIX_PATH=/home/chen/sentry_try/sentry_ws/install/rm_referee_msgs:/opt/ros/humble LD_LIBRARY_PATH=/home/chen/sentry_try/sentry_ws/install/rm_referee_msgs/lib:${LD_LIBRARY_PATH} PYTHONPATH=/home/chen/sentry_try/sentry_ws/install/rm_referee_msgs/local/lib/python3.10/dist-packages:${PYTHONPATH} /usr/bin/cmake --build /home/chen/sentry_try/sentry_ws/build/rm_referee -- -j16 -l16
[0.205s] [ 14%] Built target hipnuc_sdk
[0.212s] [ 20%] Built target tf_publisher
[0.212s] [ 34%] Built target ardupilot_filter
[0.217s] [ 38%] Built target referee_node
[0.279s] [ 89%] Built target rm
[0.322s] [ 95%] Built target referee_node_component
[0.354s] [100%] Built target tf_publisher_component
[0.366s] Invoked command in '/home/chen/sentry_try/sentry_ws/build/rm_referee' returned '0': AMENT_PREFIX_PATH=/home/chen/sentry_try/sentry_ws/install/rm_referee_msgs:${AMENT_PREFIX_PATH} CMAKE_PREFIX_PATH=/home/chen/sentry_try/sentry_ws/install/rm_referee_msgs:/opt/ros/humble LD_LIBRARY_PATH=/home/chen/sentry_try/sentry_ws/install/rm_referee_msgs/lib:${LD_LIBRARY_PATH} PYTHONPATH=/home/chen/sentry_try/sentry_ws/install/rm_referee_msgs/local/lib/python3.10/dist-packages:${PYTHONPATH} /usr/bin/cmake --build /home/chen/sentry_try/sentry_ws/build/rm_referee -- -j16 -l16
[0.369s] Invoking command in '/home/chen/sentry_try/sentry_ws/build/rm_referee': AMENT_PREFIX_PATH=/home/chen/sentry_try/sentry_ws/install/rm_referee_msgs:${AMENT_PREFIX_PATH} CMAKE_PREFIX_PATH=/home/chen/sentry_try/sentry_ws/install/rm_referee_msgs:/opt/ros/humble LD_LIBRARY_PATH=/home/chen/sentry_try/sentry_ws/install/rm_referee_msgs/lib:${LD_LIBRARY_PATH} PYTHONPATH=/home/chen/sentry_try/sentry_ws/install/rm_referee_msgs/local/lib/python3.10/dist-packages:${PYTHONPATH} /usr/bin/cmake --install /home/chen/sentry_try/sentry_ws/build/rm_referee
[0.376s] -- Install configuration: ""
[0.379s] -- Up-to-date: /home/chen/sentry_try/sentry_ws/install/rm_referee/lib/rm_referee/referee_node
[0.382s] -- Up-to-date: /home/chen/sentry_try/sentry_ws/install/rm_referee/lib/rm_referee/tf_publisher
[0.385s] -- Up-to-date: /home/chen/sentry_try/sentry_ws/install/rm_referee/lib/libreferee_node_component.so
[0.387s] -- Up-to-date: /home/chen/sentry_try/sentry_ws/install/rm_referee/lib/libtf_publisher_component.so
[0.387s] -- Up-to-date: /home/chen/sentry_try/sentry_ws/install/rm_referee/share/rm_referee/launch
[0.387s] -- Up-to-date: /home/chen/sentry_try/sentry_ws/install/rm_referee/share/rm_referee/launch/referee_node.launch.py
[0.387s] -- Up-to-date: /home/chen/sentry_try/sentry_ws/install/rm_referee/share/rm_referee/launch/tf_publisher.launch.py
[0.387s] -- Up-to-date: /home/chen/sentry_try/sentry_ws/install/rm_referee/include
[0.387s] -- Up-to-date: /home/chen/sentry_try/sentry_ws/install/rm_referee/include/referee_node
[0.387s] -- Up-to-date: /home/chen/sentry_try/sentry_ws/install/rm_referee/include/referee_node/referee_node.hpp
[0.387s] -- Up-to-date: /home/chen/sentry_try/sentry_ws/install/rm_referee/include/referee_node/byte_stream_recorder.hpp
[0.387s] -- Up-to-date: /home/chen/sentry_try/sentry_ws/install/rm_referee/include/referee_node/log_utils.hpp
[0.388s] -- Up-to-date: /home/chen/sentry_try/sentry_ws/install/rm_referee/include/referee_node/asio_serial.hpp
[0.388s] -- Up-to-date: /home/chen/sentry_try/sentry_ws/install/rm_referee/share/rm_referee/environment/library_path.sh
[0.388s] -- Up-to-date: /home/chen/sentry_try/sentry_ws/install/rm_referee/share/rm_referee/environment/library_path.dsv
[0.388s] -- Up-to-date: /home/chen/sentry_try/sentry_ws/install/rm_referee/lib/libreferee_node_component.so
[0.388s] -- Up-to-date: /home/chen/sentry_try/sentry_ws/install/rm_referee/lib/libtf_publisher_component.so
[0.389s] -- Up-to-date: /home/chen/sentry_try/sentry_ws/install/rm_referee/share/ament_index/resource_index/package_run_dependencies/rm_referee
[0.389s] -- Up-to-date: /home/chen/sentry_try/sentry_ws/install/rm_referee/share/ament_index/resource_index/parent_prefix_path/rm_referee
[0.389s] -- Up-to-date: /home/chen/sentry_try/sentry_ws/install/rm_referee/share/rm_referee/environment/ament_prefix_path.sh
[0.389s] -- Up-to-date: /home/chen/sentry_try/sentry_ws/install/rm_referee/share/rm_referee/environment/ament_prefix_path.dsv
[0.389s] -- Up-to-date: /home/chen/sentry_try/sentry_ws/install/rm_referee/share/rm_referee/environment/path.sh
[0.389s] -- Up-to-date: /home/chen/sentry_try/sentry_ws/install/rm_referee/share/rm_referee/environment/path.dsv
[0.389s] -- Up-to-date: /home/chen/sentry_try/sentry_ws/install/rm_referee/share/rm_referee/local_setup.bash
[0.389s] -- Up-to-date: /home/chen/sentry_try/sentry_ws/install/rm_referee/share/rm_referee/local_setup.sh
[0.389s] -- Up-to-date: /home/chen/sentry_try/sentry_ws/install/rm_referee/share/rm_referee/local_setup.zsh
[0.389s] -- Up-to-date: /home/chen/sentry_try/sentry_ws/install/rm_referee/share/rm_referee/local_setup.dsv
[0.389s] -- Installing: /home/chen/sentry_try/sentry_ws/install/rm_referee/share/rm_referee/package.dsv
[0.390s] -- Up-to-date: /home/chen/sentry_try/sentry_ws/install/rm_referee/share/ament_index/resource_index/packages/rm_referee
[0.390s] -- Up-to-date: /home/chen/sentry_try/sentry_ws/install/rm_referee/share/ament_index/resource_index/rclcpp_components/rm_referee
[0.391s] -- Up-to-date: /home/chen/sentry_try/sentry_ws/install/rm_referee/share/rm_referee/cmake/ament_cmake_export_dependencies-extras.cmake
[0.391s] -- Up-to-date: /home/chen/sentry_try/sentry_ws/install/rm_referee/share/rm_referee/cmake/ament_cmake_export_include_directories-extras.cmake
[0.391s] -- Up-to-date: /home/chen/sentry_try/sentry_ws/install/rm_referee/share/rm_referee/cmake/ament_cmake_export_libraries-extras.cmake
[0.391s] -- Up-to-date: /home/chen/sentry_try/sentry_ws/install/rm_referee/share/rm_referee/cmake/rm_refereeConfig.cmake
[0.391s] -- Up-to-date: /home/chen/sentry_try/sentry_ws/install/rm_referee/share/rm_referee/cmake/rm_refereeConfig-version.cmake
[0.391s] -- Up-to-date: /home/chen/sentry_try/sentry_ws/install/rm_referee/share/rm_referee/package.xml
[0.400s] -- Up-to-date: /home/chen/sentry_try/sentry_ws/install/rm_referee/lib/libardupilot_filter.a
[0.400s] -- Up-to-date: /home/chen/sentry_try/sentry_ws/install/rm_referee/include/ap_filters
[0.401s] -- Up-to-date: /home/chen/sentry_try/sentry_ws/install/rm_referee/include/ap_filters/HarmonicNotchFilter.h
[0.401s] -- Up-to-date: /home/chen/sentry_try/sentry_ws/install/rm_referee/include/ap_filters/AP_Filter.h
[0.401s] -- Up-to-date: /home/chen/sentry_try/sentry_ws/install/rm_referee/include/ap_filters/filter_math.h
[0.401s] -- Up-to-date: /home/chen/sentry_try/sentry_ws/install/rm_referee/include/ap_filters/AP_Filter_config.h
[0.401s] -- Up-to-date: /home/chen/sentry_try/sentry_ws/install/rm_referee/include/ap_filters/SlewLimiter.h
[0.401s] -- Up-to-date: /home/chen/sentry_try/sentry_ws/install/rm_referee/include/ap_filters/Butter.h
[0.401s] -- Up-to-date: /home/chen/sentry_try/sentry_ws/install/rm_referee/include/ap_filters/filter_config.h
[0.401s] -- Up-to-date: /home/chen/sentry_try/sentry_ws/install/rm_referee/include/ap_filters/Filter.h
[0.401s] -- Up-to-date: /home/chen/sentry_try/sentry_ws/install/rm_referee/include/ap_filters/LowPassFilter2p.h
[0.401s] -- Up-to-date: /home/chen/sentry_try/sentry_ws/install/rm_referee/include/ap_filters/AverageFilter.h
[0.401s] -- Up-to-date: /home/chen/sentry_try/sentry_ws/install/rm_referee/include/ap_filters/DerivativeFilter.h
[0.401s] -- Up-to-date: /home/chen/sentry_try/sentry_ws/install/rm_referee/include/ap_filters/FilterWithBuffer.h
[0.401s] -- Up-to-date: /home/chen/sentry_try/sentry_ws/install/rm_referee/include/ap_filters/LowPassFilter.h
[0.401s] -- Up-to-date: /home/chen/sentry_try/sentry_ws/install/rm_referee/include/ap_filters/FilterClass.h
[0.401s] -- Up-to-date: /home/chen/sentry_try/sentry_ws/install/rm_referee/include/ap_filters/ModeFilter.h
[0.401s] -- Up-to-date: /home/chen/sentry_try/sentry_ws/install/rm_referee/include/ap_filters/NotchFilter.h
[0.403s] -- Up-to-date: /home/chen/sentry_try/sentry_ws/install/rm_referee/lib/cmake/ardupilot_filter/ardupilot_filter-targets.cmake
[0.404s] -- Up-to-date: /home/chen/sentry_try/sentry_ws/install/rm_referee/lib/cmake/ardupilot_filter/ardupilot_filter-targets-noconfig.cmake
[0.406s] Invoked command in '/home/chen/sentry_try/sentry_ws/build/rm_referee' returned '0': AMENT_PREFIX_PATH=/home/chen/sentry_try/sentry_ws/install/rm_referee_msgs:${AMENT_PREFIX_PATH} CMAKE_PREFIX_PATH=/home/chen/sentry_try/sentry_ws/install/rm_referee_msgs:/opt/ros/humble LD_LIBRARY_PATH=/home/chen/sentry_try/sentry_ws/install/rm_referee_msgs/lib:${LD_LIBRARY_PATH} PYTHONPATH=/home/chen/sentry_try/sentry_ws/install/rm_referee_msgs/local/lib/python3.10/dist-packages:${PYTHONPATH} /usr/bin/cmake --install /home/chen/sentry_try/sentry_ws/build/rm_referee
