[0.022s] Invoking command in '/home/chen/sentry_try/sentry_ws/build/fast_lio': CMAKE_PREFIX_PATH=/home/chen/sentry_try/sentry_ws/install/livox_ros_driver2:/home/chen/sentry_try/sentry_ws/install/serial_comm:/home/chen/sentry_try/sentry_ws/install/can_comm:/home/chen/sentry_try/sentry_ws/install/sentry_msgs:/home/chen/sentry_try/sentry_ws/install/sentry_eval_bt:/home/chen/sentry_try/sentry_ws/install/rm_referee_mock:/home/chen/sentry_try/sentry_ws/install/rm_referee:/home/chen/sentry_try/sentry_ws/install/lightning:/home/chen/sentry_try/sentry_ws/install/rm_referee_msgs:/home/chen/sentry_try/sentry_ws/install/pb_nav2_plugins:/home/chen/sentry_try/sentry_ws/install/livox_to_scan:/home/chen/sentry_try/sentry_ws/install/fast_lio:/home/chen/sentry_try/sentry_ws/install/goal_approach_controller:/home/chen/sentry_try/sentry_ws/install/costmap_voxel:/home/chen/sentry_try/sentry_ws/install/costmap_intensity:/home/chen/sentry_try/sentry_ws/install/bringup:/opt/ros/humble LD_LIBRARY_PATH=/home/chen/sentry_try/sentry_ws/install/livox_ros_driver2/lib:/home/chen/sentry_try/sentry_ws/install/sentry_msgs/lib:/home/chen/sentry_try/sentry_ws/install/rm_referee/lib:/home/chen/sentry_try/sentry_ws/install/lightning/lib:/home/chen/sentry_try/sentry_ws/install/rm_referee_msgs/lib:/home/chen/sentry_try/sentry_ws/install/pb_nav2_plugins/lib:/home/chen/sentry_try/sentry_ws/install/fast_lio/lib:/home/chen/sentry_try/sentry_ws/install/goal_approach_controller/lib:/home/chen/sentry_try/sentry_ws/install/costmap_voxel/lib:/home/chen/sentry_try/sentry_ws/install/costmap_intensity/lib:/usr/lib/x86_64-linux-gnu/gazebo-11/plugins:/opt/ros/humble/opt/rviz_ogre_vendor/lib:/opt/ros/humble/lib/x86_64-linux-gnu:/opt/ros/humble/opt/openvdb_vendor/lib:/opt/ros/humble/lib /usr/bin/cmake --build /home/chen/sentry_try/sentry_ws/build/fast_lio -- -j16 -l16
[0.088s] [  2%] Built target fast_lio__cpp
[0.088s] [  5%] Built target fast_lio__rs
[0.089s] [ 13%] Built target fast_lio__rosidl_generator_c
[0.118s] [ 13%] Built target ament_cmake_python_copy_fast_lio
[0.119s] [ 22%] Built target fast_lio__rosidl_typesupport_fastrtps_cpp
[0.135s] [ 30%] Built target fast_lio__rosidl_typesupport_introspection_cpp
[0.136s] [ 47%] Built target fast_lio__rosidl_typesupport_cpp
[0.136s] [ 47%] Built target fast_lio__rosidl_typesupport_introspection_c
[0.136s] [ 55%] Built target fast_lio__rosidl_typesupport_fastrtps_c
[0.137s] [ 63%] Built target fast_lio__rosidl_typesupport_c
[0.161s] [ 63%] Built target fast_lio
[0.186s] [ 66%] Built target fast_lio__py
[0.188s] [ 77%] Built target fastlio_mapping
[0.213s] [ 83%] Built target fast_lio__rosidl_generator_py
[0.240s] [ 88%] Built target fast_lio__rosidl_typesupport_fastrtps_c__pyext
[0.243s] [100%] Built target fast_lio__rosidl_typesupport_introspection_c__pyext
[0.243s] [100%] Built target fast_lio__rosidl_typesupport_c__pyext
[0.398s] running egg_info
[0.398s] writing fast_lio.egg-info/PKG-INFO
[0.398s] writing dependency_links to fast_lio.egg-info/dependency_links.txt
[0.398s] writing top-level names to fast_lio.egg-info/top_level.txt
[0.400s] reading manifest file 'fast_lio.egg-info/SOURCES.txt'
[0.401s] writing manifest file 'fast_lio.egg-info/SOURCES.txt'
[0.431s] [100%] Built target ament_cmake_python_build_fast_lio_egg
[0.443s] Invoked command in '/home/chen/sentry_try/sentry_ws/build/fast_lio' returned '0': CMAKE_PREFIX_PATH=/home/chen/sentry_try/sentry_ws/install/livox_ros_driver2:/home/chen/sentry_try/sentry_ws/install/serial_comm:/home/chen/sentry_try/sentry_ws/install/can_comm:/home/chen/sentry_try/sentry_ws/install/sentry_msgs:/home/chen/sentry_try/sentry_ws/install/sentry_eval_bt:/home/chen/sentry_try/sentry_ws/install/rm_referee_mock:/home/chen/sentry_try/sentry_ws/install/rm_referee:/home/chen/sentry_try/sentry_ws/install/lightning:/home/chen/sentry_try/sentry_ws/install/rm_referee_msgs:/home/chen/sentry_try/sentry_ws/install/pb_nav2_plugins:/home/chen/sentry_try/sentry_ws/install/livox_to_scan:/home/chen/sentry_try/sentry_ws/install/fast_lio:/home/chen/sentry_try/sentry_ws/install/goal_approach_controller:/home/chen/sentry_try/sentry_ws/install/costmap_voxel:/home/chen/sentry_try/sentry_ws/install/costmap_intensity:/home/chen/sentry_try/sentry_ws/install/bringup:/opt/ros/humble LD_LIBRARY_PATH=/home/chen/sentry_try/sentry_ws/install/livox_ros_driver2/lib:/home/chen/sentry_try/sentry_ws/install/sentry_msgs/lib:/home/chen/sentry_try/sentry_ws/install/rm_referee/lib:/home/chen/sentry_try/sentry_ws/install/lightning/lib:/home/chen/sentry_try/sentry_ws/install/rm_referee_msgs/lib:/home/chen/sentry_try/sentry_ws/install/pb_nav2_plugins/lib:/home/chen/sentry_try/sentry_ws/install/fast_lio/lib:/home/chen/sentry_try/sentry_ws/install/goal_approach_controller/lib:/home/chen/sentry_try/sentry_ws/install/costmap_voxel/lib:/home/chen/sentry_try/sentry_ws/install/costmap_intensity/lib:/usr/lib/x86_64-linux-gnu/gazebo-11/plugins:/opt/ros/humble/opt/rviz_ogre_vendor/lib:/opt/ros/humble/lib/x86_64-linux-gnu:/opt/ros/humble/opt/openvdb_vendor/lib:/opt/ros/humble/lib /usr/bin/cmake --build /home/chen/sentry_try/sentry_ws/build/fast_lio -- -j16 -l16
[0.445s] Invoking command in '/home/chen/sentry_try/sentry_ws/build/fast_lio': CMAKE_PREFIX_PATH=/home/chen/sentry_try/sentry_ws/install/livox_ros_driver2:/home/chen/sentry_try/sentry_ws/install/serial_comm:/home/chen/sentry_try/sentry_ws/install/can_comm:/home/chen/sentry_try/sentry_ws/install/sentry_msgs:/home/chen/sentry_try/sentry_ws/install/sentry_eval_bt:/home/chen/sentry_try/sentry_ws/install/rm_referee_mock:/home/chen/sentry_try/sentry_ws/install/rm_referee:/home/chen/sentry_try/sentry_ws/install/lightning:/home/chen/sentry_try/sentry_ws/install/rm_referee_msgs:/home/chen/sentry_try/sentry_ws/install/pb_nav2_plugins:/home/chen/sentry_try/sentry_ws/install/livox_to_scan:/home/chen/sentry_try/sentry_ws/install/fast_lio:/home/chen/sentry_try/sentry_ws/install/goal_approach_controller:/home/chen/sentry_try/sentry_ws/install/costmap_voxel:/home/chen/sentry_try/sentry_ws/install/costmap_intensity:/home/chen/sentry_try/sentry_ws/install/bringup:/opt/ros/humble LD_LIBRARY_PATH=/home/chen/sentry_try/sentry_ws/install/livox_ros_driver2/lib:/home/chen/sentry_try/sentry_ws/install/sentry_msgs/lib:/home/chen/sentry_try/sentry_ws/install/rm_referee/lib:/home/chen/sentry_try/sentry_ws/install/lightning/lib:/home/chen/sentry_try/sentry_ws/install/rm_referee_msgs/lib:/home/chen/sentry_try/sentry_ws/install/pb_nav2_plugins/lib:/home/chen/sentry_try/sentry_ws/install/fast_lio/lib:/home/chen/sentry_try/sentry_ws/install/goal_approach_controller/lib:/home/chen/sentry_try/sentry_ws/install/costmap_voxel/lib:/home/chen/sentry_try/sentry_ws/install/costmap_intensity/lib:/usr/lib/x86_64-linux-gnu/gazebo-11/plugins:/opt/ros/humble/opt/rviz_ogre_vendor/lib:/opt/ros/humble/lib/x86_64-linux-gnu:/opt/ros/humble/opt/openvdb_vendor/lib:/opt/ros/humble/lib /usr/bin/cmake --install /home/chen/sentry_try/sentry_ws/build/fast_lio
[0.453s] -- Install configuration: "Release"
[0.453s] -- Up-to-date: /home/chen/sentry_try/sentry_ws/install/fast_lio/share/ament_index/resource_index/rosidl_interfaces/fast_lio
[0.453s] -- Up-to-date: /home/chen/sentry_try/sentry_ws/install/fast_lio/include/fast_lio/fast_lio
[0.453s] -- Up-to-date: /home/chen/sentry_try/sentry_ws/install/fast_lio/include/fast_lio/fast_lio/msg
[0.453s] -- Up-to-date: /home/chen/sentry_try/sentry_ws/install/fast_lio/include/fast_lio/fast_lio/msg/rosidl_generator_c__visibility_control.h
[0.453s] -- Up-to-date: /home/chen/sentry_try/sentry_ws/install/fast_lio/include/fast_lio/fast_lio/msg/pose6_d.h
[0.453s] -- Up-to-date: /home/chen/sentry_try/sentry_ws/install/fast_lio/include/fast_lio/fast_lio/msg/detail
[0.453s] -- Up-to-date: /home/chen/sentry_try/sentry_ws/install/fast_lio/include/fast_lio/fast_lio/msg/detail/pose6_d__type_support.h
[0.453s] -- Up-to-date: /home/chen/sentry_try/sentry_ws/install/fast_lio/include/fast_lio/fast_lio/msg/detail/pose6_d__struct.h
[0.453s] -- Up-to-date: /home/chen/sentry_try/sentry_ws/install/fast_lio/include/fast_lio/fast_lio/msg/detail/pose6_d__functions.h
[0.453s] -- Up-to-date: /home/chen/sentry_try/sentry_ws/install/fast_lio/include/fast_lio/fast_lio/msg/detail/pose6_d__functions.c
[0.454s] -- Up-to-date: /home/chen/sentry_try/sentry_ws/install/fast_lio/share/fast_lio/environment/library_path.sh
[0.454s] -- Up-to-date: /home/chen/sentry_try/sentry_ws/install/fast_lio/share/fast_lio/environment/library_path.dsv
[0.454s] -- Up-to-date: /home/chen/sentry_try/sentry_ws/install/fast_lio/lib/libfast_lio__rosidl_generator_c.so
[0.454s] -- Up-to-date: /home/chen/sentry_try/sentry_ws/install/fast_lio/include/fast_lio/fast_lio
[0.454s] -- Up-to-date: /home/chen/sentry_try/sentry_ws/install/fast_lio/include/fast_lio/fast_lio/msg
[0.454s] -- Up-to-date: /home/chen/sentry_try/sentry_ws/install/fast_lio/include/fast_lio/fast_lio/msg/rosidl_typesupport_fastrtps_c__visibility_control.h
[0.454s] -- Up-to-date: /home/chen/sentry_try/sentry_ws/install/fast_lio/include/fast_lio/fast_lio/msg/detail
[0.454s] -- Up-to-date: /home/chen/sentry_try/sentry_ws/install/fast_lio/include/fast_lio/fast_lio/msg/detail/pose6_d__rosidl_typesupport_fastrtps_c.h
[0.454s] -- Up-to-date: /home/chen/sentry_try/sentry_ws/install/fast_lio/lib/libfast_lio__rosidl_typesupport_fastrtps_c.so
[0.454s] -- Up-to-date: /home/chen/sentry_try/sentry_ws/install/fast_lio/include/fast_lio/fast_lio
[0.454s] -- Up-to-date: /home/chen/sentry_try/sentry_ws/install/fast_lio/include/fast_lio/fast_lio/msg
[0.454s] -- Up-to-date: /home/chen/sentry_try/sentry_ws/install/fast_lio/include/fast_lio/fast_lio/msg/rosidl_generator_cpp__visibility_control.hpp
[0.454s] -- Up-to-date: /home/chen/sentry_try/sentry_ws/install/fast_lio/include/fast_lio/fast_lio/msg/pose6_d.hpp
[0.454s] -- Up-to-date: /home/chen/sentry_try/sentry_ws/install/fast_lio/include/fast_lio/fast_lio/msg/detail
[0.454s] -- Up-to-date: /home/chen/sentry_try/sentry_ws/install/fast_lio/include/fast_lio/fast_lio/msg/detail/pose6_d__traits.hpp
[0.454s] -- Up-to-date: /home/chen/sentry_try/sentry_ws/install/fast_lio/include/fast_lio/fast_lio/msg/detail/pose6_d__struct.hpp
[0.454s] -- Up-to-date: /home/chen/sentry_try/sentry_ws/install/fast_lio/include/fast_lio/fast_lio/msg/detail/pose6_d__type_support.hpp
[0.454s] -- Up-to-date: /home/chen/sentry_try/sentry_ws/install/fast_lio/include/fast_lio/fast_lio/msg/detail/pose6_d__builder.hpp
[0.454s] -- Up-to-date: /home/chen/sentry_try/sentry_ws/install/fast_lio/include/fast_lio/fast_lio
[0.454s] -- Up-to-date: /home/chen/sentry_try/sentry_ws/install/fast_lio/include/fast_lio/fast_lio/msg
[0.454s] -- Up-to-date: /home/chen/sentry_try/sentry_ws/install/fast_lio/include/fast_lio/fast_lio/msg/rosidl_typesupport_fastrtps_cpp__visibility_control.h
[0.454s] -- Up-to-date: /home/chen/sentry_try/sentry_ws/install/fast_lio/include/fast_lio/fast_lio/msg/detail
[0.455s] -- Up-to-date: /home/chen/sentry_try/sentry_ws/install/fast_lio/include/fast_lio/fast_lio/msg/detail/dds_fastrtps
[0.455s] -- Up-to-date: /home/chen/sentry_try/sentry_ws/install/fast_lio/include/fast_lio/fast_lio/msg/detail/pose6_d__rosidl_typesupport_fastrtps_cpp.hpp
[0.455s] -- Up-to-date: /home/chen/sentry_try/sentry_ws/install/fast_lio/lib/libfast_lio__rosidl_typesupport_fastrtps_cpp.so
[0.455s] -- Up-to-date: /home/chen/sentry_try/sentry_ws/install/fast_lio/include/fast_lio/fast_lio
[0.455s] -- Up-to-date: /home/chen/sentry_try/sentry_ws/install/fast_lio/include/fast_lio/fast_lio/msg
[0.455s] -- Up-to-date: /home/chen/sentry_try/sentry_ws/install/fast_lio/include/fast_lio/fast_lio/msg/rosidl_typesupport_introspection_c__visibility_control.h
[0.455s] -- Up-to-date: /home/chen/sentry_try/sentry_ws/install/fast_lio/include/fast_lio/fast_lio/msg/detail
[0.455s] -- Up-to-date: /home/chen/sentry_try/sentry_ws/install/fast_lio/include/fast_lio/fast_lio/msg/detail/pose6_d__rosidl_typesupport_introspection_c.h
[0.455s] -- Up-to-date: /home/chen/sentry_try/sentry_ws/install/fast_lio/include/fast_lio/fast_lio/msg/detail/pose6_d__type_support.c
[0.456s] -- Up-to-date: /home/chen/sentry_try/sentry_ws/install/fast_lio/lib/libfast_lio__rosidl_typesupport_introspection_c.so
[0.456s] -- Up-to-date: /home/chen/sentry_try/sentry_ws/install/fast_lio/lib/libfast_lio__rosidl_typesupport_c.so
[0.456s] -- Up-to-date: /home/chen/sentry_try/sentry_ws/install/fast_lio/include/fast_lio/fast_lio
[0.456s] -- Up-to-date: /home/chen/sentry_try/sentry_ws/install/fast_lio/include/fast_lio/fast_lio/msg
[0.456s] -- Up-to-date: /home/chen/sentry_try/sentry_ws/install/fast_lio/include/fast_lio/fast_lio/msg/detail
[0.457s] -- Up-to-date: /home/chen/sentry_try/sentry_ws/install/fast_lio/include/fast_lio/fast_lio/msg/detail/pose6_d__rosidl_typesupport_introspection_cpp.hpp
[0.457s] -- Up-to-date: /home/chen/sentry_try/sentry_ws/install/fast_lio/include/fast_lio/fast_lio/msg/detail/pose6_d__type_support.cpp
[0.457s] -- Up-to-date: /home/chen/sentry_try/sentry_ws/install/fast_lio/lib/libfast_lio__rosidl_typesupport_introspection_cpp.so
[0.457s] -- Up-to-date: /home/chen/sentry_try/sentry_ws/install/fast_lio/lib/libfast_lio__rosidl_typesupport_cpp.so
[0.457s] -- Up-to-date: /home/chen/sentry_try/sentry_ws/install/fast_lio/share/fast_lio/environment/pythonpath.sh
[0.457s] -- Up-to-date: /home/chen/sentry_try/sentry_ws/install/fast_lio/share/fast_lio/environment/pythonpath.dsv
[0.457s] -- Up-to-date: /home/chen/sentry_try/sentry_ws/install/fast_lio/local/lib/python3.10/dist-packages/fast_lio-0.0.0-py3.10.egg-info
[0.458s] -- Installing: /home/chen/sentry_try/sentry_ws/install/fast_lio/local/lib/python3.10/dist-packages/fast_lio-0.0.0-py3.10.egg-info/top_level.txt
[0.458s] -- Installing: /home/chen/sentry_try/sentry_ws/install/fast_lio/local/lib/python3.10/dist-packages/fast_lio-0.0.0-py3.10.egg-info/PKG-INFO
[0.458s] -- Installing: /home/chen/sentry_try/sentry_ws/install/fast_lio/local/lib/python3.10/dist-packages/fast_lio-0.0.0-py3.10.egg-info/SOURCES.txt
[0.458s] -- Installing: /home/chen/sentry_try/sentry_ws/install/fast_lio/local/lib/python3.10/dist-packages/fast_lio-0.0.0-py3.10.egg-info/dependency_links.txt
[0.458s] -- Up-to-date: /home/chen/sentry_try/sentry_ws/install/fast_lio/local/lib/python3.10/dist-packages/fast_lio
[0.458s] -- Up-to-date: /home/chen/sentry_try/sentry_ws/install/fast_lio/local/lib/python3.10/dist-packages/fast_lio/_fast_lio_s.ep.rosidl_typesupport_fastrtps_c.c
[0.458s] -- Up-to-date: /home/chen/sentry_try/sentry_ws/install/fast_lio/local/lib/python3.10/dist-packages/fast_lio/_fast_lio_s.ep.rosidl_typesupport_introspection_c.c
[0.458s] -- Up-to-date: /home/chen/sentry_try/sentry_ws/install/fast_lio/local/lib/python3.10/dist-packages/fast_lio/fast_lio_s__rosidl_typesupport_fastrtps_c.cpython-310-x86_64-linux-gnu.so
[0.459s] -- Up-to-date: /home/chen/sentry_try/sentry_ws/install/fast_lio/local/lib/python3.10/dist-packages/fast_lio/libfast_lio__rosidl_generator_py.so
[0.459s] -- Up-to-date: /home/chen/sentry_try/sentry_ws/install/fast_lio/local/lib/python3.10/dist-packages/fast_lio/msg
[0.459s] -- Up-to-date: /home/chen/sentry_try/sentry_ws/install/fast_lio/local/lib/python3.10/dist-packages/fast_lio/msg/_pose6_d_s.c
[0.459s] -- Up-to-date: /home/chen/sentry_try/sentry_ws/install/fast_lio/local/lib/python3.10/dist-packages/fast_lio/msg/_pose6_d.py
[0.459s] -- Up-to-date: /home/chen/sentry_try/sentry_ws/install/fast_lio/local/lib/python3.10/dist-packages/fast_lio/msg/__init__.py
[0.459s] -- Up-to-date: /home/chen/sentry_try/sentry_ws/install/fast_lio/local/lib/python3.10/dist-packages/fast_lio/fast_lio_s__rosidl_typesupport_introspection_c.cpython-310-x86_64-linux-gnu.so
[0.459s] -- Up-to-date: /home/chen/sentry_try/sentry_ws/install/fast_lio/local/lib/python3.10/dist-packages/fast_lio/fast_lio_s__rosidl_typesupport_c.cpython-310-x86_64-linux-gnu.so
[0.459s] -- Up-to-date: /home/chen/sentry_try/sentry_ws/install/fast_lio/local/lib/python3.10/dist-packages/fast_lio/_fast_lio_s.ep.rosidl_typesupport_c.c
[0.459s] -- Up-to-date: /home/chen/sentry_try/sentry_ws/install/fast_lio/local/lib/python3.10/dist-packages/fast_lio/__init__.py
[0.482s] Listing '/home/chen/sentry_try/sentry_ws/install/fast_lio/local/lib/python3.10/dist-packages/fast_lio'...
[0.483s] Listing '/home/chen/sentry_try/sentry_ws/install/fast_lio/local/lib/python3.10/dist-packages/fast_lio/msg'...
[0.486s] -- Up-to-date: /home/chen/sentry_try/sentry_ws/install/fast_lio/local/lib/python3.10/dist-packages/fast_lio/fast_lio_s__rosidl_typesupport_fastrtps_c.cpython-310-x86_64-linux-gnu.so
[0.486s] -- Up-to-date: /home/chen/sentry_try/sentry_ws/install/fast_lio/local/lib/python3.10/dist-packages/fast_lio/fast_lio_s__rosidl_typesupport_introspection_c.cpython-310-x86_64-linux-gnu.so
[0.487s] -- Up-to-date: /home/chen/sentry_try/sentry_ws/install/fast_lio/local/lib/python3.10/dist-packages/fast_lio/fast_lio_s__rosidl_typesupport_c.cpython-310-x86_64-linux-gnu.so
[0.487s] -- Up-to-date: /home/chen/sentry_try/sentry_ws/install/fast_lio/lib/libfast_lio__rosidl_generator_py.so
[0.487s] -- Up-to-date: /home/chen/sentry_try/sentry_ws/install/fast_lio/share/ament_index/resource_index/rust_packages/fast_lio
[0.487s] -- Up-to-date: /home/chen/sentry_try/sentry_ws/install/fast_lio/share/fast_lio/rust
[0.487s] -- Up-to-date: /home/chen/sentry_try/sentry_ws/install/fast_lio/share/fast_lio/rust/Cargo.toml
[0.487s] -- Up-to-date: /home/chen/sentry_try/sentry_ws/install/fast_lio/share/fast_lio/rust/build.rs
[0.487s] -- Up-to-date: /home/chen/sentry_try/sentry_ws/install/fast_lio/share/fast_lio/rust/src
[0.487s] -- Up-to-date: /home/chen/sentry_try/sentry_ws/install/fast_lio/share/fast_lio/rust/src/msg
[0.487s] -- Up-to-date: /home/chen/sentry_try/sentry_ws/install/fast_lio/share/fast_lio/rust/src/msg/rmw.rs
[0.487s] -- Up-to-date: /home/chen/sentry_try/sentry_ws/install/fast_lio/share/fast_lio/rust/src/msg.rs
[0.487s] -- Up-to-date: /home/chen/sentry_try/sentry_ws/install/fast_lio/share/fast_lio/rust/src/lib.rs
[0.487s] -- Up-to-date: /home/chen/sentry_try/sentry_ws/install/fast_lio/share/fast_lio/msg/Pose6D.idl
[0.487s] -- Up-to-date: /home/chen/sentry_try/sentry_ws/install/fast_lio/share/fast_lio/msg/Pose6D.msg
[0.487s] -- Up-to-date: /home/chen/sentry_try/sentry_ws/install/fast_lio/lib/fast_lio/fastlio_mapping
[0.487s] -- Up-to-date: /home/chen/sentry_try/sentry_ws/install/fast_lio/share/fast_lio/config
[0.488s] -- Up-to-date: /home/chen/sentry_try/sentry_ws/install/fast_lio/share/fast_lio/config/horizon.yaml
[0.488s] -- Up-to-date: /home/chen/sentry_try/sentry_ws/install/fast_lio/share/fast_lio/config/ouster64.yaml
[0.488s] -- Up-to-date: /home/chen/sentry_try/sentry_ws/install/fast_lio/share/fast_lio/config/velodyne.yaml
[0.488s] -- Up-to-date: /home/chen/sentry_try/sentry_ws/install/fast_lio/share/fast_lio/config/mid360.yaml
[0.488s] -- Up-to-date: /home/chen/sentry_try/sentry_ws/install/fast_lio/share/fast_lio/config/avia.yaml
[0.488s] -- Up-to-date: /home/chen/sentry_try/sentry_ws/install/fast_lio/share/fast_lio/launch
[0.488s] -- Up-to-date: /home/chen/sentry_try/sentry_ws/install/fast_lio/share/fast_lio/launch/mapping.launch.py
[0.488s] -- Up-to-date: /home/chen/sentry_try/sentry_ws/install/fast_lio/share/fast_lio/launch/gdb_debug_example.launch
[0.488s] -- Up-to-date: /home/chen/sentry_try/sentry_ws/install/fast_lio/share/fast_lio/rviz
[0.488s] -- Up-to-date: /home/chen/sentry_try/sentry_ws/install/fast_lio/share/fast_lio/rviz/fastlio.rviz
[0.488s] -- Up-to-date: /home/chen/sentry_try/sentry_ws/install/fast_lio/share/ament_index/resource_index/package_run_dependencies/fast_lio
[0.488s] -- Up-to-date: /home/chen/sentry_try/sentry_ws/install/fast_lio/share/ament_index/resource_index/parent_prefix_path/fast_lio
[0.488s] -- Up-to-date: /home/chen/sentry_try/sentry_ws/install/fast_lio/share/fast_lio/environment/ament_prefix_path.sh
[0.488s] -- Up-to-date: /home/chen/sentry_try/sentry_ws/install/fast_lio/share/fast_lio/environment/ament_prefix_path.dsv
[0.488s] -- Up-to-date: /home/chen/sentry_try/sentry_ws/install/fast_lio/share/fast_lio/environment/path.sh
[0.489s] -- Up-to-date: /home/chen/sentry_try/sentry_ws/install/fast_lio/share/fast_lio/environment/path.dsv
[0.489s] -- Up-to-date: /home/chen/sentry_try/sentry_ws/install/fast_lio/share/fast_lio/local_setup.bash
[0.489s] -- Up-to-date: /home/chen/sentry_try/sentry_ws/install/fast_lio/share/fast_lio/local_setup.sh
[0.489s] -- Up-to-date: /home/chen/sentry_try/sentry_ws/install/fast_lio/share/fast_lio/local_setup.zsh
[0.489s] -- Up-to-date: /home/chen/sentry_try/sentry_ws/install/fast_lio/share/fast_lio/local_setup.dsv
[0.489s] -- Installing: /home/chen/sentry_try/sentry_ws/install/fast_lio/share/fast_lio/package.dsv
[0.489s] -- Up-to-date: /home/chen/sentry_try/sentry_ws/install/fast_lio/share/ament_index/resource_index/packages/fast_lio
[0.489s] -- Up-to-date: /home/chen/sentry_try/sentry_ws/install/fast_lio/share/fast_lio/cmake/export_fast_lio__rosidl_generator_cExport.cmake
[0.489s] -- Up-to-date: /home/chen/sentry_try/sentry_ws/install/fast_lio/share/fast_lio/cmake/export_fast_lio__rosidl_generator_cExport-release.cmake
[0.489s] -- Up-to-date: /home/chen/sentry_try/sentry_ws/install/fast_lio/share/fast_lio/cmake/export_fast_lio__rosidl_typesupport_fastrtps_cExport.cmake
[0.489s] -- Up-to-date: /home/chen/sentry_try/sentry_ws/install/fast_lio/share/fast_lio/cmake/export_fast_lio__rosidl_typesupport_fastrtps_cExport-release.cmake
[0.489s] -- Up-to-date: /home/chen/sentry_try/sentry_ws/install/fast_lio/share/fast_lio/cmake/export_fast_lio__rosidl_generator_cppExport.cmake
[0.489s] -- Up-to-date: /home/chen/sentry_try/sentry_ws/install/fast_lio/share/fast_lio/cmake/export_fast_lio__rosidl_typesupport_fastrtps_cppExport.cmake
[0.489s] -- Up-to-date: /home/chen/sentry_try/sentry_ws/install/fast_lio/share/fast_lio/cmake/export_fast_lio__rosidl_typesupport_fastrtps_cppExport-release.cmake
[0.489s] -- Up-to-date: /home/chen/sentry_try/sentry_ws/install/fast_lio/share/fast_lio/cmake/fast_lio__rosidl_typesupport_introspection_cExport.cmake
[0.489s] -- Up-to-date: /home/chen/sentry_try/sentry_ws/install/fast_lio/share/fast_lio/cmake/fast_lio__rosidl_typesupport_introspection_cExport-release.cmake
[0.490s] -- Up-to-date: /home/chen/sentry_try/sentry_ws/install/fast_lio/share/fast_lio/cmake/fast_lio__rosidl_typesupport_cExport.cmake
[0.490s] -- Up-to-date: /home/chen/sentry_try/sentry_ws/install/fast_lio/share/fast_lio/cmake/fast_lio__rosidl_typesupport_cExport-release.cmake
[0.490s] -- Up-to-date: /home/chen/sentry_try/sentry_ws/install/fast_lio/share/fast_lio/cmake/fast_lio__rosidl_typesupport_introspection_cppExport.cmake
[0.490s] -- Up-to-date: /home/chen/sentry_try/sentry_ws/install/fast_lio/share/fast_lio/cmake/fast_lio__rosidl_typesupport_introspection_cppExport-release.cmake
[0.490s] -- Up-to-date: /home/chen/sentry_try/sentry_ws/install/fast_lio/share/fast_lio/cmake/fast_lio__rosidl_typesupport_cppExport.cmake
[0.490s] -- Up-to-date: /home/chen/sentry_try/sentry_ws/install/fast_lio/share/fast_lio/cmake/fast_lio__rosidl_typesupport_cppExport-release.cmake
[0.490s] -- Up-to-date: /home/chen/sentry_try/sentry_ws/install/fast_lio/share/fast_lio/cmake/export_fast_lio__rosidl_generator_pyExport.cmake
[0.490s] -- Up-to-date: /home/chen/sentry_try/sentry_ws/install/fast_lio/share/fast_lio/cmake/export_fast_lio__rosidl_generator_pyExport-release.cmake
[0.490s] -- Up-to-date: /home/chen/sentry_try/sentry_ws/install/fast_lio/share/fast_lio/cmake/rosidl_cmake-extras.cmake
[0.491s] -- Up-to-date: /home/chen/sentry_try/sentry_ws/install/fast_lio/share/fast_lio/cmake/ament_cmake_export_include_directories-extras.cmake
[0.491s] -- Up-to-date: /home/chen/sentry_try/sentry_ws/install/fast_lio/share/fast_lio/cmake/ament_cmake_export_libraries-extras.cmake
[0.491s] -- Up-to-date: /home/chen/sentry_try/sentry_ws/install/fast_lio/share/fast_lio/cmake/ament_cmake_export_targets-extras.cmake
[0.491s] -- Up-to-date: /home/chen/sentry_try/sentry_ws/install/fast_lio/share/fast_lio/cmake/rosidl_cmake_export_typesupport_targets-extras.cmake
[0.491s] -- Up-to-date: /home/chen/sentry_try/sentry_ws/install/fast_lio/share/fast_lio/cmake/ament_cmake_export_dependencies-extras.cmake
[0.491s] -- Up-to-date: /home/chen/sentry_try/sentry_ws/install/fast_lio/share/fast_lio/cmake/rosidl_cmake_export_typesupport_libraries-extras.cmake
[0.491s] -- Up-to-date: /home/chen/sentry_try/sentry_ws/install/fast_lio/share/fast_lio/cmake/fast_lioConfig.cmake
[0.491s] -- Up-to-date: /home/chen/sentry_try/sentry_ws/install/fast_lio/share/fast_lio/cmake/fast_lioConfig-version.cmake
[0.491s] -- Up-to-date: /home/chen/sentry_try/sentry_ws/install/fast_lio/share/fast_lio/package.xml
[0.494s] Invoked command in '/home/chen/sentry_try/sentry_ws/build/fast_lio' returned '0': CMAKE_PREFIX_PATH=/home/chen/sentry_try/sentry_ws/install/livox_ros_driver2:/home/chen/sentry_try/sentry_ws/install/serial_comm:/home/chen/sentry_try/sentry_ws/install/can_comm:/home/chen/sentry_try/sentry_ws/install/sentry_msgs:/home/chen/sentry_try/sentry_ws/install/sentry_eval_bt:/home/chen/sentry_try/sentry_ws/install/rm_referee_mock:/home/chen/sentry_try/sentry_ws/install/rm_referee:/home/chen/sentry_try/sentry_ws/install/lightning:/home/chen/sentry_try/sentry_ws/install/rm_referee_msgs:/home/chen/sentry_try/sentry_ws/install/pb_nav2_plugins:/home/chen/sentry_try/sentry_ws/install/livox_to_scan:/home/chen/sentry_try/sentry_ws/install/fast_lio:/home/chen/sentry_try/sentry_ws/install/goal_approach_controller:/home/chen/sentry_try/sentry_ws/install/costmap_voxel:/home/chen/sentry_try/sentry_ws/install/costmap_intensity:/home/chen/sentry_try/sentry_ws/install/bringup:/opt/ros/humble LD_LIBRARY_PATH=/home/chen/sentry_try/sentry_ws/install/livox_ros_driver2/lib:/home/chen/sentry_try/sentry_ws/install/sentry_msgs/lib:/home/chen/sentry_try/sentry_ws/install/rm_referee/lib:/home/chen/sentry_try/sentry_ws/install/lightning/lib:/home/chen/sentry_try/sentry_ws/install/rm_referee_msgs/lib:/home/chen/sentry_try/sentry_ws/install/pb_nav2_plugins/lib:/home/chen/sentry_try/sentry_ws/install/fast_lio/lib:/home/chen/sentry_try/sentry_ws/install/goal_approach_controller/lib:/home/chen/sentry_try/sentry_ws/install/costmap_voxel/lib:/home/chen/sentry_try/sentry_ws/install/costmap_intensity/lib:/usr/lib/x86_64-linux-gnu/gazebo-11/plugins:/opt/ros/humble/opt/rviz_ogre_vendor/lib:/opt/ros/humble/lib/x86_64-linux-gnu:/opt/ros/humble/opt/openvdb_vendor/lib:/opt/ros/humble/lib /usr/bin/cmake --install /home/chen/sentry_try/sentry_ws/build/fast_lio
