[0.011s] Invoking command in '/home/chen/sentry_try/sentry_ws/build/livox_to_scan': AMENT_PREFIX_PATH=/home/chen/sentry_try/sentry_ws/install/livox_ros_driver2:${AMENT_PREFIX_PATH} CMAKE_PREFIX_PATH=/home/chen/sentry_try/sentry_ws/install/livox_ros_driver2:/home/chen/sentry_try/sentry_ws/install/sentry_msgs:/opt/ros/humble LD_LIBRARY_PATH=/home/chen/sentry_try/sentry_ws/install/livox_ros_driver2/lib:${LD_LIBRARY_PATH} PYTHONPATH=/home/chen/sentry_try/sentry_ws/install/livox_ros_driver2/local/lib/python3.10/dist-packages:${PYTHONPATH} /usr/bin/cmake /home/chen/sentry_try/sentry_ws/src/livox_to_scan -DCMAKE_INSTALL_PREFIX=/home/chen/sentry_try/sentry_ws/install/livox_to_scan
[0.076s] -- The C compiler identification is GNU 11.4.0
[0.133s] -- The CXX compiler identification is GNU 11.4.0
[0.145s] -- Detecting C compiler ABI info
[0.206s] -- Detecting C compiler ABI info - done
[0.211s] -- Check for working C compiler: /usr/bin/cc - skipped
[0.211s] -- Detecting C compile features
[0.212s] -- Detecting C compile features - done
[0.215s] -- Detecting CXX compiler ABI info
[0.277s] -- Detecting CXX compiler ABI info - done
[0.282s] -- Check for working CXX compiler: /usr/bin/c++ - skipped
[0.282s] -- Detecting CXX compile features
[0.282s] -- Detecting CXX compile features - done
[0.288s] -- Found ament_cmake: 1.3.14 (/opt/ros/humble/share/ament_cmake/cmake)
[0.425s] -- Found Python3: /usr/bin/python3 (found version "3.10.12") found components: Interpreter 
[0.586s] -- Found rclcpp: 16.0.19 (/opt/ros/humble/share/rclcpp/cmake)
[1.932s] -- Found rosidl_generator_c: 3.1.8 (/opt/ros/humble/share/rosidl_generator_c/cmake)
[1.942s] -- Found rosidl_adapter: 3.1.8 (/opt/ros/humble/share/rosidl_adapter/cmake)
[2.527s] -- Found rosidl_generator_cpp: 3.1.8 (/opt/ros/humble/share/rosidl_generator_cpp/cmake)
[2.932s] -- Using all available rosidl_typesupport_c: rosidl_typesupport_fastrtps_c;rosidl_typesupport_introspection_c
[3.708s] -- Using all available rosidl_typesupport_cpp: rosidl_typesupport_fastrtps_cpp;rosidl_typesupport_introspection_cpp
[4.325s] -- Found rmw_implementation_cmake: 6.1.2 (/opt/ros/humble/share/rmw_implementation_cmake/cmake)
[4.329s] -- Found rmw_fastrtps_cpp: 6.2.10 (/opt/ros/humble/share/rmw_fastrtps_cpp/cmake)
[4.517s] -- Found OpenSSL: /usr/lib/x86_64-linux-gnu/libcrypto.so (found version "3.0.2")  
[4.540s] -- Found FastRTPS: /opt/ros/humble/include  
[4.582s] -- Using RMW implementation 'rmw_fastrtps_cpp' as default
[4.590s] -- Looking for pthread.h
[4.651s] -- Looking for pthread.h - found
[4.652s] -- Performing Test CMAKE_HAVE_LIBC_PTHREAD
[4.708s] -- Performing Test CMAKE_HAVE_LIBC_PTHREAD - Success
[4.709s] -- Found Threads: TRUE  
[4.744s] -- Found sensor_msgs: 4.9.1 (/opt/ros/humble/share/sensor_msgs/cmake)
[4.764s] -- Found livox_ros_driver2: 1.0.0 (/home/chen/sentry_try/sentry_ws/install/livox_ros_driver2/share/livox_ros_driver2/cmake)
[4.821s] -- Checking for module 'eigen3'
[4.836s] --   Found eigen3, version 3.4.0
[4.869s] -- Found Eigen: /usr/include/eigen3 (Required is at least version "3.1") 
[4.869s] -- Eigen found (include: /usr/include/eigen3, version: 3.4.0)
[4.906s] -- Checking for module 'flann'
[4.921s] --   Found flann, version 1.9.1
[4.961s] -- Found FLANN: /usr/lib/x86_64-linux-gnu/libflann_cpp.so  
[4.961s] -- FLANN found (include: /usr/include, lib: /usr/lib/x86_64-linux-gnu/libflann_cpp.so)
[5.772s] -- Checking for module 'libusb-1.0'
[5.787s] --   Found libusb-1.0, version 1.0.25
[5.824s] -- Found libusb: /usr/lib/x86_64-linux-gnu/libusb-1.0.so  
[5.825s] -- OpenNI found (version: 1.5.4.0, include: /usr/include/ni, lib: /usr/lib/libOpenNI.so;libusb::libusb)
[5.885s] -- OpenNI2 found (version: 2.2.0.33, include: /usr/include/openni2, lib: /usr/lib/x86_64-linux-gnu/libOpenNI2.so;libusb::libusb)
[5.998s] -- Eigen found (include: /usr/include/eigen3, version: 3.4.0)
[6.005s] -- OpenNI found (version: 1.5.4.0, include: /usr/include/ni, lib: /usr/lib/libOpenNI.so;libusb::libusb)
[6.011s] -- OpenNI2 found (version: 2.2.0.33, include: /usr/include/openni2, lib: /usr/lib/x86_64-linux-gnu/libOpenNI2.so;libusb::libusb)
[6.115s] -- Found Qhull version 8.0.2
[6.221s] -- OpenNI found (version: 1.5.4.0, include: /usr/include/ni, lib: /usr/lib/libOpenNI.so;libusb::libusb)
[6.325s] -- Found PCL_COMMON: /usr/lib/x86_64-linux-gnu/libpcl_common.so  
[6.325s] -- Found PCL_KDTREE: /usr/lib/x86_64-linux-gnu/libpcl_kdtree.so  
[6.326s] -- Found PCL_OCTREE: /usr/lib/x86_64-linux-gnu/libpcl_octree.so  
[6.326s] -- Found PCL_SEARCH: /usr/lib/x86_64-linux-gnu/libpcl_search.so  
[6.327s] -- Found PCL_SAMPLE_CONSENSUS: /usr/lib/x86_64-linux-gnu/libpcl_sample_consensus.so  
[6.328s] -- Found PCL_FILTERS: /usr/lib/x86_64-linux-gnu/libpcl_filters.so  
[6.328s] -- Found PCL_2D: /usr/include/pcl-1.12  
[6.328s] -- Found PCL_GEOMETRY: /usr/include/pcl-1.12  
[6.329s] -- Found PCL_IO: /usr/lib/x86_64-linux-gnu/libpcl_io.so  
[6.329s] -- Found PCL_FEATURES: /usr/lib/x86_64-linux-gnu/libpcl_features.so  
[6.330s] -- Found PCL_ML: /usr/lib/x86_64-linux-gnu/libpcl_ml.so  
[6.330s] -- Found PCL_SEGMENTATION: /usr/lib/x86_64-linux-gnu/libpcl_segmentation.so  
[6.331s] -- Found PCL_VISUALIZATION: /usr/lib/x86_64-linux-gnu/libpcl_visualization.so  
[6.332s] -- Found PCL_SURFACE: /usr/lib/x86_64-linux-gnu/libpcl_surface.so  
[6.332s] -- Found PCL_REGISTRATION: /usr/lib/x86_64-linux-gnu/libpcl_registration.so  
[6.333s] -- Found PCL_KEYPOINTS: /usr/lib/x86_64-linux-gnu/libpcl_keypoints.so  
[6.333s] -- Found PCL_TRACKING: /usr/lib/x86_64-linux-gnu/libpcl_tracking.so  
[6.334s] -- Found PCL_RECOGNITION: /usr/lib/x86_64-linux-gnu/libpcl_recognition.so  
[6.335s] -- Found PCL_STEREO: /usr/lib/x86_64-linux-gnu/libpcl_stereo.so  
[6.335s] -- Found PCL_APPS: /usr/lib/x86_64-linux-gnu/libpcl_apps.so  
[6.336s] -- Found PCL_IN_HAND_SCANNER: /usr/include/pcl-1.12  
[6.336s] -- Found PCL_MODELER: /usr/include/pcl-1.12  
[6.337s] -- Found PCL_POINT_CLOUD_EDITOR: /usr/include/pcl-1.12  
[6.338s] -- Found PCL_OUTOFCORE: /usr/lib/x86_64-linux-gnu/libpcl_outofcore.so  
[6.339s] -- Found PCL_PEOPLE: /usr/lib/x86_64-linux-gnu/libpcl_people.so  
[6.349s] -- Found tf2_ros: 0.25.20 (/opt/ros/humble/share/tf2_ros/cmake)
[6.396s] -- Found tf2_geometry_msgs: 0.25.20 (/opt/ros/humble/share/tf2_geometry_msgs/cmake)
[6.409s] -- Found eigen3_cmake_module: 0.1.1 (/opt/ros/humble/share/eigen3_cmake_module/cmake)
[6.410s] -- Found Eigen3: TRUE (found version "3.4.0") 
[6.410s] -- Ensuring Eigen3 include directory is part of orocos-kdl CMake target
[6.416s] -- Found ament_lint_auto: 0.12.15 (/opt/ros/humble/share/ament_lint_auto/cmake)
[6.481s] -- Added test 'copyright' to check source files copyright and LICENSE
[6.482s] -- Added test 'cppcheck' to perform static code analysis on C / C++ code
[6.482s] -- Configured cppcheck include dirs: 
[6.482s] -- Configured cppcheck exclude dirs and/or files: 
[6.482s] -- Added test 'cpplint' to check C / C++ code against the Google style
[6.482s] -- Configured cpplint exclude dirs and/or files: 
[6.483s] -- Added test 'lint_cmake' to check CMake code style
[6.484s] -- Added test 'uncrustify' to check C / C++ code style
[6.484s] -- Configured uncrustify additional arguments: 
[6.484s] -- Added test 'xmllint' to check XML markup files
[6.485s] -- Configuring done
[6.496s] -- Generating done
[6.500s] -- Build files have been written to: /home/chen/sentry_try/sentry_ws/build/livox_to_scan
