[0.009s] Invoking command in '/home/chen/sentry_try/sentry_ws/build/bringup': CMAKE_PREFIX_PATH=/opt/ros/humble /usr/bin/cmake /home/chen/sentry_try/sentry_ws/src/bringup -DCMAKE_INSTALL_PREFIX=/home/chen/sentry_try/sentry_ws/install/bringup
[0.051s] -- The C compiler identification is GNU 11.4.0
[0.093s] -- The CXX compiler identification is GNU 11.4.0
[0.098s] -- Detecting C compiler ABI info
[0.156s] -- Detecting C compiler ABI info - done
[0.160s] -- Check for working C compiler: /usr/bin/cc - skipped
[0.160s] -- Detecting C compile features
[0.160s] -- Detecting C compile features - done
[0.162s] -- Detecting CXX compiler ABI info
[0.226s] -- Detecting CXX compiler ABI info - done
[0.233s] -- Check for working CXX compiler: /usr/bin/c++ - skipped
[0.233s] -- Detecting CXX compile features
[0.233s] -- Detecting CXX compile features - done
[0.236s] -- Found ament_cmake: 1.3.14 (/opt/ros/humble/share/ament_cmake/cmake)
[0.343s] -- Found Python3: /usr/bin/python3 (found version "3.10.12") found components: Interpreter 
[0.452s] -- Configuring done
[0.454s] -- Generating done
[0.455s] -- Build files have been written to: /home/chen/sentry_try/sentry_ws/build/bringup
[0.460s] Invoked command in '/home/chen/sentry_try/sentry_ws/build/bringup' returned '0': CMAKE_PREFIX_PATH=/opt/ros/humble /usr/bin/cmake /home/chen/sentry_try/sentry_ws/src/bringup -DCMAKE_INSTALL_PREFIX=/home/chen/sentry_try/sentry_ws/install/bringup
[0.461s] Invoking command in '/home/chen/sentry_try/sentry_ws/build/bringup': CMAKE_PREFIX_PATH=/opt/ros/humble /usr/bin/cmake --build /home/chen/sentry_try/sentry_ws/build/bringup -- -j16 -l16
[0.492s] Invoked command in '/home/chen/sentry_try/sentry_ws/build/bringup' returned '0': CMAKE_PREFIX_PATH=/opt/ros/humble /usr/bin/cmake --build /home/chen/sentry_try/sentry_ws/build/bringup -- -j16 -l16
[0.500s] Invoking command in '/home/chen/sentry_try/sentry_ws/build/bringup': CMAKE_PREFIX_PATH=/opt/ros/humble /usr/bin/cmake --install /home/chen/sentry_try/sentry_ws/build/bringup
[0.505s] -- Install configuration: ""
[0.506s] -- Installing: /home/chen/sentry_try/sentry_ws/install/bringup/share/bringup/config
[0.506s] -- Installing: /home/chen/sentry_try/sentry_ws/install/bringup/share/bringup/config/lidar.yaml
[0.506s] -- Installing: /home/chen/sentry_try/sentry_ws/install/bringup/share/bringup/config/nav2_params.yaml
[0.506s] -- Installing: /home/chen/sentry_try/sentry_ws/install/bringup/share/bringup/config/loc_start_pose.yaml
[0.506s] -- Installing: /home/chen/sentry_try/sentry_ws/install/bringup/share/bringup/launch
[0.506s] -- Installing: /home/chen/sentry_try/sentry_ws/install/bringup/share/bringup/launch/monitored_start.launch.py
[0.506s] -- Installing: /home/chen/sentry_try/sentry_ws/install/bringup/share/ament_index/resource_index/package_run_dependencies/bringup
[0.506s] -- Installing: /home/chen/sentry_try/sentry_ws/install/bringup/share/ament_index/resource_index/parent_prefix_path/bringup
[0.506s] -- Installing: /home/chen/sentry_try/sentry_ws/install/bringup/share/bringup/environment/ament_prefix_path.sh
[0.506s] -- Installing: /home/chen/sentry_try/sentry_ws/install/bringup/share/bringup/environment/ament_prefix_path.dsv
[0.507s] -- Installing: /home/chen/sentry_try/sentry_ws/install/bringup/share/bringup/environment/path.sh
[0.507s] -- Installing: /home/chen/sentry_try/sentry_ws/install/bringup/share/bringup/environment/path.dsv
[0.507s] -- Installing: /home/chen/sentry_try/sentry_ws/install/bringup/share/bringup/local_setup.bash
[0.507s] -- Installing: /home/chen/sentry_try/sentry_ws/install/bringup/share/bringup/local_setup.sh
[0.507s] -- Installing: /home/chen/sentry_try/sentry_ws/install/bringup/share/bringup/local_setup.zsh
[0.507s] -- Installing: /home/chen/sentry_try/sentry_ws/install/bringup/share/bringup/local_setup.dsv
[0.507s] -- Installing: /home/chen/sentry_try/sentry_ws/install/bringup/share/bringup/package.dsv
[0.507s] -- Installing: /home/chen/sentry_try/sentry_ws/install/bringup/share/ament_index/resource_index/packages/bringup
[0.507s] -- Installing: /home/chen/sentry_try/sentry_ws/install/bringup/share/bringup/cmake/bringupConfig.cmake
[0.507s] -- Installing: /home/chen/sentry_try/sentry_ws/install/bringup/share/bringup/cmake/bringupConfig-version.cmake
[0.508s] -- Installing: /home/chen/sentry_try/sentry_ws/install/bringup/share/bringup/package.xml
[0.510s] Invoked command in '/home/chen/sentry_try/sentry_ws/build/bringup' returned '0': CMAKE_PREFIX_PATH=/opt/ros/humble /usr/bin/cmake --install /home/chen/sentry_try/sentry_ws/build/bringup
