[0.063s] DEBUG:colcon:Command line arguments: ['/usr/bin/colcon', 'build', '--packages-select', 'lightning', '--parallel-workers', '1']
[0.063s] DEBUG:colcon:Parsed command line arguments: Namespace(log_base=None, log_level=None, verb_name='build', build_base='build', install_base='install', merge_install=False, symlink_install=False, test_result_base=None, continue_on_error=False, executor='parallel', parallel_workers=1, event_handlers=None, ignore_user_meta=False, metas=['./colcon.meta'], base_paths=['.'], packages_ignore=None, packages_ignore_regex=None, paths=None, packages_up_to=None, packages_up_to_regex=None, packages_above=None, packages_above_and_dependencies=None, packages_above_depth=None, packages_select_by_dep=None, packages_skip_by_dep=None, packages_skip_up_to=None, packages_select_build_failed=False, packages_skip_build_finished=False, packages_select_test_failures=False, packages_skip_test_passed=False, packages_select=['lightning'], packages_skip=None, packages_select_regex=None, packages_skip_regex=None, packages_start=None, packages_end=None, allow_overriding=[], cmake_args=None, cmake_target=None, cmake_target_skip_unavailable=False, cmake_clean_cache=False, cmake_clean_first=False, cmake_force_configure=False, ament_cmake_args=None, catkin_cmake_args=None, catkin_skip_building_tests=False, verb_parser=<colcon_defaults.argument_parser.defaults.DefaultArgumentsDecorator object at 0x789d07c7ded0>, verb_extension=<colcon_core.verb.build.BuildVerb object at 0x789d07d73610>, main=<bound method BuildVerb.main of <colcon_core.verb.build.BuildVerb object at 0x789d07d73610>>)
[0.181s] Level 1:colcon.colcon_core.package_discovery:discover_packages(colcon_meta) check parameters
[0.182s] Level 1:colcon.colcon_core.package_discovery:discover_packages(recursive) check parameters
[0.182s] Level 1:colcon.colcon_core.package_discovery:discover_packages(ignore) check parameters
[0.182s] Level 1:colcon.colcon_core.package_discovery:discover_packages(path) check parameters
[0.182s] Level 1:colcon.colcon_core.package_discovery:discover_packages(colcon_meta) discover
[0.182s] Level 1:colcon.colcon_core.package_discovery:discover_packages(recursive) discover
[0.182s] INFO:colcon.colcon_core.package_discovery:Crawling recursively for packages in '/home/chen/sentry_try/sentry_ws'
[0.182s] Level 1:colcon.colcon_core.package_identification:_identify(.) by extensions ['ignore', 'ignore_ament_install']
[0.182s] Level 1:colcon.colcon_core.package_identification:_identify(.) by extension 'ignore'
[0.182s] Level 1:colcon.colcon_core.package_identification:_identify(.) by extension 'ignore_ament_install'
[0.182s] Level 1:colcon.colcon_core.package_identification:_identify(.) by extensions ['colcon_pkg']
[0.182s] Level 1:colcon.colcon_core.package_identification:_identify(.) by extension 'colcon_pkg'
[0.182s] Level 1:colcon.colcon_core.package_identification:_identify(.) by extensions ['colcon_meta']
[0.182s] Level 1:colcon.colcon_core.package_identification:_identify(.) by extension 'colcon_meta'
[0.182s] Level 1:colcon.colcon_core.package_identification:_identify(.) by extensions ['ros']
[0.182s] Level 1:colcon.colcon_core.package_identification:_identify(.) by extension 'ros'
[0.199s] Level 1:colcon.colcon_core.package_identification:_identify(.) by extensions ['cmake', 'python']
[0.199s] Level 1:colcon.colcon_core.package_identification:_identify(.) by extension 'cmake'
[0.199s] Level 1:colcon.colcon_core.package_identification:_identify(.) by extension 'python'
[0.199s] Level 1:colcon.colcon_core.package_identification:_identify(.) by extensions ['python_setup_py']
[0.199s] Level 1:colcon.colcon_core.package_identification:_identify(.) by extension 'python_setup_py'
[0.199s] Level 1:colcon.colcon_core.package_identification:_identify(build) by extensions ['ignore', 'ignore_ament_install']
[0.199s] Level 1:colcon.colcon_core.package_identification:_identify(build) by extension 'ignore'
[0.199s] Level 1:colcon.colcon_core.package_identification:_identify(build) ignored
[0.200s] Level 1:colcon.colcon_core.package_identification:_identify(install) by extensions ['ignore', 'ignore_ament_install']
[0.200s] Level 1:colcon.colcon_core.package_identification:_identify(install) by extension 'ignore'
[0.200s] Level 1:colcon.colcon_core.package_identification:_identify(install) ignored
[0.200s] Level 1:colcon.colcon_core.package_identification:_identify(log) by extensions ['ignore', 'ignore_ament_install']
[0.200s] Level 1:colcon.colcon_core.package_identification:_identify(log) by extension 'ignore'
[0.200s] Level 1:colcon.colcon_core.package_identification:_identify(log) ignored
[0.200s] Level 1:colcon.colcon_core.package_identification:_identify(src) by extensions ['ignore', 'ignore_ament_install']
[0.200s] Level 1:colcon.colcon_core.package_identification:_identify(src) by extension 'ignore'
[0.200s] Level 1:colcon.colcon_core.package_identification:_identify(src) by extension 'ignore_ament_install'
[0.200s] Level 1:colcon.colcon_core.package_identification:_identify(src) by extensions ['colcon_pkg']
[0.200s] Level 1:colcon.colcon_core.package_identification:_identify(src) by extension 'colcon_pkg'
[0.200s] Level 1:colcon.colcon_core.package_identification:_identify(src) by extensions ['colcon_meta']
[0.200s] Level 1:colcon.colcon_core.package_identification:_identify(src) by extension 'colcon_meta'
[0.200s] Level 1:colcon.colcon_core.package_identification:_identify(src) by extensions ['ros']
[0.200s] Level 1:colcon.colcon_core.package_identification:_identify(src) by extension 'ros'
[0.200s] Level 1:colcon.colcon_core.package_identification:_identify(src) by extensions ['cmake', 'python']
[0.200s] Level 1:colcon.colcon_core.package_identification:_identify(src) by extension 'cmake'
[0.200s] Level 1:colcon.colcon_core.package_identification:_identify(src) by extension 'python'
[0.200s] Level 1:colcon.colcon_core.package_identification:_identify(src) by extensions ['python_setup_py']
[0.200s] Level 1:colcon.colcon_core.package_identification:_identify(src) by extension 'python_setup_py'
[0.200s] Level 1:colcon.colcon_core.package_identification:_identify(src/FAST_LIO) by extensions ['ignore', 'ignore_ament_install']
[0.200s] Level 1:colcon.colcon_core.package_identification:_identify(src/FAST_LIO) by extension 'ignore'
[0.200s] Level 1:colcon.colcon_core.package_identification:_identify(src/FAST_LIO) by extension 'ignore_ament_install'
[0.200s] Level 1:colcon.colcon_core.package_identification:_identify(src/FAST_LIO) by extensions ['colcon_pkg']
[0.200s] Level 1:colcon.colcon_core.package_identification:_identify(src/FAST_LIO) by extension 'colcon_pkg'
[0.200s] Level 1:colcon.colcon_core.package_identification:_identify(src/FAST_LIO) by extensions ['colcon_meta']
[0.200s] Level 1:colcon.colcon_core.package_identification:_identify(src/FAST_LIO) by extension 'colcon_meta'
[0.200s] Level 1:colcon.colcon_core.package_identification:_identify(src/FAST_LIO) by extensions ['ros']
[0.200s] Level 1:colcon.colcon_core.package_identification:_identify(src/FAST_LIO) by extension 'ros'
[0.202s] DEBUG:colcon.colcon_core.package_identification:Package 'src/FAST_LIO' with type 'ros.ament_cmake' and name 'fast_lio'
[0.203s] Level 1:colcon.colcon_core.package_identification:_identify(src/lightning-lm) by extensions ['ignore', 'ignore_ament_install']
[0.203s] Level 1:colcon.colcon_core.package_identification:_identify(src/lightning-lm) by extension 'ignore'
[0.203s] Level 1:colcon.colcon_core.package_identification:_identify(src/lightning-lm) by extension 'ignore_ament_install'
[0.203s] Level 1:colcon.colcon_core.package_identification:_identify(src/lightning-lm) by extensions ['colcon_pkg']
[0.203s] Level 1:colcon.colcon_core.package_identification:_identify(src/lightning-lm) by extension 'colcon_pkg'
[0.203s] Level 1:colcon.colcon_core.package_identification:_identify(src/lightning-lm) by extensions ['colcon_meta']
[0.203s] Level 1:colcon.colcon_core.package_identification:_identify(src/lightning-lm) by extension 'colcon_meta'
[0.203s] Level 1:colcon.colcon_core.package_identification:_identify(src/lightning-lm) by extensions ['ros']
[0.203s] Level 1:colcon.colcon_core.package_identification:_identify(src/lightning-lm) by extension 'ros'
[0.204s] DEBUG:colcon.colcon_core.package_identification:Package 'src/lightning-lm' with type 'ros.ament_cmake' and name 'lightning'
[0.205s] Level 1:colcon.colcon_core.package_identification:_identify(src/livox_ros_driver2_humble) by extensions ['ignore', 'ignore_ament_install']
[0.205s] Level 1:colcon.colcon_core.package_identification:_identify(src/livox_ros_driver2_humble) by extension 'ignore'
[0.205s] Level 1:colcon.colcon_core.package_identification:_identify(src/livox_ros_driver2_humble) by extension 'ignore_ament_install'
[0.205s] Level 1:colcon.colcon_core.package_identification:_identify(src/livox_ros_driver2_humble) by extensions ['colcon_pkg']
[0.205s] Level 1:colcon.colcon_core.package_identification:_identify(src/livox_ros_driver2_humble) by extension 'colcon_pkg'
[0.205s] Level 1:colcon.colcon_core.package_identification:_identify(src/livox_ros_driver2_humble) by extensions ['colcon_meta']
[0.205s] Level 1:colcon.colcon_core.package_identification:_identify(src/livox_ros_driver2_humble) by extension 'colcon_meta'
[0.205s] Level 1:colcon.colcon_core.package_identification:_identify(src/livox_ros_driver2_humble) by extensions ['ros']
[0.205s] Level 1:colcon.colcon_core.package_identification:_identify(src/livox_ros_driver2_humble) by extension 'ros'
[0.205s] Level 1:colcon.colcon_core.package_identification:_identify(src/livox_ros_driver2_humble) by extensions ['cmake', 'python']
[0.205s] Level 1:colcon.colcon_core.package_identification:_identify(src/livox_ros_driver2_humble) by extension 'cmake'
[0.205s] Level 1:colcon.colcon_core.package_identification:_identify(src/livox_ros_driver2_humble) by extension 'python'
[0.205s] Level 1:colcon.colcon_core.package_identification:_identify(src/livox_ros_driver2_humble) by extensions ['python_setup_py']
[0.205s] Level 1:colcon.colcon_core.package_identification:_identify(src/livox_ros_driver2_humble) by extension 'python_setup_py'
[0.205s] Level 1:colcon.colcon_core.package_identification:_identify(src/livox_ros_driver2_humble/src) by extensions ['ignore', 'ignore_ament_install']
[0.205s] Level 1:colcon.colcon_core.package_identification:_identify(src/livox_ros_driver2_humble/src) by extension 'ignore'
[0.205s] Level 1:colcon.colcon_core.package_identification:_identify(src/livox_ros_driver2_humble/src) by extension 'ignore_ament_install'
[0.205s] Level 1:colcon.colcon_core.package_identification:_identify(src/livox_ros_driver2_humble/src) by extensions ['colcon_pkg']
[0.205s] Level 1:colcon.colcon_core.package_identification:_identify(src/livox_ros_driver2_humble/src) by extension 'colcon_pkg'
[0.205s] Level 1:colcon.colcon_core.package_identification:_identify(src/livox_ros_driver2_humble/src) by extensions ['colcon_meta']
[0.205s] Level 1:colcon.colcon_core.package_identification:_identify(src/livox_ros_driver2_humble/src) by extension 'colcon_meta'
[0.205s] Level 1:colcon.colcon_core.package_identification:_identify(src/livox_ros_driver2_humble/src) by extensions ['ros']
[0.205s] Level 1:colcon.colcon_core.package_identification:_identify(src/livox_ros_driver2_humble/src) by extension 'ros'
[0.206s] DEBUG:colcon.colcon_core.package_identification:Package 'src/livox_ros_driver2_humble/src' with type 'ros.ament_cmake' and name 'livox_ros_driver2'
[0.206s] Level 1:colcon.colcon_core.package_identification:_identify(src/livox_to_scan) by extensions ['ignore', 'ignore_ament_install']
[0.206s] Level 1:colcon.colcon_core.package_identification:_identify(src/livox_to_scan) by extension 'ignore'
[0.206s] Level 1:colcon.colcon_core.package_identification:_identify(src/livox_to_scan) by extension 'ignore_ament_install'
[0.206s] Level 1:colcon.colcon_core.package_identification:_identify(src/livox_to_scan) by extensions ['colcon_pkg']
[0.206s] Level 1:colcon.colcon_core.package_identification:_identify(src/livox_to_scan) by extension 'colcon_pkg'
[0.206s] Level 1:colcon.colcon_core.package_identification:_identify(src/livox_to_scan) by extensions ['colcon_meta']
[0.206s] Level 1:colcon.colcon_core.package_identification:_identify(src/livox_to_scan) by extension 'colcon_meta'
[0.206s] Level 1:colcon.colcon_core.package_identification:_identify(src/livox_to_scan) by extensions ['ros']
[0.206s] Level 1:colcon.colcon_core.package_identification:_identify(src/livox_to_scan) by extension 'ros'
[0.207s] DEBUG:colcon.colcon_core.package_identification:Package 'src/livox_to_scan' with type 'ros.ament_cmake' and name 'livox_to_scan'
[0.207s] Level 1:colcon.colcon_core.package_identification:_identify(src/nav2_plugins) by extensions ['ignore', 'ignore_ament_install']
[0.207s] Level 1:colcon.colcon_core.package_identification:_identify(src/nav2_plugins) by extension 'ignore'
[0.207s] Level 1:colcon.colcon_core.package_identification:_identify(src/nav2_plugins) by extension 'ignore_ament_install'
[0.207s] Level 1:colcon.colcon_core.package_identification:_identify(src/nav2_plugins) by extensions ['colcon_pkg']
[0.207s] Level 1:colcon.colcon_core.package_identification:_identify(src/nav2_plugins) by extension 'colcon_pkg'
[0.207s] Level 1:colcon.colcon_core.package_identification:_identify(src/nav2_plugins) by extensions ['colcon_meta']
[0.207s] Level 1:colcon.colcon_core.package_identification:_identify(src/nav2_plugins) by extension 'colcon_meta'
[0.207s] Level 1:colcon.colcon_core.package_identification:_identify(src/nav2_plugins) by extensions ['ros']
[0.207s] Level 1:colcon.colcon_core.package_identification:_identify(src/nav2_plugins) by extension 'ros'
[0.207s] Level 1:colcon.colcon_core.package_identification:_identify(src/nav2_plugins) by extensions ['cmake', 'python']
[0.207s] Level 1:colcon.colcon_core.package_identification:_identify(src/nav2_plugins) by extension 'cmake'
[0.207s] Level 1:colcon.colcon_core.package_identification:_identify(src/nav2_plugins) by extension 'python'
[0.207s] Level 1:colcon.colcon_core.package_identification:_identify(src/nav2_plugins) by extensions ['python_setup_py']
[0.207s] Level 1:colcon.colcon_core.package_identification:_identify(src/nav2_plugins) by extension 'python_setup_py'
[0.207s] Level 1:colcon.colcon_core.package_identification:_identify(src/nav2_plugins/costmap_intensity) by extensions ['ignore', 'ignore_ament_install']
[0.207s] Level 1:colcon.colcon_core.package_identification:_identify(src/nav2_plugins/costmap_intensity) by extension 'ignore'
[0.207s] Level 1:colcon.colcon_core.package_identification:_identify(src/nav2_plugins/costmap_intensity) by extension 'ignore_ament_install'
[0.207s] Level 1:colcon.colcon_core.package_identification:_identify(src/nav2_plugins/costmap_intensity) by extensions ['colcon_pkg']
[0.207s] Level 1:colcon.colcon_core.package_identification:_identify(src/nav2_plugins/costmap_intensity) by extension 'colcon_pkg'
[0.207s] Level 1:colcon.colcon_core.package_identification:_identify(src/nav2_plugins/costmap_intensity) by extensions ['colcon_meta']
[0.207s] Level 1:colcon.colcon_core.package_identification:_identify(src/nav2_plugins/costmap_intensity) by extension 'colcon_meta'
[0.207s] Level 1:colcon.colcon_core.package_identification:_identify(src/nav2_plugins/costmap_intensity) by extensions ['ros']
[0.207s] Level 1:colcon.colcon_core.package_identification:_identify(src/nav2_plugins/costmap_intensity) by extension 'ros'
[0.208s] DEBUG:colcon.colcon_core.package_identification:Package 'src/nav2_plugins/costmap_intensity' with type 'ros.ament_cmake' and name 'costmap_intensity'
[0.208s] Level 1:colcon.colcon_core.package_identification:_identify(src/nav2_plugins/costmap_voxel) by extensions ['ignore', 'ignore_ament_install']
[0.208s] Level 1:colcon.colcon_core.package_identification:_identify(src/nav2_plugins/costmap_voxel) by extension 'ignore'
[0.208s] Level 1:colcon.colcon_core.package_identification:_identify(src/nav2_plugins/costmap_voxel) by extension 'ignore_ament_install'
[0.209s] Level 1:colcon.colcon_core.package_identification:_identify(src/nav2_plugins/costmap_voxel) by extensions ['colcon_pkg']
[0.209s] Level 1:colcon.colcon_core.package_identification:_identify(src/nav2_plugins/costmap_voxel) by extension 'colcon_pkg'
[0.209s] Level 1:colcon.colcon_core.package_identification:_identify(src/nav2_plugins/costmap_voxel) by extensions ['colcon_meta']
[0.209s] Level 1:colcon.colcon_core.package_identification:_identify(src/nav2_plugins/costmap_voxel) by extension 'colcon_meta'
[0.209s] Level 1:colcon.colcon_core.package_identification:_identify(src/nav2_plugins/costmap_voxel) by extensions ['ros']
[0.209s] Level 1:colcon.colcon_core.package_identification:_identify(src/nav2_plugins/costmap_voxel) by extension 'ros'
[0.209s] DEBUG:colcon.colcon_core.package_identification:Package 'src/nav2_plugins/costmap_voxel' with type 'ros.ament_cmake' and name 'costmap_voxel'
[0.209s] Level 1:colcon.colcon_core.package_identification:_identify(src/nav2_plugins/goal_approach_controller) by extensions ['ignore', 'ignore_ament_install']
[0.209s] Level 1:colcon.colcon_core.package_identification:_identify(src/nav2_plugins/goal_approach_controller) by extension 'ignore'
[0.209s] Level 1:colcon.colcon_core.package_identification:_identify(src/nav2_plugins/goal_approach_controller) by extension 'ignore_ament_install'
[0.209s] Level 1:colcon.colcon_core.package_identification:_identify(src/nav2_plugins/goal_approach_controller) by extensions ['colcon_pkg']
[0.209s] Level 1:colcon.colcon_core.package_identification:_identify(src/nav2_plugins/goal_approach_controller) by extension 'colcon_pkg'
[0.209s] Level 1:colcon.colcon_core.package_identification:_identify(src/nav2_plugins/goal_approach_controller) by extensions ['colcon_meta']
[0.209s] Level 1:colcon.colcon_core.package_identification:_identify(src/nav2_plugins/goal_approach_controller) by extension 'colcon_meta'
[0.209s] Level 1:colcon.colcon_core.package_identification:_identify(src/nav2_plugins/goal_approach_controller) by extensions ['ros']
[0.209s] Level 1:colcon.colcon_core.package_identification:_identify(src/nav2_plugins/goal_approach_controller) by extension 'ros'
[0.210s] DEBUG:colcon.colcon_core.package_identification:Package 'src/nav2_plugins/goal_approach_controller' with type 'ros.ament_cmake' and name 'goal_approach_controller'
[0.210s] Level 1:colcon.colcon_core.package_identification:_identify(src/nav2_plugins/pb_nav2_plugins) by extensions ['ignore', 'ignore_ament_install']
[0.210s] Level 1:colcon.colcon_core.package_identification:_identify(src/nav2_plugins/pb_nav2_plugins) by extension 'ignore'
[0.210s] Level 1:colcon.colcon_core.package_identification:_identify(src/nav2_plugins/pb_nav2_plugins) by extension 'ignore_ament_install'
[0.210s] Level 1:colcon.colcon_core.package_identification:_identify(src/nav2_plugins/pb_nav2_plugins) by extensions ['colcon_pkg']
[0.210s] Level 1:colcon.colcon_core.package_identification:_identify(src/nav2_plugins/pb_nav2_plugins) by extension 'colcon_pkg'
[0.210s] Level 1:colcon.colcon_core.package_identification:_identify(src/nav2_plugins/pb_nav2_plugins) by extensions ['colcon_meta']
[0.210s] Level 1:colcon.colcon_core.package_identification:_identify(src/nav2_plugins/pb_nav2_plugins) by extension 'colcon_meta'
[0.210s] Level 1:colcon.colcon_core.package_identification:_identify(src/nav2_plugins/pb_nav2_plugins) by extensions ['ros']
[0.210s] Level 1:colcon.colcon_core.package_identification:_identify(src/nav2_plugins/pb_nav2_plugins) by extension 'ros'
[0.211s] DEBUG:colcon.colcon_core.package_identification:Package 'src/nav2_plugins/pb_nav2_plugins' with type 'ros.ament_cmake' and name 'pb_nav2_plugins'
[0.211s] Level 1:colcon.colcon_core.package_identification:_identify(src/pcd_to_nav_map) by extensions ['ignore', 'ignore_ament_install']
[0.211s] Level 1:colcon.colcon_core.package_identification:_identify(src/pcd_to_nav_map) by extension 'ignore'
[0.211s] Level 1:colcon.colcon_core.package_identification:_identify(src/pcd_to_nav_map) ignored
[0.212s] Level 1:colcon.colcon_core.package_identification:_identify(src/rm_referee_mock) by extensions ['ignore', 'ignore_ament_install']
[0.212s] Level 1:colcon.colcon_core.package_identification:_identify(src/rm_referee_mock) by extension 'ignore'
[0.212s] Level 1:colcon.colcon_core.package_identification:_identify(src/rm_referee_mock) by extension 'ignore_ament_install'
[0.212s] Level 1:colcon.colcon_core.package_identification:_identify(src/rm_referee_mock) by extensions ['colcon_pkg']
[0.212s] Level 1:colcon.colcon_core.package_identification:_identify(src/rm_referee_mock) by extension 'colcon_pkg'
[0.212s] Level 1:colcon.colcon_core.package_identification:_identify(src/rm_referee_mock) by extensions ['colcon_meta']
[0.212s] Level 1:colcon.colcon_core.package_identification:_identify(src/rm_referee_mock) by extension 'colcon_meta'
[0.212s] Level 1:colcon.colcon_core.package_identification:_identify(src/rm_referee_mock) by extensions ['ros']
[0.212s] Level 1:colcon.colcon_core.package_identification:_identify(src/rm_referee_mock) by extension 'ros'
[0.212s] DEBUG:colcon.colcon_core.package_identification:Package 'src/rm_referee_mock' with type 'ros.ament_cmake' and name 'rm_referee_mock'
[0.212s] Level 1:colcon.colcon_core.package_identification:_identify(src/rm_referee_ros2) by extensions ['ignore', 'ignore_ament_install']
[0.212s] Level 1:colcon.colcon_core.package_identification:_identify(src/rm_referee_ros2) by extension 'ignore'
[0.212s] Level 1:colcon.colcon_core.package_identification:_identify(src/rm_referee_ros2) by extension 'ignore_ament_install'
[0.212s] Level 1:colcon.colcon_core.package_identification:_identify(src/rm_referee_ros2) by extensions ['colcon_pkg']
[0.212s] Level 1:colcon.colcon_core.package_identification:_identify(src/rm_referee_ros2) by extension 'colcon_pkg'
[0.212s] Level 1:colcon.colcon_core.package_identification:_identify(src/rm_referee_ros2) by extensions ['colcon_meta']
[0.212s] Level 1:colcon.colcon_core.package_identification:_identify(src/rm_referee_ros2) by extension 'colcon_meta'
[0.212s] Level 1:colcon.colcon_core.package_identification:_identify(src/rm_referee_ros2) by extensions ['ros']
[0.212s] Level 1:colcon.colcon_core.package_identification:_identify(src/rm_referee_ros2) by extension 'ros'
[0.212s] Level 1:colcon.colcon_core.package_identification:_identify(src/rm_referee_ros2) by extensions ['cmake', 'python']
[0.212s] Level 1:colcon.colcon_core.package_identification:_identify(src/rm_referee_ros2) by extension 'cmake'
[0.212s] Level 1:colcon.colcon_core.package_identification:_identify(src/rm_referee_ros2) by extension 'python'
[0.212s] Level 1:colcon.colcon_core.package_identification:_identify(src/rm_referee_ros2) by extensions ['python_setup_py']
[0.212s] Level 1:colcon.colcon_core.package_identification:_identify(src/rm_referee_ros2) by extension 'python_setup_py'
[0.213s] Level 1:colcon.colcon_core.package_identification:_identify(src/rm_referee_ros2/rm_referee) by extensions ['ignore', 'ignore_ament_install']
[0.213s] Level 1:colcon.colcon_core.package_identification:_identify(src/rm_referee_ros2/rm_referee) by extension 'ignore'
[0.213s] Level 1:colcon.colcon_core.package_identification:_identify(src/rm_referee_ros2/rm_referee) by extension 'ignore_ament_install'
[0.213s] Level 1:colcon.colcon_core.package_identification:_identify(src/rm_referee_ros2/rm_referee) by extensions ['colcon_pkg']
[0.213s] Level 1:colcon.colcon_core.package_identification:_identify(src/rm_referee_ros2/rm_referee) by extension 'colcon_pkg'
[0.213s] Level 1:colcon.colcon_core.package_identification:_identify(src/rm_referee_ros2/rm_referee) by extensions ['colcon_meta']
[0.213s] Level 1:colcon.colcon_core.package_identification:_identify(src/rm_referee_ros2/rm_referee) by extension 'colcon_meta'
[0.213s] Level 1:colcon.colcon_core.package_identification:_identify(src/rm_referee_ros2/rm_referee) by extensions ['ros']
[0.213s] Level 1:colcon.colcon_core.package_identification:_identify(src/rm_referee_ros2/rm_referee) by extension 'ros'
[0.213s] DEBUG:colcon.colcon_core.package_identification:Package 'src/rm_referee_ros2/rm_referee' with type 'ros.ament_cmake' and name 'rm_referee'
[0.213s] Level 1:colcon.colcon_core.package_identification:_identify(src/rm_referee_ros2/rm_referee_msgs) by extensions ['ignore', 'ignore_ament_install']
[0.213s] Level 1:colcon.colcon_core.package_identification:_identify(src/rm_referee_ros2/rm_referee_msgs) by extension 'ignore'
[0.213s] Level 1:colcon.colcon_core.package_identification:_identify(src/rm_referee_ros2/rm_referee_msgs) by extension 'ignore_ament_install'
[0.213s] Level 1:colcon.colcon_core.package_identification:_identify(src/rm_referee_ros2/rm_referee_msgs) by extensions ['colcon_pkg']
[0.213s] Level 1:colcon.colcon_core.package_identification:_identify(src/rm_referee_ros2/rm_referee_msgs) by extension 'colcon_pkg'
[0.213s] Level 1:colcon.colcon_core.package_identification:_identify(src/rm_referee_ros2/rm_referee_msgs) by extensions ['colcon_meta']
[0.213s] Level 1:colcon.colcon_core.package_identification:_identify(src/rm_referee_ros2/rm_referee_msgs) by extension 'colcon_meta'
[0.213s] Level 1:colcon.colcon_core.package_identification:_identify(src/rm_referee_ros2/rm_referee_msgs) by extensions ['ros']
[0.213s] Level 1:colcon.colcon_core.package_identification:_identify(src/rm_referee_ros2/rm_referee_msgs) by extension 'ros'
[0.214s] DEBUG:colcon.colcon_core.package_identification:Package 'src/rm_referee_ros2/rm_referee_msgs' with type 'ros.ament_cmake' and name 'rm_referee_msgs'
[0.214s] Level 1:colcon.colcon_core.package_identification:_identify(src/sentry_msgs) by extensions ['ignore', 'ignore_ament_install']
[0.214s] Level 1:colcon.colcon_core.package_identification:_identify(src/sentry_msgs) by extension 'ignore'
[0.214s] Level 1:colcon.colcon_core.package_identification:_identify(src/sentry_msgs) by extension 'ignore_ament_install'
[0.214s] Level 1:colcon.colcon_core.package_identification:_identify(src/sentry_msgs) by extensions ['colcon_pkg']
[0.214s] Level 1:colcon.colcon_core.package_identification:_identify(src/sentry_msgs) by extension 'colcon_pkg'
[0.214s] Level 1:colcon.colcon_core.package_identification:_identify(src/sentry_msgs) by extensions ['colcon_meta']
[0.214s] Level 1:colcon.colcon_core.package_identification:_identify(src/sentry_msgs) by extension 'colcon_meta'
[0.214s] Level 1:colcon.colcon_core.package_identification:_identify(src/sentry_msgs) by extensions ['ros']
[0.214s] Level 1:colcon.colcon_core.package_identification:_identify(src/sentry_msgs) by extension 'ros'
[0.215s] DEBUG:colcon.colcon_core.package_identification:Package 'src/sentry_msgs' with type 'ros.ament_cmake' and name 'sentry_msgs'
[0.215s] Level 1:colcon.colcon_core.package_identification:_identify(src/serial_comm) by extensions ['ignore', 'ignore_ament_install']
[0.215s] Level 1:colcon.colcon_core.package_identification:_identify(src/serial_comm) by extension 'ignore'
[0.215s] Level 1:colcon.colcon_core.package_identification:_identify(src/serial_comm) by extension 'ignore_ament_install'
[0.215s] Level 1:colcon.colcon_core.package_identification:_identify(src/serial_comm) by extensions ['colcon_pkg']
[0.215s] Level 1:colcon.colcon_core.package_identification:_identify(src/serial_comm) by extension 'colcon_pkg'
[0.215s] Level 1:colcon.colcon_core.package_identification:_identify(src/serial_comm) by extensions ['colcon_meta']
[0.215s] Level 1:colcon.colcon_core.package_identification:_identify(src/serial_comm) by extension 'colcon_meta'
[0.215s] Level 1:colcon.colcon_core.package_identification:_identify(src/serial_comm) by extensions ['ros']
[0.215s] Level 1:colcon.colcon_core.package_identification:_identify(src/serial_comm) by extension 'ros'
[0.215s] DEBUG:colcon.colcon_core.package_identification:Package 'src/serial_comm' with type 'ros.ament_cmake' and name 'serial_comm'
[0.216s] Level 1:colcon.colcon_core.package_discovery:discover_packages(recursive) using defaults
[0.216s] Level 1:colcon.colcon_core.package_discovery:discover_packages(ignore) discover
[0.216s] Level 1:colcon.colcon_core.package_discovery:discover_packages(ignore) using defaults
[0.216s] Level 1:colcon.colcon_core.package_discovery:discover_packages(path) discover
[0.216s] Level 1:colcon.colcon_core.package_discovery:discover_packages(path) using defaults
[0.231s] INFO:colcon.colcon_core.package_selection:Skipping not selected package 'costmap_intensity' in 'src/nav2_plugins/costmap_intensity'
[0.232s] INFO:colcon.colcon_core.package_selection:Skipping not selected package 'costmap_voxel' in 'src/nav2_plugins/costmap_voxel'
[0.232s] INFO:colcon.colcon_core.package_selection:Skipping not selected package 'goal_approach_controller' in 'src/nav2_plugins/goal_approach_controller'
[0.232s] INFO:colcon.colcon_core.package_selection:Skipping not selected package 'livox_ros_driver2' in 'src/livox_ros_driver2_humble/src'
[0.232s] INFO:colcon.colcon_core.package_selection:Skipping not selected package 'pb_nav2_plugins' in 'src/nav2_plugins/pb_nav2_plugins'
[0.232s] INFO:colcon.colcon_core.package_selection:Skipping not selected package 'rm_referee_msgs' in 'src/rm_referee_ros2/rm_referee_msgs'
[0.232s] INFO:colcon.colcon_core.package_selection:Skipping not selected package 'sentry_msgs' in 'src/sentry_msgs'
[0.232s] INFO:colcon.colcon_core.package_selection:Skipping not selected package 'fast_lio' in 'src/FAST_LIO'
[0.232s] INFO:colcon.colcon_core.package_selection:Skipping not selected package 'livox_to_scan' in 'src/livox_to_scan'
[0.232s] INFO:colcon.colcon_core.package_selection:Skipping not selected package 'rm_referee' in 'src/rm_referee_ros2/rm_referee'
[0.232s] INFO:colcon.colcon_core.package_selection:Skipping not selected package 'rm_referee_mock' in 'src/rm_referee_mock'
[0.232s] INFO:colcon.colcon_core.package_selection:Skipping not selected package 'serial_comm' in 'src/serial_comm'
[0.232s] Level 1:colcon.colcon_core.package_discovery:discover_packages(prefix_path) check parameters
[0.232s] Level 1:colcon.colcon_core.package_discovery:discover_packages(prefix_path) discover
[0.234s] DEBUG:colcon.colcon_installed_package_information.package_discovery:Found 516 installed packages in /opt/ros/humble
[0.237s] Level 1:colcon.colcon_core.package_discovery:discover_packages(prefix_path) using defaults
[0.274s] Level 5:colcon.colcon_core.verb:set package 'lightning' build argument 'cmake_args' from command line to 'None'
[0.274s] Level 5:colcon.colcon_core.verb:set package 'lightning' build argument 'cmake_target' from command line to 'None'
[0.274s] Level 5:colcon.colcon_core.verb:set package 'lightning' build argument 'cmake_target_skip_unavailable' from command line to 'False'
[0.274s] Level 5:colcon.colcon_core.verb:set package 'lightning' build argument 'cmake_clean_cache' from command line to 'False'
[0.274s] Level 5:colcon.colcon_core.verb:set package 'lightning' build argument 'cmake_clean_first' from command line to 'False'
[0.274s] Level 5:colcon.colcon_core.verb:set package 'lightning' build argument 'cmake_force_configure' from command line to 'False'
[0.274s] Level 5:colcon.colcon_core.verb:set package 'lightning' build argument 'ament_cmake_args' from command line to 'None'
[0.274s] Level 5:colcon.colcon_core.verb:set package 'lightning' build argument 'catkin_cmake_args' from command line to 'None'
[0.274s] Level 5:colcon.colcon_core.verb:set package 'lightning' build argument 'catkin_skip_building_tests' from command line to 'False'
[0.274s] DEBUG:colcon.colcon_core.verb:Building package 'lightning' with the following arguments: {'ament_cmake_args': None, 'build_base': '/home/chen/sentry_try/sentry_ws/build/lightning', 'catkin_cmake_args': None, 'catkin_skip_building_tests': False, 'cmake_args': None, 'cmake_clean_cache': False, 'cmake_clean_first': False, 'cmake_force_configure': False, 'cmake_target': None, 'cmake_target_skip_unavailable': False, 'install_base': '/home/chen/sentry_try/sentry_ws/install/lightning', 'merge_install': False, 'path': '/home/chen/sentry_try/sentry_ws/src/lightning-lm', 'symlink_install': False, 'test_result_base': None}
[0.274s] INFO:colcon.colcon_core.executor:Executing jobs using 'parallel' executor
[0.275s] DEBUG:colcon.colcon_parallel_executor.executor.parallel:run_until_complete
[0.275s] INFO:colcon.colcon_ros.task.ament_cmake.build:Building ROS package in '/home/chen/sentry_try/sentry_ws/src/lightning-lm' with build type 'ament_cmake'
[0.276s] INFO:colcon.colcon_cmake.task.cmake.build:Building CMake package in '/home/chen/sentry_try/sentry_ws/src/lightning-lm'
[0.277s] INFO:colcon.colcon_core.plugin_system:Skipping extension 'colcon_core.shell.bat': Not used on non-Windows systems
[0.277s] INFO:colcon.colcon_core.shell:Skip shell extension 'powershell' for command environment: Not usable outside of PowerShell
[0.277s] DEBUG:colcon.colcon_core.shell:Skip shell extension 'dsv' for command environment
[0.287s] DEBUG:colcon.colcon_core.event_handler.log_command:Invoking command in '/home/chen/sentry_try/sentry_ws/build/lightning': AMENT_PREFIX_PATH=/home/chen/sentry_try/sentry_ws/install/rm_referee_msgs:${AMENT_PREFIX_PATH} CMAKE_PREFIX_PATH=/home/chen/sentry_try/sentry_ws/install/rm_referee_msgs:/opt/ros/humble LD_LIBRARY_PATH=/home/chen/sentry_try/sentry_ws/install/rm_referee_msgs/lib:${LD_LIBRARY_PATH} PYTHONPATH=/home/chen/sentry_try/sentry_ws/install/rm_referee_msgs/local/lib/python3.10/dist-packages:${PYTHONPATH} /usr/bin/cmake --build /home/chen/sentry_try/sentry_ws/build/lightning
[1.772s] DEBUG:colcon.colcon_core.event_handler.log_command:Invoked command in '/home/chen/sentry_try/sentry_ws/build/lightning' returned '0': AMENT_PREFIX_PATH=/home/chen/sentry_try/sentry_ws/install/rm_referee_msgs:${AMENT_PREFIX_PATH} CMAKE_PREFIX_PATH=/home/chen/sentry_try/sentry_ws/install/rm_referee_msgs:/opt/ros/humble LD_LIBRARY_PATH=/home/chen/sentry_try/sentry_ws/install/rm_referee_msgs/lib:${LD_LIBRARY_PATH} PYTHONPATH=/home/chen/sentry_try/sentry_ws/install/rm_referee_msgs/local/lib/python3.10/dist-packages:${PYTHONPATH} /usr/bin/cmake --build /home/chen/sentry_try/sentry_ws/build/lightning
[1.888s] DEBUG:colcon.colcon_core.event_handler.log_command:Invoking command in '/home/chen/sentry_try/sentry_ws/build/lightning': AMENT_PREFIX_PATH=/home/chen/sentry_try/sentry_ws/install/rm_referee_msgs:${AMENT_PREFIX_PATH} CMAKE_PREFIX_PATH=/home/chen/sentry_try/sentry_ws/install/rm_referee_msgs:/opt/ros/humble LD_LIBRARY_PATH=/home/chen/sentry_try/sentry_ws/install/rm_referee_msgs/lib:${LD_LIBRARY_PATH} PYTHONPATH=/home/chen/sentry_try/sentry_ws/install/rm_referee_msgs/local/lib/python3.10/dist-packages:${PYTHONPATH} /usr/bin/cmake --install /home/chen/sentry_try/sentry_ws/build/lightning
[1.987s] Level 1:colcon.colcon_core.environment:create_environment_scripts_only(lightning)
[1.988s] DEBUG:colcon.colcon_core.event_handler.log_command:Invoked command in '/home/chen/sentry_try/sentry_ws/build/lightning' returned '0': AMENT_PREFIX_PATH=/home/chen/sentry_try/sentry_ws/install/rm_referee_msgs:${AMENT_PREFIX_PATH} CMAKE_PREFIX_PATH=/home/chen/sentry_try/sentry_ws/install/rm_referee_msgs:/opt/ros/humble LD_LIBRARY_PATH=/home/chen/sentry_try/sentry_ws/install/rm_referee_msgs/lib:${LD_LIBRARY_PATH} PYTHONPATH=/home/chen/sentry_try/sentry_ws/install/rm_referee_msgs/local/lib/python3.10/dist-packages:${PYTHONPATH} /usr/bin/cmake --install /home/chen/sentry_try/sentry_ws/build/lightning
[1.991s] Level 1:colcon.colcon_core.environment:checking '/home/chen/sentry_try/sentry_ws/install/lightning' for CMake module files
[1.992s] Level 1:colcon.colcon_core.environment:checking '/home/chen/sentry_try/sentry_ws/install/lightning' for CMake config files
[1.992s] Level 1:colcon.colcon_core.shell:create_environment_hook('lightning', 'cmake_prefix_path')
[1.992s] INFO:colcon.colcon_core.shell:Creating environment hook '/home/chen/sentry_try/sentry_ws/install/lightning/share/lightning/hook/cmake_prefix_path.ps1'
[1.993s] INFO:colcon.colcon_core.shell:Creating environment descriptor '/home/chen/sentry_try/sentry_ws/install/lightning/share/lightning/hook/cmake_prefix_path.dsv'
[1.993s] INFO:colcon.colcon_core.shell:Creating environment hook '/home/chen/sentry_try/sentry_ws/install/lightning/share/lightning/hook/cmake_prefix_path.sh'
[1.994s] Level 1:colcon.colcon_core.environment:checking '/home/chen/sentry_try/sentry_ws/install/lightning/lib'
[1.994s] Level 1:colcon.colcon_core.shell:create_environment_hook('lightning', 'ld_library_path_lib')
[1.994s] INFO:colcon.colcon_core.shell:Creating environment hook '/home/chen/sentry_try/sentry_ws/install/lightning/share/lightning/hook/ld_library_path_lib.ps1'
[1.994s] INFO:colcon.colcon_core.shell:Creating environment descriptor '/home/chen/sentry_try/sentry_ws/install/lightning/share/lightning/hook/ld_library_path_lib.dsv'
[1.994s] INFO:colcon.colcon_core.shell:Creating environment hook '/home/chen/sentry_try/sentry_ws/install/lightning/share/lightning/hook/ld_library_path_lib.sh'
[1.994s] Level 1:colcon.colcon_core.environment:checking '/home/chen/sentry_try/sentry_ws/install/lightning/bin'
[1.994s] Level 1:colcon.colcon_core.environment:checking '/home/chen/sentry_try/sentry_ws/install/lightning/lib/pkgconfig/lightning.pc'
[1.994s] Level 1:colcon.colcon_core.environment:checking '/home/chen/sentry_try/sentry_ws/install/lightning/lib/python3.10/site-packages'
[1.995s] Level 1:colcon.colcon_core.environment:checking '/home/chen/sentry_try/sentry_ws/install/lightning/bin'
[1.995s] INFO:colcon.colcon_core.shell:Creating package script '/home/chen/sentry_try/sentry_ws/install/lightning/share/lightning/package.ps1'
[1.995s] INFO:colcon.colcon_core.shell:Creating package descriptor '/home/chen/sentry_try/sentry_ws/install/lightning/share/lightning/package.dsv'
[1.996s] INFO:colcon.colcon_core.shell:Creating package script '/home/chen/sentry_try/sentry_ws/install/lightning/share/lightning/package.sh'
[1.996s] INFO:colcon.colcon_core.shell:Creating package script '/home/chen/sentry_try/sentry_ws/install/lightning/share/lightning/package.bash'
[1.997s] INFO:colcon.colcon_core.shell:Creating package script '/home/chen/sentry_try/sentry_ws/install/lightning/share/lightning/package.zsh'
[1.997s] Level 1:colcon.colcon_core.environment:create_file_with_runtime_dependencies(/home/chen/sentry_try/sentry_ws/install/lightning/share/colcon-core/packages/lightning)
[2.109s] Level 1:colcon.colcon_core.environment:create_environment_scripts_only(lightning)
[2.109s] Level 1:colcon.colcon_core.environment:checking '/home/chen/sentry_try/sentry_ws/install/lightning' for CMake module files
[2.109s] Level 1:colcon.colcon_core.environment:checking '/home/chen/sentry_try/sentry_ws/install/lightning' for CMake config files
[2.110s] Level 1:colcon.colcon_core.shell:create_environment_hook('lightning', 'cmake_prefix_path')
[2.110s] INFO:colcon.colcon_core.shell:Creating environment hook '/home/chen/sentry_try/sentry_ws/install/lightning/share/lightning/hook/cmake_prefix_path.ps1'
[2.110s] INFO:colcon.colcon_core.shell:Creating environment descriptor '/home/chen/sentry_try/sentry_ws/install/lightning/share/lightning/hook/cmake_prefix_path.dsv'
[2.110s] INFO:colcon.colcon_core.shell:Creating environment hook '/home/chen/sentry_try/sentry_ws/install/lightning/share/lightning/hook/cmake_prefix_path.sh'
[2.111s] Level 1:colcon.colcon_core.environment:checking '/home/chen/sentry_try/sentry_ws/install/lightning/lib'
[2.111s] Level 1:colcon.colcon_core.shell:create_environment_hook('lightning', 'ld_library_path_lib')
[2.111s] INFO:colcon.colcon_core.shell:Creating environment hook '/home/chen/sentry_try/sentry_ws/install/lightning/share/lightning/hook/ld_library_path_lib.ps1'
[2.111s] INFO:colcon.colcon_core.shell:Creating environment descriptor '/home/chen/sentry_try/sentry_ws/install/lightning/share/lightning/hook/ld_library_path_lib.dsv'
[2.111s] INFO:colcon.colcon_core.shell:Creating environment hook '/home/chen/sentry_try/sentry_ws/install/lightning/share/lightning/hook/ld_library_path_lib.sh'
[2.111s] Level 1:colcon.colcon_core.environment:checking '/home/chen/sentry_try/sentry_ws/install/lightning/bin'
[2.111s] Level 1:colcon.colcon_core.environment:checking '/home/chen/sentry_try/sentry_ws/install/lightning/lib/pkgconfig/lightning.pc'
[2.112s] Level 1:colcon.colcon_core.environment:checking '/home/chen/sentry_try/sentry_ws/install/lightning/lib/python3.10/site-packages'
[2.112s] Level 1:colcon.colcon_core.environment:checking '/home/chen/sentry_try/sentry_ws/install/lightning/bin'
[2.112s] INFO:colcon.colcon_core.shell:Creating package script '/home/chen/sentry_try/sentry_ws/install/lightning/share/lightning/package.ps1'
[2.112s] INFO:colcon.colcon_core.shell:Creating package descriptor '/home/chen/sentry_try/sentry_ws/install/lightning/share/lightning/package.dsv'
[2.112s] INFO:colcon.colcon_core.shell:Creating package script '/home/chen/sentry_try/sentry_ws/install/lightning/share/lightning/package.sh'
[2.113s] INFO:colcon.colcon_core.shell:Creating package script '/home/chen/sentry_try/sentry_ws/install/lightning/share/lightning/package.bash'
[2.113s] INFO:colcon.colcon_core.shell:Creating package script '/home/chen/sentry_try/sentry_ws/install/lightning/share/lightning/package.zsh'
[2.113s] Level 1:colcon.colcon_core.environment:create_file_with_runtime_dependencies(/home/chen/sentry_try/sentry_ws/install/lightning/share/colcon-core/packages/lightning)
[2.113s] DEBUG:colcon.colcon_parallel_executor.executor.parallel:closing loop
[2.113s] DEBUG:colcon.colcon_parallel_executor.executor.parallel:loop closed
[2.113s] DEBUG:colcon.colcon_parallel_executor.executor.parallel:run_until_complete finished with '0'
[2.114s] DEBUG:colcon.colcon_core.event_reactor:joining thread
[2.117s] INFO:colcon.colcon_core.plugin_system:Skipping extension 'colcon_notification.desktop_notification.terminal_notifier': Not used on non-Darwin systems
[2.117s] INFO:colcon.colcon_core.plugin_system:Skipping extension 'colcon_notification.desktop_notification.win32': Not used on non-Windows systems
[2.117s] INFO:colcon.colcon_notification.desktop_notification:Sending desktop notification using 'notify2'
[2.124s] DEBUG:colcon.colcon_core.event_reactor:joined thread
[2.125s] INFO:colcon.colcon_core.shell:Creating prefix script '/home/chen/sentry_try/sentry_ws/install/local_setup.ps1'
[2.126s] INFO:colcon.colcon_core.shell:Creating prefix util module '/home/chen/sentry_try/sentry_ws/install/_local_setup_util_ps1.py'
[2.126s] INFO:colcon.colcon_core.shell:Creating prefix chain script '/home/chen/sentry_try/sentry_ws/install/setup.ps1'
[2.127s] INFO:colcon.colcon_core.shell:Creating prefix script '/home/chen/sentry_try/sentry_ws/install/local_setup.sh'
[2.127s] INFO:colcon.colcon_core.shell:Creating prefix util module '/home/chen/sentry_try/sentry_ws/install/_local_setup_util_sh.py'
[2.127s] INFO:colcon.colcon_core.shell:Creating prefix chain script '/home/chen/sentry_try/sentry_ws/install/setup.sh'
[2.128s] INFO:colcon.colcon_core.shell:Creating prefix script '/home/chen/sentry_try/sentry_ws/install/local_setup.bash'
[2.128s] INFO:colcon.colcon_core.shell:Creating prefix chain script '/home/chen/sentry_try/sentry_ws/install/setup.bash'
[2.129s] INFO:colcon.colcon_core.shell:Creating prefix script '/home/chen/sentry_try/sentry_ws/install/local_setup.zsh'
[2.129s] INFO:colcon.colcon_core.shell:Creating prefix chain script '/home/chen/sentry_try/sentry_ws/install/setup.zsh'
