-- Found ament_cmake: 1.3.14 (/opt/ros/humble/share/ament_cmake/cmake)
-- Found std_msgs: 4.9.1 (/opt/ros/humble/share/std_msgs/cmake)
-- Found rosidl_generator_c: 3.1.9 (/opt/ros/humble/share/rosidl_generator_c/cmake)
-- Found rosidl_adapter: 3.1.9 (/opt/ros/humble/share/rosidl_adapter/cmake)
-- Found rosidl_generator_cpp: 3.1.9 (/opt/ros/humble/share/rosidl_generator_cpp/cmake)
-- Using all available rosidl_typesupport_c: rosidl_typesupport_fastrtps_c;rosidl_typesupport_introspection_c
-- Using all available rosidl_typesupport_cpp: rosidl_typesupport_fastrtps_cpp;rosidl_typesupport_introspection_cpp
-- Found rosidl_default_generators: 1.2.1 (/opt/ros/humble/share/rosidl_default_generators/cmake)
-- Found ament_cmake_ros: 0.10.0 (/opt/ros/humble/share/ament_cmake_ros/cmake)
-- Using all available rosidl_typesupport_c: rosidl_typesupport_fastrtps_c;rosidl_typesupport_introspection_c
-- Using all available rosidl_typesupport_cpp: rosidl_typesupport_fastrtps_cpp;rosidl_typesupport_introspection_cpp
-- Found python_cmake_module: 0.10.0 (/opt/ros/humble/share/python_cmake_module/cmake)
-- Using PYTHON_EXECUTABLE: /usr/bin/python3
-- Using PYTHON_INCLUDE_DIRS: /usr/include/python3.10
-- Using PYTHON_LIBRARIES: /usr/lib/x86_64-linux-gnu/libpython3.10.so
-- Configuring done
-- Generating done
-- Build files have been written to: /home/chen/sentry_try/sentry_ws/build/rm_referee_msgs
[35m[1mConsolidate compiler generated dependencies of target rm_referee_msgs__rosidl_generator_c[0m
[  1%] Built target rm_referee_msgs__rs
[  1%] Built target rm_referee_msgs__cpp
[  2%] [32mBuilding C object CMakeFiles/rm_referee_msgs__rosidl_generator_c.dir/rosidl_generator_c/rm_referee_msgs/msg/detail/custom_robot_data__functions.c.o[0m
[  3%] [32mBuilding C object CMakeFiles/rm_referee_msgs__rosidl_generator_c.dir/rosidl_generator_c/rm_referee_msgs/msg/detail/robot_custom_data__functions.c.o[0m
[  3%] [32mBuilding C object CMakeFiles/rm_referee_msgs__rosidl_generator_c.dir/rosidl_generator_c/rm_referee_msgs/msg/detail/robot_custom_data2__functions.c.o[0m
[  3%] [32mBuilding C object CMakeFiles/rm_referee_msgs__rosidl_generator_c.dir/rosidl_generator_c/rm_referee_msgs/msg/detail/custom_control__functions.c.o[0m
[  3%] [32mBuilding C object CMakeFiles/rm_referee_msgs__rosidl_generator_c.dir/rosidl_generator_c/rm_referee_msgs/msg/detail/buff__functions.c.o[0m
[  3%] [32mBuilding C object CMakeFiles/rm_referee_msgs__rosidl_generator_c.dir/rosidl_generator_c/rm_referee_msgs/msg/detail/keyboard_mouse_control__functions.c.o[0m
[  3%] Built target ament_cmake_python_copy_rm_referee_msgs
[  4%] [32mBuilding C object CMakeFiles/rm_referee_msgs__rosidl_generator_c.dir/rosidl_generator_c/rm_referee_msgs/msg/detail/dart_client_cmd__functions.c.o[0m
[  5%] [32mBuilding C object CMakeFiles/rm_referee_msgs__rosidl_generator_c.dir/rosidl_generator_c/rm_referee_msgs/msg/detail/event_data__functions.c.o[0m
[  5%] [32mBuilding C object CMakeFiles/rm_referee_msgs__rosidl_generator_c.dir/rosidl_generator_c/rm_referee_msgs/msg/detail/game_result__functions.c.o[0m
[  5%] [32mBuilding C object CMakeFiles/rm_referee_msgs__rosidl_generator_c.dir/rosidl_generator_c/rm_referee_msgs/msg/detail/dart_info__functions.c.o[0m
[  5%] [32mBuilding C object CMakeFiles/rm_referee_msgs__rosidl_generator_c.dir/rosidl_generator_c/rm_referee_msgs/msg/detail/game_status__functions.c.o[0m
[35m[1mConsolidate compiler generated dependencies of target rm_referee_msgs__rosidl_typesupport_cpp[0m
[  6%] [32mBuilding C object CMakeFiles/rm_referee_msgs__rosidl_generator_c.dir/rosidl_generator_c/rm_referee_msgs/msg/detail/game_robot_hp__functions.c.o[0m
[35m[1mConsolidate compiler generated dependencies of target rm_referee_msgs__rosidl_typesupport_introspection_cpp[0m
[35m[1mConsolidate compiler generated dependencies of target rm_referee_msgs__rosidl_typesupport_fastrtps_cpp[0m
[  7%] [32mBuilding CXX object CMakeFiles/rm_referee_msgs__rosidl_typesupport_cpp.dir/rosidl_typesupport_cpp/rm_referee_msgs/msg/custom_control__type_support.cpp.o[0m
[  8%] [32mBuilding CXX object CMakeFiles/rm_referee_msgs__rosidl_typesupport_introspection_cpp.dir/rosidl_typesupport_introspection_cpp/rm_referee_msgs/msg/detail/custom_control__type_support.cpp.o[0m
[  9%] [32mBuilding CXX object CMakeFiles/rm_referee_msgs__rosidl_typesupport_fastrtps_cpp.dir/rosidl_typesupport_fastrtps_cpp/rm_referee_msgs/msg/detail/dds_fastrtps/custom_control__type_support.cpp.o[0m
[  9%] [32mBuilding CXX object CMakeFiles/rm_referee_msgs__rosidl_typesupport_fastrtps_cpp.dir/rosidl_typesupport_fastrtps_cpp/rm_referee_msgs/msg/detail/dds_fastrtps/custom_robot_data__type_support.cpp.o[0m
[ 10%] [32mBuilding CXX object CMakeFiles/rm_referee_msgs__rosidl_typesupport_fastrtps_cpp.dir/rosidl_typesupport_fastrtps_cpp/rm_referee_msgs/msg/detail/dds_fastrtps/keyboard_mouse_control__type_support.cpp.o[0m
[ 10%] [32mBuilding CXX object CMakeFiles/rm_referee_msgs__rosidl_typesupport_introspection_cpp.dir/rosidl_typesupport_introspection_cpp/rm_referee_msgs/msg/detail/custom_robot_data__type_support.cpp.o[0m
[ 10%] [32mBuilding CXX object CMakeFiles/rm_referee_msgs__rosidl_typesupport_cpp.dir/rosidl_typesupport_cpp/rm_referee_msgs/msg/custom_robot_data__type_support.cpp.o[0m
[ 10%] [32mBuilding C object CMakeFiles/rm_referee_msgs__rosidl_generator_c.dir/rosidl_generator_c/rm_referee_msgs/msg/detail/ground_robot_position__functions.c.o[0m
[ 11%] [32mBuilding C object CMakeFiles/rm_referee_msgs__rosidl_generator_c.dir/rosidl_generator_c/rm_referee_msgs/msg/detail/hurt_data__functions.c.o[0m
[ 11%] [32mBuilding CXX object CMakeFiles/rm_referee_msgs__rosidl_typesupport_fastrtps_cpp.dir/rosidl_typesupport_fastrtps_cpp/rm_referee_msgs/msg/detail/dds_fastrtps/robot_custom_data__type_support.cpp.o[0m
[ 12%] [32mBuilding CXX object CMakeFiles/rm_referee_msgs__rosidl_typesupport_cpp.dir/rosidl_typesupport_cpp/rm_referee_msgs/msg/keyboard_mouse_control__type_support.cpp.o[0m
[ 12%] [32mBuilding C object CMakeFiles/rm_referee_msgs__rosidl_generator_c.dir/rosidl_generator_c/rm_referee_msgs/msg/detail/map_command__functions.c.o[0m
[ 13%] [32mBuilding CXX object CMakeFiles/rm_referee_msgs__rosidl_typesupport_fastrtps_cpp.dir/rosidl_typesupport_fastrtps_cpp/rm_referee_msgs/msg/detail/dds_fastrtps/robot_custom_data2__type_support.cpp.o[0m
[ 13%] [32mBuilding CXX object CMakeFiles/rm_referee_msgs__rosidl_typesupport_fastrtps_cpp.dir/rosidl_typesupport_fastrtps_cpp/rm_referee_msgs/msg/detail/dds_fastrtps/buff__type_support.cpp.o[0m
[ 13%] [32mBuilding CXX object CMakeFiles/rm_referee_msgs__rosidl_typesupport_fastrtps_cpp.dir/rosidl_typesupport_fastrtps_cpp/rm_referee_msgs/msg/detail/dds_fastrtps/dart_client_cmd__type_support.cpp.o[0m
[ 14%] [32mBuilding CXX object CMakeFiles/rm_referee_msgs__rosidl_typesupport_fastrtps_cpp.dir/rosidl_typesupport_fastrtps_cpp/rm_referee_msgs/msg/detail/dds_fastrtps/dart_info__type_support.cpp.o[0m
running egg_info
writing rm_referee_msgs.egg-info/PKG-INFO
writing dependency_links to rm_referee_msgs.egg-info/dependency_links.txt
writing top-level names to rm_referee_msgs.egg-info/top_level.txt
reading manifest file 'rm_referee_msgs.egg-info/SOURCES.txt'
writing manifest file 'rm_referee_msgs.egg-info/SOURCES.txt'
[ 15%] [32mBuilding C object CMakeFiles/rm_referee_msgs__rosidl_generator_c.dir/rosidl_generator_c/rm_referee_msgs/msg/detail/power_heat_data__functions.c.o[0m
[ 15%] [32mBuilding CXX object CMakeFiles/rm_referee_msgs__rosidl_typesupport_fastrtps_cpp.dir/rosidl_typesupport_fastrtps_cpp/rm_referee_msgs/msg/detail/dds_fastrtps/event_data__type_support.cpp.o[0m
[ 15%] Built target ament_cmake_python_build_rm_referee_msgs_egg
[ 15%] [32mBuilding C object CMakeFiles/rm_referee_msgs__rosidl_generator_c.dir/rosidl_generator_c/rm_referee_msgs/msg/detail/projectile_allowance__functions.c.o[0m
[ 15%] [32mBuilding CXX object CMakeFiles/rm_referee_msgs__rosidl_typesupport_cpp.dir/rosidl_typesupport_cpp/rm_referee_msgs/msg/robot_custom_data__type_support.cpp.o[0m
[ 16%] [32mBuilding CXX object CMakeFiles/rm_referee_msgs__rosidl_typesupport_fastrtps_cpp.dir/rosidl_typesupport_fastrtps_cpp/rm_referee_msgs/msg/detail/dds_fastrtps/game_result__type_support.cpp.o[0m
[ 17%] [32mBuilding C object CMakeFiles/rm_referee_msgs__rosidl_generator_c.dir/rosidl_generator_c/rm_referee_msgs/msg/detail/rfid_status__functions.c.o[0m
[ 18%] [32mBuilding CXX object CMakeFiles/rm_referee_msgs__rosidl_typesupport_introspection_cpp.dir/rosidl_typesupport_introspection_cpp/rm_referee_msgs/msg/detail/keyboard_mouse_control__type_support.cpp.o[0m
[ 18%] [32mBuilding C object CMakeFiles/rm_referee_msgs__rosidl_generator_c.dir/rosidl_generator_c/rm_referee_msgs/msg/detail/radar_info__functions.c.o[0m
[ 19%] [32mBuilding CXX object CMakeFiles/rm_referee_msgs__rosidl_typesupport_cpp.dir/rosidl_typesupport_cpp/rm_referee_msgs/msg/robot_custom_data2__type_support.cpp.o[0m
[ 19%] [32mBuilding CXX object CMakeFiles/rm_referee_msgs__rosidl_typesupport_fastrtps_cpp.dir/rosidl_typesupport_fastrtps_cpp/rm_referee_msgs/msg/detail/dds_fastrtps/game_robot_hp__type_support.cpp.o[0m
[ 19%] [32mBuilding C object CMakeFiles/rm_referee_msgs__rosidl_generator_c.dir/rosidl_generator_c/rm_referee_msgs/msg/detail/radar_mark_data__functions.c.o[0m
[ 20%] [32mBuilding C object CMakeFiles/rm_referee_msgs__rosidl_generator_c.dir/rosidl_generator_c/rm_referee_msgs/msg/detail/referee_warning__functions.c.o[0m
[ 20%] [32mBuilding CXX object CMakeFiles/rm_referee_msgs__rosidl_typesupport_introspection_cpp.dir/rosidl_typesupport_introspection_cpp/rm_referee_msgs/msg/detail/robot_custom_data__type_support.cpp.o[0m
[ 20%] [32mBuilding CXX object CMakeFiles/rm_referee_msgs__rosidl_typesupport_cpp.dir/rosidl_typesupport_cpp/rm_referee_msgs/msg/buff__type_support.cpp.o[0m
[ 21%] [32mBuilding CXX object CMakeFiles/rm_referee_msgs__rosidl_typesupport_fastrtps_cpp.dir/rosidl_typesupport_fastrtps_cpp/rm_referee_msgs/msg/detail/dds_fastrtps/game_status__type_support.cpp.o[0m
[ 22%] [32mBuilding CXX object CMakeFiles/rm_referee_msgs__rosidl_typesupport_introspection_cpp.dir/rosidl_typesupport_introspection_cpp/rm_referee_msgs/msg/detail/robot_custom_data2__type_support.cpp.o[0m
[ 22%] [32mBuilding CXX object CMakeFiles/rm_referee_msgs__rosidl_typesupport_fastrtps_cpp.dir/rosidl_typesupport_fastrtps_cpp/rm_referee_msgs/msg/detail/dds_fastrtps/ground_robot_position__type_support.cpp.o[0m
[ 22%] [32mBuilding CXX object CMakeFiles/rm_referee_msgs__rosidl_typesupport_cpp.dir/rosidl_typesupport_cpp/rm_referee_msgs/msg/dart_client_cmd__type_support.cpp.o[0m
[ 22%] [32mBuilding CXX object CMakeFiles/rm_referee_msgs__rosidl_typesupport_introspection_cpp.dir/rosidl_typesupport_introspection_cpp/rm_referee_msgs/msg/detail/buff__type_support.cpp.o[0m
[ 22%] [32mBuilding CXX object CMakeFiles/rm_referee_msgs__rosidl_typesupport_introspection_cpp.dir/rosidl_typesupport_introspection_cpp/rm_referee_msgs/msg/detail/dart_client_cmd__type_support.cpp.o[0m
[ 23%] [32mBuilding CXX object CMakeFiles/rm_referee_msgs__rosidl_typesupport_cpp.dir/rosidl_typesupport_cpp/rm_referee_msgs/msg/dart_info__type_support.cpp.o[0m
[ 23%] [32mBuilding C object CMakeFiles/rm_referee_msgs__rosidl_generator_c.dir/rosidl_generator_c/rm_referee_msgs/msg/detail/robot_pos__functions.c.o[0m
[ 23%] [32mBuilding CXX object CMakeFiles/rm_referee_msgs__rosidl_typesupport_cpp.dir/rosidl_typesupport_cpp/rm_referee_msgs/msg/event_data__type_support.cpp.o[0m
[ 24%] [32mBuilding CXX object CMakeFiles/rm_referee_msgs__rosidl_typesupport_cpp.dir/rosidl_typesupport_cpp/rm_referee_msgs/msg/game_result__type_support.cpp.o[0m
[ 24%] [32mBuilding CXX object CMakeFiles/rm_referee_msgs__rosidl_typesupport_fastrtps_cpp.dir/rosidl_typesupport_fastrtps_cpp/rm_referee_msgs/msg/detail/dds_fastrtps/hurt_data__type_support.cpp.o[0m
[ 25%] [32mBuilding CXX object CMakeFiles/rm_referee_msgs__rosidl_typesupport_introspection_cpp.dir/rosidl_typesupport_introspection_cpp/rm_referee_msgs/msg/detail/dart_info__type_support.cpp.o[0m
[ 26%] [32mBuilding C object CMakeFiles/rm_referee_msgs__rosidl_generator_c.dir/rosidl_generator_c/rm_referee_msgs/msg/detail/robot_status__functions.c.o[0m
[ 26%] [32mBuilding C object CMakeFiles/rm_referee_msgs__rosidl_generator_c.dir/rosidl_generator_c/rm_referee_msgs/msg/detail/sentry_info__functions.c.o[0m
[ 26%] [32mBuilding CXX object CMakeFiles/rm_referee_msgs__rosidl_typesupport_cpp.dir/rosidl_typesupport_cpp/rm_referee_msgs/msg/game_robot_hp__type_support.cpp.o[0m
[ 27%] [32mBuilding CXX object CMakeFiles/rm_referee_msgs__rosidl_typesupport_fastrtps_cpp.dir/rosidl_typesupport_fastrtps_cpp/rm_referee_msgs/msg/detail/dds_fastrtps/map_command__type_support.cpp.o[0m
[ 27%] [32mBuilding CXX object CMakeFiles/rm_referee_msgs__rosidl_typesupport_introspection_cpp.dir/rosidl_typesupport_introspection_cpp/rm_referee_msgs/msg/detail/event_data__type_support.cpp.o[0m
[ 28%] [32mBuilding CXX object CMakeFiles/rm_referee_msgs__rosidl_typesupport_cpp.dir/rosidl_typesupport_cpp/rm_referee_msgs/msg/game_status__type_support.cpp.o[0m
[ 29%] [32mBuilding C object CMakeFiles/rm_referee_msgs__rosidl_generator_c.dir/rosidl_generator_c/rm_referee_msgs/msg/detail/shoot_data__functions.c.o[0m
[ 29%] [32mBuilding CXX object CMakeFiles/rm_referee_msgs__rosidl_typesupport_fastrtps_cpp.dir/rosidl_typesupport_fastrtps_cpp/rm_referee_msgs/msg/detail/dds_fastrtps/power_heat_data__type_support.cpp.o[0m
[ 29%] [32mBuilding C object CMakeFiles/rm_referee_msgs__rosidl_generator_c.dir/rosidl_generator_c/rm_referee_msgs/srv/detail/tx__functions.c.o[0m
[ 29%] [32mBuilding CXX object CMakeFiles/rm_referee_msgs__rosidl_typesupport_cpp.dir/rosidl_typesupport_cpp/rm_referee_msgs/msg/ground_robot_position__type_support.cpp.o[0m
[ 30%] [32mBuilding CXX object CMakeFiles/rm_referee_msgs__rosidl_typesupport_fastrtps_cpp.dir/rosidl_typesupport_fastrtps_cpp/rm_referee_msgs/msg/detail/dds_fastrtps/projectile_allowance__type_support.cpp.o[0m
[ 31%] [32mBuilding CXX object CMakeFiles/rm_referee_msgs__rosidl_typesupport_introspection_cpp.dir/rosidl_typesupport_introspection_cpp/rm_referee_msgs/msg/detail/game_result__type_support.cpp.o[0m
[ 31%] [32mBuilding CXX object CMakeFiles/rm_referee_msgs__rosidl_typesupport_cpp.dir/rosidl_typesupport_cpp/rm_referee_msgs/msg/hurt_data__type_support.cpp.o[0m
[ 31%] [32mBuilding CXX object CMakeFiles/rm_referee_msgs__rosidl_typesupport_introspection_cpp.dir/rosidl_typesupport_introspection_cpp/rm_referee_msgs/msg/detail/game_robot_hp__type_support.cpp.o[0m
[ 31%] [32mBuilding CXX object CMakeFiles/rm_referee_msgs__rosidl_typesupport_fastrtps_cpp.dir/rosidl_typesupport_fastrtps_cpp/rm_referee_msgs/msg/detail/dds_fastrtps/rfid_status__type_support.cpp.o[0m
[ 32%] [32mBuilding CXX object CMakeFiles/rm_referee_msgs__rosidl_typesupport_introspection_cpp.dir/rosidl_typesupport_introspection_cpp/rm_referee_msgs/msg/detail/game_status__type_support.cpp.o[0m
[ 33%] [32mBuilding CXX object CMakeFiles/rm_referee_msgs__rosidl_typesupport_fastrtps_cpp.dir/rosidl_typesupport_fastrtps_cpp/rm_referee_msgs/msg/detail/dds_fastrtps/radar_info__type_support.cpp.o[0m
[ 34%] [32mBuilding CXX object CMakeFiles/rm_referee_msgs__rosidl_typesupport_cpp.dir/rosidl_typesupport_cpp/rm_referee_msgs/msg/map_command__type_support.cpp.o[0m
[ 34%] [32m[1mLinking C shared library librm_referee_msgs__rosidl_generator_c.so[0m
[ 34%] [32mBuilding CXX object CMakeFiles/rm_referee_msgs__rosidl_typesupport_fastrtps_cpp.dir/rosidl_typesupport_fastrtps_cpp/rm_referee_msgs/msg/detail/dds_fastrtps/radar_mark_data__type_support.cpp.o[0m
[ 35%] Built target rm_referee_msgs__rosidl_generator_c
[ 35%] [32mBuilding CXX object CMakeFiles/rm_referee_msgs__rosidl_typesupport_introspection_cpp.dir/rosidl_typesupport_introspection_cpp/rm_referee_msgs/msg/detail/ground_robot_position__type_support.cpp.o[0m
[ 35%] [32mBuilding CXX object CMakeFiles/rm_referee_msgs__rosidl_typesupport_cpp.dir/rosidl_typesupport_cpp/rm_referee_msgs/msg/power_heat_data__type_support.cpp.o[0m
[ 35%] [32mBuilding CXX object CMakeFiles/rm_referee_msgs__rosidl_typesupport_introspection_cpp.dir/rosidl_typesupport_introspection_cpp/rm_referee_msgs/msg/detail/hurt_data__type_support.cpp.o[0m
[ 35%] [32mBuilding CXX object CMakeFiles/rm_referee_msgs__rosidl_typesupport_fastrtps_cpp.dir/rosidl_typesupport_fastrtps_cpp/rm_referee_msgs/msg/detail/dds_fastrtps/referee_warning__type_support.cpp.o[0m
[ 36%] [32mBuilding CXX object CMakeFiles/rm_referee_msgs__rosidl_typesupport_cpp.dir/rosidl_typesupport_cpp/rm_referee_msgs/msg/projectile_allowance__type_support.cpp.o[0m
[ 37%] [32mBuilding CXX object CMakeFiles/rm_referee_msgs__rosidl_typesupport_introspection_cpp.dir/rosidl_typesupport_introspection_cpp/rm_referee_msgs/msg/detail/map_command__type_support.cpp.o[0m
[ 37%] [32mBuilding CXX object CMakeFiles/rm_referee_msgs__rosidl_typesupport_introspection_cpp.dir/rosidl_typesupport_introspection_cpp/rm_referee_msgs/msg/detail/power_heat_data__type_support.cpp.o[0m
[35m[1mConsolidate compiler generated dependencies of target rm_referee_msgs__rosidl_typesupport_fastrtps_c[0m
[ 38%] [32mBuilding CXX object CMakeFiles/rm_referee_msgs__rosidl_typesupport_introspection_cpp.dir/rosidl_typesupport_introspection_cpp/rm_referee_msgs/msg/detail/projectile_allowance__type_support.cpp.o[0m
[ 38%] [32mBuilding CXX object CMakeFiles/rm_referee_msgs__rosidl_typesupport_fastrtps_c.dir/rosidl_typesupport_fastrtps_c/rm_referee_msgs/msg/detail/custom_control__type_support_c.cpp.o[0m
[ 39%] [32mBuilding CXX object CMakeFiles/rm_referee_msgs__rosidl_typesupport_fastrtps_cpp.dir/rosidl_typesupport_fastrtps_cpp/rm_referee_msgs/msg/detail/dds_fastrtps/robot_pos__type_support.cpp.o[0m
[35m[1mConsolidate compiler generated dependencies of target rm_referee_msgs__rosidl_typesupport_introspection_c[0m
[ 39%] [32mBuilding CXX object CMakeFiles/rm_referee_msgs__rosidl_typesupport_fastrtps_c.dir/rosidl_typesupport_fastrtps_c/rm_referee_msgs/msg/detail/custom_robot_data__type_support_c.cpp.o[0m
[ 39%] [32mBuilding C object CMakeFiles/rm_referee_msgs__rosidl_typesupport_introspection_c.dir/rosidl_typesupport_introspection_c/rm_referee_msgs/msg/detail/custom_control__type_support.c.o[0m
[ 39%] [32mBuilding CXX object CMakeFiles/rm_referee_msgs__rosidl_typesupport_cpp.dir/rosidl_typesupport_cpp/rm_referee_msgs/msg/rfid_status__type_support.cpp.o[0m
[ 40%] [32mBuilding CXX object CMakeFiles/rm_referee_msgs__rosidl_typesupport_cpp.dir/rosidl_typesupport_cpp/rm_referee_msgs/msg/radar_info__type_support.cpp.o[0m
[ 40%] [32mBuilding C object CMakeFiles/rm_referee_msgs__rosidl_typesupport_introspection_c.dir/rosidl_typesupport_introspection_c/rm_referee_msgs/msg/detail/custom_robot_data__type_support.c.o[0m
[ 40%] [32mBuilding CXX object CMakeFiles/rm_referee_msgs__rosidl_typesupport_cpp.dir/rosidl_typesupport_cpp/rm_referee_msgs/msg/radar_mark_data__type_support.cpp.o[0m
[ 41%] [32mBuilding CXX object CMakeFiles/rm_referee_msgs__rosidl_typesupport_fastrtps_c.dir/rosidl_typesupport_fastrtps_c/rm_referee_msgs/msg/detail/keyboard_mouse_control__type_support_c.cpp.o[0m
[ 41%] [32mBuilding CXX object CMakeFiles/rm_referee_msgs__rosidl_typesupport_fastrtps_c.dir/rosidl_typesupport_fastrtps_c/rm_referee_msgs/msg/detail/robot_custom_data__type_support_c.cpp.o[0m
[ 42%] [32mBuilding C object CMakeFiles/rm_referee_msgs__rosidl_typesupport_introspection_c.dir/rosidl_typesupport_introspection_c/rm_referee_msgs/msg/detail/keyboard_mouse_control__type_support.c.o[0m
[35m[1mConsolidate compiler generated dependencies of target rm_referee_msgs__rosidl_typesupport_c[0m
[ 42%] [32mBuilding C object CMakeFiles/rm_referee_msgs__rosidl_typesupport_introspection_c.dir/rosidl_typesupport_introspection_c/rm_referee_msgs/msg/detail/robot_custom_data__type_support.c.o[0m
[ 42%] [32mBuilding CXX object CMakeFiles/rm_referee_msgs__rosidl_typesupport_c.dir/rosidl_typesupport_c/rm_referee_msgs/msg/custom_control__type_support.cpp.o[0m
[ 43%] [32mBuilding C object CMakeFiles/rm_referee_msgs__rosidl_typesupport_introspection_c.dir/rosidl_typesupport_introspection_c/rm_referee_msgs/msg/detail/robot_custom_data2__type_support.c.o[0m
[ 43%] [32mBuilding CXX object CMakeFiles/rm_referee_msgs__rosidl_typesupport_c.dir/rosidl_typesupport_c/rm_referee_msgs/msg/custom_robot_data__type_support.cpp.o[0m
[ 43%] [32mBuilding CXX object CMakeFiles/rm_referee_msgs__rosidl_typesupport_cpp.dir/rosidl_typesupport_cpp/rm_referee_msgs/msg/referee_warning__type_support.cpp.o[0m
[ 43%] [32mBuilding CXX object CMakeFiles/rm_referee_msgs__rosidl_typesupport_fastrtps_cpp.dir/rosidl_typesupport_fastrtps_cpp/rm_referee_msgs/msg/detail/dds_fastrtps/robot_status__type_support.cpp.o[0m
[ 44%] [32mBuilding CXX object CMakeFiles/rm_referee_msgs__rosidl_typesupport_fastrtps_c.dir/rosidl_typesupport_fastrtps_c/rm_referee_msgs/msg/detail/robot_custom_data2__type_support_c.cpp.o[0m
[ 45%] [32mBuilding CXX object CMakeFiles/rm_referee_msgs__rosidl_typesupport_cpp.dir/rosidl_typesupport_cpp/rm_referee_msgs/msg/robot_pos__type_support.cpp.o[0m
[ 45%] [32mBuilding C object CMakeFiles/rm_referee_msgs__rosidl_typesupport_introspection_c.dir/rosidl_typesupport_introspection_c/rm_referee_msgs/msg/detail/buff__type_support.c.o[0m
[ 46%] [32mBuilding CXX object CMakeFiles/rm_referee_msgs__rosidl_typesupport_c.dir/rosidl_typesupport_c/rm_referee_msgs/msg/keyboard_mouse_control__type_support.cpp.o[0m
[ 46%] [32mBuilding CXX object CMakeFiles/rm_referee_msgs__rosidl_typesupport_c.dir/rosidl_typesupport_c/rm_referee_msgs/msg/robot_custom_data__type_support.cpp.o[0m
[ 47%] [32mBuilding CXX object CMakeFiles/rm_referee_msgs__rosidl_typesupport_fastrtps_cpp.dir/rosidl_typesupport_fastrtps_cpp/rm_referee_msgs/msg/detail/dds_fastrtps/sentry_info__type_support.cpp.o[0m
[ 48%] [32mBuilding C object CMakeFiles/rm_referee_msgs__rosidl_typesupport_introspection_c.dir/rosidl_typesupport_introspection_c/rm_referee_msgs/msg/detail/dart_client_cmd__type_support.c.o[0m
[ 48%] [32mBuilding C object CMakeFiles/rm_referee_msgs__rosidl_typesupport_introspection_c.dir/rosidl_typesupport_introspection_c/rm_referee_msgs/msg/detail/dart_info__type_support.c.o[0m
[ 48%] [32mBuilding CXX object CMakeFiles/rm_referee_msgs__rosidl_typesupport_introspection_cpp.dir/rosidl_typesupport_introspection_cpp/rm_referee_msgs/msg/detail/rfid_status__type_support.cpp.o[0m
[ 49%] [32mBuilding CXX object CMakeFiles/rm_referee_msgs__rosidl_typesupport_c.dir/rosidl_typesupport_c/rm_referee_msgs/msg/robot_custom_data2__type_support.cpp.o[0m
[ 50%] [32mBuilding CXX object CMakeFiles/rm_referee_msgs__rosidl_typesupport_introspection_cpp.dir/rosidl_typesupport_introspection_cpp/rm_referee_msgs/msg/detail/radar_info__type_support.cpp.o[0m
[ 50%] [32mBuilding CXX object CMakeFiles/rm_referee_msgs__rosidl_typesupport_fastrtps_c.dir/rosidl_typesupport_fastrtps_c/rm_referee_msgs/msg/detail/buff__type_support_c.cpp.o[0m
[ 50%] [32mBuilding CXX object CMakeFiles/rm_referee_msgs__rosidl_typesupport_cpp.dir/rosidl_typesupport_cpp/rm_referee_msgs/msg/robot_status__type_support.cpp.o[0m
[ 50%] [32mBuilding C object CMakeFiles/rm_referee_msgs__rosidl_typesupport_introspection_c.dir/rosidl_typesupport_introspection_c/rm_referee_msgs/msg/detail/event_data__type_support.c.o[0m
[ 50%] [32mBuilding CXX object CMakeFiles/rm_referee_msgs__rosidl_typesupport_introspection_cpp.dir/rosidl_typesupport_introspection_cpp/rm_referee_msgs/msg/detail/radar_mark_data__type_support.cpp.o[0m
[ 50%] [32mBuilding CXX object CMakeFiles/rm_referee_msgs__rosidl_typesupport_c.dir/rosidl_typesupport_c/rm_referee_msgs/msg/buff__type_support.cpp.o[0m
[ 51%] [32mBuilding CXX object CMakeFiles/rm_referee_msgs__rosidl_typesupport_fastrtps_c.dir/rosidl_typesupport_fastrtps_c/rm_referee_msgs/msg/detail/dart_client_cmd__type_support_c.cpp.o[0m
[ 52%] [32mBuilding C object CMakeFiles/rm_referee_msgs__rosidl_typesupport_introspection_c.dir/rosidl_typesupport_introspection_c/rm_referee_msgs/msg/detail/game_result__type_support.c.o[0m
[ 53%] [32mBuilding CXX object CMakeFiles/rm_referee_msgs__rosidl_typesupport_c.dir/rosidl_typesupport_c/rm_referee_msgs/msg/dart_client_cmd__type_support.cpp.o[0m
[ 53%] [32mBuilding C object CMakeFiles/rm_referee_msgs__rosidl_typesupport_introspection_c.dir/rosidl_typesupport_introspection_c/rm_referee_msgs/msg/detail/game_robot_hp__type_support.c.o[0m
[ 53%] [32mBuilding CXX object CMakeFiles/rm_referee_msgs__rosidl_typesupport_fastrtps_cpp.dir/rosidl_typesupport_fastrtps_cpp/rm_referee_msgs/msg/detail/dds_fastrtps/shoot_data__type_support.cpp.o[0m
[ 53%] [32mBuilding CXX object CMakeFiles/rm_referee_msgs__rosidl_typesupport_c.dir/rosidl_typesupport_c/rm_referee_msgs/msg/dart_info__type_support.cpp.o[0m
[ 53%] [32mBuilding CXX object CMakeFiles/rm_referee_msgs__rosidl_typesupport_introspection_cpp.dir/rosidl_typesupport_introspection_cpp/rm_referee_msgs/msg/detail/referee_warning__type_support.cpp.o[0m
[ 54%] [32mBuilding C object CMakeFiles/rm_referee_msgs__rosidl_typesupport_introspection_c.dir/rosidl_typesupport_introspection_c/rm_referee_msgs/msg/detail/game_status__type_support.c.o[0m
[ 54%] [32mBuilding C object CMakeFiles/rm_referee_msgs__rosidl_typesupport_introspection_c.dir/rosidl_typesupport_introspection_c/rm_referee_msgs/msg/detail/ground_robot_position__type_support.c.o[0m
[ 54%] [32mBuilding CXX object CMakeFiles/rm_referee_msgs__rosidl_typesupport_c.dir/rosidl_typesupport_c/rm_referee_msgs/msg/event_data__type_support.cpp.o[0m
[ 56%] [32mBuilding CXX object CMakeFiles/rm_referee_msgs__rosidl_typesupport_fastrtps_cpp.dir/rosidl_typesupport_fastrtps_cpp/rm_referee_msgs/srv/detail/dds_fastrtps/tx__type_support.cpp.o[0m
[ 56%] [32mBuilding C object CMakeFiles/rm_referee_msgs__rosidl_typesupport_introspection_c.dir/rosidl_typesupport_introspection_c/rm_referee_msgs/msg/detail/hurt_data__type_support.c.o[0m
[ 57%] [32mBuilding CXX object CMakeFiles/rm_referee_msgs__rosidl_typesupport_cpp.dir/rosidl_typesupport_cpp/rm_referee_msgs/msg/sentry_info__type_support.cpp.o[0m
[ 58%] [32mBuilding CXX object CMakeFiles/rm_referee_msgs__rosidl_typesupport_c.dir/rosidl_typesupport_c/rm_referee_msgs/msg/game_result__type_support.cpp.o[0m
[ 58%] [32mBuilding CXX object CMakeFiles/rm_referee_msgs__rosidl_typesupport_fastrtps_c.dir/rosidl_typesupport_fastrtps_c/rm_referee_msgs/msg/detail/dart_info__type_support_c.cpp.o[0m
[ 58%] [32mBuilding C object CMakeFiles/rm_referee_msgs__rosidl_typesupport_introspection_c.dir/rosidl_typesupport_introspection_c/rm_referee_msgs/msg/detail/map_command__type_support.c.o[0m
[ 58%] [32mBuilding CXX object CMakeFiles/rm_referee_msgs__rosidl_typesupport_c.dir/rosidl_typesupport_c/rm_referee_msgs/msg/game_robot_hp__type_support.cpp.o[0m
[ 58%] [32mBuilding C object CMakeFiles/rm_referee_msgs__rosidl_typesupport_introspection_c.dir/rosidl_typesupport_introspection_c/rm_referee_msgs/msg/detail/power_heat_data__type_support.c.o[0m
[ 58%] [32mBuilding CXX object CMakeFiles/rm_referee_msgs__rosidl_typesupport_fastrtps_c.dir/rosidl_typesupport_fastrtps_c/rm_referee_msgs/msg/detail/event_data__type_support_c.cpp.o[0m
[ 59%] [32mBuilding CXX object CMakeFiles/rm_referee_msgs__rosidl_typesupport_c.dir/rosidl_typesupport_c/rm_referee_msgs/msg/game_status__type_support.cpp.o[0m
[ 59%] [32mBuilding CXX object CMakeFiles/rm_referee_msgs__rosidl_typesupport_c.dir/rosidl_typesupport_c/rm_referee_msgs/msg/ground_robot_position__type_support.cpp.o[0m
[ 60%] [32mBuilding C object CMakeFiles/rm_referee_msgs__rosidl_typesupport_introspection_c.dir/rosidl_typesupport_introspection_c/rm_referee_msgs/msg/detail/projectile_allowance__type_support.c.o[0m
[ 60%] [32mBuilding CXX object CMakeFiles/rm_referee_msgs__rosidl_typesupport_cpp.dir/rosidl_typesupport_cpp/rm_referee_msgs/msg/shoot_data__type_support.cpp.o[0m
[ 60%] [32mBuilding C object CMakeFiles/rm_referee_msgs__rosidl_typesupport_introspection_c.dir/rosidl_typesupport_introspection_c/rm_referee_msgs/msg/detail/rfid_status__type_support.c.o[0m
[ 61%] [32mBuilding CXX object CMakeFiles/rm_referee_msgs__rosidl_typesupport_introspection_cpp.dir/rosidl_typesupport_introspection_cpp/rm_referee_msgs/msg/detail/robot_pos__type_support.cpp.o[0m
[ 62%] [32mBuilding C object CMakeFiles/rm_referee_msgs__rosidl_typesupport_introspection_c.dir/rosidl_typesupport_introspection_c/rm_referee_msgs/msg/detail/radar_info__type_support.c.o[0m
[ 63%] [32mBuilding CXX object CMakeFiles/rm_referee_msgs__rosidl_typesupport_c.dir/rosidl_typesupport_c/rm_referee_msgs/msg/hurt_data__type_support.cpp.o[0m
[ 63%] [32mBuilding CXX object CMakeFiles/rm_referee_msgs__rosidl_typesupport_introspection_cpp.dir/rosidl_typesupport_introspection_cpp/rm_referee_msgs/msg/detail/robot_status__type_support.cpp.o[0m
[ 64%] [32mBuilding CXX object CMakeFiles/rm_referee_msgs__rosidl_typesupport_cpp.dir/rosidl_typesupport_cpp/rm_referee_msgs/srv/tx__type_support.cpp.o[0m
[ 64%] [32mBuilding CXX object CMakeFiles/rm_referee_msgs__rosidl_typesupport_c.dir/rosidl_typesupport_c/rm_referee_msgs/msg/map_command__type_support.cpp.o[0m
[ 65%] [32mBuilding CXX object CMakeFiles/rm_referee_msgs__rosidl_typesupport_fastrtps_c.dir/rosidl_typesupport_fastrtps_c/rm_referee_msgs/msg/detail/game_result__type_support_c.cpp.o[0m
[ 65%] [32mBuilding C object CMakeFiles/rm_referee_msgs__rosidl_typesupport_introspection_c.dir/rosidl_typesupport_introspection_c/rm_referee_msgs/msg/detail/radar_mark_data__type_support.c.o[0m
[ 65%] [32mBuilding CXX object CMakeFiles/rm_referee_msgs__rosidl_typesupport_c.dir/rosidl_typesupport_c/rm_referee_msgs/msg/power_heat_data__type_support.cpp.o[0m
[ 65%] [32mBuilding CXX object CMakeFiles/rm_referee_msgs__rosidl_typesupport_fastrtps_c.dir/rosidl_typesupport_fastrtps_c/rm_referee_msgs/msg/detail/game_robot_hp__type_support_c.cpp.o[0m
[ 66%] [32mBuilding CXX object CMakeFiles/rm_referee_msgs__rosidl_typesupport_introspection_cpp.dir/rosidl_typesupport_introspection_cpp/rm_referee_msgs/msg/detail/sentry_info__type_support.cpp.o[0m
[ 67%] [32mBuilding C object CMakeFiles/rm_referee_msgs__rosidl_typesupport_introspection_c.dir/rosidl_typesupport_introspection_c/rm_referee_msgs/msg/detail/referee_warning__type_support.c.o[0m
[ 68%] [32mBuilding CXX object CMakeFiles/rm_referee_msgs__rosidl_typesupport_c.dir/rosidl_typesupport_c/rm_referee_msgs/msg/projectile_allowance__type_support.cpp.o[0m
[ 68%] [32mBuilding CXX object CMakeFiles/rm_referee_msgs__rosidl_typesupport_c.dir/rosidl_typesupport_c/rm_referee_msgs/msg/rfid_status__type_support.cpp.o[0m
[ 68%] [32mBuilding C object CMakeFiles/rm_referee_msgs__rosidl_typesupport_introspection_c.dir/rosidl_typesupport_introspection_c/rm_referee_msgs/msg/detail/robot_pos__type_support.c.o[0m
[ 68%] [32mBuilding C object CMakeFiles/rm_referee_msgs__rosidl_typesupport_introspection_c.dir/rosidl_typesupport_introspection_c/rm_referee_msgs/msg/detail/robot_status__type_support.c.o[0m
[ 69%] [32mBuilding CXX object CMakeFiles/rm_referee_msgs__rosidl_typesupport_fastrtps_c.dir/rosidl_typesupport_fastrtps_c/rm_referee_msgs/msg/detail/game_status__type_support_c.cpp.o[0m
[ 70%] [32mBuilding CXX object CMakeFiles/rm_referee_msgs__rosidl_typesupport_c.dir/rosidl_typesupport_c/rm_referee_msgs/msg/radar_info__type_support.cpp.o[0m
[ 70%] [32mBuilding CXX object CMakeFiles/rm_referee_msgs__rosidl_typesupport_fastrtps_c.dir/rosidl_typesupport_fastrtps_c/rm_referee_msgs/msg/detail/ground_robot_position__type_support_c.cpp.o[0m
[ 70%] [32mBuilding CXX object CMakeFiles/rm_referee_msgs__rosidl_typesupport_introspection_cpp.dir/rosidl_typesupport_introspection_cpp/rm_referee_msgs/msg/detail/shoot_data__type_support.cpp.o[0m
[ 71%] [32mBuilding C object CMakeFiles/rm_referee_msgs__rosidl_typesupport_introspection_c.dir/rosidl_typesupport_introspection_c/rm_referee_msgs/msg/detail/sentry_info__type_support.c.o[0m
[ 71%] [32mBuilding CXX object CMakeFiles/rm_referee_msgs__rosidl_typesupport_c.dir/rosidl_typesupport_c/rm_referee_msgs/msg/radar_mark_data__type_support.cpp.o[0m
[ 72%] [32mBuilding CXX object CMakeFiles/rm_referee_msgs__rosidl_typesupport_fastrtps_c.dir/rosidl_typesupport_fastrtps_c/rm_referee_msgs/msg/detail/hurt_data__type_support_c.cpp.o[0m
[ 72%] [32mBuilding C object CMakeFiles/rm_referee_msgs__rosidl_typesupport_introspection_c.dir/rosidl_typesupport_introspection_c/rm_referee_msgs/msg/detail/shoot_data__type_support.c.o[0m
[ 72%] [32mBuilding CXX object CMakeFiles/rm_referee_msgs__rosidl_typesupport_fastrtps_c.dir/rosidl_typesupport_fastrtps_c/rm_referee_msgs/msg/detail/map_command__type_support_c.cpp.o[0m
[ 73%] [32mBuilding CXX object CMakeFiles/rm_referee_msgs__rosidl_typesupport_c.dir/rosidl_typesupport_c/rm_referee_msgs/msg/referee_warning__type_support.cpp.o[0m
[ 74%] [32mBuilding C object CMakeFiles/rm_referee_msgs__rosidl_typesupport_introspection_c.dir/rosidl_typesupport_introspection_c/rm_referee_msgs/srv/detail/tx__type_support.c.o[0m
[ 74%] [32mBuilding CXX object CMakeFiles/rm_referee_msgs__rosidl_typesupport_fastrtps_c.dir/rosidl_typesupport_fastrtps_c/rm_referee_msgs/msg/detail/power_heat_data__type_support_c.cpp.o[0m
[ 74%] [32mBuilding CXX object CMakeFiles/rm_referee_msgs__rosidl_typesupport_c.dir/rosidl_typesupport_c/rm_referee_msgs/msg/robot_pos__type_support.cpp.o[0m
[ 74%] [32m[1mLinking C shared library librm_referee_msgs__rosidl_typesupport_introspection_c.so[0m
[ 74%] [32m[1mLinking CXX shared library librm_referee_msgs__rosidl_typesupport_cpp.so[0m
[ 74%] [32mBuilding CXX object CMakeFiles/rm_referee_msgs__rosidl_typesupport_c.dir/rosidl_typesupport_c/rm_referee_msgs/msg/robot_status__type_support.cpp.o[0m
[ 75%] [32mBuilding CXX object CMakeFiles/rm_referee_msgs__rosidl_typesupport_introspection_cpp.dir/rosidl_typesupport_introspection_cpp/rm_referee_msgs/srv/detail/tx__type_support.cpp.o[0m
[ 76%] [32mBuilding CXX object CMakeFiles/rm_referee_msgs__rosidl_typesupport_c.dir/rosidl_typesupport_c/rm_referee_msgs/msg/sentry_info__type_support.cpp.o[0m
[ 77%] Built target rm_referee_msgs__rosidl_typesupport_introspection_c
[ 78%] [32mBuilding CXX object CMakeFiles/rm_referee_msgs__rosidl_typesupport_fastrtps_c.dir/rosidl_typesupport_fastrtps_c/rm_referee_msgs/msg/detail/projectile_allowance__type_support_c.cpp.o[0m
[ 78%] [32mBuilding CXX object CMakeFiles/rm_referee_msgs__rosidl_typesupport_c.dir/rosidl_typesupport_c/rm_referee_msgs/msg/shoot_data__type_support.cpp.o[0m
[ 79%] [32mBuilding CXX object CMakeFiles/rm_referee_msgs__rosidl_typesupport_c.dir/rosidl_typesupport_c/rm_referee_msgs/srv/tx__type_support.cpp.o[0m
[ 79%] [32mBuilding CXX object CMakeFiles/rm_referee_msgs__rosidl_typesupport_fastrtps_c.dir/rosidl_typesupport_fastrtps_c/rm_referee_msgs/msg/detail/rfid_status__type_support_c.cpp.o[0m
[ 79%] [32m[1mLinking CXX shared library librm_referee_msgs__rosidl_typesupport_fastrtps_cpp.so[0m
[ 79%] Built target rm_referee_msgs__rosidl_typesupport_cpp
[ 79%] [32m[1mLinking CXX shared library librm_referee_msgs__rosidl_typesupport_c.so[0m
[ 80%] [32mBuilding CXX object CMakeFiles/rm_referee_msgs__rosidl_typesupport_fastrtps_c.dir/rosidl_typesupport_fastrtps_c/rm_referee_msgs/msg/detail/radar_info__type_support_c.cpp.o[0m
[ 80%] [32mBuilding CXX object CMakeFiles/rm_referee_msgs__rosidl_typesupport_fastrtps_c.dir/rosidl_typesupport_fastrtps_c/rm_referee_msgs/msg/detail/radar_mark_data__type_support_c.cpp.o[0m
[ 81%] [32mBuilding CXX object CMakeFiles/rm_referee_msgs__rosidl_typesupport_fastrtps_c.dir/rosidl_typesupport_fastrtps_c/rm_referee_msgs/msg/detail/referee_warning__type_support_c.cpp.o[0m
[ 82%] Built target rm_referee_msgs__rosidl_typesupport_c
[ 82%] [32mBuilding CXX object CMakeFiles/rm_referee_msgs__rosidl_typesupport_fastrtps_c.dir/rosidl_typesupport_fastrtps_c/rm_referee_msgs/msg/detail/robot_pos__type_support_c.cpp.o[0m
[ 82%] [32mBuilding CXX object CMakeFiles/rm_referee_msgs__rosidl_typesupport_fastrtps_c.dir/rosidl_typesupport_fastrtps_c/rm_referee_msgs/msg/detail/robot_status__type_support_c.cpp.o[0m
[ 83%] [32mBuilding CXX object CMakeFiles/rm_referee_msgs__rosidl_typesupport_fastrtps_c.dir/rosidl_typesupport_fastrtps_c/rm_referee_msgs/msg/detail/sentry_info__type_support_c.cpp.o[0m
[ 83%] Built target rm_referee_msgs__rosidl_typesupport_fastrtps_cpp
[ 84%] [32mBuilding CXX object CMakeFiles/rm_referee_msgs__rosidl_typesupport_fastrtps_c.dir/rosidl_typesupport_fastrtps_c/rm_referee_msgs/srv/detail/tx__type_support_c.cpp.o[0m
[ 84%] [32mBuilding CXX object CMakeFiles/rm_referee_msgs__rosidl_typesupport_fastrtps_c.dir/rosidl_typesupport_fastrtps_c/rm_referee_msgs/msg/detail/shoot_data__type_support_c.cpp.o[0m
[ 84%] [32m[1mLinking CXX shared library librm_referee_msgs__rosidl_typesupport_introspection_cpp.so[0m
[ 84%] [32m[1mLinking CXX shared library librm_referee_msgs__rosidl_typesupport_fastrtps_c.so[0m
[ 85%] Built target rm_referee_msgs__rosidl_typesupport_fastrtps_c
[ 85%] Built target rm_referee_msgs__rosidl_typesupport_introspection_cpp
[ 85%] Built target rm_referee_msgs
[ 85%] Built target rm_referee_msgs__py
[35m[1mConsolidate compiler generated dependencies of target rm_referee_msgs__rosidl_generator_py[0m
[ 85%] [32mBuilding C object CMakeFiles/rm_referee_msgs__rosidl_generator_py.dir/rosidl_generator_py/rm_referee_msgs/msg/_robot_custom_data_s.c.o[0m
[ 86%] [32mBuilding C object CMakeFiles/rm_referee_msgs__rosidl_generator_py.dir/rosidl_generator_py/rm_referee_msgs/msg/_keyboard_mouse_control_s.c.o[0m
[ 87%] [32mBuilding C object CMakeFiles/rm_referee_msgs__rosidl_generator_py.dir/rosidl_generator_py/rm_referee_msgs/msg/_custom_control_s.c.o[0m
[ 88%] [32mBuilding C object CMakeFiles/rm_referee_msgs__rosidl_generator_py.dir/rosidl_generator_py/rm_referee_msgs/msg/_dart_client_cmd_s.c.o[0m
[ 87%] [32mBuilding C object CMakeFiles/rm_referee_msgs__rosidl_generator_py.dir/rosidl_generator_py/rm_referee_msgs/msg/_custom_robot_data_s.c.o[0m
[ 88%] [32mBuilding C object CMakeFiles/rm_referee_msgs__rosidl_generator_py.dir/rosidl_generator_py/rm_referee_msgs/msg/_buff_s.c.o[0m
[ 88%] [32mBuilding C object CMakeFiles/rm_referee_msgs__rosidl_generator_py.dir/rosidl_generator_py/rm_referee_msgs/msg/_robot_custom_data2_s.c.o[0m
[ 90%] [32mBuilding C object CMakeFiles/rm_referee_msgs__rosidl_generator_py.dir/rosidl_generator_py/rm_referee_msgs/msg/_game_result_s.c.o[0m
[ 90%] [32mBuilding C object CMakeFiles/rm_referee_msgs__rosidl_generator_py.dir/rosidl_generator_py/rm_referee_msgs/msg/_dart_info_s.c.o[0m
[ 90%] [32mBuilding C object CMakeFiles/rm_referee_msgs__rosidl_generator_py.dir/rosidl_generator_py/rm_referee_msgs/msg/_event_data_s.c.o[0m
[ 90%] [32mBuilding C object CMakeFiles/rm_referee_msgs__rosidl_generator_py.dir/rosidl_generator_py/rm_referee_msgs/msg/_game_robot_hp_s.c.o[0m
[ 90%] [32mBuilding C object CMakeFiles/rm_referee_msgs__rosidl_generator_py.dir/rosidl_generator_py/rm_referee_msgs/msg/_ground_robot_position_s.c.o[0m
[ 91%] [32mBuilding C object CMakeFiles/rm_referee_msgs__rosidl_generator_py.dir/rosidl_generator_py/rm_referee_msgs/msg/_game_status_s.c.o[0m
[ 91%] [32mBuilding C object CMakeFiles/rm_referee_msgs__rosidl_generator_py.dir/rosidl_generator_py/rm_referee_msgs/msg/_hurt_data_s.c.o[0m
[ 92%] [32mBuilding C object CMakeFiles/rm_referee_msgs__rosidl_generator_py.dir/rosidl_generator_py/rm_referee_msgs/msg/_map_command_s.c.o[0m
[ 92%] [32mBuilding C object CMakeFiles/rm_referee_msgs__rosidl_generator_py.dir/rosidl_generator_py/rm_referee_msgs/msg/_power_heat_data_s.c.o[0m
[ 93%] [32mBuilding C object CMakeFiles/rm_referee_msgs__rosidl_generator_py.dir/rosidl_generator_py/rm_referee_msgs/msg/_robot_pos_s.c.o[0m
[ 94%] [32mBuilding C object CMakeFiles/rm_referee_msgs__rosidl_generator_py.dir/rosidl_generator_py/rm_referee_msgs/msg/_projectile_allowance_s.c.o[0m
[ 93%] [32mBuilding C object CMakeFiles/rm_referee_msgs__rosidl_generator_py.dir/rosidl_generator_py/rm_referee_msgs/msg/_rfid_status_s.c.o[0m
[ 95%] [32mBuilding C object CMakeFiles/rm_referee_msgs__rosidl_generator_py.dir/rosidl_generator_py/rm_referee_msgs/msg/_radar_info_s.c.o[0m
[ 95%] [32mBuilding C object CMakeFiles/rm_referee_msgs__rosidl_generator_py.dir/rosidl_generator_py/rm_referee_msgs/msg/_referee_warning_s.c.o[0m
[ 95%] [32mBuilding C object CMakeFiles/rm_referee_msgs__rosidl_generator_py.dir/rosidl_generator_py/rm_referee_msgs/msg/_radar_mark_data_s.c.o[0m
[ 95%] [32mBuilding C object CMakeFiles/rm_referee_msgs__rosidl_generator_py.dir/rosidl_generator_py/rm_referee_msgs/msg/_robot_status_s.c.o[0m
[ 95%] [32mBuilding C object CMakeFiles/rm_referee_msgs__rosidl_generator_py.dir/rosidl_generator_py/rm_referee_msgs/msg/_shoot_data_s.c.o[0m
[ 96%] [32mBuilding C object CMakeFiles/rm_referee_msgs__rosidl_generator_py.dir/rosidl_generator_py/rm_referee_msgs/srv/_tx_s.c.o[0m
[ 97%] [32mBuilding C object CMakeFiles/rm_referee_msgs__rosidl_generator_py.dir/rosidl_generator_py/rm_referee_msgs/msg/_sentry_info_s.c.o[0m
[ 97%] [32m[1mLinking C shared library rosidl_generator_py/rm_referee_msgs/librm_referee_msgs__rosidl_generator_py.so[0m
[ 97%] Built target rm_referee_msgs__rosidl_generator_py
[35m[1mConsolidate compiler generated dependencies of target rm_referee_msgs__rosidl_typesupport_introspection_c__pyext[0m
[35m[1mConsolidate compiler generated dependencies of target rm_referee_msgs__rosidl_typesupport_fastrtps_c__pyext[0m
[35m[1mConsolidate compiler generated dependencies of target rm_referee_msgs__rosidl_typesupport_c__pyext[0m
[ 99%] [32mBuilding C object CMakeFiles/rm_referee_msgs__rosidl_typesupport_c__pyext.dir/rosidl_generator_py/rm_referee_msgs/_rm_referee_msgs_s.ep.rosidl_typesupport_c.c.o[0m
[ 99%] [32mBuilding C object CMakeFiles/rm_referee_msgs__rosidl_typesupport_fastrtps_c__pyext.dir/rosidl_generator_py/rm_referee_msgs/_rm_referee_msgs_s.ep.rosidl_typesupport_fastrtps_c.c.o[0m
[100%] [32mBuilding C object CMakeFiles/rm_referee_msgs__rosidl_typesupport_introspection_c__pyext.dir/rosidl_generator_py/rm_referee_msgs/_rm_referee_msgs_s.ep.rosidl_typesupport_introspection_c.c.o[0m
