[0.038s] Invoking command in '/home/chen/sentry_try/sentry_ws/build/rm_referee_msgs': CMAKE_PREFIX_PATH=${CMAKE_PREFIX_PATH}:/opt/ros/humble /usr/bin/cmake /home/chen/sentry_try/sentry_ws/src/rm_referee_ros2/rm_referee_msgs -DCMAKE_BUILD_TYPE=Release -DCMAKE_INSTALL_PREFIX=/home/chen/sentry_try/sentry_ws/install/rm_referee_msgs
[0.059s] -- Found ament_cmake: 1.3.14 (/opt/ros/humble/share/ament_cmake/cmake)
[0.182s] -- Found std_msgs: 4.9.1 (/opt/ros/humble/share/std_msgs/cmake)
[0.204s] -- Found rosidl_generator_c: 3.1.9 (/opt/ros/humble/share/rosidl_generator_c/cmake)
[0.205s] -- Found rosidl_adapter: 3.1.9 (/opt/ros/humble/share/rosidl_adapter/cmake)
[0.210s] -- Found rosidl_generator_cpp: 3.1.9 (/opt/ros/humble/share/rosidl_generator_cpp/cmake)
[0.216s] -- Using all available rosidl_typesupport_c: rosidl_typesupport_fastrtps_c;rosidl_typesupport_introspection_c
[0.225s] -- Using all available rosidl_typesupport_cpp: rosidl_typesupport_fastrtps_cpp;rosidl_typesupport_introspection_cpp
[0.242s] -- Found rosidl_default_generators: 1.2.1 (/opt/ros/humble/share/rosidl_default_generators/cmake)
[0.599s] -- Found ament_cmake_ros: 0.10.0 (/opt/ros/humble/share/ament_cmake_ros/cmake)
[0.952s] -- Using all available rosidl_typesupport_c: rosidl_typesupport_fastrtps_c;rosidl_typesupport_introspection_c
[1.125s] -- Using all available rosidl_typesupport_cpp: rosidl_typesupport_fastrtps_cpp;rosidl_typesupport_introspection_cpp
[1.149s] -- Found python_cmake_module: 0.10.0 (/opt/ros/humble/share/python_cmake_module/cmake)
[1.172s] -- Using PYTHON_EXECUTABLE: /usr/bin/python3
[1.173s] -- Using PYTHON_INCLUDE_DIRS: /usr/include/python3.10
[1.173s] -- Using PYTHON_LIBRARIES: /usr/lib/x86_64-linux-gnu/libpython3.10.so
[1.328s] -- Configuring done
[1.513s] -- Generating done
[1.544s] -- Build files have been written to: /home/chen/sentry_try/sentry_ws/build/rm_referee_msgs
[1.566s] Invoked command in '/home/chen/sentry_try/sentry_ws/build/rm_referee_msgs' returned '0': CMAKE_PREFIX_PATH=${CMAKE_PREFIX_PATH}:/opt/ros/humble /usr/bin/cmake /home/chen/sentry_try/sentry_ws/src/rm_referee_ros2/rm_referee_msgs -DCMAKE_BUILD_TYPE=Release -DCMAKE_INSTALL_PREFIX=/home/chen/sentry_try/sentry_ws/install/rm_referee_msgs
[1.576s] Invoking command in '/home/chen/sentry_try/sentry_ws/build/rm_referee_msgs': CMAKE_PREFIX_PATH=${CMAKE_PREFIX_PATH}:/opt/ros/humble /usr/bin/cmake --build /home/chen/sentry_try/sentry_ws/build/rm_referee_msgs -- -j16 -l16
[1.739s] [35m[1mConsolidate compiler generated dependencies of target rm_referee_msgs__rosidl_generator_c[0m
[1.752s] [  1%] Built target rm_referee_msgs__rs
[1.777s] [  1%] Built target rm_referee_msgs__cpp
[1.785s] [  2%] [32mBuilding C object CMakeFiles/rm_referee_msgs__rosidl_generator_c.dir/rosidl_generator_c/rm_referee_msgs/msg/detail/custom_robot_data__functions.c.o[0m
[1.788s] [  3%] [32mBuilding C object CMakeFiles/rm_referee_msgs__rosidl_generator_c.dir/rosidl_generator_c/rm_referee_msgs/msg/detail/robot_custom_data__functions.c.o[0m
[1.788s] [  3%] [32mBuilding C object CMakeFiles/rm_referee_msgs__rosidl_generator_c.dir/rosidl_generator_c/rm_referee_msgs/msg/detail/robot_custom_data2__functions.c.o[0m
[1.801s] [  3%] [32mBuilding C object CMakeFiles/rm_referee_msgs__rosidl_generator_c.dir/rosidl_generator_c/rm_referee_msgs/msg/detail/custom_control__functions.c.o[0m
[1.801s] [  3%] [32mBuilding C object CMakeFiles/rm_referee_msgs__rosidl_generator_c.dir/rosidl_generator_c/rm_referee_msgs/msg/detail/buff__functions.c.o[0m
[1.801s] [  3%] [32mBuilding C object CMakeFiles/rm_referee_msgs__rosidl_generator_c.dir/rosidl_generator_c/rm_referee_msgs/msg/detail/keyboard_mouse_control__functions.c.o[0m
[1.811s] [  3%] Built target ament_cmake_python_copy_rm_referee_msgs
[1.811s] [  4%] [32mBuilding C object CMakeFiles/rm_referee_msgs__rosidl_generator_c.dir/rosidl_generator_c/rm_referee_msgs/msg/detail/dart_client_cmd__functions.c.o[0m
[1.811s] [  5%] [32mBuilding C object CMakeFiles/rm_referee_msgs__rosidl_generator_c.dir/rosidl_generator_c/rm_referee_msgs/msg/detail/event_data__functions.c.o[0m
[1.814s] [  5%] [32mBuilding C object CMakeFiles/rm_referee_msgs__rosidl_generator_c.dir/rosidl_generator_c/rm_referee_msgs/msg/detail/game_result__functions.c.o[0m
[1.814s] [  5%] [32mBuilding C object CMakeFiles/rm_referee_msgs__rosidl_generator_c.dir/rosidl_generator_c/rm_referee_msgs/msg/detail/dart_info__functions.c.o[0m
[1.819s] [  5%] [32mBuilding C object CMakeFiles/rm_referee_msgs__rosidl_generator_c.dir/rosidl_generator_c/rm_referee_msgs/msg/detail/game_status__functions.c.o[0m
[1.828s] [35m[1mConsolidate compiler generated dependencies of target rm_referee_msgs__rosidl_typesupport_cpp[0m
[1.837s] [  6%] [32mBuilding C object CMakeFiles/rm_referee_msgs__rosidl_generator_c.dir/rosidl_generator_c/rm_referee_msgs/msg/detail/game_robot_hp__functions.c.o[0m
[1.840s] [35m[1mConsolidate compiler generated dependencies of target rm_referee_msgs__rosidl_typesupport_introspection_cpp[0m
[1.848s] [35m[1mConsolidate compiler generated dependencies of target rm_referee_msgs__rosidl_typesupport_fastrtps_cpp[0m
[1.912s] [  7%] [32mBuilding CXX object CMakeFiles/rm_referee_msgs__rosidl_typesupport_cpp.dir/rosidl_typesupport_cpp/rm_referee_msgs/msg/custom_control__type_support.cpp.o[0m
[1.948s] [  8%] [32mBuilding CXX object CMakeFiles/rm_referee_msgs__rosidl_typesupport_introspection_cpp.dir/rosidl_typesupport_introspection_cpp/rm_referee_msgs/msg/detail/custom_control__type_support.cpp.o[0m
[1.954s] [  9%] [32mBuilding CXX object CMakeFiles/rm_referee_msgs__rosidl_typesupport_fastrtps_cpp.dir/rosidl_typesupport_fastrtps_cpp/rm_referee_msgs/msg/detail/dds_fastrtps/custom_control__type_support.cpp.o[0m
[2.038s] [  9%] [32mBuilding CXX object CMakeFiles/rm_referee_msgs__rosidl_typesupport_fastrtps_cpp.dir/rosidl_typesupport_fastrtps_cpp/rm_referee_msgs/msg/detail/dds_fastrtps/custom_robot_data__type_support.cpp.o[0m
[2.052s] [ 10%] [32mBuilding CXX object CMakeFiles/rm_referee_msgs__rosidl_typesupport_fastrtps_cpp.dir/rosidl_typesupport_fastrtps_cpp/rm_referee_msgs/msg/detail/dds_fastrtps/keyboard_mouse_control__type_support.cpp.o[0m
[2.060s] [ 10%] [32mBuilding CXX object CMakeFiles/rm_referee_msgs__rosidl_typesupport_introspection_cpp.dir/rosidl_typesupport_introspection_cpp/rm_referee_msgs/msg/detail/custom_robot_data__type_support.cpp.o[0m
[2.072s] [ 10%] [32mBuilding CXX object CMakeFiles/rm_referee_msgs__rosidl_typesupport_cpp.dir/rosidl_typesupport_cpp/rm_referee_msgs/msg/custom_robot_data__type_support.cpp.o[0m
[2.076s] [ 10%] [32mBuilding C object CMakeFiles/rm_referee_msgs__rosidl_generator_c.dir/rosidl_generator_c/rm_referee_msgs/msg/detail/ground_robot_position__functions.c.o[0m
[2.097s] [ 11%] [32mBuilding C object CMakeFiles/rm_referee_msgs__rosidl_generator_c.dir/rosidl_generator_c/rm_referee_msgs/msg/detail/hurt_data__functions.c.o[0m
[2.105s] [ 11%] [32mBuilding CXX object CMakeFiles/rm_referee_msgs__rosidl_typesupport_fastrtps_cpp.dir/rosidl_typesupport_fastrtps_cpp/rm_referee_msgs/msg/detail/dds_fastrtps/robot_custom_data__type_support.cpp.o[0m
[2.109s] [ 12%] [32mBuilding CXX object CMakeFiles/rm_referee_msgs__rosidl_typesupport_cpp.dir/rosidl_typesupport_cpp/rm_referee_msgs/msg/keyboard_mouse_control__type_support.cpp.o[0m
[2.116s] [ 12%] [32mBuilding C object CMakeFiles/rm_referee_msgs__rosidl_generator_c.dir/rosidl_generator_c/rm_referee_msgs/msg/detail/map_command__functions.c.o[0m
[2.116s] [ 13%] [32mBuilding CXX object CMakeFiles/rm_referee_msgs__rosidl_typesupport_fastrtps_cpp.dir/rosidl_typesupport_fastrtps_cpp/rm_referee_msgs/msg/detail/dds_fastrtps/robot_custom_data2__type_support.cpp.o[0m
[2.133s] [ 13%] [32mBuilding CXX object CMakeFiles/rm_referee_msgs__rosidl_typesupport_fastrtps_cpp.dir/rosidl_typesupport_fastrtps_cpp/rm_referee_msgs/msg/detail/dds_fastrtps/buff__type_support.cpp.o[0m
[2.135s] [ 13%] [32mBuilding CXX object CMakeFiles/rm_referee_msgs__rosidl_typesupport_fastrtps_cpp.dir/rosidl_typesupport_fastrtps_cpp/rm_referee_msgs/msg/detail/dds_fastrtps/dart_client_cmd__type_support.cpp.o[0m
[2.319s] [ 14%] [32mBuilding CXX object CMakeFiles/rm_referee_msgs__rosidl_typesupport_fastrtps_cpp.dir/rosidl_typesupport_fastrtps_cpp/rm_referee_msgs/msg/detail/dds_fastrtps/dart_info__type_support.cpp.o[0m
[2.380s] running egg_info
[2.381s] writing rm_referee_msgs.egg-info/PKG-INFO
[2.381s] writing dependency_links to rm_referee_msgs.egg-info/dependency_links.txt
[2.381s] writing top-level names to rm_referee_msgs.egg-info/top_level.txt
[2.386s] reading manifest file 'rm_referee_msgs.egg-info/SOURCES.txt'
[2.387s] writing manifest file 'rm_referee_msgs.egg-info/SOURCES.txt'
[2.397s] [ 15%] [32mBuilding C object CMakeFiles/rm_referee_msgs__rosidl_generator_c.dir/rosidl_generator_c/rm_referee_msgs/msg/detail/power_heat_data__functions.c.o[0m
[2.397s] [ 15%] [32mBuilding CXX object CMakeFiles/rm_referee_msgs__rosidl_typesupport_fastrtps_cpp.dir/rosidl_typesupport_fastrtps_cpp/rm_referee_msgs/msg/detail/dds_fastrtps/event_data__type_support.cpp.o[0m
[2.470s] [ 15%] Built target ament_cmake_python_build_rm_referee_msgs_egg
[2.499s] [ 15%] [32mBuilding C object CMakeFiles/rm_referee_msgs__rosidl_generator_c.dir/rosidl_generator_c/rm_referee_msgs/msg/detail/projectile_allowance__functions.c.o[0m
[2.545s] [ 15%] [32mBuilding CXX object CMakeFiles/rm_referee_msgs__rosidl_typesupport_cpp.dir/rosidl_typesupport_cpp/rm_referee_msgs/msg/robot_custom_data__type_support.cpp.o[0m
[2.616s] [ 16%] [32mBuilding CXX object CMakeFiles/rm_referee_msgs__rosidl_typesupport_fastrtps_cpp.dir/rosidl_typesupport_fastrtps_cpp/rm_referee_msgs/msg/detail/dds_fastrtps/game_result__type_support.cpp.o[0m
[2.728s] [ 17%] [32mBuilding C object CMakeFiles/rm_referee_msgs__rosidl_generator_c.dir/rosidl_generator_c/rm_referee_msgs/msg/detail/rfid_status__functions.c.o[0m
[2.737s] [ 18%] [32mBuilding CXX object CMakeFiles/rm_referee_msgs__rosidl_typesupport_introspection_cpp.dir/rosidl_typesupport_introspection_cpp/rm_referee_msgs/msg/detail/keyboard_mouse_control__type_support.cpp.o[0m
[2.737s] [ 18%] [32mBuilding C object CMakeFiles/rm_referee_msgs__rosidl_generator_c.dir/rosidl_generator_c/rm_referee_msgs/msg/detail/radar_info__functions.c.o[0m
[2.785s] [ 19%] [32mBuilding CXX object CMakeFiles/rm_referee_msgs__rosidl_typesupport_cpp.dir/rosidl_typesupport_cpp/rm_referee_msgs/msg/robot_custom_data2__type_support.cpp.o[0m
[2.893s] [ 19%] [32mBuilding CXX object CMakeFiles/rm_referee_msgs__rosidl_typesupport_fastrtps_cpp.dir/rosidl_typesupport_fastrtps_cpp/rm_referee_msgs/msg/detail/dds_fastrtps/game_robot_hp__type_support.cpp.o[0m
[2.931s] [ 19%] [32mBuilding C object CMakeFiles/rm_referee_msgs__rosidl_generator_c.dir/rosidl_generator_c/rm_referee_msgs/msg/detail/radar_mark_data__functions.c.o[0m
[2.935s] [ 20%] [32mBuilding C object CMakeFiles/rm_referee_msgs__rosidl_generator_c.dir/rosidl_generator_c/rm_referee_msgs/msg/detail/referee_warning__functions.c.o[0m
[2.936s] [ 20%] [32mBuilding CXX object CMakeFiles/rm_referee_msgs__rosidl_typesupport_introspection_cpp.dir/rosidl_typesupport_introspection_cpp/rm_referee_msgs/msg/detail/robot_custom_data__type_support.cpp.o[0m
[2.961s] [ 20%] [32mBuilding CXX object CMakeFiles/rm_referee_msgs__rosidl_typesupport_cpp.dir/rosidl_typesupport_cpp/rm_referee_msgs/msg/buff__type_support.cpp.o[0m
[3.002s] [ 21%] [32mBuilding CXX object CMakeFiles/rm_referee_msgs__rosidl_typesupport_fastrtps_cpp.dir/rosidl_typesupport_fastrtps_cpp/rm_referee_msgs/msg/detail/dds_fastrtps/game_status__type_support.cpp.o[0m
[3.012s] [ 22%] [32mBuilding CXX object CMakeFiles/rm_referee_msgs__rosidl_typesupport_introspection_cpp.dir/rosidl_typesupport_introspection_cpp/rm_referee_msgs/msg/detail/robot_custom_data2__type_support.cpp.o[0m
[3.021s] [ 22%] [32mBuilding CXX object CMakeFiles/rm_referee_msgs__rosidl_typesupport_fastrtps_cpp.dir/rosidl_typesupport_fastrtps_cpp/rm_referee_msgs/msg/detail/dds_fastrtps/ground_robot_position__type_support.cpp.o[0m
[3.041s] [ 22%] [32mBuilding CXX object CMakeFiles/rm_referee_msgs__rosidl_typesupport_cpp.dir/rosidl_typesupport_cpp/rm_referee_msgs/msg/dart_client_cmd__type_support.cpp.o[0m
[3.044s] [ 22%] [32mBuilding CXX object CMakeFiles/rm_referee_msgs__rosidl_typesupport_introspection_cpp.dir/rosidl_typesupport_introspection_cpp/rm_referee_msgs/msg/detail/buff__type_support.cpp.o[0m
[3.076s] [ 22%] [32mBuilding CXX object CMakeFiles/rm_referee_msgs__rosidl_typesupport_introspection_cpp.dir/rosidl_typesupport_introspection_cpp/rm_referee_msgs/msg/detail/dart_client_cmd__type_support.cpp.o[0m
[3.103s] [ 23%] [32mBuilding CXX object CMakeFiles/rm_referee_msgs__rosidl_typesupport_cpp.dir/rosidl_typesupport_cpp/rm_referee_msgs/msg/dart_info__type_support.cpp.o[0m
[3.113s] [ 23%] [32mBuilding C object CMakeFiles/rm_referee_msgs__rosidl_generator_c.dir/rosidl_generator_c/rm_referee_msgs/msg/detail/robot_pos__functions.c.o[0m
[3.177s] [ 23%] [32mBuilding CXX object CMakeFiles/rm_referee_msgs__rosidl_typesupport_cpp.dir/rosidl_typesupport_cpp/rm_referee_msgs/msg/event_data__type_support.cpp.o[0m
[3.213s] [ 24%] [32mBuilding CXX object CMakeFiles/rm_referee_msgs__rosidl_typesupport_cpp.dir/rosidl_typesupport_cpp/rm_referee_msgs/msg/game_result__type_support.cpp.o[0m
[3.339s] [ 24%] [32mBuilding CXX object CMakeFiles/rm_referee_msgs__rosidl_typesupport_fastrtps_cpp.dir/rosidl_typesupport_fastrtps_cpp/rm_referee_msgs/msg/detail/dds_fastrtps/hurt_data__type_support.cpp.o[0m
[3.352s] [ 25%] [32mBuilding CXX object CMakeFiles/rm_referee_msgs__rosidl_typesupport_introspection_cpp.dir/rosidl_typesupport_introspection_cpp/rm_referee_msgs/msg/detail/dart_info__type_support.cpp.o[0m
[3.360s] [ 26%] [32mBuilding C object CMakeFiles/rm_referee_msgs__rosidl_generator_c.dir/rosidl_generator_c/rm_referee_msgs/msg/detail/robot_status__functions.c.o[0m
[3.526s] [ 26%] [32mBuilding C object CMakeFiles/rm_referee_msgs__rosidl_generator_c.dir/rosidl_generator_c/rm_referee_msgs/msg/detail/sentry_info__functions.c.o[0m
[3.566s] [ 26%] [32mBuilding CXX object CMakeFiles/rm_referee_msgs__rosidl_typesupport_cpp.dir/rosidl_typesupport_cpp/rm_referee_msgs/msg/game_robot_hp__type_support.cpp.o[0m
[3.586s] [ 27%] [32mBuilding CXX object CMakeFiles/rm_referee_msgs__rosidl_typesupport_fastrtps_cpp.dir/rosidl_typesupport_fastrtps_cpp/rm_referee_msgs/msg/detail/dds_fastrtps/map_command__type_support.cpp.o[0m
[3.605s] [ 27%] [32mBuilding CXX object CMakeFiles/rm_referee_msgs__rosidl_typesupport_introspection_cpp.dir/rosidl_typesupport_introspection_cpp/rm_referee_msgs/msg/detail/event_data__type_support.cpp.o[0m
[3.678s] [ 28%] [32mBuilding CXX object CMakeFiles/rm_referee_msgs__rosidl_typesupport_cpp.dir/rosidl_typesupport_cpp/rm_referee_msgs/msg/game_status__type_support.cpp.o[0m
[3.688s] [ 29%] [32mBuilding C object CMakeFiles/rm_referee_msgs__rosidl_generator_c.dir/rosidl_generator_c/rm_referee_msgs/msg/detail/shoot_data__functions.c.o[0m
[3.717s] [ 29%] [32mBuilding CXX object CMakeFiles/rm_referee_msgs__rosidl_typesupport_fastrtps_cpp.dir/rosidl_typesupport_fastrtps_cpp/rm_referee_msgs/msg/detail/dds_fastrtps/power_heat_data__type_support.cpp.o[0m
[3.806s] [ 29%] [32mBuilding C object CMakeFiles/rm_referee_msgs__rosidl_generator_c.dir/rosidl_generator_c/rm_referee_msgs/srv/detail/tx__functions.c.o[0m
[3.820s] [ 29%] [32mBuilding CXX object CMakeFiles/rm_referee_msgs__rosidl_typesupport_cpp.dir/rosidl_typesupport_cpp/rm_referee_msgs/msg/ground_robot_position__type_support.cpp.o[0m
[3.853s] [ 30%] [32mBuilding CXX object CMakeFiles/rm_referee_msgs__rosidl_typesupport_fastrtps_cpp.dir/rosidl_typesupport_fastrtps_cpp/rm_referee_msgs/msg/detail/dds_fastrtps/projectile_allowance__type_support.cpp.o[0m
[3.891s] [ 31%] [32mBuilding CXX object CMakeFiles/rm_referee_msgs__rosidl_typesupport_introspection_cpp.dir/rosidl_typesupport_introspection_cpp/rm_referee_msgs/msg/detail/game_result__type_support.cpp.o[0m
[3.895s] [ 31%] [32mBuilding CXX object CMakeFiles/rm_referee_msgs__rosidl_typesupport_cpp.dir/rosidl_typesupport_cpp/rm_referee_msgs/msg/hurt_data__type_support.cpp.o[0m
[3.895s] [ 31%] [32mBuilding CXX object CMakeFiles/rm_referee_msgs__rosidl_typesupport_introspection_cpp.dir/rosidl_typesupport_introspection_cpp/rm_referee_msgs/msg/detail/game_robot_hp__type_support.cpp.o[0m
[3.911s] [ 31%] [32mBuilding CXX object CMakeFiles/rm_referee_msgs__rosidl_typesupport_fastrtps_cpp.dir/rosidl_typesupport_fastrtps_cpp/rm_referee_msgs/msg/detail/dds_fastrtps/rfid_status__type_support.cpp.o[0m
[3.936s] [ 32%] [32mBuilding CXX object CMakeFiles/rm_referee_msgs__rosidl_typesupport_introspection_cpp.dir/rosidl_typesupport_introspection_cpp/rm_referee_msgs/msg/detail/game_status__type_support.cpp.o[0m
[3.977s] [ 33%] [32mBuilding CXX object CMakeFiles/rm_referee_msgs__rosidl_typesupport_fastrtps_cpp.dir/rosidl_typesupport_fastrtps_cpp/rm_referee_msgs/msg/detail/dds_fastrtps/radar_info__type_support.cpp.o[0m
[4.038s] [ 34%] [32mBuilding CXX object CMakeFiles/rm_referee_msgs__rosidl_typesupport_cpp.dir/rosidl_typesupport_cpp/rm_referee_msgs/msg/map_command__type_support.cpp.o[0m
[4.102s] [ 34%] [32m[1mLinking C shared library librm_referee_msgs__rosidl_generator_c.so[0m
[4.227s] [ 34%] [32mBuilding CXX object CMakeFiles/rm_referee_msgs__rosidl_typesupport_fastrtps_cpp.dir/rosidl_typesupport_fastrtps_cpp/rm_referee_msgs/msg/detail/dds_fastrtps/radar_mark_data__type_support.cpp.o[0m
[4.285s] [ 35%] Built target rm_referee_msgs__rosidl_generator_c
[4.288s] [ 35%] [32mBuilding CXX object CMakeFiles/rm_referee_msgs__rosidl_typesupport_introspection_cpp.dir/rosidl_typesupport_introspection_cpp/rm_referee_msgs/msg/detail/ground_robot_position__type_support.cpp.o[0m
[4.290s] [ 35%] [32mBuilding CXX object CMakeFiles/rm_referee_msgs__rosidl_typesupport_cpp.dir/rosidl_typesupport_cpp/rm_referee_msgs/msg/power_heat_data__type_support.cpp.o[0m
[4.299s] [ 35%] [32mBuilding CXX object CMakeFiles/rm_referee_msgs__rosidl_typesupport_introspection_cpp.dir/rosidl_typesupport_introspection_cpp/rm_referee_msgs/msg/detail/hurt_data__type_support.cpp.o[0m
[4.329s] [ 35%] [32mBuilding CXX object CMakeFiles/rm_referee_msgs__rosidl_typesupport_fastrtps_cpp.dir/rosidl_typesupport_fastrtps_cpp/rm_referee_msgs/msg/detail/dds_fastrtps/referee_warning__type_support.cpp.o[0m
[4.344s] [ 36%] [32mBuilding CXX object CMakeFiles/rm_referee_msgs__rosidl_typesupport_cpp.dir/rosidl_typesupport_cpp/rm_referee_msgs/msg/projectile_allowance__type_support.cpp.o[0m
[4.381s] [ 37%] [32mBuilding CXX object CMakeFiles/rm_referee_msgs__rosidl_typesupport_introspection_cpp.dir/rosidl_typesupport_introspection_cpp/rm_referee_msgs/msg/detail/map_command__type_support.cpp.o[0m
[4.393s] [ 37%] [32mBuilding CXX object CMakeFiles/rm_referee_msgs__rosidl_typesupport_introspection_cpp.dir/rosidl_typesupport_introspection_cpp/rm_referee_msgs/msg/detail/power_heat_data__type_support.cpp.o[0m
[4.428s] [35m[1mConsolidate compiler generated dependencies of target rm_referee_msgs__rosidl_typesupport_fastrtps_c[0m
[4.445s] [ 38%] [32mBuilding CXX object CMakeFiles/rm_referee_msgs__rosidl_typesupport_introspection_cpp.dir/rosidl_typesupport_introspection_cpp/rm_referee_msgs/msg/detail/projectile_allowance__type_support.cpp.o[0m
[4.501s] [ 38%] [32mBuilding CXX object CMakeFiles/rm_referee_msgs__rosidl_typesupport_fastrtps_c.dir/rosidl_typesupport_fastrtps_c/rm_referee_msgs/msg/detail/custom_control__type_support_c.cpp.o[0m
[4.628s] [ 39%] [32mBuilding CXX object CMakeFiles/rm_referee_msgs__rosidl_typesupport_fastrtps_cpp.dir/rosidl_typesupport_fastrtps_cpp/rm_referee_msgs/msg/detail/dds_fastrtps/robot_pos__type_support.cpp.o[0m
[4.638s] [35m[1mConsolidate compiler generated dependencies of target rm_referee_msgs__rosidl_typesupport_introspection_c[0m
[4.659s] [ 39%] [32mBuilding CXX object CMakeFiles/rm_referee_msgs__rosidl_typesupport_fastrtps_c.dir/rosidl_typesupport_fastrtps_c/rm_referee_msgs/msg/detail/custom_robot_data__type_support_c.cpp.o[0m
[4.695s] [ 39%] [32mBuilding C object CMakeFiles/rm_referee_msgs__rosidl_typesupport_introspection_c.dir/rosidl_typesupport_introspection_c/rm_referee_msgs/msg/detail/custom_control__type_support.c.o[0m
[4.722s] [ 39%] [32mBuilding CXX object CMakeFiles/rm_referee_msgs__rosidl_typesupport_cpp.dir/rosidl_typesupport_cpp/rm_referee_msgs/msg/rfid_status__type_support.cpp.o[0m
[4.824s] [ 40%] [32mBuilding CXX object CMakeFiles/rm_referee_msgs__rosidl_typesupport_cpp.dir/rosidl_typesupport_cpp/rm_referee_msgs/msg/radar_info__type_support.cpp.o[0m
[4.829s] [ 40%] [32mBuilding C object CMakeFiles/rm_referee_msgs__rosidl_typesupport_introspection_c.dir/rosidl_typesupport_introspection_c/rm_referee_msgs/msg/detail/custom_robot_data__type_support.c.o[0m
[4.844s] [ 40%] [32mBuilding CXX object CMakeFiles/rm_referee_msgs__rosidl_typesupport_cpp.dir/rosidl_typesupport_cpp/rm_referee_msgs/msg/radar_mark_data__type_support.cpp.o[0m
[4.871s] [ 41%] [32mBuilding CXX object CMakeFiles/rm_referee_msgs__rosidl_typesupport_fastrtps_c.dir/rosidl_typesupport_fastrtps_c/rm_referee_msgs/msg/detail/keyboard_mouse_control__type_support_c.cpp.o[0m
[4.883s] [ 41%] [32mBuilding CXX object CMakeFiles/rm_referee_msgs__rosidl_typesupport_fastrtps_c.dir/rosidl_typesupport_fastrtps_c/rm_referee_msgs/msg/detail/robot_custom_data__type_support_c.cpp.o[0m
[4.945s] [ 42%] [32mBuilding C object CMakeFiles/rm_referee_msgs__rosidl_typesupport_introspection_c.dir/rosidl_typesupport_introspection_c/rm_referee_msgs/msg/detail/keyboard_mouse_control__type_support.c.o[0m
[4.945s] [35m[1mConsolidate compiler generated dependencies of target rm_referee_msgs__rosidl_typesupport_c[0m
[4.970s] [ 42%] [32mBuilding C object CMakeFiles/rm_referee_msgs__rosidl_typesupport_introspection_c.dir/rosidl_typesupport_introspection_c/rm_referee_msgs/msg/detail/robot_custom_data__type_support.c.o[0m
[4.989s] [ 42%] [32mBuilding CXX object CMakeFiles/rm_referee_msgs__rosidl_typesupport_c.dir/rosidl_typesupport_c/rm_referee_msgs/msg/custom_control__type_support.cpp.o[0m
[5.009s] [ 43%] [32mBuilding C object CMakeFiles/rm_referee_msgs__rosidl_typesupport_introspection_c.dir/rosidl_typesupport_introspection_c/rm_referee_msgs/msg/detail/robot_custom_data2__type_support.c.o[0m
[5.050s] [ 43%] [32mBuilding CXX object CMakeFiles/rm_referee_msgs__rosidl_typesupport_c.dir/rosidl_typesupport_c/rm_referee_msgs/msg/custom_robot_data__type_support.cpp.o[0m
[5.057s] [ 43%] [32mBuilding CXX object CMakeFiles/rm_referee_msgs__rosidl_typesupport_cpp.dir/rosidl_typesupport_cpp/rm_referee_msgs/msg/referee_warning__type_support.cpp.o[0m
[5.074s] [ 43%] [32mBuilding CXX object CMakeFiles/rm_referee_msgs__rosidl_typesupport_fastrtps_cpp.dir/rosidl_typesupport_fastrtps_cpp/rm_referee_msgs/msg/detail/dds_fastrtps/robot_status__type_support.cpp.o[0m
[5.080s] [ 44%] [32mBuilding CXX object CMakeFiles/rm_referee_msgs__rosidl_typesupport_fastrtps_c.dir/rosidl_typesupport_fastrtps_c/rm_referee_msgs/msg/detail/robot_custom_data2__type_support_c.cpp.o[0m
[5.095s] [ 45%] [32mBuilding CXX object CMakeFiles/rm_referee_msgs__rosidl_typesupport_cpp.dir/rosidl_typesupport_cpp/rm_referee_msgs/msg/robot_pos__type_support.cpp.o[0m
[5.127s] [ 45%] [32mBuilding C object CMakeFiles/rm_referee_msgs__rosidl_typesupport_introspection_c.dir/rosidl_typesupport_introspection_c/rm_referee_msgs/msg/detail/buff__type_support.c.o[0m
[5.127s] [ 46%] [32mBuilding CXX object CMakeFiles/rm_referee_msgs__rosidl_typesupport_c.dir/rosidl_typesupport_c/rm_referee_msgs/msg/keyboard_mouse_control__type_support.cpp.o[0m
[5.213s] [ 46%] [32mBuilding CXX object CMakeFiles/rm_referee_msgs__rosidl_typesupport_c.dir/rosidl_typesupport_c/rm_referee_msgs/msg/robot_custom_data__type_support.cpp.o[0m
[5.217s] [ 47%] [32mBuilding CXX object CMakeFiles/rm_referee_msgs__rosidl_typesupport_fastrtps_cpp.dir/rosidl_typesupport_fastrtps_cpp/rm_referee_msgs/msg/detail/dds_fastrtps/sentry_info__type_support.cpp.o[0m
[5.224s] [ 48%] [32mBuilding C object CMakeFiles/rm_referee_msgs__rosidl_typesupport_introspection_c.dir/rosidl_typesupport_introspection_c/rm_referee_msgs/msg/detail/dart_client_cmd__type_support.c.o[0m
[5.236s] [ 48%] [32mBuilding C object CMakeFiles/rm_referee_msgs__rosidl_typesupport_introspection_c.dir/rosidl_typesupport_introspection_c/rm_referee_msgs/msg/detail/dart_info__type_support.c.o[0m
[5.274s] [ 48%] [32mBuilding CXX object CMakeFiles/rm_referee_msgs__rosidl_typesupport_introspection_cpp.dir/rosidl_typesupport_introspection_cpp/rm_referee_msgs/msg/detail/rfid_status__type_support.cpp.o[0m
[5.293s] [ 49%] [32mBuilding CXX object CMakeFiles/rm_referee_msgs__rosidl_typesupport_c.dir/rosidl_typesupport_c/rm_referee_msgs/msg/robot_custom_data2__type_support.cpp.o[0m
[5.303s] [ 50%] [32mBuilding CXX object CMakeFiles/rm_referee_msgs__rosidl_typesupport_introspection_cpp.dir/rosidl_typesupport_introspection_cpp/rm_referee_msgs/msg/detail/radar_info__type_support.cpp.o[0m
[5.313s] [ 50%] [32mBuilding CXX object CMakeFiles/rm_referee_msgs__rosidl_typesupport_fastrtps_c.dir/rosidl_typesupport_fastrtps_c/rm_referee_msgs/msg/detail/buff__type_support_c.cpp.o[0m
[5.338s] [ 50%] [32mBuilding CXX object CMakeFiles/rm_referee_msgs__rosidl_typesupport_cpp.dir/rosidl_typesupport_cpp/rm_referee_msgs/msg/robot_status__type_support.cpp.o[0m
[5.338s] [ 50%] [32mBuilding C object CMakeFiles/rm_referee_msgs__rosidl_typesupport_introspection_c.dir/rosidl_typesupport_introspection_c/rm_referee_msgs/msg/detail/event_data__type_support.c.o[0m
[5.338s] [ 50%] [32mBuilding CXX object CMakeFiles/rm_referee_msgs__rosidl_typesupport_introspection_cpp.dir/rosidl_typesupport_introspection_cpp/rm_referee_msgs/msg/detail/radar_mark_data__type_support.cpp.o[0m
[5.383s] [ 50%] [32mBuilding CXX object CMakeFiles/rm_referee_msgs__rosidl_typesupport_c.dir/rosidl_typesupport_c/rm_referee_msgs/msg/buff__type_support.cpp.o[0m
[5.431s] [ 51%] [32mBuilding CXX object CMakeFiles/rm_referee_msgs__rosidl_typesupport_fastrtps_c.dir/rosidl_typesupport_fastrtps_c/rm_referee_msgs/msg/detail/dart_client_cmd__type_support_c.cpp.o[0m
[5.455s] [ 52%] [32mBuilding C object CMakeFiles/rm_referee_msgs__rosidl_typesupport_introspection_c.dir/rosidl_typesupport_introspection_c/rm_referee_msgs/msg/detail/game_result__type_support.c.o[0m
[5.492s] [ 53%] [32mBuilding CXX object CMakeFiles/rm_referee_msgs__rosidl_typesupport_c.dir/rosidl_typesupport_c/rm_referee_msgs/msg/dart_client_cmd__type_support.cpp.o[0m
[5.585s] [ 53%] [32mBuilding C object CMakeFiles/rm_referee_msgs__rosidl_typesupport_introspection_c.dir/rosidl_typesupport_introspection_c/rm_referee_msgs/msg/detail/game_robot_hp__type_support.c.o[0m
[5.597s] [ 53%] [32mBuilding CXX object CMakeFiles/rm_referee_msgs__rosidl_typesupport_fastrtps_cpp.dir/rosidl_typesupport_fastrtps_cpp/rm_referee_msgs/msg/detail/dds_fastrtps/shoot_data__type_support.cpp.o[0m
[5.608s] [ 53%] [32mBuilding CXX object CMakeFiles/rm_referee_msgs__rosidl_typesupport_c.dir/rosidl_typesupport_c/rm_referee_msgs/msg/dart_info__type_support.cpp.o[0m
[5.611s] [ 53%] [32mBuilding CXX object CMakeFiles/rm_referee_msgs__rosidl_typesupport_introspection_cpp.dir/rosidl_typesupport_introspection_cpp/rm_referee_msgs/msg/detail/referee_warning__type_support.cpp.o[0m
[5.639s] [ 54%] [32mBuilding C object CMakeFiles/rm_referee_msgs__rosidl_typesupport_introspection_c.dir/rosidl_typesupport_introspection_c/rm_referee_msgs/msg/detail/game_status__type_support.c.o[0m
[5.693s] [ 54%] [32mBuilding C object CMakeFiles/rm_referee_msgs__rosidl_typesupport_introspection_c.dir/rosidl_typesupport_introspection_c/rm_referee_msgs/msg/detail/ground_robot_position__type_support.c.o[0m
[5.696s] [ 54%] [32mBuilding CXX object CMakeFiles/rm_referee_msgs__rosidl_typesupport_c.dir/rosidl_typesupport_c/rm_referee_msgs/msg/event_data__type_support.cpp.o[0m
[5.721s] [ 56%] [32mBuilding CXX object CMakeFiles/rm_referee_msgs__rosidl_typesupport_fastrtps_cpp.dir/rosidl_typesupport_fastrtps_cpp/rm_referee_msgs/srv/detail/dds_fastrtps/tx__type_support.cpp.o[0m
[5.721s] [ 56%] [32mBuilding C object CMakeFiles/rm_referee_msgs__rosidl_typesupport_introspection_c.dir/rosidl_typesupport_introspection_c/rm_referee_msgs/msg/detail/hurt_data__type_support.c.o[0m
[5.748s] [ 57%] [32mBuilding CXX object CMakeFiles/rm_referee_msgs__rosidl_typesupport_cpp.dir/rosidl_typesupport_cpp/rm_referee_msgs/msg/sentry_info__type_support.cpp.o[0m
[5.780s] [ 58%] [32mBuilding CXX object CMakeFiles/rm_referee_msgs__rosidl_typesupport_c.dir/rosidl_typesupport_c/rm_referee_msgs/msg/game_result__type_support.cpp.o[0m
[5.861s] [ 58%] [32mBuilding CXX object CMakeFiles/rm_referee_msgs__rosidl_typesupport_fastrtps_c.dir/rosidl_typesupport_fastrtps_c/rm_referee_msgs/msg/detail/dart_info__type_support_c.cpp.o[0m
[5.870s] [ 58%] [32mBuilding C object CMakeFiles/rm_referee_msgs__rosidl_typesupport_introspection_c.dir/rosidl_typesupport_introspection_c/rm_referee_msgs/msg/detail/map_command__type_support.c.o[0m
[5.874s] [ 58%] [32mBuilding CXX object CMakeFiles/rm_referee_msgs__rosidl_typesupport_c.dir/rosidl_typesupport_c/rm_referee_msgs/msg/game_robot_hp__type_support.cpp.o[0m
[5.881s] [ 58%] [32mBuilding C object CMakeFiles/rm_referee_msgs__rosidl_typesupport_introspection_c.dir/rosidl_typesupport_introspection_c/rm_referee_msgs/msg/detail/power_heat_data__type_support.c.o[0m
[5.986s] [ 58%] [32mBuilding CXX object CMakeFiles/rm_referee_msgs__rosidl_typesupport_fastrtps_c.dir/rosidl_typesupport_fastrtps_c/rm_referee_msgs/msg/detail/event_data__type_support_c.cpp.o[0m
[5.997s] [ 59%] [32mBuilding CXX object CMakeFiles/rm_referee_msgs__rosidl_typesupport_c.dir/rosidl_typesupport_c/rm_referee_msgs/msg/game_status__type_support.cpp.o[0m
[6.006s] [ 59%] [32mBuilding CXX object CMakeFiles/rm_referee_msgs__rosidl_typesupport_c.dir/rosidl_typesupport_c/rm_referee_msgs/msg/ground_robot_position__type_support.cpp.o[0m
[6.031s] [ 60%] [32mBuilding C object CMakeFiles/rm_referee_msgs__rosidl_typesupport_introspection_c.dir/rosidl_typesupport_introspection_c/rm_referee_msgs/msg/detail/projectile_allowance__type_support.c.o[0m
[6.060s] [ 60%] [32mBuilding CXX object CMakeFiles/rm_referee_msgs__rosidl_typesupport_cpp.dir/rosidl_typesupport_cpp/rm_referee_msgs/msg/shoot_data__type_support.cpp.o[0m
[6.085s] [ 60%] [32mBuilding C object CMakeFiles/rm_referee_msgs__rosidl_typesupport_introspection_c.dir/rosidl_typesupport_introspection_c/rm_referee_msgs/msg/detail/rfid_status__type_support.c.o[0m
[6.132s] [ 61%] [32mBuilding CXX object CMakeFiles/rm_referee_msgs__rosidl_typesupport_introspection_cpp.dir/rosidl_typesupport_introspection_cpp/rm_referee_msgs/msg/detail/robot_pos__type_support.cpp.o[0m
[6.132s] [ 62%] [32mBuilding C object CMakeFiles/rm_referee_msgs__rosidl_typesupport_introspection_c.dir/rosidl_typesupport_introspection_c/rm_referee_msgs/msg/detail/radar_info__type_support.c.o[0m
[6.132s] [ 63%] [32mBuilding CXX object CMakeFiles/rm_referee_msgs__rosidl_typesupport_c.dir/rosidl_typesupport_c/rm_referee_msgs/msg/hurt_data__type_support.cpp.o[0m
[6.167s] [ 63%] [32mBuilding CXX object CMakeFiles/rm_referee_msgs__rosidl_typesupport_introspection_cpp.dir/rosidl_typesupport_introspection_cpp/rm_referee_msgs/msg/detail/robot_status__type_support.cpp.o[0m
[6.181s] [ 64%] [32mBuilding CXX object CMakeFiles/rm_referee_msgs__rosidl_typesupport_cpp.dir/rosidl_typesupport_cpp/rm_referee_msgs/srv/tx__type_support.cpp.o[0m
[6.215s] [ 64%] [32mBuilding CXX object CMakeFiles/rm_referee_msgs__rosidl_typesupport_c.dir/rosidl_typesupport_c/rm_referee_msgs/msg/map_command__type_support.cpp.o[0m
[6.231s] [ 65%] [32mBuilding CXX object CMakeFiles/rm_referee_msgs__rosidl_typesupport_fastrtps_c.dir/rosidl_typesupport_fastrtps_c/rm_referee_msgs/msg/detail/game_result__type_support_c.cpp.o[0m
[6.241s] [ 65%] [32mBuilding C object CMakeFiles/rm_referee_msgs__rosidl_typesupport_introspection_c.dir/rosidl_typesupport_introspection_c/rm_referee_msgs/msg/detail/radar_mark_data__type_support.c.o[0m
[6.307s] [ 65%] [32mBuilding CXX object CMakeFiles/rm_referee_msgs__rosidl_typesupport_c.dir/rosidl_typesupport_c/rm_referee_msgs/msg/power_heat_data__type_support.cpp.o[0m
[6.307s] [ 65%] [32mBuilding CXX object CMakeFiles/rm_referee_msgs__rosidl_typesupport_fastrtps_c.dir/rosidl_typesupport_fastrtps_c/rm_referee_msgs/msg/detail/game_robot_hp__type_support_c.cpp.o[0m
[6.314s] [ 66%] [32mBuilding CXX object CMakeFiles/rm_referee_msgs__rosidl_typesupport_introspection_cpp.dir/rosidl_typesupport_introspection_cpp/rm_referee_msgs/msg/detail/sentry_info__type_support.cpp.o[0m
[6.321s] [ 67%] [32mBuilding C object CMakeFiles/rm_referee_msgs__rosidl_typesupport_introspection_c.dir/rosidl_typesupport_introspection_c/rm_referee_msgs/msg/detail/referee_warning__type_support.c.o[0m
[6.386s] [ 68%] [32mBuilding CXX object CMakeFiles/rm_referee_msgs__rosidl_typesupport_c.dir/rosidl_typesupport_c/rm_referee_msgs/msg/projectile_allowance__type_support.cpp.o[0m
[6.473s] [ 68%] [32mBuilding CXX object CMakeFiles/rm_referee_msgs__rosidl_typesupport_c.dir/rosidl_typesupport_c/rm_referee_msgs/msg/rfid_status__type_support.cpp.o[0m
[6.478s] [ 68%] [32mBuilding C object CMakeFiles/rm_referee_msgs__rosidl_typesupport_introspection_c.dir/rosidl_typesupport_introspection_c/rm_referee_msgs/msg/detail/robot_pos__type_support.c.o[0m
[6.497s] [ 68%] [32mBuilding C object CMakeFiles/rm_referee_msgs__rosidl_typesupport_introspection_c.dir/rosidl_typesupport_introspection_c/rm_referee_msgs/msg/detail/robot_status__type_support.c.o[0m
[6.523s] [ 69%] [32mBuilding CXX object CMakeFiles/rm_referee_msgs__rosidl_typesupport_fastrtps_c.dir/rosidl_typesupport_fastrtps_c/rm_referee_msgs/msg/detail/game_status__type_support_c.cpp.o[0m
[6.591s] [ 70%] [32mBuilding CXX object CMakeFiles/rm_referee_msgs__rosidl_typesupport_c.dir/rosidl_typesupport_c/rm_referee_msgs/msg/radar_info__type_support.cpp.o[0m
[6.596s] [ 70%] [32mBuilding CXX object CMakeFiles/rm_referee_msgs__rosidl_typesupport_fastrtps_c.dir/rosidl_typesupport_fastrtps_c/rm_referee_msgs/msg/detail/ground_robot_position__type_support_c.cpp.o[0m
[6.604s] [ 70%] [32mBuilding CXX object CMakeFiles/rm_referee_msgs__rosidl_typesupport_introspection_cpp.dir/rosidl_typesupport_introspection_cpp/rm_referee_msgs/msg/detail/shoot_data__type_support.cpp.o[0m
[6.606s] [ 71%] [32mBuilding C object CMakeFiles/rm_referee_msgs__rosidl_typesupport_introspection_c.dir/rosidl_typesupport_introspection_c/rm_referee_msgs/msg/detail/sentry_info__type_support.c.o[0m
[6.682s] [ 71%] [32mBuilding CXX object CMakeFiles/rm_referee_msgs__rosidl_typesupport_c.dir/rosidl_typesupport_c/rm_referee_msgs/msg/radar_mark_data__type_support.cpp.o[0m
[6.708s] [ 72%] [32mBuilding CXX object CMakeFiles/rm_referee_msgs__rosidl_typesupport_fastrtps_c.dir/rosidl_typesupport_fastrtps_c/rm_referee_msgs/msg/detail/hurt_data__type_support_c.cpp.o[0m
[6.716s] [ 72%] [32mBuilding C object CMakeFiles/rm_referee_msgs__rosidl_typesupport_introspection_c.dir/rosidl_typesupport_introspection_c/rm_referee_msgs/msg/detail/shoot_data__type_support.c.o[0m
[6.741s] [ 72%] [32mBuilding CXX object CMakeFiles/rm_referee_msgs__rosidl_typesupport_fastrtps_c.dir/rosidl_typesupport_fastrtps_c/rm_referee_msgs/msg/detail/map_command__type_support_c.cpp.o[0m
[6.768s] [ 73%] [32mBuilding CXX object CMakeFiles/rm_referee_msgs__rosidl_typesupport_c.dir/rosidl_typesupport_c/rm_referee_msgs/msg/referee_warning__type_support.cpp.o[0m
[6.768s] [ 74%] [32mBuilding C object CMakeFiles/rm_referee_msgs__rosidl_typesupport_introspection_c.dir/rosidl_typesupport_introspection_c/rm_referee_msgs/srv/detail/tx__type_support.c.o[0m
[6.856s] [ 74%] [32mBuilding CXX object CMakeFiles/rm_referee_msgs__rosidl_typesupport_fastrtps_c.dir/rosidl_typesupport_fastrtps_c/rm_referee_msgs/msg/detail/power_heat_data__type_support_c.cpp.o[0m
[6.873s] [ 74%] [32mBuilding CXX object CMakeFiles/rm_referee_msgs__rosidl_typesupport_c.dir/rosidl_typesupport_c/rm_referee_msgs/msg/robot_pos__type_support.cpp.o[0m
[6.961s] [ 74%] [32m[1mLinking C shared library librm_referee_msgs__rosidl_typesupport_introspection_c.so[0m
[7.004s] [ 74%] [32m[1mLinking CXX shared library librm_referee_msgs__rosidl_typesupport_cpp.so[0m
[7.016s] [ 74%] [32mBuilding CXX object CMakeFiles/rm_referee_msgs__rosidl_typesupport_c.dir/rosidl_typesupport_c/rm_referee_msgs/msg/robot_status__type_support.cpp.o[0m
[7.045s] [ 75%] [32mBuilding CXX object CMakeFiles/rm_referee_msgs__rosidl_typesupport_introspection_cpp.dir/rosidl_typesupport_introspection_cpp/rm_referee_msgs/srv/detail/tx__type_support.cpp.o[0m
[7.063s] [ 76%] [32mBuilding CXX object CMakeFiles/rm_referee_msgs__rosidl_typesupport_c.dir/rosidl_typesupport_c/rm_referee_msgs/msg/sentry_info__type_support.cpp.o[0m
[7.102s] [ 77%] Built target rm_referee_msgs__rosidl_typesupport_introspection_c
[7.124s] [ 78%] [32mBuilding CXX object CMakeFiles/rm_referee_msgs__rosidl_typesupport_fastrtps_c.dir/rosidl_typesupport_fastrtps_c/rm_referee_msgs/msg/detail/projectile_allowance__type_support_c.cpp.o[0m
[7.129s] [ 78%] [32mBuilding CXX object CMakeFiles/rm_referee_msgs__rosidl_typesupport_c.dir/rosidl_typesupport_c/rm_referee_msgs/msg/shoot_data__type_support.cpp.o[0m
[7.132s] [ 79%] [32mBuilding CXX object CMakeFiles/rm_referee_msgs__rosidl_typesupport_c.dir/rosidl_typesupport_c/rm_referee_msgs/srv/tx__type_support.cpp.o[0m
[7.220s] [ 79%] [32mBuilding CXX object CMakeFiles/rm_referee_msgs__rosidl_typesupport_fastrtps_c.dir/rosidl_typesupport_fastrtps_c/rm_referee_msgs/msg/detail/rfid_status__type_support_c.cpp.o[0m
[7.229s] [ 79%] [32m[1mLinking CXX shared library librm_referee_msgs__rosidl_typesupport_fastrtps_cpp.so[0m
[7.240s] [ 79%] Built target rm_referee_msgs__rosidl_typesupport_cpp
[7.252s] [ 79%] [32m[1mLinking CXX shared library librm_referee_msgs__rosidl_typesupport_c.so[0m
[7.279s] [ 80%] [32mBuilding CXX object CMakeFiles/rm_referee_msgs__rosidl_typesupport_fastrtps_c.dir/rosidl_typesupport_fastrtps_c/rm_referee_msgs/msg/detail/radar_info__type_support_c.cpp.o[0m
[7.303s] [ 80%] [32mBuilding CXX object CMakeFiles/rm_referee_msgs__rosidl_typesupport_fastrtps_c.dir/rosidl_typesupport_fastrtps_c/rm_referee_msgs/msg/detail/radar_mark_data__type_support_c.cpp.o[0m
[7.415s] [ 81%] [32mBuilding CXX object CMakeFiles/rm_referee_msgs__rosidl_typesupport_fastrtps_c.dir/rosidl_typesupport_fastrtps_c/rm_referee_msgs/msg/detail/referee_warning__type_support_c.cpp.o[0m
[7.471s] [ 82%] Built target rm_referee_msgs__rosidl_typesupport_c
[7.515s] [ 82%] [32mBuilding CXX object CMakeFiles/rm_referee_msgs__rosidl_typesupport_fastrtps_c.dir/rosidl_typesupport_fastrtps_c/rm_referee_msgs/msg/detail/robot_pos__type_support_c.cpp.o[0m
[7.533s] [ 82%] [32mBuilding CXX object CMakeFiles/rm_referee_msgs__rosidl_typesupport_fastrtps_c.dir/rosidl_typesupport_fastrtps_c/rm_referee_msgs/msg/detail/robot_status__type_support_c.cpp.o[0m
[7.601s] [ 83%] [32mBuilding CXX object CMakeFiles/rm_referee_msgs__rosidl_typesupport_fastrtps_c.dir/rosidl_typesupport_fastrtps_c/rm_referee_msgs/msg/detail/sentry_info__type_support_c.cpp.o[0m
[7.617s] [ 83%] Built target rm_referee_msgs__rosidl_typesupport_fastrtps_cpp
[7.655s] [ 84%] [32mBuilding CXX object CMakeFiles/rm_referee_msgs__rosidl_typesupport_fastrtps_c.dir/rosidl_typesupport_fastrtps_c/rm_referee_msgs/srv/detail/tx__type_support_c.cpp.o[0m
[7.662s] [ 84%] [32mBuilding CXX object CMakeFiles/rm_referee_msgs__rosidl_typesupport_fastrtps_c.dir/rosidl_typesupport_fastrtps_c/rm_referee_msgs/msg/detail/shoot_data__type_support_c.cpp.o[0m
[8.791s] [ 84%] [32m[1mLinking CXX shared library librm_referee_msgs__rosidl_typesupport_introspection_cpp.so[0m
[8.792s] [ 84%] [32m[1mLinking CXX shared library librm_referee_msgs__rosidl_typesupport_fastrtps_c.so[0m
[9.076s] [ 85%] Built target rm_referee_msgs__rosidl_typesupport_fastrtps_c
[9.128s] [ 85%] Built target rm_referee_msgs__rosidl_typesupport_introspection_cpp
[9.212s] [ 85%] Built target rm_referee_msgs
[9.266s] [ 85%] Built target rm_referee_msgs__py
[9.329s] [35m[1mConsolidate compiler generated dependencies of target rm_referee_msgs__rosidl_generator_py[0m
[9.418s] [ 85%] [32mBuilding C object CMakeFiles/rm_referee_msgs__rosidl_generator_py.dir/rosidl_generator_py/rm_referee_msgs/msg/_robot_custom_data_s.c.o[0m
[9.420s] [ 86%] [32mBuilding C object CMakeFiles/rm_referee_msgs__rosidl_generator_py.dir/rosidl_generator_py/rm_referee_msgs/msg/_keyboard_mouse_control_s.c.o[0m
[9.421s] [ 87%] [32mBuilding C object CMakeFiles/rm_referee_msgs__rosidl_generator_py.dir/rosidl_generator_py/rm_referee_msgs/msg/_custom_control_s.c.o[0m
[9.432s] [ 88%] [32mBuilding C object CMakeFiles/rm_referee_msgs__rosidl_generator_py.dir/rosidl_generator_py/rm_referee_msgs/msg/_dart_client_cmd_s.c.o[0m
[9.433s] [ 87%] [32mBuilding C object CMakeFiles/rm_referee_msgs__rosidl_generator_py.dir/rosidl_generator_py/rm_referee_msgs/msg/_custom_robot_data_s.c.o[0m
[9.437s] [ 88%] [32mBuilding C object CMakeFiles/rm_referee_msgs__rosidl_generator_py.dir/rosidl_generator_py/rm_referee_msgs/msg/_buff_s.c.o[0m
[9.437s] [ 88%] [32mBuilding C object CMakeFiles/rm_referee_msgs__rosidl_generator_py.dir/rosidl_generator_py/rm_referee_msgs/msg/_robot_custom_data2_s.c.o[0m
[9.443s] [ 90%] [32mBuilding C object CMakeFiles/rm_referee_msgs__rosidl_generator_py.dir/rosidl_generator_py/rm_referee_msgs/msg/_game_result_s.c.o[0m
[9.443s] [ 90%] [32mBuilding C object CMakeFiles/rm_referee_msgs__rosidl_generator_py.dir/rosidl_generator_py/rm_referee_msgs/msg/_dart_info_s.c.o[0m
[9.443s] [ 90%] [32mBuilding C object CMakeFiles/rm_referee_msgs__rosidl_generator_py.dir/rosidl_generator_py/rm_referee_msgs/msg/_event_data_s.c.o[0m
[9.450s] [ 90%] [32mBuilding C object CMakeFiles/rm_referee_msgs__rosidl_generator_py.dir/rosidl_generator_py/rm_referee_msgs/msg/_game_robot_hp_s.c.o[0m
[9.453s] [ 90%] [32mBuilding C object CMakeFiles/rm_referee_msgs__rosidl_generator_py.dir/rosidl_generator_py/rm_referee_msgs/msg/_ground_robot_position_s.c.o[0m
[9.466s] [ 91%] [32mBuilding C object CMakeFiles/rm_referee_msgs__rosidl_generator_py.dir/rosidl_generator_py/rm_referee_msgs/msg/_game_status_s.c.o[0m
[9.507s] [ 91%] [32mBuilding C object CMakeFiles/rm_referee_msgs__rosidl_generator_py.dir/rosidl_generator_py/rm_referee_msgs/msg/_hurt_data_s.c.o[0m
[9.530s] [ 92%] [32mBuilding C object CMakeFiles/rm_referee_msgs__rosidl_generator_py.dir/rosidl_generator_py/rm_referee_msgs/msg/_map_command_s.c.o[0m
[9.530s] [ 92%] [32mBuilding C object CMakeFiles/rm_referee_msgs__rosidl_generator_py.dir/rosidl_generator_py/rm_referee_msgs/msg/_power_heat_data_s.c.o[0m
[9.812s] [ 93%] [32mBuilding C object CMakeFiles/rm_referee_msgs__rosidl_generator_py.dir/rosidl_generator_py/rm_referee_msgs/msg/_robot_pos_s.c.o[0m
[9.812s] [ 94%] [32mBuilding C object CMakeFiles/rm_referee_msgs__rosidl_generator_py.dir/rosidl_generator_py/rm_referee_msgs/msg/_projectile_allowance_s.c.o[0m
[9.812s] [ 93%] [32mBuilding C object CMakeFiles/rm_referee_msgs__rosidl_generator_py.dir/rosidl_generator_py/rm_referee_msgs/msg/_rfid_status_s.c.o[0m
[9.812s] [ 95%] [32mBuilding C object CMakeFiles/rm_referee_msgs__rosidl_generator_py.dir/rosidl_generator_py/rm_referee_msgs/msg/_radar_info_s.c.o[0m
[9.812s] [ 95%] [32mBuilding C object CMakeFiles/rm_referee_msgs__rosidl_generator_py.dir/rosidl_generator_py/rm_referee_msgs/msg/_referee_warning_s.c.o[0m
[9.813s] [ 95%] [32mBuilding C object CMakeFiles/rm_referee_msgs__rosidl_generator_py.dir/rosidl_generator_py/rm_referee_msgs/msg/_radar_mark_data_s.c.o[0m
[9.827s] [ 95%] [32mBuilding C object CMakeFiles/rm_referee_msgs__rosidl_generator_py.dir/rosidl_generator_py/rm_referee_msgs/msg/_robot_status_s.c.o[0m
[9.853s] [ 95%] [32mBuilding C object CMakeFiles/rm_referee_msgs__rosidl_generator_py.dir/rosidl_generator_py/rm_referee_msgs/msg/_shoot_data_s.c.o[0m
[9.859s] [ 96%] [32mBuilding C object CMakeFiles/rm_referee_msgs__rosidl_generator_py.dir/rosidl_generator_py/rm_referee_msgs/srv/_tx_s.c.o[0m
[9.860s] [ 97%] [32mBuilding C object CMakeFiles/rm_referee_msgs__rosidl_generator_py.dir/rosidl_generator_py/rm_referee_msgs/msg/_sentry_info_s.c.o[0m
[10.402s] [ 97%] [32m[1mLinking C shared library rosidl_generator_py/rm_referee_msgs/librm_referee_msgs__rosidl_generator_py.so[0m
[10.606s] [ 97%] Built target rm_referee_msgs__rosidl_generator_py
[10.639s] [35m[1mConsolidate compiler generated dependencies of target rm_referee_msgs__rosidl_typesupport_introspection_c__pyext[0m
[10.639s] [35m[1mConsolidate compiler generated dependencies of target rm_referee_msgs__rosidl_typesupport_fastrtps_c__pyext[0m
[10.639s] [35m[1mConsolidate compiler generated dependencies of target rm_referee_msgs__rosidl_typesupport_c__pyext[0m
[10.695s] [ 99%] [32mBuilding C object CMakeFiles/rm_referee_msgs__rosidl_typesupport_c__pyext.dir/rosidl_generator_py/rm_referee_msgs/_rm_referee_msgs_s.ep.rosidl_typesupport_c.c.o[0m
[10.698s] [ 99%] [32mBuilding C object CMakeFiles/rm_referee_msgs__rosidl_typesupport_fastrtps_c__pyext.dir/rosidl_generator_py/rm_referee_msgs/_rm_referee_msgs_s.ep.rosidl_typesupport_fastrtps_c.c.o[0m
[10.701s] [100%] [32mBuilding C object CMakeFiles/rm_referee_msgs__rosidl_typesupport_introspection_c__pyext.dir/rosidl_generator_py/rm_referee_msgs/_rm_referee_msgs_s.ep.rosidl_typesupport_introspection_c.c.o[0m
