[0.010s] Invoking command in '/home/chen/sentry_try/sentry_ws/build/lightning': CMAKE_PREFIX_PATH=/opt/ros/humble /usr/bin/cmake --build /home/chen/sentry_try/sentry_ws/build/lightning -- -j16 -l16
[0.086s] [  1%] Built target lightning__cpp
[0.086s] [  1%] Built target livox_interfaces2__rs
[0.086s] [  2%] Built target lightning__rs
[0.086s] [  3%] Built target livox_interfaces2__cpp
[0.095s] [  9%] Built target livox_interfaces2__rosidl_generator_c
[0.095s] [  9%] Built target lightning__rosidl_generator_c
[0.098s] [ 10%] Built target miao.utils
[0.098s] [ 10%] Built target ament_cmake_python_copy_lightning
[0.102s] [ 17%] Built target miao.core
[0.102s] [ 17%] Built target ament_cmake_python_copy_livox_ros_driver2
[0.111s] [ 23%] Built target livox_interfaces2__rosidl_typesupport_introspection_cpp
[0.111s] [ 26%] Built target lightning__rosidl_typesupport_cpp
[0.111s] [ 23%] Built target lightning__rosidl_typesupport_introspection_cpp
[0.112s] [ 29%] Built target livox_interfaces2__rosidl_typesupport_fastrtps_cpp
[0.113s] [ 32%] Built target lightning__rosidl_typesupport_fastrtps_cpp
[0.114s] [ 35%] Built target livox_interfaces2__rosidl_typesupport_cpp
[0.121s] [ 41%] Built target livox_interfaces2__rosidl_typesupport_introspection_c
[0.121s] [ 41%] Built target livox_interfaces2__rosidl_typesupport_c
[0.124s] [ 53%] Built target lightning__rosidl_typesupport_introspection_c
[0.124s] [ 53%] Built target livox_interfaces2__rosidl_typesupport_fastrtps_c
[0.124s] [ 53%] Built target lightning__rosidl_typesupport_c
[0.124s] [ 53%] Built target lightning__rosidl_typesupport_fastrtps_c
[0.143s] [ 53%] Built target livox_interfaces2
[0.143s] [ 53%] Built target lightning
[0.150s] [ 53%] [32mBuilding CXX object src/CMakeFiles/lightning.libs.dir/common/nav_state.cc.o[0m
[0.161s] [ 58%] [32mBuilding CXX object src/CMakeFiles/lightning.libs.dir/common/params.cc.o[0m
[0.161s] [ 58%] [32mBuilding CXX object src/CMakeFiles/lightning.libs.dir/core/lio/laser_mapping.cc.o[0m
[0.161s] [ 58%] [32mBuilding CXX object src/CMakeFiles/lightning.libs.dir/core/lio/pointcloud_preprocess.cc.o[0m
[0.161s] [ 58%] [32mBuilding CXX object src/CMakeFiles/lightning.libs.dir/core/loop_closing/loop_closing.cc.o[0m
[0.161s] [ 58%] [32mBuilding CXX object src/CMakeFiles/lightning.libs.dir/core/g2p5/g2p5.cc.o[0m
[0.161s] [ 58%] [32mBuilding CXX object src/CMakeFiles/lightning.libs.dir/core/lio/eskf.cc.o[0m
[0.161s] [ 58%] [32mBuilding CXX object src/CMakeFiles/lightning.libs.dir/core/maps/tiled_map.cc.o[0m
[0.168s] [ 59%] Built target livox_interfaces2__py
[0.169s] [ 59%] Built target lightning__py
[0.195s] [ 60%] [32mBuilding CXX object src/CMakeFiles/lightning.libs.dir/core/localization/localization_result.cc.o[0m
[0.195s] [ 60%] [32mBuilding CXX object src/CMakeFiles/lightning.libs.dir/core/localization/lidar_loc/pclomp/ndt_omp.cpp.o[0m
[0.196s] [ 61%] [32mBuilding CXX object src/CMakeFiles/lightning.libs.dir/core/localization/lidar_loc/lidar_loc.cc.o[0m
[0.198s] [ 61%] [32mBuilding CXX object src/CMakeFiles/lightning.libs.dir/core/localization/lidar_loc/pclomp/voxel_grid_covariance_omp.cpp.o[0m
[0.198s] [ 63%] Built target lightning__rosidl_generator_py
[0.199s] [ 65%] Built target livox_interfaces2__rosidl_generator_py
[0.207s] [ 66%] [32mBuilding CXX object src/CMakeFiles/lightning.libs.dir/core/localization/pose_graph/pgo.cc.o[0m
[0.380s] [ 67%] Built target lightning__rosidl_typesupport_fastrtps_c__pyext
[0.410s] running egg_info
[0.410s] running egg_info
[0.410s] writing lightning.egg-info/PKG-INFO
[0.410s] writing livox_ros_driver2.egg-info/PKG-INFO
[0.410s] writing dependency_links to lightning.egg-info/dependency_links.txt
[0.410s] writing dependency_links to livox_ros_driver2.egg-info/dependency_links.txt
[0.411s] writing top-level names to livox_ros_driver2.egg-info/top_level.txt
[0.411s] writing top-level names to lightning.egg-info/top_level.txt
[0.411s] [ 68%] Built target lightning__rosidl_typesupport_introspection_c__pyext
[0.415s] reading manifest file 'livox_ros_driver2.egg-info/SOURCES.txt'
[0.416s] writing manifest file 'livox_ros_driver2.egg-info/SOURCES.txt'
[0.416s] reading manifest file 'lightning.egg-info/SOURCES.txt'
[0.419s] writing manifest file 'lightning.egg-info/SOURCES.txt'
[0.422s] [ 69%] [32mBuilding CXX object src/CMakeFiles/lightning.libs.dir/core/localization/pose_graph/pgo_impl.cc.o[0m
[0.462s] [ 69%] Built target ament_cmake_python_build_lightning_egg
[0.462s] [ 69%] Built target ament_cmake_python_build_livox_ros_driver2_egg
[0.470s] [ 70%] [32mBuilding CXX object src/CMakeFiles/lightning.libs.dir/core/localization/pose_graph/pose_extrapolator.cc.o[0m
[0.489s] [ 71%] Built target lightning__rosidl_typesupport_c__pyext
[0.498s] [ 71%] [32mBuilding CXX object src/CMakeFiles/lightning.libs.dir/core/localization/localization.cpp.o[0m
