[0.031s] Invoking command in '/home/chen/sentry_try/sentry_ws/build/costmap_voxel': CMAKE_PREFIX_PATH=${CMAKE_PREFIX_PATH}:/opt/ros/humble /usr/bin/cmake /home/chen/sentry_try/sentry_ws/src/nav2_plugins/costmap_voxel -DCMAKE_BUILD_TYPE=Release -DCMAKE_INSTALL_PREFIX=/home/chen/sentry_try/sentry_ws/install/costmap_voxel
[0.045s] -- Found ament_cmake: 1.3.14 (/opt/ros/humble/share/ament_cmake/cmake)
[0.178s] -- Found rclcpp: 16.0.19 (/opt/ros/humble/share/rclcpp/cmake)
[0.205s] -- Found rosidl_generator_c: 3.1.9 (/opt/ros/humble/share/rosidl_generator_c/cmake)
[0.208s] -- Found rosidl_adapter: 3.1.9 (/opt/ros/humble/share/rosidl_adapter/cmake)
[0.213s] -- Found rosidl_generator_cpp: 3.1.9 (/opt/ros/humble/share/rosidl_generator_cpp/cmake)
[0.223s] -- Using all available rosidl_typesupport_c: rosidl_typesupport_fastrtps_c;rosidl_typesupport_introspection_c
[0.234s] -- Using all available rosidl_typesupport_cpp: rosidl_typesupport_fastrtps_cpp;rosidl_typesupport_introspection_cpp
[0.257s] -- Found rmw_implementation_cmake: 6.1.2 (/opt/ros/humble/share/rmw_implementation_cmake/cmake)
[0.259s] -- Found rmw_fastrtps_cpp: 6.2.10 (/opt/ros/humble/share/rmw_fastrtps_cpp/cmake)
[0.356s] -- Using RMW implementation 'rmw_fastrtps_cpp' as default
[0.392s] -- Found pluginlib: 5.1.4 (/opt/ros/humble/share/pluginlib/cmake)
[0.407s] -- Found sensor_msgs: 4.9.1 (/opt/ros/humble/share/sensor_msgs/cmake)
[0.425s] -- Found nav2_costmap_2d: 1.1.20 (/opt/ros/humble/share/nav2_costmap_2d/cmake)
[0.544s] -- Ensuring Eigen3 include directory is part of orocos-kdl CMake target
[0.611s] -- Found pcl_conversions: 2.4.5 (/opt/ros/humble/share/pcl_conversions/cmake)
[0.634s] -- Eigen found (include: /usr/include/eigen3, version: 3.4.0)
[0.671s] -- FLANN found (include: /usr/include, lib: /usr/lib/x86_64-linux-gnu/libflann_cpp.so)
[0.991s] -- OpenNI found (version: 1.5.4.0, include: /usr/include/ni, lib: /usr/lib/libOpenNI.so;libusb::libusb)
[0.998s] -- OpenNI2 found (version: 2.2.0.33, include: /usr/include/openni2, lib: /usr/lib/x86_64-linux-gnu/libOpenNI2.so;libusb::libusb)
[1.174s] -- Eigen found (include: /usr/include/eigen3, version: 3.4.0)
[1.183s] -- OpenNI found (version: 1.5.4.0, include: /usr/include/ni, lib: /usr/lib/libOpenNI.so;libusb::libusb)
[1.188s] -- OpenNI2 found (version: 2.2.0.33, include: /usr/include/openni2, lib: /usr/lib/x86_64-linux-gnu/libOpenNI2.so;libusb::libusb)
[1.451s] -- Found Qhull version 8.0.2
[1.793s] -- OpenNI found (version: 1.5.4.0, include: /usr/include/ni, lib: /usr/lib/libOpenNI.so;libusb::libusb)
[2.418s] [33mCMake Warning (dev) at CMakeLists.txt:10 (find_package):
[2.419s]   Policy CMP0074 is not set: find_package uses <PackageName>_ROOT variables.
[2.419s]   Run "cmake --help-policy CMP0074" for policy details.  Use the cmake_policy
[2.419s]   command to set the policy and suppress this warning.
[2.419s] 
[2.419s]   CMake variable PCL_ROOT is set to:
[2.419s] 
[2.419s]     /usr
[2.419s] 
[2.419s]   For compatibility, CMake is ignoring the variable.
[2.419s] This warning is for project developers.  Use -Wno-dev to suppress it.
[2.419s] [0m
[2.685s] -- Configuring done
[2.857s] -- Generating done
[2.896s] -- Build files have been written to: /home/chen/sentry_try/sentry_ws/build/costmap_voxel
[2.946s] Invoked command in '/home/chen/sentry_try/sentry_ws/build/costmap_voxel' returned '0': CMAKE_PREFIX_PATH=${CMAKE_PREFIX_PATH}:/opt/ros/humble /usr/bin/cmake /home/chen/sentry_try/sentry_ws/src/nav2_plugins/costmap_voxel -DCMAKE_BUILD_TYPE=Release -DCMAKE_INSTALL_PREFIX=/home/chen/sentry_try/sentry_ws/install/costmap_voxel
[2.952s] Invoking command in '/home/chen/sentry_try/sentry_ws/build/costmap_voxel': CMAKE_PREFIX_PATH=${CMAKE_PREFIX_PATH}:/opt/ros/humble /usr/bin/cmake --build /home/chen/sentry_try/sentry_ws/build/costmap_voxel -- -j16 -l16
[3.077s] [35m[1mConsolidate compiler generated dependencies of target costmap_voxel_layer[0m
[3.162s] [ 50%] [32mBuilding CXX object CMakeFiles/costmap_voxel_layer.dir/src/voxel_filter_layer.cpp.o[0m
