[0.013s] Invoking command in '/home/chen/sentry_try/sentry_ws/build/can_comm': AMENT_PREFIX_PATH=/home/chen/sentry_try/sentry_ws/install/sentry_msgs:${AMENT_PREFIX_PATH} CMAKE_PREFIX_PATH=/home/chen/sentry_try/sentry_ws/install/sentry_msgs:/opt/ros/humble LD_LIBRARY_PATH=/home/chen/sentry_try/sentry_ws/install/sentry_msgs/lib:${LD_LIBRARY_PATH} PYTHONPATH=/home/chen/sentry_try/sentry_ws/install/sentry_msgs/local/lib/python3.10/dist-packages:${PYTHONPATH} /usr/bin/cmake --build /home/chen/sentry_try/sentry_ws/build/can_comm -- -j16 -l16
[0.055s] [35m[1mConsolidate compiler generated dependencies of target can_send_node[0m
[0.066s] [ 50%] Built target can_receive_node
[0.083s] [ 75%] [32mBuilding CXX object CMakeFiles/can_send_node.dir/src/can_send.cpp.o[0m
[1.912s] [01m[K/home/chen/sentry_try/sentry_ws/src/can_comm/src/can_send.cpp:261:5:[m[K [01;31m[Kerror: [m[K‘[01m[KCanSender::~CanSender()[m[K’ cannot be overloaded with ‘[01m[KCanSender::~CanSender()[m[K’
[1.912s]   261 |     [01;31m[K~[m[KCanSender() override { if (send_fd_ >= 0) close(send_fd_); }
[1.912s]       |     [01;31m[K^[m[K
[1.912s] [01m[K/home/chen/sentry_try/sentry_ws/src/can_comm/src/can_send.cpp:127:5:[m[K [01;36m[Knote: [m[Kprevious declaration ‘[01m[KCanSender::~CanSender()[m[K’
[1.912s]   127 |     [01;36m[K~[m[KCanSender() override = default;
[1.912s]       |     [01;36m[K^[m[K
[1.949s] [01m[K/home/chen/sentry_try/sentry_ws/src/can_comm/src/can_send.cpp:[m[K In constructor ‘[01m[KCanSender::CanSender()[m[K’:
[1.949s] [01m[K/home/chen/sentry_try/sentry_ws/src/can_comm/src/can_send.cpp:44:13:[m[K [01;35m[Kwarning: [m[Kunused variable ‘[01m[Ksend_freq[m[K’ [[01;35m[K]8;;https://gcc.gnu.org/onlinedocs/gcc/Warning-Options.html#index-Wunused-variable-Wunused-variable]8;;[m[K]
[1.949s]    44 |         int [01;35m[Ksend_freq[m[K = this->get_parameter("send_freq").as_int();
[1.949s]       |             [01;35m[K^~~~~~~~~[m[K
[1.958s] [01m[K/home/chen/sentry_try/sentry_ws/src/can_comm/src/can_send.cpp:[m[K In member function ‘[01m[Kvoid CanSender::SendFrame()[m[K’:
[1.958s] [01m[K/home/chen/sentry_try/sentry_ws/src/can_comm/src/can_send.cpp:141:12:[m[K [01;31m[Kerror: [m[K‘[01m[Kcan_[m[K’ was not declared in this scope
[1.958s]   141 |        if(![01;31m[Kcan_[m[K){return;}
[1.958s]       |            [01;31m[K^~~~[m[K
[5.745s] gmake[2]: *** [CMakeFiles/can_send_node.dir/build.make:76：CMakeFiles/can_send_node.dir/src/can_send.cpp.o] 错误 1
[5.745s] gmake[1]: *** [CMakeFiles/Makefile2:165：CMakeFiles/can_send_node.dir/all] 错误 2
[5.746s] gmake: *** [Makefile:146：all] 错误 2
[5.748s] Invoked command in '/home/chen/sentry_try/sentry_ws/build/can_comm' returned '2': AMENT_PREFIX_PATH=/home/chen/sentry_try/sentry_ws/install/sentry_msgs:${AMENT_PREFIX_PATH} CMAKE_PREFIX_PATH=/home/chen/sentry_try/sentry_ws/install/sentry_msgs:/opt/ros/humble LD_LIBRARY_PATH=/home/chen/sentry_try/sentry_ws/install/sentry_msgs/lib:${LD_LIBRARY_PATH} PYTHONPATH=/home/chen/sentry_try/sentry_ws/install/sentry_msgs/local/lib/python3.10/dist-packages:${PYTHONPATH} /usr/bin/cmake --build /home/chen/sentry_try/sentry_ws/build/can_comm -- -j16 -l16
