[0.065s] DEBUG:colcon:Command line arguments: ['/usr/bin/colcon', 'build', '--packages-select', 'bringup', 'can_comm', 'sentry_eval_bt']
[0.065s] DEBUG:colcon:Parsed command line arguments: Namespace(log_base=None, log_level=None, verb_name='build', build_base='build', install_base='install', merge_install=False, symlink_install=False, test_result_base=None, continue_on_error=False, executor='parallel', parallel_workers=16, event_handlers=None, ignore_user_meta=False, metas=['./colcon.meta'], base_paths=['.'], packages_ignore=None, packages_ignore_regex=None, paths=None, packages_up_to=None, packages_up_to_regex=None, packages_above=None, packages_above_and_dependencies=None, packages_above_depth=None, packages_select_by_dep=None, packages_skip_by_dep=None, packages_skip_up_to=None, packages_select_build_failed=False, packages_skip_build_finished=False, packages_select_test_failures=False, packages_skip_test_passed=False, packages_select=['bringup', 'can_comm', 'sentry_eval_bt'], packages_skip=None, packages_select_regex=None, packages_skip_regex=None, packages_start=None, packages_end=None, allow_overriding=[], cmake_args=None, cmake_target=None, cmake_target_skip_unavailable=False, cmake_clean_cache=False, cmake_clean_first=False, cmake_force_configure=False, ament_cmake_args=None, catkin_cmake_args=None, catkin_skip_building_tests=False, verb_parser=<colcon_defaults.argument_parser.defaults.DefaultArgumentsDecorator object at 0x726a7c773460>, verb_extension=<colcon_core.verb.build.BuildVerb object at 0x726a7c8b8c70>, main=<bound method BuildVerb.main of <colcon_core.verb.build.BuildVerb object at 0x726a7c8b8c70>>)
[0.184s] Level 1:colcon.colcon_core.package_discovery:discover_packages(colcon_meta) check parameters
[0.184s] Level 1:colcon.colcon_core.package_discovery:discover_packages(recursive) check parameters
[0.184s] Level 1:colcon.colcon_core.package_discovery:discover_packages(ignore) check parameters
[0.184s] Level 1:colcon.colcon_core.package_discovery:discover_packages(path) check parameters
[0.184s] Level 1:colcon.colcon_core.package_discovery:discover_packages(colcon_meta) discover
[0.184s] Level 1:colcon.colcon_core.package_discovery:discover_packages(recursive) discover
[0.184s] INFO:colcon.colcon_core.package_discovery:Crawling recursively for packages in '/home/chen/sentry_try/sentry_ws'
[0.184s] Level 1:colcon.colcon_core.package_identification:_identify(.) by extensions ['ignore', 'ignore_ament_install']
[0.185s] Level 1:colcon.colcon_core.package_identification:_identify(.) by extension 'ignore'
[0.185s] Level 1:colcon.colcon_core.package_identification:_identify(.) by extension 'ignore_ament_install'
[0.185s] Level 1:colcon.colcon_core.package_identification:_identify(.) by extensions ['colcon_pkg']
[0.185s] Level 1:colcon.colcon_core.package_identification:_identify(.) by extension 'colcon_pkg'
[0.185s] Level 1:colcon.colcon_core.package_identification:_identify(.) by extensions ['colcon_meta']
[0.185s] Level 1:colcon.colcon_core.package_identification:_identify(.) by extension 'colcon_meta'
[0.185s] Level 1:colcon.colcon_core.package_identification:_identify(.) by extensions ['ros']
[0.185s] Level 1:colcon.colcon_core.package_identification:_identify(.) by extension 'ros'
[0.192s] Level 1:colcon.colcon_core.package_identification:_identify(.) by extensions ['cmake', 'python']
[0.192s] Level 1:colcon.colcon_core.package_identification:_identify(.) by extension 'cmake'
[0.192s] Level 1:colcon.colcon_core.package_identification:_identify(.) by extension 'python'
[0.192s] Level 1:colcon.colcon_core.package_identification:_identify(.) by extensions ['python_setup_py']
[0.192s] Level 1:colcon.colcon_core.package_identification:_identify(.) by extension 'python_setup_py'
[0.192s] Level 1:colcon.colcon_core.package_identification:_identify(build) by extensions ['ignore', 'ignore_ament_install']
[0.192s] Level 1:colcon.colcon_core.package_identification:_identify(build) by extension 'ignore'
[0.192s] Level 1:colcon.colcon_core.package_identification:_identify(build) ignored
[0.192s] Level 1:colcon.colcon_core.package_identification:_identify(install) by extensions ['ignore', 'ignore_ament_install']
[0.192s] Level 1:colcon.colcon_core.package_identification:_identify(install) by extension 'ignore'
[0.192s] Level 1:colcon.colcon_core.package_identification:_identify(install) ignored
[0.192s] Level 1:colcon.colcon_core.package_identification:_identify(log) by extensions ['ignore', 'ignore_ament_install']
[0.193s] Level 1:colcon.colcon_core.package_identification:_identify(log) by extension 'ignore'
[0.193s] Level 1:colcon.colcon_core.package_identification:_identify(log) ignored
[0.193s] Level 1:colcon.colcon_core.package_identification:_identify(src) by extensions ['ignore', 'ignore_ament_install']
[0.193s] Level 1:colcon.colcon_core.package_identification:_identify(src) by extension 'ignore'
[0.193s] Level 1:colcon.colcon_core.package_identification:_identify(src) by extension 'ignore_ament_install'
[0.193s] Level 1:colcon.colcon_core.package_identification:_identify(src) by extensions ['colcon_pkg']
[0.193s] Level 1:colcon.colcon_core.package_identification:_identify(src) by extension 'colcon_pkg'
[0.193s] Level 1:colcon.colcon_core.package_identification:_identify(src) by extensions ['colcon_meta']
[0.193s] Level 1:colcon.colcon_core.package_identification:_identify(src) by extension 'colcon_meta'
[0.193s] Level 1:colcon.colcon_core.package_identification:_identify(src) by extensions ['ros']
[0.193s] Level 1:colcon.colcon_core.package_identification:_identify(src) by extension 'ros'
[0.193s] Level 1:colcon.colcon_core.package_identification:_identify(src) by extensions ['cmake', 'python']
[0.193s] Level 1:colcon.colcon_core.package_identification:_identify(src) by extension 'cmake'
[0.193s] Level 1:colcon.colcon_core.package_identification:_identify(src) by extension 'python'
[0.193s] Level 1:colcon.colcon_core.package_identification:_identify(src) by extensions ['python_setup_py']
[0.193s] Level 1:colcon.colcon_core.package_identification:_identify(src) by extension 'python_setup_py'
[0.193s] Level 1:colcon.colcon_core.package_identification:_identify(src/FAST_LIO) by extensions ['ignore', 'ignore_ament_install']
[0.193s] Level 1:colcon.colcon_core.package_identification:_identify(src/FAST_LIO) by extension 'ignore'
[0.193s] Level 1:colcon.colcon_core.package_identification:_identify(src/FAST_LIO) by extension 'ignore_ament_install'
[0.193s] Level 1:colcon.colcon_core.package_identification:_identify(src/FAST_LIO) by extensions ['colcon_pkg']
[0.193s] Level 1:colcon.colcon_core.package_identification:_identify(src/FAST_LIO) by extension 'colcon_pkg'
[0.193s] Level 1:colcon.colcon_core.package_identification:_identify(src/FAST_LIO) by extensions ['colcon_meta']
[0.193s] Level 1:colcon.colcon_core.package_identification:_identify(src/FAST_LIO) by extension 'colcon_meta'
[0.193s] Level 1:colcon.colcon_core.package_identification:_identify(src/FAST_LIO) by extensions ['ros']
[0.193s] Level 1:colcon.colcon_core.package_identification:_identify(src/FAST_LIO) by extension 'ros'
[0.195s] DEBUG:colcon.colcon_core.package_identification:Package 'src/FAST_LIO' with type 'ros.ament_cmake' and name 'fast_lio'
[0.195s] Level 1:colcon.colcon_core.package_identification:_identify(src/bringup) by extensions ['ignore', 'ignore_ament_install']
[0.195s] Level 1:colcon.colcon_core.package_identification:_identify(src/bringup) by extension 'ignore'
[0.195s] Level 1:colcon.colcon_core.package_identification:_identify(src/bringup) by extension 'ignore_ament_install'
[0.195s] Level 1:colcon.colcon_core.package_identification:_identify(src/bringup) by extensions ['colcon_pkg']
[0.195s] Level 1:colcon.colcon_core.package_identification:_identify(src/bringup) by extension 'colcon_pkg'
[0.195s] Level 1:colcon.colcon_core.package_identification:_identify(src/bringup) by extensions ['colcon_meta']
[0.195s] Level 1:colcon.colcon_core.package_identification:_identify(src/bringup) by extension 'colcon_meta'
[0.195s] Level 1:colcon.colcon_core.package_identification:_identify(src/bringup) by extensions ['ros']
[0.195s] Level 1:colcon.colcon_core.package_identification:_identify(src/bringup) by extension 'ros'
[0.196s] DEBUG:colcon.colcon_core.package_identification:Package 'src/bringup' with type 'ros.ament_cmake' and name 'bringup'
[0.196s] Level 1:colcon.colcon_core.package_identification:_identify(src/can_comm) by extensions ['ignore', 'ignore_ament_install']
[0.196s] Level 1:colcon.colcon_core.package_identification:_identify(src/can_comm) by extension 'ignore'
[0.196s] Level 1:colcon.colcon_core.package_identification:_identify(src/can_comm) by extension 'ignore_ament_install'
[0.196s] Level 1:colcon.colcon_core.package_identification:_identify(src/can_comm) by extensions ['colcon_pkg']
[0.196s] Level 1:colcon.colcon_core.package_identification:_identify(src/can_comm) by extension 'colcon_pkg'
[0.196s] Level 1:colcon.colcon_core.package_identification:_identify(src/can_comm) by extensions ['colcon_meta']
[0.196s] Level 1:colcon.colcon_core.package_identification:_identify(src/can_comm) by extension 'colcon_meta'
[0.196s] Level 1:colcon.colcon_core.package_identification:_identify(src/can_comm) by extensions ['ros']
[0.196s] Level 1:colcon.colcon_core.package_identification:_identify(src/can_comm) by extension 'ros'
[0.197s] DEBUG:colcon.colcon_core.package_identification:Package 'src/can_comm' with type 'ros.ament_cmake' and name 'can_comm'
[0.197s] Level 1:colcon.colcon_core.package_identification:_identify(src/lightning-lm) by extensions ['ignore', 'ignore_ament_install']
[0.197s] Level 1:colcon.colcon_core.package_identification:_identify(src/lightning-lm) by extension 'ignore'
[0.197s] Level 1:colcon.colcon_core.package_identification:_identify(src/lightning-lm) by extension 'ignore_ament_install'
[0.197s] Level 1:colcon.colcon_core.package_identification:_identify(src/lightning-lm) by extensions ['colcon_pkg']
[0.197s] Level 1:colcon.colcon_core.package_identification:_identify(src/lightning-lm) by extension 'colcon_pkg'
[0.197s] Level 1:colcon.colcon_core.package_identification:_identify(src/lightning-lm) by extensions ['colcon_meta']
[0.197s] Level 1:colcon.colcon_core.package_identification:_identify(src/lightning-lm) by extension 'colcon_meta'
[0.197s] Level 1:colcon.colcon_core.package_identification:_identify(src/lightning-lm) by extensions ['ros']
[0.197s] Level 1:colcon.colcon_core.package_identification:_identify(src/lightning-lm) by extension 'ros'
[0.198s] DEBUG:colcon.colcon_core.package_identification:Package 'src/lightning-lm' with type 'ros.ament_cmake' and name 'lightning'
[0.198s] Level 1:colcon.colcon_core.package_identification:_identify(src/livox_ros_driver2_humble) by extensions ['ignore', 'ignore_ament_install']
[0.198s] Level 1:colcon.colcon_core.package_identification:_identify(src/livox_ros_driver2_humble) by extension 'ignore'
[0.198s] Level 1:colcon.colcon_core.package_identification:_identify(src/livox_ros_driver2_humble) by extension 'ignore_ament_install'
[0.198s] Level 1:colcon.colcon_core.package_identification:_identify(src/livox_ros_driver2_humble) by extensions ['colcon_pkg']
[0.198s] Level 1:colcon.colcon_core.package_identification:_identify(src/livox_ros_driver2_humble) by extension 'colcon_pkg'
[0.198s] Level 1:colcon.colcon_core.package_identification:_identify(src/livox_ros_driver2_humble) by extensions ['colcon_meta']
[0.198s] Level 1:colcon.colcon_core.package_identification:_identify(src/livox_ros_driver2_humble) by extension 'colcon_meta'
[0.198s] Level 1:colcon.colcon_core.package_identification:_identify(src/livox_ros_driver2_humble) by extensions ['ros']
[0.198s] Level 1:colcon.colcon_core.package_identification:_identify(src/livox_ros_driver2_humble) by extension 'ros'
[0.198s] Level 1:colcon.colcon_core.package_identification:_identify(src/livox_ros_driver2_humble) by extensions ['cmake', 'python']
[0.198s] Level 1:colcon.colcon_core.package_identification:_identify(src/livox_ros_driver2_humble) by extension 'cmake'
[0.198s] Level 1:colcon.colcon_core.package_identification:_identify(src/livox_ros_driver2_humble) by extension 'python'
[0.198s] Level 1:colcon.colcon_core.package_identification:_identify(src/livox_ros_driver2_humble) by extensions ['python_setup_py']
[0.198s] Level 1:colcon.colcon_core.package_identification:_identify(src/livox_ros_driver2_humble) by extension 'python_setup_py'
[0.198s] Level 1:colcon.colcon_core.package_identification:_identify(src/livox_ros_driver2_humble/src) by extensions ['ignore', 'ignore_ament_install']
[0.198s] Level 1:colcon.colcon_core.package_identification:_identify(src/livox_ros_driver2_humble/src) by extension 'ignore'
[0.198s] Level 1:colcon.colcon_core.package_identification:_identify(src/livox_ros_driver2_humble/src) by extension 'ignore_ament_install'
[0.198s] Level 1:colcon.colcon_core.package_identification:_identify(src/livox_ros_driver2_humble/src) by extensions ['colcon_pkg']
[0.198s] Level 1:colcon.colcon_core.package_identification:_identify(src/livox_ros_driver2_humble/src) by extension 'colcon_pkg'
[0.198s] Level 1:colcon.colcon_core.package_identification:_identify(src/livox_ros_driver2_humble/src) by extensions ['colcon_meta']
[0.198s] Level 1:colcon.colcon_core.package_identification:_identify(src/livox_ros_driver2_humble/src) by extension 'colcon_meta'
[0.198s] Level 1:colcon.colcon_core.package_identification:_identify(src/livox_ros_driver2_humble/src) by extensions ['ros']
[0.198s] Level 1:colcon.colcon_core.package_identification:_identify(src/livox_ros_driver2_humble/src) by extension 'ros'
[0.199s] DEBUG:colcon.colcon_core.package_identification:Package 'src/livox_ros_driver2_humble/src' with type 'ros.ament_cmake' and name 'livox_ros_driver2'
[0.199s] Level 1:colcon.colcon_core.package_identification:_identify(src/livox_to_scan) by extensions ['ignore', 'ignore_ament_install']
[0.199s] Level 1:colcon.colcon_core.package_identification:_identify(src/livox_to_scan) by extension 'ignore'
[0.199s] Level 1:colcon.colcon_core.package_identification:_identify(src/livox_to_scan) by extension 'ignore_ament_install'
[0.199s] Level 1:colcon.colcon_core.package_identification:_identify(src/livox_to_scan) by extensions ['colcon_pkg']
[0.199s] Level 1:colcon.colcon_core.package_identification:_identify(src/livox_to_scan) by extension 'colcon_pkg'
[0.199s] Level 1:colcon.colcon_core.package_identification:_identify(src/livox_to_scan) by extensions ['colcon_meta']
[0.199s] Level 1:colcon.colcon_core.package_identification:_identify(src/livox_to_scan) by extension 'colcon_meta'
[0.199s] Level 1:colcon.colcon_core.package_identification:_identify(src/livox_to_scan) by extensions ['ros']
[0.199s] Level 1:colcon.colcon_core.package_identification:_identify(src/livox_to_scan) by extension 'ros'
[0.199s] DEBUG:colcon.colcon_core.package_identification:Package 'src/livox_to_scan' with type 'ros.ament_cmake' and name 'livox_to_scan'
[0.200s] Level 1:colcon.colcon_core.package_identification:_identify(src/nav2_plugins) by extensions ['ignore', 'ignore_ament_install']
[0.200s] Level 1:colcon.colcon_core.package_identification:_identify(src/nav2_plugins) by extension 'ignore'
[0.200s] Level 1:colcon.colcon_core.package_identification:_identify(src/nav2_plugins) by extension 'ignore_ament_install'
[0.200s] Level 1:colcon.colcon_core.package_identification:_identify(src/nav2_plugins) by extensions ['colcon_pkg']
[0.200s] Level 1:colcon.colcon_core.package_identification:_identify(src/nav2_plugins) by extension 'colcon_pkg'
[0.200s] Level 1:colcon.colcon_core.package_identification:_identify(src/nav2_plugins) by extensions ['colcon_meta']
[0.200s] Level 1:colcon.colcon_core.package_identification:_identify(src/nav2_plugins) by extension 'colcon_meta'
[0.200s] Level 1:colcon.colcon_core.package_identification:_identify(src/nav2_plugins) by extensions ['ros']
[0.200s] Level 1:colcon.colcon_core.package_identification:_identify(src/nav2_plugins) by extension 'ros'
[0.201s] Level 1:colcon.colcon_core.package_identification:_identify(src/nav2_plugins) by extensions ['cmake', 'python']
[0.201s] Level 1:colcon.colcon_core.package_identification:_identify(src/nav2_plugins) by extension 'cmake'
[0.201s] Level 1:colcon.colcon_core.package_identification:_identify(src/nav2_plugins) by extension 'python'
[0.201s] Level 1:colcon.colcon_core.package_identification:_identify(src/nav2_plugins) by extensions ['python_setup_py']
[0.201s] Level 1:colcon.colcon_core.package_identification:_identify(src/nav2_plugins) by extension 'python_setup_py'
[0.201s] Level 1:colcon.colcon_core.package_identification:_identify(src/nav2_plugins/costmap_intensity) by extensions ['ignore', 'ignore_ament_install']
[0.201s] Level 1:colcon.colcon_core.package_identification:_identify(src/nav2_plugins/costmap_intensity) by extension 'ignore'
[0.201s] Level 1:colcon.colcon_core.package_identification:_identify(src/nav2_plugins/costmap_intensity) by extension 'ignore_ament_install'
[0.201s] Level 1:colcon.colcon_core.package_identification:_identify(src/nav2_plugins/costmap_intensity) by extensions ['colcon_pkg']
[0.201s] Level 1:colcon.colcon_core.package_identification:_identify(src/nav2_plugins/costmap_intensity) by extension 'colcon_pkg'
[0.201s] Level 1:colcon.colcon_core.package_identification:_identify(src/nav2_plugins/costmap_intensity) by extensions ['colcon_meta']
[0.201s] Level 1:colcon.colcon_core.package_identification:_identify(src/nav2_plugins/costmap_intensity) by extension 'colcon_meta'
[0.201s] Level 1:colcon.colcon_core.package_identification:_identify(src/nav2_plugins/costmap_intensity) by extensions ['ros']
[0.201s] Level 1:colcon.colcon_core.package_identification:_identify(src/nav2_plugins/costmap_intensity) by extension 'ros'
[0.202s] DEBUG:colcon.colcon_core.package_identification:Package 'src/nav2_plugins/costmap_intensity' with type 'ros.ament_cmake' and name 'costmap_intensity'
[0.202s] Level 1:colcon.colcon_core.package_identification:_identify(src/nav2_plugins/costmap_voxel) by extensions ['ignore', 'ignore_ament_install']
[0.202s] Level 1:colcon.colcon_core.package_identification:_identify(src/nav2_plugins/costmap_voxel) by extension 'ignore'
[0.202s] Level 1:colcon.colcon_core.package_identification:_identify(src/nav2_plugins/costmap_voxel) by extension 'ignore_ament_install'
[0.202s] Level 1:colcon.colcon_core.package_identification:_identify(src/nav2_plugins/costmap_voxel) by extensions ['colcon_pkg']
[0.202s] Level 1:colcon.colcon_core.package_identification:_identify(src/nav2_plugins/costmap_voxel) by extension 'colcon_pkg'
[0.202s] Level 1:colcon.colcon_core.package_identification:_identify(src/nav2_plugins/costmap_voxel) by extensions ['colcon_meta']
[0.202s] Level 1:colcon.colcon_core.package_identification:_identify(src/nav2_plugins/costmap_voxel) by extension 'colcon_meta'
[0.202s] Level 1:colcon.colcon_core.package_identification:_identify(src/nav2_plugins/costmap_voxel) by extensions ['ros']
[0.202s] Level 1:colcon.colcon_core.package_identification:_identify(src/nav2_plugins/costmap_voxel) by extension 'ros'
[0.203s] DEBUG:colcon.colcon_core.package_identification:Package 'src/nav2_plugins/costmap_voxel' with type 'ros.ament_cmake' and name 'costmap_voxel'
[0.203s] Level 1:colcon.colcon_core.package_identification:_identify(src/nav2_plugins/goal_approach_controller) by extensions ['ignore', 'ignore_ament_install']
[0.203s] Level 1:colcon.colcon_core.package_identification:_identify(src/nav2_plugins/goal_approach_controller) by extension 'ignore'
[0.203s] Level 1:colcon.colcon_core.package_identification:_identify(src/nav2_plugins/goal_approach_controller) by extension 'ignore_ament_install'
[0.203s] Level 1:colcon.colcon_core.package_identification:_identify(src/nav2_plugins/goal_approach_controller) by extensions ['colcon_pkg']
[0.203s] Level 1:colcon.colcon_core.package_identification:_identify(src/nav2_plugins/goal_approach_controller) by extension 'colcon_pkg'
[0.203s] Level 1:colcon.colcon_core.package_identification:_identify(src/nav2_plugins/goal_approach_controller) by extensions ['colcon_meta']
[0.203s] Level 1:colcon.colcon_core.package_identification:_identify(src/nav2_plugins/goal_approach_controller) by extension 'colcon_meta'
[0.203s] Level 1:colcon.colcon_core.package_identification:_identify(src/nav2_plugins/goal_approach_controller) by extensions ['ros']
[0.203s] Level 1:colcon.colcon_core.package_identification:_identify(src/nav2_plugins/goal_approach_controller) by extension 'ros'
[0.204s] DEBUG:colcon.colcon_core.package_identification:Package 'src/nav2_plugins/goal_approach_controller' with type 'ros.ament_cmake' and name 'goal_approach_controller'
[0.204s] Level 1:colcon.colcon_core.package_identification:_identify(src/nav2_plugins/pb_nav2_plugins) by extensions ['ignore', 'ignore_ament_install']
[0.204s] Level 1:colcon.colcon_core.package_identification:_identify(src/nav2_plugins/pb_nav2_plugins) by extension 'ignore'
[0.204s] Level 1:colcon.colcon_core.package_identification:_identify(src/nav2_plugins/pb_nav2_plugins) by extension 'ignore_ament_install'
[0.204s] Level 1:colcon.colcon_core.package_identification:_identify(src/nav2_plugins/pb_nav2_plugins) by extensions ['colcon_pkg']
[0.204s] Level 1:colcon.colcon_core.package_identification:_identify(src/nav2_plugins/pb_nav2_plugins) by extension 'colcon_pkg'
[0.204s] Level 1:colcon.colcon_core.package_identification:_identify(src/nav2_plugins/pb_nav2_plugins) by extensions ['colcon_meta']
[0.204s] Level 1:colcon.colcon_core.package_identification:_identify(src/nav2_plugins/pb_nav2_plugins) by extension 'colcon_meta'
[0.204s] Level 1:colcon.colcon_core.package_identification:_identify(src/nav2_plugins/pb_nav2_plugins) by extensions ['ros']
[0.204s] Level 1:colcon.colcon_core.package_identification:_identify(src/nav2_plugins/pb_nav2_plugins) by extension 'ros'
[0.205s] DEBUG:colcon.colcon_core.package_identification:Package 'src/nav2_plugins/pb_nav2_plugins' with type 'ros.ament_cmake' and name 'pb_nav2_plugins'
[0.205s] Level 1:colcon.colcon_core.package_identification:_identify(src/pcd_to_nav_map) by extensions ['ignore', 'ignore_ament_install']
[0.205s] Level 1:colcon.colcon_core.package_identification:_identify(src/pcd_to_nav_map) by extension 'ignore'
[0.205s] Level 1:colcon.colcon_core.package_identification:_identify(src/pcd_to_nav_map) ignored
[0.205s] Level 1:colcon.colcon_core.package_identification:_identify(src/rm_referee_mock) by extensions ['ignore', 'ignore_ament_install']
[0.205s] Level 1:colcon.colcon_core.package_identification:_identify(src/rm_referee_mock) by extension 'ignore'
[0.205s] Level 1:colcon.colcon_core.package_identification:_identify(src/rm_referee_mock) by extension 'ignore_ament_install'
[0.205s] Level 1:colcon.colcon_core.package_identification:_identify(src/rm_referee_mock) by extensions ['colcon_pkg']
[0.205s] Level 1:colcon.colcon_core.package_identification:_identify(src/rm_referee_mock) by extension 'colcon_pkg'
[0.205s] Level 1:colcon.colcon_core.package_identification:_identify(src/rm_referee_mock) by extensions ['colcon_meta']
[0.205s] Level 1:colcon.colcon_core.package_identification:_identify(src/rm_referee_mock) by extension 'colcon_meta'
[0.205s] Level 1:colcon.colcon_core.package_identification:_identify(src/rm_referee_mock) by extensions ['ros']
[0.205s] Level 1:colcon.colcon_core.package_identification:_identify(src/rm_referee_mock) by extension 'ros'
[0.206s] DEBUG:colcon.colcon_core.package_identification:Package 'src/rm_referee_mock' with type 'ros.ament_cmake' and name 'rm_referee_mock'
[0.206s] Level 1:colcon.colcon_core.package_identification:_identify(src/rm_referee_ros2) by extensions ['ignore', 'ignore_ament_install']
[0.206s] Level 1:colcon.colcon_core.package_identification:_identify(src/rm_referee_ros2) by extension 'ignore'
[0.206s] Level 1:colcon.colcon_core.package_identification:_identify(src/rm_referee_ros2) by extension 'ignore_ament_install'
[0.206s] Level 1:colcon.colcon_core.package_identification:_identify(src/rm_referee_ros2) by extensions ['colcon_pkg']
[0.206s] Level 1:colcon.colcon_core.package_identification:_identify(src/rm_referee_ros2) by extension 'colcon_pkg'
[0.206s] Level 1:colcon.colcon_core.package_identification:_identify(src/rm_referee_ros2) by extensions ['colcon_meta']
[0.206s] Level 1:colcon.colcon_core.package_identification:_identify(src/rm_referee_ros2) by extension 'colcon_meta'
[0.206s] Level 1:colcon.colcon_core.package_identification:_identify(src/rm_referee_ros2) by extensions ['ros']
[0.206s] Level 1:colcon.colcon_core.package_identification:_identify(src/rm_referee_ros2) by extension 'ros'
[0.206s] Level 1:colcon.colcon_core.package_identification:_identify(src/rm_referee_ros2) by extensions ['cmake', 'python']
[0.206s] Level 1:colcon.colcon_core.package_identification:_identify(src/rm_referee_ros2) by extension 'cmake'
[0.206s] Level 1:colcon.colcon_core.package_identification:_identify(src/rm_referee_ros2) by extension 'python'
[0.206s] Level 1:colcon.colcon_core.package_identification:_identify(src/rm_referee_ros2) by extensions ['python_setup_py']
[0.206s] Level 1:colcon.colcon_core.package_identification:_identify(src/rm_referee_ros2) by extension 'python_setup_py'
[0.207s] Level 1:colcon.colcon_core.package_identification:_identify(src/rm_referee_ros2/rm_referee) by extensions ['ignore', 'ignore_ament_install']
[0.207s] Level 1:colcon.colcon_core.package_identification:_identify(src/rm_referee_ros2/rm_referee) by extension 'ignore'
[0.207s] Level 1:colcon.colcon_core.package_identification:_identify(src/rm_referee_ros2/rm_referee) by extension 'ignore_ament_install'
[0.207s] Level 1:colcon.colcon_core.package_identification:_identify(src/rm_referee_ros2/rm_referee) by extensions ['colcon_pkg']
[0.207s] Level 1:colcon.colcon_core.package_identification:_identify(src/rm_referee_ros2/rm_referee) by extension 'colcon_pkg'
[0.207s] Level 1:colcon.colcon_core.package_identification:_identify(src/rm_referee_ros2/rm_referee) by extensions ['colcon_meta']
[0.207s] Level 1:colcon.colcon_core.package_identification:_identify(src/rm_referee_ros2/rm_referee) by extension 'colcon_meta'
[0.207s] Level 1:colcon.colcon_core.package_identification:_identify(src/rm_referee_ros2/rm_referee) by extensions ['ros']
[0.207s] Level 1:colcon.colcon_core.package_identification:_identify(src/rm_referee_ros2/rm_referee) by extension 'ros'
[0.207s] DEBUG:colcon.colcon_core.package_identification:Package 'src/rm_referee_ros2/rm_referee' with type 'ros.ament_cmake' and name 'rm_referee'
[0.207s] Level 1:colcon.colcon_core.package_identification:_identify(src/rm_referee_ros2/rm_referee_msgs) by extensions ['ignore', 'ignore_ament_install']
[0.207s] Level 1:colcon.colcon_core.package_identification:_identify(src/rm_referee_ros2/rm_referee_msgs) by extension 'ignore'
[0.207s] Level 1:colcon.colcon_core.package_identification:_identify(src/rm_referee_ros2/rm_referee_msgs) by extension 'ignore_ament_install'
[0.207s] Level 1:colcon.colcon_core.package_identification:_identify(src/rm_referee_ros2/rm_referee_msgs) by extensions ['colcon_pkg']
[0.207s] Level 1:colcon.colcon_core.package_identification:_identify(src/rm_referee_ros2/rm_referee_msgs) by extension 'colcon_pkg'
[0.207s] Level 1:colcon.colcon_core.package_identification:_identify(src/rm_referee_ros2/rm_referee_msgs) by extensions ['colcon_meta']
[0.207s] Level 1:colcon.colcon_core.package_identification:_identify(src/rm_referee_ros2/rm_referee_msgs) by extension 'colcon_meta'
[0.208s] Level 1:colcon.colcon_core.package_identification:_identify(src/rm_referee_ros2/rm_referee_msgs) by extensions ['ros']
[0.208s] Level 1:colcon.colcon_core.package_identification:_identify(src/rm_referee_ros2/rm_referee_msgs) by extension 'ros'
[0.208s] DEBUG:colcon.colcon_core.package_identification:Package 'src/rm_referee_ros2/rm_referee_msgs' with type 'ros.ament_cmake' and name 'rm_referee_msgs'
[0.208s] Level 1:colcon.colcon_core.package_identification:_identify(src/sentry_eval_bt) by extensions ['ignore', 'ignore_ament_install']
[0.208s] Level 1:colcon.colcon_core.package_identification:_identify(src/sentry_eval_bt) by extension 'ignore'
[0.208s] Level 1:colcon.colcon_core.package_identification:_identify(src/sentry_eval_bt) by extension 'ignore_ament_install'
[0.208s] Level 1:colcon.colcon_core.package_identification:_identify(src/sentry_eval_bt) by extensions ['colcon_pkg']
[0.208s] Level 1:colcon.colcon_core.package_identification:_identify(src/sentry_eval_bt) by extension 'colcon_pkg'
[0.208s] Level 1:colcon.colcon_core.package_identification:_identify(src/sentry_eval_bt) by extensions ['colcon_meta']
[0.208s] Level 1:colcon.colcon_core.package_identification:_identify(src/sentry_eval_bt) by extension 'colcon_meta'
[0.208s] Level 1:colcon.colcon_core.package_identification:_identify(src/sentry_eval_bt) by extensions ['ros']
[0.208s] Level 1:colcon.colcon_core.package_identification:_identify(src/sentry_eval_bt) by extension 'ros'
[0.209s] DEBUG:colcon.colcon_core.package_identification:Package 'src/sentry_eval_bt' with type 'ros.ament_cmake' and name 'sentry_eval_bt'
[0.209s] Level 1:colcon.colcon_core.package_identification:_identify(src/sentry_msgs) by extensions ['ignore', 'ignore_ament_install']
[0.209s] Level 1:colcon.colcon_core.package_identification:_identify(src/sentry_msgs) by extension 'ignore'
[0.209s] Level 1:colcon.colcon_core.package_identification:_identify(src/sentry_msgs) by extension 'ignore_ament_install'
[0.209s] Level 1:colcon.colcon_core.package_identification:_identify(src/sentry_msgs) by extensions ['colcon_pkg']
[0.209s] Level 1:colcon.colcon_core.package_identification:_identify(src/sentry_msgs) by extension 'colcon_pkg'
[0.209s] Level 1:colcon.colcon_core.package_identification:_identify(src/sentry_msgs) by extensions ['colcon_meta']
[0.209s] Level 1:colcon.colcon_core.package_identification:_identify(src/sentry_msgs) by extension 'colcon_meta'
[0.209s] Level 1:colcon.colcon_core.package_identification:_identify(src/sentry_msgs) by extensions ['ros']
[0.209s] Level 1:colcon.colcon_core.package_identification:_identify(src/sentry_msgs) by extension 'ros'
[0.209s] DEBUG:colcon.colcon_core.package_identification:Package 'src/sentry_msgs' with type 'ros.ament_cmake' and name 'sentry_msgs'
[0.209s] Level 1:colcon.colcon_core.package_identification:_identify(src/serial_comm) by extensions ['ignore', 'ignore_ament_install']
[0.210s] Level 1:colcon.colcon_core.package_identification:_identify(src/serial_comm) by extension 'ignore'
[0.210s] Level 1:colcon.colcon_core.package_identification:_identify(src/serial_comm) by extension 'ignore_ament_install'
[0.210s] Level 1:colcon.colcon_core.package_identification:_identify(src/serial_comm) by extensions ['colcon_pkg']
[0.210s] Level 1:colcon.colcon_core.package_identification:_identify(src/serial_comm) by extension 'colcon_pkg'
[0.210s] Level 1:colcon.colcon_core.package_identification:_identify(src/serial_comm) by extensions ['colcon_meta']
[0.210s] Level 1:colcon.colcon_core.package_identification:_identify(src/serial_comm) by extension 'colcon_meta'
[0.210s] Level 1:colcon.colcon_core.package_identification:_identify(src/serial_comm) by extensions ['ros']
[0.210s] Level 1:colcon.colcon_core.package_identification:_identify(src/serial_comm) by extension 'ros'
[0.210s] DEBUG:colcon.colcon_core.package_identification:Package 'src/serial_comm' with type 'ros.ament_cmake' and name 'serial_comm'
[0.210s] Level 1:colcon.colcon_core.package_discovery:discover_packages(recursive) using defaults
[0.210s] Level 1:colcon.colcon_core.package_discovery:discover_packages(ignore) discover
[0.210s] Level 1:colcon.colcon_core.package_discovery:discover_packages(ignore) using defaults
[0.210s] Level 1:colcon.colcon_core.package_discovery:discover_packages(path) discover
[0.210s] Level 1:colcon.colcon_core.package_discovery:discover_packages(path) using defaults
[0.226s] INFO:colcon.colcon_core.package_selection:Skipping not selected package 'costmap_intensity' in 'src/nav2_plugins/costmap_intensity'
[0.226s] INFO:colcon.colcon_core.package_selection:Skipping not selected package 'costmap_voxel' in 'src/nav2_plugins/costmap_voxel'
[0.226s] INFO:colcon.colcon_core.package_selection:Skipping not selected package 'goal_approach_controller' in 'src/nav2_plugins/goal_approach_controller'
[0.226s] INFO:colcon.colcon_core.package_selection:Skipping not selected package 'livox_ros_driver2' in 'src/livox_ros_driver2_humble/src'
[0.226s] INFO:colcon.colcon_core.package_selection:Skipping not selected package 'pb_nav2_plugins' in 'src/nav2_plugins/pb_nav2_plugins'
[0.226s] INFO:colcon.colcon_core.package_selection:Skipping not selected package 'rm_referee_msgs' in 'src/rm_referee_ros2/rm_referee_msgs'
[0.226s] INFO:colcon.colcon_core.package_selection:Skipping not selected package 'sentry_msgs' in 'src/sentry_msgs'
[0.226s] INFO:colcon.colcon_core.package_selection:Skipping not selected package 'fast_lio' in 'src/FAST_LIO'
[0.226s] INFO:colcon.colcon_core.package_selection:Skipping not selected package 'lightning' in 'src/lightning-lm'
[0.226s] INFO:colcon.colcon_core.package_selection:Skipping not selected package 'livox_to_scan' in 'src/livox_to_scan'
[0.226s] INFO:colcon.colcon_core.package_selection:Skipping not selected package 'rm_referee' in 'src/rm_referee_ros2/rm_referee'
[0.226s] INFO:colcon.colcon_core.package_selection:Skipping not selected package 'rm_referee_mock' in 'src/rm_referee_mock'
[0.226s] INFO:colcon.colcon_core.package_selection:Skipping not selected package 'serial_comm' in 'src/serial_comm'
[0.226s] Level 1:colcon.colcon_core.package_discovery:discover_packages(prefix_path) check parameters
[0.226s] Level 1:colcon.colcon_core.package_discovery:discover_packages(prefix_path) discover
[0.228s] DEBUG:colcon.colcon_installed_package_information.package_discovery:Found 16 installed packages in /home/chen/sentry_try/sentry_ws/install
[0.229s] DEBUG:colcon.colcon_installed_package_information.package_discovery:Found 519 installed packages in /opt/ros/humble
[0.231s] Level 1:colcon.colcon_core.package_discovery:discover_packages(prefix_path) using defaults
[0.271s] Level 5:colcon.colcon_core.verb:set package 'bringup' build argument 'cmake_args' from command line to 'None'
[0.271s] Level 5:colcon.colcon_core.verb:set package 'bringup' build argument 'cmake_target' from command line to 'None'
[0.271s] Level 5:colcon.colcon_core.verb:set package 'bringup' build argument 'cmake_target_skip_unavailable' from command line to 'False'
[0.271s] Level 5:colcon.colcon_core.verb:set package 'bringup' build argument 'cmake_clean_cache' from command line to 'False'
[0.271s] Level 5:colcon.colcon_core.verb:set package 'bringup' build argument 'cmake_clean_first' from command line to 'False'
[0.271s] Level 5:colcon.colcon_core.verb:set package 'bringup' build argument 'cmake_force_configure' from command line to 'False'
[0.271s] Level 5:colcon.colcon_core.verb:set package 'bringup' build argument 'ament_cmake_args' from command line to 'None'
[0.271s] Level 5:colcon.colcon_core.verb:set package 'bringup' build argument 'catkin_cmake_args' from command line to 'None'
[0.271s] Level 5:colcon.colcon_core.verb:set package 'bringup' build argument 'catkin_skip_building_tests' from command line to 'False'
[0.271s] DEBUG:colcon.colcon_core.verb:Building package 'bringup' with the following arguments: {'ament_cmake_args': None, 'build_base': '/home/chen/sentry_try/sentry_ws/build/bringup', 'catkin_cmake_args': None, 'catkin_skip_building_tests': False, 'cmake_args': None, 'cmake_clean_cache': False, 'cmake_clean_first': False, 'cmake_force_configure': False, 'cmake_target': None, 'cmake_target_skip_unavailable': False, 'install_base': '/home/chen/sentry_try/sentry_ws/install/bringup', 'merge_install': False, 'path': '/home/chen/sentry_try/sentry_ws/src/bringup', 'symlink_install': False, 'test_result_base': None}
[0.271s] Level 5:colcon.colcon_core.verb:set package 'sentry_eval_bt' build argument 'cmake_args' from command line to 'None'
[0.271s] Level 5:colcon.colcon_core.verb:set package 'sentry_eval_bt' build argument 'cmake_target' from command line to 'None'
[0.271s] Level 5:colcon.colcon_core.verb:set package 'sentry_eval_bt' build argument 'cmake_target_skip_unavailable' from command line to 'False'
[0.271s] Level 5:colcon.colcon_core.verb:set package 'sentry_eval_bt' build argument 'cmake_clean_cache' from command line to 'False'
[0.271s] Level 5:colcon.colcon_core.verb:set package 'sentry_eval_bt' build argument 'cmake_clean_first' from command line to 'False'
[0.271s] Level 5:colcon.colcon_core.verb:set package 'sentry_eval_bt' build argument 'cmake_force_configure' from command line to 'False'
[0.271s] Level 5:colcon.colcon_core.verb:set package 'sentry_eval_bt' build argument 'ament_cmake_args' from command line to 'None'
[0.271s] Level 5:colcon.colcon_core.verb:set package 'sentry_eval_bt' build argument 'catkin_cmake_args' from command line to 'None'
[0.271s] Level 5:colcon.colcon_core.verb:set package 'sentry_eval_bt' build argument 'catkin_skip_building_tests' from command line to 'False'
[0.271s] DEBUG:colcon.colcon_core.verb:Building package 'sentry_eval_bt' with the following arguments: {'ament_cmake_args': None, 'build_base': '/home/chen/sentry_try/sentry_ws/build/sentry_eval_bt', 'catkin_cmake_args': None, 'catkin_skip_building_tests': False, 'cmake_args': None, 'cmake_clean_cache': False, 'cmake_clean_first': False, 'cmake_force_configure': False, 'cmake_target': None, 'cmake_target_skip_unavailable': False, 'install_base': '/home/chen/sentry_try/sentry_ws/install/sentry_eval_bt', 'merge_install': False, 'path': '/home/chen/sentry_try/sentry_ws/src/sentry_eval_bt', 'symlink_install': False, 'test_result_base': None}
[0.272s] Level 5:colcon.colcon_core.verb:set package 'can_comm' build argument 'cmake_args' from command line to 'None'
[0.272s] Level 5:colcon.colcon_core.verb:set package 'can_comm' build argument 'cmake_target' from command line to 'None'
[0.272s] Level 5:colcon.colcon_core.verb:set package 'can_comm' build argument 'cmake_target_skip_unavailable' from command line to 'False'
[0.272s] Level 5:colcon.colcon_core.verb:set package 'can_comm' build argument 'cmake_clean_cache' from command line to 'False'
[0.272s] Level 5:colcon.colcon_core.verb:set package 'can_comm' build argument 'cmake_clean_first' from command line to 'False'
[0.272s] Level 5:colcon.colcon_core.verb:set package 'can_comm' build argument 'cmake_force_configure' from command line to 'False'
[0.272s] Level 5:colcon.colcon_core.verb:set package 'can_comm' build argument 'ament_cmake_args' from command line to 'None'
[0.272s] Level 5:colcon.colcon_core.verb:set package 'can_comm' build argument 'catkin_cmake_args' from command line to 'None'
[0.272s] Level 5:colcon.colcon_core.verb:set package 'can_comm' build argument 'catkin_skip_building_tests' from command line to 'False'
[0.272s] DEBUG:colcon.colcon_core.verb:Building package 'can_comm' with the following arguments: {'ament_cmake_args': None, 'build_base': '/home/chen/sentry_try/sentry_ws/build/can_comm', 'catkin_cmake_args': None, 'catkin_skip_building_tests': False, 'cmake_args': None, 'cmake_clean_cache': False, 'cmake_clean_first': False, 'cmake_force_configure': False, 'cmake_target': None, 'cmake_target_skip_unavailable': False, 'install_base': '/home/chen/sentry_try/sentry_ws/install/can_comm', 'merge_install': False, 'path': '/home/chen/sentry_try/sentry_ws/src/can_comm', 'symlink_install': False, 'test_result_base': None}
[0.272s] INFO:colcon.colcon_core.executor:Executing jobs using 'parallel' executor
[0.273s] DEBUG:colcon.colcon_parallel_executor.executor.parallel:run_until_complete
[0.273s] INFO:colcon.colcon_ros.task.ament_cmake.build:Building ROS package in '/home/chen/sentry_try/sentry_ws/src/bringup' with build type 'ament_cmake'
[0.273s] INFO:colcon.colcon_cmake.task.cmake.build:Building CMake package in '/home/chen/sentry_try/sentry_ws/src/bringup'
[0.275s] INFO:colcon.colcon_core.plugin_system:Skipping extension 'colcon_core.shell.bat': Not used on non-Windows systems
[0.275s] INFO:colcon.colcon_core.shell:Skip shell extension 'powershell' for command environment: Not usable outside of PowerShell
[0.275s] DEBUG:colcon.colcon_core.shell:Skip shell extension 'dsv' for command environment
[0.278s] INFO:colcon.colcon_ros.task.ament_cmake.build:Building ROS package in '/home/chen/sentry_try/sentry_ws/src/sentry_eval_bt' with build type 'ament_cmake'
[0.278s] INFO:colcon.colcon_cmake.task.cmake.build:Building CMake package in '/home/chen/sentry_try/sentry_ws/src/sentry_eval_bt'
[0.279s] INFO:colcon.colcon_core.shell:Skip shell extension 'powershell' for command environment: Not usable outside of PowerShell
[0.279s] DEBUG:colcon.colcon_core.shell:Skip shell extension 'dsv' for command environment
[0.282s] INFO:colcon.colcon_ros.task.ament_cmake.build:Building ROS package in '/home/chen/sentry_try/sentry_ws/src/can_comm' with build type 'ament_cmake'
[0.282s] INFO:colcon.colcon_cmake.task.cmake.build:Building CMake package in '/home/chen/sentry_try/sentry_ws/src/can_comm'
[0.282s] INFO:colcon.colcon_core.shell:Skip shell extension 'powershell' for command environment: Not usable outside of PowerShell
[0.282s] DEBUG:colcon.colcon_core.shell:Skip shell extension 'dsv' for command environment
[0.289s] DEBUG:colcon.colcon_core.event_handler.log_command:Invoking command in '/home/chen/sentry_try/sentry_ws/build/bringup': CMAKE_PREFIX_PATH=${CMAKE_PREFIX_PATH}:/opt/ros/humble /usr/bin/cmake --build /home/chen/sentry_try/sentry_ws/build/bringup -- -j16 -l16
[0.292s] DEBUG:colcon.colcon_core.event_handler.log_command:Invoking command in '/home/chen/sentry_try/sentry_ws/build/sentry_eval_bt': CMAKE_PREFIX_PATH=${CMAKE_PREFIX_PATH}:/opt/ros/humble /usr/bin/cmake --build /home/chen/sentry_try/sentry_ws/build/sentry_eval_bt -- -j16 -l16
[0.294s] DEBUG:colcon.colcon_core.event_handler.log_command:Invoking command in '/home/chen/sentry_try/sentry_ws/build/can_comm': CMAKE_PREFIX_PATH=/home/chen/sentry_try/sentry_ws/install/sentry_msgs:/home/chen/sentry_try/sentry_ws/install/serial_comm:/home/chen/sentry_try/sentry_ws/install/can_comm:/home/chen/sentry_try/sentry_ws/install/sentry_eval_bt:/home/chen/sentry_try/sentry_ws/install/rm_referee_mock:/home/chen/sentry_try/sentry_ws/install/rm_referee:/home/chen/sentry_try/sentry_ws/install/lightning:/home/chen/sentry_try/sentry_ws/install/rm_referee_msgs:/home/chen/sentry_try/sentry_ws/install/pb_nav2_plugins:/home/chen/sentry_try/sentry_ws/install/livox_to_scan:/home/chen/sentry_try/sentry_ws/install/fast_lio:/home/chen/sentry_try/sentry_ws/install/livox_ros_driver2:/home/chen/sentry_try/sentry_ws/install/goal_approach_controller:/home/chen/sentry_try/sentry_ws/install/costmap_voxel:/home/chen/sentry_try/sentry_ws/install/costmap_intensity:/home/chen/sentry_try/sentry_ws/install/bringup:/opt/ros/humble /usr/bin/cmake --build /home/chen/sentry_try/sentry_ws/build/can_comm -- -j16 -l16
[0.319s] DEBUG:colcon.colcon_core.event_handler.log_command:Invoked command in '/home/chen/sentry_try/sentry_ws/build/bringup' returned '0': CMAKE_PREFIX_PATH=${CMAKE_PREFIX_PATH}:/opt/ros/humble /usr/bin/cmake --build /home/chen/sentry_try/sentry_ws/build/bringup -- -j16 -l16
[0.329s] DEBUG:colcon.colcon_core.event_handler.log_command:Invoking command in '/home/chen/sentry_try/sentry_ws/build/bringup': CMAKE_PREFIX_PATH=${CMAKE_PREFIX_PATH}:/opt/ros/humble /usr/bin/cmake --install /home/chen/sentry_try/sentry_ws/build/bringup
[0.337s] Level 1:colcon.colcon_core.environment:create_environment_scripts_only(bringup)
[0.338s] DEBUG:colcon.colcon_core.event_handler.log_command:Invoked command in '/home/chen/sentry_try/sentry_ws/build/bringup' returned '0': CMAKE_PREFIX_PATH=${CMAKE_PREFIX_PATH}:/opt/ros/humble /usr/bin/cmake --install /home/chen/sentry_try/sentry_ws/build/bringup
[0.339s] Level 1:colcon.colcon_core.environment:checking '/home/chen/sentry_try/sentry_ws/install/bringup' for CMake module files
[0.339s] Level 1:colcon.colcon_core.environment:checking '/home/chen/sentry_try/sentry_ws/install/bringup' for CMake config files
[0.340s] Level 1:colcon.colcon_core.shell:create_environment_hook('bringup', 'cmake_prefix_path')
[0.340s] INFO:colcon.colcon_core.shell:Creating environment hook '/home/chen/sentry_try/sentry_ws/install/bringup/share/bringup/hook/cmake_prefix_path.ps1'
[0.340s] INFO:colcon.colcon_core.shell:Creating environment descriptor '/home/chen/sentry_try/sentry_ws/install/bringup/share/bringup/hook/cmake_prefix_path.dsv'
[0.341s] INFO:colcon.colcon_core.shell:Creating environment hook '/home/chen/sentry_try/sentry_ws/install/bringup/share/bringup/hook/cmake_prefix_path.sh'
[0.341s] Level 1:colcon.colcon_core.environment:checking '/home/chen/sentry_try/sentry_ws/install/bringup/bin'
[0.341s] Level 1:colcon.colcon_core.environment:checking '/home/chen/sentry_try/sentry_ws/install/bringup/lib/pkgconfig/bringup.pc'
[0.341s] Level 1:colcon.colcon_core.environment:checking '/home/chen/sentry_try/sentry_ws/install/bringup/lib/python3.10/site-packages'
[0.342s] Level 1:colcon.colcon_core.environment:checking '/home/chen/sentry_try/sentry_ws/install/bringup/bin'
[0.342s] INFO:colcon.colcon_core.shell:Creating package script '/home/chen/sentry_try/sentry_ws/install/bringup/share/bringup/package.ps1'
[0.342s] INFO:colcon.colcon_core.shell:Creating package descriptor '/home/chen/sentry_try/sentry_ws/install/bringup/share/bringup/package.dsv'
[0.343s] INFO:colcon.colcon_core.shell:Creating package script '/home/chen/sentry_try/sentry_ws/install/bringup/share/bringup/package.sh'
[0.343s] INFO:colcon.colcon_core.shell:Creating package script '/home/chen/sentry_try/sentry_ws/install/bringup/share/bringup/package.bash'
[0.344s] INFO:colcon.colcon_core.shell:Creating package script '/home/chen/sentry_try/sentry_ws/install/bringup/share/bringup/package.zsh'
[0.344s] Level 1:colcon.colcon_core.environment:create_file_with_runtime_dependencies(/home/chen/sentry_try/sentry_ws/install/bringup/share/colcon-core/packages/bringup)
[0.344s] Level 1:colcon.colcon_core.environment:create_environment_scripts_only(bringup)
[0.345s] Level 1:colcon.colcon_core.environment:checking '/home/chen/sentry_try/sentry_ws/install/bringup' for CMake module files
[0.345s] Level 1:colcon.colcon_core.environment:checking '/home/chen/sentry_try/sentry_ws/install/bringup' for CMake config files
[0.345s] Level 1:colcon.colcon_core.shell:create_environment_hook('bringup', 'cmake_prefix_path')
[0.345s] INFO:colcon.colcon_core.shell:Creating environment hook '/home/chen/sentry_try/sentry_ws/install/bringup/share/bringup/hook/cmake_prefix_path.ps1'
[0.345s] INFO:colcon.colcon_core.shell:Creating environment descriptor '/home/chen/sentry_try/sentry_ws/install/bringup/share/bringup/hook/cmake_prefix_path.dsv'
[0.346s] INFO:colcon.colcon_core.shell:Creating environment hook '/home/chen/sentry_try/sentry_ws/install/bringup/share/bringup/hook/cmake_prefix_path.sh'
[0.346s] Level 1:colcon.colcon_core.environment:checking '/home/chen/sentry_try/sentry_ws/install/bringup/bin'
[0.346s] Level 1:colcon.colcon_core.environment:checking '/home/chen/sentry_try/sentry_ws/install/bringup/lib/pkgconfig/bringup.pc'
[0.346s] Level 1:colcon.colcon_core.environment:checking '/home/chen/sentry_try/sentry_ws/install/bringup/lib/python3.10/site-packages'
[0.346s] Level 1:colcon.colcon_core.environment:checking '/home/chen/sentry_try/sentry_ws/install/bringup/bin'
[0.347s] INFO:colcon.colcon_core.shell:Creating package script '/home/chen/sentry_try/sentry_ws/install/bringup/share/bringup/package.ps1'
[0.347s] INFO:colcon.colcon_core.shell:Creating package descriptor '/home/chen/sentry_try/sentry_ws/install/bringup/share/bringup/package.dsv'
[0.347s] INFO:colcon.colcon_core.shell:Creating package script '/home/chen/sentry_try/sentry_ws/install/bringup/share/bringup/package.sh'
[0.347s] INFO:colcon.colcon_core.shell:Creating package script '/home/chen/sentry_try/sentry_ws/install/bringup/share/bringup/package.bash'
[0.348s] INFO:colcon.colcon_core.shell:Creating package script '/home/chen/sentry_try/sentry_ws/install/bringup/share/bringup/package.zsh'
[0.348s] Level 1:colcon.colcon_core.environment:create_file_with_runtime_dependencies(/home/chen/sentry_try/sentry_ws/install/bringup/share/colcon-core/packages/bringup)
[0.352s] DEBUG:colcon.colcon_core.event_handler.log_command:Invoked command in '/home/chen/sentry_try/sentry_ws/build/sentry_eval_bt' returned '0': CMAKE_PREFIX_PATH=${CMAKE_PREFIX_PATH}:/opt/ros/humble /usr/bin/cmake --build /home/chen/sentry_try/sentry_ws/build/sentry_eval_bt -- -j16 -l16
[0.353s] DEBUG:colcon.colcon_core.event_handler.log_command:Invoking command in '/home/chen/sentry_try/sentry_ws/build/sentry_eval_bt': CMAKE_PREFIX_PATH=${CMAKE_PREFIX_PATH}:/opt/ros/humble /usr/bin/cmake --install /home/chen/sentry_try/sentry_ws/build/sentry_eval_bt
[0.362s] Level 1:colcon.colcon_core.environment:create_environment_scripts_only(sentry_eval_bt)
[0.362s] Level 1:colcon.colcon_core.environment:checking '/home/chen/sentry_try/sentry_ws/install/sentry_eval_bt' for CMake module files
[0.362s] DEBUG:colcon.colcon_core.event_handler.log_command:Invoked command in '/home/chen/sentry_try/sentry_ws/build/sentry_eval_bt' returned '0': CMAKE_PREFIX_PATH=${CMAKE_PREFIX_PATH}:/opt/ros/humble /usr/bin/cmake --install /home/chen/sentry_try/sentry_ws/build/sentry_eval_bt
[0.363s] Level 1:colcon.colcon_core.environment:checking '/home/chen/sentry_try/sentry_ws/install/sentry_eval_bt' for CMake config files
[0.363s] Level 1:colcon.colcon_core.shell:create_environment_hook('sentry_eval_bt', 'cmake_prefix_path')
[0.363s] INFO:colcon.colcon_core.shell:Creating environment hook '/home/chen/sentry_try/sentry_ws/install/sentry_eval_bt/share/sentry_eval_bt/hook/cmake_prefix_path.ps1'
[0.363s] INFO:colcon.colcon_core.shell:Creating environment descriptor '/home/chen/sentry_try/sentry_ws/install/sentry_eval_bt/share/sentry_eval_bt/hook/cmake_prefix_path.dsv'
[0.363s] INFO:colcon.colcon_core.shell:Creating environment hook '/home/chen/sentry_try/sentry_ws/install/sentry_eval_bt/share/sentry_eval_bt/hook/cmake_prefix_path.sh'
[0.364s] Level 1:colcon.colcon_core.environment:checking '/home/chen/sentry_try/sentry_ws/install/sentry_eval_bt/lib'
[0.364s] Level 1:colcon.colcon_core.environment:checking '/home/chen/sentry_try/sentry_ws/install/sentry_eval_bt/bin'
[0.364s] Level 1:colcon.colcon_core.environment:checking '/home/chen/sentry_try/sentry_ws/install/sentry_eval_bt/lib/pkgconfig/sentry_eval_bt.pc'
[0.364s] Level 1:colcon.colcon_core.environment:checking '/home/chen/sentry_try/sentry_ws/install/sentry_eval_bt/lib/python3.10/site-packages'
[0.364s] Level 1:colcon.colcon_core.environment:checking '/home/chen/sentry_try/sentry_ws/install/sentry_eval_bt/bin'
[0.364s] INFO:colcon.colcon_core.shell:Creating package script '/home/chen/sentry_try/sentry_ws/install/sentry_eval_bt/share/sentry_eval_bt/package.ps1'
[0.365s] INFO:colcon.colcon_core.shell:Creating package descriptor '/home/chen/sentry_try/sentry_ws/install/sentry_eval_bt/share/sentry_eval_bt/package.dsv'
[0.365s] INFO:colcon.colcon_core.shell:Creating package script '/home/chen/sentry_try/sentry_ws/install/sentry_eval_bt/share/sentry_eval_bt/package.sh'
[0.365s] INFO:colcon.colcon_core.shell:Creating package script '/home/chen/sentry_try/sentry_ws/install/sentry_eval_bt/share/sentry_eval_bt/package.bash'
[0.365s] INFO:colcon.colcon_core.shell:Creating package script '/home/chen/sentry_try/sentry_ws/install/sentry_eval_bt/share/sentry_eval_bt/package.zsh'
[0.365s] Level 1:colcon.colcon_core.environment:create_file_with_runtime_dependencies(/home/chen/sentry_try/sentry_ws/install/sentry_eval_bt/share/colcon-core/packages/sentry_eval_bt)
[0.366s] Level 1:colcon.colcon_core.environment:create_environment_scripts_only(sentry_eval_bt)
[0.366s] Level 1:colcon.colcon_core.environment:checking '/home/chen/sentry_try/sentry_ws/install/sentry_eval_bt' for CMake module files
[0.366s] Level 1:colcon.colcon_core.environment:checking '/home/chen/sentry_try/sentry_ws/install/sentry_eval_bt' for CMake config files
[0.366s] Level 1:colcon.colcon_core.shell:create_environment_hook('sentry_eval_bt', 'cmake_prefix_path')
[0.366s] INFO:colcon.colcon_core.shell:Creating environment hook '/home/chen/sentry_try/sentry_ws/install/sentry_eval_bt/share/sentry_eval_bt/hook/cmake_prefix_path.ps1'
[0.367s] INFO:colcon.colcon_core.shell:Creating environment descriptor '/home/chen/sentry_try/sentry_ws/install/sentry_eval_bt/share/sentry_eval_bt/hook/cmake_prefix_path.dsv'
[0.367s] INFO:colcon.colcon_core.shell:Creating environment hook '/home/chen/sentry_try/sentry_ws/install/sentry_eval_bt/share/sentry_eval_bt/hook/cmake_prefix_path.sh'
[0.367s] Level 1:colcon.colcon_core.environment:checking '/home/chen/sentry_try/sentry_ws/install/sentry_eval_bt/lib'
[0.367s] Level 1:colcon.colcon_core.environment:checking '/home/chen/sentry_try/sentry_ws/install/sentry_eval_bt/bin'
[0.367s] Level 1:colcon.colcon_core.environment:checking '/home/chen/sentry_try/sentry_ws/install/sentry_eval_bt/lib/pkgconfig/sentry_eval_bt.pc'
[0.367s] Level 1:colcon.colcon_core.environment:checking '/home/chen/sentry_try/sentry_ws/install/sentry_eval_bt/lib/python3.10/site-packages'
[0.368s] Level 1:colcon.colcon_core.environment:checking '/home/chen/sentry_try/sentry_ws/install/sentry_eval_bt/bin'
[0.368s] INFO:colcon.colcon_core.shell:Creating package script '/home/chen/sentry_try/sentry_ws/install/sentry_eval_bt/share/sentry_eval_bt/package.ps1'
[0.368s] INFO:colcon.colcon_core.shell:Creating package descriptor '/home/chen/sentry_try/sentry_ws/install/sentry_eval_bt/share/sentry_eval_bt/package.dsv'
[0.368s] INFO:colcon.colcon_core.shell:Creating package script '/home/chen/sentry_try/sentry_ws/install/sentry_eval_bt/share/sentry_eval_bt/package.sh'
[0.369s] INFO:colcon.colcon_core.shell:Creating package script '/home/chen/sentry_try/sentry_ws/install/sentry_eval_bt/share/sentry_eval_bt/package.bash'
[0.369s] INFO:colcon.colcon_core.shell:Creating package script '/home/chen/sentry_try/sentry_ws/install/sentry_eval_bt/share/sentry_eval_bt/package.zsh'
[0.369s] Level 1:colcon.colcon_core.environment:create_file_with_runtime_dependencies(/home/chen/sentry_try/sentry_ws/install/sentry_eval_bt/share/colcon-core/packages/sentry_eval_bt)
[0.876s] DEBUG:colcon.colcon_core.event_handler.log_command:Invoked command in '/home/chen/sentry_try/sentry_ws/build/can_comm' returned '0': CMAKE_PREFIX_PATH=/home/chen/sentry_try/sentry_ws/install/sentry_msgs:/home/chen/sentry_try/sentry_ws/install/serial_comm:/home/chen/sentry_try/sentry_ws/install/can_comm:/home/chen/sentry_try/sentry_ws/install/sentry_eval_bt:/home/chen/sentry_try/sentry_ws/install/rm_referee_mock:/home/chen/sentry_try/sentry_ws/install/rm_referee:/home/chen/sentry_try/sentry_ws/install/lightning:/home/chen/sentry_try/sentry_ws/install/rm_referee_msgs:/home/chen/sentry_try/sentry_ws/install/pb_nav2_plugins:/home/chen/sentry_try/sentry_ws/install/livox_to_scan:/home/chen/sentry_try/sentry_ws/install/fast_lio:/home/chen/sentry_try/sentry_ws/install/livox_ros_driver2:/home/chen/sentry_try/sentry_ws/install/goal_approach_controller:/home/chen/sentry_try/sentry_ws/install/costmap_voxel:/home/chen/sentry_try/sentry_ws/install/costmap_intensity:/home/chen/sentry_try/sentry_ws/install/bringup:/opt/ros/humble /usr/bin/cmake --build /home/chen/sentry_try/sentry_ws/build/can_comm -- -j16 -l16
[0.878s] DEBUG:colcon.colcon_core.event_handler.log_command:Invoking command in '/home/chen/sentry_try/sentry_ws/build/can_comm': CMAKE_PREFIX_PATH=/home/chen/sentry_try/sentry_ws/install/sentry_msgs:/home/chen/sentry_try/sentry_ws/install/serial_comm:/home/chen/sentry_try/sentry_ws/install/can_comm:/home/chen/sentry_try/sentry_ws/install/sentry_eval_bt:/home/chen/sentry_try/sentry_ws/install/rm_referee_mock:/home/chen/sentry_try/sentry_ws/install/rm_referee:/home/chen/sentry_try/sentry_ws/install/lightning:/home/chen/sentry_try/sentry_ws/install/rm_referee_msgs:/home/chen/sentry_try/sentry_ws/install/pb_nav2_plugins:/home/chen/sentry_try/sentry_ws/install/livox_to_scan:/home/chen/sentry_try/sentry_ws/install/fast_lio:/home/chen/sentry_try/sentry_ws/install/livox_ros_driver2:/home/chen/sentry_try/sentry_ws/install/goal_approach_controller:/home/chen/sentry_try/sentry_ws/install/costmap_voxel:/home/chen/sentry_try/sentry_ws/install/costmap_intensity:/home/chen/sentry_try/sentry_ws/install/bringup:/opt/ros/humble /usr/bin/cmake --install /home/chen/sentry_try/sentry_ws/build/can_comm
[0.890s] Level 1:colcon.colcon_core.environment:create_environment_scripts_only(can_comm)
[0.890s] Level 1:colcon.colcon_core.environment:checking '/home/chen/sentry_try/sentry_ws/install/can_comm' for CMake module files
[0.890s] DEBUG:colcon.colcon_core.event_handler.log_command:Invoked command in '/home/chen/sentry_try/sentry_ws/build/can_comm' returned '0': CMAKE_PREFIX_PATH=/home/chen/sentry_try/sentry_ws/install/sentry_msgs:/home/chen/sentry_try/sentry_ws/install/serial_comm:/home/chen/sentry_try/sentry_ws/install/can_comm:/home/chen/sentry_try/sentry_ws/install/sentry_eval_bt:/home/chen/sentry_try/sentry_ws/install/rm_referee_mock:/home/chen/sentry_try/sentry_ws/install/rm_referee:/home/chen/sentry_try/sentry_ws/install/lightning:/home/chen/sentry_try/sentry_ws/install/rm_referee_msgs:/home/chen/sentry_try/sentry_ws/install/pb_nav2_plugins:/home/chen/sentry_try/sentry_ws/install/livox_to_scan:/home/chen/sentry_try/sentry_ws/install/fast_lio:/home/chen/sentry_try/sentry_ws/install/livox_ros_driver2:/home/chen/sentry_try/sentry_ws/install/goal_approach_controller:/home/chen/sentry_try/sentry_ws/install/costmap_voxel:/home/chen/sentry_try/sentry_ws/install/costmap_intensity:/home/chen/sentry_try/sentry_ws/install/bringup:/opt/ros/humble /usr/bin/cmake --install /home/chen/sentry_try/sentry_ws/build/can_comm
[0.890s] Level 1:colcon.colcon_core.environment:checking '/home/chen/sentry_try/sentry_ws/install/can_comm' for CMake config files
[0.890s] Level 1:colcon.colcon_core.shell:create_environment_hook('can_comm', 'cmake_prefix_path')
[0.891s] INFO:colcon.colcon_core.shell:Creating environment hook '/home/chen/sentry_try/sentry_ws/install/can_comm/share/can_comm/hook/cmake_prefix_path.ps1'
[0.891s] INFO:colcon.colcon_core.shell:Creating environment descriptor '/home/chen/sentry_try/sentry_ws/install/can_comm/share/can_comm/hook/cmake_prefix_path.dsv'
[0.891s] INFO:colcon.colcon_core.shell:Creating environment hook '/home/chen/sentry_try/sentry_ws/install/can_comm/share/can_comm/hook/cmake_prefix_path.sh'
[0.891s] Level 1:colcon.colcon_core.environment:checking '/home/chen/sentry_try/sentry_ws/install/can_comm/lib'
[0.891s] Level 1:colcon.colcon_core.environment:checking '/home/chen/sentry_try/sentry_ws/install/can_comm/bin'
[0.891s] Level 1:colcon.colcon_core.environment:checking '/home/chen/sentry_try/sentry_ws/install/can_comm/lib/pkgconfig/can_comm.pc'
[0.892s] Level 1:colcon.colcon_core.environment:checking '/home/chen/sentry_try/sentry_ws/install/can_comm/lib/python3.10/site-packages'
[0.892s] Level 1:colcon.colcon_core.environment:checking '/home/chen/sentry_try/sentry_ws/install/can_comm/bin'
[0.892s] INFO:colcon.colcon_core.shell:Creating package script '/home/chen/sentry_try/sentry_ws/install/can_comm/share/can_comm/package.ps1'
[0.892s] INFO:colcon.colcon_core.shell:Creating package descriptor '/home/chen/sentry_try/sentry_ws/install/can_comm/share/can_comm/package.dsv'
[0.892s] INFO:colcon.colcon_core.shell:Creating package script '/home/chen/sentry_try/sentry_ws/install/can_comm/share/can_comm/package.sh'
[0.893s] INFO:colcon.colcon_core.shell:Creating package script '/home/chen/sentry_try/sentry_ws/install/can_comm/share/can_comm/package.bash'
[0.893s] INFO:colcon.colcon_core.shell:Creating package script '/home/chen/sentry_try/sentry_ws/install/can_comm/share/can_comm/package.zsh'
[0.893s] Level 1:colcon.colcon_core.environment:create_file_with_runtime_dependencies(/home/chen/sentry_try/sentry_ws/install/can_comm/share/colcon-core/packages/can_comm)
[0.893s] Level 1:colcon.colcon_core.environment:create_environment_scripts_only(can_comm)
[0.893s] Level 1:colcon.colcon_core.environment:checking '/home/chen/sentry_try/sentry_ws/install/can_comm' for CMake module files
[0.894s] Level 1:colcon.colcon_core.environment:checking '/home/chen/sentry_try/sentry_ws/install/can_comm' for CMake config files
[0.894s] Level 1:colcon.colcon_core.shell:create_environment_hook('can_comm', 'cmake_prefix_path')
[0.894s] INFO:colcon.colcon_core.shell:Creating environment hook '/home/chen/sentry_try/sentry_ws/install/can_comm/share/can_comm/hook/cmake_prefix_path.ps1'
[0.894s] INFO:colcon.colcon_core.shell:Creating environment descriptor '/home/chen/sentry_try/sentry_ws/install/can_comm/share/can_comm/hook/cmake_prefix_path.dsv'
[0.894s] INFO:colcon.colcon_core.shell:Creating environment hook '/home/chen/sentry_try/sentry_ws/install/can_comm/share/can_comm/hook/cmake_prefix_path.sh'
[0.895s] Level 1:colcon.colcon_core.environment:checking '/home/chen/sentry_try/sentry_ws/install/can_comm/lib'
[0.895s] Level 1:colcon.colcon_core.environment:checking '/home/chen/sentry_try/sentry_ws/install/can_comm/bin'
[0.895s] Level 1:colcon.colcon_core.environment:checking '/home/chen/sentry_try/sentry_ws/install/can_comm/lib/pkgconfig/can_comm.pc'
[0.895s] Level 1:colcon.colcon_core.environment:checking '/home/chen/sentry_try/sentry_ws/install/can_comm/lib/python3.10/site-packages'
[0.895s] Level 1:colcon.colcon_core.environment:checking '/home/chen/sentry_try/sentry_ws/install/can_comm/bin'
[0.895s] INFO:colcon.colcon_core.shell:Creating package script '/home/chen/sentry_try/sentry_ws/install/can_comm/share/can_comm/package.ps1'
[0.895s] INFO:colcon.colcon_core.shell:Creating package descriptor '/home/chen/sentry_try/sentry_ws/install/can_comm/share/can_comm/package.dsv'
[0.896s] INFO:colcon.colcon_core.shell:Creating package script '/home/chen/sentry_try/sentry_ws/install/can_comm/share/can_comm/package.sh'
[0.896s] INFO:colcon.colcon_core.shell:Creating package script '/home/chen/sentry_try/sentry_ws/install/can_comm/share/can_comm/package.bash'
[0.896s] INFO:colcon.colcon_core.shell:Creating package script '/home/chen/sentry_try/sentry_ws/install/can_comm/share/can_comm/package.zsh'
[0.896s] Level 1:colcon.colcon_core.environment:create_file_with_runtime_dependencies(/home/chen/sentry_try/sentry_ws/install/can_comm/share/colcon-core/packages/can_comm)
[0.896s] DEBUG:colcon.colcon_parallel_executor.executor.parallel:closing loop
[0.897s] DEBUG:colcon.colcon_parallel_executor.executor.parallel:loop closed
[0.897s] DEBUG:colcon.colcon_parallel_executor.executor.parallel:run_until_complete finished with '0'
[0.897s] DEBUG:colcon.colcon_core.event_reactor:joining thread
[0.902s] INFO:colcon.colcon_core.plugin_system:Skipping extension 'colcon_notification.desktop_notification.terminal_notifier': Not used on non-Darwin systems
[0.903s] INFO:colcon.colcon_core.plugin_system:Skipping extension 'colcon_notification.desktop_notification.win32': Not used on non-Windows systems
[0.903s] INFO:colcon.colcon_notification.desktop_notification:Sending desktop notification using 'notify2'
[0.911s] DEBUG:colcon.colcon_core.event_reactor:joined thread
[0.912s] INFO:colcon.colcon_core.shell:Creating prefix script '/home/chen/sentry_try/sentry_ws/install/local_setup.ps1'
[0.913s] INFO:colcon.colcon_core.shell:Creating prefix util module '/home/chen/sentry_try/sentry_ws/install/_local_setup_util_ps1.py'
[0.913s] INFO:colcon.colcon_core.shell:Creating prefix chain script '/home/chen/sentry_try/sentry_ws/install/setup.ps1'
[0.915s] INFO:colcon.colcon_core.shell:Creating prefix script '/home/chen/sentry_try/sentry_ws/install/local_setup.sh'
[0.915s] INFO:colcon.colcon_core.shell:Creating prefix util module '/home/chen/sentry_try/sentry_ws/install/_local_setup_util_sh.py'
[0.916s] INFO:colcon.colcon_core.shell:Creating prefix chain script '/home/chen/sentry_try/sentry_ws/install/setup.sh'
[0.917s] INFO:colcon.colcon_core.shell:Creating prefix script '/home/chen/sentry_try/sentry_ws/install/local_setup.bash'
[0.917s] INFO:colcon.colcon_core.shell:Creating prefix chain script '/home/chen/sentry_try/sentry_ws/install/setup.bash'
[0.918s] INFO:colcon.colcon_core.shell:Creating prefix script '/home/chen/sentry_try/sentry_ws/install/local_setup.zsh'
[0.918s] INFO:colcon.colcon_core.shell:Creating prefix chain script '/home/chen/sentry_try/sentry_ws/install/setup.zsh'
