[0.008s] Invoking command in '/home/chen/sentry_try/sentry_ws/build/can_comm': CMAKE_PREFIX_PATH=/opt/ros/humble /usr/bin/cmake --build /home/chen/sentry_try/sentry_ws/build/can_comm -- -j16 -l16
[0.027s] -- Found ament_cmake: 1.3.14 (/opt/ros/humble/share/ament_cmake/cmake)
[0.107s] -- Found rclcpp: 16.0.19 (/opt/ros/humble/share/rclcpp/cmake)
[0.126s] -- Found rosidl_generator_c: 3.1.8 (/opt/ros/humble/share/rosidl_generator_c/cmake)
[0.127s] -- Found rosidl_adapter: 3.1.8 (/opt/ros/humble/share/rosidl_adapter/cmake)
[0.130s] -- Found rosidl_generator_cpp: 3.1.8 (/opt/ros/humble/share/rosidl_generator_cpp/cmake)
[0.136s] -- Using all available rosidl_typesupport_c: rosidl_typesupport_fastrtps_c;rosidl_typesupport_introspection_c
[0.143s] -- Using all available rosidl_typesupport_cpp: rosidl_typesupport_fastrtps_cpp;rosidl_typesupport_introspection_cpp
[0.161s] -- Found rmw_implementation_cmake: 6.1.2 (/opt/ros/humble/share/rmw_implementation_cmake/cmake)
[0.162s] -- Found rmw_fastrtps_cpp: 6.2.10 (/opt/ros/humble/share/rmw_fastrtps_cpp/cmake)
[0.247s] -- Using RMW implementation 'rmw_fastrtps_cpp' as default
[0.279s] -- Found geometry_msgs: 4.9.1 (/opt/ros/humble/share/geometry_msgs/cmake)
[0.297s] [31mCMake Error at CMakeLists.txt:12 (find_package):
[0.298s]   By not providing "Findsentry_msgs.cmake" in CMAKE_MODULE_PATH this project
[0.298s]   has asked CMake to find a package configuration file provided by
[0.298s]   "sentry_msgs", but CMake did not find one.
[0.298s] 
[0.298s]   Could not find a package configuration file provided by "sentry_msgs" with
[0.298s]   any of the following names:
[0.298s] 
[0.298s]     sentry_msgsConfig.cmake
[0.298s]     sentry_msgs-config.cmake
[0.298s] 
[0.298s]   Add the installation prefix of "sentry_msgs" to CMAKE_PREFIX_PATH or set
[0.298s]   "sentry_msgs_DIR" to a directory containing one of the above files.  If
[0.298s]   "sentry_msgs" provides a separate development package or SDK, be sure it
[0.298s]   has been installed.
[0.299s] 
[0.299s] [0m
[0.299s] -- Configuring incomplete, errors occurred!
[0.299s] See also "/home/chen/sentry_try/sentry_ws/build/can_comm/CMakeFiles/CMakeOutput.log".
[0.304s] gmake: *** [Makefile:267：cmake_check_build_system] 错误 1
[0.307s] Invoked command in '/home/chen/sentry_try/sentry_ws/build/can_comm' returned '2': CMAKE_PREFIX_PATH=/opt/ros/humble /usr/bin/cmake --build /home/chen/sentry_try/sentry_ws/build/can_comm -- -j16 -l16
