[0.026s] Invoking command in '/home/chen/sentry_try/sentry_ws/build/sentry_msgs': CMAKE_PREFIX_PATH=/opt/ros/humble /usr/bin/cmake --build /home/chen/sentry_try/sentry_ws/build/sentry_msgs -- -j16 -l16
[0.076s] [  4%] Built target sentry_msgs__rs
[0.076s] [  4%] Built target sentry_msgs__cpp
[0.084s] [ 14%] Built target sentry_msgs__rosidl_generator_c
[0.102s] [ 45%] Built target sentry_msgs__rosidl_typesupport_introspection_cpp
[0.102s] [ 45%] Built target sentry_msgs__rosidl_typesupport_cpp
[0.102s] [ 45%] Built target sentry_msgs__rosidl_typesupport_fastrtps_cpp
[0.105s] [ 45%] Built target ament_cmake_python_copy_sentry_msgs
[0.105s] [ 56%] Built target sentry_msgs__rosidl_typesupport_c
[0.106s] [ 66%] Built target sentry_msgs__rosidl_typesupport_introspection_c
[0.107s] [ 77%] Built target sentry_msgs__rosidl_typesupport_fastrtps_c
[0.127s] [ 77%] Built target sentry_msgs
[0.151s] [ 79%] Built target sentry_msgs__py
[0.180s] [ 87%] Built target sentry_msgs__rosidl_generator_py
[0.205s] [ 97%] Built target sentry_msgs__rosidl_typesupport_fastrtps_c__pyext
[0.205s] [ 97%] Built target sentry_msgs__rosidl_typesupport_c__pyext
[0.205s] [100%] Built target sentry_msgs__rosidl_typesupport_introspection_c__pyext
[0.275s] running egg_info
[0.275s] writing sentry_msgs.egg-info/PKG-INFO
[0.276s] writing dependency_links to sentry_msgs.egg-info/dependency_links.txt
[0.276s] writing top-level names to sentry_msgs.egg-info/top_level.txt
[0.277s] reading manifest file 'sentry_msgs.egg-info/SOURCES.txt'
[0.278s] writing manifest file 'sentry_msgs.egg-info/SOURCES.txt'
[0.300s] [100%] Built target ament_cmake_python_build_sentry_msgs_egg
[0.310s] Invoked command in '/home/chen/sentry_try/sentry_ws/build/sentry_msgs' returned '0': CMAKE_PREFIX_PATH=/opt/ros/humble /usr/bin/cmake --build /home/chen/sentry_try/sentry_ws/build/sentry_msgs -- -j16 -l16
[0.312s] Invoking command in '/home/chen/sentry_try/sentry_ws/build/sentry_msgs': CMAKE_PREFIX_PATH=/opt/ros/humble /usr/bin/cmake --install /home/chen/sentry_try/sentry_ws/build/sentry_msgs
[0.319s] -- Install configuration: ""
[0.319s] -- Up-to-date: /home/chen/sentry_try/sentry_ws/install/sentry_msgs/share/ament_index/resource_index/rosidl_interfaces/sentry_msgs
[0.319s] -- Up-to-date: /home/chen/sentry_try/sentry_ws/install/sentry_msgs/include/sentry_msgs/sentry_msgs
[0.319s] -- Up-to-date: /home/chen/sentry_try/sentry_ws/install/sentry_msgs/include/sentry_msgs/sentry_msgs/msg
[0.319s] -- Up-to-date: /home/chen/sentry_try/sentry_ws/install/sentry_msgs/include/sentry_msgs/sentry_msgs/msg/armor_presence.h
[0.320s] -- Up-to-date: /home/chen/sentry_try/sentry_ws/install/sentry_msgs/include/sentry_msgs/sentry_msgs/msg/scan_mode.h
[0.320s] -- Up-to-date: /home/chen/sentry_try/sentry_ws/install/sentry_msgs/include/sentry_msgs/sentry_msgs/msg/vw.h
[0.320s] -- Up-to-date: /home/chen/sentry_try/sentry_ws/install/sentry_msgs/include/sentry_msgs/sentry_msgs/msg/rosidl_generator_c__visibility_control.h
[0.320s] -- Up-to-date: /home/chen/sentry_try/sentry_ws/install/sentry_msgs/include/sentry_msgs/sentry_msgs/msg/detail
[0.320s] -- Up-to-date: /home/chen/sentry_try/sentry_ws/install/sentry_msgs/include/sentry_msgs/sentry_msgs/msg/detail/vw__functions.h
[0.320s] -- Up-to-date: /home/chen/sentry_try/sentry_ws/install/sentry_msgs/include/sentry_msgs/sentry_msgs/msg/detail/scan_mode__functions.c
[0.320s] -- Up-to-date: /home/chen/sentry_try/sentry_ws/install/sentry_msgs/include/sentry_msgs/sentry_msgs/msg/detail/scan_mode__functions.h
[0.320s] -- Up-to-date: /home/chen/sentry_try/sentry_ws/install/sentry_msgs/include/sentry_msgs/sentry_msgs/msg/detail/armor_presence__functions.h
[0.320s] -- Up-to-date: /home/chen/sentry_try/sentry_ws/install/sentry_msgs/include/sentry_msgs/sentry_msgs/msg/detail/armor_presence__functions.c
[0.320s] -- Up-to-date: /home/chen/sentry_try/sentry_ws/install/sentry_msgs/include/sentry_msgs/sentry_msgs/msg/detail/vw__type_support.h
[0.320s] -- Up-to-date: /home/chen/sentry_try/sentry_ws/install/sentry_msgs/include/sentry_msgs/sentry_msgs/msg/detail/vw__struct.h
[0.320s] -- Up-to-date: /home/chen/sentry_try/sentry_ws/install/sentry_msgs/include/sentry_msgs/sentry_msgs/msg/detail/armor_presence__type_support.h
[0.320s] -- Up-to-date: /home/chen/sentry_try/sentry_ws/install/sentry_msgs/include/sentry_msgs/sentry_msgs/msg/detail/vw__functions.c
[0.320s] -- Up-to-date: /home/chen/sentry_try/sentry_ws/install/sentry_msgs/include/sentry_msgs/sentry_msgs/msg/detail/scan_mode__type_support.h
[0.320s] -- Up-to-date: /home/chen/sentry_try/sentry_ws/install/sentry_msgs/include/sentry_msgs/sentry_msgs/msg/detail/armor_presence__struct.h
[0.320s] -- Up-to-date: /home/chen/sentry_try/sentry_ws/install/sentry_msgs/include/sentry_msgs/sentry_msgs/msg/detail/scan_mode__struct.h
[0.320s] -- Up-to-date: /home/chen/sentry_try/sentry_ws/install/sentry_msgs/share/sentry_msgs/environment/library_path.sh
[0.320s] -- Up-to-date: /home/chen/sentry_try/sentry_ws/install/sentry_msgs/share/sentry_msgs/environment/library_path.dsv
[0.321s] -- Up-to-date: /home/chen/sentry_try/sentry_ws/install/sentry_msgs/lib/libsentry_msgs__rosidl_generator_c.so
[0.321s] -- Up-to-date: /home/chen/sentry_try/sentry_ws/install/sentry_msgs/include/sentry_msgs/sentry_msgs
[0.321s] -- Up-to-date: /home/chen/sentry_try/sentry_ws/install/sentry_msgs/include/sentry_msgs/sentry_msgs/msg
[0.321s] -- Up-to-date: /home/chen/sentry_try/sentry_ws/install/sentry_msgs/include/sentry_msgs/sentry_msgs/msg/rosidl_typesupport_fastrtps_c__visibility_control.h
[0.321s] -- Up-to-date: /home/chen/sentry_try/sentry_ws/install/sentry_msgs/include/sentry_msgs/sentry_msgs/msg/detail
[0.322s] -- Up-to-date: /home/chen/sentry_try/sentry_ws/install/sentry_msgs/include/sentry_msgs/sentry_msgs/msg/detail/vw__rosidl_typesupport_fastrtps_c.h
[0.322s] -- Up-to-date: /home/chen/sentry_try/sentry_ws/install/sentry_msgs/include/sentry_msgs/sentry_msgs/msg/detail/scan_mode__rosidl_typesupport_fastrtps_c.h
[0.322s] -- Up-to-date: /home/chen/sentry_try/sentry_ws/install/sentry_msgs/include/sentry_msgs/sentry_msgs/msg/detail/armor_presence__rosidl_typesupport_fastrtps_c.h
[0.324s] -- Up-to-date: /home/chen/sentry_try/sentry_ws/install/sentry_msgs/lib/libsentry_msgs__rosidl_typesupport_fastrtps_c.so
[0.324s] -- Up-to-date: /home/chen/sentry_try/sentry_ws/install/sentry_msgs/include/sentry_msgs/sentry_msgs
[0.324s] -- Up-to-date: /home/chen/sentry_try/sentry_ws/install/sentry_msgs/include/sentry_msgs/sentry_msgs/msg
[0.324s] -- Up-to-date: /home/chen/sentry_try/sentry_ws/install/sentry_msgs/include/sentry_msgs/sentry_msgs/msg/rosidl_typesupport_introspection_c__visibility_control.h
[0.324s] -- Up-to-date: /home/chen/sentry_try/sentry_ws/install/sentry_msgs/include/sentry_msgs/sentry_msgs/msg/detail
[0.324s] -- Up-to-date: /home/chen/sentry_try/sentry_ws/install/sentry_msgs/include/sentry_msgs/sentry_msgs/msg/detail/armor_presence__type_support.c
[0.324s] -- Up-to-date: /home/chen/sentry_try/sentry_ws/install/sentry_msgs/include/sentry_msgs/sentry_msgs/msg/detail/scan_mode__type_support.c
[0.324s] -- Up-to-date: /home/chen/sentry_try/sentry_ws/install/sentry_msgs/include/sentry_msgs/sentry_msgs/msg/detail/vw__type_support.c
[0.324s] -- Up-to-date: /home/chen/sentry_try/sentry_ws/install/sentry_msgs/include/sentry_msgs/sentry_msgs/msg/detail/vw__rosidl_typesupport_introspection_c.h
[0.324s] -- Up-to-date: /home/chen/sentry_try/sentry_ws/install/sentry_msgs/include/sentry_msgs/sentry_msgs/msg/detail/armor_presence__rosidl_typesupport_introspection_c.h
[0.324s] -- Up-to-date: /home/chen/sentry_try/sentry_ws/install/sentry_msgs/include/sentry_msgs/sentry_msgs/msg/detail/scan_mode__rosidl_typesupport_introspection_c.h
[0.326s] -- Up-to-date: /home/chen/sentry_try/sentry_ws/install/sentry_msgs/lib/libsentry_msgs__rosidl_typesupport_introspection_c.so
[0.329s] -- Up-to-date: /home/chen/sentry_try/sentry_ws/install/sentry_msgs/lib/libsentry_msgs__rosidl_typesupport_c.so
[0.329s] -- Up-to-date: /home/chen/sentry_try/sentry_ws/install/sentry_msgs/include/sentry_msgs/sentry_msgs
[0.329s] -- Up-to-date: /home/chen/sentry_try/sentry_ws/install/sentry_msgs/include/sentry_msgs/sentry_msgs/msg
[0.329s] -- Up-to-date: /home/chen/sentry_try/sentry_ws/install/sentry_msgs/include/sentry_msgs/sentry_msgs/msg/scan_mode.hpp
[0.329s] -- Up-to-date: /home/chen/sentry_try/sentry_ws/install/sentry_msgs/include/sentry_msgs/sentry_msgs/msg/armor_presence.hpp
[0.329s] -- Up-to-date: /home/chen/sentry_try/sentry_ws/install/sentry_msgs/include/sentry_msgs/sentry_msgs/msg/rosidl_generator_cpp__visibility_control.hpp
[0.329s] -- Up-to-date: /home/chen/sentry_try/sentry_ws/install/sentry_msgs/include/sentry_msgs/sentry_msgs/msg/vw.hpp
[0.329s] -- Up-to-date: /home/chen/sentry_try/sentry_ws/install/sentry_msgs/include/sentry_msgs/sentry_msgs/msg/detail
[0.330s] -- Up-to-date: /home/chen/sentry_try/sentry_ws/install/sentry_msgs/include/sentry_msgs/sentry_msgs/msg/detail/vw__struct.hpp
[0.330s] -- Up-to-date: /home/chen/sentry_try/sentry_ws/install/sentry_msgs/include/sentry_msgs/sentry_msgs/msg/detail/vw__type_support.hpp
[0.330s] -- Up-to-date: /home/chen/sentry_try/sentry_ws/install/sentry_msgs/include/sentry_msgs/sentry_msgs/msg/detail/scan_mode__traits.hpp
[0.330s] -- Up-to-date: /home/chen/sentry_try/sentry_ws/install/sentry_msgs/include/sentry_msgs/sentry_msgs/msg/detail/vw__traits.hpp
[0.330s] -- Up-to-date: /home/chen/sentry_try/sentry_ws/install/sentry_msgs/include/sentry_msgs/sentry_msgs/msg/detail/scan_mode__builder.hpp
[0.330s] -- Up-to-date: /home/chen/sentry_try/sentry_ws/install/sentry_msgs/include/sentry_msgs/sentry_msgs/msg/detail/vw__builder.hpp
[0.330s] -- Up-to-date: /home/chen/sentry_try/sentry_ws/install/sentry_msgs/include/sentry_msgs/sentry_msgs/msg/detail/scan_mode__type_support.hpp
[0.330s] -- Up-to-date: /home/chen/sentry_try/sentry_ws/install/sentry_msgs/include/sentry_msgs/sentry_msgs/msg/detail/scan_mode__struct.hpp
[0.330s] -- Up-to-date: /home/chen/sentry_try/sentry_ws/install/sentry_msgs/include/sentry_msgs/sentry_msgs/msg/detail/armor_presence__struct.hpp
[0.330s] -- Up-to-date: /home/chen/sentry_try/sentry_ws/install/sentry_msgs/include/sentry_msgs/sentry_msgs/msg/detail/armor_presence__builder.hpp
[0.330s] -- Up-to-date: /home/chen/sentry_try/sentry_ws/install/sentry_msgs/include/sentry_msgs/sentry_msgs/msg/detail/armor_presence__type_support.hpp
[0.330s] -- Up-to-date: /home/chen/sentry_try/sentry_ws/install/sentry_msgs/include/sentry_msgs/sentry_msgs/msg/detail/armor_presence__traits.hpp
[0.330s] -- Up-to-date: /home/chen/sentry_try/sentry_ws/install/sentry_msgs/include/sentry_msgs/sentry_msgs
[0.330s] -- Up-to-date: /home/chen/sentry_try/sentry_ws/install/sentry_msgs/include/sentry_msgs/sentry_msgs/msg
[0.330s] -- Up-to-date: /home/chen/sentry_try/sentry_ws/install/sentry_msgs/include/sentry_msgs/sentry_msgs/msg/rosidl_typesupport_fastrtps_cpp__visibility_control.h
[0.330s] -- Up-to-date: /home/chen/sentry_try/sentry_ws/install/sentry_msgs/include/sentry_msgs/sentry_msgs/msg/detail
[0.330s] -- Up-to-date: /home/chen/sentry_try/sentry_ws/install/sentry_msgs/include/sentry_msgs/sentry_msgs/msg/detail/vw__rosidl_typesupport_fastrtps_cpp.hpp
[0.330s] -- Up-to-date: /home/chen/sentry_try/sentry_ws/install/sentry_msgs/include/sentry_msgs/sentry_msgs/msg/detail/armor_presence__rosidl_typesupport_fastrtps_cpp.hpp
[0.330s] -- Up-to-date: /home/chen/sentry_try/sentry_ws/install/sentry_msgs/include/sentry_msgs/sentry_msgs/msg/detail/scan_mode__rosidl_typesupport_fastrtps_cpp.hpp
[0.330s] -- Up-to-date: /home/chen/sentry_try/sentry_ws/install/sentry_msgs/include/sentry_msgs/sentry_msgs/msg/detail/dds_fastrtps
[0.332s] -- Up-to-date: /home/chen/sentry_try/sentry_ws/install/sentry_msgs/lib/libsentry_msgs__rosidl_typesupport_fastrtps_cpp.so
[0.333s] -- Up-to-date: /home/chen/sentry_try/sentry_ws/install/sentry_msgs/include/sentry_msgs/sentry_msgs
[0.333s] -- Up-to-date: /home/chen/sentry_try/sentry_ws/install/sentry_msgs/include/sentry_msgs/sentry_msgs/msg
[0.333s] -- Up-to-date: /home/chen/sentry_try/sentry_ws/install/sentry_msgs/include/sentry_msgs/sentry_msgs/msg/detail
[0.333s] -- Up-to-date: /home/chen/sentry_try/sentry_ws/install/sentry_msgs/include/sentry_msgs/sentry_msgs/msg/detail/scan_mode__type_support.cpp
[0.333s] -- Up-to-date: /home/chen/sentry_try/sentry_ws/install/sentry_msgs/include/sentry_msgs/sentry_msgs/msg/detail/scan_mode__rosidl_typesupport_introspection_cpp.hpp
[0.333s] -- Up-to-date: /home/chen/sentry_try/sentry_ws/install/sentry_msgs/include/sentry_msgs/sentry_msgs/msg/detail/vw__type_support.cpp
[0.333s] -- Up-to-date: /home/chen/sentry_try/sentry_ws/install/sentry_msgs/include/sentry_msgs/sentry_msgs/msg/detail/vw__rosidl_typesupport_introspection_cpp.hpp
[0.333s] -- Up-to-date: /home/chen/sentry_try/sentry_ws/install/sentry_msgs/include/sentry_msgs/sentry_msgs/msg/detail/armor_presence__type_support.cpp
[0.333s] -- Up-to-date: /home/chen/sentry_try/sentry_ws/install/sentry_msgs/include/sentry_msgs/sentry_msgs/msg/detail/armor_presence__rosidl_typesupport_introspection_cpp.hpp
[0.335s] -- Up-to-date: /home/chen/sentry_try/sentry_ws/install/sentry_msgs/lib/libsentry_msgs__rosidl_typesupport_introspection_cpp.so
[0.340s] -- Up-to-date: /home/chen/sentry_try/sentry_ws/install/sentry_msgs/lib/libsentry_msgs__rosidl_typesupport_cpp.so
[0.340s] -- Up-to-date: /home/chen/sentry_try/sentry_ws/install/sentry_msgs/share/sentry_msgs/environment/pythonpath.sh
[0.340s] -- Up-to-date: /home/chen/sentry_try/sentry_ws/install/sentry_msgs/share/sentry_msgs/environment/pythonpath.dsv
[0.340s] -- Up-to-date: /home/chen/sentry_try/sentry_ws/install/sentry_msgs/local/lib/python3.10/dist-packages/sentry_msgs-0.0.2-py3.10.egg-info
[0.340s] -- Installing: /home/chen/sentry_try/sentry_ws/install/sentry_msgs/local/lib/python3.10/dist-packages/sentry_msgs-0.0.2-py3.10.egg-info/top_level.txt
[0.340s] -- Installing: /home/chen/sentry_try/sentry_ws/install/sentry_msgs/local/lib/python3.10/dist-packages/sentry_msgs-0.0.2-py3.10.egg-info/PKG-INFO
[0.340s] -- Installing: /home/chen/sentry_try/sentry_ws/install/sentry_msgs/local/lib/python3.10/dist-packages/sentry_msgs-0.0.2-py3.10.egg-info/SOURCES.txt
[0.340s] -- Installing: /home/chen/sentry_try/sentry_ws/install/sentry_msgs/local/lib/python3.10/dist-packages/sentry_msgs-0.0.2-py3.10.egg-info/dependency_links.txt
[0.340s] -- Up-to-date: /home/chen/sentry_try/sentry_ws/install/sentry_msgs/local/lib/python3.10/dist-packages/sentry_msgs
[0.340s] -- Up-to-date: /home/chen/sentry_try/sentry_ws/install/sentry_msgs/local/lib/python3.10/dist-packages/sentry_msgs/sentry_msgs_s__rosidl_typesupport_introspection_c.cpython-310-x86_64-linux-gnu.so
[0.340s] -- Up-to-date: /home/chen/sentry_try/sentry_ws/install/sentry_msgs/local/lib/python3.10/dist-packages/sentry_msgs/_sentry_msgs_s.ep.rosidl_typesupport_introspection_c.c
[0.340s] -- Up-to-date: /home/chen/sentry_try/sentry_ws/install/sentry_msgs/local/lib/python3.10/dist-packages/sentry_msgs/msg
[0.340s] -- Up-to-date: /home/chen/sentry_try/sentry_ws/install/sentry_msgs/local/lib/python3.10/dist-packages/sentry_msgs/msg/_vw_s.c
[0.340s] -- Up-to-date: /home/chen/sentry_try/sentry_ws/install/sentry_msgs/local/lib/python3.10/dist-packages/sentry_msgs/msg/_scan_mode_s.c
[0.341s] -- Up-to-date: /home/chen/sentry_try/sentry_ws/install/sentry_msgs/local/lib/python3.10/dist-packages/sentry_msgs/msg/_vw.py
[0.341s] -- Up-to-date: /home/chen/sentry_try/sentry_ws/install/sentry_msgs/local/lib/python3.10/dist-packages/sentry_msgs/msg/_scan_mode.py
[0.341s] -- Up-to-date: /home/chen/sentry_try/sentry_ws/install/sentry_msgs/local/lib/python3.10/dist-packages/sentry_msgs/msg/_armor_presence.py
[0.341s] -- Up-to-date: /home/chen/sentry_try/sentry_ws/install/sentry_msgs/local/lib/python3.10/dist-packages/sentry_msgs/msg/_armor_presence_s.c
[0.341s] -- Up-to-date: /home/chen/sentry_try/sentry_ws/install/sentry_msgs/local/lib/python3.10/dist-packages/sentry_msgs/msg/__init__.py
[0.341s] -- Up-to-date: /home/chen/sentry_try/sentry_ws/install/sentry_msgs/local/lib/python3.10/dist-packages/sentry_msgs/libsentry_msgs__rosidl_generator_py.so
[0.341s] -- Up-to-date: /home/chen/sentry_try/sentry_ws/install/sentry_msgs/local/lib/python3.10/dist-packages/sentry_msgs/sentry_msgs_s__rosidl_typesupport_c.cpython-310-x86_64-linux-gnu.so
[0.341s] -- Up-to-date: /home/chen/sentry_try/sentry_ws/install/sentry_msgs/local/lib/python3.10/dist-packages/sentry_msgs/_sentry_msgs_s.ep.rosidl_typesupport_fastrtps_c.c
[0.341s] -- Up-to-date: /home/chen/sentry_try/sentry_ws/install/sentry_msgs/local/lib/python3.10/dist-packages/sentry_msgs/sentry_msgs_s__rosidl_typesupport_fastrtps_c.cpython-310-x86_64-linux-gnu.so
[0.341s] -- Up-to-date: /home/chen/sentry_try/sentry_ws/install/sentry_msgs/local/lib/python3.10/dist-packages/sentry_msgs/_sentry_msgs_s.ep.rosidl_typesupport_c.c
[0.341s] -- Up-to-date: /home/chen/sentry_try/sentry_ws/install/sentry_msgs/local/lib/python3.10/dist-packages/sentry_msgs/__init__.py
[0.361s] Listing '/home/chen/sentry_try/sentry_ws/install/sentry_msgs/local/lib/python3.10/dist-packages/sentry_msgs'...
[0.362s] Listing '/home/chen/sentry_try/sentry_ws/install/sentry_msgs/local/lib/python3.10/dist-packages/sentry_msgs/msg'...
[0.368s] -- Up-to-date: /home/chen/sentry_try/sentry_ws/install/sentry_msgs/local/lib/python3.10/dist-packages/sentry_msgs/sentry_msgs_s__rosidl_typesupport_fastrtps_c.cpython-310-x86_64-linux-gnu.so
[0.370s] -- Up-to-date: /home/chen/sentry_try/sentry_ws/install/sentry_msgs/local/lib/python3.10/dist-packages/sentry_msgs/sentry_msgs_s__rosidl_typesupport_introspection_c.cpython-310-x86_64-linux-gnu.so
[0.372s] -- Up-to-date: /home/chen/sentry_try/sentry_ws/install/sentry_msgs/local/lib/python3.10/dist-packages/sentry_msgs/sentry_msgs_s__rosidl_typesupport_c.cpython-310-x86_64-linux-gnu.so
[0.373s] -- Up-to-date: /home/chen/sentry_try/sentry_ws/install/sentry_msgs/lib/libsentry_msgs__rosidl_generator_py.so
[0.373s] -- Up-to-date: /home/chen/sentry_try/sentry_ws/install/sentry_msgs/share/ament_index/resource_index/rust_packages/sentry_msgs
[0.373s] -- Up-to-date: /home/chen/sentry_try/sentry_ws/install/sentry_msgs/share/sentry_msgs/rust
[0.373s] -- Up-to-date: /home/chen/sentry_try/sentry_ws/install/sentry_msgs/share/sentry_msgs/rust/Cargo.toml
[0.373s] -- Up-to-date: /home/chen/sentry_try/sentry_ws/install/sentry_msgs/share/sentry_msgs/rust/build.rs
[0.373s] -- Up-to-date: /home/chen/sentry_try/sentry_ws/install/sentry_msgs/share/sentry_msgs/rust/src
[0.373s] -- Up-to-date: /home/chen/sentry_try/sentry_ws/install/sentry_msgs/share/sentry_msgs/rust/src/msg
[0.373s] -- Up-to-date: /home/chen/sentry_try/sentry_ws/install/sentry_msgs/share/sentry_msgs/rust/src/msg/rmw.rs
[0.373s] -- Up-to-date: /home/chen/sentry_try/sentry_ws/install/sentry_msgs/share/sentry_msgs/rust/src/msg.rs
[0.373s] -- Up-to-date: /home/chen/sentry_try/sentry_ws/install/sentry_msgs/share/sentry_msgs/rust/src/lib.rs
[0.373s] -- Up-to-date: /home/chen/sentry_try/sentry_ws/install/sentry_msgs/share/sentry_msgs/msg/Vw.idl
[0.373s] -- Up-to-date: /home/chen/sentry_try/sentry_ws/install/sentry_msgs/share/sentry_msgs/msg/ScanMode.idl
[0.373s] -- Up-to-date: /home/chen/sentry_try/sentry_ws/install/sentry_msgs/share/sentry_msgs/msg/ArmorPresence.idl
[0.374s] -- Up-to-date: /home/chen/sentry_try/sentry_ws/install/sentry_msgs/share/sentry_msgs/msg/Vw.msg
[0.374s] -- Up-to-date: /home/chen/sentry_try/sentry_ws/install/sentry_msgs/share/sentry_msgs/msg/ScanMode.msg
[0.374s] -- Up-to-date: /home/chen/sentry_try/sentry_ws/install/sentry_msgs/share/sentry_msgs/msg/ArmorPresence.msg
[0.374s] -- Up-to-date: /home/chen/sentry_try/sentry_ws/install/sentry_msgs/share/ament_index/resource_index/package_run_dependencies/sentry_msgs
[0.374s] -- Up-to-date: /home/chen/sentry_try/sentry_ws/install/sentry_msgs/share/ament_index/resource_index/parent_prefix_path/sentry_msgs
[0.374s] -- Up-to-date: /home/chen/sentry_try/sentry_ws/install/sentry_msgs/share/sentry_msgs/environment/ament_prefix_path.sh
[0.374s] -- Up-to-date: /home/chen/sentry_try/sentry_ws/install/sentry_msgs/share/sentry_msgs/environment/ament_prefix_path.dsv
[0.374s] -- Up-to-date: /home/chen/sentry_try/sentry_ws/install/sentry_msgs/share/sentry_msgs/environment/path.sh
[0.374s] -- Up-to-date: /home/chen/sentry_try/sentry_ws/install/sentry_msgs/share/sentry_msgs/environment/path.dsv
[0.374s] -- Up-to-date: /home/chen/sentry_try/sentry_ws/install/sentry_msgs/share/sentry_msgs/local_setup.bash
[0.374s] -- Up-to-date: /home/chen/sentry_try/sentry_ws/install/sentry_msgs/share/sentry_msgs/local_setup.sh
[0.374s] -- Up-to-date: /home/chen/sentry_try/sentry_ws/install/sentry_msgs/share/sentry_msgs/local_setup.zsh
[0.374s] -- Up-to-date: /home/chen/sentry_try/sentry_ws/install/sentry_msgs/share/sentry_msgs/local_setup.dsv
[0.374s] -- Installing: /home/chen/sentry_try/sentry_ws/install/sentry_msgs/share/sentry_msgs/package.dsv
[0.375s] -- Up-to-date: /home/chen/sentry_try/sentry_ws/install/sentry_msgs/share/ament_index/resource_index/packages/sentry_msgs
[0.378s] -- Up-to-date: /home/chen/sentry_try/sentry_ws/install/sentry_msgs/share/sentry_msgs/cmake/export_sentry_msgs__rosidl_generator_cExport.cmake
[0.379s] -- Up-to-date: /home/chen/sentry_try/sentry_ws/install/sentry_msgs/share/sentry_msgs/cmake/export_sentry_msgs__rosidl_generator_cExport-noconfig.cmake
[0.381s] -- Up-to-date: /home/chen/sentry_try/sentry_ws/install/sentry_msgs/share/sentry_msgs/cmake/export_sentry_msgs__rosidl_typesupport_fastrtps_cExport.cmake
[0.381s] -- Up-to-date: /home/chen/sentry_try/sentry_ws/install/sentry_msgs/share/sentry_msgs/cmake/export_sentry_msgs__rosidl_typesupport_fastrtps_cExport-noconfig.cmake
[0.384s] -- Up-to-date: /home/chen/sentry_try/sentry_ws/install/sentry_msgs/share/sentry_msgs/cmake/sentry_msgs__rosidl_typesupport_introspection_cExport.cmake
[0.384s] -- Up-to-date: /home/chen/sentry_try/sentry_ws/install/sentry_msgs/share/sentry_msgs/cmake/sentry_msgs__rosidl_typesupport_introspection_cExport-noconfig.cmake
[0.384s] -- Up-to-date: /home/chen/sentry_try/sentry_ws/install/sentry_msgs/share/sentry_msgs/cmake/sentry_msgs__rosidl_typesupport_cExport.cmake
[0.385s] -- Up-to-date: /home/chen/sentry_try/sentry_ws/install/sentry_msgs/share/sentry_msgs/cmake/sentry_msgs__rosidl_typesupport_cExport-noconfig.cmake
[0.388s] -- Up-to-date: /home/chen/sentry_try/sentry_ws/install/sentry_msgs/share/sentry_msgs/cmake/export_sentry_msgs__rosidl_generator_cppExport.cmake
[0.390s] -- Up-to-date: /home/chen/sentry_try/sentry_ws/install/sentry_msgs/share/sentry_msgs/cmake/export_sentry_msgs__rosidl_typesupport_fastrtps_cppExport.cmake
[0.390s] -- Up-to-date: /home/chen/sentry_try/sentry_ws/install/sentry_msgs/share/sentry_msgs/cmake/export_sentry_msgs__rosidl_typesupport_fastrtps_cppExport-noconfig.cmake
[0.390s] -- Up-to-date: /home/chen/sentry_try/sentry_ws/install/sentry_msgs/share/sentry_msgs/cmake/sentry_msgs__rosidl_typesupport_introspection_cppExport.cmake
[0.390s] -- Up-to-date: /home/chen/sentry_try/sentry_ws/install/sentry_msgs/share/sentry_msgs/cmake/sentry_msgs__rosidl_typesupport_introspection_cppExport-noconfig.cmake
[0.393s] -- Up-to-date: /home/chen/sentry_try/sentry_ws/install/sentry_msgs/share/sentry_msgs/cmake/sentry_msgs__rosidl_typesupport_cppExport.cmake
[0.393s] -- Up-to-date: /home/chen/sentry_try/sentry_ws/install/sentry_msgs/share/sentry_msgs/cmake/sentry_msgs__rosidl_typesupport_cppExport-noconfig.cmake
[0.393s] -- Up-to-date: /home/chen/sentry_try/sentry_ws/install/sentry_msgs/share/sentry_msgs/cmake/export_sentry_msgs__rosidl_generator_pyExport.cmake
[0.393s] -- Up-to-date: /home/chen/sentry_try/sentry_ws/install/sentry_msgs/share/sentry_msgs/cmake/export_sentry_msgs__rosidl_generator_pyExport-noconfig.cmake
[0.393s] -- Up-to-date: /home/chen/sentry_try/sentry_ws/install/sentry_msgs/share/sentry_msgs/cmake/rosidl_cmake-extras.cmake
[0.393s] -- Up-to-date: /home/chen/sentry_try/sentry_ws/install/sentry_msgs/share/sentry_msgs/cmake/ament_cmake_export_dependencies-extras.cmake
[0.394s] -- Up-to-date: /home/chen/sentry_try/sentry_ws/install/sentry_msgs/share/sentry_msgs/cmake/ament_cmake_export_include_directories-extras.cmake
[0.394s] -- Up-to-date: /home/chen/sentry_try/sentry_ws/install/sentry_msgs/share/sentry_msgs/cmake/ament_cmake_export_libraries-extras.cmake
[0.394s] -- Up-to-date: /home/chen/sentry_try/sentry_ws/install/sentry_msgs/share/sentry_msgs/cmake/ament_cmake_export_targets-extras.cmake
[0.394s] -- Up-to-date: /home/chen/sentry_try/sentry_ws/install/sentry_msgs/share/sentry_msgs/cmake/rosidl_cmake_export_typesupport_targets-extras.cmake
[0.394s] -- Up-to-date: /home/chen/sentry_try/sentry_ws/install/sentry_msgs/share/sentry_msgs/cmake/rosidl_cmake_export_typesupport_libraries-extras.cmake
[0.394s] -- Up-to-date: /home/chen/sentry_try/sentry_ws/install/sentry_msgs/share/sentry_msgs/cmake/sentry_msgsConfig.cmake
[0.394s] -- Up-to-date: /home/chen/sentry_try/sentry_ws/install/sentry_msgs/share/sentry_msgs/cmake/sentry_msgsConfig-version.cmake
[0.394s] -- Up-to-date: /home/chen/sentry_try/sentry_ws/install/sentry_msgs/share/sentry_msgs/package.xml
[0.398s] Invoked command in '/home/chen/sentry_try/sentry_ws/build/sentry_msgs' returned '0': CMAKE_PREFIX_PATH=/opt/ros/humble /usr/bin/cmake --install /home/chen/sentry_try/sentry_ws/build/sentry_msgs
