[0.024s] Invoking command in '/home/chen/sentry_try/sentry_ws/build/livox_ros_driver2': CMAKE_PREFIX_PATH=${CMAKE_PREFIX_PATH}:/opt/ros/humble /usr/bin/cmake --build /home/chen/sentry_try/sentry_ws/build/livox_ros_driver2 -- -j16 -l16
[0.062s] [  1%] [34m[1mGenerating C code for ROS interfaces[0m
[0.073s] [  3%] [34m[1mGenerating Rust code for ROS interfaces[0m
[0.074s] [  6%] [32mBuilding CXX object CMakeFiles/livox_ros_driver2_node.dir/rclcpp_components/node_main_livox_ros_driver2_node.cpp.o[0m
[0.074s] [  6%] [34m[1mGenerating C++ code for ROS interfaces[0m
[0.084s] [  6%] Built target ament_cmake_python_copy_livox_ros_driver2
[0.343s] running egg_info
[0.344s] creating livox_ros_driver2.egg-info
[0.345s] writing livox_ros_driver2.egg-info/PKG-INFO
[0.345s] writing dependency_links to livox_ros_driver2.egg-info/dependency_links.txt
[0.345s] writing top-level names to livox_ros_driver2.egg-info/top_level.txt
[0.345s] writing manifest file 'livox_ros_driver2.egg-info/SOURCES.txt'
[0.348s] reading manifest file 'livox_ros_driver2.egg-info/SOURCES.txt'
[0.348s] writing manifest file 'livox_ros_driver2.egg-info/SOURCES.txt'
[0.404s] [  6%] Built target ament_cmake_python_build_livox_ros_driver2_egg
[0.437s] [  8%] [32mBuilding C object CMakeFiles/livox_interfaces2__rosidl_generator_c.dir/rosidl_generator_c/livox_ros_driver2/msg/detail/custom_msg__functions.c.o[0m
[0.437s] [ 10%] [32mBuilding C object CMakeFiles/livox_interfaces2__rosidl_generator_c.dir/rosidl_generator_c/livox_ros_driver2/msg/detail/custom_point__functions.c.o[0m
[0.484s] [ 12%] [32m[1mLinking C shared library liblivox_ros_driver2__rosidl_generator_c.so[0m
[0.500s] [ 12%] Built target livox_interfaces2__rs
[0.523s] [ 12%] Built target livox_interfaces2__rosidl_generator_c
[0.535s] [ 13%] [34m[1mGenerating C introspection for ROS interfaces[0m
[0.537s] [ 15%] [34m[1mGenerating C type support for eProsima Fast-RTPS[0m
[0.542s] [ 17%] [34m[1mGenerating C type support dispatch for ROS interfaces[0m
[0.549s] [ 17%] Built target livox_interfaces2__cpp
[0.568s] [ 18%] [34m[1mGenerating C++ type support for eProsima Fast-RTPS[0m
[0.571s] [ 20%] [34m[1mGenerating C++ type support dispatch for ROS interfaces[0m
[0.572s] [ 22%] [34m[1mGenerating C++ introspection for ROS interfaces[0m
[1.020s] [ 25%] [32mBuilding C object CMakeFiles/livox_interfaces2__rosidl_typesupport_introspection_c.dir/rosidl_typesupport_introspection_c/livox_ros_driver2/msg/detail/custom_point__type_support.c.o[0m
[1.020s] [ 25%] [32mBuilding C object CMakeFiles/livox_interfaces2__rosidl_typesupport_introspection_c.dir/rosidl_typesupport_introspection_c/livox_ros_driver2/msg/detail/custom_msg__type_support.c.o[0m
[1.034s] [ 27%] [32mBuilding CXX object CMakeFiles/livox_interfaces2__rosidl_typesupport_c.dir/rosidl_typesupport_c/livox_ros_driver2/msg/custom_point__type_support.cpp.o[0m
[1.036s] [ 29%] [32mBuilding CXX object CMakeFiles/livox_interfaces2__rosidl_typesupport_c.dir/rosidl_typesupport_c/livox_ros_driver2/msg/custom_msg__type_support.cpp.o[0m
[1.057s] [ 31%] [32mBuilding CXX object CMakeFiles/livox_interfaces2__rosidl_typesupport_cpp.dir/rosidl_typesupport_cpp/livox_ros_driver2/msg/custom_point__type_support.cpp.o[0m
[1.060s] [ 32%] [32mBuilding CXX object CMakeFiles/livox_interfaces2__rosidl_typesupport_cpp.dir/rosidl_typesupport_cpp/livox_ros_driver2/msg/custom_msg__type_support.cpp.o[0m
[1.067s] [ 36%] [32mBuilding CXX object CMakeFiles/livox_interfaces2__rosidl_typesupport_fastrtps_c.dir/rosidl_typesupport_fastrtps_c/livox_ros_driver2/msg/detail/custom_msg__type_support_c.cpp.o[0m
[1.067s] [ 36%] [32mBuilding CXX object CMakeFiles/livox_interfaces2__rosidl_typesupport_fastrtps_c.dir/rosidl_typesupport_fastrtps_c/livox_ros_driver2/msg/detail/custom_point__type_support_c.cpp.o[0m
[1.076s] [ 37%] [32m[1mLinking C shared library liblivox_ros_driver2__rosidl_typesupport_introspection_c.so[0m
[1.080s] [ 39%] [32m[1mLinking CXX shared library liblivox_ros_driver2__rosidl_typesupport_c.so[0m
[1.099s] [ 43%] [32mBuilding CXX object CMakeFiles/livox_interfaces2__rosidl_typesupport_fastrtps_cpp.dir/rosidl_typesupport_fastrtps_cpp/livox_ros_driver2/msg/detail/dds_fastrtps/custom_point__type_support.cpp.o[0m
[1.100s] [ 44%] [32mBuilding CXX object CMakeFiles/livox_interfaces2__rosidl_typesupport_introspection_cpp.dir/rosidl_typesupport_introspection_cpp/livox_ros_driver2/msg/detail/custom_msg__type_support.cpp.o[0m
[1.100s] [ 44%] [32mBuilding CXX object CMakeFiles/livox_interfaces2__rosidl_typesupport_fastrtps_cpp.dir/rosidl_typesupport_fastrtps_cpp/livox_ros_driver2/msg/detail/dds_fastrtps/custom_msg__type_support.cpp.o[0m
[1.107s] [ 46%] [32mBuilding CXX object CMakeFiles/livox_interfaces2__rosidl_typesupport_introspection_cpp.dir/rosidl_typesupport_introspection_cpp/livox_ros_driver2/msg/detail/custom_point__type_support.cpp.o[0m
[1.144s] [ 46%] Built target livox_interfaces2__rosidl_typesupport_introspection_c
[1.171s] [ 46%] Built target livox_interfaces2__rosidl_typesupport_c
[1.383s] [ 48%] [32m[1mLinking CXX shared library liblivox_ros_driver2__rosidl_typesupport_cpp.so[0m
[1.438s] [ 50%] [32m[1mLinking CXX shared library liblivox_ros_driver2__rosidl_typesupport_fastrtps_c.so[0m
[1.443s] [ 50%] Built target livox_interfaces2__rosidl_typesupport_cpp
[1.479s] [ 53%] [32mBuilding CXX object CMakeFiles/livox_ros_driver2.dir/src/livox_ros_driver2.cpp.o[0m
[1.479s] [ 53%] [32mBuilding CXX object CMakeFiles/livox_ros_driver2.dir/src/lddc.cpp.o[0m
[1.490s] [ 55%] [32mBuilding CXX object CMakeFiles/livox_ros_driver2.dir/src/driver_node.cpp.o[0m
[1.496s] [ 56%] [32mBuilding CXX object CMakeFiles/livox_ros_driver2.dir/src/comm/comm.cpp.o[0m
[1.499s] [ 58%] [32mBuilding CXX object CMakeFiles/livox_ros_driver2.dir/src/lds.cpp.o[0m
[1.500s] [ 60%] [32mBuilding CXX object CMakeFiles/livox_ros_driver2.dir/src/lds_lidar.cpp.o[0m
[1.504s] [ 63%] [32mBuilding CXX object CMakeFiles/livox_ros_driver2.dir/src/comm/semaphore.cpp.o[0m
[1.504s] [ 62%] [32mBuilding CXX object CMakeFiles/livox_ros_driver2.dir/src/comm/ldq.cpp.o[0m
[1.505s] [ 67%] [32mBuilding CXX object CMakeFiles/livox_ros_driver2.dir/src/comm/lidar_imu_data_queue.cpp.o[0m
[1.505s] [ 67%] [32mBuilding CXX object CMakeFiles/livox_ros_driver2.dir/src/comm/cache_index.cpp.o[0m
[1.560s] [ 68%] [32mBuilding CXX object CMakeFiles/livox_ros_driver2.dir/src/comm/pub_handler.cpp.o[0m
[1.608s] [ 68%] Built target livox_interfaces2__rosidl_typesupport_fastrtps_c
[1.638s] [ 70%] [32mBuilding CXX object CMakeFiles/livox_ros_driver2.dir/src/parse_cfg_file/parse_cfg_file.cpp.o[0m
[1.639s] [ 72%] [32mBuilding CXX object CMakeFiles/livox_ros_driver2.dir/src/parse_cfg_file/parse_livox_lidar_cfg.cpp.o[0m
[1.672s] [ 74%] [32m[1mLinking CXX shared library liblivox_ros_driver2__rosidl_typesupport_fastrtps_cpp.so[0m
[1.675s] [ 75%] [32m[1mLinking CXX shared library liblivox_ros_driver2__rosidl_typesupport_introspection_cpp.so[0m
[1.857s] [ 75%] Built target livox_interfaces2__rosidl_typesupport_fastrtps_cpp
[1.892s] [ 77%] [32mBuilding CXX object CMakeFiles/livox_ros_driver2.dir/src/call_back/lidar_common_callback.cpp.o[0m
[1.985s] [ 77%] Built target livox_interfaces2__rosidl_typesupport_introspection_cpp
[2.000s] [ 79%] [32mBuilding CXX object CMakeFiles/livox_ros_driver2.dir/src/call_back/livox_lidar_callback.cpp.o[0m
[2.145s] [ 79%] Built target livox_interfaces2
[2.211s] [ 81%] [34m[1mGenerating Python code for ROS interfaces[0m
[3.193s] [ 81%] Built target livox_interfaces2__py
[3.215s] [ 84%] [32mBuilding C object CMakeFiles/livox_interfaces2__rosidl_generator_py.dir/rosidl_generator_py/livox_ros_driver2/msg/_custom_point_s.c.o[0m
[3.215s] [ 84%] [32mBuilding C object CMakeFiles/livox_interfaces2__rosidl_generator_py.dir/rosidl_generator_py/livox_ros_driver2/msg/_custom_msg_s.c.o[0m
[3.337s] [ 86%] [32m[1mLinking C shared library rosidl_generator_py/livox_ros_driver2/liblivox_interfaces2__rosidl_generator_py.so[0m
[3.399s] [ 86%] Built target livox_interfaces2__rosidl_generator_py
[3.424s] [ 91%] [32mBuilding C object CMakeFiles/livox_ros_driver2__rosidl_typesupport_introspection_c__pyext.dir/rosidl_generator_py/livox_ros_driver2/_livox_ros_driver2_s.ep.rosidl_typesupport_introspection_c.c.o[0m
[3.424s] [ 91%] [32mBuilding C object CMakeFiles/livox_ros_driver2__rosidl_typesupport_c__pyext.dir/rosidl_generator_py/livox_ros_driver2/_livox_ros_driver2_s.ep.rosidl_typesupport_c.c.o[0m
[3.424s] [ 91%] [32mBuilding C object CMakeFiles/livox_ros_driver2__rosidl_typesupport_fastrtps_c__pyext.dir/rosidl_generator_py/livox_ros_driver2/_livox_ros_driver2_s.ep.rosidl_typesupport_fastrtps_c.c.o[0m
[3.537s] [ 96%] [32m[1mLinking C shared library rosidl_generator_py/livox_ros_driver2/livox_ros_driver2_s__rosidl_typesupport_c.cpython-310-x86_64-linux-gnu.so[0m
[3.537s] [ 96%] [32m[1mLinking C shared library rosidl_generator_py/livox_ros_driver2/livox_ros_driver2_s__rosidl_typesupport_introspection_c.cpython-310-x86_64-linux-gnu.so[0m
[3.537s] [ 96%] [32m[1mLinking C shared library rosidl_generator_py/livox_ros_driver2/livox_ros_driver2_s__rosidl_typesupport_fastrtps_c.cpython-310-x86_64-linux-gnu.so[0m
[3.585s] [ 96%] Built target livox_ros_driver2__rosidl_typesupport_c__pyext
[3.585s] [ 96%] Built target livox_ros_driver2__rosidl_typesupport_introspection_c__pyext
[3.585s] [ 96%] Built target livox_ros_driver2__rosidl_typesupport_fastrtps_c__pyext
[4.099s] [ 98%] [32m[1mLinking CXX executable livox_ros_driver2_node[0m
[4.300s] [ 98%] Built target livox_ros_driver2_node
[9.098s] [100%] [32m[1mLinking CXX shared library liblivox_ros_driver2.so[0m
[9.883s] [100%] Built target livox_ros_driver2
