[0.014s] Invoking command in '/home/chen/sentry_try/sentry_ws/build/can_comm': AMENT_PREFIX_PATH=/home/chen/sentry_try/sentry_ws/install/sentry_msgs:${AMENT_PREFIX_PATH} CMAKE_PREFIX_PATH=/home/chen/sentry_try/sentry_ws/install/sentry_msgs:/opt/ros/humble LD_LIBRARY_PATH=/home/chen/sentry_try/sentry_ws/install/sentry_msgs/lib:${LD_LIBRARY_PATH} PYTHONPATH=/home/chen/sentry_try/sentry_ws/install/sentry_msgs/local/lib/python3.10/dist-packages:${PYTHONPATH} /usr/bin/cmake /home/chen/sentry_try/sentry_ws/src/can_comm -DCMAKE_EXPORT_COMPILE_COMMANDS=ON -DCMAKE_INSTALL_PREFIX=/home/chen/sentry_try/sentry_ws/install/can_comm
[0.027s] -- Found ament_cmake: 1.3.14 (/opt/ros/humble/share/ament_cmake/cmake)
[0.122s] -- Found rclcpp: 16.0.19 (/opt/ros/humble/share/rclcpp/cmake)
[0.148s] -- Found rosidl_generator_c: 3.1.9 (/opt/ros/humble/share/rosidl_generator_c/cmake)
[0.149s] -- Found rosidl_adapter: 3.1.9 (/opt/ros/humble/share/rosidl_adapter/cmake)
[0.155s] -- Found rosidl_generator_cpp: 3.1.9 (/opt/ros/humble/share/rosidl_generator_cpp/cmake)
[0.162s] -- Using all available rosidl_typesupport_c: rosidl_typesupport_fastrtps_c;rosidl_typesupport_introspection_c
[0.173s] -- Using all available rosidl_typesupport_cpp: rosidl_typesupport_fastrtps_cpp;rosidl_typesupport_introspection_cpp
[0.199s] -- Found rmw_implementation_cmake: 6.1.2 (/opt/ros/humble/share/rmw_implementation_cmake/cmake)
[0.200s] -- Found rmw_fastrtps_cpp: 6.2.10 (/opt/ros/humble/share/rmw_fastrtps_cpp/cmake)
[0.293s] -- Using RMW implementation 'rmw_fastrtps_cpp' as default
[0.357s] -- Found geometry_msgs: 4.9.1 (/opt/ros/humble/share/geometry_msgs/cmake)
[0.390s] -- Found sentry_msgs: 0.0.2 (/home/chen/sentry_try/sentry_ws/install/sentry_msgs/share/sentry_msgs/cmake)
[0.400s] -- Found tf2_ros: 0.25.20 (/opt/ros/humble/share/tf2_ros/cmake)
[0.490s] -- Found tf2_geometry_msgs: 0.25.20 (/opt/ros/humble/share/tf2_geometry_msgs/cmake)
[0.499s] -- Found eigen3_cmake_module: 0.1.1 (/opt/ros/humble/share/eigen3_cmake_module/cmake)
[0.500s] -- Found Eigen3: TRUE (found version "3.4.0") 
[0.500s] -- Ensuring Eigen3 include directory is part of orocos-kdl CMake target
[0.546s] -- Configuring done
[0.562s] -- Generating done
[0.566s] -- Build files have been written to: /home/chen/sentry_try/sentry_ws/build/can_comm
[0.574s] Invoked command in '/home/chen/sentry_try/sentry_ws/build/can_comm' returned '0': AMENT_PREFIX_PATH=/home/chen/sentry_try/sentry_ws/install/sentry_msgs:${AMENT_PREFIX_PATH} CMAKE_PREFIX_PATH=/home/chen/sentry_try/sentry_ws/install/sentry_msgs:/opt/ros/humble LD_LIBRARY_PATH=/home/chen/sentry_try/sentry_ws/install/sentry_msgs/lib:${LD_LIBRARY_PATH} PYTHONPATH=/home/chen/sentry_try/sentry_ws/install/sentry_msgs/local/lib/python3.10/dist-packages:${PYTHONPATH} /usr/bin/cmake /home/chen/sentry_try/sentry_ws/src/can_comm -DCMAKE_EXPORT_COMPILE_COMMANDS=ON -DCMAKE_INSTALL_PREFIX=/home/chen/sentry_try/sentry_ws/install/can_comm
[0.576s] Invoking command in '/home/chen/sentry_try/sentry_ws/build/can_comm': AMENT_PREFIX_PATH=/home/chen/sentry_try/sentry_ws/install/sentry_msgs:${AMENT_PREFIX_PATH} CMAKE_PREFIX_PATH=/home/chen/sentry_try/sentry_ws/install/sentry_msgs:/opt/ros/humble LD_LIBRARY_PATH=/home/chen/sentry_try/sentry_ws/install/sentry_msgs/lib:${LD_LIBRARY_PATH} PYTHONPATH=/home/chen/sentry_try/sentry_ws/install/sentry_msgs/local/lib/python3.10/dist-packages:${PYTHONPATH} /usr/bin/cmake --build /home/chen/sentry_try/sentry_ws/build/can_comm -- -j16 -l16
[0.614s] Consolidate compiler generated dependencies of target can_send_node
[0.614s] Consolidate compiler generated dependencies of target can_receive_node
[0.620s] [ 16%] Building CXX object CMakeFiles/vyaw_tf_yaw_controller_node.dir/src/vyaw_tf_yaw_controller.cpp.o
[0.627s] [ 50%] Linking CXX executable can_receive_node
[0.627s] [ 50%] Linking CXX executable can_send_node
[0.807s] [ 66%] Built target can_receive_node
[0.911s] /home/chen/sentry_try/sentry_ws/src/can_comm/src/vyaw_tf_yaw_controller.cpp:5:10: fatal error: tf2_LinearMath/Quaternion.h: 没有那个文件或目录
[0.911s]     5 | #include <tf2_LinearMath/Quaternion.h>
[0.911s]       |          ^~~~~~~~~~~~~~~~~~~~~~~~~~~~~
[0.912s] compilation terminated.
[0.917s] gmake[2]: *** [CMakeFiles/vyaw_tf_yaw_controller_node.dir/build.make:76：CMakeFiles/vyaw_tf_yaw_controller_node.dir/src/vyaw_tf_yaw_controller.cpp.o] 错误 1
[0.917s] gmake[1]: *** [CMakeFiles/Makefile2:141：CMakeFiles/vyaw_tf_yaw_controller_node.dir/all] 错误 2
[0.917s] gmake[1]: *** 正在等待未完成的任务....
[1.218s] [ 83%] Built target can_send_node
[1.218s] gmake: *** [Makefile:146：all] 错误 2
[1.221s] Invoked command in '/home/chen/sentry_try/sentry_ws/build/can_comm' returned '2': AMENT_PREFIX_PATH=/home/chen/sentry_try/sentry_ws/install/sentry_msgs:${AMENT_PREFIX_PATH} CMAKE_PREFIX_PATH=/home/chen/sentry_try/sentry_ws/install/sentry_msgs:/opt/ros/humble LD_LIBRARY_PATH=/home/chen/sentry_try/sentry_ws/install/sentry_msgs/lib:${LD_LIBRARY_PATH} PYTHONPATH=/home/chen/sentry_try/sentry_ws/install/sentry_msgs/local/lib/python3.10/dist-packages:${PYTHONPATH} /usr/bin/cmake --build /home/chen/sentry_try/sentry_ws/build/can_comm -- -j16 -l16
