[0.021s] Invoking command in '/home/chen/sentry_try/sentry_ws/build/lightning': CMAKE_PREFIX_PATH=/opt/ros/humble /usr/bin/cmake /home/chen/sentry_try/sentry_ws/src/lightning-lm -DCMAKE_INSTALL_PREFIX=/home/chen/sentry_try/sentry_ws/install/lightning
[0.062s] -- The C compiler identification is GNU 11.4.0
[0.108s] -- The CXX compiler identification is GNU 11.4.0
[0.114s] -- Detecting C compiler ABI info
[0.171s] -- Detecting C compiler ABI info - done
[0.175s] -- Check for working C compiler: /usr/bin/cc - skipped
[0.176s] -- Detecting C compile features
[0.176s] -- Detecting C compile features - done
[0.178s] -- Detecting CXX compiler ABI info
[0.248s] -- Detecting CXX compiler ABI info - done
[0.255s] -- Check for working CXX compiler: /usr/bin/c++ - skipped
[0.255s] -- Detecting CXX compile features
[0.256s] -- Detecting CXX compile features - done
[0.279s] -- Checking for module 'eigen3'
[0.289s] --   Found eigen3, version 3.4.0
[0.325s] -- Found Eigen: /usr/include/eigen3 (Required is at least version "3.1") 
[0.325s] -- Eigen found (include: /usr/include/eigen3, version: 3.4.0)
[0.344s] -- Found Boost: /usr/lib/x86_64-linux-gnu/cmake/Boost-1.74.0/BoostConfig.cmake (found suitable version "1.74.0", minimum required is "1.65.0") found components: system filesystem date_time iostreams serialization 
[0.357s] -- Checking for module 'flann'
[0.370s] --   Found flann, version 1.9.1
[0.422s] -- Found FLANN: /usr/lib/x86_64-linux-gnu/libflann_cpp.so  
[0.423s] -- FLANN found (include: /usr/include, lib: /usr/lib/x86_64-linux-gnu/libflann_cpp.so)
[0.444s] -- Looking for pthread.h
[0.500s] -- Looking for pthread.h - found
[0.500s] -- Performing Test CMAKE_HAVE_LIBC_PTHREAD
[0.559s] -- Performing Test CMAKE_HAVE_LIBC_PTHREAD - Success
[0.560s] -- Found Threads: TRUE  
[0.561s] -- Found GLEW: /usr/lib/x86_64-linux-gnu/libGLEW.so  
[0.565s] -- Found OpenGL: /usr/lib/x86_64-linux-gnu/libOpenGL.so  found components: OpenGL GLX 
[0.670s] -- Found MPI_C: /usr/lib/x86_64-linux-gnu/libmpi.so (found version "3.1") 
[0.670s] -- Found MPI: TRUE (found version "3.1") found components: C 
[0.671s] -- Found JsonCpp: /usr/lib/x86_64-linux-gnu/libjsoncpp.so (found suitable version "1.9.5", minimum required is "0.7.0") 
[0.678s] -- Found ZLIB: /usr/lib/x86_64-linux-gnu/libz.so (found version "1.2.11") 
[0.689s] -- Found PNG: /usr/lib/x86_64-linux-gnu/libpng.so (found version "1.6.37") 
[0.699s] -- Found Eigen3: /usr/include/eigen3 (found version "3.4.0") 
[0.780s] -- Found X11: /usr/include   
[0.780s] -- Looking for XOpenDisplay in /usr/lib/x86_64-linux-gnu/libX11.so;/usr/lib/x86_64-linux-gnu/libXext.so
[0.840s] -- Looking for XOpenDisplay in /usr/lib/x86_64-linux-gnu/libX11.so;/usr/lib/x86_64-linux-gnu/libXext.so - found
[0.840s] -- Looking for gethostbyname
[0.897s] -- Looking for gethostbyname - found
[0.897s] -- Looking for connect
[0.954s] -- Looking for connect - found
[0.954s] -- Looking for remove
[1.009s] -- Looking for remove - found
[1.009s] -- Looking for shmat
[1.081s] -- Looking for shmat - found
[1.081s] -- Looking for IceConnectionNumber in ICE
[1.137s] -- Looking for IceConnectionNumber in ICE - found
[1.223s] -- Found EXPAT: /usr/lib/x86_64-linux-gnu/libexpat.so (found version "2.4.7") 
[1.225s] -- Found double-conversion: /usr/lib/x86_64-linux-gnu/libdouble-conversion.so  
[1.227s] -- Found LZ4: /usr/lib/x86_64-linux-gnu/liblz4.so (found version "1.9.3") 
[1.229s] -- Found LZMA: /usr/lib/x86_64-linux-gnu/liblzma.so (found version "5.2.5") 
[1.240s] -- Found JPEG: /usr/lib/x86_64-linux-gnu/libjpeg.so (found version "80") 
[1.247s] -- Found TIFF: /usr/lib/x86_64-linux-gnu/libtiff.so (found version "4.3.0")  
[1.250s] -- Found Freetype: /usr/lib/x86_64-linux-gnu/libfreetype.so (found version "2.11.1") 
[1.253s] -- Found utf8cpp: /usr/include/utf8cpp  
[1.320s] -- Checking for module 'libusb-1.0'
[1.333s] --   Found libusb-1.0, version 1.0.25
[1.367s] -- Found libusb: /usr/lib/x86_64-linux-gnu/libusb-1.0.so  
[1.367s] -- Found OpenNI: /usr/lib/libOpenNI.so;libusb::libusb (found version "1.5.4.0") 
[1.367s] -- OpenNI found (version: 1.5.4.0, include: /usr/include/ni, lib: /usr/lib/libOpenNI.so;libusb::libusb)
[1.421s] -- Found OpenNI2: /usr/lib/x86_64-linux-gnu/libOpenNI2.so;libusb::libusb (found version "2.2.0.33") 
[1.421s] -- OpenNI2 found (version: 2.2.0.33, include: /usr/include/openni2, lib: /usr/lib/x86_64-linux-gnu/libOpenNI2.so;libusb::libusb)
[1.421s] [0m** WARNING ** io features related to pcap will be disabled[0m
[1.535s] -- Eigen found (include: /usr/include/eigen3, version: 3.4.0)
[1.540s] -- OpenNI found (version: 1.5.4.0, include: /usr/include/ni, lib: /usr/lib/libOpenNI.so;libusb::libusb)
[1.545s] -- OpenNI2 found (version: 2.2.0.33, include: /usr/include/openni2, lib: /usr/lib/x86_64-linux-gnu/libOpenNI2.so;libusb::libusb)
[1.649s] -- Found Qhull version 8.0.2
[1.752s] -- OpenNI found (version: 1.5.4.0, include: /usr/include/ni, lib: /usr/lib/libOpenNI.so;libusb::libusb)
[1.851s] -- looking for PCL_COMMON
[1.852s] -- Found PCL_COMMON: /usr/lib/x86_64-linux-gnu/libpcl_common.so  
[1.852s] -- looking for PCL_KDTREE
[1.853s] -- Found PCL_KDTREE: /usr/lib/x86_64-linux-gnu/libpcl_kdtree.so  
[1.853s] -- looking for PCL_OCTREE
[1.853s] -- Found PCL_OCTREE: /usr/lib/x86_64-linux-gnu/libpcl_octree.so  
[1.853s] -- looking for PCL_SEARCH
[1.854s] -- Found PCL_SEARCH: /usr/lib/x86_64-linux-gnu/libpcl_search.so  
[1.854s] -- looking for PCL_SAMPLE_CONSENSUS
[1.854s] -- Found PCL_SAMPLE_CONSENSUS: /usr/lib/x86_64-linux-gnu/libpcl_sample_consensus.so  
[1.854s] -- looking for PCL_FILTERS
[1.855s] -- Found PCL_FILTERS: /usr/lib/x86_64-linux-gnu/libpcl_filters.so  
[1.855s] -- looking for PCL_2D
[1.855s] -- Found PCL_2D: /usr/include/pcl-1.12  
[1.855s] -- looking for PCL_GEOMETRY
[1.855s] -- Found PCL_GEOMETRY: /usr/include/pcl-1.12  
[1.855s] -- looking for PCL_IO
[1.856s] -- Found PCL_IO: /usr/lib/x86_64-linux-gnu/libpcl_io.so  
[1.856s] -- looking for PCL_FEATURES
[1.856s] -- Found PCL_FEATURES: /usr/lib/x86_64-linux-gnu/libpcl_features.so  
[1.856s] -- looking for PCL_ML
[1.857s] -- Found PCL_ML: /usr/lib/x86_64-linux-gnu/libpcl_ml.so  
[1.857s] -- looking for PCL_SEGMENTATION
[1.857s] -- Found PCL_SEGMENTATION: /usr/lib/x86_64-linux-gnu/libpcl_segmentation.so  
[1.857s] -- looking for PCL_VISUALIZATION
[1.858s] -- Found PCL_VISUALIZATION: /usr/lib/x86_64-linux-gnu/libpcl_visualization.so  
[1.858s] -- looking for PCL_SURFACE
[1.858s] -- Found PCL_SURFACE: /usr/lib/x86_64-linux-gnu/libpcl_surface.so  
[1.858s] -- looking for PCL_REGISTRATION
[1.859s] -- Found PCL_REGISTRATION: /usr/lib/x86_64-linux-gnu/libpcl_registration.so  
[1.859s] -- looking for PCL_KEYPOINTS
[1.860s] -- Found PCL_KEYPOINTS: /usr/lib/x86_64-linux-gnu/libpcl_keypoints.so  
[1.860s] -- looking for PCL_TRACKING
[1.860s] -- Found PCL_TRACKING: /usr/lib/x86_64-linux-gnu/libpcl_tracking.so  
[1.860s] -- looking for PCL_RECOGNITION
[1.861s] -- Found PCL_RECOGNITION: /usr/lib/x86_64-linux-gnu/libpcl_recognition.so  
[1.861s] -- looking for PCL_STEREO
[1.862s] -- Found PCL_STEREO: /usr/lib/x86_64-linux-gnu/libpcl_stereo.so  
[1.862s] -- looking for PCL_APPS
[1.863s] -- Found PCL_APPS: /usr/lib/x86_64-linux-gnu/libpcl_apps.so  
[1.864s] -- looking for PCL_IN_HAND_SCANNER
[1.864s] -- Found PCL_IN_HAND_SCANNER: /usr/include/pcl-1.12  
[1.864s] -- looking for PCL_MODELER
[1.864s] -- Found PCL_MODELER: /usr/include/pcl-1.12  
[1.864s] -- looking for PCL_POINT_CLOUD_EDITOR
[1.865s] -- Found PCL_POINT_CLOUD_EDITOR: /usr/include/pcl-1.12  
[1.865s] -- looking for PCL_OUTOFCORE
[1.866s] -- Found PCL_OUTOFCORE: /usr/lib/x86_64-linux-gnu/libpcl_outofcore.so  
[1.867s] -- looking for PCL_PEOPLE
[1.867s] -- Found PCL_PEOPLE: /usr/lib/x86_64-linux-gnu/libpcl_people.so  
[1.868s] -- Found PCL: pcl_common;pcl_kdtree;pcl_octree;pcl_search;pcl_sample_consensus;pcl_filters;pcl_io;pcl_features;pcl_ml;pcl_segmentation;pcl_visualization;pcl_surface;pcl_registration;pcl_keypoints;pcl_tracking;pcl_recognition;pcl_stereo;pcl_apps;pcl_outofcore;pcl_people;Boost::system;Boost::filesystem;Boost::date_time;Boost::iostreams;Boost::serialization;/usr/lib/libOpenNI.so;libusb::libusb;/usr/lib/x86_64-linux-gnu/libOpenNI2.so;libusb::libusb;VTK::ChartsCore;VTK::CommonColor;VTK::CommonComputationalGeometry;VTK::CommonCore;VTK::CommonDataModel;VTK::CommonExecutionModel;VTK::CommonMath;VTK::CommonMisc;VTK::CommonTransforms;VTK::FiltersCore;VTK::FiltersExtraction;VTK::FiltersGeneral;VTK::FiltersGeometry;VTK::FiltersModeling;VTK::FiltersSources;VTK::ImagingCore;VTK::ImagingSources;VTK::InteractionImage;VTK::InteractionStyle;VTK::InteractionWidgets;VTK::IOCore;VTK::IOGeometry;VTK::IOImage;VTK::IOLegacy;VTK::IOPLY;VTK::RenderingAnnotation;VTK::RenderingCore;VTK::RenderingContext2D;VTK::RenderingLOD;VTK::RenderingFreeType;VTK::ViewsCore;VTK::ViewsContext2D;VTK::RenderingOpenGL2;VTK::GUISupportQt;FLANN::FLANN;QHULL::QHULL  
[1.877s] -- Found OpenGL: /usr/lib/x86_64-linux-gnu/libOpenGL.so  found components: OpenGL 
[1.878s] -- Found OpenGL: /usr/lib/x86_64-linux-gnu/libOpenGL.so   
[1.880s] -- Found pcl_conversions: 2.4.5 (/opt/ros/humble/share/pcl_conversions/cmake)
[1.978s] -- Found Python3: /usr/bin/python3 (found version "3.10.12") found components: Interpreter 
[2.078s] -- Found rosidl_generator_c: 3.1.8 (/opt/ros/humble/share/rosidl_generator_c/cmake)
[2.082s] -- Found rosidl_adapter: 3.1.8 (/opt/ros/humble/share/rosidl_adapter/cmake)
[2.088s] -- Found rosidl_generator_cpp: 3.1.8 (/opt/ros/humble/share/rosidl_generator_cpp/cmake)
[2.096s] -- Using all available rosidl_typesupport_c: rosidl_typesupport_fastrtps_c;rosidl_typesupport_introspection_c
[2.110s] -- Using all available rosidl_typesupport_cpp: rosidl_typesupport_fastrtps_cpp;rosidl_typesupport_introspection_cpp
[2.143s] -- Found rmw_implementation_cmake: 6.1.2 (/opt/ros/humble/share/rmw_implementation_cmake/cmake)
[2.145s] -- Found rmw_fastrtps_cpp: 6.2.10 (/opt/ros/humble/share/rmw_fastrtps_cpp/cmake)
[2.236s] -- Found OpenSSL: /usr/lib/x86_64-linux-gnu/libcrypto.so (found version "3.0.2")  
[2.259s] -- Found FastRTPS: /opt/ros/humble/include  
[2.294s] -- Using RMW implementation 'rmw_fastrtps_cpp' as default
[2.374s] -- Found nav_msgs: 4.9.1 (/opt/ros/humble/share/nav_msgs/cmake)
[2.385s] -- Found std_srvs: 4.9.1 (/opt/ros/humble/share/std_srvs/cmake)
[2.395s] -- Found OpenCV: /usr (found version "4.5.4") 
[2.397s] -- Found tf2: 0.25.20 (/opt/ros/humble/share/tf2/cmake)
[2.408s] -- Found tf2_ros: 0.25.20 (/opt/ros/humble/share/tf2_ros/cmake)
[2.465s] -- Found rosbag2_cpp: 0.15.16 (/opt/ros/humble/share/rosbag2_cpp/cmake)
[2.487s] -- Found rosidl_default_generators: 1.2.1 (/opt/ros/humble/share/rosidl_default_generators/cmake)
[2.686s] -- Found OpenMP_C: -fopenmp (found version "4.5") 
[2.757s] -- Found OpenMP_CXX: -fopenmp (found version "4.5") 
[2.757s] -- Found OpenMP: TRUE (found version "4.5")  
[2.767s] [31mCMake Error at CMakeLists.txt:43 (find_package):
[2.767s]   By not providing "Findrm_referee_msgs.cmake" in CMAKE_MODULE_PATH this
[2.767s]   project has asked CMake to find a package configuration file provided by
[2.767s]   "rm_referee_msgs", but CMake did not find one.
[2.767s] 
[2.767s]   Could not find a package configuration file provided by "rm_referee_msgs"
[2.767s]   with any of the following names:
[2.767s] 
[2.767s]     rm_referee_msgsConfig.cmake
[2.767s]     rm_referee_msgs-config.cmake
[2.767s] 
[2.768s]   Add the installation prefix of "rm_referee_msgs" to CMAKE_PREFIX_PATH or
[2.768s]   set "rm_referee_msgs_DIR" to a directory containing one of the above files.
[2.768s]   If "rm_referee_msgs" provides a separate development package or SDK, be
[2.768s]   sure it has been installed.
[2.768s] 
[2.768s] [0m
[2.768s] -- Configuring incomplete, errors occurred!
[2.768s] See also "/home/chen/sentry_try/sentry_ws/build/lightning/CMakeFiles/CMakeOutput.log".
