[0.008s] Invoking command in '/home/chen/sentry_try/sentry_ws/build/rm_referee_mock': AMENT_PREFIX_PATH=/home/chen/sentry_try/sentry_ws/install/rm_referee_msgs:${AMENT_PREFIX_PATH} CMAKE_PREFIX_PATH=/home/chen/sentry_try/sentry_ws/install/rm_referee_msgs:/opt/ros/humble LD_LIBRARY_PATH=/home/chen/sentry_try/sentry_ws/install/rm_referee_msgs/lib:${LD_LIBRARY_PATH} PYTHONPATH=/home/chen/sentry_try/sentry_ws/install/rm_referee_msgs/local/lib/python3.10/dist-packages:${PYTHONPATH} /usr/bin/cmake /home/chen/sentry_try/sentry_ws/src/rm_referee_mock -DCMAKE_INSTALL_PREFIX=/home/chen/sentry_try/sentry_ws/install/rm_referee_mock
[0.054s] -- The C compiler identification is GNU 11.4.0
[0.096s] -- The CXX compiler identification is GNU 11.4.0
[0.103s] -- Detecting C compiler ABI info
[0.156s] -- Detecting C compiler ABI info - done
[0.160s] -- Check for working C compiler: /usr/bin/cc - skipped
[0.160s] -- Detecting C compile features
[0.160s] -- Detecting C compile features - done
[0.162s] -- Detecting CXX compiler ABI info
[0.224s] -- Detecting CXX compiler ABI info - done
[0.228s] -- Check for working CXX compiler: /usr/bin/c++ - skipped
[0.228s] -- Detecting CXX compile features
[0.228s] -- Detecting CXX compile features - done
[0.231s] -- Found ament_cmake: 1.3.14 (/opt/ros/humble/share/ament_cmake/cmake)
[0.341s] -- Found Python3: /usr/bin/python3 (found version "3.10.12") found components: Interpreter 
[0.464s] -- Found ament_cmake_pytest: 1.3.14 (/opt/ros/humble/share/ament_cmake_pytest/cmake)
[1.121s] -- Configuring done
[1.124s] -- Generating done
[1.125s] -- Build files have been written to: /home/chen/sentry_try/sentry_ws/build/rm_referee_mock
[1.128s] Invoked command in '/home/chen/sentry_try/sentry_ws/build/rm_referee_mock' returned '0': AMENT_PREFIX_PATH=/home/chen/sentry_try/sentry_ws/install/rm_referee_msgs:${AMENT_PREFIX_PATH} CMAKE_PREFIX_PATH=/home/chen/sentry_try/sentry_ws/install/rm_referee_msgs:/opt/ros/humble LD_LIBRARY_PATH=/home/chen/sentry_try/sentry_ws/install/rm_referee_msgs/lib:${LD_LIBRARY_PATH} PYTHONPATH=/home/chen/sentry_try/sentry_ws/install/rm_referee_msgs/local/lib/python3.10/dist-packages:${PYTHONPATH} /usr/bin/cmake /home/chen/sentry_try/sentry_ws/src/rm_referee_mock -DCMAKE_INSTALL_PREFIX=/home/chen/sentry_try/sentry_ws/install/rm_referee_mock
[1.129s] Invoking command in '/home/chen/sentry_try/sentry_ws/build/rm_referee_mock': AMENT_PREFIX_PATH=/home/chen/sentry_try/sentry_ws/install/rm_referee_msgs:${AMENT_PREFIX_PATH} CMAKE_PREFIX_PATH=/home/chen/sentry_try/sentry_ws/install/rm_referee_msgs:/opt/ros/humble LD_LIBRARY_PATH=/home/chen/sentry_try/sentry_ws/install/rm_referee_msgs/lib:${LD_LIBRARY_PATH} PYTHONPATH=/home/chen/sentry_try/sentry_ws/install/rm_referee_msgs/local/lib/python3.10/dist-packages:${PYTHONPATH} /usr/bin/cmake --build /home/chen/sentry_try/sentry_ws/build/rm_referee_mock -- -j16 -l16
[1.180s] Built target ament_cmake_python_copy_rm_referee_mock
[1.339s] running egg_info
[1.339s] creating rm_referee_mock.egg-info
[1.340s] writing rm_referee_mock.egg-info/PKG-INFO
[1.340s] writing dependency_links to rm_referee_mock.egg-info/dependency_links.txt
[1.340s] writing top-level names to rm_referee_mock.egg-info/top_level.txt
[1.340s] writing manifest file 'rm_referee_mock.egg-info/SOURCES.txt'
[1.341s] reading manifest file 'rm_referee_mock.egg-info/SOURCES.txt'
[1.342s] writing manifest file 'rm_referee_mock.egg-info/SOURCES.txt'
[1.365s] Built target ament_cmake_python_build_rm_referee_mock_egg
[1.375s] Invoked command in '/home/chen/sentry_try/sentry_ws/build/rm_referee_mock' returned '0': AMENT_PREFIX_PATH=/home/chen/sentry_try/sentry_ws/install/rm_referee_msgs:${AMENT_PREFIX_PATH} CMAKE_PREFIX_PATH=/home/chen/sentry_try/sentry_ws/install/rm_referee_msgs:/opt/ros/humble LD_LIBRARY_PATH=/home/chen/sentry_try/sentry_ws/install/rm_referee_msgs/lib:${LD_LIBRARY_PATH} PYTHONPATH=/home/chen/sentry_try/sentry_ws/install/rm_referee_msgs/local/lib/python3.10/dist-packages:${PYTHONPATH} /usr/bin/cmake --build /home/chen/sentry_try/sentry_ws/build/rm_referee_mock -- -j16 -l16
[1.376s] Invoking command in '/home/chen/sentry_try/sentry_ws/build/rm_referee_mock': AMENT_PREFIX_PATH=/home/chen/sentry_try/sentry_ws/install/rm_referee_msgs:${AMENT_PREFIX_PATH} CMAKE_PREFIX_PATH=/home/chen/sentry_try/sentry_ws/install/rm_referee_msgs:/opt/ros/humble LD_LIBRARY_PATH=/home/chen/sentry_try/sentry_ws/install/rm_referee_msgs/lib:${LD_LIBRARY_PATH} PYTHONPATH=/home/chen/sentry_try/sentry_ws/install/rm_referee_msgs/local/lib/python3.10/dist-packages:${PYTHONPATH} /usr/bin/cmake --install /home/chen/sentry_try/sentry_ws/build/rm_referee_mock
[1.381s] -- Install configuration: ""
[1.382s] -- Installing: /home/chen/sentry_try/sentry_ws/install/rm_referee_mock/share/rm_referee_mock/assets
[1.382s] -- Installing: /home/chen/sentry_try/sentry_ws/install/rm_referee_mock/share/rm_referee_mock/assets/match_control.ui
[1.382s] -- Installing: /home/chen/sentry_try/sentry_ws/install/rm_referee_mock/share/rm_referee_mock/assets/map.jpg
[1.382s] -- Installing: /home/chen/sentry_try/sentry_ws/install/rm_referee_mock/share/rm_referee_mock/plugin.xml
[1.382s] -- Installing: /home/chen/sentry_try/sentry_ws/install/rm_referee_mock/lib/rm_referee_mock/rqt_clean_start
[1.382s] -- Installing: /home/chen/sentry_try/sentry_ws/install/rm_referee_mock/share/rm_referee_mock/environment/pythonpath.sh
[1.382s] -- Installing: /home/chen/sentry_try/sentry_ws/install/rm_referee_mock/share/rm_referee_mock/environment/pythonpath.dsv
[1.382s] -- Installing: /home/chen/sentry_try/sentry_ws/install/rm_referee_mock/local/lib/python3.10/dist-packages/rm_referee_mock-0.0.0-py3.10.egg-info
[1.383s] -- Installing: /home/chen/sentry_try/sentry_ws/install/rm_referee_mock/local/lib/python3.10/dist-packages/rm_referee_mock-0.0.0-py3.10.egg-info/top_level.txt
[1.383s] -- Installing: /home/chen/sentry_try/sentry_ws/install/rm_referee_mock/local/lib/python3.10/dist-packages/rm_referee_mock-0.0.0-py3.10.egg-info/PKG-INFO
[1.383s] -- Installing: /home/chen/sentry_try/sentry_ws/install/rm_referee_mock/local/lib/python3.10/dist-packages/rm_referee_mock-0.0.0-py3.10.egg-info/SOURCES.txt
[1.383s] -- Installing: /home/chen/sentry_try/sentry_ws/install/rm_referee_mock/local/lib/python3.10/dist-packages/rm_referee_mock-0.0.0-py3.10.egg-info/dependency_links.txt
[1.383s] -- Installing: /home/chen/sentry_try/sentry_ws/install/rm_referee_mock/local/lib/python3.10/dist-packages/rm_referee_mock
[1.383s] -- Installing: /home/chen/sentry_try/sentry_ws/install/rm_referee_mock/local/lib/python3.10/dist-packages/rm_referee_mock/dart_client_widget.py
[1.383s] -- Installing: /home/chen/sentry_try/sentry_ws/install/rm_referee_mock/local/lib/python3.10/dist-packages/rm_referee_mock/rqt_plugin_keyboard_publisher.py
[1.383s] -- Installing: /home/chen/sentry_try/sentry_ws/install/rm_referee_mock/local/lib/python3.10/dist-packages/rm_referee_mock/widget_confirmed_line_edit.py
[1.383s] -- Installing: /home/chen/sentry_try/sentry_ws/install/rm_referee_mock/local/lib/python3.10/dist-packages/rm_referee_mock/publisher_pool.py
[1.383s] -- Installing: /home/chen/sentry_try/sentry_ws/install/rm_referee_mock/local/lib/python3.10/dist-packages/rm_referee_mock/rqt_plugin_dart_client.py
[1.383s] -- Installing: /home/chen/sentry_try/sentry_ws/install/rm_referee_mock/local/lib/python3.10/dist-packages/rm_referee_mock/rqt_plugin_match_control.py
[1.383s] -- Installing: /home/chen/sentry_try/sentry_ws/install/rm_referee_mock/local/lib/python3.10/dist-packages/rm_referee_mock/rqt_plugin_fake_location.py
[1.384s] -- Installing: /home/chen/sentry_try/sentry_ws/install/rm_referee_mock/local/lib/python3.10/dist-packages/rm_referee_mock/match_control_widget.py
[1.384s] -- Installing: /home/chen/sentry_try/sentry_ws/install/rm_referee_mock/local/lib/python3.10/dist-packages/rm_referee_mock/sentry_posture.py
[1.384s] -- Installing: /home/chen/sentry_try/sentry_ws/install/rm_referee_mock/local/lib/python3.10/dist-packages/rm_referee_mock/fake_location_widget.py
[1.384s] -- Installing: /home/chen/sentry_try/sentry_ws/install/rm_referee_mock/local/lib/python3.10/dist-packages/rm_referee_mock/keyboard_publisher_widget.py
[1.384s] -- Installing: /home/chen/sentry_try/sentry_ws/install/rm_referee_mock/local/lib/python3.10/dist-packages/rm_referee_mock/__init__.py
[1.418s] Listing '/home/chen/sentry_try/sentry_ws/install/rm_referee_mock/local/lib/python3.10/dist-packages/rm_referee_mock'...
[1.418s] Compiling '/home/chen/sentry_try/sentry_ws/install/rm_referee_mock/local/lib/python3.10/dist-packages/rm_referee_mock/__init__.py'...
[1.418s] Compiling '/home/chen/sentry_try/sentry_ws/install/rm_referee_mock/local/lib/python3.10/dist-packages/rm_referee_mock/dart_client_widget.py'...
[1.418s] Compiling '/home/chen/sentry_try/sentry_ws/install/rm_referee_mock/local/lib/python3.10/dist-packages/rm_referee_mock/fake_location_widget.py'...
[1.418s] Compiling '/home/chen/sentry_try/sentry_ws/install/rm_referee_mock/local/lib/python3.10/dist-packages/rm_referee_mock/keyboard_publisher_widget.py'...
[1.418s] Compiling '/home/chen/sentry_try/sentry_ws/install/rm_referee_mock/local/lib/python3.10/dist-packages/rm_referee_mock/match_control_widget.py'...
[1.418s] Compiling '/home/chen/sentry_try/sentry_ws/install/rm_referee_mock/local/lib/python3.10/dist-packages/rm_referee_mock/publisher_pool.py'...
[1.418s] Compiling '/home/chen/sentry_try/sentry_ws/install/rm_referee_mock/local/lib/python3.10/dist-packages/rm_referee_mock/rqt_plugin_dart_client.py'...
[1.418s] Compiling '/home/chen/sentry_try/sentry_ws/install/rm_referee_mock/local/lib/python3.10/dist-packages/rm_referee_mock/rqt_plugin_fake_location.py'...
[1.418s] Compiling '/home/chen/sentry_try/sentry_ws/install/rm_referee_mock/local/lib/python3.10/dist-packages/rm_referee_mock/rqt_plugin_keyboard_publisher.py'...
[1.418s] Compiling '/home/chen/sentry_try/sentry_ws/install/rm_referee_mock/local/lib/python3.10/dist-packages/rm_referee_mock/rqt_plugin_match_control.py'...
[1.418s] Compiling '/home/chen/sentry_try/sentry_ws/install/rm_referee_mock/local/lib/python3.10/dist-packages/rm_referee_mock/sentry_posture.py'...
[1.418s] Compiling '/home/chen/sentry_try/sentry_ws/install/rm_referee_mock/local/lib/python3.10/dist-packages/rm_referee_mock/widget_confirmed_line_edit.py'...
[1.421s] -- Installing: /home/chen/sentry_try/sentry_ws/install/rm_referee_mock/share/ament_index/resource_index/package_run_dependencies/rm_referee_mock
[1.421s] -- Installing: /home/chen/sentry_try/sentry_ws/install/rm_referee_mock/share/ament_index/resource_index/parent_prefix_path/rm_referee_mock
[1.421s] -- Installing: /home/chen/sentry_try/sentry_ws/install/rm_referee_mock/share/rm_referee_mock/environment/ament_prefix_path.sh
[1.422s] -- Installing: /home/chen/sentry_try/sentry_ws/install/rm_referee_mock/share/rm_referee_mock/environment/ament_prefix_path.dsv
[1.422s] -- Installing: /home/chen/sentry_try/sentry_ws/install/rm_referee_mock/share/rm_referee_mock/environment/path.sh
[1.422s] -- Installing: /home/chen/sentry_try/sentry_ws/install/rm_referee_mock/share/rm_referee_mock/environment/path.dsv
[1.422s] -- Installing: /home/chen/sentry_try/sentry_ws/install/rm_referee_mock/share/rm_referee_mock/local_setup.bash
[1.422s] -- Installing: /home/chen/sentry_try/sentry_ws/install/rm_referee_mock/share/rm_referee_mock/local_setup.sh
[1.422s] -- Installing: /home/chen/sentry_try/sentry_ws/install/rm_referee_mock/share/rm_referee_mock/local_setup.zsh
[1.422s] -- Installing: /home/chen/sentry_try/sentry_ws/install/rm_referee_mock/share/rm_referee_mock/local_setup.dsv
[1.422s] -- Installing: /home/chen/sentry_try/sentry_ws/install/rm_referee_mock/share/rm_referee_mock/package.dsv
[1.422s] -- Installing: /home/chen/sentry_try/sentry_ws/install/rm_referee_mock/share/ament_index/resource_index/packages/rm_referee_mock
[1.423s] -- Installing: /home/chen/sentry_try/sentry_ws/install/rm_referee_mock/share/rm_referee_mock/cmake/rm_referee_mockConfig.cmake
[1.423s] -- Installing: /home/chen/sentry_try/sentry_ws/install/rm_referee_mock/share/rm_referee_mock/cmake/rm_referee_mockConfig-version.cmake
[1.423s] -- Installing: /home/chen/sentry_try/sentry_ws/install/rm_referee_mock/share/rm_referee_mock/package.xml
[1.425s] Invoked command in '/home/chen/sentry_try/sentry_ws/build/rm_referee_mock' returned '0': AMENT_PREFIX_PATH=/home/chen/sentry_try/sentry_ws/install/rm_referee_msgs:${AMENT_PREFIX_PATH} CMAKE_PREFIX_PATH=/home/chen/sentry_try/sentry_ws/install/rm_referee_msgs:/opt/ros/humble LD_LIBRARY_PATH=/home/chen/sentry_try/sentry_ws/install/rm_referee_msgs/lib:${LD_LIBRARY_PATH} PYTHONPATH=/home/chen/sentry_try/sentry_ws/install/rm_referee_msgs/local/lib/python3.10/dist-packages:${PYTHONPATH} /usr/bin/cmake --install /home/chen/sentry_try/sentry_ws/build/rm_referee_mock
