[0.011s] Invoking command in '/home/chen/sentry_try/sentry_ws/build/bringup': CMAKE_PREFIX_PATH=${CMAKE_PREFIX_PATH}:/opt/ros/humble /usr/bin/cmake --build /home/chen/sentry_try/sentry_ws/build/bringup -- -j16 -l16
[0.048s] Invoked command in '/home/chen/sentry_try/sentry_ws/build/bringup' returned '0': CMAKE_PREFIX_PATH=${CMAKE_PREFIX_PATH}:/opt/ros/humble /usr/bin/cmake --build /home/chen/sentry_try/sentry_ws/build/bringup -- -j16 -l16
[0.059s] Invoking command in '/home/chen/sentry_try/sentry_ws/build/bringup': CMAKE_PREFIX_PATH=${CMAKE_PREFIX_PATH}:/opt/ros/humble /usr/bin/cmake --install /home/chen/sentry_try/sentry_ws/build/bringup
[0.066s] -- Install configuration: ""
[0.066s] -- Up-to-date: /home/chen/sentry_try/sentry_ws/install/bringup/share/bringup/config
[0.066s] -- Up-to-date: /home/chen/sentry_try/sentry_ws/install/bringup/share/bringup/config/lidar.yaml
[0.066s] -- Installing: /home/chen/sentry_try/sentry_ws/install/bringup/share/bringup/config/nav2_params.yaml
[0.066s] -- Up-to-date: /home/chen/sentry_try/sentry_ws/install/bringup/share/bringup/config/loc_start_pose.yaml
[0.066s] -- Up-to-date: /home/chen/sentry_try/sentry_ws/install/bringup/share/bringup/launch
[0.067s] -- Up-to-date: /home/chen/sentry_try/sentry_ws/install/bringup/share/bringup/launch/monitored_start.launch.py
[0.067s] -- Installing: /home/chen/sentry_try/sentry_ws/install/bringup/share/bringup/launch/sentry_navigation.launch.py
[0.067s] -- Up-to-date: /home/chen/sentry_try/sentry_ws/install/bringup/share/ament_index/resource_index/package_run_dependencies/bringup
[0.067s] -- Up-to-date: /home/chen/sentry_try/sentry_ws/install/bringup/share/ament_index/resource_index/parent_prefix_path/bringup
[0.067s] -- Up-to-date: /home/chen/sentry_try/sentry_ws/install/bringup/share/bringup/environment/ament_prefix_path.sh
[0.067s] -- Up-to-date: /home/chen/sentry_try/sentry_ws/install/bringup/share/bringup/environment/ament_prefix_path.dsv
[0.067s] -- Up-to-date: /home/chen/sentry_try/sentry_ws/install/bringup/share/bringup/environment/path.sh
[0.067s] -- Up-to-date: /home/chen/sentry_try/sentry_ws/install/bringup/share/bringup/environment/path.dsv
[0.067s] -- Up-to-date: /home/chen/sentry_try/sentry_ws/install/bringup/share/bringup/local_setup.bash
[0.067s] -- Up-to-date: /home/chen/sentry_try/sentry_ws/install/bringup/share/bringup/local_setup.sh
[0.067s] -- Up-to-date: /home/chen/sentry_try/sentry_ws/install/bringup/share/bringup/local_setup.zsh
[0.067s] -- Up-to-date: /home/chen/sentry_try/sentry_ws/install/bringup/share/bringup/local_setup.dsv
[0.067s] -- Installing: /home/chen/sentry_try/sentry_ws/install/bringup/share/bringup/package.dsv
[0.067s] -- Up-to-date: /home/chen/sentry_try/sentry_ws/install/bringup/share/ament_index/resource_index/packages/bringup
[0.067s] -- Up-to-date: /home/chen/sentry_try/sentry_ws/install/bringup/share/bringup/cmake/bringupConfig.cmake
[0.067s] -- Up-to-date: /home/chen/sentry_try/sentry_ws/install/bringup/share/bringup/cmake/bringupConfig-version.cmake
[0.067s] -- Up-to-date: /home/chen/sentry_try/sentry_ws/install/bringup/share/bringup/package.xml
[0.068s] Invoked command in '/home/chen/sentry_try/sentry_ws/build/bringup' returned '0': CMAKE_PREFIX_PATH=${CMAKE_PREFIX_PATH}:/opt/ros/humble /usr/bin/cmake --install /home/chen/sentry_try/sentry_ws/build/bringup
