-- Found ament_cmake: 1.3.14 (/opt/ros/humble/share/ament_cmake/cmake)
-- Found std_msgs: 4.9.1 (/opt/ros/humble/share/std_msgs/cmake)
-- Found rosidl_generator_c: 3.1.9 (/opt/ros/humble/share/rosidl_generator_c/cmake)
-- Found rosidl_adapter: 3.1.9 (/opt/ros/humble/share/rosidl_adapter/cmake)
-- Found rosidl_generator_cpp: 3.1.9 (/opt/ros/humble/share/rosidl_generator_cpp/cmake)
-- Using all available rosidl_typesupport_c: rosidl_typesupport_fastrtps_c;rosidl_typesupport_introspection_c
-- Using all available rosidl_typesupport_cpp: rosidl_typesupport_fastrtps_cpp;rosidl_typesupport_introspection_cpp
-- Found rosidl_default_generators: 1.2.1 (/opt/ros/humble/share/rosidl_default_generators/cmake)
-- Found ament_cmake_ros: 0.10.0 (/opt/ros/humble/share/ament_cmake_ros/cmake)
-- Using all available rosidl_typesupport_c: rosidl_typesupport_fastrtps_c;rosidl_typesupport_introspection_c
-- Using all available rosidl_typesupport_cpp: rosidl_typesupport_fastrtps_cpp;rosidl_typesupport_introspection_cpp
-- Found python_cmake_module: 0.10.0 (/opt/ros/humble/share/python_cmake_module/cmake)
-- Using PYTHON_EXECUTABLE: /usr/bin/python3
-- Using PYTHON_INCLUDE_DIRS: /usr/include/python3.10
-- Using PYTHON_LIBRARIES: /usr/lib/x86_64-linux-gnu/libpython3.10.so
-- Configuring done
-- Generating done
-- Build files have been written to: /home/chen/sentry_try/sentry_ws/build/rm_referee_msgs
[  1%] Built target rm_referee_msgs__rs
[35m[1mConsolidate compiler generated dependencies of target rm_referee_msgs__rosidl_generator_c[0m
[  1%] Built target rm_referee_msgs__cpp
[ 13%] Built target rm_referee_msgs__rosidl_generator_c
[35m[1mConsolidate compiler generated dependencies of target rm_referee_msgs__rosidl_typesupport_cpp[0m
[35m[1mConsolidate compiler generated dependencies of target rm_referee_msgs__rosidl_typesupport_introspection_cpp[0m
[35m[1mConsolidate compiler generated dependencies of target rm_referee_msgs__rosidl_typesupport_fastrtps_cpp[0m
[ 13%] Built target ament_cmake_python_copy_rm_referee_msgs
[35m[1mConsolidate compiler generated dependencies of target rm_referee_msgs__rosidl_typesupport_fastrtps_c[0m
[35m[1mConsolidate compiler generated dependencies of target rm_referee_msgs__rosidl_typesupport_c[0m
[35m[1mConsolidate compiler generated dependencies of target rm_referee_msgs__rosidl_typesupport_introspection_c[0m
[ 25%] Built target rm_referee_msgs__rosidl_typesupport_cpp
[ 37%] Built target rm_referee_msgs__rosidl_typesupport_c
[ 49%] Built target rm_referee_msgs__rosidl_typesupport_introspection_cpp
[ 61%] Built target rm_referee_msgs__rosidl_typesupport_introspection_c
[ 73%] Built target rm_referee_msgs__rosidl_typesupport_fastrtps_c
[ 85%] Built target rm_referee_msgs__rosidl_typesupport_fastrtps_cpp
[ 85%] Built target rm_referee_msgs
[ 85%] Built target rm_referee_msgs__py
[35m[1mConsolidate compiler generated dependencies of target rm_referee_msgs__rosidl_generator_py[0m
[ 97%] Built target rm_referee_msgs__rosidl_generator_py
[35m[1mConsolidate compiler generated dependencies of target rm_referee_msgs__rosidl_typesupport_fastrtps_c__pyext[0m
[35m[1mConsolidate compiler generated dependencies of target rm_referee_msgs__rosidl_typesupport_introspection_c__pyext[0m
[35m[1mConsolidate compiler generated dependencies of target rm_referee_msgs__rosidl_typesupport_c__pyext[0m
[ 98%] Built target rm_referee_msgs__rosidl_typesupport_fastrtps_c__pyext
[ 99%] Built target rm_referee_msgs__rosidl_typesupport_c__pyext
[100%] Built target rm_referee_msgs__rosidl_typesupport_introspection_c__pyext
running egg_info
writing rm_referee_msgs.egg-info/PKG-INFO
writing dependency_links to rm_referee_msgs.egg-info/dependency_links.txt
writing top-level names to rm_referee_msgs.egg-info/top_level.txt
reading manifest file 'rm_referee_msgs.egg-info/SOURCES.txt'
writing manifest file 'rm_referee_msgs.egg-info/SOURCES.txt'
[100%] Built target ament_cmake_python_build_rm_referee_msgs_egg
-- Install configuration: "Release"
-- Up-to-date: /home/chen/sentry_try/sentry_ws/install/rm_referee_msgs/share/ament_index/resource_index/rosidl_interfaces/rm_referee_msgs
-- Up-to-date: /home/chen/sentry_try/sentry_ws/install/rm_referee_msgs/include/rm_referee_msgs/rm_referee_msgs
-- Up-to-date: /home/chen/sentry_try/sentry_ws/install/rm_referee_msgs/include/rm_referee_msgs/rm_referee_msgs/msg
-- Up-to-date: /home/chen/sentry_try/sentry_ws/install/rm_referee_msgs/include/rm_referee_msgs/rm_referee_msgs/msg/game_status.h
-- Up-to-date: /home/chen/sentry_try/sentry_ws/install/rm_referee_msgs/include/rm_referee_msgs/rm_referee_msgs/msg/buff.h
-- Up-to-date: /home/chen/sentry_try/sentry_ws/install/rm_referee_msgs/include/rm_referee_msgs/rm_referee_msgs/msg/game_robot_hp.h
-- Up-to-date: /home/chen/sentry_try/sentry_ws/install/rm_referee_msgs/include/rm_referee_msgs/rm_referee_msgs/msg/hurt_data.h
-- Up-to-date: /home/chen/sentry_try/sentry_ws/install/rm_referee_msgs/include/rm_referee_msgs/rm_referee_msgs/msg/referee_warning.h
-- Up-to-date: /home/chen/sentry_try/sentry_ws/install/rm_referee_msgs/include/rm_referee_msgs/rm_referee_msgs/msg/radar_info.h
-- Up-to-date: /home/chen/sentry_try/sentry_ws/install/rm_referee_msgs/include/rm_referee_msgs/rm_referee_msgs/msg/keyboard_mouse_control.h
-- Up-to-date: /home/chen/sentry_try/sentry_ws/install/rm_referee_msgs/include/rm_referee_msgs/rm_referee_msgs/msg/robot_status.h
-- Up-to-date: /home/chen/sentry_try/sentry_ws/install/rm_referee_msgs/include/rm_referee_msgs/rm_referee_msgs/msg/projectile_allowance.h
-- Up-to-date: /home/chen/sentry_try/sentry_ws/install/rm_referee_msgs/include/rm_referee_msgs/rm_referee_msgs/msg/robot_pos.h
-- Up-to-date: /home/chen/sentry_try/sentry_ws/install/rm_referee_msgs/include/rm_referee_msgs/rm_referee_msgs/msg/power_heat_data.h
-- Up-to-date: /home/chen/sentry_try/sentry_ws/install/rm_referee_msgs/include/rm_referee_msgs/rm_referee_msgs/msg/game_result.h
-- Up-to-date: /home/chen/sentry_try/sentry_ws/install/rm_referee_msgs/include/rm_referee_msgs/rm_referee_msgs/msg/custom_robot_data.h
-- Up-to-date: /home/chen/sentry_try/sentry_ws/install/rm_referee_msgs/include/rm_referee_msgs/rm_referee_msgs/msg/event_data.h
-- Up-to-date: /home/chen/sentry_try/sentry_ws/install/rm_referee_msgs/include/rm_referee_msgs/rm_referee_msgs/msg/map_command.h
-- Up-to-date: /home/chen/sentry_try/sentry_ws/install/rm_referee_msgs/include/rm_referee_msgs/rm_referee_msgs/msg/radar_mark_data.h
-- Up-to-date: /home/chen/sentry_try/sentry_ws/install/rm_referee_msgs/include/rm_referee_msgs/rm_referee_msgs/msg/dart_info.h
-- Up-to-date: /home/chen/sentry_try/sentry_ws/install/rm_referee_msgs/include/rm_referee_msgs/rm_referee_msgs/msg/rosidl_generator_c__visibility_control.h
-- Up-to-date: /home/chen/sentry_try/sentry_ws/install/rm_referee_msgs/include/rm_referee_msgs/rm_referee_msgs/msg/robot_custom_data2.h
-- Up-to-date: /home/chen/sentry_try/sentry_ws/install/rm_referee_msgs/include/rm_referee_msgs/rm_referee_msgs/msg/detail
-- Up-to-date: /home/chen/sentry_try/sentry_ws/install/rm_referee_msgs/include/rm_referee_msgs/rm_referee_msgs/msg/detail/ground_robot_position__functions.h
-- Up-to-date: /home/chen/sentry_try/sentry_ws/install/rm_referee_msgs/include/rm_referee_msgs/rm_referee_msgs/msg/detail/game_robot_hp__functions.c
-- Up-to-date: /home/chen/sentry_try/sentry_ws/install/rm_referee_msgs/include/rm_referee_msgs/rm_referee_msgs/msg/detail/keyboard_mouse_control__functions.c
-- Up-to-date: /home/chen/sentry_try/sentry_ws/install/rm_referee_msgs/include/rm_referee_msgs/rm_referee_msgs/msg/detail/game_result__functions.c
-- Up-to-date: /home/chen/sentry_try/sentry_ws/install/rm_referee_msgs/include/rm_referee_msgs/rm_referee_msgs/msg/detail/rfid_status__struct.h
-- Up-to-date: /home/chen/sentry_try/sentry_ws/install/rm_referee_msgs/include/rm_referee_msgs/rm_referee_msgs/msg/detail/referee_warning__struct.h
-- Up-to-date: /home/chen/sentry_try/sentry_ws/install/rm_referee_msgs/include/rm_referee_msgs/rm_referee_msgs/msg/detail/rfid_status__functions.h
-- Up-to-date: /home/chen/sentry_try/sentry_ws/install/rm_referee_msgs/include/rm_referee_msgs/rm_referee_msgs/msg/detail/dart_client_cmd__struct.h
-- Up-to-date: /home/chen/sentry_try/sentry_ws/install/rm_referee_msgs/include/rm_referee_msgs/rm_referee_msgs/msg/detail/radar_info__functions.h
-- Up-to-date: /home/chen/sentry_try/sentry_ws/install/rm_referee_msgs/include/rm_referee_msgs/rm_referee_msgs/msg/detail/custom_robot_data__functions.c
-- Up-to-date: /home/chen/sentry_try/sentry_ws/install/rm_referee_msgs/include/rm_referee_msgs/rm_referee_msgs/msg/detail/power_heat_data__functions.h
-- Up-to-date: /home/chen/sentry_try/sentry_ws/install/rm_referee_msgs/include/rm_referee_msgs/rm_referee_msgs/msg/detail/ground_robot_position__functions.c
-- Up-to-date: /home/chen/sentry_try/sentry_ws/install/rm_referee_msgs/include/rm_referee_msgs/rm_referee_msgs/msg/detail/game_status__functions.c
-- Up-to-date: /home/chen/sentry_try/sentry_ws/install/rm_referee_msgs/include/rm_referee_msgs/rm_referee_msgs/msg/detail/ground_robot_position__type_support.h
-- Up-to-date: /home/chen/sentry_try/sentry_ws/install/rm_referee_msgs/include/rm_referee_msgs/rm_referee_msgs/msg/detail/game_result__type_support.h
-- Up-to-date: /home/chen/sentry_try/sentry_ws/install/rm_referee_msgs/include/rm_referee_msgs/rm_referee_msgs/msg/detail/shoot_data__type_support.h
-- Up-to-date: /home/chen/sentry_try/sentry_ws/install/rm_referee_msgs/include/rm_referee_msgs/rm_referee_msgs/msg/detail/keyboard_mouse_control__struct.h
-- Up-to-date: /home/chen/sentry_try/sentry_ws/install/rm_referee_msgs/include/rm_referee_msgs/rm_referee_msgs/msg/detail/game_status__struct.h
-- Up-to-date: /home/chen/sentry_try/sentry_ws/install/rm_referee_msgs/include/rm_referee_msgs/rm_referee_msgs/msg/detail/game_status__functions.h
-- Up-to-date: /home/chen/sentry_try/sentry_ws/install/rm_referee_msgs/include/rm_referee_msgs/rm_referee_msgs/msg/detail/game_robot_hp__struct.h
-- Up-to-date: /home/chen/sentry_try/sentry_ws/install/rm_referee_msgs/include/rm_referee_msgs/rm_referee_msgs/msg/detail/projectile_allowance__type_support.h
-- Up-to-date: /home/chen/sentry_try/sentry_ws/install/rm_referee_msgs/include/rm_referee_msgs/rm_referee_msgs/msg/detail/robot_pos__functions.c
-- Up-to-date: /home/chen/sentry_try/sentry_ws/install/rm_referee_msgs/include/rm_referee_msgs/rm_referee_msgs/msg/detail/sentry_info__functions.c
-- Up-to-date: /home/chen/sentry_try/sentry_ws/install/rm_referee_msgs/include/rm_referee_msgs/rm_referee_msgs/msg/detail/game_result__struct.h
-- Up-to-date: /home/chen/sentry_try/sentry_ws/install/rm_referee_msgs/include/rm_referee_msgs/rm_referee_msgs/msg/detail/map_command__functions.h
-- Up-to-date: /home/chen/sentry_try/sentry_ws/install/rm_referee_msgs/include/rm_referee_msgs/rm_referee_msgs/msg/detail/power_heat_data__functions.c
-- Up-to-date: /home/chen/sentry_try/sentry_ws/install/rm_referee_msgs/include/rm_referee_msgs/rm_referee_msgs/msg/detail/dart_client_cmd__functions.c
-- Up-to-date: /home/chen/sentry_try/sentry_ws/install/rm_referee_msgs/include/rm_referee_msgs/rm_referee_msgs/msg/detail/hurt_data__functions.h
-- Up-to-date: /home/chen/sentry_try/sentry_ws/install/rm_referee_msgs/include/rm_referee_msgs/rm_referee_msgs/msg/detail/power_heat_data__struct.h
-- Up-to-date: /home/chen/sentry_try/sentry_ws/install/rm_referee_msgs/include/rm_referee_msgs/rm_referee_msgs/msg/detail/dart_info__struct.h
-- Up-to-date: /home/chen/sentry_try/sentry_ws/install/rm_referee_msgs/include/rm_referee_msgs/rm_referee_msgs/msg/detail/robot_pos__type_support.h
-- Up-to-date: /home/chen/sentry_try/sentry_ws/install/rm_referee_msgs/include/rm_referee_msgs/rm_referee_msgs/msg/detail/radar_mark_data__struct.h
-- Up-to-date: /home/chen/sentry_try/sentry_ws/install/rm_referee_msgs/include/rm_referee_msgs/rm_referee_msgs/msg/detail/custom_control__functions.h
-- Up-to-date: /home/chen/sentry_try/sentry_ws/install/rm_referee_msgs/include/rm_referee_msgs/rm_referee_msgs/msg/detail/robot_custom_data__functions.c
-- Up-to-date: /home/chen/sentry_try/sentry_ws/install/rm_referee_msgs/include/rm_referee_msgs/rm_referee_msgs/msg/detail/radar_info__type_support.h
-- Up-to-date: /home/chen/sentry_try/sentry_ws/install/rm_referee_msgs/include/rm_referee_msgs/rm_referee_msgs/msg/detail/keyboard_mouse_control__functions.h
-- Up-to-date: /home/chen/sentry_try/sentry_ws/install/rm_referee_msgs/include/rm_referee_msgs/rm_referee_msgs/msg/detail/keyboard_mouse_control__type_support.h
-- Up-to-date: /home/chen/sentry_try/sentry_ws/install/rm_referee_msgs/include/rm_referee_msgs/rm_referee_msgs/msg/detail/sentry_info__functions.h
-- Up-to-date: /home/chen/sentry_try/sentry_ws/install/rm_referee_msgs/include/rm_referee_msgs/rm_referee_msgs/msg/detail/projectile_allowance__functions.c
-- Up-to-date: /home/chen/sentry_try/sentry_ws/install/rm_referee_msgs/include/rm_referee_msgs/rm_referee_msgs/msg/detail/radar_mark_data__functions.c
-- Up-to-date: /home/chen/sentry_try/sentry_ws/install/rm_referee_msgs/include/rm_referee_msgs/rm_referee_msgs/msg/detail/hurt_data__type_support.h
-- Up-to-date: /home/chen/sentry_try/sentry_ws/install/rm_referee_msgs/include/rm_referee_msgs/rm_referee_msgs/msg/detail/dart_info__type_support.h
-- Up-to-date: /home/chen/sentry_try/sentry_ws/install/rm_referee_msgs/include/rm_referee_msgs/rm_referee_msgs/msg/detail/dart_info__functions.c
-- Up-to-date: /home/chen/sentry_try/sentry_ws/install/rm_referee_msgs/include/rm_referee_msgs/rm_referee_msgs/msg/detail/game_robot_hp__type_support.h
-- Up-to-date: /home/chen/sentry_try/sentry_ws/install/rm_referee_msgs/include/rm_referee_msgs/rm_referee_msgs/msg/detail/custom_control__type_support.h
-- Up-to-date: /home/chen/sentry_try/sentry_ws/install/rm_referee_msgs/include/rm_referee_msgs/rm_referee_msgs/msg/detail/rfid_status__functions.c
-- Up-to-date: /home/chen/sentry_try/sentry_ws/install/rm_referee_msgs/include/rm_referee_msgs/rm_referee_msgs/msg/detail/robot_custom_data__struct.h
-- Up-to-date: /home/chen/sentry_try/sentry_ws/install/rm_referee_msgs/include/rm_referee_msgs/rm_referee_msgs/msg/detail/robot_custom_data2__struct.h
-- Up-to-date: /home/chen/sentry_try/sentry_ws/install/rm_referee_msgs/include/rm_referee_msgs/rm_referee_msgs/msg/detail/robot_pos__functions.h
-- Up-to-date: /home/chen/sentry_try/sentry_ws/install/rm_referee_msgs/include/rm_referee_msgs/rm_referee_msgs/msg/detail/custom_robot_data__struct.h
-- Up-to-date: /home/chen/sentry_try/sentry_ws/install/rm_referee_msgs/include/rm_referee_msgs/rm_referee_msgs/msg/detail/robot_status__type_support.h
-- Up-to-date: /home/chen/sentry_try/sentry_ws/install/rm_referee_msgs/include/rm_referee_msgs/rm_referee_msgs/msg/detail/radar_mark_data__functions.h
-- Up-to-date: /home/chen/sentry_try/sentry_ws/install/rm_referee_msgs/include/rm_referee_msgs/rm_referee_msgs/msg/detail/map_command__struct.h
-- Up-to-date: /home/chen/sentry_try/sentry_ws/install/rm_referee_msgs/include/rm_referee_msgs/rm_referee_msgs/msg/detail/event_data__functions.c
-- Up-to-date: /home/chen/sentry_try/sentry_ws/install/rm_referee_msgs/include/rm_referee_msgs/rm_referee_msgs/msg/detail/robot_pos__struct.h
-- Up-to-date: /home/chen/sentry_try/sentry_ws/install/rm_referee_msgs/include/rm_referee_msgs/rm_referee_msgs/msg/detail/robot_custom_data2__functions.c
-- Up-to-date: /home/chen/sentry_try/sentry_ws/install/rm_referee_msgs/include/rm_referee_msgs/rm_referee_msgs/msg/detail/sentry_info__type_support.h
-- Up-to-date: /home/chen/sentry_try/sentry_ws/install/rm_referee_msgs/include/rm_referee_msgs/rm_referee_msgs/msg/detail/event_data__struct.h
-- Up-to-date: /home/chen/sentry_try/sentry_ws/install/rm_referee_msgs/include/rm_referee_msgs/rm_referee_msgs/msg/detail/sentry_info__struct.h
-- Up-to-date: /home/chen/sentry_try/sentry_ws/install/rm_referee_msgs/include/rm_referee_msgs/rm_referee_msgs/msg/detail/shoot_data__functions.h
-- Up-to-date: /home/chen/sentry_try/sentry_ws/install/rm_referee_msgs/include/rm_referee_msgs/rm_referee_msgs/msg/detail/dart_info__functions.h
-- Up-to-date: /home/chen/sentry_try/sentry_ws/install/rm_referee_msgs/include/rm_referee_msgs/rm_referee_msgs/msg/detail/game_status__type_support.h
-- Up-to-date: /home/chen/sentry_try/sentry_ws/install/rm_referee_msgs/include/rm_referee_msgs/rm_referee_msgs/msg/detail/dart_client_cmd__functions.h
-- Up-to-date: /home/chen/sentry_try/sentry_ws/install/rm_referee_msgs/include/rm_referee_msgs/rm_referee_msgs/msg/detail/power_heat_data__type_support.h
-- Up-to-date: /home/chen/sentry_try/sentry_ws/install/rm_referee_msgs/include/rm_referee_msgs/rm_referee_msgs/msg/detail/buff__functions.c
-- Up-to-date: /home/chen/sentry_try/sentry_ws/install/rm_referee_msgs/include/rm_referee_msgs/rm_referee_msgs/msg/detail/buff__functions.h
-- Up-to-date: /home/chen/sentry_try/sentry_ws/install/rm_referee_msgs/include/rm_referee_msgs/rm_referee_msgs/msg/detail/buff__type_support.h
-- Up-to-date: /home/chen/sentry_try/sentry_ws/install/rm_referee_msgs/include/rm_referee_msgs/rm_referee_msgs/msg/detail/dart_client_cmd__type_support.h
-- Up-to-date: /home/chen/sentry_try/sentry_ws/install/rm_referee_msgs/include/rm_referee_msgs/rm_referee_msgs/msg/detail/hurt_data__struct.h
-- Up-to-date: /home/chen/sentry_try/sentry_ws/install/rm_referee_msgs/include/rm_referee_msgs/rm_referee_msgs/msg/detail/shoot_data__struct.h
-- Up-to-date: /home/chen/sentry_try/sentry_ws/install/rm_referee_msgs/include/rm_referee_msgs/rm_referee_msgs/msg/detail/robot_custom_data2__functions.h
-- Up-to-date: /home/chen/sentry_try/sentry_ws/install/rm_referee_msgs/include/rm_referee_msgs/rm_referee_msgs/msg/detail/referee_warning__functions.h
-- Up-to-date: /home/chen/sentry_try/sentry_ws/install/rm_referee_msgs/include/rm_referee_msgs/rm_referee_msgs/msg/detail/projectile_allowance__functions.h
-- Up-to-date: /home/chen/sentry_try/sentry_ws/install/rm_referee_msgs/include/rm_referee_msgs/rm_referee_msgs/msg/detail/custom_control__functions.c
-- Up-to-date: /home/chen/sentry_try/sentry_ws/install/rm_referee_msgs/include/rm_referee_msgs/rm_referee_msgs/msg/detail/robot_custom_data__type_support.h
-- Up-to-date: /home/chen/sentry_try/sentry_ws/install/rm_referee_msgs/include/rm_referee_msgs/rm_referee_msgs/msg/detail/referee_warning__type_support.h
-- Up-to-date: /home/chen/sentry_try/sentry_ws/install/rm_referee_msgs/include/rm_referee_msgs/rm_referee_msgs/msg/detail/game_result__functions.h
-- Up-to-date: /home/chen/sentry_try/sentry_ws/install/rm_referee_msgs/include/rm_referee_msgs/rm_referee_msgs/msg/detail/custom_control__struct.h
-- Up-to-date: /home/chen/sentry_try/sentry_ws/install/rm_referee_msgs/include/rm_referee_msgs/rm_referee_msgs/msg/detail/map_command__functions.c
-- Up-to-date: /home/chen/sentry_try/sentry_ws/install/rm_referee_msgs/include/rm_referee_msgs/rm_referee_msgs/msg/detail/projectile_allowance__struct.h
-- Up-to-date: /home/chen/sentry_try/sentry_ws/install/rm_referee_msgs/include/rm_referee_msgs/rm_referee_msgs/msg/detail/custom_robot_data__functions.h
-- Up-to-date: /home/chen/sentry_try/sentry_ws/install/rm_referee_msgs/include/rm_referee_msgs/rm_referee_msgs/msg/detail/buff__struct.h
-- Up-to-date: /home/chen/sentry_try/sentry_ws/install/rm_referee_msgs/include/rm_referee_msgs/rm_referee_msgs/msg/detail/robot_status__functions.c
-- Up-to-date: /home/chen/sentry_try/sentry_ws/install/rm_referee_msgs/include/rm_referee_msgs/rm_referee_msgs/msg/detail/shoot_data__functions.c
-- Up-to-date: /home/chen/sentry_try/sentry_ws/install/rm_referee_msgs/include/rm_referee_msgs/rm_referee_msgs/msg/detail/radar_info__functions.c
-- Up-to-date: /home/chen/sentry_try/sentry_ws/install/rm_referee_msgs/include/rm_referee_msgs/rm_referee_msgs/msg/detail/radar_info__struct.h
-- Up-to-date: /home/chen/sentry_try/sentry_ws/install/rm_referee_msgs/include/rm_referee_msgs/rm_referee_msgs/msg/detail/robot_status__struct.h
-- Up-to-date: /home/chen/sentry_try/sentry_ws/install/rm_referee_msgs/include/rm_referee_msgs/rm_referee_msgs/msg/detail/rfid_status__type_support.h
-- Up-to-date: /home/chen/sentry_try/sentry_ws/install/rm_referee_msgs/include/rm_referee_msgs/rm_referee_msgs/msg/detail/robot_custom_data2__type_support.h
-- Up-to-date: /home/chen/sentry_try/sentry_ws/install/rm_referee_msgs/include/rm_referee_msgs/rm_referee_msgs/msg/detail/map_command__type_support.h
-- Up-to-date: /home/chen/sentry_try/sentry_ws/install/rm_referee_msgs/include/rm_referee_msgs/rm_referee_msgs/msg/detail/event_data__functions.h
-- Up-to-date: /home/chen/sentry_try/sentry_ws/install/rm_referee_msgs/include/rm_referee_msgs/rm_referee_msgs/msg/detail/custom_robot_data__type_support.h
-- Up-to-date: /home/chen/sentry_try/sentry_ws/install/rm_referee_msgs/include/rm_referee_msgs/rm_referee_msgs/msg/detail/hurt_data__functions.c
-- Up-to-date: /home/chen/sentry_try/sentry_ws/install/rm_referee_msgs/include/rm_referee_msgs/rm_referee_msgs/msg/detail/game_robot_hp__functions.h
-- Up-to-date: /home/chen/sentry_try/sentry_ws/install/rm_referee_msgs/include/rm_referee_msgs/rm_referee_msgs/msg/detail/robot_status__functions.h
-- Up-to-date: /home/chen/sentry_try/sentry_ws/install/rm_referee_msgs/include/rm_referee_msgs/rm_referee_msgs/msg/detail/referee_warning__functions.c
-- Up-to-date: /home/chen/sentry_try/sentry_ws/install/rm_referee_msgs/include/rm_referee_msgs/rm_referee_msgs/msg/detail/radar_mark_data__type_support.h
-- Up-to-date: /home/chen/sentry_try/sentry_ws/install/rm_referee_msgs/include/rm_referee_msgs/rm_referee_msgs/msg/detail/ground_robot_position__struct.h
-- Up-to-date: /home/chen/sentry_try/sentry_ws/install/rm_referee_msgs/include/rm_referee_msgs/rm_referee_msgs/msg/detail/event_data__type_support.h
-- Up-to-date: /home/chen/sentry_try/sentry_ws/install/rm_referee_msgs/include/rm_referee_msgs/rm_referee_msgs/msg/detail/robot_custom_data__functions.h
-- Up-to-date: /home/chen/sentry_try/sentry_ws/install/rm_referee_msgs/include/rm_referee_msgs/rm_referee_msgs/msg/dart_client_cmd.h
-- Up-to-date: /home/chen/sentry_try/sentry_ws/install/rm_referee_msgs/include/rm_referee_msgs/rm_referee_msgs/msg/rfid_status.h
-- Up-to-date: /home/chen/sentry_try/sentry_ws/install/rm_referee_msgs/include/rm_referee_msgs/rm_referee_msgs/msg/ground_robot_position.h
-- Up-to-date: /home/chen/sentry_try/sentry_ws/install/rm_referee_msgs/include/rm_referee_msgs/rm_referee_msgs/msg/sentry_info.h
-- Up-to-date: /home/chen/sentry_try/sentry_ws/install/rm_referee_msgs/include/rm_referee_msgs/rm_referee_msgs/msg/shoot_data.h
-- Up-to-date: /home/chen/sentry_try/sentry_ws/install/rm_referee_msgs/include/rm_referee_msgs/rm_referee_msgs/msg/robot_custom_data.h
-- Up-to-date: /home/chen/sentry_try/sentry_ws/install/rm_referee_msgs/include/rm_referee_msgs/rm_referee_msgs/msg/custom_control.h
-- Up-to-date: /home/chen/sentry_try/sentry_ws/install/rm_referee_msgs/include/rm_referee_msgs/rm_referee_msgs/srv
-- Up-to-date: /home/chen/sentry_try/sentry_ws/install/rm_referee_msgs/include/rm_referee_msgs/rm_referee_msgs/srv/tx.h
-- Up-to-date: /home/chen/sentry_try/sentry_ws/install/rm_referee_msgs/include/rm_referee_msgs/rm_referee_msgs/srv/detail
-- Up-to-date: /home/chen/sentry_try/sentry_ws/install/rm_referee_msgs/include/rm_referee_msgs/rm_referee_msgs/srv/detail/tx__functions.c
-- Up-to-date: /home/chen/sentry_try/sentry_ws/install/rm_referee_msgs/include/rm_referee_msgs/rm_referee_msgs/srv/detail/tx__struct.h
-- Up-to-date: /home/chen/sentry_try/sentry_ws/install/rm_referee_msgs/include/rm_referee_msgs/rm_referee_msgs/srv/detail/tx__functions.h
-- Up-to-date: /home/chen/sentry_try/sentry_ws/install/rm_referee_msgs/include/rm_referee_msgs/rm_referee_msgs/srv/detail/tx__type_support.h
-- Up-to-date: /home/chen/sentry_try/sentry_ws/install/rm_referee_msgs/share/rm_referee_msgs/environment/library_path.sh
-- Installing: /home/chen/sentry_try/sentry_ws/install/rm_referee_msgs/share/rm_referee_msgs/environment/library_path.dsv
-- Up-to-date: /home/chen/sentry_try/sentry_ws/install/rm_referee_msgs/lib/librm_referee_msgs__rosidl_generator_c.so
-- Up-to-date: /home/chen/sentry_try/sentry_ws/install/rm_referee_msgs/include/rm_referee_msgs/rm_referee_msgs
-- Up-to-date: /home/chen/sentry_try/sentry_ws/install/rm_referee_msgs/include/rm_referee_msgs/rm_referee_msgs/msg
-- Up-to-date: /home/chen/sentry_try/sentry_ws/install/rm_referee_msgs/include/rm_referee_msgs/rm_referee_msgs/msg/rosidl_typesupport_fastrtps_c__visibility_control.h
-- Up-to-date: /home/chen/sentry_try/sentry_ws/install/rm_referee_msgs/include/rm_referee_msgs/rm_referee_msgs/msg/detail
-- Up-to-date: /home/chen/sentry_try/sentry_ws/install/rm_referee_msgs/include/rm_referee_msgs/rm_referee_msgs/msg/detail/rfid_status__rosidl_typesupport_fastrtps_c.h
-- Up-to-date: /home/chen/sentry_try/sentry_ws/install/rm_referee_msgs/include/rm_referee_msgs/rm_referee_msgs/msg/detail/robot_custom_data2__rosidl_typesupport_fastrtps_c.h
-- Up-to-date: /home/chen/sentry_try/sentry_ws/install/rm_referee_msgs/include/rm_referee_msgs/rm_referee_msgs/msg/detail/buff__rosidl_typesupport_fastrtps_c.h
-- Up-to-date: /home/chen/sentry_try/sentry_ws/install/rm_referee_msgs/include/rm_referee_msgs/rm_referee_msgs/msg/detail/ground_robot_position__rosidl_typesupport_fastrtps_c.h
-- Up-to-date: /home/chen/sentry_try/sentry_ws/install/rm_referee_msgs/include/rm_referee_msgs/rm_referee_msgs/msg/detail/shoot_data__rosidl_typesupport_fastrtps_c.h
-- Up-to-date: /home/chen/sentry_try/sentry_ws/install/rm_referee_msgs/include/rm_referee_msgs/rm_referee_msgs/msg/detail/sentry_info__rosidl_typesupport_fastrtps_c.h
-- Up-to-date: /home/chen/sentry_try/sentry_ws/install/rm_referee_msgs/include/rm_referee_msgs/rm_referee_msgs/msg/detail/referee_warning__rosidl_typesupport_fastrtps_c.h
-- Up-to-date: /home/chen/sentry_try/sentry_ws/install/rm_referee_msgs/include/rm_referee_msgs/rm_referee_msgs/msg/detail/hurt_data__rosidl_typesupport_fastrtps_c.h
-- Up-to-date: /home/chen/sentry_try/sentry_ws/install/rm_referee_msgs/include/rm_referee_msgs/rm_referee_msgs/msg/detail/custom_robot_data__rosidl_typesupport_fastrtps_c.h
-- Up-to-date: /home/chen/sentry_try/sentry_ws/install/rm_referee_msgs/include/rm_referee_msgs/rm_referee_msgs/msg/detail/robot_pos__rosidl_typesupport_fastrtps_c.h
-- Up-to-date: /home/chen/sentry_try/sentry_ws/install/rm_referee_msgs/include/rm_referee_msgs/rm_referee_msgs/msg/detail/game_robot_hp__rosidl_typesupport_fastrtps_c.h
-- Up-to-date: /home/chen/sentry_try/sentry_ws/install/rm_referee_msgs/include/rm_referee_msgs/rm_referee_msgs/msg/detail/map_command__rosidl_typesupport_fastrtps_c.h
-- Up-to-date: /home/chen/sentry_try/sentry_ws/install/rm_referee_msgs/include/rm_referee_msgs/rm_referee_msgs/msg/detail/robot_status__rosidl_typesupport_fastrtps_c.h
-- Up-to-date: /home/chen/sentry_try/sentry_ws/install/rm_referee_msgs/include/rm_referee_msgs/rm_referee_msgs/msg/detail/dart_info__rosidl_typesupport_fastrtps_c.h
-- Up-to-date: /home/chen/sentry_try/sentry_ws/install/rm_referee_msgs/include/rm_referee_msgs/rm_referee_msgs/msg/detail/radar_mark_data__rosidl_typesupport_fastrtps_c.h
-- Up-to-date: /home/chen/sentry_try/sentry_ws/install/rm_referee_msgs/include/rm_referee_msgs/rm_referee_msgs/msg/detail/custom_control__rosidl_typesupport_fastrtps_c.h
-- Up-to-date: /home/chen/sentry_try/sentry_ws/install/rm_referee_msgs/include/rm_referee_msgs/rm_referee_msgs/msg/detail/game_status__rosidl_typesupport_fastrtps_c.h
-- Up-to-date: /home/chen/sentry_try/sentry_ws/install/rm_referee_msgs/include/rm_referee_msgs/rm_referee_msgs/msg/detail/game_result__rosidl_typesupport_fastrtps_c.h
-- Up-to-date: /home/chen/sentry_try/sentry_ws/install/rm_referee_msgs/include/rm_referee_msgs/rm_referee_msgs/msg/detail/radar_info__rosidl_typesupport_fastrtps_c.h
-- Up-to-date: /home/chen/sentry_try/sentry_ws/install/rm_referee_msgs/include/rm_referee_msgs/rm_referee_msgs/msg/detail/keyboard_mouse_control__rosidl_typesupport_fastrtps_c.h
-- Up-to-date: /home/chen/sentry_try/sentry_ws/install/rm_referee_msgs/include/rm_referee_msgs/rm_referee_msgs/msg/detail/projectile_allowance__rosidl_typesupport_fastrtps_c.h
-- Up-to-date: /home/chen/sentry_try/sentry_ws/install/rm_referee_msgs/include/rm_referee_msgs/rm_referee_msgs/msg/detail/robot_custom_data__rosidl_typesupport_fastrtps_c.h
-- Up-to-date: /home/chen/sentry_try/sentry_ws/install/rm_referee_msgs/include/rm_referee_msgs/rm_referee_msgs/msg/detail/event_data__rosidl_typesupport_fastrtps_c.h
-- Up-to-date: /home/chen/sentry_try/sentry_ws/install/rm_referee_msgs/include/rm_referee_msgs/rm_referee_msgs/msg/detail/power_heat_data__rosidl_typesupport_fastrtps_c.h
-- Up-to-date: /home/chen/sentry_try/sentry_ws/install/rm_referee_msgs/include/rm_referee_msgs/rm_referee_msgs/msg/detail/dart_client_cmd__rosidl_typesupport_fastrtps_c.h
-- Up-to-date: /home/chen/sentry_try/sentry_ws/install/rm_referee_msgs/include/rm_referee_msgs/rm_referee_msgs/srv
-- Up-to-date: /home/chen/sentry_try/sentry_ws/install/rm_referee_msgs/include/rm_referee_msgs/rm_referee_msgs/srv/detail
-- Up-to-date: /home/chen/sentry_try/sentry_ws/install/rm_referee_msgs/include/rm_referee_msgs/rm_referee_msgs/srv/detail/tx__rosidl_typesupport_fastrtps_c.h
-- Up-to-date: /home/chen/sentry_try/sentry_ws/install/rm_referee_msgs/lib/librm_referee_msgs__rosidl_typesupport_fastrtps_c.so
-- Up-to-date: /home/chen/sentry_try/sentry_ws/install/rm_referee_msgs/include/rm_referee_msgs/rm_referee_msgs
-- Up-to-date: /home/chen/sentry_try/sentry_ws/install/rm_referee_msgs/include/rm_referee_msgs/rm_referee_msgs/msg
-- Up-to-date: /home/chen/sentry_try/sentry_ws/install/rm_referee_msgs/include/rm_referee_msgs/rm_referee_msgs/msg/map_command.hpp
-- Up-to-date: /home/chen/sentry_try/sentry_ws/install/rm_referee_msgs/include/rm_referee_msgs/rm_referee_msgs/msg/radar_info.hpp
-- Up-to-date: /home/chen/sentry_try/sentry_ws/install/rm_referee_msgs/include/rm_referee_msgs/rm_referee_msgs/msg/robot_custom_data.hpp
-- Up-to-date: /home/chen/sentry_try/sentry_ws/install/rm_referee_msgs/include/rm_referee_msgs/rm_referee_msgs/msg/rosidl_generator_cpp__visibility_control.hpp
-- Up-to-date: /home/chen/sentry_try/sentry_ws/install/rm_referee_msgs/include/rm_referee_msgs/rm_referee_msgs/msg/game_status.hpp
-- Up-to-date: /home/chen/sentry_try/sentry_ws/install/rm_referee_msgs/include/rm_referee_msgs/rm_referee_msgs/msg/custom_control.hpp
-- Up-to-date: /home/chen/sentry_try/sentry_ws/install/rm_referee_msgs/include/rm_referee_msgs/rm_referee_msgs/msg/rfid_status.hpp
-- Up-to-date: /home/chen/sentry_try/sentry_ws/install/rm_referee_msgs/include/rm_referee_msgs/rm_referee_msgs/msg/ground_robot_position.hpp
-- Up-to-date: /home/chen/sentry_try/sentry_ws/install/rm_referee_msgs/include/rm_referee_msgs/rm_referee_msgs/msg/radar_mark_data.hpp
-- Up-to-date: /home/chen/sentry_try/sentry_ws/install/rm_referee_msgs/include/rm_referee_msgs/rm_referee_msgs/msg/sentry_info.hpp
-- Up-to-date: /home/chen/sentry_try/sentry_ws/install/rm_referee_msgs/include/rm_referee_msgs/rm_referee_msgs/msg/dart_info.hpp
-- Up-to-date: /home/chen/sentry_try/sentry_ws/install/rm_referee_msgs/include/rm_referee_msgs/rm_referee_msgs/msg/game_robot_hp.hpp
-- Up-to-date: /home/chen/sentry_try/sentry_ws/install/rm_referee_msgs/include/rm_referee_msgs/rm_referee_msgs/msg/buff.hpp
-- Up-to-date: /home/chen/sentry_try/sentry_ws/install/rm_referee_msgs/include/rm_referee_msgs/rm_referee_msgs/msg/dart_client_cmd.hpp
-- Up-to-date: /home/chen/sentry_try/sentry_ws/install/rm_referee_msgs/include/rm_referee_msgs/rm_referee_msgs/msg/shoot_data.hpp
-- Up-to-date: /home/chen/sentry_try/sentry_ws/install/rm_referee_msgs/include/rm_referee_msgs/rm_referee_msgs/msg/event_data.hpp
-- Up-to-date: /home/chen/sentry_try/sentry_ws/install/rm_referee_msgs/include/rm_referee_msgs/rm_referee_msgs/msg/projectile_allowance.hpp
-- Up-to-date: /home/chen/sentry_try/sentry_ws/install/rm_referee_msgs/include/rm_referee_msgs/rm_referee_msgs/msg/power_heat_data.hpp
-- Up-to-date: /home/chen/sentry_try/sentry_ws/install/rm_referee_msgs/include/rm_referee_msgs/rm_referee_msgs/msg/hurt_data.hpp
-- Up-to-date: /home/chen/sentry_try/sentry_ws/install/rm_referee_msgs/include/rm_referee_msgs/rm_referee_msgs/msg/keyboard_mouse_control.hpp
-- Up-to-date: /home/chen/sentry_try/sentry_ws/install/rm_referee_msgs/include/rm_referee_msgs/rm_referee_msgs/msg/robot_custom_data2.hpp
-- Up-to-date: /home/chen/sentry_try/sentry_ws/install/rm_referee_msgs/include/rm_referee_msgs/rm_referee_msgs/msg/detail
-- Up-to-date: /home/chen/sentry_try/sentry_ws/install/rm_referee_msgs/include/rm_referee_msgs/rm_referee_msgs/msg/detail/custom_control__traits.hpp
-- Up-to-date: /home/chen/sentry_try/sentry_ws/install/rm_referee_msgs/include/rm_referee_msgs/rm_referee_msgs/msg/detail/rfid_status__traits.hpp
-- Up-to-date: /home/chen/sentry_try/sentry_ws/install/rm_referee_msgs/include/rm_referee_msgs/rm_referee_msgs/msg/detail/sentry_info__struct.hpp
-- Up-to-date: /home/chen/sentry_try/sentry_ws/install/rm_referee_msgs/include/rm_referee_msgs/rm_referee_msgs/msg/detail/keyboard_mouse_control__struct.hpp
-- Up-to-date: /home/chen/sentry_try/sentry_ws/install/rm_referee_msgs/include/rm_referee_msgs/rm_referee_msgs/msg/detail/event_data__type_support.hpp
-- Up-to-date: /home/chen/sentry_try/sentry_ws/install/rm_referee_msgs/include/rm_referee_msgs/rm_referee_msgs/msg/detail/game_robot_hp__builder.hpp
-- Up-to-date: /home/chen/sentry_try/sentry_ws/install/rm_referee_msgs/include/rm_referee_msgs/rm_referee_msgs/msg/detail/map_command__traits.hpp
-- Up-to-date: /home/chen/sentry_try/sentry_ws/install/rm_referee_msgs/include/rm_referee_msgs/rm_referee_msgs/msg/detail/rfid_status__struct.hpp
-- Up-to-date: /home/chen/sentry_try/sentry_ws/install/rm_referee_msgs/include/rm_referee_msgs/rm_referee_msgs/msg/detail/power_heat_data__struct.hpp
-- Up-to-date: /home/chen/sentry_try/sentry_ws/install/rm_referee_msgs/include/rm_referee_msgs/rm_referee_msgs/msg/detail/hurt_data__traits.hpp
-- Up-to-date: /home/chen/sentry_try/sentry_ws/install/rm_referee_msgs/include/rm_referee_msgs/rm_referee_msgs/msg/detail/buff__struct.hpp
-- Up-to-date: /home/chen/sentry_try/sentry_ws/install/rm_referee_msgs/include/rm_referee_msgs/rm_referee_msgs/msg/detail/robot_custom_data2__type_support.hpp
-- Up-to-date: /home/chen/sentry_try/sentry_ws/install/rm_referee_msgs/include/rm_referee_msgs/rm_referee_msgs/msg/detail/keyboard_mouse_control__traits.hpp
-- Up-to-date: /home/chen/sentry_try/sentry_ws/install/rm_referee_msgs/include/rm_referee_msgs/rm_referee_msgs/msg/detail/dart_info__builder.hpp
-- Up-to-date: /home/chen/sentry_try/sentry_ws/install/rm_referee_msgs/include/rm_referee_msgs/rm_referee_msgs/msg/detail/robot_custom_data2__struct.hpp
-- Up-to-date: /home/chen/sentry_try/sentry_ws/install/rm_referee_msgs/include/rm_referee_msgs/rm_referee_msgs/msg/detail/game_robot_hp__traits.hpp
-- Up-to-date: /home/chen/sentry_try/sentry_ws/install/rm_referee_msgs/include/rm_referee_msgs/rm_referee_msgs/msg/detail/event_data__traits.hpp
-- Up-to-date: /home/chen/sentry_try/sentry_ws/install/rm_referee_msgs/include/rm_referee_msgs/rm_referee_msgs/msg/detail/shoot_data__traits.hpp
-- Up-to-date: /home/chen/sentry_try/sentry_ws/install/rm_referee_msgs/include/rm_referee_msgs/rm_referee_msgs/msg/detail/referee_warning__builder.hpp
-- Up-to-date: /home/chen/sentry_try/sentry_ws/install/rm_referee_msgs/include/rm_referee_msgs/rm_referee_msgs/msg/detail/game_result__builder.hpp
-- Up-to-date: /home/chen/sentry_try/sentry_ws/install/rm_referee_msgs/include/rm_referee_msgs/rm_referee_msgs/msg/detail/ground_robot_position__builder.hpp
-- Up-to-date: /home/chen/sentry_try/sentry_ws/install/rm_referee_msgs/include/rm_referee_msgs/rm_referee_msgs/msg/detail/buff__type_support.hpp
-- Up-to-date: /home/chen/sentry_try/sentry_ws/install/rm_referee_msgs/include/rm_referee_msgs/rm_referee_msgs/msg/detail/custom_control__type_support.hpp
-- Up-to-date: /home/chen/sentry_try/sentry_ws/install/rm_referee_msgs/include/rm_referee_msgs/rm_referee_msgs/msg/detail/robot_custom_data__struct.hpp
-- Up-to-date: /home/chen/sentry_try/sentry_ws/install/rm_referee_msgs/include/rm_referee_msgs/rm_referee_msgs/msg/detail/keyboard_mouse_control__type_support.hpp
-- Up-to-date: /home/chen/sentry_try/sentry_ws/install/rm_referee_msgs/include/rm_referee_msgs/rm_referee_msgs/msg/detail/dart_info__type_support.hpp
-- Up-to-date: /home/chen/sentry_try/sentry_ws/install/rm_referee_msgs/include/rm_referee_msgs/rm_referee_msgs/msg/detail/game_result__type_support.hpp
-- Up-to-date: /home/chen/sentry_try/sentry_ws/install/rm_referee_msgs/include/rm_referee_msgs/rm_referee_msgs/msg/detail/projectile_allowance__type_support.hpp
-- Up-to-date: /home/chen/sentry_try/sentry_ws/install/rm_referee_msgs/include/rm_referee_msgs/rm_referee_msgs/msg/detail/ground_robot_position__traits.hpp
-- Up-to-date: /home/chen/sentry_try/sentry_ws/install/rm_referee_msgs/include/rm_referee_msgs/rm_referee_msgs/msg/detail/robot_pos__traits.hpp
-- Up-to-date: /home/chen/sentry_try/sentry_ws/install/rm_referee_msgs/include/rm_referee_msgs/rm_referee_msgs/msg/detail/game_status__type_support.hpp
-- Up-to-date: /home/chen/sentry_try/sentry_ws/install/rm_referee_msgs/include/rm_referee_msgs/rm_referee_msgs/msg/detail/game_status__traits.hpp
-- Up-to-date: /home/chen/sentry_try/sentry_ws/install/rm_referee_msgs/include/rm_referee_msgs/rm_referee_msgs/msg/detail/robot_custom_data2__traits.hpp
-- Up-to-date: /home/chen/sentry_try/sentry_ws/install/rm_referee_msgs/include/rm_referee_msgs/rm_referee_msgs/msg/detail/shoot_data__builder.hpp
-- Up-to-date: /home/chen/sentry_try/sentry_ws/install/rm_referee_msgs/include/rm_referee_msgs/rm_referee_msgs/msg/detail/radar_info__traits.hpp
-- Up-to-date: /home/chen/sentry_try/sentry_ws/install/rm_referee_msgs/include/rm_referee_msgs/rm_referee_msgs/msg/detail/dart_info__struct.hpp
-- Up-to-date: /home/chen/sentry_try/sentry_ws/install/rm_referee_msgs/include/rm_referee_msgs/rm_referee_msgs/msg/detail/robot_status__struct.hpp
-- Up-to-date: /home/chen/sentry_try/sentry_ws/install/rm_referee_msgs/include/rm_referee_msgs/rm_referee_msgs/msg/detail/buff__traits.hpp
-- Up-to-date: /home/chen/sentry_try/sentry_ws/install/rm_referee_msgs/include/rm_referee_msgs/rm_referee_msgs/msg/detail/game_robot_hp__type_support.hpp
-- Up-to-date: /home/chen/sentry_try/sentry_ws/install/rm_referee_msgs/include/rm_referee_msgs/rm_referee_msgs/msg/detail/dart_client_cmd__struct.hpp
-- Up-to-date: /home/chen/sentry_try/sentry_ws/install/rm_referee_msgs/include/rm_referee_msgs/rm_referee_msgs/msg/detail/projectile_allowance__struct.hpp
-- Up-to-date: /home/chen/sentry_try/sentry_ws/install/rm_referee_msgs/include/rm_referee_msgs/rm_referee_msgs/msg/detail/custom_robot_data__builder.hpp
-- Up-to-date: /home/chen/sentry_try/sentry_ws/install/rm_referee_msgs/include/rm_referee_msgs/rm_referee_msgs/msg/detail/robot_custom_data__builder.hpp
-- Up-to-date: /home/chen/sentry_try/sentry_ws/install/rm_referee_msgs/include/rm_referee_msgs/rm_referee_msgs/msg/detail/sentry_info__builder.hpp
-- Up-to-date: /home/chen/sentry_try/sentry_ws/install/rm_referee_msgs/include/rm_referee_msgs/rm_referee_msgs/msg/detail/radar_mark_data__builder.hpp
-- Up-to-date: /home/chen/sentry_try/sentry_ws/install/rm_referee_msgs/include/rm_referee_msgs/rm_referee_msgs/msg/detail/map_command__builder.hpp
-- Up-to-date: /home/chen/sentry_try/sentry_ws/install/rm_referee_msgs/include/rm_referee_msgs/rm_referee_msgs/msg/detail/radar_info__struct.hpp
-- Up-to-date: /home/chen/sentry_try/sentry_ws/install/rm_referee_msgs/include/rm_referee_msgs/rm_referee_msgs/msg/detail/game_result__traits.hpp
-- Up-to-date: /home/chen/sentry_try/sentry_ws/install/rm_referee_msgs/include/rm_referee_msgs/rm_referee_msgs/msg/detail/power_heat_data__builder.hpp
-- Up-to-date: /home/chen/sentry_try/sentry_ws/install/rm_referee_msgs/include/rm_referee_msgs/rm_referee_msgs/msg/detail/event_data__struct.hpp
-- Up-to-date: /home/chen/sentry_try/sentry_ws/install/rm_referee_msgs/include/rm_referee_msgs/rm_referee_msgs/msg/detail/radar_mark_data__traits.hpp
-- Up-to-date: /home/chen/sentry_try/sentry_ws/install/rm_referee_msgs/include/rm_referee_msgs/rm_referee_msgs/msg/detail/game_robot_hp__struct.hpp
-- Up-to-date: /home/chen/sentry_try/sentry_ws/install/rm_referee_msgs/include/rm_referee_msgs/rm_referee_msgs/msg/detail/referee_warning__traits.hpp
-- Up-to-date: /home/chen/sentry_try/sentry_ws/install/rm_referee_msgs/include/rm_referee_msgs/rm_referee_msgs/msg/detail/robot_pos__type_support.hpp
-- Up-to-date: /home/chen/sentry_try/sentry_ws/install/rm_referee_msgs/include/rm_referee_msgs/rm_referee_msgs/msg/detail/hurt_data__type_support.hpp
-- Up-to-date: /home/chen/sentry_try/sentry_ws/install/rm_referee_msgs/include/rm_referee_msgs/rm_referee_msgs/msg/detail/custom_control__struct.hpp
-- Up-to-date: /home/chen/sentry_try/sentry_ws/install/rm_referee_msgs/include/rm_referee_msgs/rm_referee_msgs/msg/detail/event_data__builder.hpp
-- Up-to-date: /home/chen/sentry_try/sentry_ws/install/rm_referee_msgs/include/rm_referee_msgs/rm_referee_msgs/msg/detail/sentry_info__traits.hpp
-- Up-to-date: /home/chen/sentry_try/sentry_ws/install/rm_referee_msgs/include/rm_referee_msgs/rm_referee_msgs/msg/detail/hurt_data__struct.hpp
-- Up-to-date: /home/chen/sentry_try/sentry_ws/install/rm_referee_msgs/include/rm_referee_msgs/rm_referee_msgs/msg/detail/radar_mark_data__type_support.hpp
-- Up-to-date: /home/chen/sentry_try/sentry_ws/install/rm_referee_msgs/include/rm_referee_msgs/rm_referee_msgs/msg/detail/referee_warning__struct.hpp
-- Up-to-date: /home/chen/sentry_try/sentry_ws/install/rm_referee_msgs/include/rm_referee_msgs/rm_referee_msgs/msg/detail/custom_robot_data__traits.hpp
-- Up-to-date: /home/chen/sentry_try/sentry_ws/install/rm_referee_msgs/include/rm_referee_msgs/rm_referee_msgs/msg/detail/power_heat_data__traits.hpp
-- Up-to-date: /home/chen/sentry_try/sentry_ws/install/rm_referee_msgs/include/rm_referee_msgs/rm_referee_msgs/msg/detail/robot_custom_data__type_support.hpp
-- Up-to-date: /home/chen/sentry_try/sentry_ws/install/rm_referee_msgs/include/rm_referee_msgs/rm_referee_msgs/msg/detail/radar_info__builder.hpp
-- Up-to-date: /home/chen/sentry_try/sentry_ws/install/rm_referee_msgs/include/rm_referee_msgs/rm_referee_msgs/msg/detail/hurt_data__builder.hpp
-- Up-to-date: /home/chen/sentry_try/sentry_ws/install/rm_referee_msgs/include/rm_referee_msgs/rm_referee_msgs/msg/detail/projectile_allowance__builder.hpp
-- Up-to-date: /home/chen/sentry_try/sentry_ws/install/rm_referee_msgs/include/rm_referee_msgs/rm_referee_msgs/msg/detail/radar_mark_data__struct.hpp
-- Up-to-date: /home/chen/sentry_try/sentry_ws/install/rm_referee_msgs/include/rm_referee_msgs/rm_referee_msgs/msg/detail/robot_status__type_support.hpp
-- Up-to-date: /home/chen/sentry_try/sentry_ws/install/rm_referee_msgs/include/rm_referee_msgs/rm_referee_msgs/msg/detail/keyboard_mouse_control__builder.hpp
-- Up-to-date: /home/chen/sentry_try/sentry_ws/install/rm_referee_msgs/include/rm_referee_msgs/rm_referee_msgs/msg/detail/robot_status__traits.hpp
-- Up-to-date: /home/chen/sentry_try/sentry_ws/install/rm_referee_msgs/include/rm_referee_msgs/rm_referee_msgs/msg/detail/dart_client_cmd__builder.hpp
-- Up-to-date: /home/chen/sentry_try/sentry_ws/install/rm_referee_msgs/include/rm_referee_msgs/rm_referee_msgs/msg/detail/buff__builder.hpp
-- Up-to-date: /home/chen/sentry_try/sentry_ws/install/rm_referee_msgs/include/rm_referee_msgs/rm_referee_msgs/msg/detail/custom_control__builder.hpp
-- Up-to-date: /home/chen/sentry_try/sentry_ws/install/rm_referee_msgs/include/rm_referee_msgs/rm_referee_msgs/msg/detail/custom_robot_data__type_support.hpp
-- Up-to-date: /home/chen/sentry_try/sentry_ws/install/rm_referee_msgs/include/rm_referee_msgs/rm_referee_msgs/msg/detail/shoot_data__type_support.hpp
-- Up-to-date: /home/chen/sentry_try/sentry_ws/install/rm_referee_msgs/include/rm_referee_msgs/rm_referee_msgs/msg/detail/ground_robot_position__struct.hpp
-- Up-to-date: /home/chen/sentry_try/sentry_ws/install/rm_referee_msgs/include/rm_referee_msgs/rm_referee_msgs/msg/detail/shoot_data__struct.hpp
-- Up-to-date: /home/chen/sentry_try/sentry_ws/install/rm_referee_msgs/include/rm_referee_msgs/rm_referee_msgs/msg/detail/dart_client_cmd__type_support.hpp
-- Up-to-date: /home/chen/sentry_try/sentry_ws/install/rm_referee_msgs/include/rm_referee_msgs/rm_referee_msgs/msg/detail/rfid_status__builder.hpp
-- Up-to-date: /home/chen/sentry_try/sentry_ws/install/rm_referee_msgs/include/rm_referee_msgs/rm_referee_msgs/msg/detail/dart_info__traits.hpp
-- Up-to-date: /home/chen/sentry_try/sentry_ws/install/rm_referee_msgs/include/rm_referee_msgs/rm_referee_msgs/msg/detail/custom_robot_data__struct.hpp
-- Up-to-date: /home/chen/sentry_try/sentry_ws/install/rm_referee_msgs/include/rm_referee_msgs/rm_referee_msgs/msg/detail/robot_pos__struct.hpp
-- Up-to-date: /home/chen/sentry_try/sentry_ws/install/rm_referee_msgs/include/rm_referee_msgs/rm_referee_msgs/msg/detail/dart_client_cmd__traits.hpp
-- Up-to-date: /home/chen/sentry_try/sentry_ws/install/rm_referee_msgs/include/rm_referee_msgs/rm_referee_msgs/msg/detail/map_command__type_support.hpp
-- Up-to-date: /home/chen/sentry_try/sentry_ws/install/rm_referee_msgs/include/rm_referee_msgs/rm_referee_msgs/msg/detail/game_status__struct.hpp
-- Up-to-date: /home/chen/sentry_try/sentry_ws/install/rm_referee_msgs/include/rm_referee_msgs/rm_referee_msgs/msg/detail/robot_pos__builder.hpp
-- Up-to-date: /home/chen/sentry_try/sentry_ws/install/rm_referee_msgs/include/rm_referee_msgs/rm_referee_msgs/msg/detail/rfid_status__type_support.hpp
-- Up-to-date: /home/chen/sentry_try/sentry_ws/install/rm_referee_msgs/include/rm_referee_msgs/rm_referee_msgs/msg/detail/radar_info__type_support.hpp
-- Up-to-date: /home/chen/sentry_try/sentry_ws/install/rm_referee_msgs/include/rm_referee_msgs/rm_referee_msgs/msg/detail/sentry_info__type_support.hpp
-- Up-to-date: /home/chen/sentry_try/sentry_ws/install/rm_referee_msgs/include/rm_referee_msgs/rm_referee_msgs/msg/detail/projectile_allowance__traits.hpp
-- Up-to-date: /home/chen/sentry_try/sentry_ws/install/rm_referee_msgs/include/rm_referee_msgs/rm_referee_msgs/msg/detail/referee_warning__type_support.hpp
-- Up-to-date: /home/chen/sentry_try/sentry_ws/install/rm_referee_msgs/include/rm_referee_msgs/rm_referee_msgs/msg/detail/robot_custom_data2__builder.hpp
-- Up-to-date: /home/chen/sentry_try/sentry_ws/install/rm_referee_msgs/include/rm_referee_msgs/rm_referee_msgs/msg/detail/robot_status__builder.hpp
-- Up-to-date: /home/chen/sentry_try/sentry_ws/install/rm_referee_msgs/include/rm_referee_msgs/rm_referee_msgs/msg/detail/power_heat_data__type_support.hpp
-- Up-to-date: /home/chen/sentry_try/sentry_ws/install/rm_referee_msgs/include/rm_referee_msgs/rm_referee_msgs/msg/detail/ground_robot_position__type_support.hpp
-- Up-to-date: /home/chen/sentry_try/sentry_ws/install/rm_referee_msgs/include/rm_referee_msgs/rm_referee_msgs/msg/detail/game_result__struct.hpp
-- Up-to-date: /home/chen/sentry_try/sentry_ws/install/rm_referee_msgs/include/rm_referee_msgs/rm_referee_msgs/msg/detail/game_status__builder.hpp
-- Up-to-date: /home/chen/sentry_try/sentry_ws/install/rm_referee_msgs/include/rm_referee_msgs/rm_referee_msgs/msg/detail/robot_custom_data__traits.hpp
-- Up-to-date: /home/chen/sentry_try/sentry_ws/install/rm_referee_msgs/include/rm_referee_msgs/rm_referee_msgs/msg/detail/map_command__struct.hpp
-- Up-to-date: /home/chen/sentry_try/sentry_ws/install/rm_referee_msgs/include/rm_referee_msgs/rm_referee_msgs/msg/robot_status.hpp
-- Up-to-date: /home/chen/sentry_try/sentry_ws/install/rm_referee_msgs/include/rm_referee_msgs/rm_referee_msgs/msg/game_result.hpp
-- Up-to-date: /home/chen/sentry_try/sentry_ws/install/rm_referee_msgs/include/rm_referee_msgs/rm_referee_msgs/msg/referee_warning.hpp
-- Up-to-date: /home/chen/sentry_try/sentry_ws/install/rm_referee_msgs/include/rm_referee_msgs/rm_referee_msgs/msg/robot_pos.hpp
-- Up-to-date: /home/chen/sentry_try/sentry_ws/install/rm_referee_msgs/include/rm_referee_msgs/rm_referee_msgs/msg/custom_robot_data.hpp
-- Up-to-date: /home/chen/sentry_try/sentry_ws/install/rm_referee_msgs/include/rm_referee_msgs/rm_referee_msgs/srv
-- Up-to-date: /home/chen/sentry_try/sentry_ws/install/rm_referee_msgs/include/rm_referee_msgs/rm_referee_msgs/srv/tx.hpp
-- Up-to-date: /home/chen/sentry_try/sentry_ws/install/rm_referee_msgs/include/rm_referee_msgs/rm_referee_msgs/srv/detail
-- Up-to-date: /home/chen/sentry_try/sentry_ws/install/rm_referee_msgs/include/rm_referee_msgs/rm_referee_msgs/srv/detail/tx__struct.hpp
-- Up-to-date: /home/chen/sentry_try/sentry_ws/install/rm_referee_msgs/include/rm_referee_msgs/rm_referee_msgs/srv/detail/tx__type_support.hpp
-- Up-to-date: /home/chen/sentry_try/sentry_ws/install/rm_referee_msgs/include/rm_referee_msgs/rm_referee_msgs/srv/detail/tx__builder.hpp
-- Up-to-date: /home/chen/sentry_try/sentry_ws/install/rm_referee_msgs/include/rm_referee_msgs/rm_referee_msgs/srv/detail/tx__traits.hpp
-- Up-to-date: /home/chen/sentry_try/sentry_ws/install/rm_referee_msgs/include/rm_referee_msgs/rm_referee_msgs
-- Up-to-date: /home/chen/sentry_try/sentry_ws/install/rm_referee_msgs/include/rm_referee_msgs/rm_referee_msgs/msg
-- Up-to-date: /home/chen/sentry_try/sentry_ws/install/rm_referee_msgs/include/rm_referee_msgs/rm_referee_msgs/msg/rosidl_typesupport_fastrtps_cpp__visibility_control.h
-- Up-to-date: /home/chen/sentry_try/sentry_ws/install/rm_referee_msgs/include/rm_referee_msgs/rm_referee_msgs/msg/detail
-- Up-to-date: /home/chen/sentry_try/sentry_ws/install/rm_referee_msgs/include/rm_referee_msgs/rm_referee_msgs/msg/detail/dart_info__rosidl_typesupport_fastrtps_cpp.hpp
-- Up-to-date: /home/chen/sentry_try/sentry_ws/install/rm_referee_msgs/include/rm_referee_msgs/rm_referee_msgs/msg/detail/hurt_data__rosidl_typesupport_fastrtps_cpp.hpp
-- Up-to-date: /home/chen/sentry_try/sentry_ws/install/rm_referee_msgs/include/rm_referee_msgs/rm_referee_msgs/msg/detail/game_result__rosidl_typesupport_fastrtps_cpp.hpp
-- Up-to-date: /home/chen/sentry_try/sentry_ws/install/rm_referee_msgs/include/rm_referee_msgs/rm_referee_msgs/msg/detail/radar_info__rosidl_typesupport_fastrtps_cpp.hpp
-- Up-to-date: /home/chen/sentry_try/sentry_ws/install/rm_referee_msgs/include/rm_referee_msgs/rm_referee_msgs/msg/detail/power_heat_data__rosidl_typesupport_fastrtps_cpp.hpp
-- Up-to-date: /home/chen/sentry_try/sentry_ws/install/rm_referee_msgs/include/rm_referee_msgs/rm_referee_msgs/msg/detail/referee_warning__rosidl_typesupport_fastrtps_cpp.hpp
-- Up-to-date: /home/chen/sentry_try/sentry_ws/install/rm_referee_msgs/include/rm_referee_msgs/rm_referee_msgs/msg/detail/shoot_data__rosidl_typesupport_fastrtps_cpp.hpp
-- Up-to-date: /home/chen/sentry_try/sentry_ws/install/rm_referee_msgs/include/rm_referee_msgs/rm_referee_msgs/msg/detail/ground_robot_position__rosidl_typesupport_fastrtps_cpp.hpp
-- Up-to-date: /home/chen/sentry_try/sentry_ws/install/rm_referee_msgs/include/rm_referee_msgs/rm_referee_msgs/msg/detail/radar_mark_data__rosidl_typesupport_fastrtps_cpp.hpp
-- Up-to-date: /home/chen/sentry_try/sentry_ws/install/rm_referee_msgs/include/rm_referee_msgs/rm_referee_msgs/msg/detail/robot_custom_data__rosidl_typesupport_fastrtps_cpp.hpp
-- Up-to-date: /home/chen/sentry_try/sentry_ws/install/rm_referee_msgs/include/rm_referee_msgs/rm_referee_msgs/msg/detail/keyboard_mouse_control__rosidl_typesupport_fastrtps_cpp.hpp
-- Up-to-date: /home/chen/sentry_try/sentry_ws/install/rm_referee_msgs/include/rm_referee_msgs/rm_referee_msgs/msg/detail/robot_pos__rosidl_typesupport_fastrtps_cpp.hpp
-- Up-to-date: /home/chen/sentry_try/sentry_ws/install/rm_referee_msgs/include/rm_referee_msgs/rm_referee_msgs/msg/detail/game_status__rosidl_typesupport_fastrtps_cpp.hpp
-- Up-to-date: /home/chen/sentry_try/sentry_ws/install/rm_referee_msgs/include/rm_referee_msgs/rm_referee_msgs/msg/detail/dart_client_cmd__rosidl_typesupport_fastrtps_cpp.hpp
-- Up-to-date: /home/chen/sentry_try/sentry_ws/install/rm_referee_msgs/include/rm_referee_msgs/rm_referee_msgs/msg/detail/event_data__rosidl_typesupport_fastrtps_cpp.hpp
-- Up-to-date: /home/chen/sentry_try/sentry_ws/install/rm_referee_msgs/include/rm_referee_msgs/rm_referee_msgs/msg/detail/robot_custom_data2__rosidl_typesupport_fastrtps_cpp.hpp
-- Up-to-date: /home/chen/sentry_try/sentry_ws/install/rm_referee_msgs/include/rm_referee_msgs/rm_referee_msgs/msg/detail/robot_status__rosidl_typesupport_fastrtps_cpp.hpp
-- Up-to-date: /home/chen/sentry_try/sentry_ws/install/rm_referee_msgs/include/rm_referee_msgs/rm_referee_msgs/msg/detail/sentry_info__rosidl_typesupport_fastrtps_cpp.hpp
-- Up-to-date: /home/chen/sentry_try/sentry_ws/install/rm_referee_msgs/include/rm_referee_msgs/rm_referee_msgs/msg/detail/projectile_allowance__rosidl_typesupport_fastrtps_cpp.hpp
-- Up-to-date: /home/chen/sentry_try/sentry_ws/install/rm_referee_msgs/include/rm_referee_msgs/rm_referee_msgs/msg/detail/dds_fastrtps
-- Up-to-date: /home/chen/sentry_try/sentry_ws/install/rm_referee_msgs/include/rm_referee_msgs/rm_referee_msgs/msg/detail/game_robot_hp__rosidl_typesupport_fastrtps_cpp.hpp
-- Up-to-date: /home/chen/sentry_try/sentry_ws/install/rm_referee_msgs/include/rm_referee_msgs/rm_referee_msgs/msg/detail/buff__rosidl_typesupport_fastrtps_cpp.hpp
-- Up-to-date: /home/chen/sentry_try/sentry_ws/install/rm_referee_msgs/include/rm_referee_msgs/rm_referee_msgs/msg/detail/rfid_status__rosidl_typesupport_fastrtps_cpp.hpp
-- Up-to-date: /home/chen/sentry_try/sentry_ws/install/rm_referee_msgs/include/rm_referee_msgs/rm_referee_msgs/msg/detail/custom_control__rosidl_typesupport_fastrtps_cpp.hpp
-- Up-to-date: /home/chen/sentry_try/sentry_ws/install/rm_referee_msgs/include/rm_referee_msgs/rm_referee_msgs/msg/detail/map_command__rosidl_typesupport_fastrtps_cpp.hpp
-- Up-to-date: /home/chen/sentry_try/sentry_ws/install/rm_referee_msgs/include/rm_referee_msgs/rm_referee_msgs/msg/detail/custom_robot_data__rosidl_typesupport_fastrtps_cpp.hpp
-- Up-to-date: /home/chen/sentry_try/sentry_ws/install/rm_referee_msgs/include/rm_referee_msgs/rm_referee_msgs/srv
-- Up-to-date: /home/chen/sentry_try/sentry_ws/install/rm_referee_msgs/include/rm_referee_msgs/rm_referee_msgs/srv/detail
-- Up-to-date: /home/chen/sentry_try/sentry_ws/install/rm_referee_msgs/include/rm_referee_msgs/rm_referee_msgs/srv/detail/tx__rosidl_typesupport_fastrtps_cpp.hpp
-- Up-to-date: /home/chen/sentry_try/sentry_ws/install/rm_referee_msgs/include/rm_referee_msgs/rm_referee_msgs/srv/detail/dds_fastrtps
-- Up-to-date: /home/chen/sentry_try/sentry_ws/install/rm_referee_msgs/lib/librm_referee_msgs__rosidl_typesupport_fastrtps_cpp.so
-- Up-to-date: /home/chen/sentry_try/sentry_ws/install/rm_referee_msgs/include/rm_referee_msgs/rm_referee_msgs
-- Up-to-date: /home/chen/sentry_try/sentry_ws/install/rm_referee_msgs/include/rm_referee_msgs/rm_referee_msgs/msg
-- Up-to-date: /home/chen/sentry_try/sentry_ws/install/rm_referee_msgs/include/rm_referee_msgs/rm_referee_msgs/msg/rosidl_typesupport_introspection_c__visibility_control.h
-- Up-to-date: /home/chen/sentry_try/sentry_ws/install/rm_referee_msgs/include/rm_referee_msgs/rm_referee_msgs/msg/detail
-- Up-to-date: /home/chen/sentry_try/sentry_ws/install/rm_referee_msgs/include/rm_referee_msgs/rm_referee_msgs/msg/detail/custom_control__rosidl_typesupport_introspection_c.h
-- Up-to-date: /home/chen/sentry_try/sentry_ws/install/rm_referee_msgs/include/rm_referee_msgs/rm_referee_msgs/msg/detail/power_heat_data__rosidl_typesupport_introspection_c.h
-- Up-to-date: /home/chen/sentry_try/sentry_ws/install/rm_referee_msgs/include/rm_referee_msgs/rm_referee_msgs/msg/detail/referee_warning__rosidl_typesupport_introspection_c.h
-- Up-to-date: /home/chen/sentry_try/sentry_ws/install/rm_referee_msgs/include/rm_referee_msgs/rm_referee_msgs/msg/detail/robot_custom_data__rosidl_typesupport_introspection_c.h
-- Up-to-date: /home/chen/sentry_try/sentry_ws/install/rm_referee_msgs/include/rm_referee_msgs/rm_referee_msgs/msg/detail/game_status__rosidl_typesupport_introspection_c.h
-- Up-to-date: /home/chen/sentry_try/sentry_ws/install/rm_referee_msgs/include/rm_referee_msgs/rm_referee_msgs/msg/detail/rfid_status__type_support.c
-- Up-to-date: /home/chen/sentry_try/sentry_ws/install/rm_referee_msgs/include/rm_referee_msgs/rm_referee_msgs/msg/detail/power_heat_data__type_support.c
-- Up-to-date: /home/chen/sentry_try/sentry_ws/install/rm_referee_msgs/include/rm_referee_msgs/rm_referee_msgs/msg/detail/shoot_data__rosidl_typesupport_introspection_c.h
-- Up-to-date: /home/chen/sentry_try/sentry_ws/install/rm_referee_msgs/include/rm_referee_msgs/rm_referee_msgs/msg/detail/robot_pos__type_support.c
-- Up-to-date: /home/chen/sentry_try/sentry_ws/install/rm_referee_msgs/include/rm_referee_msgs/rm_referee_msgs/msg/detail/buff__rosidl_typesupport_introspection_c.h
-- Up-to-date: /home/chen/sentry_try/sentry_ws/install/rm_referee_msgs/include/rm_referee_msgs/rm_referee_msgs/msg/detail/game_robot_hp__type_support.c
-- Up-to-date: /home/chen/sentry_try/sentry_ws/install/rm_referee_msgs/include/rm_referee_msgs/rm_referee_msgs/msg/detail/dart_client_cmd__rosidl_typesupport_introspection_c.h
-- Up-to-date: /home/chen/sentry_try/sentry_ws/install/rm_referee_msgs/include/rm_referee_msgs/rm_referee_msgs/msg/detail/buff__type_support.c
-- Up-to-date: /home/chen/sentry_try/sentry_ws/install/rm_referee_msgs/include/rm_referee_msgs/rm_referee_msgs/msg/detail/projectile_allowance__type_support.c
-- Up-to-date: /home/chen/sentry_try/sentry_ws/install/rm_referee_msgs/include/rm_referee_msgs/rm_referee_msgs/msg/detail/robot_custom_data2__rosidl_typesupport_introspection_c.h
-- Up-to-date: /home/chen/sentry_try/sentry_ws/install/rm_referee_msgs/include/rm_referee_msgs/rm_referee_msgs/msg/detail/ground_robot_position__rosidl_typesupport_introspection_c.h
-- Up-to-date: /home/chen/sentry_try/sentry_ws/install/rm_referee_msgs/include/rm_referee_msgs/rm_referee_msgs/msg/detail/map_command__rosidl_typesupport_introspection_c.h
-- Up-to-date: /home/chen/sentry_try/sentry_ws/install/rm_referee_msgs/include/rm_referee_msgs/rm_referee_msgs/msg/detail/robot_custom_data2__type_support.c
-- Up-to-date: /home/chen/sentry_try/sentry_ws/install/rm_referee_msgs/include/rm_referee_msgs/rm_referee_msgs/msg/detail/hurt_data__type_support.c
-- Up-to-date: /home/chen/sentry_try/sentry_ws/install/rm_referee_msgs/include/rm_referee_msgs/rm_referee_msgs/msg/detail/keyboard_mouse_control__type_support.c
-- Up-to-date: /home/chen/sentry_try/sentry_ws/install/rm_referee_msgs/include/rm_referee_msgs/rm_referee_msgs/msg/detail/robot_status__rosidl_typesupport_introspection_c.h
-- Up-to-date: /home/chen/sentry_try/sentry_ws/install/rm_referee_msgs/include/rm_referee_msgs/rm_referee_msgs/msg/detail/ground_robot_position__type_support.c
-- Up-to-date: /home/chen/sentry_try/sentry_ws/install/rm_referee_msgs/include/rm_referee_msgs/rm_referee_msgs/msg/detail/robot_custom_data__type_support.c
-- Up-to-date: /home/chen/sentry_try/sentry_ws/install/rm_referee_msgs/include/rm_referee_msgs/rm_referee_msgs/msg/detail/dart_info__rosidl_typesupport_introspection_c.h
-- Up-to-date: /home/chen/sentry_try/sentry_ws/install/rm_referee_msgs/include/rm_referee_msgs/rm_referee_msgs/msg/detail/event_data__rosidl_typesupport_introspection_c.h
-- Up-to-date: /home/chen/sentry_try/sentry_ws/install/rm_referee_msgs/include/rm_referee_msgs/rm_referee_msgs/msg/detail/projectile_allowance__rosidl_typesupport_introspection_c.h
-- Up-to-date: /home/chen/sentry_try/sentry_ws/install/rm_referee_msgs/include/rm_referee_msgs/rm_referee_msgs/msg/detail/keyboard_mouse_control__rosidl_typesupport_introspection_c.h
-- Up-to-date: /home/chen/sentry_try/sentry_ws/install/rm_referee_msgs/include/rm_referee_msgs/rm_referee_msgs/msg/detail/shoot_data__type_support.c
-- Up-to-date: /home/chen/sentry_try/sentry_ws/install/rm_referee_msgs/include/rm_referee_msgs/rm_referee_msgs/msg/detail/referee_warning__type_support.c
-- Up-to-date: /home/chen/sentry_try/sentry_ws/install/rm_referee_msgs/include/rm_referee_msgs/rm_referee_msgs/msg/detail/game_result__rosidl_typesupport_introspection_c.h
-- Up-to-date: /home/chen/sentry_try/sentry_ws/install/rm_referee_msgs/include/rm_referee_msgs/rm_referee_msgs/msg/detail/radar_info__rosidl_typesupport_introspection_c.h
-- Up-to-date: /home/chen/sentry_try/sentry_ws/install/rm_referee_msgs/include/rm_referee_msgs/rm_referee_msgs/msg/detail/game_robot_hp__rosidl_typesupport_introspection_c.h
-- Up-to-date: /home/chen/sentry_try/sentry_ws/install/rm_referee_msgs/include/rm_referee_msgs/rm_referee_msgs/msg/detail/sentry_info__rosidl_typesupport_introspection_c.h
-- Up-to-date: /home/chen/sentry_try/sentry_ws/install/rm_referee_msgs/include/rm_referee_msgs/rm_referee_msgs/msg/detail/rfid_status__rosidl_typesupport_introspection_c.h
-- Up-to-date: /home/chen/sentry_try/sentry_ws/install/rm_referee_msgs/include/rm_referee_msgs/rm_referee_msgs/msg/detail/game_result__type_support.c
-- Up-to-date: /home/chen/sentry_try/sentry_ws/install/rm_referee_msgs/include/rm_referee_msgs/rm_referee_msgs/msg/detail/sentry_info__type_support.c
-- Up-to-date: /home/chen/sentry_try/sentry_ws/install/rm_referee_msgs/include/rm_referee_msgs/rm_referee_msgs/msg/detail/event_data__type_support.c
-- Up-to-date: /home/chen/sentry_try/sentry_ws/install/rm_referee_msgs/include/rm_referee_msgs/rm_referee_msgs/msg/detail/dart_client_cmd__type_support.c
-- Up-to-date: /home/chen/sentry_try/sentry_ws/install/rm_referee_msgs/include/rm_referee_msgs/rm_referee_msgs/msg/detail/custom_robot_data__rosidl_typesupport_introspection_c.h
-- Up-to-date: /home/chen/sentry_try/sentry_ws/install/rm_referee_msgs/include/rm_referee_msgs/rm_referee_msgs/msg/detail/dart_info__type_support.c
-- Up-to-date: /home/chen/sentry_try/sentry_ws/install/rm_referee_msgs/include/rm_referee_msgs/rm_referee_msgs/msg/detail/game_status__type_support.c
-- Up-to-date: /home/chen/sentry_try/sentry_ws/install/rm_referee_msgs/include/rm_referee_msgs/rm_referee_msgs/msg/detail/robot_status__type_support.c
-- Up-to-date: /home/chen/sentry_try/sentry_ws/install/rm_referee_msgs/include/rm_referee_msgs/rm_referee_msgs/msg/detail/radar_mark_data__type_support.c
-- Up-to-date: /home/chen/sentry_try/sentry_ws/install/rm_referee_msgs/include/rm_referee_msgs/rm_referee_msgs/msg/detail/custom_control__type_support.c
-- Up-to-date: /home/chen/sentry_try/sentry_ws/install/rm_referee_msgs/include/rm_referee_msgs/rm_referee_msgs/msg/detail/radar_mark_data__rosidl_typesupport_introspection_c.h
-- Up-to-date: /home/chen/sentry_try/sentry_ws/install/rm_referee_msgs/include/rm_referee_msgs/rm_referee_msgs/msg/detail/robot_pos__rosidl_typesupport_introspection_c.h
-- Up-to-date: /home/chen/sentry_try/sentry_ws/install/rm_referee_msgs/include/rm_referee_msgs/rm_referee_msgs/msg/detail/custom_robot_data__type_support.c
-- Up-to-date: /home/chen/sentry_try/sentry_ws/install/rm_referee_msgs/include/rm_referee_msgs/rm_referee_msgs/msg/detail/hurt_data__rosidl_typesupport_introspection_c.h
-- Up-to-date: /home/chen/sentry_try/sentry_ws/install/rm_referee_msgs/include/rm_referee_msgs/rm_referee_msgs/msg/detail/map_command__type_support.c
-- Up-to-date: /home/chen/sentry_try/sentry_ws/install/rm_referee_msgs/include/rm_referee_msgs/rm_referee_msgs/msg/detail/radar_info__type_support.c
-- Up-to-date: /home/chen/sentry_try/sentry_ws/install/rm_referee_msgs/include/rm_referee_msgs/rm_referee_msgs/srv
-- Up-to-date: /home/chen/sentry_try/sentry_ws/install/rm_referee_msgs/include/rm_referee_msgs/rm_referee_msgs/srv/detail
-- Up-to-date: /home/chen/sentry_try/sentry_ws/install/rm_referee_msgs/include/rm_referee_msgs/rm_referee_msgs/srv/detail/tx__rosidl_typesupport_introspection_c.h
-- Up-to-date: /home/chen/sentry_try/sentry_ws/install/rm_referee_msgs/include/rm_referee_msgs/rm_referee_msgs/srv/detail/tx__type_support.c
-- Up-to-date: /home/chen/sentry_try/sentry_ws/install/rm_referee_msgs/lib/librm_referee_msgs__rosidl_typesupport_introspection_c.so
-- Up-to-date: /home/chen/sentry_try/sentry_ws/install/rm_referee_msgs/lib/librm_referee_msgs__rosidl_typesupport_c.so
-- Up-to-date: /home/chen/sentry_try/sentry_ws/install/rm_referee_msgs/include/rm_referee_msgs/rm_referee_msgs
-- Up-to-date: /home/chen/sentry_try/sentry_ws/install/rm_referee_msgs/include/rm_referee_msgs/rm_referee_msgs/msg
-- Up-to-date: /home/chen/sentry_try/sentry_ws/install/rm_referee_msgs/include/rm_referee_msgs/rm_referee_msgs/msg/detail
-- Up-to-date: /home/chen/sentry_try/sentry_ws/install/rm_referee_msgs/include/rm_referee_msgs/rm_referee_msgs/msg/detail/custom_robot_data__type_support.cpp
-- Up-to-date: /home/chen/sentry_try/sentry_ws/install/rm_referee_msgs/include/rm_referee_msgs/rm_referee_msgs/msg/detail/radar_info__type_support.cpp
-- Up-to-date: /home/chen/sentry_try/sentry_ws/install/rm_referee_msgs/include/rm_referee_msgs/rm_referee_msgs/msg/detail/robot_custom_data__type_support.cpp
-- Up-to-date: /home/chen/sentry_try/sentry_ws/install/rm_referee_msgs/include/rm_referee_msgs/rm_referee_msgs/msg/detail/robot_status__type_support.cpp
-- Up-to-date: /home/chen/sentry_try/sentry_ws/install/rm_referee_msgs/include/rm_referee_msgs/rm_referee_msgs/msg/detail/map_command__rosidl_typesupport_introspection_cpp.hpp
-- Up-to-date: /home/chen/sentry_try/sentry_ws/install/rm_referee_msgs/include/rm_referee_msgs/rm_referee_msgs/msg/detail/robot_custom_data__rosidl_typesupport_introspection_cpp.hpp
-- Up-to-date: /home/chen/sentry_try/sentry_ws/install/rm_referee_msgs/include/rm_referee_msgs/rm_referee_msgs/msg/detail/game_robot_hp__rosidl_typesupport_introspection_cpp.hpp
-- Up-to-date: /home/chen/sentry_try/sentry_ws/install/rm_referee_msgs/include/rm_referee_msgs/rm_referee_msgs/msg/detail/robot_pos__type_support.cpp
-- Up-to-date: /home/chen/sentry_try/sentry_ws/install/rm_referee_msgs/include/rm_referee_msgs/rm_referee_msgs/msg/detail/sentry_info__type_support.cpp
-- Up-to-date: /home/chen/sentry_try/sentry_ws/install/rm_referee_msgs/include/rm_referee_msgs/rm_referee_msgs/msg/detail/event_data__rosidl_typesupport_introspection_cpp.hpp
-- Up-to-date: /home/chen/sentry_try/sentry_ws/install/rm_referee_msgs/include/rm_referee_msgs/rm_referee_msgs/msg/detail/custom_control__type_support.cpp
-- Up-to-date: /home/chen/sentry_try/sentry_ws/install/rm_referee_msgs/include/rm_referee_msgs/rm_referee_msgs/msg/detail/robot_status__rosidl_typesupport_introspection_cpp.hpp
-- Up-to-date: /home/chen/sentry_try/sentry_ws/install/rm_referee_msgs/include/rm_referee_msgs/rm_referee_msgs/msg/detail/game_status__rosidl_typesupport_introspection_cpp.hpp
-- Up-to-date: /home/chen/sentry_try/sentry_ws/install/rm_referee_msgs/include/rm_referee_msgs/rm_referee_msgs/msg/detail/rfid_status__type_support.cpp
-- Up-to-date: /home/chen/sentry_try/sentry_ws/install/rm_referee_msgs/include/rm_referee_msgs/rm_referee_msgs/msg/detail/robot_pos__rosidl_typesupport_introspection_cpp.hpp
-- Up-to-date: /home/chen/sentry_try/sentry_ws/install/rm_referee_msgs/include/rm_referee_msgs/rm_referee_msgs/msg/detail/robot_custom_data2__type_support.cpp
-- Up-to-date: /home/chen/sentry_try/sentry_ws/install/rm_referee_msgs/include/rm_referee_msgs/rm_referee_msgs/msg/detail/radar_mark_data__rosidl_typesupport_introspection_cpp.hpp
-- Up-to-date: /home/chen/sentry_try/sentry_ws/install/rm_referee_msgs/include/rm_referee_msgs/rm_referee_msgs/msg/detail/game_status__type_support.cpp
-- Up-to-date: /home/chen/sentry_try/sentry_ws/install/rm_referee_msgs/include/rm_referee_msgs/rm_referee_msgs/msg/detail/keyboard_mouse_control__type_support.cpp
-- Up-to-date: /home/chen/sentry_try/sentry_ws/install/rm_referee_msgs/include/rm_referee_msgs/rm_referee_msgs/msg/detail/dart_client_cmd__rosidl_typesupport_introspection_cpp.hpp
-- Up-to-date: /home/chen/sentry_try/sentry_ws/install/rm_referee_msgs/include/rm_referee_msgs/rm_referee_msgs/msg/detail/ground_robot_position__type_support.cpp
-- Up-to-date: /home/chen/sentry_try/sentry_ws/install/rm_referee_msgs/include/rm_referee_msgs/rm_referee_msgs/msg/detail/referee_warning__type_support.cpp
-- Up-to-date: /home/chen/sentry_try/sentry_ws/install/rm_referee_msgs/include/rm_referee_msgs/rm_referee_msgs/msg/detail/buff__rosidl_typesupport_introspection_cpp.hpp
-- Up-to-date: /home/chen/sentry_try/sentry_ws/install/rm_referee_msgs/include/rm_referee_msgs/rm_referee_msgs/msg/detail/game_robot_hp__type_support.cpp
-- Up-to-date: /home/chen/sentry_try/sentry_ws/install/rm_referee_msgs/include/rm_referee_msgs/rm_referee_msgs/msg/detail/radar_info__rosidl_typesupport_introspection_cpp.hpp
-- Up-to-date: /home/chen/sentry_try/sentry_ws/install/rm_referee_msgs/include/rm_referee_msgs/rm_referee_msgs/msg/detail/custom_control__rosidl_typesupport_introspection_cpp.hpp
-- Up-to-date: /home/chen/sentry_try/sentry_ws/install/rm_referee_msgs/include/rm_referee_msgs/rm_referee_msgs/msg/detail/rfid_status__rosidl_typesupport_introspection_cpp.hpp
-- Up-to-date: /home/chen/sentry_try/sentry_ws/install/rm_referee_msgs/include/rm_referee_msgs/rm_referee_msgs/msg/detail/referee_warning__rosidl_typesupport_introspection_cpp.hpp
-- Up-to-date: /home/chen/sentry_try/sentry_ws/install/rm_referee_msgs/include/rm_referee_msgs/rm_referee_msgs/msg/detail/power_heat_data__rosidl_typesupport_introspection_cpp.hpp
-- Up-to-date: /home/chen/sentry_try/sentry_ws/install/rm_referee_msgs/include/rm_referee_msgs/rm_referee_msgs/msg/detail/event_data__type_support.cpp
-- Up-to-date: /home/chen/sentry_try/sentry_ws/install/rm_referee_msgs/include/rm_referee_msgs/rm_referee_msgs/msg/detail/buff__type_support.cpp
-- Up-to-date: /home/chen/sentry_try/sentry_ws/install/rm_referee_msgs/include/rm_referee_msgs/rm_referee_msgs/msg/detail/map_command__type_support.cpp
-- Up-to-date: /home/chen/sentry_try/sentry_ws/install/rm_referee_msgs/include/rm_referee_msgs/rm_referee_msgs/msg/detail/shoot_data__rosidl_typesupport_introspection_cpp.hpp
-- Up-to-date: /home/chen/sentry_try/sentry_ws/install/rm_referee_msgs/include/rm_referee_msgs/rm_referee_msgs/msg/detail/projectile_allowance__rosidl_typesupport_introspection_cpp.hpp
-- Up-to-date: /home/chen/sentry_try/sentry_ws/install/rm_referee_msgs/include/rm_referee_msgs/rm_referee_msgs/msg/detail/radar_mark_data__type_support.cpp
-- Up-to-date: /home/chen/sentry_try/sentry_ws/install/rm_referee_msgs/include/rm_referee_msgs/rm_referee_msgs/msg/detail/keyboard_mouse_control__rosidl_typesupport_introspection_cpp.hpp
-- Up-to-date: /home/chen/sentry_try/sentry_ws/install/rm_referee_msgs/include/rm_referee_msgs/rm_referee_msgs/msg/detail/power_heat_data__type_support.cpp
-- Up-to-date: /home/chen/sentry_try/sentry_ws/install/rm_referee_msgs/include/rm_referee_msgs/rm_referee_msgs/msg/detail/shoot_data__type_support.cpp
-- Up-to-date: /home/chen/sentry_try/sentry_ws/install/rm_referee_msgs/include/rm_referee_msgs/rm_referee_msgs/msg/detail/robot_custom_data2__rosidl_typesupport_introspection_cpp.hpp
-- Up-to-date: /home/chen/sentry_try/sentry_ws/install/rm_referee_msgs/include/rm_referee_msgs/rm_referee_msgs/msg/detail/dart_info__rosidl_typesupport_introspection_cpp.hpp
-- Up-to-date: /home/chen/sentry_try/sentry_ws/install/rm_referee_msgs/include/rm_referee_msgs/rm_referee_msgs/msg/detail/sentry_info__rosidl_typesupport_introspection_cpp.hpp
-- Up-to-date: /home/chen/sentry_try/sentry_ws/install/rm_referee_msgs/include/rm_referee_msgs/rm_referee_msgs/msg/detail/dart_client_cmd__type_support.cpp
-- Up-to-date: /home/chen/sentry_try/sentry_ws/install/rm_referee_msgs/include/rm_referee_msgs/rm_referee_msgs/msg/detail/ground_robot_position__rosidl_typesupport_introspection_cpp.hpp
-- Up-to-date: /home/chen/sentry_try/sentry_ws/install/rm_referee_msgs/include/rm_referee_msgs/rm_referee_msgs/msg/detail/game_result__rosidl_typesupport_introspection_cpp.hpp
-- Up-to-date: /home/chen/sentry_try/sentry_ws/install/rm_referee_msgs/include/rm_referee_msgs/rm_referee_msgs/msg/detail/hurt_data__type_support.cpp
-- Up-to-date: /home/chen/sentry_try/sentry_ws/install/rm_referee_msgs/include/rm_referee_msgs/rm_referee_msgs/msg/detail/hurt_data__rosidl_typesupport_introspection_cpp.hpp
-- Up-to-date: /home/chen/sentry_try/sentry_ws/install/rm_referee_msgs/include/rm_referee_msgs/rm_referee_msgs/msg/detail/projectile_allowance__type_support.cpp
-- Up-to-date: /home/chen/sentry_try/sentry_ws/install/rm_referee_msgs/include/rm_referee_msgs/rm_referee_msgs/msg/detail/dart_info__type_support.cpp
-- Up-to-date: /home/chen/sentry_try/sentry_ws/install/rm_referee_msgs/include/rm_referee_msgs/rm_referee_msgs/msg/detail/game_result__type_support.cpp
-- Up-to-date: /home/chen/sentry_try/sentry_ws/install/rm_referee_msgs/include/rm_referee_msgs/rm_referee_msgs/msg/detail/custom_robot_data__rosidl_typesupport_introspection_cpp.hpp
-- Up-to-date: /home/chen/sentry_try/sentry_ws/install/rm_referee_msgs/include/rm_referee_msgs/rm_referee_msgs/srv
-- Up-to-date: /home/chen/sentry_try/sentry_ws/install/rm_referee_msgs/include/rm_referee_msgs/rm_referee_msgs/srv/detail
-- Up-to-date: /home/chen/sentry_try/sentry_ws/install/rm_referee_msgs/include/rm_referee_msgs/rm_referee_msgs/srv/detail/tx__type_support.cpp
-- Up-to-date: /home/chen/sentry_try/sentry_ws/install/rm_referee_msgs/include/rm_referee_msgs/rm_referee_msgs/srv/detail/tx__rosidl_typesupport_introspection_cpp.hpp
-- Up-to-date: /home/chen/sentry_try/sentry_ws/install/rm_referee_msgs/lib/librm_referee_msgs__rosidl_typesupport_introspection_cpp.so
-- Up-to-date: /home/chen/sentry_try/sentry_ws/install/rm_referee_msgs/lib/librm_referee_msgs__rosidl_typesupport_cpp.so
-- Up-to-date: /home/chen/sentry_try/sentry_ws/install/rm_referee_msgs/share/rm_referee_msgs/environment/pythonpath.sh
-- Installing: /home/chen/sentry_try/sentry_ws/install/rm_referee_msgs/share/rm_referee_msgs/environment/pythonpath.dsv
-- Up-to-date: /home/chen/sentry_try/sentry_ws/install/rm_referee_msgs/local/lib/python3.10/dist-packages/rm_referee_msgs-0.0.0-py3.10.egg-info
-- Installing: /home/chen/sentry_try/sentry_ws/install/rm_referee_msgs/local/lib/python3.10/dist-packages/rm_referee_msgs-0.0.0-py3.10.egg-info/top_level.txt
-- Installing: /home/chen/sentry_try/sentry_ws/install/rm_referee_msgs/local/lib/python3.10/dist-packages/rm_referee_msgs-0.0.0-py3.10.egg-info/PKG-INFO
-- Installing: /home/chen/sentry_try/sentry_ws/install/rm_referee_msgs/local/lib/python3.10/dist-packages/rm_referee_msgs-0.0.0-py3.10.egg-info/SOURCES.txt
-- Installing: /home/chen/sentry_try/sentry_ws/install/rm_referee_msgs/local/lib/python3.10/dist-packages/rm_referee_msgs-0.0.0-py3.10.egg-info/dependency_links.txt
-- Up-to-date: /home/chen/sentry_try/sentry_ws/install/rm_referee_msgs/local/lib/python3.10/dist-packages/rm_referee_msgs
-- Up-to-date: /home/chen/sentry_try/sentry_ws/install/rm_referee_msgs/local/lib/python3.10/dist-packages/rm_referee_msgs/_rm_referee_msgs_s.ep.rosidl_typesupport_c.c
-- Up-to-date: /home/chen/sentry_try/sentry_ws/install/rm_referee_msgs/local/lib/python3.10/dist-packages/rm_referee_msgs/msg
-- Up-to-date: /home/chen/sentry_try/sentry_ws/install/rm_referee_msgs/local/lib/python3.10/dist-packages/rm_referee_msgs/msg/_keyboard_mouse_control.py
-- Up-to-date: /home/chen/sentry_try/sentry_ws/install/rm_referee_msgs/local/lib/python3.10/dist-packages/rm_referee_msgs/msg/_sentry_info_s.c
-- Up-to-date: /home/chen/sentry_try/sentry_ws/install/rm_referee_msgs/local/lib/python3.10/dist-packages/rm_referee_msgs/msg/_power_heat_data.py
-- Up-to-date: /home/chen/sentry_try/sentry_ws/install/rm_referee_msgs/local/lib/python3.10/dist-packages/rm_referee_msgs/msg/_custom_control_s.c
-- Up-to-date: /home/chen/sentry_try/sentry_ws/install/rm_referee_msgs/local/lib/python3.10/dist-packages/rm_referee_msgs/msg/_projectile_allowance_s.c
-- Up-to-date: /home/chen/sentry_try/sentry_ws/install/rm_referee_msgs/local/lib/python3.10/dist-packages/rm_referee_msgs/msg/_map_command.py
-- Up-to-date: /home/chen/sentry_try/sentry_ws/install/rm_referee_msgs/local/lib/python3.10/dist-packages/rm_referee_msgs/msg/_radar_mark_data_s.c
-- Up-to-date: /home/chen/sentry_try/sentry_ws/install/rm_referee_msgs/local/lib/python3.10/dist-packages/rm_referee_msgs/msg/_buff.py
-- Up-to-date: /home/chen/sentry_try/sentry_ws/install/rm_referee_msgs/local/lib/python3.10/dist-packages/rm_referee_msgs/msg/_power_heat_data_s.c
-- Up-to-date: /home/chen/sentry_try/sentry_ws/install/rm_referee_msgs/local/lib/python3.10/dist-packages/rm_referee_msgs/msg/_robot_custom_data2.py
-- Up-to-date: /home/chen/sentry_try/sentry_ws/install/rm_referee_msgs/local/lib/python3.10/dist-packages/rm_referee_msgs/msg/_shoot_data.py
-- Up-to-date: /home/chen/sentry_try/sentry_ws/install/rm_referee_msgs/local/lib/python3.10/dist-packages/rm_referee_msgs/msg/_radar_info_s.c
-- Up-to-date: /home/chen/sentry_try/sentry_ws/install/rm_referee_msgs/local/lib/python3.10/dist-packages/rm_referee_msgs/msg/_dart_client_cmd.py
-- Up-to-date: /home/chen/sentry_try/sentry_ws/install/rm_referee_msgs/local/lib/python3.10/dist-packages/rm_referee_msgs/msg/_hurt_data_s.c
-- Up-to-date: /home/chen/sentry_try/sentry_ws/install/rm_referee_msgs/local/lib/python3.10/dist-packages/rm_referee_msgs/msg/_dart_info_s.c
-- Up-to-date: /home/chen/sentry_try/sentry_ws/install/rm_referee_msgs/local/lib/python3.10/dist-packages/rm_referee_msgs/msg/_robot_pos_s.c
-- Up-to-date: /home/chen/sentry_try/sentry_ws/install/rm_referee_msgs/local/lib/python3.10/dist-packages/rm_referee_msgs/msg/_game_result_s.c
-- Up-to-date: /home/chen/sentry_try/sentry_ws/install/rm_referee_msgs/local/lib/python3.10/dist-packages/rm_referee_msgs/msg/_dart_info.py
-- Up-to-date: /home/chen/sentry_try/sentry_ws/install/rm_referee_msgs/local/lib/python3.10/dist-packages/rm_referee_msgs/msg/_robot_status_s.c
-- Up-to-date: /home/chen/sentry_try/sentry_ws/install/rm_referee_msgs/local/lib/python3.10/dist-packages/rm_referee_msgs/msg/_game_result.py
-- Up-to-date: /home/chen/sentry_try/sentry_ws/install/rm_referee_msgs/local/lib/python3.10/dist-packages/rm_referee_msgs/msg/_event_data.py
-- Up-to-date: /home/chen/sentry_try/sentry_ws/install/rm_referee_msgs/local/lib/python3.10/dist-packages/rm_referee_msgs/msg/_ground_robot_position.py
-- Up-to-date: /home/chen/sentry_try/sentry_ws/install/rm_referee_msgs/local/lib/python3.10/dist-packages/rm_referee_msgs/msg/_game_robot_hp.py
-- Up-to-date: /home/chen/sentry_try/sentry_ws/install/rm_referee_msgs/local/lib/python3.10/dist-packages/rm_referee_msgs/msg/_map_command_s.c
-- Up-to-date: /home/chen/sentry_try/sentry_ws/install/rm_referee_msgs/local/lib/python3.10/dist-packages/rm_referee_msgs/msg/_radar_mark_data.py
-- Up-to-date: /home/chen/sentry_try/sentry_ws/install/rm_referee_msgs/local/lib/python3.10/dist-packages/rm_referee_msgs/msg/_robot_custom_data_s.c
-- Up-to-date: /home/chen/sentry_try/sentry_ws/install/rm_referee_msgs/local/lib/python3.10/dist-packages/rm_referee_msgs/msg/_game_status_s.c
-- Up-to-date: /home/chen/sentry_try/sentry_ws/install/rm_referee_msgs/local/lib/python3.10/dist-packages/rm_referee_msgs/msg/_robot_pos.py
-- Up-to-date: /home/chen/sentry_try/sentry_ws/install/rm_referee_msgs/local/lib/python3.10/dist-packages/rm_referee_msgs/msg/_referee_warning_s.c
-- Up-to-date: /home/chen/sentry_try/sentry_ws/install/rm_referee_msgs/local/lib/python3.10/dist-packages/rm_referee_msgs/msg/_radar_info.py
-- Up-to-date: /home/chen/sentry_try/sentry_ws/install/rm_referee_msgs/local/lib/python3.10/dist-packages/rm_referee_msgs/msg/_rfid_status_s.c
-- Up-to-date: /home/chen/sentry_try/sentry_ws/install/rm_referee_msgs/local/lib/python3.10/dist-packages/rm_referee_msgs/msg/_custom_robot_data_s.c
-- Up-to-date: /home/chen/sentry_try/sentry_ws/install/rm_referee_msgs/local/lib/python3.10/dist-packages/rm_referee_msgs/msg/_game_robot_hp_s.c
-- Up-to-date: /home/chen/sentry_try/sentry_ws/install/rm_referee_msgs/local/lib/python3.10/dist-packages/rm_referee_msgs/msg/_custom_robot_data.py
-- Up-to-date: /home/chen/sentry_try/sentry_ws/install/rm_referee_msgs/local/lib/python3.10/dist-packages/rm_referee_msgs/msg/_robot_custom_data2_s.c
-- Up-to-date: /home/chen/sentry_try/sentry_ws/install/rm_referee_msgs/local/lib/python3.10/dist-packages/rm_referee_msgs/msg/_referee_warning.py
-- Up-to-date: /home/chen/sentry_try/sentry_ws/install/rm_referee_msgs/local/lib/python3.10/dist-packages/rm_referee_msgs/msg/_robot_custom_data.py
-- Up-to-date: /home/chen/sentry_try/sentry_ws/install/rm_referee_msgs/local/lib/python3.10/dist-packages/rm_referee_msgs/msg/_ground_robot_position_s.c
-- Up-to-date: /home/chen/sentry_try/sentry_ws/install/rm_referee_msgs/local/lib/python3.10/dist-packages/rm_referee_msgs/msg/_dart_client_cmd_s.c
-- Up-to-date: /home/chen/sentry_try/sentry_ws/install/rm_referee_msgs/local/lib/python3.10/dist-packages/rm_referee_msgs/msg/_event_data_s.c
-- Up-to-date: /home/chen/sentry_try/sentry_ws/install/rm_referee_msgs/local/lib/python3.10/dist-packages/rm_referee_msgs/msg/_rfid_status.py
-- Up-to-date: /home/chen/sentry_try/sentry_ws/install/rm_referee_msgs/local/lib/python3.10/dist-packages/rm_referee_msgs/msg/_buff_s.c
-- Up-to-date: /home/chen/sentry_try/sentry_ws/install/rm_referee_msgs/local/lib/python3.10/dist-packages/rm_referee_msgs/msg/_sentry_info.py
-- Up-to-date: /home/chen/sentry_try/sentry_ws/install/rm_referee_msgs/local/lib/python3.10/dist-packages/rm_referee_msgs/msg/_keyboard_mouse_control_s.c
-- Up-to-date: /home/chen/sentry_try/sentry_ws/install/rm_referee_msgs/local/lib/python3.10/dist-packages/rm_referee_msgs/msg/_projectile_allowance.py
-- Up-to-date: /home/chen/sentry_try/sentry_ws/install/rm_referee_msgs/local/lib/python3.10/dist-packages/rm_referee_msgs/msg/_robot_status.py
-- Up-to-date: /home/chen/sentry_try/sentry_ws/install/rm_referee_msgs/local/lib/python3.10/dist-packages/rm_referee_msgs/msg/_custom_control.py
-- Up-to-date: /home/chen/sentry_try/sentry_ws/install/rm_referee_msgs/local/lib/python3.10/dist-packages/rm_referee_msgs/msg/_shoot_data_s.c
-- Up-to-date: /home/chen/sentry_try/sentry_ws/install/rm_referee_msgs/local/lib/python3.10/dist-packages/rm_referee_msgs/msg/_game_status.py
-- Up-to-date: /home/chen/sentry_try/sentry_ws/install/rm_referee_msgs/local/lib/python3.10/dist-packages/rm_referee_msgs/msg/__init__.py
-- Up-to-date: /home/chen/sentry_try/sentry_ws/install/rm_referee_msgs/local/lib/python3.10/dist-packages/rm_referee_msgs/msg/_hurt_data.py
-- Up-to-date: /home/chen/sentry_try/sentry_ws/install/rm_referee_msgs/local/lib/python3.10/dist-packages/rm_referee_msgs/_rm_referee_msgs_s.ep.rosidl_typesupport_fastrtps_c.c
-- Up-to-date: /home/chen/sentry_try/sentry_ws/install/rm_referee_msgs/local/lib/python3.10/dist-packages/rm_referee_msgs/librm_referee_msgs__rosidl_generator_py.so
-- Up-to-date: /home/chen/sentry_try/sentry_ws/install/rm_referee_msgs/local/lib/python3.10/dist-packages/rm_referee_msgs/srv
-- Up-to-date: /home/chen/sentry_try/sentry_ws/install/rm_referee_msgs/local/lib/python3.10/dist-packages/rm_referee_msgs/srv/_tx_s.c
-- Up-to-date: /home/chen/sentry_try/sentry_ws/install/rm_referee_msgs/local/lib/python3.10/dist-packages/rm_referee_msgs/srv/_tx.py
-- Up-to-date: /home/chen/sentry_try/sentry_ws/install/rm_referee_msgs/local/lib/python3.10/dist-packages/rm_referee_msgs/srv/__init__.py
-- Up-to-date: /home/chen/sentry_try/sentry_ws/install/rm_referee_msgs/local/lib/python3.10/dist-packages/rm_referee_msgs/_rm_referee_msgs_s.ep.rosidl_typesupport_introspection_c.c
-- Up-to-date: /home/chen/sentry_try/sentry_ws/install/rm_referee_msgs/local/lib/python3.10/dist-packages/rm_referee_msgs/rm_referee_msgs_s__rosidl_typesupport_fastrtps_c.cpython-310-x86_64-linux-gnu.so
-- Up-to-date: /home/chen/sentry_try/sentry_ws/install/rm_referee_msgs/local/lib/python3.10/dist-packages/rm_referee_msgs/rm_referee_msgs_s__rosidl_typesupport_introspection_c.cpython-310-x86_64-linux-gnu.so
-- Installing: /home/chen/sentry_try/sentry_ws/install/rm_referee_msgs/local/lib/python3.10/dist-packages/rm_referee_msgs/__init__.py
-- Up-to-date: /home/chen/sentry_try/sentry_ws/install/rm_referee_msgs/local/lib/python3.10/dist-packages/rm_referee_msgs/rm_referee_msgs_s__rosidl_typesupport_c.cpython-310-x86_64-linux-gnu.so
Listing '/home/chen/sentry_try/sentry_ws/install/rm_referee_msgs/local/lib/python3.10/dist-packages/rm_referee_msgs'...
Compiling '/home/chen/sentry_try/sentry_ws/install/rm_referee_msgs/local/lib/python3.10/dist-packages/rm_referee_msgs/__init__.py'...
Listing '/home/chen/sentry_try/sentry_ws/install/rm_referee_msgs/local/lib/python3.10/dist-packages/rm_referee_msgs/msg'...
Listing '/home/chen/sentry_try/sentry_ws/install/rm_referee_msgs/local/lib/python3.10/dist-packages/rm_referee_msgs/srv'...
-- Up-to-date: /home/chen/sentry_try/sentry_ws/install/rm_referee_msgs/local/lib/python3.10/dist-packages/rm_referee_msgs/rm_referee_msgs_s__rosidl_typesupport_fastrtps_c.cpython-310-x86_64-linux-gnu.so
-- Up-to-date: /home/chen/sentry_try/sentry_ws/install/rm_referee_msgs/local/lib/python3.10/dist-packages/rm_referee_msgs/rm_referee_msgs_s__rosidl_typesupport_introspection_c.cpython-310-x86_64-linux-gnu.so
-- Up-to-date: /home/chen/sentry_try/sentry_ws/install/rm_referee_msgs/local/lib/python3.10/dist-packages/rm_referee_msgs/rm_referee_msgs_s__rosidl_typesupport_c.cpython-310-x86_64-linux-gnu.so
-- Up-to-date: /home/chen/sentry_try/sentry_ws/install/rm_referee_msgs/lib/librm_referee_msgs__rosidl_generator_py.so
-- Up-to-date: /home/chen/sentry_try/sentry_ws/install/rm_referee_msgs/share/ament_index/resource_index/rust_packages/rm_referee_msgs
-- Up-to-date: /home/chen/sentry_try/sentry_ws/install/rm_referee_msgs/share/rm_referee_msgs/rust
-- Up-to-date: /home/chen/sentry_try/sentry_ws/install/rm_referee_msgs/share/rm_referee_msgs/rust/Cargo.toml
-- Up-to-date: /home/chen/sentry_try/sentry_ws/install/rm_referee_msgs/share/rm_referee_msgs/rust/build.rs
-- Up-to-date: /home/chen/sentry_try/sentry_ws/install/rm_referee_msgs/share/rm_referee_msgs/rust/src
-- Up-to-date: /home/chen/sentry_try/sentry_ws/install/rm_referee_msgs/share/rm_referee_msgs/rust/src/srv.rs
-- Up-to-date: /home/chen/sentry_try/sentry_ws/install/rm_referee_msgs/share/rm_referee_msgs/rust/src/msg
-- Up-to-date: /home/chen/sentry_try/sentry_ws/install/rm_referee_msgs/share/rm_referee_msgs/rust/src/msg/rmw.rs
-- Up-to-date: /home/chen/sentry_try/sentry_ws/install/rm_referee_msgs/share/rm_referee_msgs/rust/src/msg.rs
-- Up-to-date: /home/chen/sentry_try/sentry_ws/install/rm_referee_msgs/share/rm_referee_msgs/rust/src/srv
-- Up-to-date: /home/chen/sentry_try/sentry_ws/install/rm_referee_msgs/share/rm_referee_msgs/rust/src/srv/rmw.rs
-- Up-to-date: /home/chen/sentry_try/sentry_ws/install/rm_referee_msgs/share/rm_referee_msgs/rust/src/lib.rs
-- Up-to-date: /home/chen/sentry_try/sentry_ws/install/rm_referee_msgs/share/rm_referee_msgs/msg/CustomControl.idl
-- Up-to-date: /home/chen/sentry_try/sentry_ws/install/rm_referee_msgs/share/rm_referee_msgs/msg/CustomRobotData.idl
-- Up-to-date: /home/chen/sentry_try/sentry_ws/install/rm_referee_msgs/share/rm_referee_msgs/msg/KeyboardMouseControl.idl
-- Up-to-date: /home/chen/sentry_try/sentry_ws/install/rm_referee_msgs/share/rm_referee_msgs/msg/RobotCustomData.idl
-- Up-to-date: /home/chen/sentry_try/sentry_ws/install/rm_referee_msgs/share/rm_referee_msgs/msg/RobotCustomData2.idl
-- Up-to-date: /home/chen/sentry_try/sentry_ws/install/rm_referee_msgs/share/rm_referee_msgs/msg/Buff.idl
-- Up-to-date: /home/chen/sentry_try/sentry_ws/install/rm_referee_msgs/share/rm_referee_msgs/msg/DartClientCmd.idl
-- Up-to-date: /home/chen/sentry_try/sentry_ws/install/rm_referee_msgs/share/rm_referee_msgs/msg/DartInfo.idl
-- Up-to-date: /home/chen/sentry_try/sentry_ws/install/rm_referee_msgs/share/rm_referee_msgs/msg/EventData.idl
-- Up-to-date: /home/chen/sentry_try/sentry_ws/install/rm_referee_msgs/share/rm_referee_msgs/msg/GameResult.idl
-- Up-to-date: /home/chen/sentry_try/sentry_ws/install/rm_referee_msgs/share/rm_referee_msgs/msg/GameRobotHP.idl
-- Up-to-date: /home/chen/sentry_try/sentry_ws/install/rm_referee_msgs/share/rm_referee_msgs/msg/GameStatus.idl
-- Up-to-date: /home/chen/sentry_try/sentry_ws/install/rm_referee_msgs/share/rm_referee_msgs/msg/GroundRobotPosition.idl
-- Up-to-date: /home/chen/sentry_try/sentry_ws/install/rm_referee_msgs/share/rm_referee_msgs/msg/HurtData.idl
-- Up-to-date: /home/chen/sentry_try/sentry_ws/install/rm_referee_msgs/share/rm_referee_msgs/msg/MapCommand.idl
-- Up-to-date: /home/chen/sentry_try/sentry_ws/install/rm_referee_msgs/share/rm_referee_msgs/msg/PowerHeatData.idl
-- Up-to-date: /home/chen/sentry_try/sentry_ws/install/rm_referee_msgs/share/rm_referee_msgs/msg/ProjectileAllowance.idl
-- Up-to-date: /home/chen/sentry_try/sentry_ws/install/rm_referee_msgs/share/rm_referee_msgs/msg/RFIDStatus.idl
-- Up-to-date: /home/chen/sentry_try/sentry_ws/install/rm_referee_msgs/share/rm_referee_msgs/msg/RadarInfo.idl
-- Up-to-date: /home/chen/sentry_try/sentry_ws/install/rm_referee_msgs/share/rm_referee_msgs/msg/RadarMarkData.idl
-- Up-to-date: /home/chen/sentry_try/sentry_ws/install/rm_referee_msgs/share/rm_referee_msgs/msg/RefereeWarning.idl
-- Up-to-date: /home/chen/sentry_try/sentry_ws/install/rm_referee_msgs/share/rm_referee_msgs/msg/RobotPos.idl
-- Up-to-date: /home/chen/sentry_try/sentry_ws/install/rm_referee_msgs/share/rm_referee_msgs/msg/RobotStatus.idl
-- Up-to-date: /home/chen/sentry_try/sentry_ws/install/rm_referee_msgs/share/rm_referee_msgs/msg/SentryInfo.idl
-- Up-to-date: /home/chen/sentry_try/sentry_ws/install/rm_referee_msgs/share/rm_referee_msgs/msg/ShootData.idl
-- Up-to-date: /home/chen/sentry_try/sentry_ws/install/rm_referee_msgs/share/rm_referee_msgs/srv/Tx.idl
-- Up-to-date: /home/chen/sentry_try/sentry_ws/install/rm_referee_msgs/share/rm_referee_msgs/fpv_channel/CustomControl.msg
-- Up-to-date: /home/chen/sentry_try/sentry_ws/install/rm_referee_msgs/share/rm_referee_msgs/fpv_channel/CustomRobotData.msg
-- Up-to-date: /home/chen/sentry_try/sentry_ws/install/rm_referee_msgs/share/rm_referee_msgs/fpv_channel/KeyboardMouseControl.msg
-- Up-to-date: /home/chen/sentry_try/sentry_ws/install/rm_referee_msgs/share/rm_referee_msgs/fpv_channel/RobotCustomData.msg
-- Up-to-date: /home/chen/sentry_try/sentry_ws/install/rm_referee_msgs/share/rm_referee_msgs/fpv_channel/RobotCustomData2.msg
-- Up-to-date: /home/chen/sentry_try/sentry_ws/install/rm_referee_msgs/share/rm_referee_msgs/normal_channel/Buff.msg
-- Up-to-date: /home/chen/sentry_try/sentry_ws/install/rm_referee_msgs/share/rm_referee_msgs/normal_channel/DartClientCmd.msg
-- Up-to-date: /home/chen/sentry_try/sentry_ws/install/rm_referee_msgs/share/rm_referee_msgs/normal_channel/DartInfo.msg
-- Up-to-date: /home/chen/sentry_try/sentry_ws/install/rm_referee_msgs/share/rm_referee_msgs/normal_channel/EventData.msg
-- Up-to-date: /home/chen/sentry_try/sentry_ws/install/rm_referee_msgs/share/rm_referee_msgs/normal_channel/GameResult.msg
-- Up-to-date: /home/chen/sentry_try/sentry_ws/install/rm_referee_msgs/share/rm_referee_msgs/normal_channel/GameRobotHP.msg
-- Up-to-date: /home/chen/sentry_try/sentry_ws/install/rm_referee_msgs/share/rm_referee_msgs/normal_channel/GameStatus.msg
-- Up-to-date: /home/chen/sentry_try/sentry_ws/install/rm_referee_msgs/share/rm_referee_msgs/normal_channel/GroundRobotPosition.msg
-- Up-to-date: /home/chen/sentry_try/sentry_ws/install/rm_referee_msgs/share/rm_referee_msgs/normal_channel/HurtData.msg
-- Up-to-date: /home/chen/sentry_try/sentry_ws/install/rm_referee_msgs/share/rm_referee_msgs/normal_channel/MapCommand.msg
-- Up-to-date: /home/chen/sentry_try/sentry_ws/install/rm_referee_msgs/share/rm_referee_msgs/normal_channel/PowerHeatData.msg
-- Up-to-date: /home/chen/sentry_try/sentry_ws/install/rm_referee_msgs/share/rm_referee_msgs/normal_channel/ProjectileAllowance.msg
-- Up-to-date: /home/chen/sentry_try/sentry_ws/install/rm_referee_msgs/share/rm_referee_msgs/normal_channel/RFIDStatus.msg
-- Up-to-date: /home/chen/sentry_try/sentry_ws/install/rm_referee_msgs/share/rm_referee_msgs/normal_channel/RadarInfo.msg
-- Up-to-date: /home/chen/sentry_try/sentry_ws/install/rm_referee_msgs/share/rm_referee_msgs/normal_channel/RadarMarkData.msg
-- Up-to-date: /home/chen/sentry_try/sentry_ws/install/rm_referee_msgs/share/rm_referee_msgs/normal_channel/RefereeWarning.msg
-- Up-to-date: /home/chen/sentry_try/sentry_ws/install/rm_referee_msgs/share/rm_referee_msgs/normal_channel/RobotPos.msg
-- Up-to-date: /home/chen/sentry_try/sentry_ws/install/rm_referee_msgs/share/rm_referee_msgs/normal_channel/RobotStatus.msg
-- Up-to-date: /home/chen/sentry_try/sentry_ws/install/rm_referee_msgs/share/rm_referee_msgs/normal_channel/SentryInfo.msg
-- Up-to-date: /home/chen/sentry_try/sentry_ws/install/rm_referee_msgs/share/rm_referee_msgs/normal_channel/ShootData.msg
-- Up-to-date: /home/chen/sentry_try/sentry_ws/install/rm_referee_msgs/share/rm_referee_msgs/srv/Tx.srv
-- Up-to-date: /home/chen/sentry_try/sentry_ws/install/rm_referee_msgs/share/rm_referee_msgs/srv/Tx_Request.msg
-- Up-to-date: /home/chen/sentry_try/sentry_ws/install/rm_referee_msgs/share/rm_referee_msgs/srv/Tx_Response.msg
-- Up-to-date: /home/chen/sentry_try/sentry_ws/install/rm_referee_msgs/share/ament_index/resource_index/package_run_dependencies/rm_referee_msgs
-- Up-to-date: /home/chen/sentry_try/sentry_ws/install/rm_referee_msgs/share/ament_index/resource_index/parent_prefix_path/rm_referee_msgs
-- Up-to-date: /home/chen/sentry_try/sentry_ws/install/rm_referee_msgs/share/rm_referee_msgs/environment/ament_prefix_path.sh
-- Installing: /home/chen/sentry_try/sentry_ws/install/rm_referee_msgs/share/rm_referee_msgs/environment/ament_prefix_path.dsv
-- Up-to-date: /home/chen/sentry_try/sentry_ws/install/rm_referee_msgs/share/rm_referee_msgs/environment/path.sh
-- Installing: /home/chen/sentry_try/sentry_ws/install/rm_referee_msgs/share/rm_referee_msgs/environment/path.dsv
-- Up-to-date: /home/chen/sentry_try/sentry_ws/install/rm_referee_msgs/share/rm_referee_msgs/local_setup.bash
-- Up-to-date: /home/chen/sentry_try/sentry_ws/install/rm_referee_msgs/share/rm_referee_msgs/local_setup.sh
-- Up-to-date: /home/chen/sentry_try/sentry_ws/install/rm_referee_msgs/share/rm_referee_msgs/local_setup.zsh
-- Installing: /home/chen/sentry_try/sentry_ws/install/rm_referee_msgs/share/rm_referee_msgs/local_setup.dsv
-- Installing: /home/chen/sentry_try/sentry_ws/install/rm_referee_msgs/share/rm_referee_msgs/package.dsv
-- Up-to-date: /home/chen/sentry_try/sentry_ws/install/rm_referee_msgs/share/ament_index/resource_index/packages/rm_referee_msgs
-- Up-to-date: /home/chen/sentry_try/sentry_ws/install/rm_referee_msgs/share/rm_referee_msgs/cmake/export_rm_referee_msgs__rosidl_generator_cExport.cmake
-- Up-to-date: /home/chen/sentry_try/sentry_ws/install/rm_referee_msgs/share/rm_referee_msgs/cmake/export_rm_referee_msgs__rosidl_generator_cExport-release.cmake
-- Up-to-date: /home/chen/sentry_try/sentry_ws/install/rm_referee_msgs/share/rm_referee_msgs/cmake/export_rm_referee_msgs__rosidl_typesupport_fastrtps_cExport.cmake
-- Up-to-date: /home/chen/sentry_try/sentry_ws/install/rm_referee_msgs/share/rm_referee_msgs/cmake/export_rm_referee_msgs__rosidl_typesupport_fastrtps_cExport-release.cmake
-- Up-to-date: /home/chen/sentry_try/sentry_ws/install/rm_referee_msgs/share/rm_referee_msgs/cmake/export_rm_referee_msgs__rosidl_generator_cppExport.cmake
-- Up-to-date: /home/chen/sentry_try/sentry_ws/install/rm_referee_msgs/share/rm_referee_msgs/cmake/export_rm_referee_msgs__rosidl_typesupport_fastrtps_cppExport.cmake
-- Up-to-date: /home/chen/sentry_try/sentry_ws/install/rm_referee_msgs/share/rm_referee_msgs/cmake/export_rm_referee_msgs__rosidl_typesupport_fastrtps_cppExport-release.cmake
-- Up-to-date: /home/chen/sentry_try/sentry_ws/install/rm_referee_msgs/share/rm_referee_msgs/cmake/rm_referee_msgs__rosidl_typesupport_introspection_cExport.cmake
-- Up-to-date: /home/chen/sentry_try/sentry_ws/install/rm_referee_msgs/share/rm_referee_msgs/cmake/rm_referee_msgs__rosidl_typesupport_introspection_cExport-release.cmake
-- Up-to-date: /home/chen/sentry_try/sentry_ws/install/rm_referee_msgs/share/rm_referee_msgs/cmake/rm_referee_msgs__rosidl_typesupport_cExport.cmake
-- Up-to-date: /home/chen/sentry_try/sentry_ws/install/rm_referee_msgs/share/rm_referee_msgs/cmake/rm_referee_msgs__rosidl_typesupport_cExport-release.cmake
-- Up-to-date: /home/chen/sentry_try/sentry_ws/install/rm_referee_msgs/share/rm_referee_msgs/cmake/rm_referee_msgs__rosidl_typesupport_introspection_cppExport.cmake
-- Up-to-date: /home/chen/sentry_try/sentry_ws/install/rm_referee_msgs/share/rm_referee_msgs/cmake/rm_referee_msgs__rosidl_typesupport_introspection_cppExport-release.cmake
-- Up-to-date: /home/chen/sentry_try/sentry_ws/install/rm_referee_msgs/share/rm_referee_msgs/cmake/rm_referee_msgs__rosidl_typesupport_cppExport.cmake
-- Up-to-date: /home/chen/sentry_try/sentry_ws/install/rm_referee_msgs/share/rm_referee_msgs/cmake/rm_referee_msgs__rosidl_typesupport_cppExport-release.cmake
-- Up-to-date: /home/chen/sentry_try/sentry_ws/install/rm_referee_msgs/share/rm_referee_msgs/cmake/export_rm_referee_msgs__rosidl_generator_pyExport.cmake
-- Up-to-date: /home/chen/sentry_try/sentry_ws/install/rm_referee_msgs/share/rm_referee_msgs/cmake/export_rm_referee_msgs__rosidl_generator_pyExport-release.cmake
-- Up-to-date: /home/chen/sentry_try/sentry_ws/install/rm_referee_msgs/share/rm_referee_msgs/cmake/rosidl_cmake-extras.cmake
-- Up-to-date: /home/chen/sentry_try/sentry_ws/install/rm_referee_msgs/share/rm_referee_msgs/cmake/ament_cmake_export_dependencies-extras.cmake
-- Up-to-date: /home/chen/sentry_try/sentry_ws/install/rm_referee_msgs/share/rm_referee_msgs/cmake/ament_cmake_export_include_directories-extras.cmake
-- Up-to-date: /home/chen/sentry_try/sentry_ws/install/rm_referee_msgs/share/rm_referee_msgs/cmake/ament_cmake_export_libraries-extras.cmake
-- Up-to-date: /home/chen/sentry_try/sentry_ws/install/rm_referee_msgs/share/rm_referee_msgs/cmake/ament_cmake_export_targets-extras.cmake
-- Up-to-date: /home/chen/sentry_try/sentry_ws/install/rm_referee_msgs/share/rm_referee_msgs/cmake/rosidl_cmake_export_typesupport_targets-extras.cmake
-- Up-to-date: /home/chen/sentry_try/sentry_ws/install/rm_referee_msgs/share/rm_referee_msgs/cmake/rosidl_cmake_export_typesupport_libraries-extras.cmake
-- Up-to-date: /home/chen/sentry_try/sentry_ws/install/rm_referee_msgs/share/rm_referee_msgs/cmake/rosidl_cmake_aggregate_target-extras.cmake
-- Up-to-date: /home/chen/sentry_try/sentry_ws/install/rm_referee_msgs/share/rm_referee_msgs/cmake/rm_referee_msgsConfig.cmake
-- Up-to-date: /home/chen/sentry_try/sentry_ws/install/rm_referee_msgs/share/rm_referee_msgs/cmake/rm_referee_msgsConfig-version.cmake
-- Up-to-date: /home/chen/sentry_try/sentry_ws/install/rm_referee_msgs/share/rm_referee_msgs/package.xml
