[0.021s] Invoking command in '/home/chen/sentry_try/sentry_ws/build/rm_referee': AMENT_PREFIX_PATH=/home/chen/sentry_try/sentry_ws/install/rm_referee_msgs:${AMENT_PREFIX_PATH} CMAKE_PREFIX_PATH=/home/chen/sentry_try/sentry_ws/install/rm_referee_msgs:/opt/ros/humble LD_LIBRARY_PATH=/home/chen/sentry_try/sentry_ws/install/rm_referee_msgs/lib:${LD_LIBRARY_PATH} PYTHONPATH=/home/chen/sentry_try/sentry_ws/install/rm_referee_msgs/local/lib/python3.10/dist-packages:${PYTHONPATH} /usr/bin/cmake --build /home/chen/sentry_try/sentry_ws/build/rm_referee -- -j16 -l16
[0.065s] [35m[1mConsolidate compiler generated dependencies of target referee_node[0m
[0.065s] [35m[1mConsolidate compiler generated dependencies of target tf_publisher[0m
[0.070s] [35m[1mConsolidate compiler generated dependencies of target hipnuc_sdk[0m
[0.073s] [35m[1mConsolidate compiler generated dependencies of target ardupilot_filter[0m
[0.083s] [ 14%] Built target tf_publisher
[0.083s] [ 14%] Built target referee_node
[0.083s] [ 22%] Built target hipnuc_sdk
[0.085s] [ 38%] Built target ardupilot_filter
[0.148s] [35m[1mConsolidate compiler generated dependencies of target rm[0m
[0.211s] [ 89%] Built target rm
[0.231s] [35m[1mConsolidate compiler generated dependencies of target referee_node_component[0m
[0.257s] [ 95%] Built target referee_node_component
[0.276s] [35m[1mConsolidate compiler generated dependencies of target tf_publisher_component[0m
[0.291s] [100%] Built target tf_publisher_component
[0.304s] Invoked command in '/home/chen/sentry_try/sentry_ws/build/rm_referee' returned '0': AMENT_PREFIX_PATH=/home/chen/sentry_try/sentry_ws/install/rm_referee_msgs:${AMENT_PREFIX_PATH} CMAKE_PREFIX_PATH=/home/chen/sentry_try/sentry_ws/install/rm_referee_msgs:/opt/ros/humble LD_LIBRARY_PATH=/home/chen/sentry_try/sentry_ws/install/rm_referee_msgs/lib:${LD_LIBRARY_PATH} PYTHONPATH=/home/chen/sentry_try/sentry_ws/install/rm_referee_msgs/local/lib/python3.10/dist-packages:${PYTHONPATH} /usr/bin/cmake --build /home/chen/sentry_try/sentry_ws/build/rm_referee -- -j16 -l16
[0.306s] Invoking command in '/home/chen/sentry_try/sentry_ws/build/rm_referee': AMENT_PREFIX_PATH=/home/chen/sentry_try/sentry_ws/install/rm_referee_msgs:${AMENT_PREFIX_PATH} CMAKE_PREFIX_PATH=/home/chen/sentry_try/sentry_ws/install/rm_referee_msgs:/opt/ros/humble LD_LIBRARY_PATH=/home/chen/sentry_try/sentry_ws/install/rm_referee_msgs/lib:${LD_LIBRARY_PATH} PYTHONPATH=/home/chen/sentry_try/sentry_ws/install/rm_referee_msgs/local/lib/python3.10/dist-packages:${PYTHONPATH} /usr/bin/cmake --install /home/chen/sentry_try/sentry_ws/build/rm_referee
[0.314s] -- Install configuration: ""
[0.314s] -- Up-to-date: /home/chen/sentry_try/sentry_ws/install/rm_referee/lib/rm_referee/referee_node
[0.317s] -- Up-to-date: /home/chen/sentry_try/sentry_ws/install/rm_referee/lib/rm_referee/tf_publisher
[0.320s] -- Up-to-date: /home/chen/sentry_try/sentry_ws/install/rm_referee/lib/libreferee_node_component.so
[0.323s] -- Up-to-date: /home/chen/sentry_try/sentry_ws/install/rm_referee/lib/libtf_publisher_component.so
[0.323s] -- Up-to-date: /home/chen/sentry_try/sentry_ws/install/rm_referee/share/rm_referee/launch
[0.324s] -- Up-to-date: /home/chen/sentry_try/sentry_ws/install/rm_referee/share/rm_referee/launch/referee_node.launch.py
[0.324s] -- Up-to-date: /home/chen/sentry_try/sentry_ws/install/rm_referee/share/rm_referee/launch/tf_publisher.launch.py
[0.324s] -- Up-to-date: /home/chen/sentry_try/sentry_ws/install/rm_referee/include
[0.324s] -- Up-to-date: /home/chen/sentry_try/sentry_ws/install/rm_referee/include/referee_node
[0.324s] -- Up-to-date: /home/chen/sentry_try/sentry_ws/install/rm_referee/include/referee_node/referee_node.hpp
[0.324s] -- Up-to-date: /home/chen/sentry_try/sentry_ws/install/rm_referee/include/referee_node/byte_stream_recorder.hpp
[0.324s] -- Up-to-date: /home/chen/sentry_try/sentry_ws/install/rm_referee/include/referee_node/log_utils.hpp
[0.324s] -- Up-to-date: /home/chen/sentry_try/sentry_ws/install/rm_referee/include/referee_node/asio_serial.hpp
[0.324s] -- Up-to-date: /home/chen/sentry_try/sentry_ws/install/rm_referee/share/rm_referee/environment/library_path.sh
[0.325s] -- Up-to-date: /home/chen/sentry_try/sentry_ws/install/rm_referee/share/rm_referee/environment/library_path.dsv
[0.325s] -- Up-to-date: /home/chen/sentry_try/sentry_ws/install/rm_referee/lib/libreferee_node_component.so
[0.325s] -- Up-to-date: /home/chen/sentry_try/sentry_ws/install/rm_referee/lib/libtf_publisher_component.so
[0.325s] -- Up-to-date: /home/chen/sentry_try/sentry_ws/install/rm_referee/share/ament_index/resource_index/package_run_dependencies/rm_referee
[0.325s] -- Up-to-date: /home/chen/sentry_try/sentry_ws/install/rm_referee/share/ament_index/resource_index/parent_prefix_path/rm_referee
[0.325s] -- Up-to-date: /home/chen/sentry_try/sentry_ws/install/rm_referee/share/rm_referee/environment/ament_prefix_path.sh
[0.325s] -- Up-to-date: /home/chen/sentry_try/sentry_ws/install/rm_referee/share/rm_referee/environment/ament_prefix_path.dsv
[0.325s] -- Up-to-date: /home/chen/sentry_try/sentry_ws/install/rm_referee/share/rm_referee/environment/path.sh
[0.325s] -- Up-to-date: /home/chen/sentry_try/sentry_ws/install/rm_referee/share/rm_referee/environment/path.dsv
[0.325s] -- Up-to-date: /home/chen/sentry_try/sentry_ws/install/rm_referee/share/rm_referee/local_setup.bash
[0.325s] -- Up-to-date: /home/chen/sentry_try/sentry_ws/install/rm_referee/share/rm_referee/local_setup.sh
[0.325s] -- Up-to-date: /home/chen/sentry_try/sentry_ws/install/rm_referee/share/rm_referee/local_setup.zsh
[0.325s] -- Up-to-date: /home/chen/sentry_try/sentry_ws/install/rm_referee/share/rm_referee/local_setup.dsv
[0.325s] -- Installing: /home/chen/sentry_try/sentry_ws/install/rm_referee/share/rm_referee/package.dsv
[0.326s] -- Up-to-date: /home/chen/sentry_try/sentry_ws/install/rm_referee/share/ament_index/resource_index/packages/rm_referee
[0.326s] -- Up-to-date: /home/chen/sentry_try/sentry_ws/install/rm_referee/share/ament_index/resource_index/rclcpp_components/rm_referee
[0.326s] -- Up-to-date: /home/chen/sentry_try/sentry_ws/install/rm_referee/share/rm_referee/cmake/ament_cmake_export_dependencies-extras.cmake
[0.326s] -- Up-to-date: /home/chen/sentry_try/sentry_ws/install/rm_referee/share/rm_referee/cmake/ament_cmake_export_include_directories-extras.cmake
[0.326s] -- Up-to-date: /home/chen/sentry_try/sentry_ws/install/rm_referee/share/rm_referee/cmake/ament_cmake_export_libraries-extras.cmake
[0.326s] -- Up-to-date: /home/chen/sentry_try/sentry_ws/install/rm_referee/share/rm_referee/cmake/rm_refereeConfig.cmake
[0.326s] -- Up-to-date: /home/chen/sentry_try/sentry_ws/install/rm_referee/share/rm_referee/cmake/rm_refereeConfig-version.cmake
[0.326s] -- Up-to-date: /home/chen/sentry_try/sentry_ws/install/rm_referee/share/rm_referee/package.xml
[0.336s] -- Up-to-date: /home/chen/sentry_try/sentry_ws/install/rm_referee/lib/libardupilot_filter.a
[0.336s] -- Up-to-date: /home/chen/sentry_try/sentry_ws/install/rm_referee/include/ap_filters
[0.338s] -- Up-to-date: /home/chen/sentry_try/sentry_ws/install/rm_referee/include/ap_filters/HarmonicNotchFilter.h
[0.338s] -- Up-to-date: /home/chen/sentry_try/sentry_ws/install/rm_referee/include/ap_filters/AP_Filter.h
[0.338s] -- Up-to-date: /home/chen/sentry_try/sentry_ws/install/rm_referee/include/ap_filters/filter_math.h
[0.338s] -- Up-to-date: /home/chen/sentry_try/sentry_ws/install/rm_referee/include/ap_filters/AP_Filter_config.h
[0.338s] -- Up-to-date: /home/chen/sentry_try/sentry_ws/install/rm_referee/include/ap_filters/SlewLimiter.h
[0.338s] -- Up-to-date: /home/chen/sentry_try/sentry_ws/install/rm_referee/include/ap_filters/Butter.h
[0.338s] -- Up-to-date: /home/chen/sentry_try/sentry_ws/install/rm_referee/include/ap_filters/filter_config.h
[0.338s] -- Up-to-date: /home/chen/sentry_try/sentry_ws/install/rm_referee/include/ap_filters/Filter.h
[0.338s] -- Up-to-date: /home/chen/sentry_try/sentry_ws/install/rm_referee/include/ap_filters/LowPassFilter2p.h
[0.338s] -- Up-to-date: /home/chen/sentry_try/sentry_ws/install/rm_referee/include/ap_filters/AverageFilter.h
[0.338s] -- Up-to-date: /home/chen/sentry_try/sentry_ws/install/rm_referee/include/ap_filters/DerivativeFilter.h
[0.338s] -- Up-to-date: /home/chen/sentry_try/sentry_ws/install/rm_referee/include/ap_filters/FilterWithBuffer.h
[0.338s] -- Up-to-date: /home/chen/sentry_try/sentry_ws/install/rm_referee/include/ap_filters/LowPassFilter.h
[0.338s] -- Up-to-date: /home/chen/sentry_try/sentry_ws/install/rm_referee/include/ap_filters/FilterClass.h
[0.338s] -- Up-to-date: /home/chen/sentry_try/sentry_ws/install/rm_referee/include/ap_filters/ModeFilter.h
[0.338s] -- Up-to-date: /home/chen/sentry_try/sentry_ws/install/rm_referee/include/ap_filters/NotchFilter.h
[0.339s] -- Up-to-date: /home/chen/sentry_try/sentry_ws/install/rm_referee/lib/cmake/ardupilot_filter/ardupilot_filter-targets.cmake
[0.339s] -- Up-to-date: /home/chen/sentry_try/sentry_ws/install/rm_referee/lib/cmake/ardupilot_filter/ardupilot_filter-targets-noconfig.cmake
[0.340s] Invoked command in '/home/chen/sentry_try/sentry_ws/build/rm_referee' returned '0': AMENT_PREFIX_PATH=/home/chen/sentry_try/sentry_ws/install/rm_referee_msgs:${AMENT_PREFIX_PATH} CMAKE_PREFIX_PATH=/home/chen/sentry_try/sentry_ws/install/rm_referee_msgs:/opt/ros/humble LD_LIBRARY_PATH=/home/chen/sentry_try/sentry_ws/install/rm_referee_msgs/lib:${LD_LIBRARY_PATH} PYTHONPATH=/home/chen/sentry_try/sentry_ws/install/rm_referee_msgs/local/lib/python3.10/dist-packages:${PYTHONPATH} /usr/bin/cmake --install /home/chen/sentry_try/sentry_ws/build/rm_referee
