[0.011s] Invoking command in '/home/chen/sentry_try/sentry_ws/build/serial_comm': AMENT_PREFIX_PATH=/home/chen/sentry_try/sentry_ws/install/sentry_msgs:${AMENT_PREFIX_PATH} CMAKE_PREFIX_PATH=/home/chen/sentry_try/sentry_ws/install/sentry_msgs:/opt/ros/humble LD_LIBRARY_PATH=/home/chen/sentry_try/sentry_ws/install/sentry_msgs/lib:${LD_LIBRARY_PATH} PYTHONPATH=/home/chen/sentry_try/sentry_ws/install/sentry_msgs/local/lib/python3.10/dist-packages:${PYTHONPATH} /usr/bin/cmake --build /home/chen/sentry_try/sentry_ws/build/serial_comm -- -j16 -l16
[0.121s] [ 50%] [32mBuilding CXX object CMakeFiles/sentry_comm_node.dir/src/sentry_comm_node.cpp.o[0m
[20.506s] [100%] [32m[1mLinking CXX executable sentry_comm_node[0m
[20.670s] [100%] Built target sentry_comm_node
[20.680s] Invoked command in '/home/chen/sentry_try/sentry_ws/build/serial_comm' returned '0': AMENT_PREFIX_PATH=/home/chen/sentry_try/sentry_ws/install/sentry_msgs:${AMENT_PREFIX_PATH} CMAKE_PREFIX_PATH=/home/chen/sentry_try/sentry_ws/install/sentry_msgs:/opt/ros/humble LD_LIBRARY_PATH=/home/chen/sentry_try/sentry_ws/install/sentry_msgs/lib:${LD_LIBRARY_PATH} PYTHONPATH=/home/chen/sentry_try/sentry_ws/install/sentry_msgs/local/lib/python3.10/dist-packages:${PYTHONPATH} /usr/bin/cmake --build /home/chen/sentry_try/sentry_ws/build/serial_comm -- -j16 -l16
[20.688s] Invoking command in '/home/chen/sentry_try/sentry_ws/build/serial_comm': AMENT_PREFIX_PATH=/home/chen/sentry_try/sentry_ws/install/sentry_msgs:${AMENT_PREFIX_PATH} CMAKE_PREFIX_PATH=/home/chen/sentry_try/sentry_ws/install/sentry_msgs:/opt/ros/humble LD_LIBRARY_PATH=/home/chen/sentry_try/sentry_ws/install/sentry_msgs/lib:${LD_LIBRARY_PATH} PYTHONPATH=/home/chen/sentry_try/sentry_ws/install/sentry_msgs/local/lib/python3.10/dist-packages:${PYTHONPATH} /usr/bin/cmake --install /home/chen/sentry_try/sentry_ws/build/serial_comm
[20.695s] -- Install configuration: "Release"
[20.698s] -- Installing: /home/chen/sentry_try/sentry_ws/install/serial_comm/lib/serial_comm/sentry_comm_node
[20.700s] -- Set runtime path of "/home/chen/sentry_try/sentry_ws/install/serial_comm/lib/serial_comm/sentry_comm_node" to ""
[20.700s] -- Up-to-date: /home/chen/sentry_try/sentry_ws/install/serial_comm/share/serial_comm/launch
[20.701s] -- Up-to-date: /home/chen/sentry_try/sentry_ws/install/serial_comm/share/serial_comm/launch/sentry_comm.launch.py
[20.701s] -- Up-to-date: /home/chen/sentry_try/sentry_ws/install/serial_comm/share/serial_comm/config
[20.701s] -- Up-to-date: /home/chen/sentry_try/sentry_ws/install/serial_comm/share/serial_comm/config/sentry_params.yaml
[20.701s] -- Up-to-date: /home/chen/sentry_try/sentry_ws/install/serial_comm/share/serial_comm/config/topic_name.yaml
[20.701s] -- Up-to-date: /home/chen/sentry_try/sentry_ws/install/serial_comm/share/ament_index/resource_index/package_run_dependencies/serial_comm
[20.701s] -- Installing: /home/chen/sentry_try/sentry_ws/install/serial_comm/share/ament_index/resource_index/parent_prefix_path/serial_comm
[20.703s] -- Up-to-date: /home/chen/sentry_try/sentry_ws/install/serial_comm/share/serial_comm/environment/ament_prefix_path.sh
[20.704s] -- Installing: /home/chen/sentry_try/sentry_ws/install/serial_comm/share/serial_comm/environment/ament_prefix_path.dsv
[20.706s] -- Up-to-date: /home/chen/sentry_try/sentry_ws/install/serial_comm/share/serial_comm/environment/path.sh
[20.706s] -- Installing: /home/chen/sentry_try/sentry_ws/install/serial_comm/share/serial_comm/environment/path.dsv
[20.706s] -- Up-to-date: /home/chen/sentry_try/sentry_ws/install/serial_comm/share/serial_comm/local_setup.bash
[20.706s] -- Up-to-date: /home/chen/sentry_try/sentry_ws/install/serial_comm/share/serial_comm/local_setup.sh
[20.706s] -- Up-to-date: /home/chen/sentry_try/sentry_ws/install/serial_comm/share/serial_comm/local_setup.zsh
[20.706s] -- Installing: /home/chen/sentry_try/sentry_ws/install/serial_comm/share/serial_comm/local_setup.dsv
[20.708s] -- Installing: /home/chen/sentry_try/sentry_ws/install/serial_comm/share/serial_comm/package.dsv
[20.709s] -- Up-to-date: /home/chen/sentry_try/sentry_ws/install/serial_comm/share/ament_index/resource_index/packages/serial_comm
[20.709s] -- Up-to-date: /home/chen/sentry_try/sentry_ws/install/serial_comm/share/serial_comm/cmake/serial_commConfig.cmake
[20.709s] -- Up-to-date: /home/chen/sentry_try/sentry_ws/install/serial_comm/share/serial_comm/cmake/serial_commConfig-version.cmake
[20.709s] -- Up-to-date: /home/chen/sentry_try/sentry_ws/install/serial_comm/share/serial_comm/package.xml
[20.712s] Invoked command in '/home/chen/sentry_try/sentry_ws/build/serial_comm' returned '0': AMENT_PREFIX_PATH=/home/chen/sentry_try/sentry_ws/install/sentry_msgs:${AMENT_PREFIX_PATH} CMAKE_PREFIX_PATH=/home/chen/sentry_try/sentry_ws/install/sentry_msgs:/opt/ros/humble LD_LIBRARY_PATH=/home/chen/sentry_try/sentry_ws/install/sentry_msgs/lib:${LD_LIBRARY_PATH} PYTHONPATH=/home/chen/sentry_try/sentry_ws/install/sentry_msgs/local/lib/python3.10/dist-packages:${PYTHONPATH} /usr/bin/cmake --install /home/chen/sentry_try/sentry_ws/build/serial_comm
