[0.019s] Invoking command in '/home/chen/sentry_try/sentry_ws/build/lightning': AMENT_PREFIX_PATH=/home/chen/sentry_try/sentry_ws/install/rm_referee_msgs:${AMENT_PREFIX_PATH} CMAKE_PREFIX_PATH=/home/chen/sentry_try/sentry_ws/install/rm_referee_msgs:/opt/ros/humble LD_LIBRARY_PATH=/home/chen/sentry_try/sentry_ws/install/rm_referee_msgs/lib:${LD_LIBRARY_PATH} PYTHONPATH=/home/chen/sentry_try/sentry_ws/install/rm_referee_msgs/local/lib/python3.10/dist-packages:${PYTHONPATH} /usr/bin/cmake --build /home/chen/sentry_try/sentry_ws/build/lightning -- -j16 -l16
[0.083s] [  1%] Built target lightning__rs
[0.086s] [  4%] Built target lightning__rosidl_generator_c
[0.086s] [  4%] Built target livox_interfaces2__rs
[0.086s] [  5%] Built target lightning__cpp
[0.091s] [  6%] Built target livox_interfaces2__cpp
[0.101s] [  9%] Built target livox_interfaces2__rosidl_generator_c
[0.104s] [ 10%] Built target miao.utils
[0.108s] [ 10%] Built target ament_cmake_python_copy_lightning
[0.111s] [ 17%] Built target miao.core
[0.111s] [ 17%] Built target ament_cmake_python_copy_livox_ros_driver2
[0.125s] [ 20%] Built target lightning__rosidl_typesupport_fastrtps_c
[0.126s] [ 23%] Built target lightning__rosidl_typesupport_fastrtps_cpp
[0.131s] [ 26%] Built target lightning__rosidl_typesupport_introspection_c
[0.138s] [ 29%] Built target livox_interfaces2__rosidl_typesupport_fastrtps_c
[0.139s] [ 32%] Built target livox_interfaces2__rosidl_typesupport_fastrtps_cpp
[0.142s] [ 35%] Built target lightning__rosidl_typesupport_cpp
[0.148s] [ 38%] Built target livox_interfaces2__rosidl_typesupport_introspection_c
[0.149s] [ 41%] Built target lightning__rosidl_typesupport_c
[0.153s] [ 50%] Built target lightning__rosidl_typesupport_introspection_cpp
[0.153s] [ 50%] Built target livox_interfaces2__rosidl_typesupport_cpp
[0.153s] [ 50%] Built target livox_interfaces2__rosidl_typesupport_introspection_cpp
[0.153s] [ 53%] Built target livox_interfaces2__rosidl_typesupport_c
[0.171s] [ 53%] Built target lightning
[0.192s] [ 54%] Built target lightning__py
[0.193s] [ 54%] Built target livox_interfaces2
[0.214s] [ 56%] Built target livox_interfaces2__py
[0.214s] [ 56%] Built target lightning__rosidl_generator_py
[0.236s] [ 57%] Built target lightning__rosidl_typesupport_c__pyext
[0.236s] [ 59%] Built target lightning__rosidl_typesupport_introspection_c__pyext
[0.237s] [ 59%] Built target lightning__rosidl_typesupport_fastrtps_c__pyext
[0.237s] [ 61%] Built target livox_interfaces2__rosidl_generator_py
[0.258s] [ 64%] Built target livox_ros_driver2__rosidl_typesupport_c__pyext
[0.258s] [ 64%] Built target livox_ros_driver2__rosidl_typesupport_fastrtps_c__pyext
[0.258s] [ 66%] Built target livox_ros_driver2__rosidl_typesupport_introspection_c__pyext
[0.267s] [ 89%] Built target lightning.libs
[0.304s] [ 91%] Built target run_loc_online
[0.305s] [ 95%] Built target test_ui
[0.305s] [ 95%] Built target run_slam_offline
[0.306s] [ 96%] Built target run_loop_offline
[0.306s] [ 97%] Built target run_slam_online
[0.307s] [ 99%] Built target run_frontend_offline
[0.309s] [100%] Built target run_loc_offline
[0.344s] running egg_info
[0.344s] writing livox_ros_driver2.egg-info/PKG-INFO
[0.345s] writing dependency_links to livox_ros_driver2.egg-info/dependency_links.txt
[0.345s] writing top-level names to livox_ros_driver2.egg-info/top_level.txt
[0.347s] reading manifest file 'livox_ros_driver2.egg-info/SOURCES.txt'
[0.347s] writing manifest file 'livox_ros_driver2.egg-info/SOURCES.txt'
[0.350s] running egg_info
[0.350s] writing lightning.egg-info/PKG-INFO
[0.350s] writing dependency_links to lightning.egg-info/dependency_links.txt
[0.351s] writing top-level names to lightning.egg-info/top_level.txt
[0.353s] reading manifest file 'lightning.egg-info/SOURCES.txt'
[0.353s] writing manifest file 'lightning.egg-info/SOURCES.txt'
[0.376s] [100%] Built target ament_cmake_python_build_livox_ros_driver2_egg
[0.381s] [100%] Built target ament_cmake_python_build_lightning_egg
[0.392s] Invoked command in '/home/chen/sentry_try/sentry_ws/build/lightning' returned '0': AMENT_PREFIX_PATH=/home/chen/sentry_try/sentry_ws/install/rm_referee_msgs:${AMENT_PREFIX_PATH} CMAKE_PREFIX_PATH=/home/chen/sentry_try/sentry_ws/install/rm_referee_msgs:/opt/ros/humble LD_LIBRARY_PATH=/home/chen/sentry_try/sentry_ws/install/rm_referee_msgs/lib:${LD_LIBRARY_PATH} PYTHONPATH=/home/chen/sentry_try/sentry_ws/install/rm_referee_msgs/local/lib/python3.10/dist-packages:${PYTHONPATH} /usr/bin/cmake --build /home/chen/sentry_try/sentry_ws/build/lightning -- -j16 -l16
[0.500s] Invoking command in '/home/chen/sentry_try/sentry_ws/build/lightning': AMENT_PREFIX_PATH=/home/chen/sentry_try/sentry_ws/install/rm_referee_msgs:${AMENT_PREFIX_PATH} CMAKE_PREFIX_PATH=/home/chen/sentry_try/sentry_ws/install/rm_referee_msgs:/opt/ros/humble LD_LIBRARY_PATH=/home/chen/sentry_try/sentry_ws/install/rm_referee_msgs/lib:${LD_LIBRARY_PATH} PYTHONPATH=/home/chen/sentry_try/sentry_ws/install/rm_referee_msgs/local/lib/python3.10/dist-packages:${PYTHONPATH} /usr/bin/cmake --install /home/chen/sentry_try/sentry_ws/build/lightning
[0.506s] -- Install configuration: "Release"
[0.506s] -- Up-to-date: /home/chen/sentry_try/sentry_ws/install/lightning/share/ament_index/resource_index/rosidl_interfaces/lightning
[0.506s] -- Up-to-date: /home/chen/sentry_try/sentry_ws/install/lightning/include/lightning/lightning
[0.506s] -- Up-to-date: /home/chen/sentry_try/sentry_ws/install/lightning/include/lightning/lightning/msg
[0.506s] -- Up-to-date: /home/chen/sentry_try/sentry_ws/install/lightning/include/lightning/lightning/msg/rosidl_generator_c__visibility_control.h
[0.506s] -- Up-to-date: /home/chen/sentry_try/sentry_ws/install/lightning/include/lightning/lightning/srv
[0.506s] -- Up-to-date: /home/chen/sentry_try/sentry_ws/install/lightning/include/lightning/lightning/srv/save_map.h
[0.506s] -- Up-to-date: /home/chen/sentry_try/sentry_ws/install/lightning/include/lightning/lightning/srv/loc_cmd.h
[0.507s] -- Up-to-date: /home/chen/sentry_try/sentry_ws/install/lightning/include/lightning/lightning/srv/detail
[0.507s] -- Up-to-date: /home/chen/sentry_try/sentry_ws/install/lightning/include/lightning/lightning/srv/detail/save_map__type_support.h
[0.507s] -- Up-to-date: /home/chen/sentry_try/sentry_ws/install/lightning/include/lightning/lightning/srv/detail/save_map__functions.h
[0.507s] -- Up-to-date: /home/chen/sentry_try/sentry_ws/install/lightning/include/lightning/lightning/srv/detail/save_map__struct.h
[0.507s] -- Up-to-date: /home/chen/sentry_try/sentry_ws/install/lightning/include/lightning/lightning/srv/detail/loc_cmd__type_support.h
[0.507s] -- Up-to-date: /home/chen/sentry_try/sentry_ws/install/lightning/include/lightning/lightning/srv/detail/save_map__functions.c
[0.507s] -- Up-to-date: /home/chen/sentry_try/sentry_ws/install/lightning/include/lightning/lightning/srv/detail/loc_cmd__functions.c
[0.507s] -- Up-to-date: /home/chen/sentry_try/sentry_ws/install/lightning/include/lightning/lightning/srv/detail/loc_cmd__struct.h
[0.507s] -- Up-to-date: /home/chen/sentry_try/sentry_ws/install/lightning/include/lightning/lightning/srv/detail/loc_cmd__functions.h
[0.507s] -- Up-to-date: /home/chen/sentry_try/sentry_ws/install/lightning/share/lightning/environment/library_path.sh
[0.507s] -- Up-to-date: /home/chen/sentry_try/sentry_ws/install/lightning/share/lightning/environment/library_path.dsv
[0.507s] -- Up-to-date: /home/chen/sentry_try/sentry_ws/install/lightning/lib/liblightning__rosidl_generator_c.so
[0.507s] -- Up-to-date: /home/chen/sentry_try/sentry_ws/install/lightning/include/lightning/lightning
[0.507s] -- Up-to-date: /home/chen/sentry_try/sentry_ws/install/lightning/include/lightning/lightning/msg
[0.507s] -- Up-to-date: /home/chen/sentry_try/sentry_ws/install/lightning/include/lightning/lightning/msg/rosidl_typesupport_fastrtps_c__visibility_control.h
[0.507s] -- Up-to-date: /home/chen/sentry_try/sentry_ws/install/lightning/include/lightning/lightning/srv
[0.508s] -- Up-to-date: /home/chen/sentry_try/sentry_ws/install/lightning/include/lightning/lightning/srv/detail
[0.508s] -- Up-to-date: /home/chen/sentry_try/sentry_ws/install/lightning/include/lightning/lightning/srv/detail/save_map__rosidl_typesupport_fastrtps_c.h
[0.508s] -- Up-to-date: /home/chen/sentry_try/sentry_ws/install/lightning/include/lightning/lightning/srv/detail/loc_cmd__rosidl_typesupport_fastrtps_c.h
[0.508s] -- Up-to-date: /home/chen/sentry_try/sentry_ws/install/lightning/lib/liblightning__rosidl_typesupport_fastrtps_c.so
[0.508s] -- Up-to-date: /home/chen/sentry_try/sentry_ws/install/lightning/include/lightning/lightning
[0.508s] -- Up-to-date: /home/chen/sentry_try/sentry_ws/install/lightning/include/lightning/lightning/msg
[0.508s] -- Up-to-date: /home/chen/sentry_try/sentry_ws/install/lightning/include/lightning/lightning/msg/rosidl_generator_cpp__visibility_control.hpp
[0.508s] -- Up-to-date: /home/chen/sentry_try/sentry_ws/install/lightning/include/lightning/lightning/srv
[0.508s] -- Up-to-date: /home/chen/sentry_try/sentry_ws/install/lightning/include/lightning/lightning/srv/loc_cmd.hpp
[0.508s] -- Up-to-date: /home/chen/sentry_try/sentry_ws/install/lightning/include/lightning/lightning/srv/save_map.hpp
[0.508s] -- Up-to-date: /home/chen/sentry_try/sentry_ws/install/lightning/include/lightning/lightning/srv/detail
[0.508s] -- Up-to-date: /home/chen/sentry_try/sentry_ws/install/lightning/include/lightning/lightning/srv/detail/save_map__struct.hpp
[0.508s] -- Up-to-date: /home/chen/sentry_try/sentry_ws/install/lightning/include/lightning/lightning/srv/detail/loc_cmd__traits.hpp
[0.508s] -- Up-to-date: /home/chen/sentry_try/sentry_ws/install/lightning/include/lightning/lightning/srv/detail/loc_cmd__type_support.hpp
[0.508s] -- Up-to-date: /home/chen/sentry_try/sentry_ws/install/lightning/include/lightning/lightning/srv/detail/loc_cmd__builder.hpp
[0.508s] -- Up-to-date: /home/chen/sentry_try/sentry_ws/install/lightning/include/lightning/lightning/srv/detail/save_map__type_support.hpp
[0.508s] -- Up-to-date: /home/chen/sentry_try/sentry_ws/install/lightning/include/lightning/lightning/srv/detail/loc_cmd__struct.hpp
[0.508s] -- Up-to-date: /home/chen/sentry_try/sentry_ws/install/lightning/include/lightning/lightning/srv/detail/save_map__traits.hpp
[0.508s] -- Up-to-date: /home/chen/sentry_try/sentry_ws/install/lightning/include/lightning/lightning/srv/detail/save_map__builder.hpp
[0.508s] -- Up-to-date: /home/chen/sentry_try/sentry_ws/install/lightning/include/lightning/lightning
[0.508s] -- Up-to-date: /home/chen/sentry_try/sentry_ws/install/lightning/include/lightning/lightning/msg
[0.508s] -- Up-to-date: /home/chen/sentry_try/sentry_ws/install/lightning/include/lightning/lightning/msg/rosidl_typesupport_fastrtps_cpp__visibility_control.h
[0.508s] -- Up-to-date: /home/chen/sentry_try/sentry_ws/install/lightning/include/lightning/lightning/srv
[0.508s] -- Up-to-date: /home/chen/sentry_try/sentry_ws/install/lightning/include/lightning/lightning/srv/detail
[0.508s] -- Up-to-date: /home/chen/sentry_try/sentry_ws/install/lightning/include/lightning/lightning/srv/detail/loc_cmd__rosidl_typesupport_fastrtps_cpp.hpp
[0.508s] -- Up-to-date: /home/chen/sentry_try/sentry_ws/install/lightning/include/lightning/lightning/srv/detail/save_map__rosidl_typesupport_fastrtps_cpp.hpp
[0.508s] -- Up-to-date: /home/chen/sentry_try/sentry_ws/install/lightning/include/lightning/lightning/srv/detail/dds_fastrtps
[0.508s] -- Up-to-date: /home/chen/sentry_try/sentry_ws/install/lightning/lib/liblightning__rosidl_typesupport_fastrtps_cpp.so
[0.508s] -- Up-to-date: /home/chen/sentry_try/sentry_ws/install/lightning/include/lightning/lightning
[0.508s] -- Up-to-date: /home/chen/sentry_try/sentry_ws/install/lightning/include/lightning/lightning/msg
[0.508s] -- Up-to-date: /home/chen/sentry_try/sentry_ws/install/lightning/include/lightning/lightning/msg/rosidl_typesupport_introspection_c__visibility_control.h
[0.508s] -- Up-to-date: /home/chen/sentry_try/sentry_ws/install/lightning/include/lightning/lightning/srv
[0.508s] -- Up-to-date: /home/chen/sentry_try/sentry_ws/install/lightning/include/lightning/lightning/srv/detail
[0.508s] -- Up-to-date: /home/chen/sentry_try/sentry_ws/install/lightning/include/lightning/lightning/srv/detail/save_map__type_support.c
[0.508s] -- Up-to-date: /home/chen/sentry_try/sentry_ws/install/lightning/include/lightning/lightning/srv/detail/loc_cmd__type_support.c
[0.508s] -- Up-to-date: /home/chen/sentry_try/sentry_ws/install/lightning/include/lightning/lightning/srv/detail/loc_cmd__rosidl_typesupport_introspection_c.h
[0.508s] -- Up-to-date: /home/chen/sentry_try/sentry_ws/install/lightning/include/lightning/lightning/srv/detail/save_map__rosidl_typesupport_introspection_c.h
[0.508s] -- Up-to-date: /home/chen/sentry_try/sentry_ws/install/lightning/lib/liblightning__rosidl_typesupport_introspection_c.so
[0.509s] -- Up-to-date: /home/chen/sentry_try/sentry_ws/install/lightning/lib/liblightning__rosidl_typesupport_c.so
[0.509s] -- Up-to-date: /home/chen/sentry_try/sentry_ws/install/lightning/include/lightning/lightning
[0.509s] -- Up-to-date: /home/chen/sentry_try/sentry_ws/install/lightning/include/lightning/lightning/srv
[0.509s] -- Up-to-date: /home/chen/sentry_try/sentry_ws/install/lightning/include/lightning/lightning/srv/detail
[0.509s] -- Up-to-date: /home/chen/sentry_try/sentry_ws/install/lightning/include/lightning/lightning/srv/detail/save_map__rosidl_typesupport_introspection_cpp.hpp
[0.509s] -- Up-to-date: /home/chen/sentry_try/sentry_ws/install/lightning/include/lightning/lightning/srv/detail/loc_cmd__type_support.cpp
[0.509s] -- Up-to-date: /home/chen/sentry_try/sentry_ws/install/lightning/include/lightning/lightning/srv/detail/save_map__type_support.cpp
[0.509s] -- Up-to-date: /home/chen/sentry_try/sentry_ws/install/lightning/include/lightning/lightning/srv/detail/loc_cmd__rosidl_typesupport_introspection_cpp.hpp
[0.509s] -- Up-to-date: /home/chen/sentry_try/sentry_ws/install/lightning/lib/liblightning__rosidl_typesupport_introspection_cpp.so
[0.509s] -- Up-to-date: /home/chen/sentry_try/sentry_ws/install/lightning/lib/liblightning__rosidl_typesupport_cpp.so
[0.509s] -- Up-to-date: /home/chen/sentry_try/sentry_ws/install/lightning/share/lightning/environment/pythonpath.sh
[0.509s] -- Up-to-date: /home/chen/sentry_try/sentry_ws/install/lightning/share/lightning/environment/pythonpath.dsv
[0.509s] -- Up-to-date: /home/chen/sentry_try/sentry_ws/install/lightning/local/lib/python3.10/dist-packages/lightning-0.0.0-py3.10.egg-info
[0.509s] -- Installing: /home/chen/sentry_try/sentry_ws/install/lightning/local/lib/python3.10/dist-packages/lightning-0.0.0-py3.10.egg-info/top_level.txt
[0.509s] -- Installing: /home/chen/sentry_try/sentry_ws/install/lightning/local/lib/python3.10/dist-packages/lightning-0.0.0-py3.10.egg-info/PKG-INFO
[0.509s] -- Installing: /home/chen/sentry_try/sentry_ws/install/lightning/local/lib/python3.10/dist-packages/lightning-0.0.0-py3.10.egg-info/SOURCES.txt
[0.509s] -- Installing: /home/chen/sentry_try/sentry_ws/install/lightning/local/lib/python3.10/dist-packages/lightning-0.0.0-py3.10.egg-info/dependency_links.txt
[0.509s] -- Up-to-date: /home/chen/sentry_try/sentry_ws/install/lightning/local/lib/python3.10/dist-packages/lightning
[0.509s] -- Up-to-date: /home/chen/sentry_try/sentry_ws/install/lightning/local/lib/python3.10/dist-packages/lightning/_lightning_s.ep.rosidl_typesupport_fastrtps_c.c
[0.509s] -- Up-to-date: /home/chen/sentry_try/sentry_ws/install/lightning/local/lib/python3.10/dist-packages/lightning/lightning_s__rosidl_typesupport_introspection_c.cpython-310-x86_64-linux-gnu.so
[0.509s] -- Up-to-date: /home/chen/sentry_try/sentry_ws/install/lightning/local/lib/python3.10/dist-packages/lightning/lightning_s__rosidl_typesupport_c.cpython-310-x86_64-linux-gnu.so
[0.509s] -- Up-to-date: /home/chen/sentry_try/sentry_ws/install/lightning/local/lib/python3.10/dist-packages/lightning/liblightning__rosidl_generator_py.so
[0.509s] -- Up-to-date: /home/chen/sentry_try/sentry_ws/install/lightning/local/lib/python3.10/dist-packages/lightning/_lightning_s.ep.rosidl_typesupport_introspection_c.c
[0.509s] -- Up-to-date: /home/chen/sentry_try/sentry_ws/install/lightning/local/lib/python3.10/dist-packages/lightning/srv
[0.509s] -- Up-to-date: /home/chen/sentry_try/sentry_ws/install/lightning/local/lib/python3.10/dist-packages/lightning/srv/_loc_cmd.py
[0.509s] -- Up-to-date: /home/chen/sentry_try/sentry_ws/install/lightning/local/lib/python3.10/dist-packages/lightning/srv/_save_map_s.c
[0.509s] -- Up-to-date: /home/chen/sentry_try/sentry_ws/install/lightning/local/lib/python3.10/dist-packages/lightning/srv/_save_map.py
[0.509s] -- Up-to-date: /home/chen/sentry_try/sentry_ws/install/lightning/local/lib/python3.10/dist-packages/lightning/srv/_loc_cmd_s.c
[0.509s] -- Up-to-date: /home/chen/sentry_try/sentry_ws/install/lightning/local/lib/python3.10/dist-packages/lightning/srv/__init__.py
[0.509s] -- Up-to-date: /home/chen/sentry_try/sentry_ws/install/lightning/local/lib/python3.10/dist-packages/lightning/lightning_s__rosidl_typesupport_fastrtps_c.cpython-310-x86_64-linux-gnu.so
[0.509s] -- Up-to-date: /home/chen/sentry_try/sentry_ws/install/lightning/local/lib/python3.10/dist-packages/lightning/_lightning_s.ep.rosidl_typesupport_c.c
[0.509s] -- Up-to-date: /home/chen/sentry_try/sentry_ws/install/lightning/local/lib/python3.10/dist-packages/lightning/__init__.py
[0.530s] Listing '/home/chen/sentry_try/sentry_ws/install/lightning/local/lib/python3.10/dist-packages/lightning'...
[0.530s] Listing '/home/chen/sentry_try/sentry_ws/install/lightning/local/lib/python3.10/dist-packages/lightning/srv'...
[0.533s] -- Up-to-date: /home/chen/sentry_try/sentry_ws/install/lightning/local/lib/python3.10/dist-packages/lightning/lightning_s__rosidl_typesupport_fastrtps_c.cpython-310-x86_64-linux-gnu.so
[0.533s] -- Up-to-date: /home/chen/sentry_try/sentry_ws/install/lightning/local/lib/python3.10/dist-packages/lightning/lightning_s__rosidl_typesupport_introspection_c.cpython-310-x86_64-linux-gnu.so
[0.534s] -- Up-to-date: /home/chen/sentry_try/sentry_ws/install/lightning/local/lib/python3.10/dist-packages/lightning/lightning_s__rosidl_typesupport_c.cpython-310-x86_64-linux-gnu.so
[0.534s] -- Up-to-date: /home/chen/sentry_try/sentry_ws/install/lightning/lib/liblightning__rosidl_generator_py.so
[0.534s] -- Up-to-date: /home/chen/sentry_try/sentry_ws/install/lightning/share/ament_index/resource_index/rust_packages/lightning
[0.534s] -- Up-to-date: /home/chen/sentry_try/sentry_ws/install/lightning/share/lightning/rust
[0.534s] -- Up-to-date: /home/chen/sentry_try/sentry_ws/install/lightning/share/lightning/rust/Cargo.toml
[0.534s] -- Up-to-date: /home/chen/sentry_try/sentry_ws/install/lightning/share/lightning/rust/build.rs
[0.534s] -- Up-to-date: /home/chen/sentry_try/sentry_ws/install/lightning/share/lightning/rust/src
[0.534s] -- Up-to-date: /home/chen/sentry_try/sentry_ws/install/lightning/share/lightning/rust/src/srv.rs
[0.534s] -- Up-to-date: /home/chen/sentry_try/sentry_ws/install/lightning/share/lightning/rust/src/srv
[0.534s] -- Up-to-date: /home/chen/sentry_try/sentry_ws/install/lightning/share/lightning/rust/src/srv/rmw.rs
[0.534s] -- Up-to-date: /home/chen/sentry_try/sentry_ws/install/lightning/share/lightning/rust/src/lib.rs
[0.534s] -- Up-to-date: /home/chen/sentry_try/sentry_ws/install/lightning/share/lightning/srv/LocCmd.idl
[0.534s] -- Up-to-date: /home/chen/sentry_try/sentry_ws/install/lightning/share/lightning/srv/SaveMap.idl
[0.535s] -- Up-to-date: /home/chen/sentry_try/sentry_ws/install/lightning/share/lightning/srv/LocCmd.srv
[0.535s] -- Up-to-date: /home/chen/sentry_try/sentry_ws/install/lightning/share/lightning/srv/LocCmd_Request.msg
[0.535s] -- Up-to-date: /home/chen/sentry_try/sentry_ws/install/lightning/share/lightning/srv/LocCmd_Response.msg
[0.535s] -- Up-to-date: /home/chen/sentry_try/sentry_ws/install/lightning/share/lightning/srv/SaveMap.srv
[0.535s] -- Up-to-date: /home/chen/sentry_try/sentry_ws/install/lightning/share/lightning/srv/SaveMap_Request.msg
[0.535s] -- Up-to-date: /home/chen/sentry_try/sentry_ws/install/lightning/share/lightning/srv/SaveMap_Response.msg
[0.535s] -- Up-to-date: /home/chen/sentry_try/sentry_ws/install/lightning/share/lightning/config
[0.535s] -- Up-to-date: /home/chen/sentry_try/sentry_ws/install/lightning/share/lightning/config/default_livox.yaml
[0.535s] -- Up-to-date: /home/chen/sentry_try/sentry_ws/install/lightning/share/lightning/config/default_vbr.yaml
[0.535s] -- Up-to-date: /home/chen/sentry_try/sentry_ws/install/lightning/share/lightning/config/default_utbm.yaml
[0.535s] -- Up-to-date: /home/chen/sentry_try/sentry_ws/install/lightning/share/lightning/config/default_nclt.yaml
[0.535s] -- Up-to-date: /home/chen/sentry_try/sentry_ws/install/lightning/share/lightning/config/default.yaml
[0.535s] -- Up-to-date: /home/chen/sentry_try/sentry_ws/install/lightning/share/ament_index/resource_index/rosidl_interfaces/livox_ros_driver2
[0.535s] -- Up-to-date: /home/chen/sentry_try/sentry_ws/install/lightning/include/livox_ros_driver2/livox_ros_driver2
[0.535s] -- Up-to-date: /home/chen/sentry_try/sentry_ws/install/lightning/include/livox_ros_driver2/livox_ros_driver2/msg
[0.535s] -- Up-to-date: /home/chen/sentry_try/sentry_ws/install/lightning/include/livox_ros_driver2/livox_ros_driver2/msg/custom_point.h
[0.535s] -- Up-to-date: /home/chen/sentry_try/sentry_ws/install/lightning/include/livox_ros_driver2/livox_ros_driver2/msg/custom_msg.h
[0.535s] -- Up-to-date: /home/chen/sentry_try/sentry_ws/install/lightning/include/livox_ros_driver2/livox_ros_driver2/msg/rosidl_generator_c__visibility_control.h
[0.535s] -- Up-to-date: /home/chen/sentry_try/sentry_ws/install/lightning/include/livox_ros_driver2/livox_ros_driver2/msg/detail
[0.535s] -- Up-to-date: /home/chen/sentry_try/sentry_ws/install/lightning/include/livox_ros_driver2/livox_ros_driver2/msg/detail/custom_point__functions.c
[0.535s] -- Up-to-date: /home/chen/sentry_try/sentry_ws/install/lightning/include/livox_ros_driver2/livox_ros_driver2/msg/detail/custom_point__type_support.h
[0.535s] -- Up-to-date: /home/chen/sentry_try/sentry_ws/install/lightning/include/livox_ros_driver2/livox_ros_driver2/msg/detail/custom_msg__functions.c
[0.535s] -- Up-to-date: /home/chen/sentry_try/sentry_ws/install/lightning/include/livox_ros_driver2/livox_ros_driver2/msg/detail/custom_msg__struct.h
[0.535s] -- Up-to-date: /home/chen/sentry_try/sentry_ws/install/lightning/include/livox_ros_driver2/livox_ros_driver2/msg/detail/custom_point__functions.h
[0.535s] -- Up-to-date: /home/chen/sentry_try/sentry_ws/install/lightning/include/livox_ros_driver2/livox_ros_driver2/msg/detail/custom_msg__functions.h
[0.535s] -- Up-to-date: /home/chen/sentry_try/sentry_ws/install/lightning/include/livox_ros_driver2/livox_ros_driver2/msg/detail/custom_point__struct.h
[0.535s] -- Up-to-date: /home/chen/sentry_try/sentry_ws/install/lightning/include/livox_ros_driver2/livox_ros_driver2/msg/detail/custom_msg__type_support.h
[0.536s] -- Up-to-date: /home/chen/sentry_try/sentry_ws/install/lightning/lib/liblivox_ros_driver2__rosidl_generator_c.so
[0.536s] -- Up-to-date: /home/chen/sentry_try/sentry_ws/install/lightning/include/livox_ros_driver2/livox_ros_driver2
[0.536s] -- Up-to-date: /home/chen/sentry_try/sentry_ws/install/lightning/include/livox_ros_driver2/livox_ros_driver2/msg
[0.536s] -- Up-to-date: /home/chen/sentry_try/sentry_ws/install/lightning/include/livox_ros_driver2/livox_ros_driver2/msg/rosidl_typesupport_fastrtps_c__visibility_control.h
[0.536s] -- Up-to-date: /home/chen/sentry_try/sentry_ws/install/lightning/include/livox_ros_driver2/livox_ros_driver2/msg/detail
[0.536s] -- Up-to-date: /home/chen/sentry_try/sentry_ws/install/lightning/include/livox_ros_driver2/livox_ros_driver2/msg/detail/custom_msg__rosidl_typesupport_fastrtps_c.h
[0.536s] -- Up-to-date: /home/chen/sentry_try/sentry_ws/install/lightning/include/livox_ros_driver2/livox_ros_driver2/msg/detail/custom_point__rosidl_typesupport_fastrtps_c.h
[0.536s] -- Up-to-date: /home/chen/sentry_try/sentry_ws/install/lightning/lib/liblivox_ros_driver2__rosidl_typesupport_fastrtps_c.so
[0.536s] -- Up-to-date: /home/chen/sentry_try/sentry_ws/install/lightning/include/livox_ros_driver2/livox_ros_driver2
[0.536s] -- Up-to-date: /home/chen/sentry_try/sentry_ws/install/lightning/include/livox_ros_driver2/livox_ros_driver2/msg
[0.536s] -- Up-to-date: /home/chen/sentry_try/sentry_ws/install/lightning/include/livox_ros_driver2/livox_ros_driver2/msg/rosidl_generator_cpp__visibility_control.hpp
[0.536s] -- Up-to-date: /home/chen/sentry_try/sentry_ws/install/lightning/include/livox_ros_driver2/livox_ros_driver2/msg/custom_msg.hpp
[0.536s] -- Up-to-date: /home/chen/sentry_try/sentry_ws/install/lightning/include/livox_ros_driver2/livox_ros_driver2/msg/custom_point.hpp
[0.536s] -- Up-to-date: /home/chen/sentry_try/sentry_ws/install/lightning/include/livox_ros_driver2/livox_ros_driver2/msg/detail
[0.536s] -- Up-to-date: /home/chen/sentry_try/sentry_ws/install/lightning/include/livox_ros_driver2/livox_ros_driver2/msg/detail/custom_point__builder.hpp
[0.536s] -- Up-to-date: /home/chen/sentry_try/sentry_ws/install/lightning/include/livox_ros_driver2/livox_ros_driver2/msg/detail/custom_msg__type_support.hpp
[0.536s] -- Up-to-date: /home/chen/sentry_try/sentry_ws/install/lightning/include/livox_ros_driver2/livox_ros_driver2/msg/detail/custom_point__traits.hpp
[0.536s] -- Up-to-date: /home/chen/sentry_try/sentry_ws/install/lightning/include/livox_ros_driver2/livox_ros_driver2/msg/detail/custom_msg__struct.hpp
[0.536s] -- Up-to-date: /home/chen/sentry_try/sentry_ws/install/lightning/include/livox_ros_driver2/livox_ros_driver2/msg/detail/custom_msg__traits.hpp
[0.536s] -- Up-to-date: /home/chen/sentry_try/sentry_ws/install/lightning/include/livox_ros_driver2/livox_ros_driver2/msg/detail/custom_msg__builder.hpp
[0.536s] -- Up-to-date: /home/chen/sentry_try/sentry_ws/install/lightning/include/livox_ros_driver2/livox_ros_driver2/msg/detail/custom_point__struct.hpp
[0.536s] -- Up-to-date: /home/chen/sentry_try/sentry_ws/install/lightning/include/livox_ros_driver2/livox_ros_driver2/msg/detail/custom_point__type_support.hpp
[0.536s] -- Up-to-date: /home/chen/sentry_try/sentry_ws/install/lightning/include/livox_ros_driver2/livox_ros_driver2
[0.536s] -- Up-to-date: /home/chen/sentry_try/sentry_ws/install/lightning/include/livox_ros_driver2/livox_ros_driver2/msg
[0.536s] -- Up-to-date: /home/chen/sentry_try/sentry_ws/install/lightning/include/livox_ros_driver2/livox_ros_driver2/msg/rosidl_typesupport_fastrtps_cpp__visibility_control.h
[0.536s] -- Up-to-date: /home/chen/sentry_try/sentry_ws/install/lightning/include/livox_ros_driver2/livox_ros_driver2/msg/detail
[0.536s] -- Up-to-date: /home/chen/sentry_try/sentry_ws/install/lightning/include/livox_ros_driver2/livox_ros_driver2/msg/detail/custom_msg__rosidl_typesupport_fastrtps_cpp.hpp
[0.537s] -- Up-to-date: /home/chen/sentry_try/sentry_ws/install/lightning/include/livox_ros_driver2/livox_ros_driver2/msg/detail/custom_point__rosidl_typesupport_fastrtps_cpp.hpp
[0.537s] -- Up-to-date: /home/chen/sentry_try/sentry_ws/install/lightning/include/livox_ros_driver2/livox_ros_driver2/msg/detail/dds_fastrtps
[0.537s] -- Up-to-date: /home/chen/sentry_try/sentry_ws/install/lightning/lib/liblivox_ros_driver2__rosidl_typesupport_fastrtps_cpp.so
[0.537s] -- Up-to-date: /home/chen/sentry_try/sentry_ws/install/lightning/include/livox_ros_driver2/livox_ros_driver2
[0.537s] -- Up-to-date: /home/chen/sentry_try/sentry_ws/install/lightning/include/livox_ros_driver2/livox_ros_driver2/msg
[0.537s] -- Up-to-date: /home/chen/sentry_try/sentry_ws/install/lightning/include/livox_ros_driver2/livox_ros_driver2/msg/rosidl_typesupport_introspection_c__visibility_control.h
[0.537s] -- Up-to-date: /home/chen/sentry_try/sentry_ws/install/lightning/include/livox_ros_driver2/livox_ros_driver2/msg/detail
[0.537s] -- Up-to-date: /home/chen/sentry_try/sentry_ws/install/lightning/include/livox_ros_driver2/livox_ros_driver2/msg/detail/custom_msg__rosidl_typesupport_introspection_c.h
[0.537s] -- Up-to-date: /home/chen/sentry_try/sentry_ws/install/lightning/include/livox_ros_driver2/livox_ros_driver2/msg/detail/custom_point__rosidl_typesupport_introspection_c.h
[0.537s] -- Up-to-date: /home/chen/sentry_try/sentry_ws/install/lightning/include/livox_ros_driver2/livox_ros_driver2/msg/detail/custom_point__type_support.c
[0.537s] -- Up-to-date: /home/chen/sentry_try/sentry_ws/install/lightning/include/livox_ros_driver2/livox_ros_driver2/msg/detail/custom_msg__type_support.c
[0.537s] -- Up-to-date: /home/chen/sentry_try/sentry_ws/install/lightning/lib/liblivox_ros_driver2__rosidl_typesupport_introspection_c.so
[0.537s] -- Up-to-date: /home/chen/sentry_try/sentry_ws/install/lightning/lib/liblivox_ros_driver2__rosidl_typesupport_c.so
[0.537s] -- Up-to-date: /home/chen/sentry_try/sentry_ws/install/lightning/include/livox_ros_driver2/livox_ros_driver2
[0.537s] -- Up-to-date: /home/chen/sentry_try/sentry_ws/install/lightning/include/livox_ros_driver2/livox_ros_driver2/msg
[0.537s] -- Up-to-date: /home/chen/sentry_try/sentry_ws/install/lightning/include/livox_ros_driver2/livox_ros_driver2/msg/detail
[0.537s] -- Up-to-date: /home/chen/sentry_try/sentry_ws/install/lightning/include/livox_ros_driver2/livox_ros_driver2/msg/detail/custom_msg__type_support.cpp
[0.537s] -- Up-to-date: /home/chen/sentry_try/sentry_ws/install/lightning/include/livox_ros_driver2/livox_ros_driver2/msg/detail/custom_point__rosidl_typesupport_introspection_cpp.hpp
[0.537s] -- Up-to-date: /home/chen/sentry_try/sentry_ws/install/lightning/include/livox_ros_driver2/livox_ros_driver2/msg/detail/custom_msg__rosidl_typesupport_introspection_cpp.hpp
[0.537s] -- Up-to-date: /home/chen/sentry_try/sentry_ws/install/lightning/include/livox_ros_driver2/livox_ros_driver2/msg/detail/custom_point__type_support.cpp
[0.537s] -- Up-to-date: /home/chen/sentry_try/sentry_ws/install/lightning/lib/liblivox_ros_driver2__rosidl_typesupport_introspection_cpp.so
[0.538s] -- Up-to-date: /home/chen/sentry_try/sentry_ws/install/lightning/lib/liblivox_ros_driver2__rosidl_typesupport_cpp.so
[0.538s] -- Up-to-date: /home/chen/sentry_try/sentry_ws/install/lightning/local/lib/python3.10/dist-packages/livox_ros_driver2-2.6.0-py3.10.egg-info
[0.538s] -- Installing: /home/chen/sentry_try/sentry_ws/install/lightning/local/lib/python3.10/dist-packages/livox_ros_driver2-2.6.0-py3.10.egg-info/top_level.txt
[0.538s] -- Installing: /home/chen/sentry_try/sentry_ws/install/lightning/local/lib/python3.10/dist-packages/livox_ros_driver2-2.6.0-py3.10.egg-info/PKG-INFO
[0.538s] -- Installing: /home/chen/sentry_try/sentry_ws/install/lightning/local/lib/python3.10/dist-packages/livox_ros_driver2-2.6.0-py3.10.egg-info/SOURCES.txt
[0.538s] -- Installing: /home/chen/sentry_try/sentry_ws/install/lightning/local/lib/python3.10/dist-packages/livox_ros_driver2-2.6.0-py3.10.egg-info/dependency_links.txt
[0.538s] -- Up-to-date: /home/chen/sentry_try/sentry_ws/install/lightning/local/lib/python3.10/dist-packages/livox_ros_driver2
[0.538s] -- Up-to-date: /home/chen/sentry_try/sentry_ws/install/lightning/local/lib/python3.10/dist-packages/livox_ros_driver2/livox_ros_driver2_s__rosidl_typesupport_c.cpython-310-x86_64-linux-gnu.so
[0.538s] -- Up-to-date: /home/chen/sentry_try/sentry_ws/install/lightning/local/lib/python3.10/dist-packages/livox_ros_driver2/livox_ros_driver2_s__rosidl_typesupport_introspection_c.cpython-310-x86_64-linux-gnu.so
[0.538s] -- Up-to-date: /home/chen/sentry_try/sentry_ws/install/lightning/local/lib/python3.10/dist-packages/livox_ros_driver2/msg
[0.538s] -- Up-to-date: /home/chen/sentry_try/sentry_ws/install/lightning/local/lib/python3.10/dist-packages/livox_ros_driver2/msg/_custom_msg.py
[0.538s] -- Up-to-date: /home/chen/sentry_try/sentry_ws/install/lightning/local/lib/python3.10/dist-packages/livox_ros_driver2/msg/_custom_point.py
[0.538s] -- Up-to-date: /home/chen/sentry_try/sentry_ws/install/lightning/local/lib/python3.10/dist-packages/livox_ros_driver2/msg/_custom_msg_s.c
[0.538s] -- Up-to-date: /home/chen/sentry_try/sentry_ws/install/lightning/local/lib/python3.10/dist-packages/livox_ros_driver2/msg/_custom_point_s.c
[0.538s] -- Up-to-date: /home/chen/sentry_try/sentry_ws/install/lightning/local/lib/python3.10/dist-packages/livox_ros_driver2/msg/__init__.py
[0.538s] -- Up-to-date: /home/chen/sentry_try/sentry_ws/install/lightning/local/lib/python3.10/dist-packages/livox_ros_driver2/_livox_ros_driver2_s.ep.rosidl_typesupport_introspection_c.c
[0.538s] -- Up-to-date: /home/chen/sentry_try/sentry_ws/install/lightning/local/lib/python3.10/dist-packages/livox_ros_driver2/_livox_ros_driver2_s.ep.rosidl_typesupport_c.c
[0.539s] -- Up-to-date: /home/chen/sentry_try/sentry_ws/install/lightning/local/lib/python3.10/dist-packages/livox_ros_driver2/_livox_ros_driver2_s.ep.rosidl_typesupport_fastrtps_c.c
[0.539s] -- Up-to-date: /home/chen/sentry_try/sentry_ws/install/lightning/local/lib/python3.10/dist-packages/livox_ros_driver2/liblivox_interfaces2__rosidl_generator_py.so
[0.539s] -- Up-to-date: /home/chen/sentry_try/sentry_ws/install/lightning/local/lib/python3.10/dist-packages/livox_ros_driver2/livox_ros_driver2_s__rosidl_typesupport_fastrtps_c.cpython-310-x86_64-linux-gnu.so
[0.539s] -- Up-to-date: /home/chen/sentry_try/sentry_ws/install/lightning/local/lib/python3.10/dist-packages/livox_ros_driver2/__init__.py
[0.561s] Listing '/home/chen/sentry_try/sentry_ws/install/lightning/local/lib/python3.10/dist-packages/livox_ros_driver2'...
[0.561s] Listing '/home/chen/sentry_try/sentry_ws/install/lightning/local/lib/python3.10/dist-packages/livox_ros_driver2/msg'...
[0.565s] -- Up-to-date: /home/chen/sentry_try/sentry_ws/install/lightning/local/lib/python3.10/dist-packages/livox_ros_driver2/livox_ros_driver2_s__rosidl_typesupport_fastrtps_c.cpython-310-x86_64-linux-gnu.so
[0.566s] -- Up-to-date: /home/chen/sentry_try/sentry_ws/install/lightning/local/lib/python3.10/dist-packages/livox_ros_driver2/livox_ros_driver2_s__rosidl_typesupport_introspection_c.cpython-310-x86_64-linux-gnu.so
[0.566s] -- Up-to-date: /home/chen/sentry_try/sentry_ws/install/lightning/local/lib/python3.10/dist-packages/livox_ros_driver2/livox_ros_driver2_s__rosidl_typesupport_c.cpython-310-x86_64-linux-gnu.so
[0.566s] -- Up-to-date: /home/chen/sentry_try/sentry_ws/install/lightning/lib/liblivox_interfaces2__rosidl_generator_py.so
[0.566s] -- Up-to-date: /home/chen/sentry_try/sentry_ws/install/lightning/share/ament_index/resource_index/rust_packages/livox_ros_driver2
[0.566s] -- Up-to-date: /home/chen/sentry_try/sentry_ws/install/lightning/share/livox_ros_driver2/rust
[0.566s] -- Up-to-date: /home/chen/sentry_try/sentry_ws/install/lightning/share/livox_ros_driver2/rust/Cargo.toml
[0.566s] -- Up-to-date: /home/chen/sentry_try/sentry_ws/install/lightning/share/livox_ros_driver2/rust/build.rs
[0.566s] -- Up-to-date: /home/chen/sentry_try/sentry_ws/install/lightning/share/livox_ros_driver2/rust/src
[0.566s] -- Up-to-date: /home/chen/sentry_try/sentry_ws/install/lightning/share/livox_ros_driver2/rust/src/msg
[0.566s] -- Up-to-date: /home/chen/sentry_try/sentry_ws/install/lightning/share/livox_ros_driver2/rust/src/msg/rmw.rs
[0.566s] -- Up-to-date: /home/chen/sentry_try/sentry_ws/install/lightning/share/livox_ros_driver2/rust/src/msg.rs
[0.566s] -- Up-to-date: /home/chen/sentry_try/sentry_ws/install/lightning/share/livox_ros_driver2/rust/src/lib.rs
[0.566s] -- Up-to-date: /home/chen/sentry_try/sentry_ws/install/lightning/share/livox_ros_driver2/msg/CustomPoint.idl
[0.567s] -- Up-to-date: /home/chen/sentry_try/sentry_ws/install/lightning/share/livox_ros_driver2/msg/CustomMsg.idl
[0.567s] -- Up-to-date: /home/chen/sentry_try/sentry_ws/install/lightning/share/livox_ros_driver2/msg/CustomPoint.msg
[0.567s] -- Up-to-date: /home/chen/sentry_try/sentry_ws/install/lightning/share/livox_ros_driver2/msg/CustomMsg.msg
[0.567s] -- Up-to-date: /home/chen/sentry_try/sentry_ws/install/lightning/lib/liblightning.libs.so
[0.567s] -- Up-to-date: /home/chen/sentry_try/sentry_ws/install/lightning/lib/libmiao.core.so
[0.567s] -- Up-to-date: /home/chen/sentry_try/sentry_ws/install/lightning/lib/libmiao.utils.so
[0.568s] -- Up-to-date: /home/chen/sentry_try/sentry_ws/install/lightning/lib/lightning/run_slam_offline
[0.568s] -- Up-to-date: /home/chen/sentry_try/sentry_ws/install/lightning/lib/lightning/run_slam_online
[0.568s] -- Up-to-date: /home/chen/sentry_try/sentry_ws/install/lightning/lib/lightning/run_loc_offline
[0.568s] -- Up-to-date: /home/chen/sentry_try/sentry_ws/install/lightning/lib/lightning/run_loc_online
[0.568s] -- Up-to-date: /home/chen/sentry_try/sentry_ws/install/lightning/share/ament_index/resource_index/package_run_dependencies/lightning
[0.568s] -- Up-to-date: /home/chen/sentry_try/sentry_ws/install/lightning/share/ament_index/resource_index/parent_prefix_path/lightning
[0.569s] -- Up-to-date: /home/chen/sentry_try/sentry_ws/install/lightning/share/lightning/environment/ament_prefix_path.sh
[0.569s] -- Up-to-date: /home/chen/sentry_try/sentry_ws/install/lightning/share/lightning/environment/ament_prefix_path.dsv
[0.569s] -- Up-to-date: /home/chen/sentry_try/sentry_ws/install/lightning/share/lightning/environment/path.sh
[0.569s] -- Up-to-date: /home/chen/sentry_try/sentry_ws/install/lightning/share/lightning/environment/path.dsv
[0.569s] -- Up-to-date: /home/chen/sentry_try/sentry_ws/install/lightning/share/lightning/local_setup.bash
[0.569s] -- Up-to-date: /home/chen/sentry_try/sentry_ws/install/lightning/share/lightning/local_setup.sh
[0.569s] -- Up-to-date: /home/chen/sentry_try/sentry_ws/install/lightning/share/lightning/local_setup.zsh
[0.569s] -- Up-to-date: /home/chen/sentry_try/sentry_ws/install/lightning/share/lightning/local_setup.dsv
[0.569s] -- Installing: /home/chen/sentry_try/sentry_ws/install/lightning/share/lightning/package.dsv
[0.569s] -- Up-to-date: /home/chen/sentry_try/sentry_ws/install/lightning/share/ament_index/resource_index/packages/lightning
[0.569s] -- Up-to-date: /home/chen/sentry_try/sentry_ws/install/lightning/share/lightning/cmake/export_lightning__rosidl_generator_cExport.cmake
[0.569s] -- Up-to-date: /home/chen/sentry_try/sentry_ws/install/lightning/share/lightning/cmake/export_lightning__rosidl_generator_cExport-release.cmake
[0.569s] -- Up-to-date: /home/chen/sentry_try/sentry_ws/install/lightning/share/lightning/cmake/export_lightning__rosidl_typesupport_fastrtps_cExport.cmake
[0.569s] -- Up-to-date: /home/chen/sentry_try/sentry_ws/install/lightning/share/lightning/cmake/export_lightning__rosidl_typesupport_fastrtps_cExport-release.cmake
[0.569s] -- Up-to-date: /home/chen/sentry_try/sentry_ws/install/lightning/share/lightning/cmake/export_lightning__rosidl_generator_cppExport.cmake
[0.569s] -- Up-to-date: /home/chen/sentry_try/sentry_ws/install/lightning/share/lightning/cmake/export_lightning__rosidl_typesupport_fastrtps_cppExport.cmake
[0.569s] -- Up-to-date: /home/chen/sentry_try/sentry_ws/install/lightning/share/lightning/cmake/export_lightning__rosidl_typesupport_fastrtps_cppExport-release.cmake
[0.569s] -- Up-to-date: /home/chen/sentry_try/sentry_ws/install/lightning/share/lightning/cmake/lightning__rosidl_typesupport_introspection_cExport.cmake
[0.570s] -- Up-to-date: /home/chen/sentry_try/sentry_ws/install/lightning/share/lightning/cmake/lightning__rosidl_typesupport_introspection_cExport-release.cmake
[0.570s] -- Up-to-date: /home/chen/sentry_try/sentry_ws/install/lightning/share/lightning/cmake/lightning__rosidl_typesupport_cExport.cmake
[0.570s] -- Up-to-date: /home/chen/sentry_try/sentry_ws/install/lightning/share/lightning/cmake/lightning__rosidl_typesupport_cExport-release.cmake
[0.570s] -- Up-to-date: /home/chen/sentry_try/sentry_ws/install/lightning/share/lightning/cmake/lightning__rosidl_typesupport_introspection_cppExport.cmake
[0.570s] -- Up-to-date: /home/chen/sentry_try/sentry_ws/install/lightning/share/lightning/cmake/lightning__rosidl_typesupport_introspection_cppExport-release.cmake
[0.570s] -- Up-to-date: /home/chen/sentry_try/sentry_ws/install/lightning/share/lightning/cmake/lightning__rosidl_typesupport_cppExport.cmake
[0.570s] -- Up-to-date: /home/chen/sentry_try/sentry_ws/install/lightning/share/lightning/cmake/lightning__rosidl_typesupport_cppExport-release.cmake
[0.570s] -- Up-to-date: /home/chen/sentry_try/sentry_ws/install/lightning/share/lightning/cmake/export_lightning__rosidl_generator_pyExport.cmake
[0.570s] -- Up-to-date: /home/chen/sentry_try/sentry_ws/install/lightning/share/lightning/cmake/export_lightning__rosidl_generator_pyExport-release.cmake
[0.570s] -- Up-to-date: /home/chen/sentry_try/sentry_ws/install/lightning/share/lightning/cmake/rosidl_cmake-extras.cmake
[0.570s] -- Up-to-date: /home/chen/sentry_try/sentry_ws/install/lightning/share/lightning/cmake/ament_cmake_export_dependencies-extras.cmake
[0.570s] -- Up-to-date: /home/chen/sentry_try/sentry_ws/install/lightning/share/lightning/cmake/ament_cmake_export_include_directories-extras.cmake
[0.570s] -- Up-to-date: /home/chen/sentry_try/sentry_ws/install/lightning/share/lightning/cmake/ament_cmake_export_libraries-extras.cmake
[0.570s] -- Up-to-date: /home/chen/sentry_try/sentry_ws/install/lightning/share/lightning/cmake/ament_cmake_export_targets-extras.cmake
[0.570s] -- Up-to-date: /home/chen/sentry_try/sentry_ws/install/lightning/share/lightning/cmake/rosidl_cmake_export_typesupport_targets-extras.cmake
[0.570s] -- Up-to-date: /home/chen/sentry_try/sentry_ws/install/lightning/share/lightning/cmake/rosidl_cmake_export_typesupport_libraries-extras.cmake
[0.570s] -- Up-to-date: /home/chen/sentry_try/sentry_ws/install/lightning/share/lightning/cmake/lightningConfig.cmake
[0.570s] -- Up-to-date: /home/chen/sentry_try/sentry_ws/install/lightning/share/lightning/cmake/lightningConfig-version.cmake
[0.570s] -- Up-to-date: /home/chen/sentry_try/sentry_ws/install/lightning/share/lightning/package.xml
[0.572s] Invoked command in '/home/chen/sentry_try/sentry_ws/build/lightning' returned '0': AMENT_PREFIX_PATH=/home/chen/sentry_try/sentry_ws/install/rm_referee_msgs:${AMENT_PREFIX_PATH} CMAKE_PREFIX_PATH=/home/chen/sentry_try/sentry_ws/install/rm_referee_msgs:/opt/ros/humble LD_LIBRARY_PATH=/home/chen/sentry_try/sentry_ws/install/rm_referee_msgs/lib:${LD_LIBRARY_PATH} PYTHONPATH=/home/chen/sentry_try/sentry_ws/install/rm_referee_msgs/local/lib/python3.10/dist-packages:${PYTHONPATH} /usr/bin/cmake --install /home/chen/sentry_try/sentry_ws/build/lightning
