[0.021s] Invoking command in '/home/chen/sentry_try/sentry_ws/build/serial_comm': CMAKE_PREFIX_PATH=/home/chen/sentry_try/sentry_ws/install/sentry_msgs:/home/chen/sentry_try/sentry_ws/install/serial_comm:/home/chen/sentry_try/sentry_ws/install/can_comm:/home/chen/sentry_try/sentry_ws/install/sentry_eval_bt:/home/chen/sentry_try/sentry_ws/install/rm_referee_mock:/home/chen/sentry_try/sentry_ws/install/rm_referee:/home/chen/sentry_try/sentry_ws/install/lightning:/home/chen/sentry_try/sentry_ws/install/rm_referee_msgs:/home/chen/sentry_try/sentry_ws/install/pb_nav2_plugins:/home/chen/sentry_try/sentry_ws/install/livox_to_scan:/home/chen/sentry_try/sentry_ws/install/fast_lio:/home/chen/sentry_try/sentry_ws/install/livox_ros_driver2:/home/chen/sentry_try/sentry_ws/install/goal_approach_controller:/home/chen/sentry_try/sentry_ws/install/costmap_voxel:/home/chen/sentry_try/sentry_ws/install/costmap_intensity:/home/chen/sentry_try/sentry_ws/install/bringup:/opt/ros/humble /usr/bin/cmake --build /home/chen/sentry_try/sentry_ws/build/serial_comm -- -j16 -l16
[0.096s] [100%] Built target sentry_comm_node
[0.121s] Invoked command in '/home/chen/sentry_try/sentry_ws/build/serial_comm' returned '0': CMAKE_PREFIX_PATH=/home/chen/sentry_try/sentry_ws/install/sentry_msgs:/home/chen/sentry_try/sentry_ws/install/serial_comm:/home/chen/sentry_try/sentry_ws/install/can_comm:/home/chen/sentry_try/sentry_ws/install/sentry_eval_bt:/home/chen/sentry_try/sentry_ws/install/rm_referee_mock:/home/chen/sentry_try/sentry_ws/install/rm_referee:/home/chen/sentry_try/sentry_ws/install/lightning:/home/chen/sentry_try/sentry_ws/install/rm_referee_msgs:/home/chen/sentry_try/sentry_ws/install/pb_nav2_plugins:/home/chen/sentry_try/sentry_ws/install/livox_to_scan:/home/chen/sentry_try/sentry_ws/install/fast_lio:/home/chen/sentry_try/sentry_ws/install/livox_ros_driver2:/home/chen/sentry_try/sentry_ws/install/goal_approach_controller:/home/chen/sentry_try/sentry_ws/install/costmap_voxel:/home/chen/sentry_try/sentry_ws/install/costmap_intensity:/home/chen/sentry_try/sentry_ws/install/bringup:/opt/ros/humble /usr/bin/cmake --build /home/chen/sentry_try/sentry_ws/build/serial_comm -- -j16 -l16
[0.127s] Invoking command in '/home/chen/sentry_try/sentry_ws/build/serial_comm': CMAKE_PREFIX_PATH=/home/chen/sentry_try/sentry_ws/install/sentry_msgs:/home/chen/sentry_try/sentry_ws/install/serial_comm:/home/chen/sentry_try/sentry_ws/install/can_comm:/home/chen/sentry_try/sentry_ws/install/sentry_eval_bt:/home/chen/sentry_try/sentry_ws/install/rm_referee_mock:/home/chen/sentry_try/sentry_ws/install/rm_referee:/home/chen/sentry_try/sentry_ws/install/lightning:/home/chen/sentry_try/sentry_ws/install/rm_referee_msgs:/home/chen/sentry_try/sentry_ws/install/pb_nav2_plugins:/home/chen/sentry_try/sentry_ws/install/livox_to_scan:/home/chen/sentry_try/sentry_ws/install/fast_lio:/home/chen/sentry_try/sentry_ws/install/livox_ros_driver2:/home/chen/sentry_try/sentry_ws/install/goal_approach_controller:/home/chen/sentry_try/sentry_ws/install/costmap_voxel:/home/chen/sentry_try/sentry_ws/install/costmap_intensity:/home/chen/sentry_try/sentry_ws/install/bringup:/opt/ros/humble /usr/bin/cmake --install /home/chen/sentry_try/sentry_ws/build/serial_comm
[0.140s] -- Install configuration: ""
[0.140s] -- Up-to-date: /home/chen/sentry_try/sentry_ws/install/serial_comm/lib/serial_comm/sentry_comm_node
[0.140s] -- Up-to-date: /home/chen/sentry_try/sentry_ws/install/serial_comm/share/serial_comm/launch
[0.140s] -- Up-to-date: /home/chen/sentry_try/sentry_ws/install/serial_comm/share/serial_comm/launch/sentry_comm.launch.py
[0.140s] -- Up-to-date: /home/chen/sentry_try/sentry_ws/install/serial_comm/share/serial_comm/config
[0.140s] -- Up-to-date: /home/chen/sentry_try/sentry_ws/install/serial_comm/share/serial_comm/config/sentry_params.yaml
[0.141s] -- Up-to-date: /home/chen/sentry_try/sentry_ws/install/serial_comm/share/serial_comm/config/topic_name.yaml
[0.143s] -- Up-to-date: /home/chen/sentry_try/sentry_ws/install/serial_comm/share/ament_index/resource_index/package_run_dependencies/serial_comm
[0.143s] -- Up-to-date: /home/chen/sentry_try/sentry_ws/install/serial_comm/share/ament_index/resource_index/parent_prefix_path/serial_comm
[0.143s] -- Up-to-date: /home/chen/sentry_try/sentry_ws/install/serial_comm/share/serial_comm/environment/ament_prefix_path.sh
[0.145s] -- Up-to-date: /home/chen/sentry_try/sentry_ws/install/serial_comm/share/serial_comm/environment/ament_prefix_path.dsv
[0.145s] -- Up-to-date: /home/chen/sentry_try/sentry_ws/install/serial_comm/share/serial_comm/environment/path.sh
[0.145s] -- Up-to-date: /home/chen/sentry_try/sentry_ws/install/serial_comm/share/serial_comm/environment/path.dsv
[0.146s] -- Up-to-date: /home/chen/sentry_try/sentry_ws/install/serial_comm/share/serial_comm/local_setup.bash
[0.146s] -- Up-to-date: /home/chen/sentry_try/sentry_ws/install/serial_comm/share/serial_comm/local_setup.sh
[0.146s] -- Up-to-date: /home/chen/sentry_try/sentry_ws/install/serial_comm/share/serial_comm/local_setup.zsh
[0.146s] -- Up-to-date: /home/chen/sentry_try/sentry_ws/install/serial_comm/share/serial_comm/local_setup.dsv
[0.146s] -- Installing: /home/chen/sentry_try/sentry_ws/install/serial_comm/share/serial_comm/package.dsv
[0.146s] -- Up-to-date: /home/chen/sentry_try/sentry_ws/install/serial_comm/share/ament_index/resource_index/packages/serial_comm
[0.146s] -- Up-to-date: /home/chen/sentry_try/sentry_ws/install/serial_comm/share/serial_comm/cmake/serial_commConfig.cmake
[0.146s] -- Up-to-date: /home/chen/sentry_try/sentry_ws/install/serial_comm/share/serial_comm/cmake/serial_commConfig-version.cmake
[0.146s] -- Up-to-date: /home/chen/sentry_try/sentry_ws/install/serial_comm/share/serial_comm/package.xml
[0.158s] Invoked command in '/home/chen/sentry_try/sentry_ws/build/serial_comm' returned '0': CMAKE_PREFIX_PATH=/home/chen/sentry_try/sentry_ws/install/sentry_msgs:/home/chen/sentry_try/sentry_ws/install/serial_comm:/home/chen/sentry_try/sentry_ws/install/can_comm:/home/chen/sentry_try/sentry_ws/install/sentry_eval_bt:/home/chen/sentry_try/sentry_ws/install/rm_referee_mock:/home/chen/sentry_try/sentry_ws/install/rm_referee:/home/chen/sentry_try/sentry_ws/install/lightning:/home/chen/sentry_try/sentry_ws/install/rm_referee_msgs:/home/chen/sentry_try/sentry_ws/install/pb_nav2_plugins:/home/chen/sentry_try/sentry_ws/install/livox_to_scan:/home/chen/sentry_try/sentry_ws/install/fast_lio:/home/chen/sentry_try/sentry_ws/install/livox_ros_driver2:/home/chen/sentry_try/sentry_ws/install/goal_approach_controller:/home/chen/sentry_try/sentry_ws/install/costmap_voxel:/home/chen/sentry_try/sentry_ws/install/costmap_intensity:/home/chen/sentry_try/sentry_ws/install/bringup:/opt/ros/humble /usr/bin/cmake --install /home/chen/sentry_try/sentry_ws/build/serial_comm
