[35m[1mConsolidate compiler generated dependencies of target livox_to_scan_node[0m
[100%] Built target livox_to_scan_node
-- Install configuration: ""
-- Installing: /home/chen/sentry_try/sentry_ws/install/livox_to_scan/lib/livox_to_scan/livox_to_scan_node
-- Set runtime path of "/home/chen/sentry_try/sentry_ws/install/livox_to_scan/lib/livox_to_scan/livox_to_scan_node" to ""
-- Installing: /home/chen/sentry_try/sentry_ws/install/livox_to_scan/share/livox_to_scan//config
-- Installing: /home/chen/sentry_try/sentry_ws/install/livox_to_scan/share/livox_to_scan//config/livox_to_scan_params.yaml
-- Installing: /home/chen/sentry_try/sentry_ws/install/livox_to_scan/share/ament_index/resource_index/package_run_dependencies/livox_to_scan
-- Installing: /home/chen/sentry_try/sentry_ws/install/livox_to_scan/share/ament_index/resource_index/parent_prefix_path/livox_to_scan
-- Installing: /home/chen/sentry_try/sentry_ws/install/livox_to_scan/share/livox_to_scan/environment/ament_prefix_path.sh
-- Installing: /home/chen/sentry_try/sentry_ws/install/livox_to_scan/share/livox_to_scan/environment/ament_prefix_path.dsv
-- Installing: /home/chen/sentry_try/sentry_ws/install/livox_to_scan/share/livox_to_scan/environment/path.sh
-- Installing: /home/chen/sentry_try/sentry_ws/install/livox_to_scan/share/livox_to_scan/environment/path.dsv
-- Installing: /home/chen/sentry_try/sentry_ws/install/livox_to_scan/share/livox_to_scan/local_setup.bash
-- Installing: /home/chen/sentry_try/sentry_ws/install/livox_to_scan/share/livox_to_scan/local_setup.sh
-- Installing: /home/chen/sentry_try/sentry_ws/install/livox_to_scan/share/livox_to_scan/local_setup.zsh
-- Installing: /home/chen/sentry_try/sentry_ws/install/livox_to_scan/share/livox_to_scan/local_setup.dsv
-- Installing: /home/chen/sentry_try/sentry_ws/install/livox_to_scan/share/livox_to_scan/package.dsv
-- Installing: /home/chen/sentry_try/sentry_ws/install/livox_to_scan/share/ament_index/resource_index/packages/livox_to_scan
-- Installing: /home/chen/sentry_try/sentry_ws/install/livox_to_scan/share/livox_to_scan/cmake/livox_to_scanConfig.cmake
-- Installing: /home/chen/sentry_try/sentry_ws/install/livox_to_scan/share/livox_to_scan/cmake/livox_to_scanConfig-version.cmake
-- Installing: /home/chen/sentry_try/sentry_ws/install/livox_to_scan/share/livox_to_scan/package.xml
