[0.010s] Invoking command in '/home/chen/sentry_try/sentry_ws/build/livox_to_scan': AMENT_PREFIX_PATH=/home/chen/sentry_try/sentry_ws/install/livox_ros_driver2:${AMENT_PREFIX_PATH} CMAKE_PREFIX_PATH=/home/chen/sentry_try/sentry_ws/install/livox_ros_driver2:/home/chen/sentry_try/sentry_ws/install/sentry_msgs:/opt/ros/humble LD_LIBRARY_PATH=/home/chen/sentry_try/sentry_ws/install/livox_ros_driver2/lib:${LD_LIBRARY_PATH} PYTHONPATH=/home/chen/sentry_try/sentry_ws/install/livox_ros_driver2/local/lib/python3.10/dist-packages:${PYTHONPATH} /usr/bin/cmake --build /home/chen/sentry_try/sentry_ws/build/livox_to_scan -- -j16 -l16
[0.047s] [35m[1mConsolidate compiler generated dependencies of target livox_to_scan_node[0m
[0.062s] [100%] Built target livox_to_scan_node
[0.074s] Invoked command in '/home/chen/sentry_try/sentry_ws/build/livox_to_scan' returned '0': AMENT_PREFIX_PATH=/home/chen/sentry_try/sentry_ws/install/livox_ros_driver2:${AMENT_PREFIX_PATH} CMAKE_PREFIX_PATH=/home/chen/sentry_try/sentry_ws/install/livox_ros_driver2:/home/chen/sentry_try/sentry_ws/install/sentry_msgs:/opt/ros/humble LD_LIBRARY_PATH=/home/chen/sentry_try/sentry_ws/install/livox_ros_driver2/lib:${LD_LIBRARY_PATH} PYTHONPATH=/home/chen/sentry_try/sentry_ws/install/livox_ros_driver2/local/lib/python3.10/dist-packages:${PYTHONPATH} /usr/bin/cmake --build /home/chen/sentry_try/sentry_ws/build/livox_to_scan -- -j16 -l16
[0.076s] Invoking command in '/home/chen/sentry_try/sentry_ws/build/livox_to_scan': AMENT_PREFIX_PATH=/home/chen/sentry_try/sentry_ws/install/livox_ros_driver2:${AMENT_PREFIX_PATH} CMAKE_PREFIX_PATH=/home/chen/sentry_try/sentry_ws/install/livox_ros_driver2:/home/chen/sentry_try/sentry_ws/install/sentry_msgs:/opt/ros/humble LD_LIBRARY_PATH=/home/chen/sentry_try/sentry_ws/install/livox_ros_driver2/lib:${LD_LIBRARY_PATH} PYTHONPATH=/home/chen/sentry_try/sentry_ws/install/livox_ros_driver2/local/lib/python3.10/dist-packages:${PYTHONPATH} /usr/bin/cmake --install /home/chen/sentry_try/sentry_ws/build/livox_to_scan
[0.081s] -- Install configuration: ""
[0.081s] -- Installing: /home/chen/sentry_try/sentry_ws/install/livox_to_scan/lib/livox_to_scan/livox_to_scan_node
[0.084s] -- Set runtime path of "/home/chen/sentry_try/sentry_ws/install/livox_to_scan/lib/livox_to_scan/livox_to_scan_node" to ""
[0.084s] -- Installing: /home/chen/sentry_try/sentry_ws/install/livox_to_scan/share/livox_to_scan//config
[0.084s] -- Installing: /home/chen/sentry_try/sentry_ws/install/livox_to_scan/share/livox_to_scan//config/livox_to_scan_params.yaml
[0.084s] -- Installing: /home/chen/sentry_try/sentry_ws/install/livox_to_scan/share/ament_index/resource_index/package_run_dependencies/livox_to_scan
[0.084s] -- Installing: /home/chen/sentry_try/sentry_ws/install/livox_to_scan/share/ament_index/resource_index/parent_prefix_path/livox_to_scan
[0.084s] -- Installing: /home/chen/sentry_try/sentry_ws/install/livox_to_scan/share/livox_to_scan/environment/ament_prefix_path.sh
[0.085s] -- Installing: /home/chen/sentry_try/sentry_ws/install/livox_to_scan/share/livox_to_scan/environment/ament_prefix_path.dsv
[0.085s] -- Installing: /home/chen/sentry_try/sentry_ws/install/livox_to_scan/share/livox_to_scan/environment/path.sh
[0.085s] -- Installing: /home/chen/sentry_try/sentry_ws/install/livox_to_scan/share/livox_to_scan/environment/path.dsv
[0.085s] -- Installing: /home/chen/sentry_try/sentry_ws/install/livox_to_scan/share/livox_to_scan/local_setup.bash
[0.085s] -- Installing: /home/chen/sentry_try/sentry_ws/install/livox_to_scan/share/livox_to_scan/local_setup.sh
[0.085s] -- Installing: /home/chen/sentry_try/sentry_ws/install/livox_to_scan/share/livox_to_scan/local_setup.zsh
[0.085s] -- Installing: /home/chen/sentry_try/sentry_ws/install/livox_to_scan/share/livox_to_scan/local_setup.dsv
[0.085s] -- Installing: /home/chen/sentry_try/sentry_ws/install/livox_to_scan/share/livox_to_scan/package.dsv
[0.085s] -- Installing: /home/chen/sentry_try/sentry_ws/install/livox_to_scan/share/ament_index/resource_index/packages/livox_to_scan
[0.086s] -- Installing: /home/chen/sentry_try/sentry_ws/install/livox_to_scan/share/livox_to_scan/cmake/livox_to_scanConfig.cmake
[0.086s] -- Installing: /home/chen/sentry_try/sentry_ws/install/livox_to_scan/share/livox_to_scan/cmake/livox_to_scanConfig-version.cmake
[0.086s] -- Installing: /home/chen/sentry_try/sentry_ws/install/livox_to_scan/share/livox_to_scan/package.xml
[0.088s] Invoked command in '/home/chen/sentry_try/sentry_ws/build/livox_to_scan' returned '0': AMENT_PREFIX_PATH=/home/chen/sentry_try/sentry_ws/install/livox_ros_driver2:${AMENT_PREFIX_PATH} CMAKE_PREFIX_PATH=/home/chen/sentry_try/sentry_ws/install/livox_ros_driver2:/home/chen/sentry_try/sentry_ws/install/sentry_msgs:/opt/ros/humble LD_LIBRARY_PATH=/home/chen/sentry_try/sentry_ws/install/livox_ros_driver2/lib:${LD_LIBRARY_PATH} PYTHONPATH=/home/chen/sentry_try/sentry_ws/install/livox_ros_driver2/local/lib/python3.10/dist-packages:${PYTHONPATH} /usr/bin/cmake --install /home/chen/sentry_try/sentry_ws/build/livox_to_scan
