[100%] Built target livox_to_scan_node
-- Install configuration: ""
-- Up-to-date: /home/chen/sentry_try/sentry_ws/install/livox_to_scan/lib/livox_to_scan/livox_to_scan_node
-- Up-to-date: /home/chen/sentry_try/sentry_ws/install/livox_to_scan/share/livox_to_scan//config
-- Up-to-date: /home/chen/sentry_try/sentry_ws/install/livox_to_scan/share/livox_to_scan//config/livox_to_scan_params.yaml
-- Up-to-date: /home/chen/sentry_try/sentry_ws/install/livox_to_scan/share/ament_index/resource_index/package_run_dependencies/livox_to_scan
-- Up-to-date: /home/chen/sentry_try/sentry_ws/install/livox_to_scan/share/ament_index/resource_index/parent_prefix_path/livox_to_scan
-- Up-to-date: /home/chen/sentry_try/sentry_ws/install/livox_to_scan/share/livox_to_scan/environment/ament_prefix_path.sh
-- Up-to-date: /home/chen/sentry_try/sentry_ws/install/livox_to_scan/share/livox_to_scan/environment/ament_prefix_path.dsv
-- Up-to-date: /home/chen/sentry_try/sentry_ws/install/livox_to_scan/share/livox_to_scan/environment/path.sh
-- Up-to-date: /home/chen/sentry_try/sentry_ws/install/livox_to_scan/share/livox_to_scan/environment/path.dsv
-- Up-to-date: /home/chen/sentry_try/sentry_ws/install/livox_to_scan/share/livox_to_scan/local_setup.bash
-- Up-to-date: /home/chen/sentry_try/sentry_ws/install/livox_to_scan/share/livox_to_scan/local_setup.sh
-- Up-to-date: /home/chen/sentry_try/sentry_ws/install/livox_to_scan/share/livox_to_scan/local_setup.zsh
-- Up-to-date: /home/chen/sentry_try/sentry_ws/install/livox_to_scan/share/livox_to_scan/local_setup.dsv
-- Installing: /home/chen/sentry_try/sentry_ws/install/livox_to_scan/share/livox_to_scan/package.dsv
-- Up-to-date: /home/chen/sentry_try/sentry_ws/install/livox_to_scan/share/ament_index/resource_index/packages/livox_to_scan
-- Up-to-date: /home/chen/sentry_try/sentry_ws/install/livox_to_scan/share/livox_to_scan/cmake/livox_to_scanConfig.cmake
-- Up-to-date: /home/chen/sentry_try/sentry_ws/install/livox_to_scan/share/livox_to_scan/cmake/livox_to_scanConfig-version.cmake
-- Up-to-date: /home/chen/sentry_try/sentry_ws/install/livox_to_scan/share/livox_to_scan/package.xml
