-- The C compiler identification is GNU 11.4.0
-- The CXX compiler identification is GNU 11.4.0
-- Detecting C compiler ABI info
-- Detecting C compiler ABI info - done
-- Check for working C compiler: /usr/bin/cc - skipped
-- Detecting C compile features
-- Detecting C compile features - done
-- Detecting CXX compiler ABI info
-- Detecting CXX compiler ABI info - done
-- Check for working CXX compiler: /usr/bin/c++ - skipped
-- Detecting CXX compile features
-- Detecting CXX compile features - done
-- Found ament_cmake_auto: 1.3.14 (/opt/ros/humble/share/ament_cmake_auto/cmake)
-- Found Python3: /usr/bin/python3 (found version "3.10.12") found components: Interpreter 
-- Found Boost: /usr/lib/x86_64-linux-gnu/cmake/Boost-1.74.0/BoostConfig.cmake (found version "1.74.0") found components: system 
-- Found rosidl_generator_c: 3.1.8 (/opt/ros/humble/share/rosidl_generator_c/cmake)
-- Found rosidl_adapter: 3.1.8 (/opt/ros/humble/share/rosidl_adapter/cmake)
-- Found rosidl_generator_cpp: 3.1.8 (/opt/ros/humble/share/rosidl_generator_cpp/cmake)
-- Using all available rosidl_typesupport_c: rosidl_typesupport_fastrtps_c;rosidl_typesupport_introspection_c
-- Using all available rosidl_typesupport_cpp: rosidl_typesupport_fastrtps_cpp;rosidl_typesupport_introspection_cpp
-- Found rmw_implementation_cmake: 6.1.2 (/opt/ros/humble/share/rmw_implementation_cmake/cmake)
-- Found rmw_fastrtps_cpp: 6.2.10 (/opt/ros/humble/share/rmw_fastrtps_cpp/cmake)
-- Found OpenSSL: /usr/lib/x86_64-linux-gnu/libcrypto.so (found version "3.0.2")  
-- Found FastRTPS: /opt/ros/humble/include  
-- Using RMW implementation 'rmw_fastrtps_cpp' as default
-- Looking for pthread.h
-- Looking for pthread.h - found
-- Performing Test CMAKE_HAVE_LIBC_PTHREAD
-- Performing Test CMAKE_HAVE_LIBC_PTHREAD - Success
-- Found Threads: TRUE  
-- [librm]: Platform: LINUX
-- [librm]: Linux type: GENERAL
-- Found Eigen3 
-- etl | Determined ETL version 20.44.1 from version.txt file
[0mIn this package, headers install destination is set to `include` by ament_auto_package. It is recommended to install `include/rm_referee` instead and will be the default behavior of ament_auto_package from ROS 2 Kilted Kaiju. On distributions before Kilted, ament_auto_package behaves the same way when you use USE_SCOPED_HEADER_INSTALL_DIR option.[0m
-- Configuring done
-- Generating done
-- Build files have been written to: /home/chen/sentry_try/sentry_ws/build/rm_referee
[  4%] [32mBuilding CXX object CMakeFiles/referee_node.dir/rclcpp_components/node_main_referee_node.cpp.o[0m
[  4%] [32mBuilding CXX object CMakeFiles/tf_publisher.dir/rclcpp_components/node_main_tf_publisher.cpp.o[0m
[ 16%] [32mBuilding CXX object libs/librm/libs/ardupilot_filter_lib/CMakeFiles/ardupilot_filter.dir/NotchFilter.cpp.o[0m
[ 16%] [32mBuilding CXX object libs/librm/libs/ardupilot_filter_lib/CMakeFiles/ardupilot_filter.dir/HarmonicNotchFilter.cpp.o[0m
[ 16%] [32mBuilding CXX object libs/librm/libs/ardupilot_filter_lib/CMakeFiles/ardupilot_filter.dir/LowPassFilter.cpp.o[0m
[ 16%] [32mBuilding C object libs/librm/libs/hipnuc_sdk/CMakeFiles/hipnuc_sdk.dir/src/canopen_parser.c.o[0m
[ 16%] [32mBuilding CXX object libs/librm/libs/ardupilot_filter_lib/CMakeFiles/ardupilot_filter.dir/LowPassFilter2p.cpp.o[0m
[ 16%] [32mBuilding CXX object libs/librm/libs/ardupilot_filter_lib/CMakeFiles/ardupilot_filter.dir/ModeFilter.cpp.o[0m
[ 18%] [32mBuilding CXX object libs/librm/libs/ardupilot_filter_lib/CMakeFiles/ardupilot_filter.dir/SlewLimiter.cpp.o[0m
[ 20%] [32mBuilding CXX object libs/librm/libs/ardupilot_filter_lib/CMakeFiles/ardupilot_filter.dir/DerivativeFilter.cpp.o[0m
[ 22%] [32mBuilding C object libs/librm/libs/hipnuc_sdk/CMakeFiles/hipnuc_sdk.dir/src/example_data.c.o[0m
[ 26%] [32mBuilding C object libs/librm/libs/hipnuc_sdk/CMakeFiles/hipnuc_sdk.dir/src/hipnuc_dec.c.o[0m
[ 26%] [32mBuilding C object libs/librm/libs/hipnuc_sdk/CMakeFiles/hipnuc_sdk.dir/src/hipnuc_j1939_parser.c.o[0m
[ 30%] [32mBuilding C object libs/librm/libs/hipnuc_sdk/CMakeFiles/hipnuc_sdk.dir/src/nmea_dec.c.o[0m
[ 30%] [32mBuilding C object libs/librm/libs/hipnuc_sdk/CMakeFiles/hipnuc_sdk.dir/src/hipnuc_can_common.c.o[0m
[ 32%] [32m[1mLinking C static library libhipnuc_sdk.a[0m
[ 32%] Built target hipnuc_sdk
[ 34%] [32m[1mLinking CXX static library libardupilot_filter.a[0m
[ 34%] Built target ardupilot_filter
[ 48%] [32mBuilding CXX object libs/librm/src/librm/CMakeFiles/rm.dir/device/actuator/dji_motor.cc.o[0m
[ 48%] [32mBuilding CXX object libs/librm/src/librm/CMakeFiles/rm.dir/device/actuator/zdt_stepper.cc.o[0m
[ 48%] [32mBuilding CXX object libs/librm/src/librm/CMakeFiles/rm.dir/device/sensor/ist8310.cc.o[0m
[ 48%] [32mBuilding CXX object libs/librm/src/librm/CMakeFiles/rm.dir/device/sensor/hipnuc_imu.cc.o[0m
[ 48%] [32mBuilding CXX object libs/librm/src/librm/CMakeFiles/rm.dir/device/actuator/directdrive_motor.cc.o[0m
[ 51%] [32mBuilding CXX object libs/librm/src/librm/CMakeFiles/rm.dir/device/sensor/bmi088.cc.o[0m
[ 48%] [32mBuilding CXX object libs/librm/src/librm/CMakeFiles/rm.dir/device/actuator/unitree_motor.cc.o[0m
[ 51%] [32mBuilding CXX object libs/librm/src/librm/CMakeFiles/rm.dir/device/remote/dr16.cc.o[0m
[ 59%] [32mBuilding CXX object libs/librm/src/librm/CMakeFiles/rm.dir/device/sensor/stp23l.cc.o[0m
[ 59%] [32mBuilding CXX object libs/librm/src/librm/CMakeFiles/rm.dir/device/remote/sbus.cc.o[0m
[ 59%] [32mBuilding CXX object libs/librm/src/librm/CMakeFiles/rm.dir/device/actuator/go8010_motor.cc.o[0m
[ 59%] [32mBuilding CXX object libs/librm/src/librm/CMakeFiles/rm.dir/device/device.cc.o[0m
[ 63%] [32mBuilding CXX object libs/librm/src/librm/CMakeFiles/rm.dir/device/supercap/gk_supercap.cc.o[0m
[ 63%] [32mBuilding CXX object libs/librm/src/librm/CMakeFiles/rm.dir/device/supercap/supercap.cc.o[0m
[ 67%] [32mBuilding CXX object libs/librm/src/librm/CMakeFiles/rm.dir/modules/ahrs/ekf.cc.o[0m
[ 67%] [32mBuilding CXX object libs/librm/src/librm/CMakeFiles/rm.dir/modules/ahrs/mahony.cc.o[0m
[ 69%] [32mBuilding CXX object libs/librm/src/librm/CMakeFiles/rm.dir/modules/crc.cc.o[0m
[ 71%] [32mBuilding CXX object libs/librm/src/librm/CMakeFiles/rm.dir/modules/float16.cc.o[0m
[ 75%] [32mBuilding CXX object libs/librm/src/librm/CMakeFiles/rm.dir/modules/pid.cc.o[0m
[ 75%] [32mBuilding CXX object libs/librm/src/librm/CMakeFiles/rm.dir/modules/trajectory_limiter.cc.o[0m
[ 77%] [32mBuilding CXX object libs/librm/src/librm/CMakeFiles/rm.dir/modules/utils.cc.o[0m
[ 79%] [32mBuilding CXX object libs/librm/src/librm/CMakeFiles/rm.dir/hal/linux/serial.cc.o[0m
[ 81%] [32mBuilding CXX object libs/librm/src/librm/CMakeFiles/rm.dir/hal/linux/socketcan.cc.o[0m
[ 83%] [32mBuilding CXX object libs/librm/src/librm/CMakeFiles/rm.dir/hal/linux/timerfd.cc.o[0m
[ 85%] [32m[1mLinking CXX executable tf_publisher[0m
[ 85%] Built target tf_publisher
[ 87%] [32m[1mLinking CXX executable referee_node[0m
[ 87%] Built target referee_node
[ 89%] [32m[1mLinking CXX static library librm.a[0m
[ 89%] Built target rm
[ 93%] [32mBuilding CXX object CMakeFiles/referee_node_component.dir/src/referee_node.cc.o[0m
[ 93%] [32mBuilding CXX object CMakeFiles/referee_node_component.dir/src/byte_stream_recorder.cc.o[0m
[ 95%] [32m[1mLinking CXX shared library libreferee_node_component.so[0m
[ 95%] Built target referee_node_component
[ 97%] [32mBuilding CXX object CMakeFiles/tf_publisher_component.dir/src/tf_publisher.cc.o[0m
[100%] [32m[1mLinking CXX shared library libtf_publisher_component.so[0m
[100%] Built target tf_publisher_component
-- Install configuration: ""
-- Installing: /home/chen/sentry_try/sentry_ws/install/rm_referee/lib/rm_referee/referee_node
-- Set runtime path of "/home/chen/sentry_try/sentry_ws/install/rm_referee/lib/rm_referee/referee_node" to ""
-- Installing: /home/chen/sentry_try/sentry_ws/install/rm_referee/lib/rm_referee/tf_publisher
-- Set runtime path of "/home/chen/sentry_try/sentry_ws/install/rm_referee/lib/rm_referee/tf_publisher" to ""
-- Installing: /home/chen/sentry_try/sentry_ws/install/rm_referee/lib/libreferee_node_component.so
-- Set runtime path of "/home/chen/sentry_try/sentry_ws/install/rm_referee/lib/libreferee_node_component.so" to ""
-- Installing: /home/chen/sentry_try/sentry_ws/install/rm_referee/lib/libtf_publisher_component.so
-- Set runtime path of "/home/chen/sentry_try/sentry_ws/install/rm_referee/lib/libtf_publisher_component.so" to ""
-- Installing: /home/chen/sentry_try/sentry_ws/install/rm_referee/share/rm_referee/launch
-- Installing: /home/chen/sentry_try/sentry_ws/install/rm_referee/share/rm_referee/launch/referee_node.launch.py
-- Installing: /home/chen/sentry_try/sentry_ws/install/rm_referee/share/rm_referee/launch/tf_publisher.launch.py
-- Installing: /home/chen/sentry_try/sentry_ws/install/rm_referee/include
-- Installing: /home/chen/sentry_try/sentry_ws/install/rm_referee/include/referee_node
-- Installing: /home/chen/sentry_try/sentry_ws/install/rm_referee/include/referee_node/referee_node.hpp
-- Installing: /home/chen/sentry_try/sentry_ws/install/rm_referee/include/referee_node/byte_stream_recorder.hpp
-- Installing: /home/chen/sentry_try/sentry_ws/install/rm_referee/include/referee_node/log_utils.hpp
-- Installing: /home/chen/sentry_try/sentry_ws/install/rm_referee/include/referee_node/asio_serial.hpp
-- Installing: /home/chen/sentry_try/sentry_ws/install/rm_referee/share/rm_referee/environment/library_path.sh
-- Installing: /home/chen/sentry_try/sentry_ws/install/rm_referee/share/rm_referee/environment/library_path.dsv
-- Up-to-date: /home/chen/sentry_try/sentry_ws/install/rm_referee/lib/libreferee_node_component.so
-- Up-to-date: /home/chen/sentry_try/sentry_ws/install/rm_referee/lib/libtf_publisher_component.so
-- Installing: /home/chen/sentry_try/sentry_ws/install/rm_referee/share/ament_index/resource_index/package_run_dependencies/rm_referee
-- Installing: /home/chen/sentry_try/sentry_ws/install/rm_referee/share/ament_index/resource_index/parent_prefix_path/rm_referee
-- Installing: /home/chen/sentry_try/sentry_ws/install/rm_referee/share/rm_referee/environment/ament_prefix_path.sh
-- Installing: /home/chen/sentry_try/sentry_ws/install/rm_referee/share/rm_referee/environment/ament_prefix_path.dsv
-- Installing: /home/chen/sentry_try/sentry_ws/install/rm_referee/share/rm_referee/environment/path.sh
-- Installing: /home/chen/sentry_try/sentry_ws/install/rm_referee/share/rm_referee/environment/path.dsv
-- Installing: /home/chen/sentry_try/sentry_ws/install/rm_referee/share/rm_referee/local_setup.bash
-- Installing: /home/chen/sentry_try/sentry_ws/install/rm_referee/share/rm_referee/local_setup.sh
-- Installing: /home/chen/sentry_try/sentry_ws/install/rm_referee/share/rm_referee/local_setup.zsh
-- Installing: /home/chen/sentry_try/sentry_ws/install/rm_referee/share/rm_referee/local_setup.dsv
-- Installing: /home/chen/sentry_try/sentry_ws/install/rm_referee/share/rm_referee/package.dsv
-- Installing: /home/chen/sentry_try/sentry_ws/install/rm_referee/share/ament_index/resource_index/packages/rm_referee
-- Installing: /home/chen/sentry_try/sentry_ws/install/rm_referee/share/ament_index/resource_index/rclcpp_components/rm_referee
-- Installing: /home/chen/sentry_try/sentry_ws/install/rm_referee/share/rm_referee/cmake/ament_cmake_export_dependencies-extras.cmake
-- Installing: /home/chen/sentry_try/sentry_ws/install/rm_referee/share/rm_referee/cmake/ament_cmake_export_include_directories-extras.cmake
-- Installing: /home/chen/sentry_try/sentry_ws/install/rm_referee/share/rm_referee/cmake/ament_cmake_export_libraries-extras.cmake
-- Installing: /home/chen/sentry_try/sentry_ws/install/rm_referee/share/rm_referee/cmake/rm_refereeConfig.cmake
-- Installing: /home/chen/sentry_try/sentry_ws/install/rm_referee/share/rm_referee/cmake/rm_refereeConfig-version.cmake
-- Installing: /home/chen/sentry_try/sentry_ws/install/rm_referee/share/rm_referee/package.xml
-- Installing: /home/chen/sentry_try/sentry_ws/install/rm_referee/lib/libardupilot_filter.a
-- Installing: /home/chen/sentry_try/sentry_ws/install/rm_referee/include/ap_filters
-- Installing: /home/chen/sentry_try/sentry_ws/install/rm_referee/include/ap_filters/HarmonicNotchFilter.h
-- Installing: /home/chen/sentry_try/sentry_ws/install/rm_referee/include/ap_filters/AP_Filter.h
-- Installing: /home/chen/sentry_try/sentry_ws/install/rm_referee/include/ap_filters/filter_math.h
-- Installing: /home/chen/sentry_try/sentry_ws/install/rm_referee/include/ap_filters/AP_Filter_config.h
-- Installing: /home/chen/sentry_try/sentry_ws/install/rm_referee/include/ap_filters/SlewLimiter.h
-- Installing: /home/chen/sentry_try/sentry_ws/install/rm_referee/include/ap_filters/Butter.h
-- Installing: /home/chen/sentry_try/sentry_ws/install/rm_referee/include/ap_filters/filter_config.h
-- Installing: /home/chen/sentry_try/sentry_ws/install/rm_referee/include/ap_filters/Filter.h
-- Installing: /home/chen/sentry_try/sentry_ws/install/rm_referee/include/ap_filters/LowPassFilter2p.h
-- Installing: /home/chen/sentry_try/sentry_ws/install/rm_referee/include/ap_filters/AverageFilter.h
-- Installing: /home/chen/sentry_try/sentry_ws/install/rm_referee/include/ap_filters/DerivativeFilter.h
-- Installing: /home/chen/sentry_try/sentry_ws/install/rm_referee/include/ap_filters/FilterWithBuffer.h
-- Installing: /home/chen/sentry_try/sentry_ws/install/rm_referee/include/ap_filters/LowPassFilter.h
-- Installing: /home/chen/sentry_try/sentry_ws/install/rm_referee/include/ap_filters/FilterClass.h
-- Installing: /home/chen/sentry_try/sentry_ws/install/rm_referee/include/ap_filters/ModeFilter.h
-- Installing: /home/chen/sentry_try/sentry_ws/install/rm_referee/include/ap_filters/NotchFilter.h
-- Installing: /home/chen/sentry_try/sentry_ws/install/rm_referee/lib/cmake/ardupilot_filter/ardupilot_filter-targets.cmake
-- Installing: /home/chen/sentry_try/sentry_ws/install/rm_referee/lib/cmake/ardupilot_filter/ardupilot_filter-targets-noconfig.cmake
