[0.020s] Invoking command in '/home/chen/sentry_try/sentry_ws/build/lightning': AMENT_PREFIX_PATH=/home/chen/sentry_try/sentry_ws/install/rm_referee_msgs:${AMENT_PREFIX_PATH} CMAKE_PREFIX_PATH=/home/chen/sentry_try/sentry_ws/install/rm_referee_msgs:/opt/ros/humble LD_LIBRARY_PATH=/home/chen/sentry_try/sentry_ws/install/rm_referee_msgs/lib:${LD_LIBRARY_PATH} PYTHONPATH=/home/chen/sentry_try/sentry_ws/install/rm_referee_msgs/local/lib/python3.10/dist-packages:${PYTHONPATH} /usr/bin/cmake --build /home/chen/sentry_try/sentry_ws/build/lightning -- -j16 -l16
[0.111s] -- Eigen found (include: /usr/include/eigen3, version: 3.4.0)
[0.180s] -- FLANN found (include: /usr/include, lib: /usr/lib/x86_64-linux-gnu/libflann_cpp.so)
[0.230s] -- Found OpenGL: /usr/lib/x86_64-linux-gnu/libOpenGL.so  found components: OpenGL GLX 
[0.757s] -- OpenNI found (version: 1.5.4.0, include: /usr/include/ni, lib: /usr/lib/libOpenNI.so;libusb::libusb)
[0.768s] -- OpenNI2 found (version: 2.2.0.33, include: /usr/include/openni2, lib: /usr/lib/x86_64-linux-gnu/libOpenNI2.so;libusb::libusb)
[0.768s] [0m** WARNING ** io features related to pcap will be disabled[0m
[0.877s] -- Eigen found (include: /usr/include/eigen3, version: 3.4.0)
[0.882s] -- OpenNI found (version: 1.5.4.0, include: /usr/include/ni, lib: /usr/lib/libOpenNI.so;libusb::libusb)
[0.887s] -- OpenNI2 found (version: 2.2.0.33, include: /usr/include/openni2, lib: /usr/lib/x86_64-linux-gnu/libOpenNI2.so;libusb::libusb)
[1.005s] -- Found Qhull version 8.0.2
[1.117s] -- OpenNI found (version: 1.5.4.0, include: /usr/include/ni, lib: /usr/lib/libOpenNI.so;libusb::libusb)
[1.221s] -- looking for PCL_COMMON
[1.221s] -- looking for PCL_KDTREE
[1.221s] -- looking for PCL_OCTREE
[1.221s] -- looking for PCL_SEARCH
[1.221s] -- looking for PCL_SAMPLE_CONSENSUS
[1.222s] -- looking for PCL_FILTERS
[1.222s] -- looking for PCL_2D
[1.222s] -- looking for PCL_GEOMETRY
[1.222s] -- looking for PCL_IO
[1.222s] -- looking for PCL_FEATURES
[1.222s] -- looking for PCL_ML
[1.223s] -- looking for PCL_SEGMENTATION
[1.223s] -- looking for PCL_VISUALIZATION
[1.223s] -- looking for PCL_SURFACE
[1.223s] -- looking for PCL_REGISTRATION
[1.223s] -- looking for PCL_KEYPOINTS
[1.223s] -- looking for PCL_TRACKING
[1.224s] -- looking for PCL_RECOGNITION
[1.224s] -- looking for PCL_STEREO
[1.224s] -- looking for PCL_APPS
[1.224s] -- looking for PCL_IN_HAND_SCANNER
[1.225s] -- looking for PCL_MODELER
[1.225s] -- looking for PCL_POINT_CLOUD_EDITOR
[1.225s] -- looking for PCL_OUTOFCORE
[1.225s] -- looking for PCL_PEOPLE
[1.238s] -- Found OpenGL: /usr/lib/x86_64-linux-gnu/libOpenGL.so  found components: OpenGL 
[1.239s] -- Found OpenGL: /usr/lib/x86_64-linux-gnu/libOpenGL.so   
[1.240s] -- Found pcl_conversions: 2.4.5 (/opt/ros/humble/share/pcl_conversions/cmake)
[1.419s] -- Found rosidl_generator_c: 3.1.8 (/opt/ros/humble/share/rosidl_generator_c/cmake)
[1.421s] -- Found rosidl_adapter: 3.1.8 (/opt/ros/humble/share/rosidl_adapter/cmake)
[1.429s] -- Found rosidl_generator_cpp: 3.1.8 (/opt/ros/humble/share/rosidl_generator_cpp/cmake)
[1.441s] -- Using all available rosidl_typesupport_c: rosidl_typesupport_fastrtps_c;rosidl_typesupport_introspection_c
[1.456s] -- Using all available rosidl_typesupport_cpp: rosidl_typesupport_fastrtps_cpp;rosidl_typesupport_introspection_cpp
[1.561s] -- Found rmw_implementation_cmake: 6.1.2 (/opt/ros/humble/share/rmw_implementation_cmake/cmake)
[1.569s] -- Found rmw_fastrtps_cpp: 6.2.10 (/opt/ros/humble/share/rmw_fastrtps_cpp/cmake)
[1.726s] -- Using RMW implementation 'rmw_fastrtps_cpp' as default
[2.033s] -- Found nav_msgs: 4.9.1 (/opt/ros/humble/share/nav_msgs/cmake)
[2.075s] -- Found std_srvs: 4.9.1 (/opt/ros/humble/share/std_srvs/cmake)
[2.123s] -- Found tf2: 0.25.20 (/opt/ros/humble/share/tf2/cmake)
[2.126s] -- Found tf2_ros: 0.25.20 (/opt/ros/humble/share/tf2_ros/cmake)
[2.350s] -- Found rosbag2_cpp: 0.15.16 (/opt/ros/humble/share/rosbag2_cpp/cmake)
[2.370s] -- Found rosidl_default_generators: 1.2.1 (/opt/ros/humble/share/rosidl_default_generators/cmake)
[2.398s] -- Found rm_referee_msgs: 0.0.0 (/home/chen/sentry_try/sentry_ws/install/rm_referee_msgs/share/rm_referee_msgs/cmake)
[2.664s] -- Found ament_cmake_ros: 0.10.0 (/opt/ros/humble/share/ament_cmake_ros/cmake)
[3.031s] -- Using all available rosidl_typesupport_c: rosidl_typesupport_fastrtps_c;rosidl_typesupport_introspection_c
[3.151s] gmake: *** [Makefile:1355: cmake_check_build_system] 中断
[3.153s] Invoked command in '/home/chen/sentry_try/sentry_ws/build/lightning' returned '-2': AMENT_PREFIX_PATH=/home/chen/sentry_try/sentry_ws/install/rm_referee_msgs:${AMENT_PREFIX_PATH} CMAKE_PREFIX_PATH=/home/chen/sentry_try/sentry_ws/install/rm_referee_msgs:/opt/ros/humble LD_LIBRARY_PATH=/home/chen/sentry_try/sentry_ws/install/rm_referee_msgs/lib:${LD_LIBRARY_PATH} PYTHONPATH=/home/chen/sentry_try/sentry_ws/install/rm_referee_msgs/local/lib/python3.10/dist-packages:${PYTHONPATH} /usr/bin/cmake --build /home/chen/sentry_try/sentry_ws/build/lightning -- -j16 -l16
