[35m[1mConsolidate compiler generated dependencies of target sentry_comm_node[0m
[100%] Built target sentry_comm_node
-- Install configuration: ""
-- Installing: /home/chen/sentry_try/sentry_ws/install/serial_comm/lib/serial_comm/sentry_comm_node
-- Set runtime path of "/home/chen/sentry_try/sentry_ws/install/serial_comm/lib/serial_comm/sentry_comm_node" to ""
-- Installing: /home/chen/sentry_try/sentry_ws/install/serial_comm/share/serial_comm/launch
-- Installing: /home/chen/sentry_try/sentry_ws/install/serial_comm/share/serial_comm/launch/sentry_comm.launch.py
-- Installing: /home/chen/sentry_try/sentry_ws/install/serial_comm/share/serial_comm/config
-- Installing: /home/chen/sentry_try/sentry_ws/install/serial_comm/share/serial_comm/config/sentry_params.yaml
-- Installing: /home/chen/sentry_try/sentry_ws/install/serial_comm/share/serial_comm/config/topic_name.yaml
-- Installing: /home/chen/sentry_try/sentry_ws/install/serial_comm/share/ament_index/resource_index/package_run_dependencies/serial_comm
-- Installing: /home/chen/sentry_try/sentry_ws/install/serial_comm/share/ament_index/resource_index/parent_prefix_path/serial_comm
-- Installing: /home/chen/sentry_try/sentry_ws/install/serial_comm/share/serial_comm/environment/ament_prefix_path.sh
-- Installing: /home/chen/sentry_try/sentry_ws/install/serial_comm/share/serial_comm/environment/ament_prefix_path.dsv
-- Installing: /home/chen/sentry_try/sentry_ws/install/serial_comm/share/serial_comm/environment/path.sh
-- Installing: /home/chen/sentry_try/sentry_ws/install/serial_comm/share/serial_comm/environment/path.dsv
-- Installing: /home/chen/sentry_try/sentry_ws/install/serial_comm/share/serial_comm/local_setup.bash
-- Installing: /home/chen/sentry_try/sentry_ws/install/serial_comm/share/serial_comm/local_setup.sh
-- Installing: /home/chen/sentry_try/sentry_ws/install/serial_comm/share/serial_comm/local_setup.zsh
-- Installing: /home/chen/sentry_try/sentry_ws/install/serial_comm/share/serial_comm/local_setup.dsv
-- Installing: /home/chen/sentry_try/sentry_ws/install/serial_comm/share/serial_comm/package.dsv
-- Installing: /home/chen/sentry_try/sentry_ws/install/serial_comm/share/ament_index/resource_index/packages/serial_comm
-- Installing: /home/chen/sentry_try/sentry_ws/install/serial_comm/share/serial_comm/cmake/serial_commConfig.cmake
-- Installing: /home/chen/sentry_try/sentry_ws/install/serial_comm/share/serial_comm/cmake/serial_commConfig-version.cmake
-- Installing: /home/chen/sentry_try/sentry_ws/install/serial_comm/share/serial_comm/package.xml
