[0.024s] Invoking command in '/home/chen/sentry_try/sentry_ws/build/serial_comm': CMAKE_PREFIX_PATH=${CMAKE_PREFIX_PATH}:/opt/ros/humble /usr/bin/cmake --build /home/chen/sentry_try/sentry_ws/build/serial_comm -- -j16 -l16
[0.059s] [35m[1mConsolidate compiler generated dependencies of target sentry_comm_node[0m
[0.080s] [100%] Built target sentry_comm_node
[0.094s] Invoked command in '/home/chen/sentry_try/sentry_ws/build/serial_comm' returned '0': CMAKE_PREFIX_PATH=${CMAKE_PREFIX_PATH}:/opt/ros/humble /usr/bin/cmake --build /home/chen/sentry_try/sentry_ws/build/serial_comm -- -j16 -l16
[0.096s] Invoking command in '/home/chen/sentry_try/sentry_ws/build/serial_comm': CMAKE_PREFIX_PATH=${CMAKE_PREFIX_PATH}:/opt/ros/humble /usr/bin/cmake --install /home/chen/sentry_try/sentry_ws/build/serial_comm
[0.101s] -- Install configuration: ""
[0.101s] -- Installing: /home/chen/sentry_try/sentry_ws/install/serial_comm/lib/serial_comm/sentry_comm_node
[0.109s] -- Set runtime path of "/home/chen/sentry_try/sentry_ws/install/serial_comm/lib/serial_comm/sentry_comm_node" to ""
[0.109s] -- Installing: /home/chen/sentry_try/sentry_ws/install/serial_comm/share/serial_comm/launch
[0.109s] -- Installing: /home/chen/sentry_try/sentry_ws/install/serial_comm/share/serial_comm/launch/sentry_comm.launch.py
[0.109s] -- Installing: /home/chen/sentry_try/sentry_ws/install/serial_comm/share/serial_comm/config
[0.109s] -- Installing: /home/chen/sentry_try/sentry_ws/install/serial_comm/share/serial_comm/config/sentry_params.yaml
[0.109s] -- Installing: /home/chen/sentry_try/sentry_ws/install/serial_comm/share/serial_comm/config/topic_name.yaml
[0.109s] -- Installing: /home/chen/sentry_try/sentry_ws/install/serial_comm/share/ament_index/resource_index/package_run_dependencies/serial_comm
[0.109s] -- Installing: /home/chen/sentry_try/sentry_ws/install/serial_comm/share/ament_index/resource_index/parent_prefix_path/serial_comm
[0.109s] -- Installing: /home/chen/sentry_try/sentry_ws/install/serial_comm/share/serial_comm/environment/ament_prefix_path.sh
[0.109s] -- Installing: /home/chen/sentry_try/sentry_ws/install/serial_comm/share/serial_comm/environment/ament_prefix_path.dsv
[0.109s] -- Installing: /home/chen/sentry_try/sentry_ws/install/serial_comm/share/serial_comm/environment/path.sh
[0.109s] -- Installing: /home/chen/sentry_try/sentry_ws/install/serial_comm/share/serial_comm/environment/path.dsv
[0.109s] -- Installing: /home/chen/sentry_try/sentry_ws/install/serial_comm/share/serial_comm/local_setup.bash
[0.110s] -- Installing: /home/chen/sentry_try/sentry_ws/install/serial_comm/share/serial_comm/local_setup.sh
[0.110s] -- Installing: /home/chen/sentry_try/sentry_ws/install/serial_comm/share/serial_comm/local_setup.zsh
[0.110s] -- Installing: /home/chen/sentry_try/sentry_ws/install/serial_comm/share/serial_comm/local_setup.dsv
[0.110s] -- Installing: /home/chen/sentry_try/sentry_ws/install/serial_comm/share/serial_comm/package.dsv
[0.110s] -- Installing: /home/chen/sentry_try/sentry_ws/install/serial_comm/share/ament_index/resource_index/packages/serial_comm
[0.110s] -- Installing: /home/chen/sentry_try/sentry_ws/install/serial_comm/share/serial_comm/cmake/serial_commConfig.cmake
[0.110s] -- Installing: /home/chen/sentry_try/sentry_ws/install/serial_comm/share/serial_comm/cmake/serial_commConfig-version.cmake
[0.110s] -- Installing: /home/chen/sentry_try/sentry_ws/install/serial_comm/share/serial_comm/package.xml
[0.118s] Invoked command in '/home/chen/sentry_try/sentry_ws/build/serial_comm' returned '0': CMAKE_PREFIX_PATH=${CMAKE_PREFIX_PATH}:/opt/ros/humble /usr/bin/cmake --install /home/chen/sentry_try/sentry_ws/build/serial_comm
