[0.025s] Invoking command in '/home/chen/sentry_try/sentry_ws/build/lightning': CMAKE_PREFIX_PATH=${CMAKE_PREFIX_PATH}:/opt/ros/humble /usr/bin/cmake /home/chen/sentry_try/sentry_ws/src/lightning-lm -DCMAKE_INSTALL_PREFIX=/home/chen/sentry_try/sentry_ws/install/lightning
[0.045s] -- Eigen found (include: /usr/include/eigen3, version: 3.4.0)
[0.098s] -- FLANN found (include: /usr/include, lib: /usr/lib/x86_64-linux-gnu/libflann_cpp.so)
[0.134s] -- Found OpenGL: /usr/lib/x86_64-linux-gnu/libOpenGL.so  found components: OpenGL GLX 
[0.359s] -- OpenNI found (version: 1.5.4.0, include: /usr/include/ni, lib: /usr/lib/libOpenNI.so;libusb::libusb)
[0.364s] -- OpenNI2 found (version: 2.2.0.33, include: /usr/include/openni2, lib: /usr/lib/x86_64-linux-gnu/libOpenNI2.so;libusb::libusb)
[0.364s] [0m** WARNING ** io features related to pcap will be disabled[0m
[0.487s] -- Eigen found (include: /usr/include/eigen3, version: 3.4.0)
[0.492s] -- OpenNI found (version: 1.5.4.0, include: /usr/include/ni, lib: /usr/lib/libOpenNI.so;libusb::libusb)
[0.498s] -- OpenNI2 found (version: 2.2.0.33, include: /usr/include/openni2, lib: /usr/lib/x86_64-linux-gnu/libOpenNI2.so;libusb::libusb)
[0.627s] -- Found Qhull version 8.0.2
[0.768s] -- OpenNI found (version: 1.5.4.0, include: /usr/include/ni, lib: /usr/lib/libOpenNI.so;libusb::libusb)
[0.885s] -- looking for PCL_COMMON
[0.885s] -- looking for PCL_KDTREE
[0.886s] -- looking for PCL_OCTREE
[0.886s] -- looking for PCL_SEARCH
[0.886s] -- looking for PCL_SAMPLE_CONSENSUS
[0.886s] -- looking for PCL_FILTERS
[0.887s] -- looking for PCL_2D
[0.887s] -- looking for PCL_GEOMETRY
[0.887s] -- looking for PCL_IO
[0.888s] -- looking for PCL_FEATURES
[0.888s] -- looking for PCL_ML
[0.888s] -- looking for PCL_SEGMENTATION
[0.889s] -- looking for PCL_VISUALIZATION
[0.889s] -- looking for PCL_SURFACE
[0.889s] -- looking for PCL_REGISTRATION
[0.889s] -- looking for PCL_KEYPOINTS
[0.890s] -- looking for PCL_TRACKING
[0.890s] -- looking for PCL_RECOGNITION
[0.890s] -- looking for PCL_STEREO
[0.890s] -- looking for PCL_APPS
[0.891s] -- looking for PCL_IN_HAND_SCANNER
[0.891s] -- looking for PCL_MODELER
[0.891s] -- looking for PCL_POINT_CLOUD_EDITOR
[0.892s] -- looking for PCL_OUTOFCORE
[0.892s] -- looking for PCL_PEOPLE
[0.897s] -- Found OpenGL: /usr/lib/x86_64-linux-gnu/libOpenGL.so  found components: OpenGL 
[0.899s] -- Found OpenGL: /usr/lib/x86_64-linux-gnu/libOpenGL.so   
[0.899s] -- Found pcl_conversions: 2.4.5 (/opt/ros/humble/share/pcl_conversions/cmake)
[1.022s] -- Found rosidl_generator_c: 3.1.8 (/opt/ros/humble/share/rosidl_generator_c/cmake)
[1.024s] -- Found rosidl_adapter: 3.1.8 (/opt/ros/humble/share/rosidl_adapter/cmake)
[1.029s] -- Found rosidl_generator_cpp: 3.1.8 (/opt/ros/humble/share/rosidl_generator_cpp/cmake)
[1.036s] -- Using all available rosidl_typesupport_c: rosidl_typesupport_fastrtps_c;rosidl_typesupport_introspection_c
[1.045s] -- Using all available rosidl_typesupport_cpp: rosidl_typesupport_fastrtps_cpp;rosidl_typesupport_introspection_cpp
[1.075s] -- Found rmw_implementation_cmake: 6.1.2 (/opt/ros/humble/share/rmw_implementation_cmake/cmake)
[1.076s] -- Found rmw_fastrtps_cpp: 6.2.10 (/opt/ros/humble/share/rmw_fastrtps_cpp/cmake)
[1.198s] -- Using RMW implementation 'rmw_fastrtps_cpp' as default
[1.311s] -- Found nav_msgs: 4.9.1 (/opt/ros/humble/share/nav_msgs/cmake)
[1.330s] -- Found std_srvs: 4.9.1 (/opt/ros/humble/share/std_srvs/cmake)
[1.346s] -- Found tf2: 0.25.20 (/opt/ros/humble/share/tf2/cmake)
[1.351s] -- Found tf2_ros: 0.25.20 (/opt/ros/humble/share/tf2_ros/cmake)
[1.428s] -- Found rosbag2_cpp: 0.15.16 (/opt/ros/humble/share/rosbag2_cpp/cmake)
[1.446s] -- Found rosidl_default_generators: 1.2.1 (/opt/ros/humble/share/rosidl_default_generators/cmake)
[1.466s] [31mCMake Error at CMakeLists.txt:43 (find_package):
[1.466s]   By not providing "Findrm_referee_msgs.cmake" in CMAKE_MODULE_PATH this
[1.466s]   project has asked CMake to find a package configuration file provided by
[1.466s]   "rm_referee_msgs", but CMake did not find one.
[1.466s] 
[1.466s]   Could not find a package configuration file provided by "rm_referee_msgs"
[1.466s]   with any of the following names:
[1.466s] 
[1.466s]     rm_referee_msgsConfig.cmake
[1.466s]     rm_referee_msgs-config.cmake
[1.466s] 
[1.466s]   Add the installation prefix of "rm_referee_msgs" to CMAKE_PREFIX_PATH or
[1.466s]   set "rm_referee_msgs_DIR" to a directory containing one of the above files.
[1.466s]   If "rm_referee_msgs" provides a separate development package or SDK, be
[1.467s]   sure it has been installed.
[1.467s] 
[1.467s] [0m
[1.467s] -- Configuring incomplete, errors occurred!
[1.467s] See also "/home/chen/sentry_try/sentry_ws/build/lightning/CMakeFiles/CMakeOutput.log".
[1.486s] Invoked command in '/home/chen/sentry_try/sentry_ws/build/lightning' returned '1': CMAKE_PREFIX_PATH=${CMAKE_PREFIX_PATH}:/opt/ros/humble /usr/bin/cmake /home/chen/sentry_try/sentry_ws/src/lightning-lm -DCMAKE_INSTALL_PREFIX=/home/chen/sentry_try/sentry_ws/install/lightning
