[0.009s] Invoking command in '/home/chen/sentry_try/sentry_ws/build/can_comm': CMAKE_PREFIX_PATH=/opt/ros/humble /usr/bin/cmake /home/chen/sentry_try/sentry_ws/src/can_comm -DCMAKE_INSTALL_PREFIX=/home/chen/sentry_try/sentry_ws/install/can_comm
[0.099s] -- The C compiler identification is GNU 11.4.0
[0.164s] -- The CXX compiler identification is GNU 11.4.0
[0.171s] -- Detecting C compiler ABI info
[0.233s] -- Detecting C compiler ABI info - done
[0.237s] -- Check for working C compiler: /usr/bin/cc - skipped
[0.238s] -- Detecting C compile features
[0.239s] -- Detecting C compile features - done
[0.241s] -- Detecting CXX compiler ABI info
[0.305s] -- Detecting CXX compiler ABI info - done
[0.309s] -- Check for working CXX compiler: /usr/bin/c++ - skipped
[0.309s] -- Detecting CXX compile features
[0.309s] -- Detecting CXX compile features - done
[0.317s] -- Found ament_cmake: 1.3.14 (/opt/ros/humble/share/ament_cmake/cmake)
[0.420s] -- Found Python3: /usr/bin/python3 (found version "3.10.12") found components: Interpreter 
[0.513s] -- Found rclcpp: 16.0.19 (/opt/ros/humble/share/rclcpp/cmake)
[0.553s] -- Found rosidl_generator_c: 3.1.8 (/opt/ros/humble/share/rosidl_generator_c/cmake)
[0.558s] -- Found rosidl_adapter: 3.1.8 (/opt/ros/humble/share/rosidl_adapter/cmake)
[0.567s] -- Found rosidl_generator_cpp: 3.1.8 (/opt/ros/humble/share/rosidl_generator_cpp/cmake)
[0.577s] -- Using all available rosidl_typesupport_c: rosidl_typesupport_fastrtps_c;rosidl_typesupport_introspection_c
[0.590s] -- Using all available rosidl_typesupport_cpp: rosidl_typesupport_fastrtps_cpp;rosidl_typesupport_introspection_cpp
[0.630s] -- Found rmw_implementation_cmake: 6.1.2 (/opt/ros/humble/share/rmw_implementation_cmake/cmake)
[0.632s] -- Found rmw_fastrtps_cpp: 6.2.10 (/opt/ros/humble/share/rmw_fastrtps_cpp/cmake)
[0.725s] -- Found OpenSSL: /usr/lib/x86_64-linux-gnu/libcrypto.so (found version "3.0.2")  
[0.752s] -- Found FastRTPS: /opt/ros/humble/include  
[0.788s] -- Using RMW implementation 'rmw_fastrtps_cpp' as default
[0.802s] -- Looking for pthread.h
[0.863s] -- Looking for pthread.h - found
[0.863s] -- Performing Test CMAKE_HAVE_LIBC_PTHREAD
[0.922s] -- Performing Test CMAKE_HAVE_LIBC_PTHREAD - Success
[0.923s] -- Found Threads: TRUE  
[1.011s] -- Configuring done
[1.017s] -- Generating done
[1.019s] -- Build files have been written to: /home/chen/sentry_try/sentry_ws/build/can_comm
[1.029s] Invoked command in '/home/chen/sentry_try/sentry_ws/build/can_comm' returned '0': CMAKE_PREFIX_PATH=/opt/ros/humble /usr/bin/cmake /home/chen/sentry_try/sentry_ws/src/can_comm -DCMAKE_INSTALL_PREFIX=/home/chen/sentry_try/sentry_ws/install/can_comm
[1.030s] Invoking command in '/home/chen/sentry_try/sentry_ws/build/can_comm': CMAKE_PREFIX_PATH=/opt/ros/humble /usr/bin/cmake --build /home/chen/sentry_try/sentry_ws/build/can_comm -- -j16 -l16
[1.074s] [ 50%] [32mBuilding CXX object CMakeFiles/can_receive_node.dir/src/can_receive.cpp.o[0m
[1.303s] [01m[K/home/chen/sentry_try/sentry_ws/src/can_comm/src/can_receive.cpp:5:10:[m[K [01;31m[Kfatal error: [m[Kfcnlt.h: 没有那个文件或目录
[1.303s]     5 | #include [01;31m[K<fcnlt.h>[m[K
[1.303s]       |          [01;31m[K^~~~~~~~~[m[K
[1.303s] compilation terminated.
[1.308s] gmake[2]: *** [CMakeFiles/can_receive_node.dir/build.make:76：CMakeFiles/can_receive_node.dir/src/can_receive.cpp.o] 错误 1
[1.308s] gmake[1]: *** [CMakeFiles/Makefile2:137：CMakeFiles/can_receive_node.dir/all] 错误 2
[1.309s] gmake: *** [Makefile:146：all] 错误 2
[1.311s] Invoked command in '/home/chen/sentry_try/sentry_ws/build/can_comm' returned '2': CMAKE_PREFIX_PATH=/opt/ros/humble /usr/bin/cmake --build /home/chen/sentry_try/sentry_ws/build/can_comm -- -j16 -l16
