Consolidate compiler generated dependencies of target target_frame_node
[ 50%] Built target vyaw_tf_yaw_controller_node
[ 50%] Built target can_send_node
[ 75%] Built target can_receive_node
[ 87%] Building CXX object CMakeFiles/target_frame_node.dir/src/target_frame_node.cpp.o
In file included from /home/chen/sentry_try/sentry_ws/src/can_comm/src/target_frame_node.cpp:11:
/opt/ros/humble/include/tf2_geometry_msgs/tf2_geometry_msgs/tf2_geometry_msgs.h:35:2: warning: #warning This header is obsolete, please include tf2_geometry_msgs/tf2_geometry_msgs.hpp instead [-Wcpp]
   35 | #warning This header is obsolete, please include tf2_geometry_msgs/tf2_geometry_msgs.hpp instead
      |  ^~~~~~~
[100%] Linking CXX executable target_frame_node
[100%] Built target target_frame_node
-- Install configuration: ""
-- Up-to-date: /home/chen/sentry_try/sentry_ws/install/can_comm/lib/can_comm/can_receive_node
-- Up-to-date: /home/chen/sentry_try/sentry_ws/install/can_comm/lib/can_comm/can_send_node
-- Up-to-date: /home/chen/sentry_try/sentry_ws/install/can_comm/lib/can_comm/vyaw_tf_yaw_controller_node
-- Installing: /home/chen/sentry_try/sentry_ws/install/can_comm/lib/can_comm/target_frame_node
-- Set runtime path of "/home/chen/sentry_try/sentry_ws/install/can_comm/lib/can_comm/target_frame_node" to ""
-- Up-to-date: /home/chen/sentry_try/sentry_ws/install/can_comm/share/can_comm/config
-- Up-to-date: /home/chen/sentry_try/sentry_ws/install/can_comm/share/can_comm/config/can_params.yaml
-- Installing: /home/chen/sentry_try/sentry_ws/install/can_comm/share/ament_index/resource_index/package_run_dependencies/can_comm
-- Up-to-date: /home/chen/sentry_try/sentry_ws/install/can_comm/share/ament_index/resource_index/parent_prefix_path/can_comm
-- Up-to-date: /home/chen/sentry_try/sentry_ws/install/can_comm/share/can_comm/environment/ament_prefix_path.sh
-- Installing: /home/chen/sentry_try/sentry_ws/install/can_comm/share/can_comm/environment/ament_prefix_path.dsv
-- Up-to-date: /home/chen/sentry_try/sentry_ws/install/can_comm/share/can_comm/environment/path.sh
-- Installing: /home/chen/sentry_try/sentry_ws/install/can_comm/share/can_comm/environment/path.dsv
-- Up-to-date: /home/chen/sentry_try/sentry_ws/install/can_comm/share/can_comm/local_setup.bash
-- Up-to-date: /home/chen/sentry_try/sentry_ws/install/can_comm/share/can_comm/local_setup.sh
-- Up-to-date: /home/chen/sentry_try/sentry_ws/install/can_comm/share/can_comm/local_setup.zsh
-- Installing: /home/chen/sentry_try/sentry_ws/install/can_comm/share/can_comm/local_setup.dsv
-- Installing: /home/chen/sentry_try/sentry_ws/install/can_comm/share/can_comm/package.dsv
-- Up-to-date: /home/chen/sentry_try/sentry_ws/install/can_comm/share/ament_index/resource_index/packages/can_comm
-- Up-to-date: /home/chen/sentry_try/sentry_ws/install/can_comm/share/can_comm/cmake/can_commConfig.cmake
-- Up-to-date: /home/chen/sentry_try/sentry_ws/install/can_comm/share/can_comm/cmake/can_commConfig-version.cmake
-- Installing: /home/chen/sentry_try/sentry_ws/install/can_comm/share/can_comm/package.xml
