[  4%] Built target sentry_msgs__cpp
[  4%] Built target sentry_msgs__rs
[ 14%] Built target sentry_msgs__rosidl_generator_c
[ 14%] Built target ament_cmake_python_copy_sentry_msgs
[ 25%] Built target sentry_msgs__rosidl_typesupport_c
[ 35%] Built target sentry_msgs__rosidl_typesupport_fastrtps_cpp
[ 56%] Built target sentry_msgs__rosidl_typesupport_fastrtps_c
[ 54%] Built target sentry_msgs__rosidl_typesupport_introspection_cpp
[ 66%] Built target sentry_msgs__rosidl_typesupport_introspection_c
[ 77%] Built target sentry_msgs__rosidl_typesupport_cpp
[ 77%] Built target sentry_msgs
[ 79%] Built target sentry_msgs__py
[ 87%] Built target sentry_msgs__rosidl_generator_py
[ 95%] Built target sentry_msgs__rosidl_typesupport_c__pyext
[ 95%] Built target sentry_msgs__rosidl_typesupport_fastrtps_c__pyext
[100%] Built target sentry_msgs__rosidl_typesupport_introspection_c__pyext
running egg_info
writing sentry_msgs.egg-info/PKG-INFO
writing dependency_links to sentry_msgs.egg-info/dependency_links.txt
writing top-level names to sentry_msgs.egg-info/top_level.txt
reading manifest file 'sentry_msgs.egg-info/SOURCES.txt'
writing manifest file 'sentry_msgs.egg-info/SOURCES.txt'
[100%] Built target ament_cmake_python_build_sentry_msgs_egg
-- Install configuration: "Release"
-- Up-to-date: /home/chen/sentry_try/sentry_ws/install/sentry_msgs/share/ament_index/resource_index/rosidl_interfaces/sentry_msgs
-- Up-to-date: /home/chen/sentry_try/sentry_ws/install/sentry_msgs/include/sentry_msgs/sentry_msgs
-- Up-to-date: /home/chen/sentry_try/sentry_ws/install/sentry_msgs/include/sentry_msgs/sentry_msgs/msg
-- Up-to-date: /home/chen/sentry_try/sentry_ws/install/sentry_msgs/include/sentry_msgs/sentry_msgs/msg/armor_presence.h
-- Up-to-date: /home/chen/sentry_try/sentry_ws/install/sentry_msgs/include/sentry_msgs/sentry_msgs/msg/scan_mode.h
-- Up-to-date: /home/chen/sentry_try/sentry_ws/install/sentry_msgs/include/sentry_msgs/sentry_msgs/msg/vw.h
-- Up-to-date: /home/chen/sentry_try/sentry_ws/install/sentry_msgs/include/sentry_msgs/sentry_msgs/msg/rosidl_generator_c__visibility_control.h
-- Up-to-date: /home/chen/sentry_try/sentry_ws/install/sentry_msgs/include/sentry_msgs/sentry_msgs/msg/detail
-- Up-to-date: /home/chen/sentry_try/sentry_ws/install/sentry_msgs/include/sentry_msgs/sentry_msgs/msg/detail/vw__functions.h
-- Up-to-date: /home/chen/sentry_try/sentry_ws/install/sentry_msgs/include/sentry_msgs/sentry_msgs/msg/detail/scan_mode__functions.c
-- Up-to-date: /home/chen/sentry_try/sentry_ws/install/sentry_msgs/include/sentry_msgs/sentry_msgs/msg/detail/scan_mode__functions.h
-- Up-to-date: /home/chen/sentry_try/sentry_ws/install/sentry_msgs/include/sentry_msgs/sentry_msgs/msg/detail/armor_presence__functions.h
-- Up-to-date: /home/chen/sentry_try/sentry_ws/install/sentry_msgs/include/sentry_msgs/sentry_msgs/msg/detail/armor_presence__functions.c
-- Up-to-date: /home/chen/sentry_try/sentry_ws/install/sentry_msgs/include/sentry_msgs/sentry_msgs/msg/detail/vw__type_support.h
-- Up-to-date: /home/chen/sentry_try/sentry_ws/install/sentry_msgs/include/sentry_msgs/sentry_msgs/msg/detail/vw__struct.h
-- Up-to-date: /home/chen/sentry_try/sentry_ws/install/sentry_msgs/include/sentry_msgs/sentry_msgs/msg/detail/armor_presence__type_support.h
-- Up-to-date: /home/chen/sentry_try/sentry_ws/install/sentry_msgs/include/sentry_msgs/sentry_msgs/msg/detail/vw__functions.c
-- Up-to-date: /home/chen/sentry_try/sentry_ws/install/sentry_msgs/include/sentry_msgs/sentry_msgs/msg/detail/scan_mode__type_support.h
-- Up-to-date: /home/chen/sentry_try/sentry_ws/install/sentry_msgs/include/sentry_msgs/sentry_msgs/msg/detail/armor_presence__struct.h
-- Up-to-date: /home/chen/sentry_try/sentry_ws/install/sentry_msgs/include/sentry_msgs/sentry_msgs/msg/detail/scan_mode__struct.h
-- Up-to-date: /home/chen/sentry_try/sentry_ws/install/sentry_msgs/share/sentry_msgs/environment/library_path.sh
-- Up-to-date: /home/chen/sentry_try/sentry_ws/install/sentry_msgs/share/sentry_msgs/environment/library_path.dsv
-- Up-to-date: /home/chen/sentry_try/sentry_ws/install/sentry_msgs/lib/libsentry_msgs__rosidl_generator_c.so
-- Up-to-date: /home/chen/sentry_try/sentry_ws/install/sentry_msgs/include/sentry_msgs/sentry_msgs
-- Up-to-date: /home/chen/sentry_try/sentry_ws/install/sentry_msgs/include/sentry_msgs/sentry_msgs/msg
-- Up-to-date: /home/chen/sentry_try/sentry_ws/install/sentry_msgs/include/sentry_msgs/sentry_msgs/msg/rosidl_typesupport_fastrtps_c__visibility_control.h
-- Up-to-date: /home/chen/sentry_try/sentry_ws/install/sentry_msgs/include/sentry_msgs/sentry_msgs/msg/detail
-- Up-to-date: /home/chen/sentry_try/sentry_ws/install/sentry_msgs/include/sentry_msgs/sentry_msgs/msg/detail/vw__rosidl_typesupport_fastrtps_c.h
-- Up-to-date: /home/chen/sentry_try/sentry_ws/install/sentry_msgs/include/sentry_msgs/sentry_msgs/msg/detail/scan_mode__rosidl_typesupport_fastrtps_c.h
-- Up-to-date: /home/chen/sentry_try/sentry_ws/install/sentry_msgs/include/sentry_msgs/sentry_msgs/msg/detail/armor_presence__rosidl_typesupport_fastrtps_c.h
-- Up-to-date: /home/chen/sentry_try/sentry_ws/install/sentry_msgs/lib/libsentry_msgs__rosidl_typesupport_fastrtps_c.so
-- Up-to-date: /home/chen/sentry_try/sentry_ws/install/sentry_msgs/include/sentry_msgs/sentry_msgs
-- Up-to-date: /home/chen/sentry_try/sentry_ws/install/sentry_msgs/include/sentry_msgs/sentry_msgs/msg
-- Up-to-date: /home/chen/sentry_try/sentry_ws/install/sentry_msgs/include/sentry_msgs/sentry_msgs/msg/rosidl_typesupport_introspection_c__visibility_control.h
-- Up-to-date: /home/chen/sentry_try/sentry_ws/install/sentry_msgs/include/sentry_msgs/sentry_msgs/msg/detail
-- Up-to-date: /home/chen/sentry_try/sentry_ws/install/sentry_msgs/include/sentry_msgs/sentry_msgs/msg/detail/armor_presence__type_support.c
-- Up-to-date: /home/chen/sentry_try/sentry_ws/install/sentry_msgs/include/sentry_msgs/sentry_msgs/msg/detail/scan_mode__type_support.c
-- Up-to-date: /home/chen/sentry_try/sentry_ws/install/sentry_msgs/include/sentry_msgs/sentry_msgs/msg/detail/vw__type_support.c
-- Up-to-date: /home/chen/sentry_try/sentry_ws/install/sentry_msgs/include/sentry_msgs/sentry_msgs/msg/detail/vw__rosidl_typesupport_introspection_c.h
-- Up-to-date: /home/chen/sentry_try/sentry_ws/install/sentry_msgs/include/sentry_msgs/sentry_msgs/msg/detail/armor_presence__rosidl_typesupport_introspection_c.h
-- Up-to-date: /home/chen/sentry_try/sentry_ws/install/sentry_msgs/include/sentry_msgs/sentry_msgs/msg/detail/scan_mode__rosidl_typesupport_introspection_c.h
-- Up-to-date: /home/chen/sentry_try/sentry_ws/install/sentry_msgs/lib/libsentry_msgs__rosidl_typesupport_introspection_c.so
-- Up-to-date: /home/chen/sentry_try/sentry_ws/install/sentry_msgs/lib/libsentry_msgs__rosidl_typesupport_c.so
-- Up-to-date: /home/chen/sentry_try/sentry_ws/install/sentry_msgs/include/sentry_msgs/sentry_msgs
-- Up-to-date: /home/chen/sentry_try/sentry_ws/install/sentry_msgs/include/sentry_msgs/sentry_msgs/msg
-- Up-to-date: /home/chen/sentry_try/sentry_ws/install/sentry_msgs/include/sentry_msgs/sentry_msgs/msg/scan_mode.hpp
-- Up-to-date: /home/chen/sentry_try/sentry_ws/install/sentry_msgs/include/sentry_msgs/sentry_msgs/msg/armor_presence.hpp
-- Up-to-date: /home/chen/sentry_try/sentry_ws/install/sentry_msgs/include/sentry_msgs/sentry_msgs/msg/rosidl_generator_cpp__visibility_control.hpp
-- Up-to-date: /home/chen/sentry_try/sentry_ws/install/sentry_msgs/include/sentry_msgs/sentry_msgs/msg/vw.hpp
-- Up-to-date: /home/chen/sentry_try/sentry_ws/install/sentry_msgs/include/sentry_msgs/sentry_msgs/msg/detail
-- Up-to-date: /home/chen/sentry_try/sentry_ws/install/sentry_msgs/include/sentry_msgs/sentry_msgs/msg/detail/vw__struct.hpp
-- Up-to-date: /home/chen/sentry_try/sentry_ws/install/sentry_msgs/include/sentry_msgs/sentry_msgs/msg/detail/vw__type_support.hpp
-- Up-to-date: /home/chen/sentry_try/sentry_ws/install/sentry_msgs/include/sentry_msgs/sentry_msgs/msg/detail/scan_mode__traits.hpp
-- Up-to-date: /home/chen/sentry_try/sentry_ws/install/sentry_msgs/include/sentry_msgs/sentry_msgs/msg/detail/vw__traits.hpp
-- Up-to-date: /home/chen/sentry_try/sentry_ws/install/sentry_msgs/include/sentry_msgs/sentry_msgs/msg/detail/scan_mode__builder.hpp
-- Up-to-date: /home/chen/sentry_try/sentry_ws/install/sentry_msgs/include/sentry_msgs/sentry_msgs/msg/detail/vw__builder.hpp
-- Up-to-date: /home/chen/sentry_try/sentry_ws/install/sentry_msgs/include/sentry_msgs/sentry_msgs/msg/detail/scan_mode__type_support.hpp
-- Up-to-date: /home/chen/sentry_try/sentry_ws/install/sentry_msgs/include/sentry_msgs/sentry_msgs/msg/detail/scan_mode__struct.hpp
-- Up-to-date: /home/chen/sentry_try/sentry_ws/install/sentry_msgs/include/sentry_msgs/sentry_msgs/msg/detail/armor_presence__struct.hpp
-- Up-to-date: /home/chen/sentry_try/sentry_ws/install/sentry_msgs/include/sentry_msgs/sentry_msgs/msg/detail/armor_presence__builder.hpp
-- Up-to-date: /home/chen/sentry_try/sentry_ws/install/sentry_msgs/include/sentry_msgs/sentry_msgs/msg/detail/armor_presence__type_support.hpp
-- Up-to-date: /home/chen/sentry_try/sentry_ws/install/sentry_msgs/include/sentry_msgs/sentry_msgs/msg/detail/armor_presence__traits.hpp
-- Up-to-date: /home/chen/sentry_try/sentry_ws/install/sentry_msgs/include/sentry_msgs/sentry_msgs
-- Up-to-date: /home/chen/sentry_try/sentry_ws/install/sentry_msgs/include/sentry_msgs/sentry_msgs/msg
-- Up-to-date: /home/chen/sentry_try/sentry_ws/install/sentry_msgs/include/sentry_msgs/sentry_msgs/msg/rosidl_typesupport_fastrtps_cpp__visibility_control.h
-- Up-to-date: /home/chen/sentry_try/sentry_ws/install/sentry_msgs/include/sentry_msgs/sentry_msgs/msg/detail
-- Up-to-date: /home/chen/sentry_try/sentry_ws/install/sentry_msgs/include/sentry_msgs/sentry_msgs/msg/detail/vw__rosidl_typesupport_fastrtps_cpp.hpp
-- Up-to-date: /home/chen/sentry_try/sentry_ws/install/sentry_msgs/include/sentry_msgs/sentry_msgs/msg/detail/armor_presence__rosidl_typesupport_fastrtps_cpp.hpp
-- Up-to-date: /home/chen/sentry_try/sentry_ws/install/sentry_msgs/include/sentry_msgs/sentry_msgs/msg/detail/scan_mode__rosidl_typesupport_fastrtps_cpp.hpp
-- Up-to-date: /home/chen/sentry_try/sentry_ws/install/sentry_msgs/include/sentry_msgs/sentry_msgs/msg/detail/dds_fastrtps
-- Up-to-date: /home/chen/sentry_try/sentry_ws/install/sentry_msgs/lib/libsentry_msgs__rosidl_typesupport_fastrtps_cpp.so
-- Up-to-date: /home/chen/sentry_try/sentry_ws/install/sentry_msgs/include/sentry_msgs/sentry_msgs
-- Up-to-date: /home/chen/sentry_try/sentry_ws/install/sentry_msgs/include/sentry_msgs/sentry_msgs/msg
-- Up-to-date: /home/chen/sentry_try/sentry_ws/install/sentry_msgs/include/sentry_msgs/sentry_msgs/msg/detail
-- Up-to-date: /home/chen/sentry_try/sentry_ws/install/sentry_msgs/include/sentry_msgs/sentry_msgs/msg/detail/scan_mode__type_support.cpp
-- Up-to-date: /home/chen/sentry_try/sentry_ws/install/sentry_msgs/include/sentry_msgs/sentry_msgs/msg/detail/scan_mode__rosidl_typesupport_introspection_cpp.hpp
-- Up-to-date: /home/chen/sentry_try/sentry_ws/install/sentry_msgs/include/sentry_msgs/sentry_msgs/msg/detail/vw__type_support.cpp
-- Up-to-date: /home/chen/sentry_try/sentry_ws/install/sentry_msgs/include/sentry_msgs/sentry_msgs/msg/detail/vw__rosidl_typesupport_introspection_cpp.hpp
-- Up-to-date: /home/chen/sentry_try/sentry_ws/install/sentry_msgs/include/sentry_msgs/sentry_msgs/msg/detail/armor_presence__type_support.cpp
-- Up-to-date: /home/chen/sentry_try/sentry_ws/install/sentry_msgs/include/sentry_msgs/sentry_msgs/msg/detail/armor_presence__rosidl_typesupport_introspection_cpp.hpp
-- Up-to-date: /home/chen/sentry_try/sentry_ws/install/sentry_msgs/lib/libsentry_msgs__rosidl_typesupport_introspection_cpp.so
-- Up-to-date: /home/chen/sentry_try/sentry_ws/install/sentry_msgs/lib/libsentry_msgs__rosidl_typesupport_cpp.so
-- Up-to-date: /home/chen/sentry_try/sentry_ws/install/sentry_msgs/share/sentry_msgs/environment/pythonpath.sh
-- Up-to-date: /home/chen/sentry_try/sentry_ws/install/sentry_msgs/share/sentry_msgs/environment/pythonpath.dsv
-- Up-to-date: /home/chen/sentry_try/sentry_ws/install/sentry_msgs/local/lib/python3.10/dist-packages/sentry_msgs-0.0.2-py3.10.egg-info
-- Installing: /home/chen/sentry_try/sentry_ws/install/sentry_msgs/local/lib/python3.10/dist-packages/sentry_msgs-0.0.2-py3.10.egg-info/top_level.txt
-- Installing: /home/chen/sentry_try/sentry_ws/install/sentry_msgs/local/lib/python3.10/dist-packages/sentry_msgs-0.0.2-py3.10.egg-info/PKG-INFO
-- Installing: /home/chen/sentry_try/sentry_ws/install/sentry_msgs/local/lib/python3.10/dist-packages/sentry_msgs-0.0.2-py3.10.egg-info/SOURCES.txt
-- Installing: /home/chen/sentry_try/sentry_ws/install/sentry_msgs/local/lib/python3.10/dist-packages/sentry_msgs-0.0.2-py3.10.egg-info/dependency_links.txt
-- Up-to-date: /home/chen/sentry_try/sentry_ws/install/sentry_msgs/local/lib/python3.10/dist-packages/sentry_msgs
-- Up-to-date: /home/chen/sentry_try/sentry_ws/install/sentry_msgs/local/lib/python3.10/dist-packages/sentry_msgs/sentry_msgs_s__rosidl_typesupport_introspection_c.cpython-310-x86_64-linux-gnu.so
-- Up-to-date: /home/chen/sentry_try/sentry_ws/install/sentry_msgs/local/lib/python3.10/dist-packages/sentry_msgs/_sentry_msgs_s.ep.rosidl_typesupport_introspection_c.c
-- Up-to-date: /home/chen/sentry_try/sentry_ws/install/sentry_msgs/local/lib/python3.10/dist-packages/sentry_msgs/msg
-- Up-to-date: /home/chen/sentry_try/sentry_ws/install/sentry_msgs/local/lib/python3.10/dist-packages/sentry_msgs/msg/_vw_s.c
-- Up-to-date: /home/chen/sentry_try/sentry_ws/install/sentry_msgs/local/lib/python3.10/dist-packages/sentry_msgs/msg/_scan_mode_s.c
-- Up-to-date: /home/chen/sentry_try/sentry_ws/install/sentry_msgs/local/lib/python3.10/dist-packages/sentry_msgs/msg/_vw.py
-- Up-to-date: /home/chen/sentry_try/sentry_ws/install/sentry_msgs/local/lib/python3.10/dist-packages/sentry_msgs/msg/_scan_mode.py
-- Up-to-date: /home/chen/sentry_try/sentry_ws/install/sentry_msgs/local/lib/python3.10/dist-packages/sentry_msgs/msg/_armor_presence.py
-- Up-to-date: /home/chen/sentry_try/sentry_ws/install/sentry_msgs/local/lib/python3.10/dist-packages/sentry_msgs/msg/_armor_presence_s.c
-- Up-to-date: /home/chen/sentry_try/sentry_ws/install/sentry_msgs/local/lib/python3.10/dist-packages/sentry_msgs/msg/__init__.py
-- Up-to-date: /home/chen/sentry_try/sentry_ws/install/sentry_msgs/local/lib/python3.10/dist-packages/sentry_msgs/libsentry_msgs__rosidl_generator_py.so
-- Up-to-date: /home/chen/sentry_try/sentry_ws/install/sentry_msgs/local/lib/python3.10/dist-packages/sentry_msgs/sentry_msgs_s__rosidl_typesupport_c.cpython-310-x86_64-linux-gnu.so
-- Up-to-date: /home/chen/sentry_try/sentry_ws/install/sentry_msgs/local/lib/python3.10/dist-packages/sentry_msgs/_sentry_msgs_s.ep.rosidl_typesupport_fastrtps_c.c
-- Up-to-date: /home/chen/sentry_try/sentry_ws/install/sentry_msgs/local/lib/python3.10/dist-packages/sentry_msgs/sentry_msgs_s__rosidl_typesupport_fastrtps_c.cpython-310-x86_64-linux-gnu.so
-- Up-to-date: /home/chen/sentry_try/sentry_ws/install/sentry_msgs/local/lib/python3.10/dist-packages/sentry_msgs/_sentry_msgs_s.ep.rosidl_typesupport_c.c
-- Up-to-date: /home/chen/sentry_try/sentry_ws/install/sentry_msgs/local/lib/python3.10/dist-packages/sentry_msgs/__init__.py
Listing '/home/chen/sentry_try/sentry_ws/install/sentry_msgs/local/lib/python3.10/dist-packages/sentry_msgs'...
Listing '/home/chen/sentry_try/sentry_ws/install/sentry_msgs/local/lib/python3.10/dist-packages/sentry_msgs/msg'...
-- Up-to-date: /home/chen/sentry_try/sentry_ws/install/sentry_msgs/local/lib/python3.10/dist-packages/sentry_msgs/sentry_msgs_s__rosidl_typesupport_fastrtps_c.cpython-310-x86_64-linux-gnu.so
-- Up-to-date: /home/chen/sentry_try/sentry_ws/install/sentry_msgs/local/lib/python3.10/dist-packages/sentry_msgs/sentry_msgs_s__rosidl_typesupport_introspection_c.cpython-310-x86_64-linux-gnu.so
-- Up-to-date: /home/chen/sentry_try/sentry_ws/install/sentry_msgs/local/lib/python3.10/dist-packages/sentry_msgs/sentry_msgs_s__rosidl_typesupport_c.cpython-310-x86_64-linux-gnu.so
-- Up-to-date: /home/chen/sentry_try/sentry_ws/install/sentry_msgs/lib/libsentry_msgs__rosidl_generator_py.so
-- Up-to-date: /home/chen/sentry_try/sentry_ws/install/sentry_msgs/share/ament_index/resource_index/rust_packages/sentry_msgs
-- Up-to-date: /home/chen/sentry_try/sentry_ws/install/sentry_msgs/share/sentry_msgs/rust
-- Up-to-date: /home/chen/sentry_try/sentry_ws/install/sentry_msgs/share/sentry_msgs/rust/Cargo.toml
-- Up-to-date: /home/chen/sentry_try/sentry_ws/install/sentry_msgs/share/sentry_msgs/rust/build.rs
-- Up-to-date: /home/chen/sentry_try/sentry_ws/install/sentry_msgs/share/sentry_msgs/rust/src
-- Up-to-date: /home/chen/sentry_try/sentry_ws/install/sentry_msgs/share/sentry_msgs/rust/src/msg
-- Up-to-date: /home/chen/sentry_try/sentry_ws/install/sentry_msgs/share/sentry_msgs/rust/src/msg/rmw.rs
-- Up-to-date: /home/chen/sentry_try/sentry_ws/install/sentry_msgs/share/sentry_msgs/rust/src/msg.rs
-- Up-to-date: /home/chen/sentry_try/sentry_ws/install/sentry_msgs/share/sentry_msgs/rust/src/lib.rs
-- Up-to-date: /home/chen/sentry_try/sentry_ws/install/sentry_msgs/share/sentry_msgs/msg/Vw.idl
-- Up-to-date: /home/chen/sentry_try/sentry_ws/install/sentry_msgs/share/sentry_msgs/msg/ScanMode.idl
-- Up-to-date: /home/chen/sentry_try/sentry_ws/install/sentry_msgs/share/sentry_msgs/msg/ArmorPresence.idl
-- Up-to-date: /home/chen/sentry_try/sentry_ws/install/sentry_msgs/share/sentry_msgs/msg/Vw.msg
-- Up-to-date: /home/chen/sentry_try/sentry_ws/install/sentry_msgs/share/sentry_msgs/msg/ScanMode.msg
-- Up-to-date: /home/chen/sentry_try/sentry_ws/install/sentry_msgs/share/sentry_msgs/msg/ArmorPresence.msg
-- Up-to-date: /home/chen/sentry_try/sentry_ws/install/sentry_msgs/share/ament_index/resource_index/package_run_dependencies/sentry_msgs
-- Up-to-date: /home/chen/sentry_try/sentry_ws/install/sentry_msgs/share/ament_index/resource_index/parent_prefix_path/sentry_msgs
-- Up-to-date: /home/chen/sentry_try/sentry_ws/install/sentry_msgs/share/sentry_msgs/environment/ament_prefix_path.sh
-- Up-to-date: /home/chen/sentry_try/sentry_ws/install/sentry_msgs/share/sentry_msgs/environment/ament_prefix_path.dsv
-- Up-to-date: /home/chen/sentry_try/sentry_ws/install/sentry_msgs/share/sentry_msgs/environment/path.sh
-- Up-to-date: /home/chen/sentry_try/sentry_ws/install/sentry_msgs/share/sentry_msgs/environment/path.dsv
-- Up-to-date: /home/chen/sentry_try/sentry_ws/install/sentry_msgs/share/sentry_msgs/local_setup.bash
-- Up-to-date: /home/chen/sentry_try/sentry_ws/install/sentry_msgs/share/sentry_msgs/local_setup.sh
-- Up-to-date: /home/chen/sentry_try/sentry_ws/install/sentry_msgs/share/sentry_msgs/local_setup.zsh
-- Up-to-date: /home/chen/sentry_try/sentry_ws/install/sentry_msgs/share/sentry_msgs/local_setup.dsv
-- Installing: /home/chen/sentry_try/sentry_ws/install/sentry_msgs/share/sentry_msgs/package.dsv
-- Up-to-date: /home/chen/sentry_try/sentry_ws/install/sentry_msgs/share/ament_index/resource_index/packages/sentry_msgs
-- Up-to-date: /home/chen/sentry_try/sentry_ws/install/sentry_msgs/share/sentry_msgs/cmake/export_sentry_msgs__rosidl_generator_cExport.cmake
-- Up-to-date: /home/chen/sentry_try/sentry_ws/install/sentry_msgs/share/sentry_msgs/cmake/export_sentry_msgs__rosidl_generator_cExport-release.cmake
-- Up-to-date: /home/chen/sentry_try/sentry_ws/install/sentry_msgs/share/sentry_msgs/cmake/export_sentry_msgs__rosidl_typesupport_fastrtps_cExport.cmake
-- Up-to-date: /home/chen/sentry_try/sentry_ws/install/sentry_msgs/share/sentry_msgs/cmake/export_sentry_msgs__rosidl_typesupport_fastrtps_cExport-release.cmake
-- Up-to-date: /home/chen/sentry_try/sentry_ws/install/sentry_msgs/share/sentry_msgs/cmake/sentry_msgs__rosidl_typesupport_introspection_cExport.cmake
-- Up-to-date: /home/chen/sentry_try/sentry_ws/install/sentry_msgs/share/sentry_msgs/cmake/sentry_msgs__rosidl_typesupport_introspection_cExport-release.cmake
-- Up-to-date: /home/chen/sentry_try/sentry_ws/install/sentry_msgs/share/sentry_msgs/cmake/sentry_msgs__rosidl_typesupport_cExport.cmake
-- Up-to-date: /home/chen/sentry_try/sentry_ws/install/sentry_msgs/share/sentry_msgs/cmake/sentry_msgs__rosidl_typesupport_cExport-release.cmake
-- Up-to-date: /home/chen/sentry_try/sentry_ws/install/sentry_msgs/share/sentry_msgs/cmake/export_sentry_msgs__rosidl_generator_cppExport.cmake
-- Up-to-date: /home/chen/sentry_try/sentry_ws/install/sentry_msgs/share/sentry_msgs/cmake/export_sentry_msgs__rosidl_typesupport_fastrtps_cppExport.cmake
-- Up-to-date: /home/chen/sentry_try/sentry_ws/install/sentry_msgs/share/sentry_msgs/cmake/export_sentry_msgs__rosidl_typesupport_fastrtps_cppExport-release.cmake
-- Up-to-date: /home/chen/sentry_try/sentry_ws/install/sentry_msgs/share/sentry_msgs/cmake/sentry_msgs__rosidl_typesupport_introspection_cppExport.cmake
-- Up-to-date: /home/chen/sentry_try/sentry_ws/install/sentry_msgs/share/sentry_msgs/cmake/sentry_msgs__rosidl_typesupport_introspection_cppExport-release.cmake
-- Up-to-date: /home/chen/sentry_try/sentry_ws/install/sentry_msgs/share/sentry_msgs/cmake/sentry_msgs__rosidl_typesupport_cppExport.cmake
-- Up-to-date: /home/chen/sentry_try/sentry_ws/install/sentry_msgs/share/sentry_msgs/cmake/sentry_msgs__rosidl_typesupport_cppExport-release.cmake
-- Up-to-date: /home/chen/sentry_try/sentry_ws/install/sentry_msgs/share/sentry_msgs/cmake/export_sentry_msgs__rosidl_generator_pyExport.cmake
-- Up-to-date: /home/chen/sentry_try/sentry_ws/install/sentry_msgs/share/sentry_msgs/cmake/export_sentry_msgs__rosidl_generator_pyExport-release.cmake
-- Up-to-date: /home/chen/sentry_try/sentry_ws/install/sentry_msgs/share/sentry_msgs/cmake/rosidl_cmake-extras.cmake
-- Up-to-date: /home/chen/sentry_try/sentry_ws/install/sentry_msgs/share/sentry_msgs/cmake/ament_cmake_export_dependencies-extras.cmake
-- Up-to-date: /home/chen/sentry_try/sentry_ws/install/sentry_msgs/share/sentry_msgs/cmake/ament_cmake_export_include_directories-extras.cmake
-- Up-to-date: /home/chen/sentry_try/sentry_ws/install/sentry_msgs/share/sentry_msgs/cmake/ament_cmake_export_libraries-extras.cmake
-- Up-to-date: /home/chen/sentry_try/sentry_ws/install/sentry_msgs/share/sentry_msgs/cmake/ament_cmake_export_targets-extras.cmake
-- Up-to-date: /home/chen/sentry_try/sentry_ws/install/sentry_msgs/share/sentry_msgs/cmake/rosidl_cmake_export_typesupport_targets-extras.cmake
-- Up-to-date: /home/chen/sentry_try/sentry_ws/install/sentry_msgs/share/sentry_msgs/cmake/rosidl_cmake_export_typesupport_libraries-extras.cmake
-- Up-to-date: /home/chen/sentry_try/sentry_ws/install/sentry_msgs/share/sentry_msgs/cmake/rosidl_cmake_aggregate_target-extras.cmake
-- Up-to-date: /home/chen/sentry_try/sentry_ws/install/sentry_msgs/share/sentry_msgs/cmake/sentry_msgsConfig.cmake
-- Up-to-date: /home/chen/sentry_try/sentry_ws/install/sentry_msgs/share/sentry_msgs/cmake/sentry_msgsConfig-version.cmake
-- Up-to-date: /home/chen/sentry_try/sentry_ws/install/sentry_msgs/share/sentry_msgs/package.xml
