[0.023s] Invoking command in '/home/chen/sentry_try/sentry_ws/build/lightning': CMAKE_PREFIX_PATH=${CMAKE_PREFIX_PATH}:/opt/ros/humble /usr/bin/cmake /home/chen/sentry_try/sentry_ws/src/lightning-lm -DCMAKE_INSTALL_PREFIX=/home/chen/sentry_try/sentry_ws/install/lightning
[0.053s] -- Eigen found (include: /usr/include/eigen3, version: 3.4.0)
[0.113s] -- FLANN found (include: /usr/include, lib: /usr/lib/x86_64-linux-gnu/libflann_cpp.so)
[0.151s] -- Found OpenGL: /usr/lib/x86_64-linux-gnu/libOpenGL.so  found components: OpenGL GLX 
[0.672s] -- OpenNI found (version: 1.5.4.0, include: /usr/include/ni, lib: /usr/lib/libOpenNI.so;libusb::libusb)
[0.683s] -- OpenNI2 found (version: 2.2.0.33, include: /usr/include/openni2, lib: /usr/lib/x86_64-linux-gnu/libOpenNI2.so;libusb::libusb)
[0.683s] [0m** WARNING ** io features related to pcap will be disabled[0m
[0.802s] -- Eigen found (include: /usr/include/eigen3, version: 3.4.0)
[0.808s] -- OpenNI found (version: 1.5.4.0, include: /usr/include/ni, lib: /usr/lib/libOpenNI.so;libusb::libusb)
[0.814s] -- OpenNI2 found (version: 2.2.0.33, include: /usr/include/openni2, lib: /usr/lib/x86_64-linux-gnu/libOpenNI2.so;libusb::libusb)
[0.920s] -- Found Qhull version 8.0.2
[1.030s] -- OpenNI found (version: 1.5.4.0, include: /usr/include/ni, lib: /usr/lib/libOpenNI.so;libusb::libusb)
[1.129s] -- looking for PCL_COMMON
[1.130s] -- looking for PCL_KDTREE
[1.130s] -- looking for PCL_OCTREE
[1.130s] -- looking for PCL_SEARCH
[1.130s] -- looking for PCL_SAMPLE_CONSENSUS
[1.131s] -- looking for PCL_FILTERS
[1.131s] -- looking for PCL_2D
[1.131s] -- looking for PCL_GEOMETRY
[1.131s] -- looking for PCL_IO
[1.131s] -- looking for PCL_FEATURES
[1.131s] -- looking for PCL_ML
[1.132s] -- looking for PCL_SEGMENTATION
[1.132s] -- looking for PCL_VISUALIZATION
[1.132s] -- looking for PCL_SURFACE
[1.132s] -- looking for PCL_REGISTRATION
[1.132s] -- looking for PCL_KEYPOINTS
[1.133s] -- looking for PCL_TRACKING
[1.133s] -- looking for PCL_RECOGNITION
[1.133s] -- looking for PCL_STEREO
[1.133s] -- looking for PCL_APPS
[1.133s] -- looking for PCL_IN_HAND_SCANNER
[1.134s] -- looking for PCL_MODELER
[1.134s] -- looking for PCL_POINT_CLOUD_EDITOR
[1.134s] -- looking for PCL_OUTOFCORE
[1.134s] -- looking for PCL_PEOPLE
[1.146s] -- Found OpenGL: /usr/lib/x86_64-linux-gnu/libOpenGL.so  found components: OpenGL 
[1.147s] -- Found OpenGL: /usr/lib/x86_64-linux-gnu/libOpenGL.so   
[1.147s] -- Found pcl_conversions: 2.4.5 (/opt/ros/humble/share/pcl_conversions/cmake)
[2.481s] -- Found rosidl_generator_c: 3.1.8 (/opt/ros/humble/share/rosidl_generator_c/cmake)
[2.489s] -- Found rosidl_adapter: 3.1.8 (/opt/ros/humble/share/rosidl_adapter/cmake)
[3.076s] -- Found rosidl_generator_cpp: 3.1.8 (/opt/ros/humble/share/rosidl_generator_cpp/cmake)
[3.480s] -- Using all available rosidl_typesupport_c: rosidl_typesupport_fastrtps_c;rosidl_typesupport_introspection_c
[4.256s] -- Using all available rosidl_typesupport_cpp: rosidl_typesupport_fastrtps_cpp;rosidl_typesupport_introspection_cpp
[4.864s] -- Found rmw_implementation_cmake: 6.1.2 (/opt/ros/humble/share/rmw_implementation_cmake/cmake)
[4.866s] -- Found rmw_fastrtps_cpp: 6.2.10 (/opt/ros/humble/share/rmw_fastrtps_cpp/cmake)
[5.081s] -- Using RMW implementation 'rmw_fastrtps_cpp' as default
[5.179s] -- Found nav_msgs: 4.9.1 (/opt/ros/humble/share/nav_msgs/cmake)
[5.190s] -- Found std_srvs: 4.9.1 (/opt/ros/humble/share/std_srvs/cmake)
[5.203s] -- Found tf2: 0.25.20 (/opt/ros/humble/share/tf2/cmake)
[5.207s] -- Found tf2_ros: 0.25.20 (/opt/ros/humble/share/tf2_ros/cmake)
[5.265s] -- Found rosbag2_cpp: 0.15.16 (/opt/ros/humble/share/rosbag2_cpp/cmake)
[5.282s] -- Found rosidl_default_generators: 1.2.1 (/opt/ros/humble/share/rosidl_default_generators/cmake)
[5.299s] [31mCMake Error at CMakeLists.txt:43 (find_package):
[5.300s]   By not providing "Findrm_referee_msgs.cmake" in CMAKE_MODULE_PATH this
[5.300s]   project has asked CMake to find a package configuration file provided by
[5.300s]   "rm_referee_msgs", but CMake did not find one.
[5.300s] 
[5.300s]   Could not find a package configuration file provided by "rm_referee_msgs"
[5.300s]   with any of the following names:
[5.300s] 
[5.300s]     rm_referee_msgsConfig.cmake
[5.300s]     rm_referee_msgs-config.cmake
[5.300s] 
[5.300s]   Add the installation prefix of "rm_referee_msgs" to CMAKE_PREFIX_PATH or
[5.300s]   set "rm_referee_msgs_DIR" to a directory containing one of the above files.
[5.300s]   If "rm_referee_msgs" provides a separate development package or SDK, be
[5.300s]   sure it has been installed.
[5.300s] 
[5.300s] [0m
[5.301s] -- Configuring incomplete, errors occurred!
[5.301s] See also "/home/chen/sentry_try/sentry_ws/build/lightning/CMakeFiles/CMakeOutput.log".
