** WARNING ** io features related to pcap will be disabled
/usr/include/apr-1.0
apr-1
In file included from /home/chen/sentry_try/sentry_ws/src/lightning-lm/src/core/miao/core/graph/graph.cc:5:
/home/chen/sentry_try/sentry_ws/src/lightning-lm/src/core/miao/core/graph/graph.h: In member function ‘virtual int lightning::miao::Graph::Optimize(int)’:
/home/chen/sentry_try/sentry_ws/src/lightning-lm/src/core/miao/core/graph/graph.h:80:30: warning: unused parameter ‘interations’ [-Wunused-parameter]
   80 |     virtual int Optimize(int interations) { return 0; }
      |                          ~~~~^~~~~~~~~~~
In file included from /home/chen/sentry_try/sentry_ws/src/lightning-lm/src/core/miao/core/graph/optimizer.h:8,
                 from /home/chen/sentry_try/sentry_ws/src/lightning-lm/src/core/miao/core/graph/optimizer.cc:5:
/home/chen/sentry_try/sentry_ws/src/lightning-lm/src/core/miao/core/common/config.h: In constructor ‘lightning::miao::OptimizerConfig::OptimizerConfig(lightning::miao::AlgorithmType, lightning::miao::LinearSolverType, bool)’:
/home/chen/sentry_try/sentry_ws/src/lightning-lm/src/core/miao/core/common/config.h:44:10: warning: ‘lightning::miao::OptimizerConfig::is_dense_’ will be initialized after [-Wreorder]
   44 |     bool is_dense_ = true;
      |          ^~~~~~~~~
/home/chen/sentry_try/sentry_ws/src/lightning-lm/src/core/miao/core/common/config.h:39:22: warning:   ‘lightning::miao::LinearSolverType lightning::miao::OptimizerConfig::linear_solver_type_’ [-Wreorder]
   39 |     LinearSolverType linear_solver_type_ = LinearSolverType::LINEAR_SOLVER_SPARSE_EIGEN;
      |                      ^~~~~~~~~~~~~~~~~~~
/home/chen/sentry_try/sentry_ws/src/lightning-lm/src/core/miao/core/common/config.h:31:14: warning:   when initialized here [-Wreorder]
   31 |     explicit OptimizerConfig(AlgorithmType algo_type,
      |              ^~~~~~~~~~~~~~~
In file included from /home/chen/sentry_try/sentry_ws/src/lightning-lm/src/core/miao/core/graph/optimizer.h:9,
                 from /home/chen/sentry_try/sentry_ws/src/lightning-lm/src/core/miao/core/graph/optimizer.cc:5:
/home/chen/sentry_try/sentry_ws/src/lightning-lm/src/core/miao/core/graph/graph.h: In member function ‘virtual int lightning::miao::Graph::Optimize(int)’:
/home/chen/sentry_try/sentry_ws/src/lightning-lm/src/core/miao/core/graph/graph.h:80:30: warning: unused parameter ‘interations’ [-Wunused-parameter]
   80 |     virtual int Optimize(int interations) { return 0; }
      |                          ~~~~^~~~~~~~~~~
In file included from /home/chen/sentry_try/sentry_ws/src/lightning-lm/src/core/miao/core/graph/optimizer.h:8,
                 from /home/chen/sentry_try/sentry_ws/src/lightning-lm/src/core/miao/core/opti_algo/optimization_algorithm.cc:6:
/home/chen/sentry_try/sentry_ws/src/lightning-lm/src/core/miao/core/common/config.h: In constructor ‘lightning::miao::OptimizerConfig::OptimizerConfig(lightning::miao::AlgorithmType, lightning::miao::LinearSolverType, bool)’:
/home/chen/sentry_try/sentry_ws/src/lightning-lm/src/core/miao/core/common/config.h:44:10: warning: ‘lightning::miao::OptimizerConfig::is_dense_’ will be initialized after [-Wreorder]
   44 |     bool is_dense_ = true;
      |          ^~~~~~~~~
/home/chen/sentry_try/sentry_ws/src/lightning-lm/src/core/miao/core/common/config.h:39:22: warning:   ‘lightning::miao::LinearSolverType lightning::miao::OptimizerConfig::linear_solver_type_’ [-Wreorder]
   39 |     LinearSolverType linear_solver_type_ = LinearSolverType::LINEAR_SOLVER_SPARSE_EIGEN;
      |                      ^~~~~~~~~~~~~~~~~~~
In file included from /home/chen/sentry_try/sentry_ws/src/lightning-lm/src/core/miao/core/solver/solver.h:9,
                 from /home/chen/sentry_try/sentry_ws/src/lightning-lm/src/core/miao/core/solver/solver.cc:5:
/home/chen/sentry_try/sentry_ws/src/lightning-lm/src/core/miao/core/graph/graph.h: In member function ‘virtual int lightning::miao::Graph::Optimize(int)’:
/home/chen/sentry_try/sentry_ws/src/lightning-lm/src/core/miao/core/graph/graph.h:80:30: warning: unused parameter ‘interations’ [-Wunused-parameter]
   80 |     virtual int Optimize(int interations) { return 0; }
      |                          ~~~~^~~~~~~~~~~
/home/chen/sentry_try/sentry_ws/src/lightning-lm/src/core/miao/core/common/config.h:31:14: warning:   when initialized here [-Wreorder]
   31 |     explicit OptimizerConfig(AlgorithmType algo_type,
      |              ^~~~~~~~~~~~~~~
In file included from /home/chen/sentry_try/sentry_ws/src/lightning-lm/src/core/miao/core/graph/optimizer.h:8,
                 from /home/chen/sentry_try/sentry_ws/src/lightning-lm/src/core/miao/core/opti_algo/opti_algo_gauss_newton.cc:5:
/home/chen/sentry_try/sentry_ws/src/lightning-lm/src/core/miao/core/common/config.h: In constructor ‘lightning::miao::OptimizerConfig::OptimizerConfig(lightning::miao::AlgorithmType, lightning::miao::LinearSolverType, bool)’:
/home/chen/sentry_try/sentry_ws/src/lightning-lm/src/core/miao/core/common/config.h:44:10: warning: ‘lightning::miao::OptimizerConfig::is_dense_’ will be initialized after [-Wreorder]
   44 |     bool is_dense_ = true;
      |          ^~~~~~~~~
/home/chen/sentry_try/sentry_ws/src/lightning-lm/src/core/miao/core/common/config.h:39:22: warning:   ‘lightning::miao::LinearSolverType lightning::miao::OptimizerConfig::linear_solver_type_’ [-Wreorder]
   39 |     LinearSolverType linear_solver_type_ = LinearSolverType::LINEAR_SOLVER_SPARSE_EIGEN;
      |                      ^~~~~~~~~~~~~~~~~~~
/home/chen/sentry_try/sentry_ws/src/lightning-lm/src/core/miao/core/common/config.h:31:14: warning:   when initialized here [-Wreorder]
   31 |     explicit OptimizerConfig(AlgorithmType algo_type,
      |              ^~~~~~~~~~~~~~~
In file included from /home/chen/sentry_try/sentry_ws/src/lightning-lm/src/core/miao/core/graph/optimizer.h:9,
                 from /home/chen/sentry_try/sentry_ws/src/lightning-lm/src/core/miao/core/opti_algo/optimization_algorithm.cc:6:
/home/chen/sentry_try/sentry_ws/src/lightning-lm/src/core/miao/core/graph/graph.h: In member function ‘virtual int lightning::miao::Graph::Optimize(int)’:
/home/chen/sentry_try/sentry_ws/src/lightning-lm/src/core/miao/core/graph/graph.h:80:30: warning: unused parameter ‘interations’ [-Wunused-parameter]
   80 |     virtual int Optimize(int interations) { return 0; }
      |                          ~~~~^~~~~~~~~~~
In file included from /home/chen/sentry_try/sentry_ws/src/lightning-lm/src/core/miao/core/graph/optimizer.h:9,
                 from /home/chen/sentry_try/sentry_ws/src/lightning-lm/src/core/miao/core/opti_algo/opti_algo_gauss_newton.cc:5:
/home/chen/sentry_try/sentry_ws/src/lightning-lm/src/core/miao/core/graph/graph.h: In member function ‘virtual int lightning::miao::Graph::Optimize(int)’:
/home/chen/sentry_try/sentry_ws/src/lightning-lm/src/core/miao/core/graph/graph.h:80:30: warning: unused parameter ‘interations’ [-Wunused-parameter]
   80 |     virtual int Optimize(int interations) { return 0; }
      |                          ~~~~^~~~~~~~~~~
In file included from /home/chen/sentry_try/sentry_ws/src/lightning-lm/src/core/miao/core/graph/optimizer.h:8,
                 from /home/chen/sentry_try/sentry_ws/src/lightning-lm/src/core/miao/core/opti_algo/opti_algo_dogleg.cc:6:
/home/chen/sentry_try/sentry_ws/src/lightning-lm/src/core/miao/core/common/config.h: In constructor ‘lightning::miao::OptimizerConfig::OptimizerConfig(lightning::miao::AlgorithmType, lightning::miao::LinearSolverType, bool)’:
/home/chen/sentry_try/sentry_ws/src/lightning-lm/src/core/miao/core/common/config.h:44:10: warning: ‘lightning::miao::OptimizerConfig::is_dense_’ will be initialized after [-Wreorder]
   44 |     bool is_dense_ = true;
      |          ^~~~~~~~~
/home/chen/sentry_try/sentry_ws/src/lightning-lm/src/core/miao/core/common/config.h:39:22: warning:   ‘lightning::miao::LinearSolverType lightning::miao::OptimizerConfig::linear_solver_type_’ [-Wreorder]
   39 |     LinearSolverType linear_solver_type_ = LinearSolverType::LINEAR_SOLVER_SPARSE_EIGEN;
      |                      ^~~~~~~~~~~~~~~~~~~
/home/chen/sentry_try/sentry_ws/src/lightning-lm/src/core/miao/core/common/config.h:31:14: warning:   when initialized here [-Wreorder]
   31 |     explicit OptimizerConfig(AlgorithmType algo_type,
      |              ^~~~~~~~~~~~~~~
In file included from /home/chen/sentry_try/sentry_ws/src/lightning-lm/src/core/miao/core/graph/optimizer.h:8,
                 from /home/chen/sentry_try/sentry_ws/src/lightning-lm/src/core/miao/core/opti_algo/opti_algo_lm.cc:7:
/home/chen/sentry_try/sentry_ws/src/lightning-lm/src/core/miao/core/common/config.h: In constructor ‘lightning::miao::OptimizerConfig::OptimizerConfig(lightning::miao::AlgorithmType, lightning::miao::LinearSolverType, bool)’:
/home/chen/sentry_try/sentry_ws/src/lightning-lm/src/core/miao/core/common/config.h:44:10: warning: ‘lightning::miao::OptimizerConfig::is_dense_’ will be initialized after [-Wreorder]
   44 |     bool is_dense_ = true;
      |          ^~~~~~~~~
/home/chen/sentry_try/sentry_ws/src/lightning-lm/src/core/miao/core/common/config.h:39:22: warning:   ‘lightning::miao::LinearSolverType lightning::miao::OptimizerConfig::linear_solver_type_’ [-Wreorder]
   39 |     LinearSolverType linear_solver_type_ = LinearSolverType::LINEAR_SOLVER_SPARSE_EIGEN;
      |                      ^~~~~~~~~~~~~~~~~~~
/home/chen/sentry_try/sentry_ws/src/lightning-lm/src/core/miao/core/common/config.h:31:14: warning:   when initialized here [-Wreorder]
   31 |     explicit OptimizerConfig(AlgorithmType algo_type,
      |              ^~~~~~~~~~~~~~~
In file included from /home/chen/sentry_try/sentry_ws/src/lightning-lm/src/core/miao/core/graph/optimizer.h:9,
                 from /home/chen/sentry_try/sentry_ws/src/lightning-lm/src/core/miao/core/opti_algo/opti_algo_dogleg.cc:6:
/home/chen/sentry_try/sentry_ws/src/lightning-lm/src/core/miao/core/graph/graph.h: In member function ‘virtual int lightning::miao::Graph::Optimize(int)’:
/home/chen/sentry_try/sentry_ws/src/lightning-lm/src/core/miao/core/graph/graph.h:80:30: warning: unused parameter ‘interations’ [-Wunused-parameter]
   80 |     virtual int Optimize(int interations) { return 0; }
      |                          ~~~~^~~~~~~~~~~
In file included from /home/chen/sentry_try/sentry_ws/src/lightning-lm/src/core/miao/core/graph/optimizer.h:9,
                 from /home/chen/sentry_try/sentry_ws/src/lightning-lm/src/core/miao/core/opti_algo/opti_algo_lm.cc:7:
/home/chen/sentry_try/sentry_ws/src/lightning-lm/src/core/miao/core/graph/graph.h: In member function ‘virtual int lightning::miao::Graph::Optimize(int)’:
/home/chen/sentry_try/sentry_ws/src/lightning-lm/src/core/miao/core/graph/graph.h:80:30: warning: unused parameter ‘interations’ [-Wunused-parameter]
   80 |     virtual int Optimize(int interations) { return 0; }
      |                          ~~~~^~~~~~~~~~~
/home/chen/sentry_try/sentry_ws/src/lightning-lm/src/core/miao/core/graph/optimizer.cc: In member function ‘virtual bool lightning::miao::Optimizer::AddVertex(std::shared_ptr<lightning::miao::Vertex>)’:
/home/chen/sentry_try/sentry_ws/src/lightning-lm/src/core/miao/core/graph/optimizer.cc:288:62: warning: comparison of integer expressions of different signedness: ‘std::unordered_map<int, std::shared_ptr<lightning::miao::Vertex> >::size_type’ {aka ‘long unsigned int’} and ‘int’ [-Wsign-compare]
  288 |         if (config_.max_vertex_size_ > 0 && vertices_.size() == config_.max_vertex_size_) {
      |                                             ~~~~~~~~~~~~~~~~~^~~~~~~~~~~~~~~~~~~~~~~~~~~
/home/chen/sentry_try/sentry_ws/src/lightning-lm/src/io/file_io.cc: In function ‘bool lightning::RemoveIfExist(const string&)’:
/home/chen/sentry_try/sentry_ws/src/lightning-lm/src/io/file_io.cc:17:15: warning: ignoring return value of ‘int system(const char*)’ declared with attribute ‘warn_unused_result’ [-Wunused-result]
   17 |         system(("rm -f " + path).c_str());
      |         ~~~~~~^~~~~~~~~~~~~~~~~~~~~~~~~~~
/home/chen/sentry_try/sentry_ws/src/lightning-lm/src/core/g2p5/g2p5_map.cc: In member function ‘void lightning::g2p5::G2P5Map::SetMissPoint(const float&, const float&, const float&, const float&, float, float)’:
/home/chen/sentry_try/sentry_ws/src/lightning-lm/src/core/g2p5/g2p5_map.cc:215:23: warning: comparison of integer expressions of different signedness: ‘int’ and ‘std::vector<Eigen::Matrix<int, 2, 1> >::size_type’ {aka ‘long unsigned int’} [-Wsign-compare]
  215 |     for (int i = 0; i < updated_pts.size(); ++i) {
      |                     ~~^~~~~~~~~~~~~~~~~~~~
In file included from /home/chen/sentry_try/sentry_ws/src/lightning-lm/src/common/options.cc:5:
/home/chen/sentry_try/sentry_ws/src/lightning-lm/src/common/options.h: In function ‘void lightning::debug::SigHandle(int)’:
/home/chen/sentry_try/sentry_ws/src/lightning-lm/src/common/options.h:27:27: warning: unused parameter ‘sig’ [-Wunused-parameter]
   27 | inline void SigHandle(int sig) {
      |                       ~~~~^~~
In file included from /home/chen/sentry_try/sentry_ws/src/lightning-lm/src/core/lightning_math.hpp:22,
                 from /home/chen/sentry_try/sentry_ws/src/lightning-lm/src/common/s2.hpp:6,
                 from /home/chen/sentry_try/sentry_ws/src/lightning-lm/src/common/nav_state.h:8,
                 from /home/chen/sentry_try/sentry_ws/src/lightning-lm/src/core/localization/localization_result.h:11,
                 from /home/chen/sentry_try/sentry_ws/src/lightning-lm/src/core/localization/localization_result.cc:5:
/home/chen/sentry_try/sentry_ws/src/lightning-lm/src/common/options.h: In function ‘void lightning::debug::SigHandle(int)’:
/home/chen/sentry_try/sentry_ws/src/lightning-lm/src/common/options.h:27:27: warning: unused parameter ‘sig’ [-Wunused-parameter]
   27 | inline void SigHandle(int sig) {
      |                       ~~~~^~~
In file included from /home/chen/sentry_try/sentry_ws/src/lightning-lm/src/core/lightning_math.hpp:22,
                 from /home/chen/sentry_try/sentry_ws/src/lightning-lm/src/common/params.cc:6:
/home/chen/sentry_try/sentry_ws/src/lightning-lm/src/common/options.h: In function ‘void lightning::debug::SigHandle(int)’:
/home/chen/sentry_try/sentry_ws/src/lightning-lm/src/common/options.h:27:27: warning: unused parameter ‘sig’ [-Wunused-parameter]
   27 | inline void SigHandle(int sig) {
      |                       ~~~~^~~
In file included from /home/chen/sentry_try/sentry_ws/src/lightning-lm/src/core/lightning_math.hpp:22,
                 from /home/chen/sentry_try/sentry_ws/src/lightning-lm/src/common/s2.hpp:6,
                 from /home/chen/sentry_try/sentry_ws/src/lightning-lm/src/common/nav_state.h:8,
                 from /home/chen/sentry_try/sentry_ws/src/lightning-lm/src/core/lio/eskf.hpp:9,
                 from /home/chen/sentry_try/sentry_ws/src/lightning-lm/src/core/lio/eskf.cc:5:
/home/chen/sentry_try/sentry_ws/src/lightning-lm/src/common/options.h: In function ‘void lightning::debug::SigHandle(int)’:
/home/chen/sentry_try/sentry_ws/src/lightning-lm/src/common/options.h:27:27: warning: unused parameter ‘sig’ [-Wunused-parameter]
   27 | inline void SigHandle(int sig) {
      |                       ~~~~^~~
In file included from /home/chen/sentry_try/sentry_ws/src/lightning-lm/src/core/lightning_math.hpp:22,
                 from /home/chen/sentry_try/sentry_ws/src/lightning-lm/src/common/s2.hpp:6,
                 from /home/chen/sentry_try/sentry_ws/src/lightning-lm/src/common/nav_state.h:8,
                 from /home/chen/sentry_try/sentry_ws/src/lightning-lm/src/common/nav_state.cc:5:
/home/chen/sentry_try/sentry_ws/src/lightning-lm/src/common/options.h: In function ‘void lightning::debug::SigHandle(int)’:
/home/chen/sentry_try/sentry_ws/src/lightning-lm/src/common/options.h:27:27: warning: unused parameter ‘sig’ [-Wunused-parameter]
   27 | inline void SigHandle(int sig) {
      |                       ~~~~^~~
In file included from /home/chen/sentry_try/sentry_ws/src/lightning-lm/src/core/lio/laser_mapping.cc:5:
/home/chen/sentry_try/sentry_ws/src/lightning-lm/src/common/options.h: In function ‘void lightning::debug::SigHandle(int)’:
/home/chen/sentry_try/sentry_ws/src/lightning-lm/src/common/options.h:27:27: warning: unused parameter ‘sig’ [-Wunused-parameter]
   27 | inline void SigHandle(int sig) {
      |                       ~~~~^~~
