-- The C compiler identification is GNU 11.4.0
-- The CXX compiler identification is GNU 11.4.0
-- Detecting C compiler ABI info
-- Detecting C compiler ABI info - done
-- Check for working C compiler: /usr/bin/cc - skipped
-- Detecting C compile features
-- Detecting C compile features - done
-- Detecting CXX compiler ABI info
-- Detecting CXX compiler ABI info - done
-- Check for working CXX compiler: /usr/bin/c++ - skipped
-- Detecting CXX compile features
-- Detecting CXX compile features - done
-- Checking for module 'eigen3'
--   Found eigen3, version 3.4.0
-- Found Eigen: /usr/include/eigen3 (Required is at least version "3.1") 
-- Eigen found (include: /usr/include/eigen3, version: 3.4.0)
-- Found Boost: /usr/lib/x86_64-linux-gnu/cmake/Boost-1.74.0/BoostConfig.cmake (found suitable version "1.74.0", minimum required is "1.65.0") found components: system filesystem date_time iostreams serialization 
-- Checking for module 'flann'
--   Found flann, version 1.9.1
-- Found FLANN: /usr/lib/x86_64-linux-gnu/libflann_cpp.so  
-- FLANN found (include: /usr/include, lib: /usr/lib/x86_64-linux-gnu/libflann_cpp.so)
-- Looking for pthread.h
-- Looking for pthread.h - found
-- Performing Test CMAKE_HAVE_LIBC_PTHREAD
-- Performing Test CMAKE_HAVE_LIBC_PTHREAD - Success
-- Found Threads: TRUE  
-- Found GLEW: /usr/lib/x86_64-linux-gnu/libGLEW.so  
-- Found OpenGL: /usr/lib/x86_64-linux-gnu/libOpenGL.so  found components: OpenGL GLX 
-- Found MPI_C: /usr/lib/x86_64-linux-gnu/libmpi.so (found version "3.1") 
-- Found MPI: TRUE (found version "3.1") found components: C 
-- Found JsonCpp: /usr/lib/x86_64-linux-gnu/libjsoncpp.so (found suitable version "1.9.5", minimum required is "0.7.0") 
-- Found ZLIB: /usr/lib/x86_64-linux-gnu/libz.so (found version "1.2.11") 
-- Found PNG: /usr/lib/x86_64-linux-gnu/libpng.so (found version "1.6.37") 
-- Found Eigen3: /usr/include/eigen3 (found version "3.4.0") 
-- Found X11: /usr/include   
-- Looking for XOpenDisplay in /usr/lib/x86_64-linux-gnu/libX11.so;/usr/lib/x86_64-linux-gnu/libXext.so
-- Looking for XOpenDisplay in /usr/lib/x86_64-linux-gnu/libX11.so;/usr/lib/x86_64-linux-gnu/libXext.so - found
-- Looking for gethostbyname
-- Looking for gethostbyname - found
-- Looking for connect
-- Looking for connect - found
-- Looking for remove
-- Looking for remove - found
-- Looking for shmat
-- Looking for shmat - found
-- Looking for IceConnectionNumber in ICE
-- Looking for IceConnectionNumber in ICE - found
-- Found EXPAT: /usr/lib/x86_64-linux-gnu/libexpat.so (found version "2.4.7") 
-- Found double-conversion: /usr/lib/x86_64-linux-gnu/libdouble-conversion.so  
-- Found LZ4: /usr/lib/x86_64-linux-gnu/liblz4.so (found version "1.9.3") 
-- Found LZMA: /usr/lib/x86_64-linux-gnu/liblzma.so (found version "5.2.5") 
-- Found JPEG: /usr/lib/x86_64-linux-gnu/libjpeg.so (found version "80") 
-- Found TIFF: /usr/lib/x86_64-linux-gnu/libtiff.so (found version "4.3.0")  
-- Found Freetype: /usr/lib/x86_64-linux-gnu/libfreetype.so (found version "2.11.1") 
-- Found utf8cpp: /usr/include/utf8cpp  
-- Checking for module 'libusb-1.0'
--   Found libusb-1.0, version 1.0.25
-- Found libusb: /usr/lib/x86_64-linux-gnu/libusb-1.0.so  
-- Found OpenNI: /usr/lib/libOpenNI.so;libusb::libusb (found version "1.5.4.0") 
-- OpenNI found (version: 1.5.4.0, include: /usr/include/ni, lib: /usr/lib/libOpenNI.so;libusb::libusb)
-- Found OpenNI2: /usr/lib/x86_64-linux-gnu/libOpenNI2.so;libusb::libusb (found version "2.2.0.33") 
-- OpenNI2 found (version: 2.2.0.33, include: /usr/include/openni2, lib: /usr/lib/x86_64-linux-gnu/libOpenNI2.so;libusb::libusb)
-- Eigen found (include: /usr/include/eigen3, version: 3.4.0)
-- OpenNI found (version: 1.5.4.0, include: /usr/include/ni, lib: /usr/lib/libOpenNI.so;libusb::libusb)
-- OpenNI2 found (version: 2.2.0.33, include: /usr/include/openni2, lib: /usr/lib/x86_64-linux-gnu/libOpenNI2.so;libusb::libusb)
-- Found Qhull version 8.0.2
-- OpenNI found (version: 1.5.4.0, include: /usr/include/ni, lib: /usr/lib/libOpenNI.so;libusb::libusb)
-- looking for PCL_COMMON
-- Found PCL_COMMON: /usr/lib/x86_64-linux-gnu/libpcl_common.so  
-- looking for PCL_KDTREE
-- Found PCL_KDTREE: /usr/lib/x86_64-linux-gnu/libpcl_kdtree.so  
-- looking for PCL_OCTREE
-- Found PCL_OCTREE: /usr/lib/x86_64-linux-gnu/libpcl_octree.so  
-- looking for PCL_SEARCH
-- Found PCL_SEARCH: /usr/lib/x86_64-linux-gnu/libpcl_search.so  
-- looking for PCL_SAMPLE_CONSENSUS
-- Found PCL_SAMPLE_CONSENSUS: /usr/lib/x86_64-linux-gnu/libpcl_sample_consensus.so  
-- looking for PCL_FILTERS
-- Found PCL_FILTERS: /usr/lib/x86_64-linux-gnu/libpcl_filters.so  
-- looking for PCL_2D
-- Found PCL_2D: /usr/include/pcl-1.12  
-- looking for PCL_GEOMETRY
-- Found PCL_GEOMETRY: /usr/include/pcl-1.12  
-- looking for PCL_IO
-- Found PCL_IO: /usr/lib/x86_64-linux-gnu/libpcl_io.so  
-- looking for PCL_FEATURES
-- Found PCL_FEATURES: /usr/lib/x86_64-linux-gnu/libpcl_features.so  
-- looking for PCL_ML
-- Found PCL_ML: /usr/lib/x86_64-linux-gnu/libpcl_ml.so  
-- looking for PCL_SEGMENTATION
-- Found PCL_SEGMENTATION: /usr/lib/x86_64-linux-gnu/libpcl_segmentation.so  
-- looking for PCL_VISUALIZATION
-- Found PCL_VISUALIZATION: /usr/lib/x86_64-linux-gnu/libpcl_visualization.so  
-- looking for PCL_SURFACE
-- Found PCL_SURFACE: /usr/lib/x86_64-linux-gnu/libpcl_surface.so  
-- looking for PCL_REGISTRATION
-- Found PCL_REGISTRATION: /usr/lib/x86_64-linux-gnu/libpcl_registration.so  
-- looking for PCL_KEYPOINTS
-- Found PCL_KEYPOINTS: /usr/lib/x86_64-linux-gnu/libpcl_keypoints.so  
-- looking for PCL_TRACKING
-- Found PCL_TRACKING: /usr/lib/x86_64-linux-gnu/libpcl_tracking.so  
-- looking for PCL_RECOGNITION
-- Found PCL_RECOGNITION: /usr/lib/x86_64-linux-gnu/libpcl_recognition.so  
-- looking for PCL_STEREO
-- Found PCL_STEREO: /usr/lib/x86_64-linux-gnu/libpcl_stereo.so  
-- looking for PCL_APPS
-- Found PCL_APPS: /usr/lib/x86_64-linux-gnu/libpcl_apps.so  
-- looking for PCL_IN_HAND_SCANNER
-- Found PCL_IN_HAND_SCANNER: /usr/include/pcl-1.12  
-- looking for PCL_MODELER
-- Found PCL_MODELER: /usr/include/pcl-1.12  
-- looking for PCL_POINT_CLOUD_EDITOR
-- Found PCL_POINT_CLOUD_EDITOR: /usr/include/pcl-1.12  
-- looking for PCL_OUTOFCORE
-- Found PCL_OUTOFCORE: /usr/lib/x86_64-linux-gnu/libpcl_outofcore.so  
-- looking for PCL_PEOPLE
-- Found PCL_PEOPLE: /usr/lib/x86_64-linux-gnu/libpcl_people.so  
-- Found PCL: pcl_common;pcl_kdtree;pcl_octree;pcl_search;pcl_sample_consensus;pcl_filters;pcl_io;pcl_features;pcl_ml;pcl_segmentation;pcl_visualization;pcl_surface;pcl_registration;pcl_keypoints;pcl_tracking;pcl_recognition;pcl_stereo;pcl_apps;pcl_outofcore;pcl_people;Boost::system;Boost::filesystem;Boost::date_time;Boost::iostreams;Boost::serialization;/usr/lib/libOpenNI.so;libusb::libusb;/usr/lib/x86_64-linux-gnu/libOpenNI2.so;libusb::libusb;VTK::ChartsCore;VTK::CommonColor;VTK::CommonComputationalGeometry;VTK::CommonCore;VTK::CommonDataModel;VTK::CommonExecutionModel;VTK::CommonMath;VTK::CommonMisc;VTK::CommonTransforms;VTK::FiltersCore;VTK::FiltersExtraction;VTK::FiltersGeneral;VTK::FiltersGeometry;VTK::FiltersModeling;VTK::FiltersSources;VTK::ImagingCore;VTK::ImagingSources;VTK::InteractionImage;VTK::InteractionStyle;VTK::InteractionWidgets;VTK::IOCore;VTK::IOGeometry;VTK::IOImage;VTK::IOLegacy;VTK::IOPLY;VTK::RenderingAnnotation;VTK::RenderingCore;VTK::RenderingContext2D;VTK::RenderingLOD;VTK::RenderingFreeType;VTK::ViewsCore;VTK::ViewsContext2D;VTK::RenderingOpenGL2;VTK::GUISupportQt;FLANN::FLANN;QHULL::QHULL  
-- Found OpenGL: /usr/lib/x86_64-linux-gnu/libOpenGL.so  found components: OpenGL 
-- Found OpenGL: /usr/lib/x86_64-linux-gnu/libOpenGL.so   
-- Found pcl_conversions: 2.4.5 (/opt/ros/humble/share/pcl_conversions/cmake)
-- Found Python3: /usr/bin/python3 (found version "3.10.12") found components: Interpreter 
-- Found rosidl_generator_c: 3.1.8 (/opt/ros/humble/share/rosidl_generator_c/cmake)
-- Found rosidl_adapter: 3.1.8 (/opt/ros/humble/share/rosidl_adapter/cmake)
-- Found rosidl_generator_cpp: 3.1.8 (/opt/ros/humble/share/rosidl_generator_cpp/cmake)
-- Using all available rosidl_typesupport_c: rosidl_typesupport_fastrtps_c;rosidl_typesupport_introspection_c
-- Using all available rosidl_typesupport_cpp: rosidl_typesupport_fastrtps_cpp;rosidl_typesupport_introspection_cpp
-- Found rmw_implementation_cmake: 6.1.2 (/opt/ros/humble/share/rmw_implementation_cmake/cmake)
-- Found rmw_fastrtps_cpp: 6.2.10 (/opt/ros/humble/share/rmw_fastrtps_cpp/cmake)
-- Found OpenSSL: /usr/lib/x86_64-linux-gnu/libcrypto.so (found version "3.0.2")  
-- Found FastRTPS: /opt/ros/humble/include  
-- Using RMW implementation 'rmw_fastrtps_cpp' as default
-- Found nav_msgs: 4.9.1 (/opt/ros/humble/share/nav_msgs/cmake)
-- Found std_srvs: 4.9.1 (/opt/ros/humble/share/std_srvs/cmake)
-- Found OpenCV: /usr (found version "4.5.4") 
-- Found tf2: 0.25.20 (/opt/ros/humble/share/tf2/cmake)
-- Found tf2_ros: 0.25.20 (/opt/ros/humble/share/tf2_ros/cmake)
-- Found rosbag2_cpp: 0.15.16 (/opt/ros/humble/share/rosbag2_cpp/cmake)
-- Found rosidl_default_generators: 1.2.1 (/opt/ros/humble/share/rosidl_default_generators/cmake)
-- Found OpenMP_C: -fopenmp (found version "4.5") 
-- Found OpenMP_CXX: -fopenmp (found version "4.5") 
-- Found OpenMP: TRUE (found version "4.5")  
-- Found rm_referee_msgs: 0.0.0 (/home/chen/sentry_try/sentry_ws/install/rm_referee_msgs/share/rm_referee_msgs/cmake)
-- Found ament_cmake_ros: 0.10.0 (/opt/ros/humble/share/ament_cmake_ros/cmake)
-- Using all available rosidl_typesupport_c: rosidl_typesupport_fastrtps_c;rosidl_typesupport_introspection_c
-- Using all available rosidl_typesupport_cpp: rosidl_typesupport_fastrtps_cpp;rosidl_typesupport_introspection_cpp
-- Found PythonInterp: /usr/bin/python3 (found suitable version "3.10.12", minimum required is "3.6") 
-- Found python_cmake_module: 0.10.0 (/opt/ros/humble/share/python_cmake_module/cmake)
-- Found PythonLibs: /usr/lib/x86_64-linux-gnu/libpython3.10.so (found suitable version "3.10.12", minimum required is "3.5") 
-- Using PYTHON_EXECUTABLE: /usr/bin/python3
-- Using PYTHON_INCLUDE_DIRS: /usr/include/python3.10
-- Using PYTHON_LIBRARIES: /usr/lib/x86_64-linux-gnu/libpython3.10.so
-- Found PythonExtra: .so  
-- livox_ros_driver2 version: 2.6.0
-- Found ament_cmake_auto: 1.3.14 (/opt/ros/humble/share/ament_cmake_auto/cmake)
-- Found PkgConfig: /usr/bin/pkg-config (found version "0.29.2") 
-- Checking for module 'apr-1'
--   Found apr-1, version 1.7.0
-- Using all available rosidl_typesupport_c: rosidl_typesupport_fastrtps_c;rosidl_typesupport_introspection_c
-- Using all available rosidl_typesupport_cpp: rosidl_typesupport_fastrtps_cpp;rosidl_typesupport_introspection_cpp
-- Using PYTHON_EXECUTABLE: /usr/bin/python3
-- Using PYTHON_INCLUDE_DIRS: /usr/include/python3.10
-- Using PYTHON_LIBRARIES: /usr/lib/x86_64-linux-gnu/libpython3.10.so
-- Configuring done
-- Generating done
-- Build files have been written to: /home/chen/sentry_try/sentry_ws/build/lightning
[  0%] Generating C code for ROS interfaces
[  1%] Generating C code for ROS interfaces
[  4%] Building CXX object src/core/miao/utils/CMakeFiles/miao.utils.dir/sampler.cc.o
[  4%] Generating C++ code for ROS interfaces
[  4%] Generating C++ code for ROS interfaces
[  5%] Building CXX object src/core/miao/core/CMakeFiles/miao.core.dir/graph/graph.cc.o
[  6%] Building CXX object src/core/miao/core/CMakeFiles/miao.core.dir/opti_algo/opti_algo_lm.cc.o
[  6%] Building CXX object src/core/miao/core/CMakeFiles/miao.core.dir/graph/optimizer.cc.o
[  7%] Building CXX object src/core/miao/core/CMakeFiles/miao.core.dir/common/string_tools.cc.o
[  7%] Building CXX object src/core/miao/core/CMakeFiles/miao.core.dir/opti_algo/optimization_algorithm.cc.o
[  8%] Building CXX object src/core/miao/core/CMakeFiles/miao.core.dir/math/marginal_covariance_cholesky.cc.o
[  9%] Building CXX object src/core/miao/core/CMakeFiles/miao.core.dir/opti_algo/opti_algo_gauss_newton.cc.o
[ 10%] Generating Rust code for ROS interfaces
[ 10%] Generating Rust code for ROS interfaces
[ 10%] Built target ament_cmake_python_copy_lightning
[ 10%] Built target ament_cmake_python_copy_livox_ros_driver2
[ 11%] Building CXX object src/core/miao/core/CMakeFiles/miao.core.dir/opti_algo/opti_algo_dogleg.cc.o
running egg_info
creating lightning.egg-info
writing lightning.egg-info/PKG-INFO
writing dependency_links to lightning.egg-info/dependency_links.txt
writing top-level names to lightning.egg-info/top_level.txt
writing manifest file 'lightning.egg-info/SOURCES.txt'
reading manifest file 'lightning.egg-info/SOURCES.txt'
writing manifest file 'lightning.egg-info/SOURCES.txt'
[ 11%] Built target ament_cmake_python_build_lightning_egg
[ 11%] Built target livox_interfaces2__rs
[ 11%] Building CXX object src/core/miao/core/CMakeFiles/miao.core.dir/solver/solver.cc.o
[ 11%] Built target lightning__rs
[ 11%] Built target livox_interfaces2__cpp
[ 12%] Generating C++ type support for eProsima Fast-RTPS
[ 14%] Building C object thirdparty/livox_ros_driver/CMakeFiles/livox_interfaces2__rosidl_generator_c.dir/rosidl_generator_c/livox_ros_driver2/msg/detail/custom_point__functions.c.o
[ 14%] Generating C++ introspection for ROS interfaces
[ 15%] Building C object CMakeFiles/lightning__rosidl_generator_c.dir/rosidl_generator_c/lightning/srv/detail/loc_cmd__functions.c.o
[ 15%] Built target lightning__cpp
running egg_info
creating livox_ros_driver2.egg-info
writing livox_ros_driver2.egg-info/PKG-INFO
writing dependency_links to livox_ros_driver2.egg-info/dependency_links.txt
[ 16%] Building C object CMakeFiles/lightning__rosidl_generator_c.dir/rosidl_generator_c/lightning/srv/detail/save_map__functions.c.o
writing top-level names to livox_ros_driver2.egg-info/top_level.txt
writing manifest file 'livox_ros_driver2.egg-info/SOURCES.txt'
reading manifest file 'livox_ros_driver2.egg-info/SOURCES.txt'
writing manifest file 'livox_ros_driver2.egg-info/SOURCES.txt'
[ 16%] Built target ament_cmake_python_build_livox_ros_driver2_egg
[ 17%] Building C object thirdparty/livox_ros_driver/CMakeFiles/livox_interfaces2__rosidl_generator_c.dir/rosidl_generator_c/livox_ros_driver2/msg/detail/custom_msg__functions.c.o
[ 18%] Generating C++ type support dispatch for ROS interfaces
[ 19%] Linking C shared library liblightning__rosidl_generator_c.so
[ 19%] Linking C shared library liblivox_ros_driver2__rosidl_generator_c.so
[ 19%] Built target lightning__rosidl_generator_c
[ 20%] Generating C++ type support for eProsima Fast-RTPS
[ 21%] Generating C type support for eProsima Fast-RTPS
[ 22%] Generating C introspection for ROS interfaces
[ 22%] Built target livox_interfaces2__rosidl_generator_c
[ 22%] Generating C type support dispatch for ROS interfaces
[ 23%] Building CXX object thirdparty/livox_ros_driver/CMakeFiles/livox_interfaces2__rosidl_typesupport_fastrtps_cpp.dir/rosidl_typesupport_fastrtps_cpp/livox_ros_driver2/msg/detail/dds_fastrtps/custom_point__type_support.cpp.o
[ 23%] Building CXX object thirdparty/livox_ros_driver/CMakeFiles/livox_interfaces2__rosidl_typesupport_introspection_cpp.dir/rosidl_typesupport_introspection_cpp/livox_ros_driver2/msg/detail/custom_point__type_support.cpp.o
[ 24%] Building CXX object thirdparty/livox_ros_driver/CMakeFiles/livox_interfaces2__rosidl_typesupport_cpp.dir/rosidl_typesupport_cpp/livox_ros_driver2/msg/custom_point__type_support.cpp.o
[ 25%] Building CXX object CMakeFiles/lightning__rosidl_typesupport_fastrtps_cpp.dir/rosidl_typesupport_fastrtps_cpp/lightning/srv/detail/dds_fastrtps/loc_cmd__type_support.cpp.o
[ 25%] Building CXX object CMakeFiles/lightning__rosidl_typesupport_fastrtps_c.dir/rosidl_typesupport_fastrtps_c/lightning/srv/detail/loc_cmd__type_support_c.cpp.o
[ 26%] Building CXX object CMakeFiles/lightning__rosidl_typesupport_c.dir/rosidl_typesupport_c/lightning/srv/loc_cmd__type_support.cpp.o
[ 27%] Building CXX object CMakeFiles/lightning__rosidl_typesupport_c.dir/rosidl_typesupport_c/lightning/srv/save_map__type_support.cpp.o
[ 28%] Building C object CMakeFiles/lightning__rosidl_typesupport_introspection_c.dir/rosidl_typesupport_introspection_c/lightning/srv/detail/loc_cmd__type_support.c.o
[ 29%] Building CXX object thirdparty/livox_ros_driver/CMakeFiles/livox_interfaces2__rosidl_typesupport_cpp.dir/rosidl_typesupport_cpp/livox_ros_driver2/msg/custom_msg__type_support.cpp.o
[ 29%] Building CXX object thirdparty/livox_ros_driver/CMakeFiles/livox_interfaces2__rosidl_typesupport_fastrtps_cpp.dir/rosidl_typesupport_fastrtps_cpp/livox_ros_driver2/msg/detail/dds_fastrtps/custom_msg__type_support.cpp.o
[ 30%] Building CXX object thirdparty/livox_ros_driver/CMakeFiles/livox_interfaces2__rosidl_typesupport_introspection_cpp.dir/rosidl_typesupport_introspection_cpp/livox_ros_driver2/msg/detail/custom_msg__type_support.cpp.o
[ 31%] Linking CXX shared library liblightning__rosidl_typesupport_c.so
[ 31%] Building C object CMakeFiles/lightning__rosidl_typesupport_introspection_c.dir/rosidl_typesupport_introspection_c/lightning/srv/detail/save_map__type_support.c.o
[ 31%] Linking CXX shared library libmiao.utils.so
[ 31%] Built target lightning__rosidl_typesupport_c
[ 32%] Generating C++ introspection for ROS interfaces
[ 33%] Linking C shared library liblightning__rosidl_typesupport_introspection_c.so
[ 33%] Built target lightning__rosidl_typesupport_introspection_c
[ 33%] Built target miao.utils
[ 34%] Generating C++ type support dispatch for ROS interfaces
[ 35%] Building CXX object CMakeFiles/lightning__rosidl_typesupport_fastrtps_c.dir/rosidl_typesupport_fastrtps_c/lightning/srv/detail/save_map__type_support_c.cpp.o
[ 36%] Generating C type support for eProsima Fast-RTPS
[ 36%] Linking CXX shared library liblivox_ros_driver2__rosidl_typesupport_cpp.so
[ 36%] Built target livox_interfaces2__rosidl_typesupport_cpp
[ 36%] Building CXX object CMakeFiles/lightning__rosidl_typesupport_fastrtps_cpp.dir/rosidl_typesupport_fastrtps_cpp/lightning/srv/detail/dds_fastrtps/save_map__type_support.cpp.o
[ 37%] Generating C introspection for ROS interfaces
[ 38%] Generating C type support dispatch for ROS interfaces
[ 39%] Linking CXX shared library liblivox_ros_driver2__rosidl_typesupport_fastrtps_cpp.so
[ 40%] Linking CXX shared library liblivox_ros_driver2__rosidl_typesupport_introspection_cpp.so
[ 40%] Built target livox_interfaces2__rosidl_typesupport_introspection_cpp
[ 41%] Building CXX object CMakeFiles/lightning__rosidl_typesupport_introspection_cpp.dir/rosidl_typesupport_introspection_cpp/lightning/srv/detail/save_map__type_support.cpp.o
[ 42%] Building CXX object CMakeFiles/lightning__rosidl_typesupport_introspection_cpp.dir/rosidl_typesupport_introspection_cpp/lightning/srv/detail/loc_cmd__type_support.cpp.o
[ 42%] Built target livox_interfaces2__rosidl_typesupport_fastrtps_cpp
[ 44%] Building CXX object CMakeFiles/lightning__rosidl_typesupport_cpp.dir/rosidl_typesupport_cpp/lightning/srv/loc_cmd__type_support.cpp.o
[ 44%] Building CXX object CMakeFiles/lightning__rosidl_typesupport_cpp.dir/rosidl_typesupport_cpp/lightning/srv/save_map__type_support.cpp.o
[ 44%] Linking CXX shared library liblightning__rosidl_typesupport_fastrtps_c.so
[ 45%] Building CXX object thirdparty/livox_ros_driver/CMakeFiles/livox_interfaces2__rosidl_typesupport_fastrtps_c.dir/rosidl_typesupport_fastrtps_c/livox_ros_driver2/msg/detail/custom_point__type_support_c.cpp.o
[ 45%] Building CXX object thirdparty/livox_ros_driver/CMakeFiles/livox_interfaces2__rosidl_typesupport_fastrtps_c.dir/rosidl_typesupport_fastrtps_c/livox_ros_driver2/msg/detail/custom_msg__type_support_c.cpp.o
[ 45%] Built target lightning__rosidl_typesupport_fastrtps_c
[ 46%] Linking CXX shared library liblightning__rosidl_typesupport_fastrtps_cpp.so
[ 47%] Building C object thirdparty/livox_ros_driver/CMakeFiles/livox_interfaces2__rosidl_typesupport_introspection_c.dir/rosidl_typesupport_introspection_c/livox_ros_driver2/msg/detail/custom_msg__type_support.c.o
[ 47%] Building C object thirdparty/livox_ros_driver/CMakeFiles/livox_interfaces2__rosidl_typesupport_introspection_c.dir/rosidl_typesupport_introspection_c/livox_ros_driver2/msg/detail/custom_point__type_support.c.o
[ 48%] Building CXX object thirdparty/livox_ros_driver/CMakeFiles/livox_interfaces2__rosidl_typesupport_c.dir/rosidl_typesupport_c/livox_ros_driver2/msg/custom_msg__type_support.cpp.o
[ 49%] Building CXX object thirdparty/livox_ros_driver/CMakeFiles/livox_interfaces2__rosidl_typesupport_c.dir/rosidl_typesupport_c/livox_ros_driver2/msg/custom_point__type_support.cpp.o
[ 50%] Linking C shared library liblivox_ros_driver2__rosidl_typesupport_introspection_c.so
[ 50%] Built target lightning__rosidl_typesupport_fastrtps_cpp
[ 50%] Linking CXX shared library liblivox_ros_driver2__rosidl_typesupport_c.so
[ 51%] Linking CXX shared library liblightning__rosidl_typesupport_cpp.so
[ 51%] Built target livox_interfaces2__rosidl_typesupport_introspection_c
[ 51%] Built target livox_interfaces2__rosidl_typesupport_c
[ 51%] Built target lightning__rosidl_typesupport_cpp
[ 51%] Linking CXX shared library liblightning__rosidl_typesupport_introspection_cpp.so
[ 52%] Linking CXX shared library liblivox_ros_driver2__rosidl_typesupport_fastrtps_c.so
[ 52%] Built target lightning__rosidl_typesupport_introspection_cpp
[ 52%] Built target lightning
[ 53%] Generating Python code for ROS interfaces
[ 53%] Built target livox_interfaces2__rosidl_typesupport_fastrtps_c
[ 53%] Built target livox_interfaces2
[ 53%] Generating Python code for ROS interfaces
[ 53%] Built target livox_interfaces2__py
[ 55%] Building C object thirdparty/livox_ros_driver/CMakeFiles/livox_interfaces2__rosidl_generator_py.dir/rosidl_generator_py/livox_ros_driver2/msg/_custom_msg_s.c.o
[ 55%] Building C object thirdparty/livox_ros_driver/CMakeFiles/livox_interfaces2__rosidl_generator_py.dir/rosidl_generator_py/livox_ros_driver2/msg/_custom_point_s.c.o
[ 55%] Built target lightning__py
[ 56%] Building C object CMakeFiles/lightning__rosidl_generator_py.dir/rosidl_generator_py/lightning/srv/_save_map_s.c.o
[ 56%] Building C object CMakeFiles/lightning__rosidl_generator_py.dir/rosidl_generator_py/lightning/srv/_loc_cmd_s.c.o
[ 57%] Linking C shared library rosidl_generator_py/lightning/liblightning__rosidl_generator_py.so
[ 57%] Linking C shared library rosidl_generator_py/livox_ros_driver2/liblivox_interfaces2__rosidl_generator_py.so
[ 57%] Built target lightning__rosidl_generator_py
[ 57%] Built target livox_interfaces2__rosidl_generator_py
[ 58%] Building C object CMakeFiles/lightning__rosidl_typesupport_c__pyext.dir/rosidl_generator_py/lightning/_lightning_s.ep.rosidl_typesupport_c.c.o
[ 59%] Building C object CMakeFiles/lightning__rosidl_typesupport_introspection_c__pyext.dir/rosidl_generator_py/lightning/_lightning_s.ep.rosidl_typesupport_introspection_c.c.o
[ 59%] Building C object CMakeFiles/lightning__rosidl_typesupport_fastrtps_c__pyext.dir/rosidl_generator_py/lightning/_lightning_s.ep.rosidl_typesupport_fastrtps_c.c.o
[ 62%] Building C object thirdparty/livox_ros_driver/CMakeFiles/livox_ros_driver2__rosidl_typesupport_introspection_c__pyext.dir/rosidl_generator_py/livox_ros_driver2/_livox_ros_driver2_s.ep.rosidl_typesupport_introspection_c.c.o
[ 62%] Building C object thirdparty/livox_ros_driver/CMakeFiles/livox_ros_driver2__rosidl_typesupport_fastrtps_c__pyext.dir/rosidl_generator_py/livox_ros_driver2/_livox_ros_driver2_s.ep.rosidl_typesupport_fastrtps_c.c.o
[ 62%] Building C object thirdparty/livox_ros_driver/CMakeFiles/livox_ros_driver2__rosidl_typesupport_c__pyext.dir/rosidl_generator_py/livox_ros_driver2/_livox_ros_driver2_s.ep.rosidl_typesupport_c.c.o
[ 63%] Linking C shared library rosidl_generator_py/livox_ros_driver2/livox_ros_driver2_s__rosidl_typesupport_fastrtps_c.cpython-310-x86_64-linux-gnu.so
[ 63%] Linking C shared library rosidl_generator_py/livox_ros_driver2/livox_ros_driver2_s__rosidl_typesupport_introspection_c.cpython-310-x86_64-linux-gnu.so
[ 64%] Linking C shared library rosidl_generator_py/livox_ros_driver2/livox_ros_driver2_s__rosidl_typesupport_c.cpython-310-x86_64-linux-gnu.so
[ 64%] Linking C shared library rosidl_generator_py/lightning/lightning_s__rosidl_typesupport_fastrtps_c.cpython-310-x86_64-linux-gnu.so
[ 65%] Linking C shared library rosidl_generator_py/lightning/lightning_s__rosidl_typesupport_c.cpython-310-x86_64-linux-gnu.so
[ 65%] Linking C shared library rosidl_generator_py/lightning/lightning_s__rosidl_typesupport_introspection_c.cpython-310-x86_64-linux-gnu.so
[ 65%] Built target livox_ros_driver2__rosidl_typesupport_fastrtps_c__pyext
[ 65%] Built target livox_ros_driver2__rosidl_typesupport_introspection_c__pyext
[ 65%] Built target livox_ros_driver2__rosidl_typesupport_c__pyext
[ 65%] Built target lightning__rosidl_typesupport_fastrtps_c__pyext
[ 65%] Built target lightning__rosidl_typesupport_c__pyext
[ 65%] Built target lightning__rosidl_typesupport_introspection_c__pyext
[ 66%] Linking CXX shared library libmiao.core.so
[ 66%] Built target miao.core
[ 71%] Building CXX object src/CMakeFiles/lightning.libs.dir/io/file_io.cc.o
[ 71%] Building CXX object src/CMakeFiles/lightning.libs.dir/core/maps/tiled_map.cc.o
[ 71%] Building CXX object src/CMakeFiles/lightning.libs.dir/core/g2p5/g2p5.cc.o
[ 71%] Building CXX object src/CMakeFiles/lightning.libs.dir/core/localization/localization_result.cc.o
[ 71%] Building CXX object src/CMakeFiles/lightning.libs.dir/common/nav_state.cc.o
[ 71%] Building CXX object src/CMakeFiles/lightning.libs.dir/io/yaml_io.cc.o
[ 74%] Building CXX object src/CMakeFiles/lightning.libs.dir/core/g2p5/g2p5_subgrid.cc.o
[ 71%] Building CXX object src/CMakeFiles/lightning.libs.dir/core/g2p5/g2p5_map.cc.o
[ 74%] Building CXX object src/CMakeFiles/lightning.libs.dir/common/params.cc.o
[ 71%] Building CXX object src/CMakeFiles/lightning.libs.dir/common/options.cc.o
[ 74%] Building CXX object src/CMakeFiles/lightning.libs.dir/core/lio/pointcloud_preprocess.cc.o
[ 75%] Building CXX object src/CMakeFiles/lightning.libs.dir/core/loop_closing/loop_closing.cc.o
[ 77%] Building CXX object src/CMakeFiles/lightning.libs.dir/core/lio/laser_mapping.cc.o
[ 74%] Building CXX object src/CMakeFiles/lightning.libs.dir/core/localization/lidar_loc/lidar_loc.cc.o
[ 77%] Building CXX object src/CMakeFiles/lightning.libs.dir/core/maps/tiled_map_chunk.cc.o
[ 74%] Building CXX object src/CMakeFiles/lightning.libs.dir/core/lio/eskf.cc.o
[ 78%] Building CXX object src/CMakeFiles/lightning.libs.dir/core/localization/lidar_loc/pclomp/ndt_omp.cpp.o
[ 78%] Building CXX object src/CMakeFiles/lightning.libs.dir/core/localization/lidar_loc/pclomp/voxel_grid_covariance_omp.cpp.o
[ 79%] Building CXX object src/CMakeFiles/lightning.libs.dir/core/localization/pose_graph/pgo.cc.o
[ 80%] Building CXX object src/CMakeFiles/lightning.libs.dir/core/localization/pose_graph/pgo_impl.cc.o
[ 81%] Building CXX object src/CMakeFiles/lightning.libs.dir/core/localization/pose_graph/pose_extrapolator.cc.o
[ 81%] Building CXX object src/CMakeFiles/lightning.libs.dir/core/localization/localization.cpp.o
