[0.013s] Invoking command in '/home/chen/sentry_try/sentry_ws/build/lightning': AMENT_PREFIX_PATH=/home/chen/sentry_try/sentry_ws/install/rm_referee_msgs:${AMENT_PREFIX_PATH} CMAKE_PREFIX_PATH=/home/chen/sentry_try/sentry_ws/install/rm_referee_msgs:/opt/ros/humble LD_LIBRARY_PATH=/home/chen/sentry_try/sentry_ws/install/rm_referee_msgs/lib:${LD_LIBRARY_PATH} PYTHONPATH=/home/chen/sentry_try/sentry_ws/install/rm_referee_msgs/local/lib/python3.10/dist-packages:${PYTHONPATH} /usr/bin/cmake /home/chen/sentry_try/sentry_ws/src/lightning-lm -DCMAKE_INSTALL_PREFIX=/home/chen/sentry_try/sentry_ws/install/lightning
[0.080s] -- The C compiler identification is GNU 11.4.0
[0.143s] -- The CXX compiler identification is GNU 11.4.0
[0.151s] -- Detecting C compiler ABI info
[0.214s] -- Detecting C compiler ABI info - done
[0.218s] -- Check for working C compiler: /usr/bin/cc - skipped
[0.219s] -- Detecting C compile features
[0.219s] -- Detecting C compile features - done
[0.222s] -- Detecting CXX compiler ABI info
[0.287s] -- Detecting CXX compiler ABI info - done
[0.292s] -- Check for working CXX compiler: /usr/bin/c++ - skipped
[0.293s] -- Detecting CXX compile features
[0.293s] -- Detecting CXX compile features - done
[0.323s] -- Checking for module 'eigen3'
[0.335s] --   Found eigen3, version 3.4.0
[0.373s] -- Found Eigen: /usr/include/eigen3 (Required is at least version "3.1") 
[0.373s] -- Eigen found (include: /usr/include/eigen3, version: 3.4.0)
[0.438s] -- Found Boost: /usr/lib/x86_64-linux-gnu/cmake/Boost-1.74.0/BoostConfig.cmake (found suitable version "1.74.0", minimum required is "1.65.0") found components: system filesystem date_time iostreams serialization 
[0.455s] -- Checking for module 'flann'
[0.468s] --   Found flann, version 1.9.1
[0.510s] -- Found FLANN: /usr/lib/x86_64-linux-gnu/libflann_cpp.so  
[0.510s] -- FLANN found (include: /usr/include, lib: /usr/lib/x86_64-linux-gnu/libflann_cpp.so)
[0.534s] -- Looking for pthread.h
[0.601s] -- Looking for pthread.h - found
[0.601s] -- Performing Test CMAKE_HAVE_LIBC_PTHREAD
[0.664s] -- Performing Test CMAKE_HAVE_LIBC_PTHREAD - Success
[0.665s] -- Found Threads: TRUE  
[0.667s] -- Found GLEW: /usr/lib/x86_64-linux-gnu/libGLEW.so  
[0.672s] -- Found OpenGL: /usr/lib/x86_64-linux-gnu/libOpenGL.so  found components: OpenGL GLX 
[0.798s] -- Found MPI_C: /usr/lib/x86_64-linux-gnu/libmpi.so (found version "3.1") 
[0.798s] -- Found MPI: TRUE (found version "3.1") found components: C 
[0.801s] -- Found JsonCpp: /usr/lib/x86_64-linux-gnu/libjsoncpp.so (found suitable version "1.9.5", minimum required is "0.7.0") 
[0.807s] -- Found ZLIB: /usr/lib/x86_64-linux-gnu/libz.so (found version "1.2.11") 
[0.819s] -- Found PNG: /usr/lib/x86_64-linux-gnu/libpng.so (found version "1.6.37") 
[0.835s] -- Found Eigen3: /usr/include/eigen3 (found version "3.4.0") 
[0.924s] -- Found X11: /usr/include   
[0.924s] -- Looking for XOpenDisplay in /usr/lib/x86_64-linux-gnu/libX11.so;/usr/lib/x86_64-linux-gnu/libXext.so
[0.986s] -- Looking for XOpenDisplay in /usr/lib/x86_64-linux-gnu/libX11.so;/usr/lib/x86_64-linux-gnu/libXext.so - found
[0.986s] -- Looking for gethostbyname
[1.041s] -- Looking for gethostbyname - found
[1.041s] -- Looking for connect
[1.097s] -- Looking for connect - found
[1.098s] -- Looking for remove
[1.154s] -- Looking for remove - found
[1.154s] -- Looking for shmat
[1.210s] -- Looking for shmat - found
[1.210s] -- Looking for IceConnectionNumber in ICE
[1.269s] -- Looking for IceConnectionNumber in ICE - found
[1.340s] -- Found EXPAT: /usr/lib/x86_64-linux-gnu/libexpat.so (found version "2.4.7") 
[1.342s] -- Found double-conversion: /usr/lib/x86_64-linux-gnu/libdouble-conversion.so  
[1.344s] -- Found LZ4: /usr/lib/x86_64-linux-gnu/liblz4.so (found version "1.9.3") 
[1.347s] -- Found LZMA: /usr/lib/x86_64-linux-gnu/liblzma.so (found version "5.2.5") 
[1.390s] -- Found JPEG: /usr/lib/x86_64-linux-gnu/libjpeg.so (found version "80") 
[1.396s] -- Found TIFF: /usr/lib/x86_64-linux-gnu/libtiff.so (found version "4.3.0")  
[1.398s] -- Found Freetype: /usr/lib/x86_64-linux-gnu/libfreetype.so (found version "2.11.1") 
[1.402s] -- Found utf8cpp: /usr/include/utf8cpp  
[1.476s] -- Checking for module 'libusb-1.0'
[1.488s] --   Found libusb-1.0, version 1.0.25
[1.522s] -- Found libusb: /usr/lib/x86_64-linux-gnu/libusb-1.0.so  
[1.523s] -- Found OpenNI: /usr/lib/libOpenNI.so;libusb::libusb (found version "1.5.4.0") 
[1.523s] -- OpenNI found (version: 1.5.4.0, include: /usr/include/ni, lib: /usr/lib/libOpenNI.so;libusb::libusb)
[1.576s] -- Found OpenNI2: /usr/lib/x86_64-linux-gnu/libOpenNI2.so;libusb::libusb (found version "2.2.0.33") 
[1.576s] -- OpenNI2 found (version: 2.2.0.33, include: /usr/include/openni2, lib: /usr/lib/x86_64-linux-gnu/libOpenNI2.so;libusb::libusb)
[1.576s] ** WARNING ** io features related to pcap will be disabled
[1.681s] -- Eigen found (include: /usr/include/eigen3, version: 3.4.0)
[1.687s] -- OpenNI found (version: 1.5.4.0, include: /usr/include/ni, lib: /usr/lib/libOpenNI.so;libusb::libusb)
[1.692s] -- OpenNI2 found (version: 2.2.0.33, include: /usr/include/openni2, lib: /usr/lib/x86_64-linux-gnu/libOpenNI2.so;libusb::libusb)
[1.796s] -- Found Qhull version 8.0.2
[1.900s] -- OpenNI found (version: 1.5.4.0, include: /usr/include/ni, lib: /usr/lib/libOpenNI.so;libusb::libusb)
[2.006s] -- looking for PCL_COMMON
[2.007s] -- Found PCL_COMMON: /usr/lib/x86_64-linux-gnu/libpcl_common.so  
[2.007s] -- looking for PCL_KDTREE
[2.008s] -- Found PCL_KDTREE: /usr/lib/x86_64-linux-gnu/libpcl_kdtree.so  
[2.008s] -- looking for PCL_OCTREE
[2.008s] -- Found PCL_OCTREE: /usr/lib/x86_64-linux-gnu/libpcl_octree.so  
[2.008s] -- looking for PCL_SEARCH
[2.009s] -- Found PCL_SEARCH: /usr/lib/x86_64-linux-gnu/libpcl_search.so  
[2.009s] -- looking for PCL_SAMPLE_CONSENSUS
[2.009s] -- Found PCL_SAMPLE_CONSENSUS: /usr/lib/x86_64-linux-gnu/libpcl_sample_consensus.so  
[2.009s] -- looking for PCL_FILTERS
[2.010s] -- Found PCL_FILTERS: /usr/lib/x86_64-linux-gnu/libpcl_filters.so  
[2.010s] -- looking for PCL_2D
[2.010s] -- Found PCL_2D: /usr/include/pcl-1.12  
[2.010s] -- looking for PCL_GEOMETRY
[2.010s] -- Found PCL_GEOMETRY: /usr/include/pcl-1.12  
[2.010s] -- looking for PCL_IO
[2.011s] -- Found PCL_IO: /usr/lib/x86_64-linux-gnu/libpcl_io.so  
[2.011s] -- looking for PCL_FEATURES
[2.011s] -- Found PCL_FEATURES: /usr/lib/x86_64-linux-gnu/libpcl_features.so  
[2.012s] -- looking for PCL_ML
[2.012s] -- Found PCL_ML: /usr/lib/x86_64-linux-gnu/libpcl_ml.so  
[2.012s] -- looking for PCL_SEGMENTATION
[2.013s] -- Found PCL_SEGMENTATION: /usr/lib/x86_64-linux-gnu/libpcl_segmentation.so  
[2.013s] -- looking for PCL_VISUALIZATION
[2.013s] -- Found PCL_VISUALIZATION: /usr/lib/x86_64-linux-gnu/libpcl_visualization.so  
[2.013s] -- looking for PCL_SURFACE
[2.014s] -- Found PCL_SURFACE: /usr/lib/x86_64-linux-gnu/libpcl_surface.so  
[2.014s] -- looking for PCL_REGISTRATION
[2.014s] -- Found PCL_REGISTRATION: /usr/lib/x86_64-linux-gnu/libpcl_registration.so  
[2.014s] -- looking for PCL_KEYPOINTS
[2.015s] -- Found PCL_KEYPOINTS: /usr/lib/x86_64-linux-gnu/libpcl_keypoints.so  
[2.015s] -- looking for PCL_TRACKING
[2.015s] -- Found PCL_TRACKING: /usr/lib/x86_64-linux-gnu/libpcl_tracking.so  
[2.016s] -- looking for PCL_RECOGNITION
[2.016s] -- Found PCL_RECOGNITION: /usr/lib/x86_64-linux-gnu/libpcl_recognition.so  
[2.016s] -- looking for PCL_STEREO
[2.017s] -- Found PCL_STEREO: /usr/lib/x86_64-linux-gnu/libpcl_stereo.so  
[2.017s] -- looking for PCL_APPS
[2.017s] -- Found PCL_APPS: /usr/lib/x86_64-linux-gnu/libpcl_apps.so  
[2.018s] -- looking for PCL_IN_HAND_SCANNER
[2.018s] -- Found PCL_IN_HAND_SCANNER: /usr/include/pcl-1.12  
[2.018s] -- looking for PCL_MODELER
[2.018s] -- Found PCL_MODELER: /usr/include/pcl-1.12  
[2.018s] -- looking for PCL_POINT_CLOUD_EDITOR
[2.019s] -- Found PCL_POINT_CLOUD_EDITOR: /usr/include/pcl-1.12  
[2.020s] -- looking for PCL_OUTOFCORE
[2.020s] -- Found PCL_OUTOFCORE: /usr/lib/x86_64-linux-gnu/libpcl_outofcore.so  
[2.020s] -- looking for PCL_PEOPLE
[2.021s] -- Found PCL_PEOPLE: /usr/lib/x86_64-linux-gnu/libpcl_people.so  
[2.022s] -- Found PCL: pcl_common;pcl_kdtree;pcl_octree;pcl_search;pcl_sample_consensus;pcl_filters;pcl_io;pcl_features;pcl_ml;pcl_segmentation;pcl_visualization;pcl_surface;pcl_registration;pcl_keypoints;pcl_tracking;pcl_recognition;pcl_stereo;pcl_apps;pcl_outofcore;pcl_people;Boost::system;Boost::filesystem;Boost::date_time;Boost::iostreams;Boost::serialization;/usr/lib/libOpenNI.so;libusb::libusb;/usr/lib/x86_64-linux-gnu/libOpenNI2.so;libusb::libusb;VTK::ChartsCore;VTK::CommonColor;VTK::CommonComputationalGeometry;VTK::CommonCore;VTK::CommonDataModel;VTK::CommonExecutionModel;VTK::CommonMath;VTK::CommonMisc;VTK::CommonTransforms;VTK::FiltersCore;VTK::FiltersExtraction;VTK::FiltersGeneral;VTK::FiltersGeometry;VTK::FiltersModeling;VTK::FiltersSources;VTK::ImagingCore;VTK::ImagingSources;VTK::InteractionImage;VTK::InteractionStyle;VTK::InteractionWidgets;VTK::IOCore;VTK::IOGeometry;VTK::IOImage;VTK::IOLegacy;VTK::IOPLY;VTK::RenderingAnnotation;VTK::RenderingCore;VTK::RenderingContext2D;VTK::RenderingLOD;VTK::RenderingFreeType;VTK::ViewsCore;VTK::ViewsContext2D;VTK::RenderingOpenGL2;VTK::GUISupportQt;FLANN::FLANN;QHULL::QHULL  
[2.030s] -- Found OpenGL: /usr/lib/x86_64-linux-gnu/libOpenGL.so  found components: OpenGL 
[2.031s] -- Found OpenGL: /usr/lib/x86_64-linux-gnu/libOpenGL.so   
[2.033s] -- Found pcl_conversions: 2.4.5 (/opt/ros/humble/share/pcl_conversions/cmake)
[2.138s] -- Found Python3: /usr/bin/python3 (found version "3.10.12") found components: Interpreter 
[2.269s] -- Found rosidl_generator_c: 3.1.8 (/opt/ros/humble/share/rosidl_generator_c/cmake)
[2.275s] -- Found rosidl_adapter: 3.1.8 (/opt/ros/humble/share/rosidl_adapter/cmake)
[2.284s] -- Found rosidl_generator_cpp: 3.1.8 (/opt/ros/humble/share/rosidl_generator_cpp/cmake)
[2.296s] -- Using all available rosidl_typesupport_c: rosidl_typesupport_fastrtps_c;rosidl_typesupport_introspection_c
[2.310s] -- Using all available rosidl_typesupport_cpp: rosidl_typesupport_fastrtps_cpp;rosidl_typesupport_introspection_cpp
[2.351s] -- Found rmw_implementation_cmake: 6.1.2 (/opt/ros/humble/share/rmw_implementation_cmake/cmake)
[2.354s] -- Found rmw_fastrtps_cpp: 6.2.10 (/opt/ros/humble/share/rmw_fastrtps_cpp/cmake)
[2.451s] -- Found OpenSSL: /usr/lib/x86_64-linux-gnu/libcrypto.so (found version "3.0.2")  
[2.474s] -- Found FastRTPS: /opt/ros/humble/include  
[2.512s] -- Using RMW implementation 'rmw_fastrtps_cpp' as default
[2.612s] -- Found nav_msgs: 4.9.1 (/opt/ros/humble/share/nav_msgs/cmake)
[2.627s] -- Found std_srvs: 4.9.1 (/opt/ros/humble/share/std_srvs/cmake)
[2.641s] -- Found OpenCV: /usr (found version "4.5.4") 
[2.644s] -- Found tf2: 0.25.20 (/opt/ros/humble/share/tf2/cmake)
[2.666s] -- Found tf2_ros: 0.25.20 (/opt/ros/humble/share/tf2_ros/cmake)
[2.745s] -- Found rosbag2_cpp: 0.15.16 (/opt/ros/humble/share/rosbag2_cpp/cmake)
[2.772s] -- Found rosidl_default_generators: 1.2.1 (/opt/ros/humble/share/rosidl_default_generators/cmake)
[2.977s] -- Found OpenMP_C: -fopenmp (found version "4.5") 
[3.050s] -- Found OpenMP_CXX: -fopenmp (found version "4.5") 
[3.050s] -- Found OpenMP: TRUE (found version "4.5")  
[3.052s] -- Found rm_referee_msgs: 0.0.0 (/home/chen/sentry_try/sentry_ws/install/rm_referee_msgs/share/rm_referee_msgs/cmake)
[3.291s] -- Found ament_cmake_ros: 0.10.0 (/opt/ros/humble/share/ament_cmake_ros/cmake)
[3.632s] -- Using all available rosidl_typesupport_c: rosidl_typesupport_fastrtps_c;rosidl_typesupport_introspection_c
[3.764s] -- Using all available rosidl_typesupport_cpp: rosidl_typesupport_fastrtps_cpp;rosidl_typesupport_introspection_cpp
[3.782s] -- Found PythonInterp: /usr/bin/python3 (found suitable version "3.10.12", minimum required is "3.6") 
[3.784s] -- Found python_cmake_module: 0.10.0 (/opt/ros/humble/share/python_cmake_module/cmake)
[3.805s] -- Found PythonLibs: /usr/lib/x86_64-linux-gnu/libpython3.10.so (found suitable version "3.10.12", minimum required is "3.5") 
[3.805s] -- Using PYTHON_EXECUTABLE: /usr/bin/python3
[3.805s] -- Using PYTHON_INCLUDE_DIRS: /usr/include/python3.10
[3.805s] -- Using PYTHON_LIBRARIES: /usr/lib/x86_64-linux-gnu/libpython3.10.so
[3.819s] -- Found PythonExtra: .so  
[3.957s] -- livox_ros_driver2 version: 2.6.0
[3.959s] -- Found ament_cmake_auto: 1.3.14 (/opt/ros/humble/share/ament_cmake_auto/cmake)
[3.970s] -- Found PkgConfig: /usr/bin/pkg-config (found version "0.29.2") 
[3.971s] -- Checking for module 'apr-1'
[3.987s] --   Found apr-1, version 1.7.0
[4.027s] /usr/include/apr-1.0
[4.027s] apr-1
[4.410s] -- Using all available rosidl_typesupport_c: rosidl_typesupport_fastrtps_c;rosidl_typesupport_introspection_c
[4.505s] -- Using all available rosidl_typesupport_cpp: rosidl_typesupport_fastrtps_cpp;rosidl_typesupport_introspection_cpp
[4.539s] -- Using PYTHON_EXECUTABLE: /usr/bin/python3
[4.539s] -- Using PYTHON_INCLUDE_DIRS: /usr/include/python3.10
[4.539s] -- Using PYTHON_LIBRARIES: /usr/lib/x86_64-linux-gnu/libpython3.10.so
[4.640s] -- Configuring done
[5.189s] -- Generating done
[5.259s] -- Build files have been written to: /home/chen/sentry_try/sentry_ws/build/lightning
[5.283s] Invoked command in '/home/chen/sentry_try/sentry_ws/build/lightning' returned '0': AMENT_PREFIX_PATH=/home/chen/sentry_try/sentry_ws/install/rm_referee_msgs:${AMENT_PREFIX_PATH} CMAKE_PREFIX_PATH=/home/chen/sentry_try/sentry_ws/install/rm_referee_msgs:/opt/ros/humble LD_LIBRARY_PATH=/home/chen/sentry_try/sentry_ws/install/rm_referee_msgs/lib:${LD_LIBRARY_PATH} PYTHONPATH=/home/chen/sentry_try/sentry_ws/install/rm_referee_msgs/local/lib/python3.10/dist-packages:${PYTHONPATH} /usr/bin/cmake /home/chen/sentry_try/sentry_ws/src/lightning-lm -DCMAKE_INSTALL_PREFIX=/home/chen/sentry_try/sentry_ws/install/lightning
[5.285s] Invoking command in '/home/chen/sentry_try/sentry_ws/build/lightning': AMENT_PREFIX_PATH=/home/chen/sentry_try/sentry_ws/install/rm_referee_msgs:${AMENT_PREFIX_PATH} CMAKE_PREFIX_PATH=/home/chen/sentry_try/sentry_ws/install/rm_referee_msgs:/opt/ros/humble LD_LIBRARY_PATH=/home/chen/sentry_try/sentry_ws/install/rm_referee_msgs/lib:${LD_LIBRARY_PATH} PYTHONPATH=/home/chen/sentry_try/sentry_ws/install/rm_referee_msgs/local/lib/python3.10/dist-packages:${PYTHONPATH} /usr/bin/cmake --build /home/chen/sentry_try/sentry_ws/build/lightning -- -j16 -l16
[5.324s] [  0%] Generating C code for ROS interfaces
[5.325s] [  1%] Generating C code for ROS interfaces
[5.333s] [  4%] Building CXX object src/core/miao/utils/CMakeFiles/miao.utils.dir/sampler.cc.o
[5.333s] [  4%] Generating C++ code for ROS interfaces
[5.333s] [  4%] Generating C++ code for ROS interfaces
[5.334s] [  5%] Building CXX object src/core/miao/core/CMakeFiles/miao.core.dir/graph/graph.cc.o
[5.335s] [  6%] Building CXX object src/core/miao/core/CMakeFiles/miao.core.dir/opti_algo/opti_algo_lm.cc.o
[5.335s] [  6%] Building CXX object src/core/miao/core/CMakeFiles/miao.core.dir/graph/optimizer.cc.o
[5.335s] [  7%] Building CXX object src/core/miao/core/CMakeFiles/miao.core.dir/common/string_tools.cc.o
[5.335s] [  7%] Building CXX object src/core/miao/core/CMakeFiles/miao.core.dir/opti_algo/optimization_algorithm.cc.o
[5.335s] [  8%] Building CXX object src/core/miao/core/CMakeFiles/miao.core.dir/math/marginal_covariance_cholesky.cc.o
[5.335s] [  9%] Building CXX object src/core/miao/core/CMakeFiles/miao.core.dir/opti_algo/opti_algo_gauss_newton.cc.o
[5.335s] [ 10%] Generating Rust code for ROS interfaces
[5.339s] [ 10%] Generating Rust code for ROS interfaces
[5.344s] [ 10%] Built target ament_cmake_python_copy_lightning
[5.344s] [ 10%] Built target ament_cmake_python_copy_livox_ros_driver2
[5.352s] [ 11%] Building CXX object src/core/miao/core/CMakeFiles/miao.core.dir/opti_algo/opti_algo_dogleg.cc.o
[5.633s] running egg_info
[5.633s] creating lightning.egg-info
[5.633s] writing lightning.egg-info/PKG-INFO
[5.633s] writing dependency_links to lightning.egg-info/dependency_links.txt
[5.633s] writing top-level names to lightning.egg-info/top_level.txt
[5.633s] writing manifest file 'lightning.egg-info/SOURCES.txt'
[5.638s] reading manifest file 'lightning.egg-info/SOURCES.txt'
[5.638s] writing manifest file 'lightning.egg-info/SOURCES.txt'
[5.675s] [ 11%] Built target ament_cmake_python_build_lightning_egg
[5.745s] [ 11%] Built target livox_interfaces2__rs
[5.755s] [ 11%] Building CXX object src/core/miao/core/CMakeFiles/miao.core.dir/solver/solver.cc.o
[5.808s] [ 11%] Built target lightning__rs
[5.842s] [ 11%] Built target livox_interfaces2__cpp
[5.862s] [ 12%] Generating C++ type support for eProsima Fast-RTPS
[5.864s] [ 14%] Building C object thirdparty/livox_ros_driver/CMakeFiles/livox_interfaces2__rosidl_generator_c.dir/rosidl_generator_c/livox_ros_driver2/msg/detail/custom_point__functions.c.o
[5.864s] [ 14%] Generating C++ introspection for ROS interfaces
[5.921s] [ 15%] Building C object CMakeFiles/lightning__rosidl_generator_c.dir/rosidl_generator_c/lightning/srv/detail/loc_cmd__functions.c.o
[5.985s] [ 15%] Built target lightning__cpp
[5.997s] running egg_info
[5.998s] creating livox_ros_driver2.egg-info
[5.998s] writing livox_ros_driver2.egg-info/PKG-INFO
[5.998s] writing dependency_links to livox_ros_driver2.egg-info/dependency_links.txt
[6.001s] [ 16%] Building C object CMakeFiles/lightning__rosidl_generator_c.dir/rosidl_generator_c/lightning/srv/detail/save_map__functions.c.o
[6.001s] writing top-level names to livox_ros_driver2.egg-info/top_level.txt
[6.001s] writing manifest file 'livox_ros_driver2.egg-info/SOURCES.txt'
[6.005s] reading manifest file 'livox_ros_driver2.egg-info/SOURCES.txt'
[6.005s] writing manifest file 'livox_ros_driver2.egg-info/SOURCES.txt'
[6.013s] In file included from /home/chen/sentry_try/sentry_ws/src/lightning-lm/src/core/miao/core/graph/graph.cc:5:
[6.013s] /home/chen/sentry_try/sentry_ws/src/lightning-lm/src/core/miao/core/graph/graph.h: In member function ‘virtual int lightning::miao::Graph::Optimize(int)’:
[6.014s] /home/chen/sentry_try/sentry_ws/src/lightning-lm/src/core/miao/core/graph/graph.h:80:30: warning: unused parameter ‘interations’ [-Wunused-parameter]
[6.014s]    80 |     virtual int Optimize(int interations) { return 0; }
[6.014s]       |                          ~~~~^~~~~~~~~~~
[6.075s] [ 16%] Built target ament_cmake_python_build_livox_ros_driver2_egg
[6.075s] [ 17%] Building C object thirdparty/livox_ros_driver/CMakeFiles/livox_interfaces2__rosidl_generator_c.dir/rosidl_generator_c/livox_ros_driver2/msg/detail/custom_msg__functions.c.o
[6.086s] [ 18%] Generating C++ type support dispatch for ROS interfaces
[6.159s] In file included from /home/chen/sentry_try/sentry_ws/src/lightning-lm/src/core/miao/core/graph/optimizer.h:8,
[6.159s]                  from /home/chen/sentry_try/sentry_ws/src/lightning-lm/src/core/miao/core/graph/optimizer.cc:5:
[6.159s] /home/chen/sentry_try/sentry_ws/src/lightning-lm/src/core/miao/core/common/config.h: In constructor ‘lightning::miao::OptimizerConfig::OptimizerConfig(lightning::miao::AlgorithmType, lightning::miao::LinearSolverType, bool)’:
[6.159s] /home/chen/sentry_try/sentry_ws/src/lightning-lm/src/core/miao/core/common/config.h:44:10: warning: ‘lightning::miao::OptimizerConfig::is_dense_’ will be initialized after [-Wreorder]
[6.159s]    44 |     bool is_dense_ = true;
[6.159s]       |          ^~~~~~~~~
[6.160s] /home/chen/sentry_try/sentry_ws/src/lightning-lm/src/core/miao/core/common/config.h:39:22: warning:   ‘lightning::miao::LinearSolverType lightning::miao::OptimizerConfig::linear_solver_type_’ [-Wreorder]
[6.160s]    39 |     LinearSolverType linear_solver_type_ = LinearSolverType::LINEAR_SOLVER_SPARSE_EIGEN;
[6.160s]       |                      ^~~~~~~~~~~~~~~~~~~
[6.160s] /home/chen/sentry_try/sentry_ws/src/lightning-lm/src/core/miao/core/common/config.h:31:14: warning:   when initialized here [-Wreorder]
[6.160s]    31 |     explicit OptimizerConfig(AlgorithmType algo_type,
[6.160s]       |              ^~~~~~~~~~~~~~~
[6.165s] [ 19%] Linking C shared library liblightning__rosidl_generator_c.so
[6.206s] [ 19%] Linking C shared library liblivox_ros_driver2__rosidl_generator_c.so
[6.232s] [ 19%] Built target lightning__rosidl_generator_c
[6.247s] [ 20%] Generating C++ type support for eProsima Fast-RTPS
[6.247s] [ 21%] Generating C type support for eProsima Fast-RTPS
[6.254s] [ 22%] Generating C introspection for ROS interfaces
[6.264s] [ 22%] Built target livox_interfaces2__rosidl_generator_c
[6.278s] [ 22%] Generating C type support dispatch for ROS interfaces
[6.403s] [ 23%] Building CXX object thirdparty/livox_ros_driver/CMakeFiles/livox_interfaces2__rosidl_typesupport_fastrtps_cpp.dir/rosidl_typesupport_fastrtps_cpp/livox_ros_driver2/msg/detail/dds_fastrtps/custom_point__type_support.cpp.o
[6.445s] [ 23%] Building CXX object thirdparty/livox_ros_driver/CMakeFiles/livox_interfaces2__rosidl_typesupport_introspection_cpp.dir/rosidl_typesupport_introspection_cpp/livox_ros_driver2/msg/detail/custom_point__type_support.cpp.o
[6.509s] In file included from /home/chen/sentry_try/sentry_ws/src/lightning-lm/src/core/miao/core/graph/optimizer.h:9,
[6.509s]                  from /home/chen/sentry_try/sentry_ws/src/lightning-lm/src/core/miao/core/graph/optimizer.cc:5:
[6.509s] /home/chen/sentry_try/sentry_ws/src/lightning-lm/src/core/miao/core/graph/graph.h: In member function ‘virtual int lightning::miao::Graph::Optimize(int)’:
[6.509s] /home/chen/sentry_try/sentry_ws/src/lightning-lm/src/core/miao/core/graph/graph.h:80:30: warning: unused parameter ‘interations’ [-Wunused-parameter]
[6.509s]    80 |     virtual int Optimize(int interations) { return 0; }
[6.511s]       |                          ~~~~^~~~~~~~~~~
[6.579s] [ 24%] Building CXX object thirdparty/livox_ros_driver/CMakeFiles/livox_interfaces2__rosidl_typesupport_cpp.dir/rosidl_typesupport_cpp/livox_ros_driver2/msg/custom_point__type_support.cpp.o
[6.885s] [ 25%] Building CXX object CMakeFiles/lightning__rosidl_typesupport_fastrtps_cpp.dir/rosidl_typesupport_fastrtps_cpp/lightning/srv/detail/dds_fastrtps/loc_cmd__type_support.cpp.o
[6.897s] [ 25%] Building CXX object CMakeFiles/lightning__rosidl_typesupport_fastrtps_c.dir/rosidl_typesupport_fastrtps_c/lightning/srv/detail/loc_cmd__type_support_c.cpp.o
[6.906s] [ 26%] Building CXX object CMakeFiles/lightning__rosidl_typesupport_c.dir/rosidl_typesupport_c/lightning/srv/loc_cmd__type_support.cpp.o
[6.977s] [ 27%] Building CXX object CMakeFiles/lightning__rosidl_typesupport_c.dir/rosidl_typesupport_c/lightning/srv/save_map__type_support.cpp.o
[6.981s] [ 28%] Building C object CMakeFiles/lightning__rosidl_typesupport_introspection_c.dir/rosidl_typesupport_introspection_c/lightning/srv/detail/loc_cmd__type_support.c.o
[7.001s] [ 29%] Building CXX object thirdparty/livox_ros_driver/CMakeFiles/livox_interfaces2__rosidl_typesupport_cpp.dir/rosidl_typesupport_cpp/livox_ros_driver2/msg/custom_msg__type_support.cpp.o
[7.008s] [ 29%] Building CXX object thirdparty/livox_ros_driver/CMakeFiles/livox_interfaces2__rosidl_typesupport_fastrtps_cpp.dir/rosidl_typesupport_fastrtps_cpp/livox_ros_driver2/msg/detail/dds_fastrtps/custom_msg__type_support.cpp.o
[7.014s] [ 30%] Building CXX object thirdparty/livox_ros_driver/CMakeFiles/livox_interfaces2__rosidl_typesupport_introspection_cpp.dir/rosidl_typesupport_introspection_cpp/livox_ros_driver2/msg/detail/custom_msg__type_support.cpp.o
[7.027s] [ 31%] Linking CXX shared library liblightning__rosidl_typesupport_c.so
[7.075s] [ 31%] Building C object CMakeFiles/lightning__rosidl_typesupport_introspection_c.dir/rosidl_typesupport_introspection_c/lightning/srv/detail/save_map__type_support.c.o
[7.083s] [ 31%] Linking CXX shared library libmiao.utils.so
[7.107s] [ 31%] Built target lightning__rosidl_typesupport_c
[7.130s] [ 32%] Generating C++ introspection for ROS interfaces
[7.152s] [ 33%] Linking C shared library liblightning__rosidl_typesupport_introspection_c.so
[7.170s] In file included from /home/chen/sentry_try/sentry_ws/src/lightning-lm/src/core/miao/core/graph/optimizer.h:8,
[7.170s]                  from /home/chen/sentry_try/sentry_ws/src/lightning-lm/src/core/miao/core/opti_algo/optimization_algorithm.cc:6:
[7.171s] /home/chen/sentry_try/sentry_ws/src/lightning-lm/src/core/miao/core/common/config.h: In constructor ‘lightning::miao::OptimizerConfig::OptimizerConfig(lightning::miao::AlgorithmType, lightning::miao::LinearSolverType, bool)’:
[7.171s] /home/chen/sentry_try/sentry_ws/src/lightning-lm/src/core/miao/core/common/config.h:44:10: warning: ‘lightning::miao::OptimizerConfig::is_dense_’ will be initialized after [-Wreorder]
[7.171s]    44 |     bool is_dense_ = true;
[7.171s]       |          ^~~~~~~~~
[7.171s] /home/chen/sentry_try/sentry_ws/src/lightning-lm/src/core/miao/core/common/config.h:39:22: warning:   ‘lightning::miao::LinearSolverType lightning::miao::OptimizerConfig::linear_solver_type_’ [-Wreorder]
[7.172s]    39 |     LinearSolverType linear_solver_type_ = LinearSolverType::LINEAR_SOLVER_SPARSE_EIGEN;
[7.172s]       |                      ^~~~~~~~~~~~~~~~~~~
[7.172s] In file included from /home/chen/sentry_try/sentry_ws/src/lightning-lm/src/core/miao/core/solver/solver.h:9,
[7.172s]                  from /home/chen/sentry_try/sentry_ws/src/lightning-lm/src/core/miao/core/solver/solver.cc:5:
[7.173s] /home/chen/sentry_try/sentry_ws/src/lightning-lm/src/core/miao/core/graph/graph.h: In member function ‘virtual int lightning::miao::Graph::Optimize(int)’:
[7.173s] /home/chen/sentry_try/sentry_ws/src/lightning-lm/src/core/miao/core/graph/graph.h:80:30: warning: unused parameter ‘interations’ [-Wunused-parameter]
[7.173s]    80 |     virtual int Optimize(int interations) { return 0; }
[7.173s]       |                          ~~~~^~~~~~~~~~~
[7.173s] /home/chen/sentry_try/sentry_ws/src/lightning-lm/src/core/miao/core/common/config.h:31:14: warning:   when initialized here [-Wreorder]
[7.173s]    31 |     explicit OptimizerConfig(AlgorithmType algo_type,
[7.173s]       |              ^~~~~~~~~~~~~~~
[7.199s] In file included from /home/chen/sentry_try/sentry_ws/src/lightning-lm/src/core/miao/core/graph/optimizer.h:8,
[7.199s]                  from /home/chen/sentry_try/sentry_ws/src/lightning-lm/src/core/miao/core/opti_algo/opti_algo_gauss_newton.cc:5:
[7.199s] /home/chen/sentry_try/sentry_ws/src/lightning-lm/src/core/miao/core/common/config.h: In constructor ‘lightning::miao::OptimizerConfig::OptimizerConfig(lightning::miao::AlgorithmType, lightning::miao::LinearSolverType, bool)’:
[7.199s] /home/chen/sentry_try/sentry_ws/src/lightning-lm/src/core/miao/core/common/config.h:44:10: warning: ‘lightning::miao::OptimizerConfig::is_dense_’ will be initialized after [-Wreorder]
[7.199s]    44 |     bool is_dense_ = true;
[7.199s]       |          ^~~~~~~~~
[7.199s] /home/chen/sentry_try/sentry_ws/src/lightning-lm/src/core/miao/core/common/config.h:39:22: warning:   ‘lightning::miao::LinearSolverType lightning::miao::OptimizerConfig::linear_solver_type_’ [-Wreorder]
[7.199s]    39 |     LinearSolverType linear_solver_type_ = LinearSolverType::LINEAR_SOLVER_SPARSE_EIGEN;
[7.199s]       |                      ^~~~~~~~~~~~~~~~~~~
[7.199s] /home/chen/sentry_try/sentry_ws/src/lightning-lm/src/core/miao/core/common/config.h:31:14: warning:   when initialized here [-Wreorder]
[7.199s]    31 |     explicit OptimizerConfig(AlgorithmType algo_type,
[7.199s]       |              ^~~~~~~~~~~~~~~
[7.207s] In file included from /home/chen/sentry_try/sentry_ws/src/lightning-lm/src/core/miao/core/graph/optimizer.h:9,
[7.208s]                  from /home/chen/sentry_try/sentry_ws/src/lightning-lm/src/core/miao/core/opti_algo/optimization_algorithm.cc:6:
[7.208s] /home/chen/sentry_try/sentry_ws/src/lightning-lm/src/core/miao/core/graph/graph.h: In member function ‘virtual int lightning::miao::Graph::Optimize(int)’:
[7.208s] /home/chen/sentry_try/sentry_ws/src/lightning-lm/src/core/miao/core/graph/graph.h:80:30: warning: unused parameter ‘interations’ [-Wunused-parameter]
[7.208s]    80 |     virtual int Optimize(int interations) { return 0; }
[7.208s]       |                          ~~~~^~~~~~~~~~~
[7.231s] In file included from /home/chen/sentry_try/sentry_ws/src/lightning-lm/src/core/miao/core/graph/optimizer.h:9,
[7.231s]                  from /home/chen/sentry_try/sentry_ws/src/lightning-lm/src/core/miao/core/opti_algo/opti_algo_gauss_newton.cc:5:
[7.231s] /home/chen/sentry_try/sentry_ws/src/lightning-lm/src/core/miao/core/graph/graph.h: In member function ‘virtual int lightning::miao::Graph::Optimize(int)’:
[7.231s] /home/chen/sentry_try/sentry_ws/src/lightning-lm/src/core/miao/core/graph/graph.h:80:30: warning: unused parameter ‘interations’ [-Wunused-parameter]
[7.231s]    80 |     virtual int Optimize(int interations) { return 0; }
[7.231s]       |                          ~~~~^~~~~~~~~~~
[7.241s] [ 33%] Built target lightning__rosidl_typesupport_introspection_c
[7.261s] [ 33%] Built target miao.utils
[7.264s] [ 34%] Generating C++ type support dispatch for ROS interfaces
[7.269s] In file included from /home/chen/sentry_try/sentry_ws/src/lightning-lm/src/core/miao/core/graph/optimizer.h:8,
[7.269s]                  from /home/chen/sentry_try/sentry_ws/src/lightning-lm/src/core/miao/core/opti_algo/opti_algo_dogleg.cc:6:
[7.269s] /home/chen/sentry_try/sentry_ws/src/lightning-lm/src/core/miao/core/common/config.h: In constructor ‘lightning::miao::OptimizerConfig::OptimizerConfig(lightning::miao::AlgorithmType, lightning::miao::LinearSolverType, bool)’:
[7.269s] /home/chen/sentry_try/sentry_ws/src/lightning-lm/src/core/miao/core/common/config.h:44:10: warning: ‘lightning::miao::OptimizerConfig::is_dense_’ will be initialized after [-Wreorder]
[7.269s]    44 |     bool is_dense_ = true;
[7.269s]       |          ^~~~~~~~~
[7.270s] /home/chen/sentry_try/sentry_ws/src/lightning-lm/src/core/miao/core/common/config.h:39:22: warning:   ‘lightning::miao::LinearSolverType lightning::miao::OptimizerConfig::linear_solver_type_’ [-Wreorder]
[7.270s]    39 |     LinearSolverType linear_solver_type_ = LinearSolverType::LINEAR_SOLVER_SPARSE_EIGEN;
[7.270s]       |                      ^~~~~~~~~~~~~~~~~~~
[7.270s] /home/chen/sentry_try/sentry_ws/src/lightning-lm/src/core/miao/core/common/config.h:31:14: warning:   when initialized here [-Wreorder]
[7.270s]    31 |     explicit OptimizerConfig(AlgorithmType algo_type,
[7.270s]       |              ^~~~~~~~~~~~~~~
[7.270s] In file included from /home/chen/sentry_try/sentry_ws/src/lightning-lm/src/core/miao/core/graph/optimizer.h:8,
[7.270s]                  from /home/chen/sentry_try/sentry_ws/src/lightning-lm/src/core/miao/core/opti_algo/opti_algo_lm.cc:7:
[7.270s] /home/chen/sentry_try/sentry_ws/src/lightning-lm/src/core/miao/core/common/config.h: In constructor ‘lightning::miao::OptimizerConfig::OptimizerConfig(lightning::miao::AlgorithmType, lightning::miao::LinearSolverType, bool)’:
[7.270s] /home/chen/sentry_try/sentry_ws/src/lightning-lm/src/core/miao/core/common/config.h:44:10: warning: ‘lightning::miao::OptimizerConfig::is_dense_’ will be initialized after [-Wreorder]
[7.270s]    44 |     bool is_dense_ = true;
[7.270s]       |          ^~~~~~~~~
[7.270s] /home/chen/sentry_try/sentry_ws/src/lightning-lm/src/core/miao/core/common/config.h:39:22: warning:   ‘lightning::miao::LinearSolverType lightning::miao::OptimizerConfig::linear_solver_type_’ [-Wreorder]
[7.270s]    39 |     LinearSolverType linear_solver_type_ = LinearSolverType::LINEAR_SOLVER_SPARSE_EIGEN;
[7.270s]       |                      ^~~~~~~~~~~~~~~~~~~
[7.270s] /home/chen/sentry_try/sentry_ws/src/lightning-lm/src/core/miao/core/common/config.h:31:14: warning:   when initialized here [-Wreorder]
[7.270s]    31 |     explicit OptimizerConfig(AlgorithmType algo_type,
[7.271s]       |              ^~~~~~~~~~~~~~~
[7.282s] [ 35%] Building CXX object CMakeFiles/lightning__rosidl_typesupport_fastrtps_c.dir/rosidl_typesupport_fastrtps_c/lightning/srv/detail/save_map__type_support_c.cpp.o
[7.296s] In file included from /home/chen/sentry_try/sentry_ws/src/lightning-lm/src/core/miao/core/graph/optimizer.h:9,
[7.296s]                  from /home/chen/sentry_try/sentry_ws/src/lightning-lm/src/core/miao/core/opti_algo/opti_algo_dogleg.cc:6:
[7.296s] /home/chen/sentry_try/sentry_ws/src/lightning-lm/src/core/miao/core/graph/graph.h: In member function ‘virtual int lightning::miao::Graph::Optimize(int)’:
[7.296s] /home/chen/sentry_try/sentry_ws/src/lightning-lm/src/core/miao/core/graph/graph.h:80:30: warning: unused parameter ‘interations’ [-Wunused-parameter]
[7.296s]    80 |     virtual int Optimize(int interations) { return 0; }
[7.296s]       |                          ~~~~^~~~~~~~~~~
[7.309s] In file included from /home/chen/sentry_try/sentry_ws/src/lightning-lm/src/core/miao/core/graph/optimizer.h:9,
[7.309s]                  from /home/chen/sentry_try/sentry_ws/src/lightning-lm/src/core/miao/core/opti_algo/opti_algo_lm.cc:7:
[7.310s] /home/chen/sentry_try/sentry_ws/src/lightning-lm/src/core/miao/core/graph/graph.h: In member function ‘virtual int lightning::miao::Graph::Optimize(int)’:
[7.310s] /home/chen/sentry_try/sentry_ws/src/lightning-lm/src/core/miao/core/graph/graph.h:80:30: warning: unused parameter ‘interations’ [-Wunused-parameter]
[7.310s]    80 |     virtual int Optimize(int interations) { return 0; }
[7.310s]       |                          ~~~~^~~~~~~~~~~
[7.315s] [ 36%] Generating C type support for eProsima Fast-RTPS
[7.361s] [ 36%] Linking CXX shared library liblivox_ros_driver2__rosidl_typesupport_cpp.so
[7.422s] [ 36%] Built target livox_interfaces2__rosidl_typesupport_cpp
[7.437s] [ 36%] Building CXX object CMakeFiles/lightning__rosidl_typesupport_fastrtps_cpp.dir/rosidl_typesupport_fastrtps_cpp/lightning/srv/detail/dds_fastrtps/save_map__type_support.cpp.o
[7.495s] [ 37%] Generating C introspection for ROS interfaces
[7.557s] [ 38%] Generating C type support dispatch for ROS interfaces
[7.581s] [ 39%] Linking CXX shared library liblivox_ros_driver2__rosidl_typesupport_fastrtps_cpp.so
[7.587s] [ 40%] Linking CXX shared library liblivox_ros_driver2__rosidl_typesupport_introspection_cpp.so
[7.732s] [ 40%] Built target livox_interfaces2__rosidl_typesupport_introspection_cpp
[7.732s] [ 41%] Building CXX object CMakeFiles/lightning__rosidl_typesupport_introspection_cpp.dir/rosidl_typesupport_introspection_cpp/lightning/srv/detail/save_map__type_support.cpp.o
[7.734s] [ 42%] Building CXX object CMakeFiles/lightning__rosidl_typesupport_introspection_cpp.dir/rosidl_typesupport_introspection_cpp/lightning/srv/detail/loc_cmd__type_support.cpp.o
[7.785s] [ 42%] Built target livox_interfaces2__rosidl_typesupport_fastrtps_cpp
[7.785s] [ 44%] Building CXX object CMakeFiles/lightning__rosidl_typesupport_cpp.dir/rosidl_typesupport_cpp/lightning/srv/loc_cmd__type_support.cpp.o
[7.785s] [ 44%] Building CXX object CMakeFiles/lightning__rosidl_typesupport_cpp.dir/rosidl_typesupport_cpp/lightning/srv/save_map__type_support.cpp.o
[7.785s] [ 44%] Linking CXX shared library liblightning__rosidl_typesupport_fastrtps_c.so
[7.853s] [ 45%] Building CXX object thirdparty/livox_ros_driver/CMakeFiles/livox_interfaces2__rosidl_typesupport_fastrtps_c.dir/rosidl_typesupport_fastrtps_c/livox_ros_driver2/msg/detail/custom_point__type_support_c.cpp.o
[7.853s] [ 45%] Building CXX object thirdparty/livox_ros_driver/CMakeFiles/livox_interfaces2__rosidl_typesupport_fastrtps_c.dir/rosidl_typesupport_fastrtps_c/livox_ros_driver2/msg/detail/custom_msg__type_support_c.cpp.o
[7.915s] [ 45%] Built target lightning__rosidl_typesupport_fastrtps_c
[7.971s] [ 46%] Linking CXX shared library liblightning__rosidl_typesupport_fastrtps_cpp.so
[8.027s] [ 47%] Building C object thirdparty/livox_ros_driver/CMakeFiles/livox_interfaces2__rosidl_typesupport_introspection_c.dir/rosidl_typesupport_introspection_c/livox_ros_driver2/msg/detail/custom_msg__type_support.c.o
[8.027s] [ 47%] Building C object thirdparty/livox_ros_driver/CMakeFiles/livox_interfaces2__rosidl_typesupport_introspection_c.dir/rosidl_typesupport_introspection_c/livox_ros_driver2/msg/detail/custom_point__type_support.c.o
[8.077s] [ 48%] Building CXX object thirdparty/livox_ros_driver/CMakeFiles/livox_interfaces2__rosidl_typesupport_c.dir/rosidl_typesupport_c/livox_ros_driver2/msg/custom_msg__type_support.cpp.o
[8.077s] [ 49%] Building CXX object thirdparty/livox_ros_driver/CMakeFiles/livox_interfaces2__rosidl_typesupport_c.dir/rosidl_typesupport_c/livox_ros_driver2/msg/custom_point__type_support.cpp.o
[8.104s] [ 50%] Linking C shared library liblivox_ros_driver2__rosidl_typesupport_introspection_c.so
[8.117s] [ 50%] Built target lightning__rosidl_typesupport_fastrtps_cpp
[8.128s] [ 50%] Linking CXX shared library liblivox_ros_driver2__rosidl_typesupport_c.so
[8.137s] [ 51%] Linking CXX shared library liblightning__rosidl_typesupport_cpp.so
[8.143s] [ 51%] Built target livox_interfaces2__rosidl_typesupport_introspection_c
[8.170s] [ 51%] Built target livox_interfaces2__rosidl_typesupport_c
[8.179s] [ 51%] Built target lightning__rosidl_typesupport_cpp
[8.214s] [ 51%] Linking CXX shared library liblightning__rosidl_typesupport_introspection_cpp.so
[8.254s] [ 52%] Linking CXX shared library liblivox_ros_driver2__rosidl_typesupport_fastrtps_c.so
[8.258s] /home/chen/sentry_try/sentry_ws/src/lightning-lm/src/core/miao/core/graph/optimizer.cc: In member function ‘virtual bool lightning::miao::Optimizer::AddVertex(std::shared_ptr<lightning::miao::Vertex>)’:
[8.258s] /home/chen/sentry_try/sentry_ws/src/lightning-lm/src/core/miao/core/graph/optimizer.cc:288:62: warning: comparison of integer expressions of different signedness: ‘std::unordered_map<int, std::shared_ptr<lightning::miao::Vertex> >::size_type’ {aka ‘long unsigned int’} and ‘int’ [-Wsign-compare]
[8.258s]   288 |         if (config_.max_vertex_size_ > 0 && vertices_.size() == config_.max_vertex_size_) {
[8.258s]       |                                             ~~~~~~~~~~~~~~~~~^~~~~~~~~~~~~~~~~~~~~~~~~~~
[8.281s] [ 52%] Built target lightning__rosidl_typesupport_introspection_cpp
[8.304s] [ 52%] Built target lightning
[8.325s] [ 53%] Generating Python code for ROS interfaces
[8.330s] [ 53%] Built target livox_interfaces2__rosidl_typesupport_fastrtps_c
[8.348s] [ 53%] Built target livox_interfaces2
[8.369s] [ 53%] Generating Python code for ROS interfaces
[8.770s] [ 53%] Built target livox_interfaces2__py
[8.791s] [ 55%] Building C object thirdparty/livox_ros_driver/CMakeFiles/livox_interfaces2__rosidl_generator_py.dir/rosidl_generator_py/livox_ros_driver2/msg/_custom_msg_s.c.o
[8.791s] [ 55%] Building C object thirdparty/livox_ros_driver/CMakeFiles/livox_interfaces2__rosidl_generator_py.dir/rosidl_generator_py/livox_ros_driver2/msg/_custom_point_s.c.o
[8.811s] [ 55%] Built target lightning__py
[8.831s] [ 56%] Building C object CMakeFiles/lightning__rosidl_generator_py.dir/rosidl_generator_py/lightning/srv/_save_map_s.c.o
[8.831s] [ 56%] Building C object CMakeFiles/lightning__rosidl_generator_py.dir/rosidl_generator_py/lightning/srv/_loc_cmd_s.c.o
[9.032s] [ 57%] Linking C shared library rosidl_generator_py/lightning/liblightning__rosidl_generator_py.so
[9.045s] [ 57%] Linking C shared library rosidl_generator_py/livox_ros_driver2/liblivox_interfaces2__rosidl_generator_py.so
[9.074s] [ 57%] Built target lightning__rosidl_generator_py
[9.080s] [ 57%] Built target livox_interfaces2__rosidl_generator_py
[9.091s] [ 58%] Building C object CMakeFiles/lightning__rosidl_typesupport_c__pyext.dir/rosidl_generator_py/lightning/_lightning_s.ep.rosidl_typesupport_c.c.o
[9.091s] [ 59%] Building C object CMakeFiles/lightning__rosidl_typesupport_introspection_c__pyext.dir/rosidl_generator_py/lightning/_lightning_s.ep.rosidl_typesupport_introspection_c.c.o
[9.091s] [ 59%] Building C object CMakeFiles/lightning__rosidl_typesupport_fastrtps_c__pyext.dir/rosidl_generator_py/lightning/_lightning_s.ep.rosidl_typesupport_fastrtps_c.c.o
[9.098s] [ 62%] Building C object thirdparty/livox_ros_driver/CMakeFiles/livox_ros_driver2__rosidl_typesupport_introspection_c__pyext.dir/rosidl_generator_py/livox_ros_driver2/_livox_ros_driver2_s.ep.rosidl_typesupport_introspection_c.c.o
[9.098s] [ 62%] Building C object thirdparty/livox_ros_driver/CMakeFiles/livox_ros_driver2__rosidl_typesupport_fastrtps_c__pyext.dir/rosidl_generator_py/livox_ros_driver2/_livox_ros_driver2_s.ep.rosidl_typesupport_fastrtps_c.c.o
[9.098s] [ 62%] Building C object thirdparty/livox_ros_driver/CMakeFiles/livox_ros_driver2__rosidl_typesupport_c__pyext.dir/rosidl_generator_py/livox_ros_driver2/_livox_ros_driver2_s.ep.rosidl_typesupport_c.c.o
[9.199s] [ 63%] Linking C shared library rosidl_generator_py/livox_ros_driver2/livox_ros_driver2_s__rosidl_typesupport_fastrtps_c.cpython-310-x86_64-linux-gnu.so
[9.199s] [ 63%] Linking C shared library rosidl_generator_py/livox_ros_driver2/livox_ros_driver2_s__rosidl_typesupport_introspection_c.cpython-310-x86_64-linux-gnu.so
[9.202s] [ 64%] Linking C shared library rosidl_generator_py/livox_ros_driver2/livox_ros_driver2_s__rosidl_typesupport_c.cpython-310-x86_64-linux-gnu.so
[9.210s] [ 64%] Linking C shared library rosidl_generator_py/lightning/lightning_s__rosidl_typesupport_fastrtps_c.cpython-310-x86_64-linux-gnu.so
[9.210s] [ 65%] Linking C shared library rosidl_generator_py/lightning/lightning_s__rosidl_typesupport_c.cpython-310-x86_64-linux-gnu.so
[9.215s] [ 65%] Linking C shared library rosidl_generator_py/lightning/lightning_s__rosidl_typesupport_introspection_c.cpython-310-x86_64-linux-gnu.so
[9.237s] [ 65%] Built target livox_ros_driver2__rosidl_typesupport_fastrtps_c__pyext
[9.237s] [ 65%] Built target livox_ros_driver2__rosidl_typesupport_introspection_c__pyext
[9.237s] [ 65%] Built target livox_ros_driver2__rosidl_typesupport_c__pyext
[9.249s] [ 65%] Built target lightning__rosidl_typesupport_fastrtps_c__pyext
[9.249s] [ 65%] Built target lightning__rosidl_typesupport_c__pyext
[9.259s] [ 65%] Built target lightning__rosidl_typesupport_introspection_c__pyext
[9.393s] [ 66%] Linking CXX shared library libmiao.core.so
[9.464s] [ 66%] Built target miao.core
[9.490s] [ 71%] Building CXX object src/CMakeFiles/lightning.libs.dir/io/file_io.cc.o
[9.490s] [ 71%] Building CXX object src/CMakeFiles/lightning.libs.dir/core/maps/tiled_map.cc.o
[9.490s] [ 71%] Building CXX object src/CMakeFiles/lightning.libs.dir/core/g2p5/g2p5.cc.o
[9.490s] [ 71%] Building CXX object src/CMakeFiles/lightning.libs.dir/core/localization/localization_result.cc.o
[9.490s] [ 71%] Building CXX object src/CMakeFiles/lightning.libs.dir/common/nav_state.cc.o
[9.490s] [ 71%] Building CXX object src/CMakeFiles/lightning.libs.dir/io/yaml_io.cc.o
[9.490s] [ 74%] Building CXX object src/CMakeFiles/lightning.libs.dir/core/g2p5/g2p5_subgrid.cc.o
[9.490s] [ 71%] Building CXX object src/CMakeFiles/lightning.libs.dir/core/g2p5/g2p5_map.cc.o
[9.490s] [ 74%] Building CXX object src/CMakeFiles/lightning.libs.dir/common/params.cc.o
[9.491s] [ 71%] Building CXX object src/CMakeFiles/lightning.libs.dir/common/options.cc.o
[9.491s] [ 74%] Building CXX object src/CMakeFiles/lightning.libs.dir/core/lio/pointcloud_preprocess.cc.o
[9.492s] [ 75%] Building CXX object src/CMakeFiles/lightning.libs.dir/core/loop_closing/loop_closing.cc.o
[9.492s] [ 77%] Building CXX object src/CMakeFiles/lightning.libs.dir/core/lio/laser_mapping.cc.o
[9.492s] [ 74%] Building CXX object src/CMakeFiles/lightning.libs.dir/core/localization/lidar_loc/lidar_loc.cc.o
[9.492s] [ 77%] Building CXX object src/CMakeFiles/lightning.libs.dir/core/maps/tiled_map_chunk.cc.o
[9.492s] [ 74%] Building CXX object src/CMakeFiles/lightning.libs.dir/core/lio/eskf.cc.o
[9.946s] [ 78%] Building CXX object src/CMakeFiles/lightning.libs.dir/core/localization/lidar_loc/pclomp/ndt_omp.cpp.o
[10.929s] [ 78%] Building CXX object src/CMakeFiles/lightning.libs.dir/core/localization/lidar_loc/pclomp/voxel_grid_covariance_omp.cpp.o
[11.173s] /home/chen/sentry_try/sentry_ws/src/lightning-lm/src/io/file_io.cc: In function ‘bool lightning::RemoveIfExist(const string&)’:
[11.173s] /home/chen/sentry_try/sentry_ws/src/lightning-lm/src/io/file_io.cc:17:15: warning: ignoring return value of ‘int system(const char*)’ declared with attribute ‘warn_unused_result’ [-Wunused-result]
[11.173s]    17 |         system(("rm -f " + path).c_str());
[11.173s]       |         ~~~~~~^~~~~~~~~~~~~~~~~~~~~~~~~~~
[11.266s] [ 79%] Building CXX object src/CMakeFiles/lightning.libs.dir/core/localization/pose_graph/pgo.cc.o
[11.988s] /home/chen/sentry_try/sentry_ws/src/lightning-lm/src/core/g2p5/g2p5_map.cc: In member function ‘void lightning::g2p5::G2P5Map::SetMissPoint(const float&, const float&, const float&, const float&, float, float)’:
[11.988s] /home/chen/sentry_try/sentry_ws/src/lightning-lm/src/core/g2p5/g2p5_map.cc:215:23: warning: comparison of integer expressions of different signedness: ‘int’ and ‘std::vector<Eigen::Matrix<int, 2, 1> >::size_type’ {aka ‘long unsigned int’} [-Wsign-compare]
[11.988s]   215 |     for (int i = 0; i < updated_pts.size(); ++i) {
[11.988s]       |                     ~~^~~~~~~~~~~~~~~~~~~~
[12.663s] [ 80%] Building CXX object src/CMakeFiles/lightning.libs.dir/core/localization/pose_graph/pgo_impl.cc.o
[13.720s] In file included from /home/chen/sentry_try/sentry_ws/src/lightning-lm/src/common/options.cc:5:
[13.720s] /home/chen/sentry_try/sentry_ws/src/lightning-lm/src/common/options.h: In function ‘void lightning::debug::SigHandle(int)’:
[13.720s] /home/chen/sentry_try/sentry_ws/src/lightning-lm/src/common/options.h:27:27: warning: unused parameter ‘sig’ [-Wunused-parameter]
[13.720s]    27 | inline void SigHandle(int sig) {
[13.720s]       |                       ~~~~^~~
[14.707s] [ 81%] Building CXX object src/CMakeFiles/lightning.libs.dir/core/localization/pose_graph/pose_extrapolator.cc.o
[15.165s] [ 81%] Building CXX object src/CMakeFiles/lightning.libs.dir/core/localization/localization.cpp.o
[17.171s] In file included from /home/chen/sentry_try/sentry_ws/src/lightning-lm/src/core/lightning_math.hpp:22,
[17.171s]                  from /home/chen/sentry_try/sentry_ws/src/lightning-lm/src/common/s2.hpp:6,
[17.171s]                  from /home/chen/sentry_try/sentry_ws/src/lightning-lm/src/common/nav_state.h:8,
[17.171s]                  from /home/chen/sentry_try/sentry_ws/src/lightning-lm/src/core/localization/localization_result.h:11,
[17.171s]                  from /home/chen/sentry_try/sentry_ws/src/lightning-lm/src/core/localization/localization_result.cc:5:
[17.171s] /home/chen/sentry_try/sentry_ws/src/lightning-lm/src/common/options.h: In function ‘void lightning::debug::SigHandle(int)’:
[17.171s] /home/chen/sentry_try/sentry_ws/src/lightning-lm/src/common/options.h:27:27: warning: unused parameter ‘sig’ [-Wunused-parameter]
[17.171s]    27 | inline void SigHandle(int sig) {
[17.171s]       |                       ~~~~^~~
[17.446s] In file included from /home/chen/sentry_try/sentry_ws/src/lightning-lm/src/core/lightning_math.hpp:22,
[17.446s]                  from /home/chen/sentry_try/sentry_ws/src/lightning-lm/src/common/params.cc:6:
[17.446s] /home/chen/sentry_try/sentry_ws/src/lightning-lm/src/common/options.h: In function ‘void lightning::debug::SigHandle(int)’:
[17.446s] /home/chen/sentry_try/sentry_ws/src/lightning-lm/src/common/options.h:27:27: warning: unused parameter ‘sig’ [-Wunused-parameter]
[17.446s]    27 | inline void SigHandle(int sig) {
[17.446s]       |                       ~~~~^~~
[17.453s] In file included from /home/chen/sentry_try/sentry_ws/src/lightning-lm/src/core/lightning_math.hpp:22,
[17.454s]                  from /home/chen/sentry_try/sentry_ws/src/lightning-lm/src/common/s2.hpp:6,
[17.454s]                  from /home/chen/sentry_try/sentry_ws/src/lightning-lm/src/common/nav_state.h:8,
[17.454s]                  from /home/chen/sentry_try/sentry_ws/src/lightning-lm/src/core/lio/eskf.hpp:9,
[17.454s]                  from /home/chen/sentry_try/sentry_ws/src/lightning-lm/src/core/lio/eskf.cc:5:
[17.454s] /home/chen/sentry_try/sentry_ws/src/lightning-lm/src/common/options.h: In function ‘void lightning::debug::SigHandle(int)’:
[17.454s] /home/chen/sentry_try/sentry_ws/src/lightning-lm/src/common/options.h:27:27: warning: unused parameter ‘sig’ [-Wunused-parameter]
[17.454s]    27 | inline void SigHandle(int sig) {
[17.454s]       |                       ~~~~^~~
[17.519s] In file included from /home/chen/sentry_try/sentry_ws/src/lightning-lm/src/core/lightning_math.hpp:22,
[17.519s]                  from /home/chen/sentry_try/sentry_ws/src/lightning-lm/src/common/s2.hpp:6,
[17.519s]                  from /home/chen/sentry_try/sentry_ws/src/lightning-lm/src/common/nav_state.h:8,
[17.519s]                  from /home/chen/sentry_try/sentry_ws/src/lightning-lm/src/common/nav_state.cc:5:
[17.519s] /home/chen/sentry_try/sentry_ws/src/lightning-lm/src/common/options.h: In function ‘void lightning::debug::SigHandle(int)’:
[17.519s] /home/chen/sentry_try/sentry_ws/src/lightning-lm/src/common/options.h:27:27: warning: unused parameter ‘sig’ [-Wunused-parameter]
[17.519s]    27 | inline void SigHandle(int sig) {
[17.519s]       |                       ~~~~^~~
[18.083s] In file included from /home/chen/sentry_try/sentry_ws/src/lightning-lm/src/core/lio/laser_mapping.cc:5:
[18.085s] /home/chen/sentry_try/sentry_ws/src/lightning-lm/src/common/options.h: In function ‘void lightning::debug::SigHandle(int)’:
[18.085s] /home/chen/sentry_try/sentry_ws/src/lightning-lm/src/common/options.h:27:27: warning: unused parameter ‘sig’ [-Wunused-parameter]
[18.085s]    27 | inline void SigHandle(int sig) {
[18.085s]       |                       ~~~~^~~
