[0.070s] DEBUG:colcon:Command line arguments: ['/usr/bin/colcon', 'build']
[0.070s] DEBUG:colcon:Parsed command line arguments: Namespace(log_base=None, log_level=None, verb_name='build', build_base='build', install_base='install', merge_install=False, symlink_install=False, test_result_base=None, continue_on_error=False, executor='parallel', parallel_workers=16, event_handlers=None, ignore_user_meta=False, metas=['./colcon.meta'], base_paths=['.'], packages_ignore=None, packages_ignore_regex=None, paths=None, packages_up_to=None, packages_up_to_regex=None, packages_above=None, packages_above_and_dependencies=None, packages_above_depth=None, packages_select_by_dep=None, packages_skip_by_dep=None, packages_skip_up_to=None, packages_select_build_failed=False, packages_skip_build_finished=False, packages_select_test_failures=False, packages_skip_test_passed=False, packages_select=None, packages_skip=None, packages_select_regex=None, packages_skip_regex=None, packages_start=None, packages_end=None, allow_overriding=[], cmake_args=None, cmake_target=None, cmake_target_skip_unavailable=False, cmake_clean_cache=False, cmake_clean_first=False, cmake_force_configure=False, ament_cmake_args=None, catkin_cmake_args=None, catkin_skip_building_tests=False, verb_parser=<colcon_defaults.argument_parser.defaults.DefaultArgumentsDecorator object at 0x77102d656260>, verb_extension=<colcon_core.verb.build.BuildVerb object at 0x77102d76fa30>, main=<bound method BuildVerb.main of <colcon_core.verb.build.BuildVerb object at 0x77102d76fa30>>)
[0.192s] Level 1:colcon.colcon_core.package_discovery:discover_packages(colcon_meta) check parameters
[0.192s] Level 1:colcon.colcon_core.package_discovery:discover_packages(recursive) check parameters
[0.192s] Level 1:colcon.colcon_core.package_discovery:discover_packages(ignore) check parameters
[0.192s] Level 1:colcon.colcon_core.package_discovery:discover_packages(path) check parameters
[0.192s] Level 1:colcon.colcon_core.package_discovery:discover_packages(colcon_meta) discover
[0.192s] Level 1:colcon.colcon_core.package_discovery:discover_packages(recursive) discover
[0.192s] INFO:colcon.colcon_core.package_discovery:Crawling recursively for packages in '/home/chen/sentry_try/sentry_ws'
[0.192s] Level 1:colcon.colcon_core.package_identification:_identify(.) by extensions ['ignore', 'ignore_ament_install']
[0.192s] Level 1:colcon.colcon_core.package_identification:_identify(.) by extension 'ignore'
[0.192s] Level 1:colcon.colcon_core.package_identification:_identify(.) by extension 'ignore_ament_install'
[0.193s] Level 1:colcon.colcon_core.package_identification:_identify(.) by extensions ['colcon_pkg']
[0.193s] Level 1:colcon.colcon_core.package_identification:_identify(.) by extension 'colcon_pkg'
[0.193s] Level 1:colcon.colcon_core.package_identification:_identify(.) by extensions ['colcon_meta']
[0.193s] Level 1:colcon.colcon_core.package_identification:_identify(.) by extension 'colcon_meta'
[0.193s] Level 1:colcon.colcon_core.package_identification:_identify(.) by extensions ['ros']
[0.193s] Level 1:colcon.colcon_core.package_identification:_identify(.) by extension 'ros'
[0.206s] Level 1:colcon.colcon_core.package_identification:_identify(.) by extensions ['cmake', 'python']
[0.206s] Level 1:colcon.colcon_core.package_identification:_identify(.) by extension 'cmake'
[0.206s] Level 1:colcon.colcon_core.package_identification:_identify(.) by extension 'python'
[0.206s] Level 1:colcon.colcon_core.package_identification:_identify(.) by extensions ['python_setup_py']
[0.206s] Level 1:colcon.colcon_core.package_identification:_identify(.) by extension 'python_setup_py'
[0.207s] Level 1:colcon.colcon_core.package_identification:_identify(build) by extensions ['ignore', 'ignore_ament_install']
[0.207s] Level 1:colcon.colcon_core.package_identification:_identify(build) by extension 'ignore'
[0.207s] Level 1:colcon.colcon_core.package_identification:_identify(build) ignored
[0.207s] Level 1:colcon.colcon_core.package_identification:_identify(install) by extensions ['ignore', 'ignore_ament_install']
[0.207s] Level 1:colcon.colcon_core.package_identification:_identify(install) by extension 'ignore'
[0.207s] Level 1:colcon.colcon_core.package_identification:_identify(install) ignored
[0.207s] Level 1:colcon.colcon_core.package_identification:_identify(log) by extensions ['ignore', 'ignore_ament_install']
[0.207s] Level 1:colcon.colcon_core.package_identification:_identify(log) by extension 'ignore'
[0.207s] Level 1:colcon.colcon_core.package_identification:_identify(log) ignored
[0.207s] Level 1:colcon.colcon_core.package_identification:_identify(src) by extensions ['ignore', 'ignore_ament_install']
[0.207s] Level 1:colcon.colcon_core.package_identification:_identify(src) by extension 'ignore'
[0.207s] Level 1:colcon.colcon_core.package_identification:_identify(src) by extension 'ignore_ament_install'
[0.207s] Level 1:colcon.colcon_core.package_identification:_identify(src) by extensions ['colcon_pkg']
[0.207s] Level 1:colcon.colcon_core.package_identification:_identify(src) by extension 'colcon_pkg'
[0.207s] Level 1:colcon.colcon_core.package_identification:_identify(src) by extensions ['colcon_meta']
[0.207s] Level 1:colcon.colcon_core.package_identification:_identify(src) by extension 'colcon_meta'
[0.207s] Level 1:colcon.colcon_core.package_identification:_identify(src) by extensions ['ros']
[0.207s] Level 1:colcon.colcon_core.package_identification:_identify(src) by extension 'ros'
[0.207s] Level 1:colcon.colcon_core.package_identification:_identify(src) by extensions ['cmake', 'python']
[0.207s] Level 1:colcon.colcon_core.package_identification:_identify(src) by extension 'cmake'
[0.207s] Level 1:colcon.colcon_core.package_identification:_identify(src) by extension 'python'
[0.207s] Level 1:colcon.colcon_core.package_identification:_identify(src) by extensions ['python_setup_py']
[0.207s] Level 1:colcon.colcon_core.package_identification:_identify(src) by extension 'python_setup_py'
[0.207s] Level 1:colcon.colcon_core.package_identification:_identify(src/FAST_LIO) by extensions ['ignore', 'ignore_ament_install']
[0.207s] Level 1:colcon.colcon_core.package_identification:_identify(src/FAST_LIO) by extension 'ignore'
[0.207s] Level 1:colcon.colcon_core.package_identification:_identify(src/FAST_LIO) by extension 'ignore_ament_install'
[0.207s] Level 1:colcon.colcon_core.package_identification:_identify(src/FAST_LIO) by extensions ['colcon_pkg']
[0.208s] Level 1:colcon.colcon_core.package_identification:_identify(src/FAST_LIO) by extension 'colcon_pkg'
[0.208s] Level 1:colcon.colcon_core.package_identification:_identify(src/FAST_LIO) by extensions ['colcon_meta']
[0.208s] Level 1:colcon.colcon_core.package_identification:_identify(src/FAST_LIO) by extension 'colcon_meta'
[0.208s] Level 1:colcon.colcon_core.package_identification:_identify(src/FAST_LIO) by extensions ['ros']
[0.208s] Level 1:colcon.colcon_core.package_identification:_identify(src/FAST_LIO) by extension 'ros'
[0.209s] DEBUG:colcon.colcon_core.package_identification:Package 'src/FAST_LIO' with type 'ros.ament_cmake' and name 'fast_lio'
[0.209s] Level 1:colcon.colcon_core.package_identification:_identify(src/lightning-lm) by extensions ['ignore', 'ignore_ament_install']
[0.209s] Level 1:colcon.colcon_core.package_identification:_identify(src/lightning-lm) by extension 'ignore'
[0.209s] Level 1:colcon.colcon_core.package_identification:_identify(src/lightning-lm) by extension 'ignore_ament_install'
[0.209s] Level 1:colcon.colcon_core.package_identification:_identify(src/lightning-lm) by extensions ['colcon_pkg']
[0.209s] Level 1:colcon.colcon_core.package_identification:_identify(src/lightning-lm) by extension 'colcon_pkg'
[0.209s] Level 1:colcon.colcon_core.package_identification:_identify(src/lightning-lm) by extensions ['colcon_meta']
[0.209s] Level 1:colcon.colcon_core.package_identification:_identify(src/lightning-lm) by extension 'colcon_meta'
[0.209s] Level 1:colcon.colcon_core.package_identification:_identify(src/lightning-lm) by extensions ['ros']
[0.210s] Level 1:colcon.colcon_core.package_identification:_identify(src/lightning-lm) by extension 'ros'
[0.210s] DEBUG:colcon.colcon_core.package_identification:Package 'src/lightning-lm' with type 'ros.ament_cmake' and name 'lightning'
[0.210s] Level 1:colcon.colcon_core.package_identification:_identify(src/livox_ros_driver2_humble) by extensions ['ignore', 'ignore_ament_install']
[0.210s] Level 1:colcon.colcon_core.package_identification:_identify(src/livox_ros_driver2_humble) by extension 'ignore'
[0.210s] Level 1:colcon.colcon_core.package_identification:_identify(src/livox_ros_driver2_humble) by extension 'ignore_ament_install'
[0.211s] Level 1:colcon.colcon_core.package_identification:_identify(src/livox_ros_driver2_humble) by extensions ['colcon_pkg']
[0.211s] Level 1:colcon.colcon_core.package_identification:_identify(src/livox_ros_driver2_humble) by extension 'colcon_pkg'
[0.211s] Level 1:colcon.colcon_core.package_identification:_identify(src/livox_ros_driver2_humble) by extensions ['colcon_meta']
[0.211s] Level 1:colcon.colcon_core.package_identification:_identify(src/livox_ros_driver2_humble) by extension 'colcon_meta'
[0.211s] Level 1:colcon.colcon_core.package_identification:_identify(src/livox_ros_driver2_humble) by extensions ['ros']
[0.211s] Level 1:colcon.colcon_core.package_identification:_identify(src/livox_ros_driver2_humble) by extension 'ros'
[0.211s] Level 1:colcon.colcon_core.package_identification:_identify(src/livox_ros_driver2_humble) by extensions ['cmake', 'python']
[0.211s] Level 1:colcon.colcon_core.package_identification:_identify(src/livox_ros_driver2_humble) by extension 'cmake'
[0.211s] Level 1:colcon.colcon_core.package_identification:_identify(src/livox_ros_driver2_humble) by extension 'python'
[0.211s] Level 1:colcon.colcon_core.package_identification:_identify(src/livox_ros_driver2_humble) by extensions ['python_setup_py']
[0.211s] Level 1:colcon.colcon_core.package_identification:_identify(src/livox_ros_driver2_humble) by extension 'python_setup_py'
[0.211s] Level 1:colcon.colcon_core.package_identification:_identify(src/livox_ros_driver2_humble/src) by extensions ['ignore', 'ignore_ament_install']
[0.211s] Level 1:colcon.colcon_core.package_identification:_identify(src/livox_ros_driver2_humble/src) by extension 'ignore'
[0.211s] Level 1:colcon.colcon_core.package_identification:_identify(src/livox_ros_driver2_humble/src) by extension 'ignore_ament_install'
[0.211s] Level 1:colcon.colcon_core.package_identification:_identify(src/livox_ros_driver2_humble/src) by extensions ['colcon_pkg']
[0.211s] Level 1:colcon.colcon_core.package_identification:_identify(src/livox_ros_driver2_humble/src) by extension 'colcon_pkg'
[0.211s] Level 1:colcon.colcon_core.package_identification:_identify(src/livox_ros_driver2_humble/src) by extensions ['colcon_meta']
[0.211s] Level 1:colcon.colcon_core.package_identification:_identify(src/livox_ros_driver2_humble/src) by extension 'colcon_meta'
[0.211s] Level 1:colcon.colcon_core.package_identification:_identify(src/livox_ros_driver2_humble/src) by extensions ['ros']
[0.211s] Level 1:colcon.colcon_core.package_identification:_identify(src/livox_ros_driver2_humble/src) by extension 'ros'
[0.211s] DEBUG:colcon.colcon_core.package_identification:Package 'src/livox_ros_driver2_humble/src' with type 'ros.ament_cmake' and name 'livox_ros_driver2'
[0.212s] Level 1:colcon.colcon_core.package_identification:_identify(src/livox_to_scan) by extensions ['ignore', 'ignore_ament_install']
[0.212s] Level 1:colcon.colcon_core.package_identification:_identify(src/livox_to_scan) by extension 'ignore'
[0.212s] Level 1:colcon.colcon_core.package_identification:_identify(src/livox_to_scan) by extension 'ignore_ament_install'
[0.212s] Level 1:colcon.colcon_core.package_identification:_identify(src/livox_to_scan) by extensions ['colcon_pkg']
[0.212s] Level 1:colcon.colcon_core.package_identification:_identify(src/livox_to_scan) by extension 'colcon_pkg'
[0.212s] Level 1:colcon.colcon_core.package_identification:_identify(src/livox_to_scan) by extensions ['colcon_meta']
[0.212s] Level 1:colcon.colcon_core.package_identification:_identify(src/livox_to_scan) by extension 'colcon_meta'
[0.212s] Level 1:colcon.colcon_core.package_identification:_identify(src/livox_to_scan) by extensions ['ros']
[0.212s] Level 1:colcon.colcon_core.package_identification:_identify(src/livox_to_scan) by extension 'ros'
[0.212s] DEBUG:colcon.colcon_core.package_identification:Package 'src/livox_to_scan' with type 'ros.ament_cmake' and name 'livox_to_scan'
[0.212s] Level 1:colcon.colcon_core.package_identification:_identify(src/nav2_plugins) by extensions ['ignore', 'ignore_ament_install']
[0.212s] Level 1:colcon.colcon_core.package_identification:_identify(src/nav2_plugins) by extension 'ignore'
[0.212s] Level 1:colcon.colcon_core.package_identification:_identify(src/nav2_plugins) by extension 'ignore_ament_install'
[0.212s] Level 1:colcon.colcon_core.package_identification:_identify(src/nav2_plugins) by extensions ['colcon_pkg']
[0.212s] Level 1:colcon.colcon_core.package_identification:_identify(src/nav2_plugins) by extension 'colcon_pkg'
[0.212s] Level 1:colcon.colcon_core.package_identification:_identify(src/nav2_plugins) by extensions ['colcon_meta']
[0.212s] Level 1:colcon.colcon_core.package_identification:_identify(src/nav2_plugins) by extension 'colcon_meta'
[0.212s] Level 1:colcon.colcon_core.package_identification:_identify(src/nav2_plugins) by extensions ['ros']
[0.212s] Level 1:colcon.colcon_core.package_identification:_identify(src/nav2_plugins) by extension 'ros'
[0.212s] Level 1:colcon.colcon_core.package_identification:_identify(src/nav2_plugins) by extensions ['cmake', 'python']
[0.212s] Level 1:colcon.colcon_core.package_identification:_identify(src/nav2_plugins) by extension 'cmake'
[0.212s] Level 1:colcon.colcon_core.package_identification:_identify(src/nav2_plugins) by extension 'python'
[0.212s] Level 1:colcon.colcon_core.package_identification:_identify(src/nav2_plugins) by extensions ['python_setup_py']
[0.212s] Level 1:colcon.colcon_core.package_identification:_identify(src/nav2_plugins) by extension 'python_setup_py'
[0.213s] Level 1:colcon.colcon_core.package_identification:_identify(src/nav2_plugins/costmap_intensity) by extensions ['ignore', 'ignore_ament_install']
[0.213s] Level 1:colcon.colcon_core.package_identification:_identify(src/nav2_plugins/costmap_intensity) by extension 'ignore'
[0.213s] Level 1:colcon.colcon_core.package_identification:_identify(src/nav2_plugins/costmap_intensity) by extension 'ignore_ament_install'
[0.213s] Level 1:colcon.colcon_core.package_identification:_identify(src/nav2_plugins/costmap_intensity) by extensions ['colcon_pkg']
[0.213s] Level 1:colcon.colcon_core.package_identification:_identify(src/nav2_plugins/costmap_intensity) by extension 'colcon_pkg'
[0.213s] Level 1:colcon.colcon_core.package_identification:_identify(src/nav2_plugins/costmap_intensity) by extensions ['colcon_meta']
[0.213s] Level 1:colcon.colcon_core.package_identification:_identify(src/nav2_plugins/costmap_intensity) by extension 'colcon_meta'
[0.213s] Level 1:colcon.colcon_core.package_identification:_identify(src/nav2_plugins/costmap_intensity) by extensions ['ros']
[0.213s] Level 1:colcon.colcon_core.package_identification:_identify(src/nav2_plugins/costmap_intensity) by extension 'ros'
[0.214s] DEBUG:colcon.colcon_core.package_identification:Package 'src/nav2_plugins/costmap_intensity' with type 'ros.ament_cmake' and name 'costmap_intensity'
[0.214s] Level 1:colcon.colcon_core.package_identification:_identify(src/nav2_plugins/costmap_voxel) by extensions ['ignore', 'ignore_ament_install']
[0.214s] Level 1:colcon.colcon_core.package_identification:_identify(src/nav2_plugins/costmap_voxel) by extension 'ignore'
[0.214s] Level 1:colcon.colcon_core.package_identification:_identify(src/nav2_plugins/costmap_voxel) by extension 'ignore_ament_install'
[0.214s] Level 1:colcon.colcon_core.package_identification:_identify(src/nav2_plugins/costmap_voxel) by extensions ['colcon_pkg']
[0.214s] Level 1:colcon.colcon_core.package_identification:_identify(src/nav2_plugins/costmap_voxel) by extension 'colcon_pkg'
[0.214s] Level 1:colcon.colcon_core.package_identification:_identify(src/nav2_plugins/costmap_voxel) by extensions ['colcon_meta']
[0.214s] Level 1:colcon.colcon_core.package_identification:_identify(src/nav2_plugins/costmap_voxel) by extension 'colcon_meta'
[0.214s] Level 1:colcon.colcon_core.package_identification:_identify(src/nav2_plugins/costmap_voxel) by extensions ['ros']
[0.214s] Level 1:colcon.colcon_core.package_identification:_identify(src/nav2_plugins/costmap_voxel) by extension 'ros'
[0.214s] DEBUG:colcon.colcon_core.package_identification:Package 'src/nav2_plugins/costmap_voxel' with type 'ros.ament_cmake' and name 'costmap_voxel'
[0.214s] Level 1:colcon.colcon_core.package_identification:_identify(src/nav2_plugins/goal_approach_controller) by extensions ['ignore', 'ignore_ament_install']
[0.215s] Level 1:colcon.colcon_core.package_identification:_identify(src/nav2_plugins/goal_approach_controller) by extension 'ignore'
[0.215s] Level 1:colcon.colcon_core.package_identification:_identify(src/nav2_plugins/goal_approach_controller) by extension 'ignore_ament_install'
[0.215s] Level 1:colcon.colcon_core.package_identification:_identify(src/nav2_plugins/goal_approach_controller) by extensions ['colcon_pkg']
[0.215s] Level 1:colcon.colcon_core.package_identification:_identify(src/nav2_plugins/goal_approach_controller) by extension 'colcon_pkg'
[0.215s] Level 1:colcon.colcon_core.package_identification:_identify(src/nav2_plugins/goal_approach_controller) by extensions ['colcon_meta']
[0.215s] Level 1:colcon.colcon_core.package_identification:_identify(src/nav2_plugins/goal_approach_controller) by extension 'colcon_meta'
[0.215s] Level 1:colcon.colcon_core.package_identification:_identify(src/nav2_plugins/goal_approach_controller) by extensions ['ros']
[0.215s] Level 1:colcon.colcon_core.package_identification:_identify(src/nav2_plugins/goal_approach_controller) by extension 'ros'
[0.215s] DEBUG:colcon.colcon_core.package_identification:Package 'src/nav2_plugins/goal_approach_controller' with type 'ros.ament_cmake' and name 'goal_approach_controller'
[0.215s] Level 1:colcon.colcon_core.package_identification:_identify(src/nav2_plugins/pb_nav2_plugins) by extensions ['ignore', 'ignore_ament_install']
[0.215s] Level 1:colcon.colcon_core.package_identification:_identify(src/nav2_plugins/pb_nav2_plugins) by extension 'ignore'
[0.215s] Level 1:colcon.colcon_core.package_identification:_identify(src/nav2_plugins/pb_nav2_plugins) by extension 'ignore_ament_install'
[0.215s] Level 1:colcon.colcon_core.package_identification:_identify(src/nav2_plugins/pb_nav2_plugins) by extensions ['colcon_pkg']
[0.215s] Level 1:colcon.colcon_core.package_identification:_identify(src/nav2_plugins/pb_nav2_plugins) by extension 'colcon_pkg'
[0.215s] Level 1:colcon.colcon_core.package_identification:_identify(src/nav2_plugins/pb_nav2_plugins) by extensions ['colcon_meta']
[0.215s] Level 1:colcon.colcon_core.package_identification:_identify(src/nav2_plugins/pb_nav2_plugins) by extension 'colcon_meta'
[0.215s] Level 1:colcon.colcon_core.package_identification:_identify(src/nav2_plugins/pb_nav2_plugins) by extensions ['ros']
[0.215s] Level 1:colcon.colcon_core.package_identification:_identify(src/nav2_plugins/pb_nav2_plugins) by extension 'ros'
[0.216s] DEBUG:colcon.colcon_core.package_identification:Package 'src/nav2_plugins/pb_nav2_plugins' with type 'ros.ament_cmake' and name 'pb_nav2_plugins'
[0.216s] Level 1:colcon.colcon_core.package_identification:_identify(src/pcd_to_nav_map) by extensions ['ignore', 'ignore_ament_install']
[0.216s] Level 1:colcon.colcon_core.package_identification:_identify(src/pcd_to_nav_map) by extension 'ignore'
[0.216s] Level 1:colcon.colcon_core.package_identification:_identify(src/pcd_to_nav_map) ignored
[0.217s] Level 1:colcon.colcon_core.package_identification:_identify(src/sentry_msgs) by extensions ['ignore', 'ignore_ament_install']
[0.217s] Level 1:colcon.colcon_core.package_identification:_identify(src/sentry_msgs) by extension 'ignore'
[0.217s] Level 1:colcon.colcon_core.package_identification:_identify(src/sentry_msgs) by extension 'ignore_ament_install'
[0.217s] Level 1:colcon.colcon_core.package_identification:_identify(src/sentry_msgs) by extensions ['colcon_pkg']
[0.217s] Level 1:colcon.colcon_core.package_identification:_identify(src/sentry_msgs) by extension 'colcon_pkg'
[0.217s] Level 1:colcon.colcon_core.package_identification:_identify(src/sentry_msgs) by extensions ['colcon_meta']
[0.217s] Level 1:colcon.colcon_core.package_identification:_identify(src/sentry_msgs) by extension 'colcon_meta'
[0.217s] Level 1:colcon.colcon_core.package_identification:_identify(src/sentry_msgs) by extensions ['ros']
[0.217s] Level 1:colcon.colcon_core.package_identification:_identify(src/sentry_msgs) by extension 'ros'
[0.217s] DEBUG:colcon.colcon_core.package_identification:Package 'src/sentry_msgs' with type 'ros.ament_cmake' and name 'sentry_msgs'
[0.217s] Level 1:colcon.colcon_core.package_identification:_identify(src/serial_comm) by extensions ['ignore', 'ignore_ament_install']
[0.217s] Level 1:colcon.colcon_core.package_identification:_identify(src/serial_comm) by extension 'ignore'
[0.217s] Level 1:colcon.colcon_core.package_identification:_identify(src/serial_comm) by extension 'ignore_ament_install'
[0.217s] Level 1:colcon.colcon_core.package_identification:_identify(src/serial_comm) by extensions ['colcon_pkg']
[0.217s] Level 1:colcon.colcon_core.package_identification:_identify(src/serial_comm) by extension 'colcon_pkg'
[0.217s] Level 1:colcon.colcon_core.package_identification:_identify(src/serial_comm) by extensions ['colcon_meta']
[0.217s] Level 1:colcon.colcon_core.package_identification:_identify(src/serial_comm) by extension 'colcon_meta'
[0.217s] Level 1:colcon.colcon_core.package_identification:_identify(src/serial_comm) by extensions ['ros']
[0.217s] Level 1:colcon.colcon_core.package_identification:_identify(src/serial_comm) by extension 'ros'
[0.218s] DEBUG:colcon.colcon_core.package_identification:Package 'src/serial_comm' with type 'ros.ament_cmake' and name 'serial_comm'
[0.218s] Level 1:colcon.colcon_core.package_discovery:discover_packages(recursive) using defaults
[0.218s] Level 1:colcon.colcon_core.package_discovery:discover_packages(ignore) discover
[0.218s] Level 1:colcon.colcon_core.package_discovery:discover_packages(ignore) using defaults
[0.218s] Level 1:colcon.colcon_core.package_discovery:discover_packages(path) discover
[0.218s] Level 1:colcon.colcon_core.package_discovery:discover_packages(path) using defaults
[0.230s] Level 1:colcon.colcon_core.package_discovery:discover_packages(prefix_path) check parameters
[0.230s] Level 1:colcon.colcon_core.package_discovery:discover_packages(prefix_path) discover
[0.231s] DEBUG:colcon.colcon_installed_package_information.package_discovery:Found 2 installed packages in /home/chen/sentry_try/sentry_ws/install
[0.233s] DEBUG:colcon.colcon_installed_package_information.package_discovery:Found 516 installed packages in /opt/ros/humble
[0.234s] Level 1:colcon.colcon_core.package_discovery:discover_packages(prefix_path) using defaults
[0.268s] Level 5:colcon.colcon_core.verb:set package 'costmap_intensity' build argument 'cmake_args' from command line to 'None'
[0.268s] Level 5:colcon.colcon_core.verb:set package 'costmap_intensity' build argument 'cmake_target' from command line to 'None'
[0.268s] Level 5:colcon.colcon_core.verb:set package 'costmap_intensity' build argument 'cmake_target_skip_unavailable' from command line to 'False'
[0.268s] Level 5:colcon.colcon_core.verb:set package 'costmap_intensity' build argument 'cmake_clean_cache' from command line to 'False'
[0.268s] Level 5:colcon.colcon_core.verb:set package 'costmap_intensity' build argument 'cmake_clean_first' from command line to 'False'
[0.268s] Level 5:colcon.colcon_core.verb:set package 'costmap_intensity' build argument 'cmake_force_configure' from command line to 'False'
[0.268s] Level 5:colcon.colcon_core.verb:set package 'costmap_intensity' build argument 'ament_cmake_args' from command line to 'None'
[0.268s] Level 5:colcon.colcon_core.verb:set package 'costmap_intensity' build argument 'catkin_cmake_args' from command line to 'None'
[0.268s] Level 5:colcon.colcon_core.verb:set package 'costmap_intensity' build argument 'catkin_skip_building_tests' from command line to 'False'
[0.268s] DEBUG:colcon.colcon_core.verb:Building package 'costmap_intensity' with the following arguments: {'ament_cmake_args': None, 'build_base': '/home/chen/sentry_try/sentry_ws/build/costmap_intensity', 'catkin_cmake_args': None, 'catkin_skip_building_tests': False, 'cmake_args': None, 'cmake_clean_cache': False, 'cmake_clean_first': False, 'cmake_force_configure': False, 'cmake_target': None, 'cmake_target_skip_unavailable': False, 'install_base': '/home/chen/sentry_try/sentry_ws/install/costmap_intensity', 'merge_install': False, 'path': '/home/chen/sentry_try/sentry_ws/src/nav2_plugins/costmap_intensity', 'symlink_install': False, 'test_result_base': None}
[0.269s] Level 5:colcon.colcon_core.verb:set package 'costmap_voxel' build argument 'cmake_args' from command line to 'None'
[0.269s] Level 5:colcon.colcon_core.verb:set package 'costmap_voxel' build argument 'cmake_target' from command line to 'None'
[0.269s] Level 5:colcon.colcon_core.verb:set package 'costmap_voxel' build argument 'cmake_target_skip_unavailable' from command line to 'False'
[0.269s] Level 5:colcon.colcon_core.verb:set package 'costmap_voxel' build argument 'cmake_clean_cache' from command line to 'False'
[0.269s] Level 5:colcon.colcon_core.verb:set package 'costmap_voxel' build argument 'cmake_clean_first' from command line to 'False'
[0.269s] Level 5:colcon.colcon_core.verb:set package 'costmap_voxel' build argument 'cmake_force_configure' from command line to 'False'
[0.269s] Level 5:colcon.colcon_core.verb:set package 'costmap_voxel' build argument 'ament_cmake_args' from command line to 'None'
[0.269s] Level 5:colcon.colcon_core.verb:set package 'costmap_voxel' build argument 'catkin_cmake_args' from command line to 'None'
[0.269s] Level 5:colcon.colcon_core.verb:set package 'costmap_voxel' build argument 'catkin_skip_building_tests' from command line to 'False'
[0.269s] DEBUG:colcon.colcon_core.verb:Building package 'costmap_voxel' with the following arguments: {'ament_cmake_args': None, 'build_base': '/home/chen/sentry_try/sentry_ws/build/costmap_voxel', 'catkin_cmake_args': None, 'catkin_skip_building_tests': False, 'cmake_args': None, 'cmake_clean_cache': False, 'cmake_clean_first': False, 'cmake_force_configure': False, 'cmake_target': None, 'cmake_target_skip_unavailable': False, 'install_base': '/home/chen/sentry_try/sentry_ws/install/costmap_voxel', 'merge_install': False, 'path': '/home/chen/sentry_try/sentry_ws/src/nav2_plugins/costmap_voxel', 'symlink_install': False, 'test_result_base': None}
[0.269s] Level 5:colcon.colcon_core.verb:set package 'goal_approach_controller' build argument 'cmake_args' from command line to 'None'
[0.269s] Level 5:colcon.colcon_core.verb:set package 'goal_approach_controller' build argument 'cmake_target' from command line to 'None'
[0.269s] Level 5:colcon.colcon_core.verb:set package 'goal_approach_controller' build argument 'cmake_target_skip_unavailable' from command line to 'False'
[0.269s] Level 5:colcon.colcon_core.verb:set package 'goal_approach_controller' build argument 'cmake_clean_cache' from command line to 'False'
[0.269s] Level 5:colcon.colcon_core.verb:set package 'goal_approach_controller' build argument 'cmake_clean_first' from command line to 'False'
[0.269s] Level 5:colcon.colcon_core.verb:set package 'goal_approach_controller' build argument 'cmake_force_configure' from command line to 'False'
[0.269s] Level 5:colcon.colcon_core.verb:set package 'goal_approach_controller' build argument 'ament_cmake_args' from command line to 'None'
[0.269s] Level 5:colcon.colcon_core.verb:set package 'goal_approach_controller' build argument 'catkin_cmake_args' from command line to 'None'
[0.269s] Level 5:colcon.colcon_core.verb:set package 'goal_approach_controller' build argument 'catkin_skip_building_tests' from command line to 'False'
[0.269s] DEBUG:colcon.colcon_core.verb:Building package 'goal_approach_controller' with the following arguments: {'ament_cmake_args': None, 'build_base': '/home/chen/sentry_try/sentry_ws/build/goal_approach_controller', 'catkin_cmake_args': None, 'catkin_skip_building_tests': False, 'cmake_args': None, 'cmake_clean_cache': False, 'cmake_clean_first': False, 'cmake_force_configure': False, 'cmake_target': None, 'cmake_target_skip_unavailable': False, 'install_base': '/home/chen/sentry_try/sentry_ws/install/goal_approach_controller', 'merge_install': False, 'path': '/home/chen/sentry_try/sentry_ws/src/nav2_plugins/goal_approach_controller', 'symlink_install': False, 'test_result_base': None}
[0.269s] Level 5:colcon.colcon_core.verb:set package 'lightning' build argument 'cmake_args' from command line to 'None'
[0.269s] Level 5:colcon.colcon_core.verb:set package 'lightning' build argument 'cmake_target' from command line to 'None'
[0.269s] Level 5:colcon.colcon_core.verb:set package 'lightning' build argument 'cmake_target_skip_unavailable' from command line to 'False'
[0.269s] Level 5:colcon.colcon_core.verb:set package 'lightning' build argument 'cmake_clean_cache' from command line to 'False'
[0.269s] Level 5:colcon.colcon_core.verb:set package 'lightning' build argument 'cmake_clean_first' from command line to 'False'
[0.269s] Level 5:colcon.colcon_core.verb:set package 'lightning' build argument 'cmake_force_configure' from command line to 'False'
[0.269s] Level 5:colcon.colcon_core.verb:set package 'lightning' build argument 'ament_cmake_args' from command line to 'None'
[0.269s] Level 5:colcon.colcon_core.verb:set package 'lightning' build argument 'catkin_cmake_args' from command line to 'None'
[0.269s] Level 5:colcon.colcon_core.verb:set package 'lightning' build argument 'catkin_skip_building_tests' from command line to 'False'
[0.269s] DEBUG:colcon.colcon_core.verb:Building package 'lightning' with the following arguments: {'ament_cmake_args': None, 'build_base': '/home/chen/sentry_try/sentry_ws/build/lightning', 'catkin_cmake_args': None, 'catkin_skip_building_tests': False, 'cmake_args': None, 'cmake_clean_cache': False, 'cmake_clean_first': False, 'cmake_force_configure': False, 'cmake_target': None, 'cmake_target_skip_unavailable': False, 'install_base': '/home/chen/sentry_try/sentry_ws/install/lightning', 'merge_install': False, 'path': '/home/chen/sentry_try/sentry_ws/src/lightning-lm', 'symlink_install': False, 'test_result_base': None}
[0.269s] Level 5:colcon.colcon_core.verb:set package 'livox_ros_driver2' build argument 'cmake_args' from command line to 'None'
[0.269s] Level 5:colcon.colcon_core.verb:set package 'livox_ros_driver2' build argument 'cmake_target' from command line to 'None'
[0.269s] Level 5:colcon.colcon_core.verb:set package 'livox_ros_driver2' build argument 'cmake_target_skip_unavailable' from command line to 'False'
[0.270s] Level 5:colcon.colcon_core.verb:set package 'livox_ros_driver2' build argument 'cmake_clean_cache' from command line to 'False'
[0.270s] Level 5:colcon.colcon_core.verb:set package 'livox_ros_driver2' build argument 'cmake_clean_first' from command line to 'False'
[0.270s] Level 5:colcon.colcon_core.verb:set package 'livox_ros_driver2' build argument 'cmake_force_configure' from command line to 'False'
[0.270s] Level 5:colcon.colcon_core.verb:set package 'livox_ros_driver2' build argument 'ament_cmake_args' from command line to 'None'
[0.270s] Level 5:colcon.colcon_core.verb:set package 'livox_ros_driver2' build argument 'catkin_cmake_args' from command line to 'None'
[0.270s] Level 5:colcon.colcon_core.verb:set package 'livox_ros_driver2' build argument 'catkin_skip_building_tests' from command line to 'False'
[0.270s] DEBUG:colcon.colcon_core.verb:Building package 'livox_ros_driver2' with the following arguments: {'ament_cmake_args': None, 'build_base': '/home/chen/sentry_try/sentry_ws/build/livox_ros_driver2', 'catkin_cmake_args': None, 'catkin_skip_building_tests': False, 'cmake_args': None, 'cmake_clean_cache': False, 'cmake_clean_first': False, 'cmake_force_configure': False, 'cmake_target': None, 'cmake_target_skip_unavailable': False, 'install_base': '/home/chen/sentry_try/sentry_ws/install/livox_ros_driver2', 'merge_install': False, 'path': '/home/chen/sentry_try/sentry_ws/src/livox_ros_driver2_humble/src', 'symlink_install': False, 'test_result_base': None}
[0.270s] Level 5:colcon.colcon_core.verb:set package 'pb_nav2_plugins' build argument 'cmake_args' from command line to 'None'
[0.270s] Level 5:colcon.colcon_core.verb:set package 'pb_nav2_plugins' build argument 'cmake_target' from command line to 'None'
[0.270s] Level 5:colcon.colcon_core.verb:set package 'pb_nav2_plugins' build argument 'cmake_target_skip_unavailable' from command line to 'False'
[0.270s] Level 5:colcon.colcon_core.verb:set package 'pb_nav2_plugins' build argument 'cmake_clean_cache' from command line to 'False'
[0.270s] Level 5:colcon.colcon_core.verb:set package 'pb_nav2_plugins' build argument 'cmake_clean_first' from command line to 'False'
[0.270s] Level 5:colcon.colcon_core.verb:set package 'pb_nav2_plugins' build argument 'cmake_force_configure' from command line to 'False'
[0.270s] Level 5:colcon.colcon_core.verb:set package 'pb_nav2_plugins' build argument 'ament_cmake_args' from command line to 'None'
[0.270s] Level 5:colcon.colcon_core.verb:set package 'pb_nav2_plugins' build argument 'catkin_cmake_args' from command line to 'None'
[0.270s] Level 5:colcon.colcon_core.verb:set package 'pb_nav2_plugins' build argument 'catkin_skip_building_tests' from command line to 'False'
[0.270s] DEBUG:colcon.colcon_core.verb:Building package 'pb_nav2_plugins' with the following arguments: {'ament_cmake_args': None, 'build_base': '/home/chen/sentry_try/sentry_ws/build/pb_nav2_plugins', 'catkin_cmake_args': None, 'catkin_skip_building_tests': False, 'cmake_args': None, 'cmake_clean_cache': False, 'cmake_clean_first': False, 'cmake_force_configure': False, 'cmake_target': None, 'cmake_target_skip_unavailable': False, 'install_base': '/home/chen/sentry_try/sentry_ws/install/pb_nav2_plugins', 'merge_install': False, 'path': '/home/chen/sentry_try/sentry_ws/src/nav2_plugins/pb_nav2_plugins', 'symlink_install': False, 'test_result_base': None}
[0.270s] Level 5:colcon.colcon_core.verb:set package 'sentry_msgs' build argument 'cmake_args' from command line to 'None'
[0.270s] Level 5:colcon.colcon_core.verb:set package 'sentry_msgs' build argument 'cmake_target' from command line to 'None'
[0.270s] Level 5:colcon.colcon_core.verb:set package 'sentry_msgs' build argument 'cmake_target_skip_unavailable' from command line to 'False'
[0.270s] Level 5:colcon.colcon_core.verb:set package 'sentry_msgs' build argument 'cmake_clean_cache' from command line to 'False'
[0.270s] Level 5:colcon.colcon_core.verb:set package 'sentry_msgs' build argument 'cmake_clean_first' from command line to 'False'
[0.270s] Level 5:colcon.colcon_core.verb:set package 'sentry_msgs' build argument 'cmake_force_configure' from command line to 'False'
[0.270s] Level 5:colcon.colcon_core.verb:set package 'sentry_msgs' build argument 'ament_cmake_args' from command line to 'None'
[0.270s] Level 5:colcon.colcon_core.verb:set package 'sentry_msgs' build argument 'catkin_cmake_args' from command line to 'None'
[0.270s] Level 5:colcon.colcon_core.verb:set package 'sentry_msgs' build argument 'catkin_skip_building_tests' from command line to 'False'
[0.270s] DEBUG:colcon.colcon_core.verb:Building package 'sentry_msgs' with the following arguments: {'ament_cmake_args': None, 'build_base': '/home/chen/sentry_try/sentry_ws/build/sentry_msgs', 'catkin_cmake_args': None, 'catkin_skip_building_tests': False, 'cmake_args': None, 'cmake_clean_cache': False, 'cmake_clean_first': False, 'cmake_force_configure': False, 'cmake_target': None, 'cmake_target_skip_unavailable': False, 'install_base': '/home/chen/sentry_try/sentry_ws/install/sentry_msgs', 'merge_install': False, 'path': '/home/chen/sentry_try/sentry_ws/src/sentry_msgs', 'symlink_install': False, 'test_result_base': None}
[0.270s] Level 5:colcon.colcon_core.verb:set package 'fast_lio' build argument 'cmake_args' from command line to 'None'
[0.270s] Level 5:colcon.colcon_core.verb:set package 'fast_lio' build argument 'cmake_target' from command line to 'None'
[0.270s] Level 5:colcon.colcon_core.verb:set package 'fast_lio' build argument 'cmake_target_skip_unavailable' from command line to 'False'
[0.270s] Level 5:colcon.colcon_core.verb:set package 'fast_lio' build argument 'cmake_clean_cache' from command line to 'False'
[0.270s] Level 5:colcon.colcon_core.verb:set package 'fast_lio' build argument 'cmake_clean_first' from command line to 'False'
[0.270s] Level 5:colcon.colcon_core.verb:set package 'fast_lio' build argument 'cmake_force_configure' from command line to 'False'
[0.270s] Level 5:colcon.colcon_core.verb:set package 'fast_lio' build argument 'ament_cmake_args' from command line to 'None'
[0.270s] Level 5:colcon.colcon_core.verb:set package 'fast_lio' build argument 'catkin_cmake_args' from command line to 'None'
[0.270s] Level 5:colcon.colcon_core.verb:set package 'fast_lio' build argument 'catkin_skip_building_tests' from command line to 'False'
[0.270s] DEBUG:colcon.colcon_core.verb:Building package 'fast_lio' with the following arguments: {'ament_cmake_args': None, 'build_base': '/home/chen/sentry_try/sentry_ws/build/fast_lio', 'catkin_cmake_args': None, 'catkin_skip_building_tests': False, 'cmake_args': None, 'cmake_clean_cache': False, 'cmake_clean_first': False, 'cmake_force_configure': False, 'cmake_target': None, 'cmake_target_skip_unavailable': False, 'install_base': '/home/chen/sentry_try/sentry_ws/install/fast_lio', 'merge_install': False, 'path': '/home/chen/sentry_try/sentry_ws/src/FAST_LIO', 'symlink_install': False, 'test_result_base': None}
[0.271s] Level 5:colcon.colcon_core.verb:set package 'livox_to_scan' build argument 'cmake_args' from command line to 'None'
[0.271s] Level 5:colcon.colcon_core.verb:set package 'livox_to_scan' build argument 'cmake_target' from command line to 'None'
[0.271s] Level 5:colcon.colcon_core.verb:set package 'livox_to_scan' build argument 'cmake_target_skip_unavailable' from command line to 'False'
[0.271s] Level 5:colcon.colcon_core.verb:set package 'livox_to_scan' build argument 'cmake_clean_cache' from command line to 'False'
[0.271s] Level 5:colcon.colcon_core.verb:set package 'livox_to_scan' build argument 'cmake_clean_first' from command line to 'False'
[0.271s] Level 5:colcon.colcon_core.verb:set package 'livox_to_scan' build argument 'cmake_force_configure' from command line to 'False'
[0.271s] Level 5:colcon.colcon_core.verb:set package 'livox_to_scan' build argument 'ament_cmake_args' from command line to 'None'
[0.271s] Level 5:colcon.colcon_core.verb:set package 'livox_to_scan' build argument 'catkin_cmake_args' from command line to 'None'
[0.271s] Level 5:colcon.colcon_core.verb:set package 'livox_to_scan' build argument 'catkin_skip_building_tests' from command line to 'False'
[0.271s] DEBUG:colcon.colcon_core.verb:Building package 'livox_to_scan' with the following arguments: {'ament_cmake_args': None, 'build_base': '/home/chen/sentry_try/sentry_ws/build/livox_to_scan', 'catkin_cmake_args': None, 'catkin_skip_building_tests': False, 'cmake_args': None, 'cmake_clean_cache': False, 'cmake_clean_first': False, 'cmake_force_configure': False, 'cmake_target': None, 'cmake_target_skip_unavailable': False, 'install_base': '/home/chen/sentry_try/sentry_ws/install/livox_to_scan', 'merge_install': False, 'path': '/home/chen/sentry_try/sentry_ws/src/livox_to_scan', 'symlink_install': False, 'test_result_base': None}
[0.271s] Level 5:colcon.colcon_core.verb:set package 'serial_comm' build argument 'cmake_args' from command line to 'None'
[0.271s] Level 5:colcon.colcon_core.verb:set package 'serial_comm' build argument 'cmake_target' from command line to 'None'
[0.271s] Level 5:colcon.colcon_core.verb:set package 'serial_comm' build argument 'cmake_target_skip_unavailable' from command line to 'False'
[0.271s] Level 5:colcon.colcon_core.verb:set package 'serial_comm' build argument 'cmake_clean_cache' from command line to 'False'
[0.271s] Level 5:colcon.colcon_core.verb:set package 'serial_comm' build argument 'cmake_clean_first' from command line to 'False'
[0.271s] Level 5:colcon.colcon_core.verb:set package 'serial_comm' build argument 'cmake_force_configure' from command line to 'False'
[0.271s] Level 5:colcon.colcon_core.verb:set package 'serial_comm' build argument 'ament_cmake_args' from command line to 'None'
[0.271s] Level 5:colcon.colcon_core.verb:set package 'serial_comm' build argument 'catkin_cmake_args' from command line to 'None'
[0.271s] Level 5:colcon.colcon_core.verb:set package 'serial_comm' build argument 'catkin_skip_building_tests' from command line to 'False'
[0.271s] DEBUG:colcon.colcon_core.verb:Building package 'serial_comm' with the following arguments: {'ament_cmake_args': None, 'build_base': '/home/chen/sentry_try/sentry_ws/build/serial_comm', 'catkin_cmake_args': None, 'catkin_skip_building_tests': False, 'cmake_args': None, 'cmake_clean_cache': False, 'cmake_clean_first': False, 'cmake_force_configure': False, 'cmake_target': None, 'cmake_target_skip_unavailable': False, 'install_base': '/home/chen/sentry_try/sentry_ws/install/serial_comm', 'merge_install': False, 'path': '/home/chen/sentry_try/sentry_ws/src/serial_comm', 'symlink_install': False, 'test_result_base': None}
[0.271s] INFO:colcon.colcon_core.executor:Executing jobs using 'parallel' executor
[0.272s] DEBUG:colcon.colcon_parallel_executor.executor.parallel:run_until_complete
[0.272s] INFO:colcon.colcon_ros.task.ament_cmake.build:Building ROS package in '/home/chen/sentry_try/sentry_ws/src/livox_ros_driver2_humble/src' with build type 'ament_cmake'
[0.272s] INFO:colcon.colcon_cmake.task.cmake.build:Building CMake package in '/home/chen/sentry_try/sentry_ws/src/livox_ros_driver2_humble/src'
[0.273s] INFO:colcon.colcon_core.plugin_system:Skipping extension 'colcon_core.shell.bat': Not used on non-Windows systems
[0.273s] INFO:colcon.colcon_core.shell:Skip shell extension 'powershell' for command environment: Not usable outside of PowerShell
[0.273s] DEBUG:colcon.colcon_core.shell:Skip shell extension 'dsv' for command environment
[0.276s] INFO:colcon.colcon_ros.task.ament_cmake.build:Building ROS package in '/home/chen/sentry_try/sentry_ws/src/sentry_msgs' with build type 'ament_cmake'
[0.276s] INFO:colcon.colcon_cmake.task.cmake.build:Building CMake package in '/home/chen/sentry_try/sentry_ws/src/sentry_msgs'
[0.276s] INFO:colcon.colcon_core.shell:Skip shell extension 'powershell' for command environment: Not usable outside of PowerShell
[0.276s] DEBUG:colcon.colcon_core.shell:Skip shell extension 'dsv' for command environment
[0.279s] INFO:colcon.colcon_ros.task.ament_cmake.build:Building ROS package in '/home/chen/sentry_try/sentry_ws/src/nav2_plugins/costmap_intensity' with build type 'ament_cmake'
[0.279s] INFO:colcon.colcon_cmake.task.cmake.build:Building CMake package in '/home/chen/sentry_try/sentry_ws/src/nav2_plugins/costmap_intensity'
[0.279s] INFO:colcon.colcon_core.shell:Skip shell extension 'powershell' for command environment: Not usable outside of PowerShell
[0.279s] DEBUG:colcon.colcon_core.shell:Skip shell extension 'dsv' for command environment
[0.282s] INFO:colcon.colcon_ros.task.ament_cmake.build:Building ROS package in '/home/chen/sentry_try/sentry_ws/src/nav2_plugins/costmap_voxel' with build type 'ament_cmake'
[0.282s] INFO:colcon.colcon_cmake.task.cmake.build:Building CMake package in '/home/chen/sentry_try/sentry_ws/src/nav2_plugins/costmap_voxel'
[0.282s] INFO:colcon.colcon_core.shell:Skip shell extension 'powershell' for command environment: Not usable outside of PowerShell
[0.282s] DEBUG:colcon.colcon_core.shell:Skip shell extension 'dsv' for command environment
[0.284s] INFO:colcon.colcon_ros.task.ament_cmake.build:Building ROS package in '/home/chen/sentry_try/sentry_ws/src/nav2_plugins/goal_approach_controller' with build type 'ament_cmake'
[0.284s] INFO:colcon.colcon_cmake.task.cmake.build:Building CMake package in '/home/chen/sentry_try/sentry_ws/src/nav2_plugins/goal_approach_controller'
[0.285s] INFO:colcon.colcon_core.shell:Skip shell extension 'powershell' for command environment: Not usable outside of PowerShell
[0.285s] DEBUG:colcon.colcon_core.shell:Skip shell extension 'dsv' for command environment
[0.287s] INFO:colcon.colcon_ros.task.ament_cmake.build:Building ROS package in '/home/chen/sentry_try/sentry_ws/src/lightning-lm' with build type 'ament_cmake'
[0.287s] INFO:colcon.colcon_cmake.task.cmake.build:Building CMake package in '/home/chen/sentry_try/sentry_ws/src/lightning-lm'
[0.287s] INFO:colcon.colcon_core.shell:Skip shell extension 'powershell' for command environment: Not usable outside of PowerShell
[0.287s] DEBUG:colcon.colcon_core.shell:Skip shell extension 'dsv' for command environment
[0.290s] INFO:colcon.colcon_ros.task.ament_cmake.build:Building ROS package in '/home/chen/sentry_try/sentry_ws/src/nav2_plugins/pb_nav2_plugins' with build type 'ament_cmake'
[0.290s] INFO:colcon.colcon_cmake.task.cmake.build:Building CMake package in '/home/chen/sentry_try/sentry_ws/src/nav2_plugins/pb_nav2_plugins'
[0.290s] INFO:colcon.colcon_core.shell:Skip shell extension 'powershell' for command environment: Not usable outside of PowerShell
[0.290s] DEBUG:colcon.colcon_core.shell:Skip shell extension 'dsv' for command environment
[0.296s] DEBUG:colcon.colcon_core.event_handler.log_command:Invoking command in '/home/chen/sentry_try/sentry_ws/build/livox_ros_driver2': CMAKE_PREFIX_PATH=${CMAKE_PREFIX_PATH}:/opt/ros/humble /usr/bin/cmake --build /home/chen/sentry_try/sentry_ws/build/livox_ros_driver2 -- -j16 -l16
[0.299s] DEBUG:colcon.colcon_core.event_handler.log_command:Invoking command in '/home/chen/sentry_try/sentry_ws/build/sentry_msgs': CMAKE_PREFIX_PATH=${CMAKE_PREFIX_PATH}:/opt/ros/humble /usr/bin/cmake --build /home/chen/sentry_try/sentry_ws/build/sentry_msgs -- -j16 -l16
[0.301s] DEBUG:colcon.colcon_core.event_handler.log_command:Invoking command in '/home/chen/sentry_try/sentry_ws/build/costmap_intensity': CMAKE_PREFIX_PATH=${CMAKE_PREFIX_PATH}:/opt/ros/humble /usr/bin/cmake --build /home/chen/sentry_try/sentry_ws/build/costmap_intensity -- -j16 -l16
[0.303s] DEBUG:colcon.colcon_core.event_handler.log_command:Invoking command in '/home/chen/sentry_try/sentry_ws/build/costmap_voxel': CMAKE_PREFIX_PATH=${CMAKE_PREFIX_PATH}:/opt/ros/humble /usr/bin/cmake --build /home/chen/sentry_try/sentry_ws/build/costmap_voxel -- -j16 -l16
[0.305s] DEBUG:colcon.colcon_core.event_handler.log_command:Invoking command in '/home/chen/sentry_try/sentry_ws/build/goal_approach_controller': CMAKE_PREFIX_PATH=${CMAKE_PREFIX_PATH}:/opt/ros/humble /usr/bin/cmake --build /home/chen/sentry_try/sentry_ws/build/goal_approach_controller -- -j16 -l16
[0.308s] DEBUG:colcon.colcon_core.event_handler.log_command:Invoking command in '/home/chen/sentry_try/sentry_ws/build/lightning': CMAKE_PREFIX_PATH=${CMAKE_PREFIX_PATH}:/opt/ros/humble /usr/bin/cmake /home/chen/sentry_try/sentry_ws/src/lightning-lm -DCMAKE_INSTALL_PREFIX=/home/chen/sentry_try/sentry_ws/install/lightning
[0.312s] DEBUG:colcon.colcon_core.event_handler.log_command:Invoking command in '/home/chen/sentry_try/sentry_ws/build/pb_nav2_plugins': CMAKE_PREFIX_PATH=${CMAKE_PREFIX_PATH}:/opt/ros/humble /usr/bin/cmake --build /home/chen/sentry_try/sentry_ws/build/pb_nav2_plugins -- -j16 -l16
[0.687s] DEBUG:colcon.colcon_core.event_handler.log_command:Invoked command in '/home/chen/sentry_try/sentry_ws/build/sentry_msgs' returned '0': CMAKE_PREFIX_PATH=${CMAKE_PREFIX_PATH}:/opt/ros/humble /usr/bin/cmake --build /home/chen/sentry_try/sentry_ws/build/sentry_msgs -- -j16 -l16
[0.698s] DEBUG:colcon.colcon_core.event_handler.log_command:Invoking command in '/home/chen/sentry_try/sentry_ws/build/sentry_msgs': CMAKE_PREFIX_PATH=${CMAKE_PREFIX_PATH}:/opt/ros/humble /usr/bin/cmake --install /home/chen/sentry_try/sentry_ws/build/sentry_msgs
[0.751s] Level 1:colcon.colcon_core.environment:create_environment_scripts_only(sentry_msgs)
[0.752s] DEBUG:colcon.colcon_core.event_handler.log_command:Invoked command in '/home/chen/sentry_try/sentry_ws/build/sentry_msgs' returned '0': CMAKE_PREFIX_PATH=${CMAKE_PREFIX_PATH}:/opt/ros/humble /usr/bin/cmake --install /home/chen/sentry_try/sentry_ws/build/sentry_msgs
[0.754s] Level 1:colcon.colcon_core.environment:checking '/home/chen/sentry_try/sentry_ws/install/sentry_msgs' for CMake module files
[0.754s] Level 1:colcon.colcon_core.environment:checking '/home/chen/sentry_try/sentry_ws/install/sentry_msgs' for CMake config files
[0.755s] Level 1:colcon.colcon_core.shell:create_environment_hook('sentry_msgs', 'cmake_prefix_path')
[0.755s] INFO:colcon.colcon_core.shell:Creating environment hook '/home/chen/sentry_try/sentry_ws/install/sentry_msgs/share/sentry_msgs/hook/cmake_prefix_path.ps1'
[0.756s] INFO:colcon.colcon_core.shell:Creating environment descriptor '/home/chen/sentry_try/sentry_ws/install/sentry_msgs/share/sentry_msgs/hook/cmake_prefix_path.dsv'
[0.756s] INFO:colcon.colcon_core.shell:Creating environment hook '/home/chen/sentry_try/sentry_ws/install/sentry_msgs/share/sentry_msgs/hook/cmake_prefix_path.sh'
[0.757s] Level 1:colcon.colcon_core.environment:checking '/home/chen/sentry_try/sentry_ws/install/sentry_msgs/lib'
[0.757s] Level 1:colcon.colcon_core.shell:create_environment_hook('sentry_msgs', 'ld_library_path_lib')
[0.758s] INFO:colcon.colcon_core.shell:Creating environment hook '/home/chen/sentry_try/sentry_ws/install/sentry_msgs/share/sentry_msgs/hook/ld_library_path_lib.ps1'
[0.758s] INFO:colcon.colcon_core.shell:Creating environment descriptor '/home/chen/sentry_try/sentry_ws/install/sentry_msgs/share/sentry_msgs/hook/ld_library_path_lib.dsv'
[0.758s] INFO:colcon.colcon_core.shell:Creating environment hook '/home/chen/sentry_try/sentry_ws/install/sentry_msgs/share/sentry_msgs/hook/ld_library_path_lib.sh'
[0.759s] Level 1:colcon.colcon_core.environment:checking '/home/chen/sentry_try/sentry_ws/install/sentry_msgs/bin'
[0.759s] Level 1:colcon.colcon_core.environment:checking '/home/chen/sentry_try/sentry_ws/install/sentry_msgs/lib/pkgconfig/sentry_msgs.pc'
[0.759s] Level 1:colcon.colcon_core.environment:checking '/home/chen/sentry_try/sentry_ws/install/sentry_msgs/lib/python3.10/site-packages'
[0.759s] Level 1:colcon.colcon_core.environment:checking '/home/chen/sentry_try/sentry_ws/install/sentry_msgs/bin'
[0.759s] INFO:colcon.colcon_core.shell:Creating package script '/home/chen/sentry_try/sentry_ws/install/sentry_msgs/share/sentry_msgs/package.ps1'
[0.761s] INFO:colcon.colcon_core.shell:Creating package descriptor '/home/chen/sentry_try/sentry_ws/install/sentry_msgs/share/sentry_msgs/package.dsv'
[0.762s] INFO:colcon.colcon_core.shell:Creating package script '/home/chen/sentry_try/sentry_ws/install/sentry_msgs/share/sentry_msgs/package.sh'
[0.763s] INFO:colcon.colcon_core.shell:Creating package script '/home/chen/sentry_try/sentry_ws/install/sentry_msgs/share/sentry_msgs/package.bash'
[0.764s] INFO:colcon.colcon_core.shell:Creating package script '/home/chen/sentry_try/sentry_ws/install/sentry_msgs/share/sentry_msgs/package.zsh'
[0.765s] Level 1:colcon.colcon_core.environment:create_file_with_runtime_dependencies(/home/chen/sentry_try/sentry_ws/install/sentry_msgs/share/colcon-core/packages/sentry_msgs)
[0.766s] Level 1:colcon.colcon_core.environment:create_environment_scripts_only(sentry_msgs)
[0.766s] Level 1:colcon.colcon_core.environment:checking '/home/chen/sentry_try/sentry_ws/install/sentry_msgs' for CMake module files
[0.767s] Level 1:colcon.colcon_core.environment:checking '/home/chen/sentry_try/sentry_ws/install/sentry_msgs' for CMake config files
[0.767s] Level 1:colcon.colcon_core.shell:create_environment_hook('sentry_msgs', 'cmake_prefix_path')
[0.768s] INFO:colcon.colcon_core.shell:Creating environment hook '/home/chen/sentry_try/sentry_ws/install/sentry_msgs/share/sentry_msgs/hook/cmake_prefix_path.ps1'
[0.768s] INFO:colcon.colcon_core.shell:Creating environment descriptor '/home/chen/sentry_try/sentry_ws/install/sentry_msgs/share/sentry_msgs/hook/cmake_prefix_path.dsv'
[0.769s] INFO:colcon.colcon_core.shell:Creating environment hook '/home/chen/sentry_try/sentry_ws/install/sentry_msgs/share/sentry_msgs/hook/cmake_prefix_path.sh'
[0.769s] Level 1:colcon.colcon_core.environment:checking '/home/chen/sentry_try/sentry_ws/install/sentry_msgs/lib'
[0.769s] Level 1:colcon.colcon_core.shell:create_environment_hook('sentry_msgs', 'ld_library_path_lib')
[0.770s] INFO:colcon.colcon_core.shell:Creating environment hook '/home/chen/sentry_try/sentry_ws/install/sentry_msgs/share/sentry_msgs/hook/ld_library_path_lib.ps1'
[0.770s] INFO:colcon.colcon_core.shell:Creating environment descriptor '/home/chen/sentry_try/sentry_ws/install/sentry_msgs/share/sentry_msgs/hook/ld_library_path_lib.dsv'
[0.771s] INFO:colcon.colcon_core.shell:Creating environment hook '/home/chen/sentry_try/sentry_ws/install/sentry_msgs/share/sentry_msgs/hook/ld_library_path_lib.sh'
[0.771s] Level 1:colcon.colcon_core.environment:checking '/home/chen/sentry_try/sentry_ws/install/sentry_msgs/bin'
[0.771s] Level 1:colcon.colcon_core.environment:checking '/home/chen/sentry_try/sentry_ws/install/sentry_msgs/lib/pkgconfig/sentry_msgs.pc'
[0.771s] Level 1:colcon.colcon_core.environment:checking '/home/chen/sentry_try/sentry_ws/install/sentry_msgs/lib/python3.10/site-packages'
[0.772s] Level 1:colcon.colcon_core.environment:checking '/home/chen/sentry_try/sentry_ws/install/sentry_msgs/bin'
[0.772s] INFO:colcon.colcon_core.shell:Creating package script '/home/chen/sentry_try/sentry_ws/install/sentry_msgs/share/sentry_msgs/package.ps1'
[0.773s] INFO:colcon.colcon_core.shell:Creating package descriptor '/home/chen/sentry_try/sentry_ws/install/sentry_msgs/share/sentry_msgs/package.dsv'
[0.774s] INFO:colcon.colcon_core.shell:Creating package script '/home/chen/sentry_try/sentry_ws/install/sentry_msgs/share/sentry_msgs/package.sh'
[0.775s] INFO:colcon.colcon_core.shell:Creating package script '/home/chen/sentry_try/sentry_ws/install/sentry_msgs/share/sentry_msgs/package.bash'
[0.775s] INFO:colcon.colcon_core.shell:Creating package script '/home/chen/sentry_try/sentry_ws/install/sentry_msgs/share/sentry_msgs/package.zsh'
[0.776s] Level 1:colcon.colcon_core.environment:create_file_with_runtime_dependencies(/home/chen/sentry_try/sentry_ws/install/sentry_msgs/share/colcon-core/packages/sentry_msgs)
[0.776s] INFO:colcon.colcon_ros.task.ament_cmake.build:Building ROS package in '/home/chen/sentry_try/sentry_ws/src/serial_comm' with build type 'ament_cmake'
[0.776s] INFO:colcon.colcon_cmake.task.cmake.build:Building CMake package in '/home/chen/sentry_try/sentry_ws/src/serial_comm'
[0.777s] INFO:colcon.colcon_core.shell:Skip shell extension 'powershell' for command environment: Not usable outside of PowerShell
[0.778s] DEBUG:colcon.colcon_core.shell:Skip shell extension 'dsv' for command environment
[0.789s] DEBUG:colcon.colcon_core.event_handler.log_command:Invoking command in '/home/chen/sentry_try/sentry_ws/build/serial_comm': CMAKE_PREFIX_PATH=${CMAKE_PREFIX_PATH}:/opt/ros/humble /usr/bin/cmake --build /home/chen/sentry_try/sentry_ws/build/serial_comm -- -j16 -l16
[0.875s] Level 1:colcon.colcon_core.environment:create_environment_scripts_only(serial_comm)
[0.876s] Level 1:colcon.colcon_core.environment:checking '/home/chen/sentry_try/sentry_ws/install/serial_comm' for CMake module files
[0.877s] DEBUG:colcon.colcon_core.event_handler.log_command:Invoked command in '/home/chen/sentry_try/sentry_ws/build/serial_comm' returned '2': CMAKE_PREFIX_PATH=${CMAKE_PREFIX_PATH}:/opt/ros/humble /usr/bin/cmake --build /home/chen/sentry_try/sentry_ws/build/serial_comm -- -j16 -l16
[0.877s] Level 1:colcon.colcon_core.environment:checking '/home/chen/sentry_try/sentry_ws/install/serial_comm' for CMake config files
[0.877s] Level 1:colcon.colcon_core.environment:checking '/home/chen/sentry_try/sentry_ws/install/serial_comm/bin'
[0.877s] Level 1:colcon.colcon_core.environment:checking '/home/chen/sentry_try/sentry_ws/install/serial_comm/lib/pkgconfig/serial_comm.pc'
[0.877s] Level 1:colcon.colcon_core.environment:checking '/home/chen/sentry_try/sentry_ws/install/serial_comm/lib/python3.10/site-packages'
[0.878s] Level 1:colcon.colcon_core.environment:checking '/home/chen/sentry_try/sentry_ws/install/serial_comm/bin'
[0.878s] INFO:colcon.colcon_core.shell:Creating package script '/home/chen/sentry_try/sentry_ws/install/serial_comm/share/serial_comm/package.ps1'
[0.879s] INFO:colcon.colcon_core.shell:Creating package descriptor '/home/chen/sentry_try/sentry_ws/install/serial_comm/share/serial_comm/package.dsv'
[0.879s] INFO:colcon.colcon_core.shell:Creating package script '/home/chen/sentry_try/sentry_ws/install/serial_comm/share/serial_comm/package.sh'
[0.879s] INFO:colcon.colcon_core.shell:Creating package script '/home/chen/sentry_try/sentry_ws/install/serial_comm/share/serial_comm/package.bash'
[0.880s] INFO:colcon.colcon_core.shell:Creating package script '/home/chen/sentry_try/sentry_ws/install/serial_comm/share/serial_comm/package.zsh'
[0.881s] Level 1:colcon.colcon_core.environment:create_file_with_runtime_dependencies(/home/chen/sentry_try/sentry_ws/install/serial_comm/share/colcon-core/packages/serial_comm)
[15.351s] DEBUG:colcon.colcon_parallel_executor.executor.parallel:closing loop
[15.352s] DEBUG:colcon.colcon_parallel_executor.executor.parallel:loop closed
[15.352s] DEBUG:colcon.colcon_parallel_executor.executor.parallel:run_until_complete finished with '2'
[15.352s] DEBUG:colcon.colcon_core.event_reactor:joining thread
[15.360s] INFO:colcon.colcon_core.plugin_system:Skipping extension 'colcon_notification.desktop_notification.terminal_notifier': Not used on non-Darwin systems
[15.360s] INFO:colcon.colcon_core.plugin_system:Skipping extension 'colcon_notification.desktop_notification.win32': Not used on non-Windows systems
[15.360s] INFO:colcon.colcon_notification.desktop_notification:Sending desktop notification using 'notify2'
[15.374s] DEBUG:colcon.colcon_core.event_reactor:joined thread
[15.374s] INFO:colcon.colcon_core.shell:Creating prefix script '/home/chen/sentry_try/sentry_ws/install/local_setup.ps1'
[15.375s] INFO:colcon.colcon_core.shell:Creating prefix util module '/home/chen/sentry_try/sentry_ws/install/_local_setup_util_ps1.py'
[15.376s] INFO:colcon.colcon_core.shell:Creating prefix chain script '/home/chen/sentry_try/sentry_ws/install/setup.ps1'
[15.377s] INFO:colcon.colcon_core.shell:Creating prefix script '/home/chen/sentry_try/sentry_ws/install/local_setup.sh'
[15.378s] INFO:colcon.colcon_core.shell:Creating prefix util module '/home/chen/sentry_try/sentry_ws/install/_local_setup_util_sh.py'
[15.378s] INFO:colcon.colcon_core.shell:Creating prefix chain script '/home/chen/sentry_try/sentry_ws/install/setup.sh'
[15.379s] INFO:colcon.colcon_core.shell:Creating prefix script '/home/chen/sentry_try/sentry_ws/install/local_setup.bash'
[15.380s] INFO:colcon.colcon_core.shell:Creating prefix chain script '/home/chen/sentry_try/sentry_ws/install/setup.bash'
[15.380s] INFO:colcon.colcon_core.shell:Creating prefix script '/home/chen/sentry_try/sentry_ws/install/local_setup.zsh'
[15.381s] INFO:colcon.colcon_core.shell:Creating prefix chain script '/home/chen/sentry_try/sentry_ws/install/setup.zsh'
