[35m[1mConsolidate compiler generated dependencies of target lightning__rosidl_generator_c[0m
[  1%] Built target lightning__rs
[  4%] Built target lightning__rosidl_generator_c
[  5%] Built target lightning__cpp
[  5%] Built target ament_cmake_python_copy_lightning
[  5%] Built target livox_interfaces2__rs
[35m[1mConsolidate compiler generated dependencies of target livox_interfaces2__rosidl_generator_c[0m
[  8%] Built target livox_interfaces2__rosidl_generator_c
[  9%] Built target livox_interfaces2__cpp
[35m[1mConsolidate compiler generated dependencies of target miao.utils[0m
[  9%] Built target ament_cmake_python_copy_livox_ros_driver2
[ 10%] Built target miao.utils
[35m[1mConsolidate compiler generated dependencies of target miao.core[0m
[35m[1mConsolidate compiler generated dependencies of target lightning__rosidl_typesupport_fastrtps_c[0m
[ 13%] Built target lightning__rosidl_typesupport_fastrtps_c
[ 20%] Built target miao.core
[35m[1mConsolidate compiler generated dependencies of target lightning__rosidl_typesupport_fastrtps_cpp[0m
[35m[1mConsolidate compiler generated dependencies of target lightning__rosidl_typesupport_introspection_c[0m
[ 23%] Built target lightning__rosidl_typesupport_fastrtps_cpp
[ 26%] Built target lightning__rosidl_typesupport_introspection_c
[35m[1mConsolidate compiler generated dependencies of target lightning__rosidl_typesupport_c[0m
[35m[1mConsolidate compiler generated dependencies of target lightning__rosidl_typesupport_introspection_cpp[0m
[ 29%] Built target lightning__rosidl_typesupport_c
[ 32%] Built target lightning__rosidl_typesupport_introspection_cpp
[35m[1mConsolidate compiler generated dependencies of target lightning__rosidl_typesupport_cpp[0m
[ 35%] Built target lightning__rosidl_typesupport_cpp
[35m[1mConsolidate compiler generated dependencies of target livox_interfaces2__rosidl_typesupport_fastrtps_c[0m
[ 38%] Built target livox_interfaces2__rosidl_typesupport_fastrtps_c
[35m[1mConsolidate compiler generated dependencies of target livox_interfaces2__rosidl_typesupport_fastrtps_cpp[0m
[ 41%] Built target livox_interfaces2__rosidl_typesupport_fastrtps_cpp
[35m[1mConsolidate compiler generated dependencies of target livox_interfaces2__rosidl_typesupport_introspection_c[0m
[ 44%] Built target livox_interfaces2__rosidl_typesupport_introspection_c
[35m[1mConsolidate compiler generated dependencies of target livox_interfaces2__rosidl_typesupport_c[0m
[ 47%] Built target livox_interfaces2__rosidl_typesupport_c
[35m[1mConsolidate compiler generated dependencies of target livox_interfaces2__rosidl_typesupport_introspection_cpp[0m
[ 50%] Built target livox_interfaces2__rosidl_typesupport_introspection_cpp
[35m[1mConsolidate compiler generated dependencies of target livox_interfaces2__rosidl_typesupport_cpp[0m
[ 53%] Built target livox_interfaces2__rosidl_typesupport_cpp
running egg_info
writing lightning.egg-info/PKG-INFO
writing dependency_links to lightning.egg-info/dependency_links.txt
writing top-level names to lightning.egg-info/top_level.txt
reading manifest file 'lightning.egg-info/SOURCES.txt'
writing manifest file 'lightning.egg-info/SOURCES.txt'
[ 53%] Built target ament_cmake_python_build_lightning_egg
[35m[1mConsolidate compiler generated dependencies of target lightning.libs[0m
[ 53%] [32mBuilding CXX object src/CMakeFiles/lightning.libs.dir/common/nav_state.cc.o[0m
running egg_info
writing livox_ros_driver2.egg-info/PKG-INFO
writing dependency_links to livox_ros_driver2.egg-info/dependency_links.txt
writing top-level names to livox_ros_driver2.egg-info/top_level.txt
reading manifest file 'livox_ros_driver2.egg-info/SOURCES.txt'
writing manifest file 'livox_ros_driver2.egg-info/SOURCES.txt'
[ 53%] Built target ament_cmake_python_build_livox_ros_driver2_egg
[ 54%] [32mBuilding CXX object src/CMakeFiles/lightning.libs.dir/common/params.cc.o[0m
[ 55%] [32mBuilding CXX object src/CMakeFiles/lightning.libs.dir/core/lio/eskf.cc.o[0m
[ 56%] [32mBuilding CXX object src/CMakeFiles/lightning.libs.dir/core/lio/laser_mapping.cc.o[0m
[ 56%] [32mBuilding CXX object src/CMakeFiles/lightning.libs.dir/core/lio/pointcloud_preprocess.cc.o[0m
[ 57%] [32mBuilding CXX object src/CMakeFiles/lightning.libs.dir/core/loop_closing/loop_closing.cc.o[0m
[ 57%] [32mBuilding CXX object src/CMakeFiles/lightning.libs.dir/core/g2p5/g2p5.cc.o[0m
[ 58%] [32mBuilding CXX object src/CMakeFiles/lightning.libs.dir/core/maps/tiled_map.cc.o[0m
[ 58%] [32mBuilding CXX object src/CMakeFiles/lightning.libs.dir/core/localization/localization_result.cc.o[0m
[ 59%] [32mBuilding CXX object src/CMakeFiles/lightning.libs.dir/core/localization/lidar_loc/lidar_loc.cc.o[0m
[ 60%] [32mBuilding CXX object src/CMakeFiles/lightning.libs.dir/core/localization/lidar_loc/pclomp/ndt_omp.cpp.o[0m
[ 60%] [32mBuilding CXX object src/CMakeFiles/lightning.libs.dir/core/localization/lidar_loc/pclomp/voxel_grid_covariance_omp.cpp.o[0m
[ 61%] [32mBuilding CXX object src/CMakeFiles/lightning.libs.dir/core/localization/pose_graph/pgo.cc.o[0m
[ 62%] [32mBuilding CXX object src/CMakeFiles/lightning.libs.dir/core/localization/pose_graph/pgo_impl.cc.o[0m
[ 63%] [32mBuilding CXX object src/CMakeFiles/lightning.libs.dir/core/localization/pose_graph/pose_extrapolator.cc.o[0m
[ 63%] [32mBuilding CXX object src/CMakeFiles/lightning.libs.dir/core/localization/localization.cpp.o[0m
[ 64%] [32mBuilding CXX object src/CMakeFiles/lightning.libs.dir/utils/timer.cc.o[0m
[ 65%] [32mBuilding CXX object src/CMakeFiles/lightning.libs.dir/utils/pointcloud_utils.cc.o[0m
[ 65%] [32mBuilding CXX object src/CMakeFiles/lightning.libs.dir/ui/pangolin_window.cc.o[0m
[ 66%] [32mBuilding CXX object src/CMakeFiles/lightning.libs.dir/ui/pangolin_window_impl.cc.o[0m
[ 67%] [32mBuilding CXX object src/CMakeFiles/lightning.libs.dir/ui/ui_car.cc.o[0m
[ 67%] Built target lightning
[ 67%] Built target livox_interfaces2
[ 68%] [32mBuilding CXX object src/CMakeFiles/lightning.libs.dir/ui/ui_cloud.cc.o[0m
[ 68%] [32mBuilding CXX object src/CMakeFiles/lightning.libs.dir/ui/ui_trajectory.cc.o[0m
[ 69%] [32mBuilding CXX object src/CMakeFiles/lightning.libs.dir/core/system/slam.cc.o[0m
[ 70%] [32mBuilding CXX object src/CMakeFiles/lightning.libs.dir/core/system/loc_system.cc.o[0m
[ 71%] [32mBuilding CXX object src/CMakeFiles/lightning.libs.dir/wrapper/bag_io.cc.o[0m
[ 72%] Built target lightning__py
[ 72%] Built target livox_interfaces2__py
[35m[1mConsolidate compiler generated dependencies of target lightning__rosidl_generator_py[0m
[ 74%] Built target lightning__rosidl_generator_py
[35m[1mConsolidate compiler generated dependencies of target livox_interfaces2__rosidl_generator_py[0m
[ 76%] Built target livox_interfaces2__rosidl_generator_py
[35m[1mConsolidate compiler generated dependencies of target lightning__rosidl_typesupport_fastrtps_c__pyext[0m
[ 77%] Built target lightning__rosidl_typesupport_fastrtps_c__pyext
[35m[1mConsolidate compiler generated dependencies of target lightning__rosidl_typesupport_introspection_c__pyext[0m
[ 78%] Built target lightning__rosidl_typesupport_introspection_c__pyext
[35m[1mConsolidate compiler generated dependencies of target lightning__rosidl_typesupport_c__pyext[0m
[ 79%] Built target lightning__rosidl_typesupport_c__pyext
[35m[1mConsolidate compiler generated dependencies of target livox_ros_driver2__rosidl_typesupport_fastrtps_c__pyext[0m
[ 80%] Built target livox_ros_driver2__rosidl_typesupport_fastrtps_c__pyext
[35m[1mConsolidate compiler generated dependencies of target livox_ros_driver2__rosidl_typesupport_introspection_c__pyext[0m
[ 82%] Built target livox_ros_driver2__rosidl_typesupport_introspection_c__pyext
[35m[1mConsolidate compiler generated dependencies of target livox_ros_driver2__rosidl_typesupport_c__pyext[0m
[ 84%] Built target livox_ros_driver2__rosidl_typesupport_c__pyext
[ 84%] [32m[1mLinking CXX shared library liblightning.libs.so[0m
[ 89%] Built target lightning.libs
[ 89%] [32mBuilding CXX object src/app/CMakeFiles/run_loop_offline.dir/run_loop_offline.cc.o[0m
[ 90%] [32mBuilding CXX object src/app/CMakeFiles/run_frontend_offline.dir/run_frontend_offline.cc.o[0m
[ 91%] [32m[1mLinking CXX executable /home/chen/sentry_try/sentry_ws/src/lightning-lm/bin/run_frontend_offline[0m
[ 92%] [32m[1mLinking CXX executable /home/chen/sentry_try/sentry_ws/src/lightning-lm/bin/run_loop_offline[0m
[ 92%] Built target run_frontend_offline
[ 93%] [32mBuilding CXX object src/app/CMakeFiles/run_slam_offline.dir/run_slam_offline.cc.o[0m
[ 93%] Built target run_loop_offline
[ 93%] [32mBuilding CXX object src/app/CMakeFiles/run_slam_online.dir/run_slam_online.cc.o[0m
[ 94%] [32m[1mLinking CXX executable /home/chen/sentry_try/sentry_ws/src/lightning-lm/bin/run_slam_offline[0m
[ 95%] [32m[1mLinking CXX executable /home/chen/sentry_try/sentry_ws/src/lightning-lm/bin/run_slam_online[0m
[ 95%] Built target run_slam_offline
[ 96%] [32mBuilding CXX object src/app/CMakeFiles/run_loc_offline.dir/run_loc_offline.cc.o[0m
[ 96%] Built target run_slam_online
[ 97%] [32mBuilding CXX object src/app/CMakeFiles/run_loc_online.dir/run_loc_online.cc.o[0m
[ 97%] [32m[1mLinking CXX executable /home/chen/sentry_try/sentry_ws/src/lightning-lm/bin/run_loc_offline[0m
[ 97%] Built target run_loc_offline
[ 98%] [32mBuilding CXX object src/app/CMakeFiles/test_ui.dir/test_ui.cc.o[0m
[ 99%] [32m[1mLinking CXX executable /home/chen/sentry_try/sentry_ws/src/lightning-lm/bin/run_loc_online[0m
[ 99%] Built target run_loc_online
[100%] [32m[1mLinking CXX executable /home/chen/sentry_try/sentry_ws/src/lightning-lm/bin/test_ui[0m
[100%] Built target test_ui
