[0.027s] Invoking command in '/home/chen/sentry_try/sentry_ws/build/livox_to_scan': AMENT_PREFIX_PATH=/home/chen/sentry_try/sentry_ws/install/livox_ros_driver2:${AMENT_PREFIX_PATH} CMAKE_PREFIX_PATH=/home/chen/sentry_try/sentry_ws/install/livox_ros_driver2:/opt/ros/humble LD_LIBRARY_PATH=/home/chen/sentry_try/sentry_ws/install/livox_ros_driver2/lib:${LD_LIBRARY_PATH} PYTHONPATH=/home/chen/sentry_try/sentry_ws/install/livox_ros_driver2/local/lib/python3.10/dist-packages:${PYTHONPATH} /usr/bin/cmake /home/chen/sentry_try/sentry_ws/src/livox_to_scan -DCMAKE_BUILD_TYPE=Release -DCMAKE_INSTALL_PREFIX=/home/chen/sentry_try/sentry_ws/install/livox_to_scan
[0.049s] -- Found ament_cmake: 1.3.14 (/opt/ros/humble/share/ament_cmake/cmake)
[0.348s] -- Found rclcpp: 16.0.19 (/opt/ros/humble/share/rclcpp/cmake)
[0.461s] -- Found rosidl_generator_c: 3.1.9 (/opt/ros/humble/share/rosidl_generator_c/cmake)
[0.467s] -- Found rosidl_adapter: 3.1.9 (/opt/ros/humble/share/rosidl_adapter/cmake)
[0.484s] -- Found rosidl_generator_cpp: 3.1.9 (/opt/ros/humble/share/rosidl_generator_cpp/cmake)
[0.493s] -- Using all available rosidl_typesupport_c: rosidl_typesupport_fastrtps_c;rosidl_typesupport_introspection_c
[0.512s] -- Using all available rosidl_typesupport_cpp: rosidl_typesupport_fastrtps_cpp;rosidl_typesupport_introspection_cpp
[0.547s] -- Found rmw_implementation_cmake: 6.1.2 (/opt/ros/humble/share/rmw_implementation_cmake/cmake)
[0.550s] -- Found rmw_fastrtps_cpp: 6.2.10 (/opt/ros/humble/share/rmw_fastrtps_cpp/cmake)
[0.724s] -- Using RMW implementation 'rmw_fastrtps_cpp' as default
[0.846s] -- Found sensor_msgs: 4.9.1 (/opt/ros/humble/share/sensor_msgs/cmake)
[0.912s] -- Found livox_ros_driver2: 1.0.0 (/home/chen/sentry_try/sentry_ws/install/livox_ros_driver2/share/livox_ros_driver2/cmake)
[1.002s] -- Eigen found (include: /usr/include/eigen3, version: 3.4.0)
[1.051s] -- FLANN found (include: /usr/include, lib: /usr/lib/x86_64-linux-gnu/libflann_cpp.so)
[1.713s] -- OpenNI found (version: 1.5.4.0, include: /usr/include/ni, lib: /usr/lib/libOpenNI.so;libusb::libusb)
[1.720s] -- OpenNI2 found (version: 2.2.0.33, include: /usr/include/openni2, lib: /usr/lib/x86_64-linux-gnu/libOpenNI2.so;libusb::libusb)
[1.842s] -- Eigen found (include: /usr/include/eigen3, version: 3.4.0)
[1.848s] -- OpenNI found (version: 1.5.4.0, include: /usr/include/ni, lib: /usr/lib/libOpenNI.so;libusb::libusb)
[1.853s] -- OpenNI2 found (version: 2.2.0.33, include: /usr/include/openni2, lib: /usr/lib/x86_64-linux-gnu/libOpenNI2.so;libusb::libusb)
[1.967s] -- Found Qhull version 8.0.2
[2.087s] -- OpenNI found (version: 1.5.4.0, include: /usr/include/ni, lib: /usr/lib/libOpenNI.so;libusb::libusb)
[2.235s] -- Found tf2_ros: 0.25.20 (/opt/ros/humble/share/tf2_ros/cmake)
[2.413s] -- Found tf2_geometry_msgs: 0.25.20 (/opt/ros/humble/share/tf2_geometry_msgs/cmake)
[2.415s] -- Found eigen3_cmake_module: 0.1.1 (/opt/ros/humble/share/eigen3_cmake_module/cmake)
[2.416s] -- Ensuring Eigen3 include directory is part of orocos-kdl CMake target
[2.420s] -- Found ament_lint_auto: 0.12.15 (/opt/ros/humble/share/ament_lint_auto/cmake)
[2.557s] -- Added test 'copyright' to check source files copyright and LICENSE
[2.561s] -- Added test 'cppcheck' to perform static code analysis on C / C++ code
[2.561s] -- Configured cppcheck include dirs: 
[2.561s] -- Configured cppcheck exclude dirs and/or files: 
[2.563s] -- Added test 'cpplint' to check C / C++ code against the Google style
[2.563s] -- Configured cpplint exclude dirs and/or files: 
[2.566s] -- Added test 'lint_cmake' to check CMake code style
[2.569s] -- Added test 'uncrustify' to check C / C++ code style
[2.569s] -- Configured uncrustify additional arguments: 
[2.572s] -- Added test 'xmllint' to check XML markup files
[2.577s] -- Configuring done
[2.608s] -- Generating done
[2.613s] -- Build files have been written to: /home/chen/sentry_try/sentry_ws/build/livox_to_scan
[2.631s] Invoked command in '/home/chen/sentry_try/sentry_ws/build/livox_to_scan' returned '0': AMENT_PREFIX_PATH=/home/chen/sentry_try/sentry_ws/install/livox_ros_driver2:${AMENT_PREFIX_PATH} CMAKE_PREFIX_PATH=/home/chen/sentry_try/sentry_ws/install/livox_ros_driver2:/opt/ros/humble LD_LIBRARY_PATH=/home/chen/sentry_try/sentry_ws/install/livox_ros_driver2/lib:${LD_LIBRARY_PATH} PYTHONPATH=/home/chen/sentry_try/sentry_ws/install/livox_ros_driver2/local/lib/python3.10/dist-packages:${PYTHONPATH} /usr/bin/cmake /home/chen/sentry_try/sentry_ws/src/livox_to_scan -DCMAKE_BUILD_TYPE=Release -DCMAKE_INSTALL_PREFIX=/home/chen/sentry_try/sentry_ws/install/livox_to_scan
[2.632s] Invoking command in '/home/chen/sentry_try/sentry_ws/build/livox_to_scan': AMENT_PREFIX_PATH=/home/chen/sentry_try/sentry_ws/install/livox_ros_driver2:${AMENT_PREFIX_PATH} CMAKE_PREFIX_PATH=/home/chen/sentry_try/sentry_ws/install/livox_ros_driver2:/opt/ros/humble LD_LIBRARY_PATH=/home/chen/sentry_try/sentry_ws/install/livox_ros_driver2/lib:${LD_LIBRARY_PATH} PYTHONPATH=/home/chen/sentry_try/sentry_ws/install/livox_ros_driver2/local/lib/python3.10/dist-packages:${PYTHONPATH} /usr/bin/cmake --build /home/chen/sentry_try/sentry_ws/build/livox_to_scan -- -j16 -l16
[2.675s] [35m[1mConsolidate compiler generated dependencies of target livox_to_scan_node[0m
[2.691s] [ 50%] [32mBuilding CXX object CMakeFiles/livox_to_scan_node.dir/src/livox_to_scan_node.cpp.o[0m
[10.813s] [100%] [32m[1mLinking CXX executable livox_to_scan_node[0m
[10.934s] [100%] Built target livox_to_scan_node
[10.943s] Invoked command in '/home/chen/sentry_try/sentry_ws/build/livox_to_scan' returned '0': AMENT_PREFIX_PATH=/home/chen/sentry_try/sentry_ws/install/livox_ros_driver2:${AMENT_PREFIX_PATH} CMAKE_PREFIX_PATH=/home/chen/sentry_try/sentry_ws/install/livox_ros_driver2:/opt/ros/humble LD_LIBRARY_PATH=/home/chen/sentry_try/sentry_ws/install/livox_ros_driver2/lib:${LD_LIBRARY_PATH} PYTHONPATH=/home/chen/sentry_try/sentry_ws/install/livox_ros_driver2/local/lib/python3.10/dist-packages:${PYTHONPATH} /usr/bin/cmake --build /home/chen/sentry_try/sentry_ws/build/livox_to_scan -- -j16 -l16
[10.945s] Invoking command in '/home/chen/sentry_try/sentry_ws/build/livox_to_scan': AMENT_PREFIX_PATH=/home/chen/sentry_try/sentry_ws/install/livox_ros_driver2:${AMENT_PREFIX_PATH} CMAKE_PREFIX_PATH=/home/chen/sentry_try/sentry_ws/install/livox_ros_driver2:/opt/ros/humble LD_LIBRARY_PATH=/home/chen/sentry_try/sentry_ws/install/livox_ros_driver2/lib:${LD_LIBRARY_PATH} PYTHONPATH=/home/chen/sentry_try/sentry_ws/install/livox_ros_driver2/local/lib/python3.10/dist-packages:${PYTHONPATH} /usr/bin/cmake --install /home/chen/sentry_try/sentry_ws/build/livox_to_scan
[10.951s] -- Install configuration: "Release"
[10.952s] -- Installing: /home/chen/sentry_try/sentry_ws/install/livox_to_scan/lib/livox_to_scan/livox_to_scan_node
[10.953s] -- Set runtime path of "/home/chen/sentry_try/sentry_ws/install/livox_to_scan/lib/livox_to_scan/livox_to_scan_node" to ""
[10.953s] -- Up-to-date: /home/chen/sentry_try/sentry_ws/install/livox_to_scan/share/livox_to_scan//config
[10.953s] -- Up-to-date: /home/chen/sentry_try/sentry_ws/install/livox_to_scan/share/livox_to_scan//config/livox_to_scan_params.yaml
[10.953s] -- Up-to-date: /home/chen/sentry_try/sentry_ws/install/livox_to_scan/share/ament_index/resource_index/package_run_dependencies/livox_to_scan
[10.953s] -- Installing: /home/chen/sentry_try/sentry_ws/install/livox_to_scan/share/ament_index/resource_index/parent_prefix_path/livox_to_scan
[10.953s] -- Up-to-date: /home/chen/sentry_try/sentry_ws/install/livox_to_scan/share/livox_to_scan/environment/ament_prefix_path.sh
[10.953s] -- Installing: /home/chen/sentry_try/sentry_ws/install/livox_to_scan/share/livox_to_scan/environment/ament_prefix_path.dsv
[10.953s] -- Up-to-date: /home/chen/sentry_try/sentry_ws/install/livox_to_scan/share/livox_to_scan/environment/path.sh
[10.954s] -- Installing: /home/chen/sentry_try/sentry_ws/install/livox_to_scan/share/livox_to_scan/environment/path.dsv
[10.954s] -- Up-to-date: /home/chen/sentry_try/sentry_ws/install/livox_to_scan/share/livox_to_scan/local_setup.bash
[10.954s] -- Up-to-date: /home/chen/sentry_try/sentry_ws/install/livox_to_scan/share/livox_to_scan/local_setup.sh
[10.954s] -- Up-to-date: /home/chen/sentry_try/sentry_ws/install/livox_to_scan/share/livox_to_scan/local_setup.zsh
[10.954s] -- Installing: /home/chen/sentry_try/sentry_ws/install/livox_to_scan/share/livox_to_scan/local_setup.dsv
[10.954s] -- Installing: /home/chen/sentry_try/sentry_ws/install/livox_to_scan/share/livox_to_scan/package.dsv
[10.954s] -- Up-to-date: /home/chen/sentry_try/sentry_ws/install/livox_to_scan/share/ament_index/resource_index/packages/livox_to_scan
[10.954s] -- Up-to-date: /home/chen/sentry_try/sentry_ws/install/livox_to_scan/share/livox_to_scan/cmake/livox_to_scanConfig.cmake
[10.954s] -- Up-to-date: /home/chen/sentry_try/sentry_ws/install/livox_to_scan/share/livox_to_scan/cmake/livox_to_scanConfig-version.cmake
[10.954s] -- Up-to-date: /home/chen/sentry_try/sentry_ws/install/livox_to_scan/share/livox_to_scan/package.xml
[10.955s] Invoked command in '/home/chen/sentry_try/sentry_ws/build/livox_to_scan' returned '0': AMENT_PREFIX_PATH=/home/chen/sentry_try/sentry_ws/install/livox_ros_driver2:${AMENT_PREFIX_PATH} CMAKE_PREFIX_PATH=/home/chen/sentry_try/sentry_ws/install/livox_ros_driver2:/opt/ros/humble LD_LIBRARY_PATH=/home/chen/sentry_try/sentry_ws/install/livox_ros_driver2/lib:${LD_LIBRARY_PATH} PYTHONPATH=/home/chen/sentry_try/sentry_ws/install/livox_ros_driver2/local/lib/python3.10/dist-packages:${PYTHONPATH} /usr/bin/cmake --install /home/chen/sentry_try/sentry_ws/build/livox_to_scan
