[0.009s] Invoking command in '/home/chen/sentry_try/sentry_ws/build/bringup': CMAKE_PREFIX_PATH=/opt/ros/humble /usr/bin/cmake --build /home/chen/sentry_try/sentry_ws/build/bringup -- -j16 -l16
[0.027s] -- Found ament_cmake: 1.3.14 (/opt/ros/humble/share/ament_cmake/cmake)
[0.153s] -- Configuring done
[0.155s] -- Generating done
[0.157s] -- Build files have been written to: /home/chen/sentry_try/sentry_ws/build/bringup
[0.176s] Invoked command in '/home/chen/sentry_try/sentry_ws/build/bringup' returned '0': CMAKE_PREFIX_PATH=/opt/ros/humble /usr/bin/cmake --build /home/chen/sentry_try/sentry_ws/build/bringup -- -j16 -l16
[0.185s] Invoking command in '/home/chen/sentry_try/sentry_ws/build/bringup': CMAKE_PREFIX_PATH=/opt/ros/humble /usr/bin/cmake --install /home/chen/sentry_try/sentry_ws/build/bringup
[0.192s] -- Install configuration: ""
[0.192s] -- Up-to-date: /home/chen/sentry_try/sentry_ws/install/bringup/share/bringup/config
[0.192s] -- Installing: /home/chen/sentry_try/sentry_ws/install/bringup/share/bringup/config/lidar.yaml
[0.192s] -- Installing: /home/chen/sentry_try/sentry_ws/install/bringup/share/bringup/config/nav2_params.yaml
[0.192s] -- Installing: /home/chen/sentry_try/sentry_ws/install/bringup/share/bringup/config/loc_start_pose.yaml
[0.192s] -- Up-to-date: /home/chen/sentry_try/sentry_ws/install/bringup/share/bringup/launch
[0.192s] -- Installing: /home/chen/sentry_try/sentry_ws/install/bringup/share/bringup/launch/monitored_start.launch.py
[0.192s] -- Up-to-date: /home/chen/sentry_try/sentry_ws/install/bringup/share/ament_index/resource_index/package_run_dependencies/bringup
[0.193s] -- Up-to-date: /home/chen/sentry_try/sentry_ws/install/bringup/share/ament_index/resource_index/parent_prefix_path/bringup
[0.193s] -- Up-to-date: /home/chen/sentry_try/sentry_ws/install/bringup/share/bringup/environment/ament_prefix_path.sh
[0.193s] -- Installing: /home/chen/sentry_try/sentry_ws/install/bringup/share/bringup/environment/ament_prefix_path.dsv
[0.193s] -- Up-to-date: /home/chen/sentry_try/sentry_ws/install/bringup/share/bringup/environment/path.sh
[0.193s] -- Installing: /home/chen/sentry_try/sentry_ws/install/bringup/share/bringup/environment/path.dsv
[0.193s] -- Up-to-date: /home/chen/sentry_try/sentry_ws/install/bringup/share/bringup/local_setup.bash
[0.193s] -- Up-to-date: /home/chen/sentry_try/sentry_ws/install/bringup/share/bringup/local_setup.sh
[0.193s] -- Up-to-date: /home/chen/sentry_try/sentry_ws/install/bringup/share/bringup/local_setup.zsh
[0.193s] -- Installing: /home/chen/sentry_try/sentry_ws/install/bringup/share/bringup/local_setup.dsv
[0.193s] -- Installing: /home/chen/sentry_try/sentry_ws/install/bringup/share/bringup/package.dsv
[0.193s] -- Up-to-date: /home/chen/sentry_try/sentry_ws/install/bringup/share/ament_index/resource_index/packages/bringup
[0.193s] -- Up-to-date: /home/chen/sentry_try/sentry_ws/install/bringup/share/bringup/cmake/bringupConfig.cmake
[0.193s] -- Up-to-date: /home/chen/sentry_try/sentry_ws/install/bringup/share/bringup/cmake/bringupConfig-version.cmake
[0.193s] -- Installing: /home/chen/sentry_try/sentry_ws/install/bringup/share/bringup/package.xml
[0.195s] Invoked command in '/home/chen/sentry_try/sentry_ws/build/bringup' returned '0': CMAKE_PREFIX_PATH=/opt/ros/humble /usr/bin/cmake --install /home/chen/sentry_try/sentry_ws/build/bringup
