[35m[1mConsolidate compiler generated dependencies of target livox_interfaces2__rosidl_generator_c[0m
[  5%] Built target livox_interfaces2__cpp
[  6%] Built target livox_interfaces2__rs
[ 10%] Built target livox_interfaces2__rosidl_generator_c
[ 12%] [32mBuilding CXX object CMakeFiles/livox_ros_driver2_node.dir/rclcpp_components/node_main_livox_ros_driver2_node.cpp.o[0m
[ 12%] Built target ament_cmake_python_copy_livox_ros_driver2
[35m[1mConsolidate compiler generated dependencies of target livox_interfaces2__rosidl_typesupport_fastrtps_cpp[0m
[35m[1mConsolidate compiler generated dependencies of target livox_interfaces2__rosidl_typesupport_cpp[0m
[35m[1mConsolidate compiler generated dependencies of target livox_interfaces2__rosidl_typesupport_introspection_cpp[0m
[ 18%] Built target livox_interfaces2__rosidl_typesupport_fastrtps_cpp
[35m[1mConsolidate compiler generated dependencies of target livox_interfaces2__rosidl_typesupport_introspection_c[0m
[ 25%] Built target livox_interfaces2__rosidl_typesupport_cpp
[35m[1mConsolidate compiler generated dependencies of target livox_interfaces2__rosidl_typesupport_fastrtps_c[0m
[35m[1mConsolidate compiler generated dependencies of target livox_interfaces2__rosidl_typesupport_c[0m
[ 32%] Built target livox_interfaces2__rosidl_typesupport_introspection_cpp
[ 39%] Built target livox_interfaces2__rosidl_typesupport_introspection_c
[ 46%] Built target livox_interfaces2__rosidl_typesupport_c
[ 53%] Built target livox_interfaces2__rosidl_typesupport_fastrtps_c
[35m[1mConsolidate compiler generated dependencies of target livox_ros_driver2[0m
[ 53%] Built target livox_interfaces2
[ 55%] Built target livox_interfaces2__py
[35m[1mConsolidate compiler generated dependencies of target livox_interfaces2__rosidl_generator_py[0m
[ 58%] [32mBuilding CXX object CMakeFiles/livox_ros_driver2.dir/src/livox_ros_driver2.cpp.o[0m
[ 58%] [32mBuilding CXX object CMakeFiles/livox_ros_driver2.dir/src/lddc.cpp.o[0m
[ 60%] [32mBuilding CXX object CMakeFiles/livox_ros_driver2.dir/src/driver_node.cpp.o[0m
[ 65%] Built target livox_interfaces2__rosidl_generator_py
[35m[1mConsolidate compiler generated dependencies of target livox_ros_driver2__rosidl_typesupport_fastrtps_c__pyext[0m
[35m[1mConsolidate compiler generated dependencies of target livox_ros_driver2__rosidl_typesupport_c__pyext[0m
[35m[1mConsolidate compiler generated dependencies of target livox_ros_driver2__rosidl_typesupport_introspection_c__pyext[0m
[ 75%] Built target livox_ros_driver2__rosidl_typesupport_fastrtps_c__pyext
[ 75%] Built target livox_ros_driver2__rosidl_typesupport_c__pyext
[ 75%] Built target livox_ros_driver2__rosidl_typesupport_introspection_c__pyext
running egg_info
writing livox_ros_driver2.egg-info/PKG-INFO
writing dependency_links to livox_ros_driver2.egg-info/dependency_links.txt
writing top-level names to livox_ros_driver2.egg-info/top_level.txt
reading manifest file 'livox_ros_driver2.egg-info/SOURCES.txt'
writing manifest file 'livox_ros_driver2.egg-info/SOURCES.txt'
[ 75%] Built target ament_cmake_python_build_livox_ros_driver2_egg
