[0.036s] Invoking command in '/home/chen/sentry_try/sentry_ws/build/livox_ros_driver2': CMAKE_PREFIX_PATH=/opt/ros/humble /usr/bin/cmake --build /home/chen/sentry_try/sentry_ws/build/livox_ros_driver2 -- -j16 -l16
[0.119s] [35m[1mConsolidate compiler generated dependencies of target livox_interfaces2__rosidl_generator_c[0m
[0.137s] [  5%] Built target livox_interfaces2__cpp
[0.138s] [  6%] Built target livox_interfaces2__rs
[0.138s] [ 10%] Built target livox_interfaces2__rosidl_generator_c
[0.161s] [ 12%] [32mBuilding CXX object CMakeFiles/livox_ros_driver2_node.dir/rclcpp_components/node_main_livox_ros_driver2_node.cpp.o[0m
[0.165s] [ 12%] Built target ament_cmake_python_copy_livox_ros_driver2
[0.166s] [35m[1mConsolidate compiler generated dependencies of target livox_interfaces2__rosidl_typesupport_fastrtps_cpp[0m
[0.168s] [35m[1mConsolidate compiler generated dependencies of target livox_interfaces2__rosidl_typesupport_cpp[0m
[0.177s] [35m[1mConsolidate compiler generated dependencies of target livox_interfaces2__rosidl_typesupport_introspection_cpp[0m
[0.177s] [ 18%] Built target livox_interfaces2__rosidl_typesupport_fastrtps_cpp
[0.179s] [35m[1mConsolidate compiler generated dependencies of target livox_interfaces2__rosidl_typesupport_introspection_c[0m
[0.180s] [ 25%] Built target livox_interfaces2__rosidl_typesupport_cpp
[0.182s] [35m[1mConsolidate compiler generated dependencies of target livox_interfaces2__rosidl_typesupport_fastrtps_c[0m
[0.182s] [35m[1mConsolidate compiler generated dependencies of target livox_interfaces2__rosidl_typesupport_c[0m
[0.192s] [ 32%] Built target livox_interfaces2__rosidl_typesupport_introspection_cpp
[0.194s] [ 39%] Built target livox_interfaces2__rosidl_typesupport_introspection_c
[0.196s] [ 46%] Built target livox_interfaces2__rosidl_typesupport_c
[0.202s] [ 53%] Built target livox_interfaces2__rosidl_typesupport_fastrtps_c
[0.223s] [35m[1mConsolidate compiler generated dependencies of target livox_ros_driver2[0m
[0.229s] [ 53%] Built target livox_interfaces2
[0.253s] [ 55%] Built target livox_interfaces2__py
[0.275s] [35m[1mConsolidate compiler generated dependencies of target livox_interfaces2__rosidl_generator_py[0m
[0.275s] [ 58%] [32mBuilding CXX object CMakeFiles/livox_ros_driver2.dir/src/livox_ros_driver2.cpp.o[0m
[0.275s] [ 58%] [32mBuilding CXX object CMakeFiles/livox_ros_driver2.dir/src/lddc.cpp.o[0m
[0.276s] [ 60%] [32mBuilding CXX object CMakeFiles/livox_ros_driver2.dir/src/driver_node.cpp.o[0m
[0.289s] [ 65%] Built target livox_interfaces2__rosidl_generator_py
[0.313s] [35m[1mConsolidate compiler generated dependencies of target livox_ros_driver2__rosidl_typesupport_fastrtps_c__pyext[0m
[0.313s] [35m[1mConsolidate compiler generated dependencies of target livox_ros_driver2__rosidl_typesupport_c__pyext[0m
[0.315s] [35m[1mConsolidate compiler generated dependencies of target livox_ros_driver2__rosidl_typesupport_introspection_c__pyext[0m
[0.331s] [ 75%] Built target livox_ros_driver2__rosidl_typesupport_fastrtps_c__pyext
[0.331s] [ 75%] Built target livox_ros_driver2__rosidl_typesupport_c__pyext
[0.331s] [ 75%] Built target livox_ros_driver2__rosidl_typesupport_introspection_c__pyext
[0.421s] running egg_info
[0.423s] writing livox_ros_driver2.egg-info/PKG-INFO
[0.423s] writing dependency_links to livox_ros_driver2.egg-info/dependency_links.txt
[0.423s] writing top-level names to livox_ros_driver2.egg-info/top_level.txt
[0.427s] reading manifest file 'livox_ros_driver2.egg-info/SOURCES.txt'
[0.428s] writing manifest file 'livox_ros_driver2.egg-info/SOURCES.txt'
[0.480s] [ 75%] Built target ament_cmake_python_build_livox_ros_driver2_egg
